20210411 051555.170 INFO             PET0 !!!!!!!!!!!!!!!!!!!!!!!!!!!!!!!!!!!!!!!!!!!!!!!!!!!!!!
20210411 051555.170 INFO             PET0 !!! THE ESMF_LOG IS SET TO OUTPUT ALL LOG MESSAGES !!!
20210411 051555.170 INFO             PET0 !!!     THIS MAY CAUSE SLOWDOWN IN PERFORMANCE     !!!
20210411 051555.170 INFO             PET0 !!! FOR PRODUCTION RUNS, USE:                      !!!
20210411 051555.170 INFO             PET0 !!!                   ESMF_LOGKIND_Multi_On_Error  !!!
20210411 051555.170 INFO             PET0 !!!!!!!!!!!!!!!!!!!!!!!!!!!!!!!!!!!!!!!!!!!!!!!!!!!!!!
20210411 051555.170 INFO             PET0 Running with ESMF Version   : 8.2.0 beta snapshot
20210411 051555.170 INFO             PET0 ESMF library build date/time: "Apr 11 2021" "04:18:18"
20210411 051555.170 INFO             PET0 ESMF library build location : /lustre/f2/dev/ncep/Mark.Potts/gfortran_8.3.0_mpiuni_O
20210411 051555.170 INFO             PET0 ESMF_COMM                   : mpiuni
20210411 051555.171 INFO             PET0 ESMF_MOAB                   : enabled
20210411 051555.171 INFO             PET0 ESMF_LAPACK                 : enabled
20210411 051555.171 INFO             PET0 ESMF_NETCDF                 : enabled
20210411 051555.171 INFO             PET0 ESMF_PNETCDF                : disabled
20210411 051555.171 INFO             PET0 ESMF_PIO                    : disabled
20210411 051555.171 INFO             PET0 ESMF_YAMLCPP                : enabled
20210411 051555.173 INFO             PET0 ESMF_FieldRedistStoreNF(): Just entered routine.
20210411 051555.266 INFO             PET0 ESMF_FieldRedistStoreNF(): Leaving routine.
20210411 051555.274 INFO             PET0  NUMBER_OF_PROCESSORS           1
20210411 051555.274 INFO             PET0  PASS  Example ESMF_RHandleFromFileEx, ESMF_RHandleFromFileEx.F90, line 192
20210411 051555.274 INFO             PET0 Finalizing ESMF
