20210308 013108.830 INFO             PET0 !!!!!!!!!!!!!!!!!!!!!!!!!!!!!!!!!!!!!!!!!!!!!!!!!!!!!!
20210308 013108.830 INFO             PET0 !!! THE ESMF_LOG IS SET TO OUTPUT ALL LOG MESSAGES !!!
20210308 013108.830 INFO             PET0 !!!     THIS MAY CAUSE SLOWDOWN IN PERFORMANCE     !!!
20210308 013108.830 INFO             PET0 !!! FOR PRODUCTION RUNS, USE:                      !!!
20210308 013108.830 INFO             PET0 !!!                   ESMF_LOGKIND_Multi_On_Error  !!!
20210308 013108.830 INFO             PET0 !!!!!!!!!!!!!!!!!!!!!!!!!!!!!!!!!!!!!!!!!!!!!!!!!!!!!!
20210308 013108.830 INFO             PET0 Running with ESMF Version   : ESMF_8_1_0_beta_snapshot_47-22-gffbbe5951e
20210308 013108.830 INFO             PET0 ESMF library build date/time: "Mar  8 2021" "01:05:05"
20210308 013108.830 INFO             PET0 ESMF library build location : /gpfsm/dnb04/projects/p98/mpotts/esmf/gfortran_10.1.0_intelmpi_g
20210308 013108.830 INFO             PET0 ESMF_COMM                   : intelmpi
20210308 013108.830 INFO             PET0 ESMF_MOAB                   : enabled
20210308 013108.830 INFO             PET0 ESMF_LAPACK                 : enabled
20210308 013108.830 INFO             PET0 ESMF_NETCDF                 : disabled
20210308 013108.830 INFO             PET0 ESMF_PNETCDF                : disabled
20210308 013108.830 INFO             PET0 ESMF_PIO                    : enabled
20210308 013108.830 INFO             PET0 ESMF_YAMLCPP                : enabled
20210308 013108.846 INFO             PET0  NUMBER_OF_PROCESSORS           4
20210308 013108.846 INFO             PET0  PASS  Example ESMF_VMUserMpiCommMultiEx, ESMF_VMUserMpiCommMultiEx.F90, line 126
20210308 013108.846 INFO             PET0 Finalizing ESMF
20210308 013108.828 INFO             PET0 !!!!!!!!!!!!!!!!!!!!!!!!!!!!!!!!!!!!!!!!!!!!!!!!!!!!!!
20210308 013108.828 INFO             PET0 !!! THE ESMF_LOG IS SET TO OUTPUT ALL LOG MESSAGES !!!
20210308 013108.828 INFO             PET0 !!!     THIS MAY CAUSE SLOWDOWN IN PERFORMANCE     !!!
20210308 013108.828 INFO             PET0 !!! FOR PRODUCTION RUNS, USE:                      !!!
20210308 013108.828 INFO             PET0 !!!                   ESMF_LOGKIND_Multi_On_Error  !!!
20210308 013108.828 INFO             PET0 !!!!!!!!!!!!!!!!!!!!!!!!!!!!!!!!!!!!!!!!!!!!!!!!!!!!!!
20210308 013108.828 INFO             PET0 Running with ESMF Version   : ESMF_8_1_0_beta_snapshot_47-22-gffbbe5951e
20210308 013108.828 INFO             PET0 ESMF library build date/time: "Mar  8 2021" "01:05:05"
20210308 013108.828 INFO             PET0 ESMF library build location : /gpfsm/dnb04/projects/p98/mpotts/esmf/gfortran_10.1.0_intelmpi_g
20210308 013108.828 INFO             PET0 ESMF_COMM                   : intelmpi
20210308 013108.828 INFO             PET0 ESMF_MOAB                   : enabled
20210308 013108.828 INFO             PET0 ESMF_LAPACK                 : enabled
20210308 013108.828 INFO             PET0 ESMF_NETCDF                 : disabled
20210308 013108.828 INFO             PET0 ESMF_PNETCDF                : disabled
20210308 013108.828 INFO             PET0 ESMF_PIO                    : enabled
20210308 013108.828 INFO             PET0 ESMF_YAMLCPP                : enabled
20210308 013108.828 INFO             PET0  NUMBER_OF_PROCESSORS           4
20210308 013108.828 INFO             PET0  PASS  Example ESMF_VMUserMpiCommMultiEx, ESMF_VMUserMpiCommMultiEx.F90, line 154
20210308 013108.828 INFO             PET0 Finalizing ESMF
20210308 013108.842 INFO             PET1 !!!!!!!!!!!!!!!!!!!!!!!!!!!!!!!!!!!!!!!!!!!!!!!!!!!!!!
20210308 013108.843 INFO             PET1 !!! THE ESMF_LOG IS SET TO OUTPUT ALL LOG MESSAGES !!!
20210308 013108.843 INFO             PET1 !!!     THIS MAY CAUSE SLOWDOWN IN PERFORMANCE     !!!
20210308 013108.843 INFO             PET1 !!! FOR PRODUCTION RUNS, USE:                      !!!
20210308 013108.843 INFO             PET1 !!!                   ESMF_LOGKIND_Multi_On_Error  !!!
20210308 013108.843 INFO             PET1 !!!!!!!!!!!!!!!!!!!!!!!!!!!!!!!!!!!!!!!!!!!!!!!!!!!!!!
20210308 013108.843 INFO             PET1 Running with ESMF Version   : ESMF_8_1_0_beta_snapshot_47-22-gffbbe5951e
20210308 013108.843 INFO             PET1 ESMF library build date/time: "Mar  8 2021" "01:05:05"
20210308 013108.843 INFO             PET1 ESMF library build location : /gpfsm/dnb04/projects/p98/mpotts/esmf/gfortran_10.1.0_intelmpi_g
20210308 013108.843 INFO             PET1 ESMF_COMM                   : intelmpi
20210308 013108.843 INFO             PET1 ESMF_MOAB                   : enabled
20210308 013108.843 INFO             PET1 ESMF_LAPACK                 : enabled
20210308 013108.843 INFO             PET1 ESMF_NETCDF                 : disabled
20210308 013108.843 INFO             PET1 ESMF_PNETCDF                : disabled
20210308 013108.843 INFO             PET1 ESMF_PIO                    : enabled
20210308 013108.843 INFO             PET1 ESMF_YAMLCPP                : enabled
20210308 013108.846 INFO             PET1  NUMBER_OF_PROCESSORS           4
20210308 013108.846 INFO             PET1  PASS  Example ESMF_VMUserMpiCommMultiEx, ESMF_VMUserMpiCommMultiEx.F90, line 126
20210308 013108.846 INFO             PET1 Finalizing ESMF
20210308 013108.827 INFO             PET1 !!!!!!!!!!!!!!!!!!!!!!!!!!!!!!!!!!!!!!!!!!!!!!!!!!!!!!
20210308 013108.827 INFO             PET1 !!! THE ESMF_LOG IS SET TO OUTPUT ALL LOG MESSAGES !!!
20210308 013108.827 INFO             PET1 !!!     THIS MAY CAUSE SLOWDOWN IN PERFORMANCE     !!!
20210308 013108.827 INFO             PET1 !!! FOR PRODUCTION RUNS, USE:                      !!!
20210308 013108.827 INFO             PET1 !!!                   ESMF_LOGKIND_Multi_On_Error  !!!
20210308 013108.827 INFO             PET1 !!!!!!!!!!!!!!!!!!!!!!!!!!!!!!!!!!!!!!!!!!!!!!!!!!!!!!
20210308 013108.827 INFO             PET1 Running with ESMF Version   : ESMF_8_1_0_beta_snapshot_47-22-gffbbe5951e
20210308 013108.827 INFO             PET1 ESMF library build date/time: "Mar  8 2021" "01:05:05"
20210308 013108.827 INFO             PET1 ESMF library build location : /gpfsm/dnb04/projects/p98/mpotts/esmf/gfortran_10.1.0_intelmpi_g
20210308 013108.827 INFO             PET1 ESMF_COMM                   : intelmpi
20210308 013108.828 INFO             PET1 ESMF_MOAB                   : enabled
20210308 013108.828 INFO             PET1 ESMF_LAPACK                 : enabled
20210308 013108.828 INFO             PET1 ESMF_NETCDF                 : disabled
20210308 013108.828 INFO             PET1 ESMF_PNETCDF                : disabled
20210308 013108.828 INFO             PET1 ESMF_PIO                    : enabled
20210308 013108.828 INFO             PET1 ESMF_YAMLCPP                : enabled
20210308 013108.828 INFO             PET1  NUMBER_OF_PROCESSORS           4
20210308 013108.828 INFO             PET1  PASS  Example ESMF_VMUserMpiCommMultiEx, ESMF_VMUserMpiCommMultiEx.F90, line 154
20210308 013108.828 INFO             PET1 Finalizing ESMF
