20210311 091025.992 INFO             PET0 !!!!!!!!!!!!!!!!!!!!!!!!!!!!!!!!!!!!!!!!!!!!!!!!!!!!!!
20210311 091025.992 INFO             PET0 !!! THE ESMF_LOG IS SET TO OUTPUT ALL LOG MESSAGES !!!
20210311 091025.992 INFO             PET0 !!!     THIS MAY CAUSE SLOWDOWN IN PERFORMANCE     !!!
20210311 091025.992 INFO             PET0 !!! FOR PRODUCTION RUNS, USE:                      !!!
20210311 091025.992 INFO             PET0 !!!                   ESMF_LOGKIND_Multi_On_Error  !!!
20210311 091025.992 INFO             PET0 !!!!!!!!!!!!!!!!!!!!!!!!!!!!!!!!!!!!!!!!!!!!!!!!!!!!!!
20210311 091025.992 INFO             PET0 Running with ESMF Version   : ESMF_8_1_0_beta_snapshot_47-25-gf739bcbdd5
20210311 091025.992 INFO             PET0 ESMF library build date/time: "Mar 11 2021" "08:47:36"
20210311 091025.992 INFO             PET0 ESMF library build location : /gpfsm/dnb04/projects/p98/mpotts/esmf/intel_2020_mpt_O
20210311 091025.992 INFO             PET0 ESMF_COMM                   : mpt
20210311 091026.003 INFO             PET0 ESMF_MOAB                   : enabled
20210311 091026.003 INFO             PET0 ESMF_LAPACK                 : enabled
20210311 091026.003 INFO             PET0 ESMF_NETCDF                 : enabled
20210311 091026.003 INFO             PET0 ESMF_PNETCDF                : disabled
20210311 091026.003 INFO             PET0 ESMF_PIO                    : enabled
20210311 091026.003 INFO             PET0 ESMF_YAMLCPP                : enabled
20210311 091026.003 INFO             PET0  NUMBER_OF_PROCESSORS           4
20210311 091026.003 INFO             PET0  PASS  Example ESMF_VMUserMpiCommMultiEx, ESMF_VMUserMpiCommMultiEx.F90, line 126
20210311 091026.003 INFO             PET0 Finalizing ESMF
20210311 091025.976 INFO             PET0 !!!!!!!!!!!!!!!!!!!!!!!!!!!!!!!!!!!!!!!!!!!!!!!!!!!!!!
20210311 091025.976 INFO             PET0 !!! THE ESMF_LOG IS SET TO OUTPUT ALL LOG MESSAGES !!!
20210311 091025.976 INFO             PET0 !!!     THIS MAY CAUSE SLOWDOWN IN PERFORMANCE     !!!
20210311 091025.976 INFO             PET0 !!! FOR PRODUCTION RUNS, USE:                      !!!
20210311 091025.976 INFO             PET0 !!!                   ESMF_LOGKIND_Multi_On_Error  !!!
20210311 091025.976 INFO             PET0 !!!!!!!!!!!!!!!!!!!!!!!!!!!!!!!!!!!!!!!!!!!!!!!!!!!!!!
20210311 091025.976 INFO             PET0 Running with ESMF Version   : ESMF_8_1_0_beta_snapshot_47-25-gf739bcbdd5
20210311 091025.976 INFO             PET0 ESMF library build date/time: "Mar 11 2021" "08:47:36"
20210311 091025.976 INFO             PET0 ESMF library build location : /gpfsm/dnb04/projects/p98/mpotts/esmf/intel_2020_mpt_O
20210311 091025.976 INFO             PET0 ESMF_COMM                   : mpt
20210311 091025.977 INFO             PET0 ESMF_MOAB                   : enabled
20210311 091025.977 INFO             PET0 ESMF_LAPACK                 : enabled
20210311 091025.977 INFO             PET0 ESMF_NETCDF                 : enabled
20210311 091025.977 INFO             PET0 ESMF_PNETCDF                : disabled
20210311 091025.977 INFO             PET0 ESMF_PIO                    : enabled
20210311 091025.977 INFO             PET0 ESMF_YAMLCPP                : enabled
20210311 091025.992 INFO             PET0  NUMBER_OF_PROCESSORS           4
20210311 091025.992 INFO             PET0  PASS  Example ESMF_VMUserMpiCommMultiEx, ESMF_VMUserMpiCommMultiEx.F90, line 154
20210311 091025.992 INFO             PET0 Finalizing ESMF
20210311 091025.976 INFO             PET1 !!!!!!!!!!!!!!!!!!!!!!!!!!!!!!!!!!!!!!!!!!!!!!!!!!!!!!
20210311 091025.976 INFO             PET1 !!! THE ESMF_LOG IS SET TO OUTPUT ALL LOG MESSAGES !!!
20210311 091025.976 INFO             PET1 !!!     THIS MAY CAUSE SLOWDOWN IN PERFORMANCE     !!!
20210311 091025.976 INFO             PET1 !!! FOR PRODUCTION RUNS, USE:                      !!!
20210311 091025.976 INFO             PET1 !!!                   ESMF_LOGKIND_Multi_On_Error  !!!
20210311 091025.976 INFO             PET1 !!!!!!!!!!!!!!!!!!!!!!!!!!!!!!!!!!!!!!!!!!!!!!!!!!!!!!
20210311 091025.976 INFO             PET1 Running with ESMF Version   : ESMF_8_1_0_beta_snapshot_47-25-gf739bcbdd5
20210311 091025.976 INFO             PET1 ESMF library build date/time: "Mar 11 2021" "08:47:36"
20210311 091025.976 INFO             PET1 ESMF library build location : /gpfsm/dnb04/projects/p98/mpotts/esmf/intel_2020_mpt_O
20210311 091025.976 INFO             PET1 ESMF_COMM                   : mpt
20210311 091025.976 INFO             PET1 ESMF_MOAB                   : enabled
20210311 091025.977 INFO             PET1 ESMF_LAPACK                 : enabled
20210311 091025.977 INFO             PET1 ESMF_NETCDF                 : enabled
20210311 091025.977 INFO             PET1 ESMF_PNETCDF                : disabled
20210311 091025.977 INFO             PET1 ESMF_PIO                    : enabled
20210311 091025.977 INFO             PET1 ESMF_YAMLCPP                : enabled
20210311 091026.027 INFO             PET1  NUMBER_OF_PROCESSORS           4
20210311 091026.027 INFO             PET1  PASS  Example ESMF_VMUserMpiCommMultiEx, ESMF_VMUserMpiCommMultiEx.F90, line 126
20210311 091026.027 INFO             PET1 Finalizing ESMF
20210311 091025.991 INFO             PET1 !!!!!!!!!!!!!!!!!!!!!!!!!!!!!!!!!!!!!!!!!!!!!!!!!!!!!!
20210311 091025.991 INFO             PET1 !!! THE ESMF_LOG IS SET TO OUTPUT ALL LOG MESSAGES !!!
20210311 091025.991 INFO             PET1 !!!     THIS MAY CAUSE SLOWDOWN IN PERFORMANCE     !!!
20210311 091025.991 INFO             PET1 !!! FOR PRODUCTION RUNS, USE:                      !!!
20210311 091025.991 INFO             PET1 !!!                   ESMF_LOGKIND_Multi_On_Error  !!!
20210311 091025.991 INFO             PET1 !!!!!!!!!!!!!!!!!!!!!!!!!!!!!!!!!!!!!!!!!!!!!!!!!!!!!!
20210311 091025.991 INFO             PET1 Running with ESMF Version   : ESMF_8_1_0_beta_snapshot_47-25-gf739bcbdd5
20210311 091025.991 INFO             PET1 ESMF library build date/time: "Mar 11 2021" "08:47:36"
20210311 091025.991 INFO             PET1 ESMF library build location : /gpfsm/dnb04/projects/p98/mpotts/esmf/intel_2020_mpt_O
20210311 091025.991 INFO             PET1 ESMF_COMM                   : mpt
20210311 091025.992 INFO             PET1 ESMF_MOAB                   : enabled
20210311 091025.992 INFO             PET1 ESMF_LAPACK                 : enabled
20210311 091025.992 INFO             PET1 ESMF_NETCDF                 : enabled
20210311 091025.992 INFO             PET1 ESMF_PNETCDF                : disabled
20210311 091025.992 INFO             PET1 ESMF_PIO                    : enabled
20210311 091025.992 INFO             PET1 ESMF_YAMLCPP                : enabled
20210311 091026.003 INFO             PET1  NUMBER_OF_PROCESSORS           4
20210311 091026.003 INFO             PET1  PASS  Example ESMF_VMUserMpiCommMultiEx, ESMF_VMUserMpiCommMultiEx.F90, line 154
20210311 091026.003 INFO             PET1 Finalizing ESMF
