20210304 221318.284 INFO             PET0 !!!!!!!!!!!!!!!!!!!!!!!!!!!!!!!!!!!!!!!!!!!!!!!!!!!!!!
20210304 221318.284 INFO             PET0 !!! THE ESMF_LOG IS SET TO OUTPUT ALL LOG MESSAGES !!!
20210304 221318.284 INFO             PET0 !!!     THIS MAY CAUSE SLOWDOWN IN PERFORMANCE     !!!
20210304 221318.284 INFO             PET0 !!! FOR PRODUCTION RUNS, USE:                      !!!
20210304 221318.284 INFO             PET0 !!!                   ESMF_LOGKIND_Multi_On_Error  !!!
20210304 221318.284 INFO             PET0 !!!!!!!!!!!!!!!!!!!!!!!!!!!!!!!!!!!!!!!!!!!!!!!!!!!!!!
20210304 221318.284 INFO             PET0 Running with ESMF Version   : 8.1.0 beta snapshot
20210304 221318.284 INFO             PET0 ESMF library build date/time: "Mar  4 2021" "21:30:01"
20210304 221318.284 INFO             PET0 ESMF library build location : /lustre/f2/dev/ncep/Mark.Potts/intel_2019.5_mpi_g
20210304 221318.284 INFO             PET0 ESMF_COMM                   : mpi
20210304 221318.285 INFO             PET0 ESMF_MOAB                   : enabled
20210304 221318.285 INFO             PET0 ESMF_LAPACK                 : enabled
20210304 221318.285 INFO             PET0 ESMF_NETCDF                 : enabled
20210304 221318.285 INFO             PET0 ESMF_PNETCDF                : disabled
20210304 221318.285 INFO             PET0 ESMF_PIO                    : enabled
20210304 221318.285 INFO             PET0 ESMF_YAMLCPP                : enabled
20210304 221318.325 INFO             PET0  NUMBER_OF_PROCESSORS           4
20210304 221318.325 INFO             PET0  PASS  Example ESMF_LocStreamEx, ESMF_LocStreamEx.F90, line 784
20210304 221318.325 INFO             PET0 Finalizing ESMF
20210304 221318.291 INFO             PET1 !!!!!!!!!!!!!!!!!!!!!!!!!!!!!!!!!!!!!!!!!!!!!!!!!!!!!!
20210304 221318.291 INFO             PET1 !!! THE ESMF_LOG IS SET TO OUTPUT ALL LOG MESSAGES !!!
20210304 221318.291 INFO             PET1 !!!     THIS MAY CAUSE SLOWDOWN IN PERFORMANCE     !!!
20210304 221318.291 INFO             PET1 !!! FOR PRODUCTION RUNS, USE:                      !!!
20210304 221318.291 INFO             PET1 !!!                   ESMF_LOGKIND_Multi_On_Error  !!!
20210304 221318.291 INFO             PET1 !!!!!!!!!!!!!!!!!!!!!!!!!!!!!!!!!!!!!!!!!!!!!!!!!!!!!!
20210304 221318.291 INFO             PET1 Running with ESMF Version   : 8.1.0 beta snapshot
20210304 221318.291 INFO             PET1 ESMF library build date/time: "Mar  4 2021" "21:30:01"
20210304 221318.291 INFO             PET1 ESMF library build location : /lustre/f2/dev/ncep/Mark.Potts/intel_2019.5_mpi_g
20210304 221318.291 INFO             PET1 ESMF_COMM                   : mpi
20210304 221318.292 INFO             PET1 ESMF_MOAB                   : enabled
20210304 221318.292 INFO             PET1 ESMF_LAPACK                 : enabled
20210304 221318.292 INFO             PET1 ESMF_NETCDF                 : enabled
20210304 221318.292 INFO             PET1 ESMF_PNETCDF                : disabled
20210304 221318.292 INFO             PET1 ESMF_PIO                    : enabled
20210304 221318.292 INFO             PET1 ESMF_YAMLCPP                : enabled
20210304 221318.325 INFO             PET1  NUMBER_OF_PROCESSORS           4
20210304 221318.325 INFO             PET1  PASS  Example ESMF_LocStreamEx, ESMF_LocStreamEx.F90, line 784
20210304 221318.325 INFO             PET1 Finalizing ESMF
20210304 221318.304 INFO             PET2 !!!!!!!!!!!!!!!!!!!!!!!!!!!!!!!!!!!!!!!!!!!!!!!!!!!!!!
20210304 221318.304 INFO             PET2 !!! THE ESMF_LOG IS SET TO OUTPUT ALL LOG MESSAGES !!!
20210304 221318.304 INFO             PET2 !!!     THIS MAY CAUSE SLOWDOWN IN PERFORMANCE     !!!
20210304 221318.304 INFO             PET2 !!! FOR PRODUCTION RUNS, USE:                      !!!
20210304 221318.304 INFO             PET2 !!!                   ESMF_LOGKIND_Multi_On_Error  !!!
20210304 221318.304 INFO             PET2 !!!!!!!!!!!!!!!!!!!!!!!!!!!!!!!!!!!!!!!!!!!!!!!!!!!!!!
20210304 221318.305 INFO             PET2 Running with ESMF Version   : 8.1.0 beta snapshot
20210304 221318.305 INFO             PET2 ESMF library build date/time: "Mar  4 2021" "21:30:01"
20210304 221318.305 INFO             PET2 ESMF library build location : /lustre/f2/dev/ncep/Mark.Potts/intel_2019.5_mpi_g
20210304 221318.305 INFO             PET2 ESMF_COMM                   : mpi
20210304 221318.306 INFO             PET2 ESMF_MOAB                   : enabled
20210304 221318.306 INFO             PET2 ESMF_LAPACK                 : enabled
20210304 221318.306 INFO             PET2 ESMF_NETCDF                 : enabled
20210304 221318.306 INFO             PET2 ESMF_PNETCDF                : disabled
20210304 221318.306 INFO             PET2 ESMF_PIO                    : enabled
20210304 221318.306 INFO             PET2 ESMF_YAMLCPP                : enabled
20210304 221318.325 INFO             PET2  NUMBER_OF_PROCESSORS           4
20210304 221318.325 INFO             PET2  PASS  Example ESMF_LocStreamEx, ESMF_LocStreamEx.F90, line 784
20210304 221318.325 INFO             PET2 Finalizing ESMF
20210304 221318.290 INFO             PET3 !!!!!!!!!!!!!!!!!!!!!!!!!!!!!!!!!!!!!!!!!!!!!!!!!!!!!!
20210304 221318.290 INFO             PET3 !!! THE ESMF_LOG IS SET TO OUTPUT ALL LOG MESSAGES !!!
20210304 221318.290 INFO             PET3 !!!     THIS MAY CAUSE SLOWDOWN IN PERFORMANCE     !!!
20210304 221318.290 INFO             PET3 !!! FOR PRODUCTION RUNS, USE:                      !!!
20210304 221318.290 INFO             PET3 !!!                   ESMF_LOGKIND_Multi_On_Error  !!!
20210304 221318.290 INFO             PET3 !!!!!!!!!!!!!!!!!!!!!!!!!!!!!!!!!!!!!!!!!!!!!!!!!!!!!!
20210304 221318.290 INFO             PET3 Running with ESMF Version   : 8.1.0 beta snapshot
20210304 221318.290 INFO             PET3 ESMF library build date/time: "Mar  4 2021" "21:30:01"
20210304 221318.290 INFO             PET3 ESMF library build location : /lustre/f2/dev/ncep/Mark.Potts/intel_2019.5_mpi_g
20210304 221318.290 INFO             PET3 ESMF_COMM                   : mpi
20210304 221318.291 INFO             PET3 ESMF_MOAB                   : enabled
20210304 221318.291 INFO             PET3 ESMF_LAPACK                 : enabled
20210304 221318.291 INFO             PET3 ESMF_NETCDF                 : enabled
20210304 221318.291 INFO             PET3 ESMF_PNETCDF                : disabled
20210304 221318.291 INFO             PET3 ESMF_PIO                    : enabled
20210304 221318.291 INFO             PET3 ESMF_YAMLCPP                : enabled
20210304 221318.325 INFO             PET3  NUMBER_OF_PROCESSORS           4
20210304 221318.325 INFO             PET3  PASS  Example ESMF_LocStreamEx, ESMF_LocStreamEx.F90, line 784
20210304 221318.325 INFO             PET3 Finalizing ESMF
