forrtl: severe (174): SIGSEGV, segmentation fault occurred
Image              PC                Routine            Line        Source             
ESMF_ArrayRedistE  0000000107A1BF54  for__signal_handl     Unknown  Unknown
libsystem_platfor  00007FFF6A61FB5D  _sigtramp             Unknown  Unknown
libmpi.40.dylib    000000010A25B2A1  MPI_Comm_rank         Unknown  Unknown
libesmf.dylib      00000001085BD453  _ZN5ESMCI3VMK4ini     Unknown  Unknown
libesmf.dylib      000000010859B7D1  _ZN5ESMCI2VM10ini     Unknown  Unknown
libesmf.dylib      00000001085C6C53  c_esmc_vminitiali     Unknown  Unknown
libesmf.dylib      0000000108DA61B0  esmf_vmmod_mp_esm     Unknown  Unknown
libesmf.dylib      0000000108C3C02B  esmf_initmod_mp_e     Unknown  Unknown
ESMF_ArrayRedistE  00000001079F355E  MAIN__                Unknown  Unknown
ESMF_ArrayRedistE  00000001079F324E  main                  Unknown  Unknown
forrtl: severe (174): SIGSEGV, segmentation fault occurred
Image              PC                Routine            Line        Source             
ESMF_ArrayRedistE  000000010BC83F54  for__signal_handl     Unknown  Unknown
libsystem_platfor  00007FFF6A61FB5D  _sigtramp             Unknown  Unknown
libmpi.40.dylib    000000010E4C52A1  MPI_Comm_rank         Unknown  Unknown
libesmf.dylib      000000010C827453  _ZN5ESMCI3VMK4ini     Unknown  Unknown
libesmf.dylib      000000010C8057D1  _ZN5ESMCI2VM10ini     Unknown  Unknown
libesmf.dylib      000000010C830C53  c_esmc_vminitiali     Unknown  Unknown
libesmf.dylib      000000010D0101B0  esmf_vmmod_mp_esm     Unknown  Unknown
libesmf.dylib      000000010CEA602B  esmf_initmod_mp_e     Unknown  Unknown
ESMF_ArrayRedistE  000000010BC5B55E  MAIN__                Unknown  Unknown
ESMF_ArrayRedistE  000000010BC5B24E  main                  Unknown  Unknown
forrtl: severe (174): SIGSEGV, segmentation fault occurred
Image              PC                Routine            Line        Source             
ESMF_ArrayRedistE  0000000107787F54  for__signal_handl     Unknown  Unknown
libsystem_platfor  00007FFF6A61FB5D  _sigtramp             Unknown  Unknown
libmpi.40.dylib    0000000109FBE2A1  MPI_Comm_rank         Unknown  Unknown
libesmf.dylib      0000000108327453  _ZN5ESMCI3VMK4ini     Unknown  Unknown
libesmf.dylib      00000001083057D1  _ZN5ESMCI2VM10ini     Unknown  Unknown
libesmf.dylib      0000000108330C53  c_esmc_vminitiali     Unknown  Unknown
libesmf.dylib      0000000108B101B0  esmf_vmmod_mp_esm     Unknown  Unknown
libesmf.dylib      00000001089A602B  esmf_initmod_mp_e     Unknown  Unknown
ESMF_ArrayRedistE  000000010775F55E  MAIN__                Unknown  Unknown
ESMF_ArrayRedistE  000000010775F24E  main                  Unknown  Unknown
forrtl: severe (174): SIGSEGV, segmentation fault occurred
Image              PC                Routine            Line        Source             
ESMF_ArrayRedistE  000000010CCF3F54  for__signal_handl     Unknown  Unknown
libsystem_platfor  00007FFF6A61FB5D  _sigtramp             Unknown  Unknown
libmpi.40.dylib    000000010F52E2A1  MPI_Comm_rank         Unknown  Unknown
libesmf.dylib      000000010D893453  _ZN5ESMCI3VMK4ini     Unknown  Unknown
libesmf.dylib      000000010D8717D1  _ZN5ESMCI2VM10ini     Unknown  Unknown
libesmf.dylib      000000010D89CC53  c_esmc_vminitiali     Unknown  Unknown
libesmf.dylib      000000010E07C1B0  esmf_vmmod_mp_esm     Unknown  Unknown
libesmf.dylib      000000010DF1202B  esmf_initmod_mp_e     Unknown  Unknown
ESMF_ArrayRedistE  000000010CCCB55E  MAIN__                Unknown  Unknown
ESMF_ArrayRedistE  000000010CCCB24E  main                  Unknown  Unknown
