forrtl: severe (174): SIGSEGV, segmentation fault occurred
Image              PC                Routine            Line        Source             
ESMF_AttachMethod  0000000107B30E54  for__signal_handl     Unknown  Unknown
libsystem_platfor  00007FFF7C190B5D  _sigtramp             Unknown  Unknown
libmpi.40.dylib    000000010AD0C2A1  MPI_Comm_rank         Unknown  Unknown
libesmf.dylib      00000001088B7F63  _ZN5ESMCI3VMK4ini     Unknown  Unknown
libesmf.dylib      00000001088962E1  _ZN5ESMCI2VM10ini     Unknown  Unknown
libesmf.dylib      00000001088C1643  c_esmc_vminitiali     Unknown  Unknown
libesmf.dylib      0000000109099AD0  esmf_vmmod_mp_esm     Unknown  Unknown
libesmf.dylib      0000000108F2F94B  esmf_initmod_mp_e     Unknown  Unknown
ESMF_AttachMethod  0000000107B0AE04  MAIN__                Unknown  Unknown
ESMF_AttachMethod  0000000107B0AC4E  main                  Unknown  Unknown
forrtl: severe (174): SIGSEGV, segmentation fault occurred
Image              PC                Routine            Line        Source             
ESMF_AttachMethod  000000010E6B5E54  for__signal_handl     Unknown  Unknown
libsystem_platfor  00007FFF7C190B5D  _sigtramp             Unknown  Unknown
libmpi.40.dylib    00000001118932A1  MPI_Comm_rank         Unknown  Unknown
libesmf.dylib      000000010F43FF63  _ZN5ESMCI3VMK4ini     Unknown  Unknown
libesmf.dylib      000000010F41E2E1  _ZN5ESMCI2VM10ini     Unknown  Unknown
libesmf.dylib      000000010F449643  c_esmc_vminitiali     Unknown  Unknown
libesmf.dylib      000000010FC21AD0  esmf_vmmod_mp_esm     Unknown  Unknown
libesmf.dylib      000000010FAB794B  esmf_initmod_mp_e     Unknown  Unknown
ESMF_AttachMethod  000000010E68FE04  MAIN__                Unknown  Unknown
ESMF_AttachMethod  000000010E68FC4E  main                  Unknown  Unknown
forrtl: severe (174): SIGSEGV, segmentation fault occurred
Image              PC                Routine            Line        Source             
ESMF_AttachMethod  0000000103C5AE54  for__signal_handl     Unknown  Unknown
libsystem_platfor  00007FFF7C190B5D  _sigtramp             Unknown  Unknown
libmpi.40.dylib    0000000106E3E2A1  MPI_Comm_rank         Unknown  Unknown
libesmf.dylib      00000001049E2F63  _ZN5ESMCI3VMK4ini     Unknown  Unknown
libesmf.dylib      00000001049C12E1  _ZN5ESMCI2VM10ini     Unknown  Unknown
libesmf.dylib      00000001049EC643  c_esmc_vminitiali     Unknown  Unknown
libesmf.dylib      00000001051C4AD0  esmf_vmmod_mp_esm     Unknown  Unknown
libesmf.dylib      000000010505A94B  esmf_initmod_mp_e     Unknown  Unknown
ESMF_AttachMethod  0000000103C34E04  MAIN__                Unknown  Unknown
ESMF_AttachMethod  0000000103C34C4E  main                  Unknown  Unknown
forrtl: severe (174): SIGSEGV, segmentation fault occurred
Image              PC                Routine            Line        Source             
ESMF_AttachMethod  000000010D0B5E54  for__signal_handl     Unknown  Unknown
libsystem_platfor  00007FFF7C190B5D  _sigtramp             Unknown  Unknown
libmpi.40.dylib    00000001102942A1  MPI_Comm_rank         Unknown  Unknown
libesmf.dylib      000000010DE3DF63  _ZN5ESMCI3VMK4ini     Unknown  Unknown
libesmf.dylib      000000010DE1C2E1  _ZN5ESMCI2VM10ini     Unknown  Unknown
libesmf.dylib      000000010DE47643  c_esmc_vminitiali     Unknown  Unknown
libesmf.dylib      000000010E61FAD0  esmf_vmmod_mp_esm     Unknown  Unknown
libesmf.dylib      000000010E4B594B  esmf_initmod_mp_e     Unknown  Unknown
ESMF_AttachMethod  000000010D08FE04  MAIN__                Unknown  Unknown
ESMF_AttachMethod  000000010D08FC4E  main                  Unknown  Unknown
