forrtl: severe (174): SIGSEGV, segmentation fault occurred
Image              PC                Routine            Line        Source             
ESMF_ArrayFarrayE  00000001093F9FD4  for__signal_handl     Unknown  Unknown
libsystem_platfor  00007FFF7C190B5D  _sigtramp             Unknown  Unknown
libmpi.40.dylib    00000001097E42A1  MPI_Comm_rank         Unknown  Unknown
libesmf.dylib      000000010B4D1F63  _ZN5ESMCI3VMK4ini     Unknown  Unknown
libesmf.dylib      000000010B4B02E1  _ZN5ESMCI2VM10ini     Unknown  Unknown
libesmf.dylib      000000010B4DB643  c_esmc_vminitiali     Unknown  Unknown
libesmf.dylib      000000010BCB3AD0  esmf_vmmod_mp_esm     Unknown  Unknown
libesmf.dylib      000000010BB4994B  esmf_initmod_mp_e     Unknown  Unknown
ESMF_ArrayFarrayE  00000001093D2730  MAIN__                Unknown  Unknown
ESMF_ArrayFarrayE  00000001093D256E  main                  Unknown  Unknown
forrtl: severe (174): SIGSEGV, segmentation fault occurred
Image              PC                Routine            Line        Source             
ESMF_ArrayFarrayE  0000000104149FD4  for__signal_handl     Unknown  Unknown
libsystem_platfor  00007FFF7C190B5D  _sigtramp             Unknown  Unknown
libmpi.40.dylib    00000001073202A1  MPI_Comm_rank         Unknown  Unknown
libesmf.dylib      0000000104ED0F63  _ZN5ESMCI3VMK4ini     Unknown  Unknown
libesmf.dylib      0000000104EAF2E1  _ZN5ESMCI2VM10ini     Unknown  Unknown
libesmf.dylib      0000000104EDA643  c_esmc_vminitiali     Unknown  Unknown
libesmf.dylib      00000001056B2AD0  esmf_vmmod_mp_esm     Unknown  Unknown
libesmf.dylib      000000010554894B  esmf_initmod_mp_e     Unknown  Unknown
ESMF_ArrayFarrayE  0000000104122730  MAIN__                Unknown  Unknown
ESMF_ArrayFarrayE  000000010412256E  main                  Unknown  Unknown
forrtl: severe (174): SIGSEGV, segmentation fault occurred
Image              PC                Routine            Line        Source             
ESMF_ArrayFarrayE  000000010FED3FD4  for__signal_handl     Unknown  Unknown
libsystem_platfor  00007FFF7C190B5D  _sigtramp             Unknown  Unknown
libmpi.40.dylib    00000001130AB2A1  MPI_Comm_rank         Unknown  Unknown
libesmf.dylib      0000000110C5BF63  _ZN5ESMCI3VMK4ini     Unknown  Unknown
libesmf.dylib      0000000110C3A2E1  _ZN5ESMCI2VM10ini     Unknown  Unknown
libesmf.dylib      0000000110C65643  c_esmc_vminitiali     Unknown  Unknown
libesmf.dylib      000000011143DAD0  esmf_vmmod_mp_esm     Unknown  Unknown
libesmf.dylib      00000001112D394B  esmf_initmod_mp_e     Unknown  Unknown
ESMF_ArrayFarrayE  000000010FEAC730  MAIN__                Unknown  Unknown
ESMF_ArrayFarrayE  000000010FEAC56E  main                  Unknown  Unknown
forrtl: severe (174): SIGSEGV, segmentation fault occurred
Image              PC                Routine            Line        Source             
ESMF_ArrayFarrayE  00000001055D3FD4  for__signal_handl     Unknown  Unknown
libsystem_platfor  00007FFF7C190B5D  _sigtramp             Unknown  Unknown
libmpi.40.dylib    00000001087A82A1  MPI_Comm_rank         Unknown  Unknown
libesmf.dylib      0000000106359F63  _ZN5ESMCI3VMK4ini     Unknown  Unknown
libesmf.dylib      00000001063382E1  _ZN5ESMCI2VM10ini     Unknown  Unknown
libesmf.dylib      0000000106363643  c_esmc_vminitiali     Unknown  Unknown
libesmf.dylib      0000000106B3BAD0  esmf_vmmod_mp_esm     Unknown  Unknown
libesmf.dylib      00000001069D194B  esmf_initmod_mp_e     Unknown  Unknown
ESMF_ArrayFarrayE  00000001055AC730  MAIN__                Unknown  Unknown
ESMF_ArrayFarrayE  00000001055AC56E  main                  Unknown  Unknown
