forrtl: severe (174): SIGSEGV, segmentation fault occurred
Image              PC                Routine            Line        Source             
ESMF_FieldRepDimE  000000010DFA0ED4  for__signal_handl     Unknown  Unknown
libsystem_platfor  00007FFF7C190B5D  _sigtramp             Unknown  Unknown
libmpi.40.dylib    00000001107DA2A1  MPI_Comm_rank         Unknown  Unknown
libesmf.dylib      000000010EB40AA3  _ZN5ESMCI3VMK4ini     Unknown  Unknown
libesmf.dylib      000000010EB1EE21  _ZN5ESMCI2VM10ini     Unknown  Unknown
libesmf.dylib      000000010EB4A2A3  c_esmc_vminitiali     Unknown  Unknown
libesmf.dylib      000000010F3221D0  esmf_vmmod_mp_esm     Unknown  Unknown
libesmf.dylib      000000010F1B804B  esmf_initmod_mp_e     Unknown  Unknown
ESMF_FieldRepDimE  000000010DF791BB  MAIN__                Unknown  Unknown
ESMF_FieldRepDimE  000000010DF78F5E  main                  Unknown  Unknown
forrtl: severe (174): SIGSEGV, segmentation fault occurred
Image              PC                Routine            Line        Source             
ESMF_FieldRepDimE  0000000105239ED4  for__signal_handl     Unknown  Unknown
libsystem_platfor  00007FFF7C190B5D  _sigtramp             Unknown  Unknown
libmpi.40.dylib    0000000107A762A1  MPI_Comm_rank         Unknown  Unknown
libesmf.dylib      0000000105DDDAA3  _ZN5ESMCI3VMK4ini     Unknown  Unknown
libesmf.dylib      0000000105DBBE21  _ZN5ESMCI2VM10ini     Unknown  Unknown
libesmf.dylib      0000000105DE72A3  c_esmc_vminitiali     Unknown  Unknown
libesmf.dylib      00000001065BF1D0  esmf_vmmod_mp_esm     Unknown  Unknown
libesmf.dylib      000000010645504B  esmf_initmod_mp_e     Unknown  Unknown
ESMF_FieldRepDimE  00000001052121BB  MAIN__                Unknown  Unknown
ESMF_FieldRepDimE  0000000105211F5E  main                  Unknown  Unknown
forrtl: severe (174): SIGSEGV, segmentation fault occurred
Image              PC                Routine            Line        Source             
ESMF_FieldRepDimE  00000001095BEED4  for__signal_handl     Unknown  Unknown
libsystem_platfor  00007FFF7C190B5D  _sigtramp             Unknown  Unknown
libmpi.40.dylib    00000001099A92A1  MPI_Comm_rank         Unknown  Unknown
libesmf.dylib      000000010BA05AA3  _ZN5ESMCI3VMK4ini     Unknown  Unknown
libesmf.dylib      000000010B9E3E21  _ZN5ESMCI2VM10ini     Unknown  Unknown
libesmf.dylib      000000010BA0F2A3  c_esmc_vminitiali     Unknown  Unknown
libesmf.dylib      000000010C1E71D0  esmf_vmmod_mp_esm     Unknown  Unknown
libesmf.dylib      000000010C07D04B  esmf_initmod_mp_e     Unknown  Unknown
ESMF_FieldRepDimE  00000001095971BB  MAIN__                Unknown  Unknown
ESMF_FieldRepDimE  0000000109596F5E  main                  Unknown  Unknown
forrtl: severe (174): SIGSEGV, segmentation fault occurred
Image              PC                Routine            Line        Source             
ESMF_FieldRepDimE  0000000107E85ED4  for__signal_handl     Unknown  Unknown
libsystem_platfor  00007FFF7C190B5D  _sigtramp             Unknown  Unknown
libmpi.40.dylib    000000010A6B82A1  MPI_Comm_rank         Unknown  Unknown
libesmf.dylib      0000000108A24AA3  _ZN5ESMCI3VMK4ini     Unknown  Unknown
libesmf.dylib      0000000108A02E21  _ZN5ESMCI2VM10ini     Unknown  Unknown
libesmf.dylib      0000000108A2E2A3  c_esmc_vminitiali     Unknown  Unknown
libesmf.dylib      00000001092061D0  esmf_vmmod_mp_esm     Unknown  Unknown
libesmf.dylib      000000010909C04B  esmf_initmod_mp_e     Unknown  Unknown
ESMF_FieldRepDimE  0000000107E5E1BB  MAIN__                Unknown  Unknown
ESMF_FieldRepDimE  0000000107E5DF5E  main                  Unknown  Unknown
