forrtl: severe (174): SIGSEGV, segmentation fault occurred
Image              PC                Routine            Line        Source             
ESMF_ArraySpecEx   0000000103E64034  for__signal_handl     Unknown  Unknown
libsystem_platfor  00007FFF6A61FB5D  _sigtramp             Unknown  Unknown
libmpi.40.dylib    000000010686D2A1  MPI_Comm_rank         Unknown  Unknown
libesmf.dylib      0000000104A06AA3  _ZN5ESMCI3VMK4ini     Unknown  Unknown
libesmf.dylib      00000001049E4E21  _ZN5ESMCI2VM10ini     Unknown  Unknown
libesmf.dylib      0000000104A102A3  c_esmc_vminitiali     Unknown  Unknown
libesmf.dylib      00000001051E81D0  esmf_vmmod_mp_esm     Unknown  Unknown
libesmf.dylib      000000010507E04B  esmf_initmod_mp_e     Unknown  Unknown
ESMF_ArraySpecEx   0000000103E3E38D  MAIN__                Unknown  Unknown
ESMF_ArraySpecEx   0000000103E3E1FE  main                  Unknown  Unknown
forrtl: severe (174): SIGSEGV, segmentation fault occurred
Image              PC                Routine            Line        Source             
ESMF_ArraySpecEx   000000010793B034  for__signal_handl     Unknown  Unknown
libsystem_platfor  00007FFF6A61FB5D  _sigtramp             Unknown  Unknown
libmpi.40.dylib    0000000107D252A1  MPI_Comm_rank         Unknown  Unknown
libesmf.dylib      000000010A150AA3  _ZN5ESMCI3VMK4ini     Unknown  Unknown
libesmf.dylib      000000010A12EE21  _ZN5ESMCI2VM10ini     Unknown  Unknown
libesmf.dylib      000000010A15A2A3  c_esmc_vminitiali     Unknown  Unknown
libesmf.dylib      000000010A9321D0  esmf_vmmod_mp_esm     Unknown  Unknown
libesmf.dylib      000000010A7C804B  esmf_initmod_mp_e     Unknown  Unknown
ESMF_ArraySpecEx   000000010791538D  MAIN__                Unknown  Unknown
ESMF_ArraySpecEx   00000001079151FE  main                  Unknown  Unknown
forrtl: severe (174): SIGSEGV, segmentation fault occurred
Image              PC                Routine            Line        Source             
ESMF_ArraySpecEx   000000010280E034  for__signal_handl     Unknown  Unknown
libsystem_platfor  00007FFF6A61FB5D  _sigtramp             Unknown  Unknown
libmpi.40.dylib    00000001050402A1  MPI_Comm_rank         Unknown  Unknown
libesmf.dylib      00000001033ADAA3  _ZN5ESMCI3VMK4ini     Unknown  Unknown
libesmf.dylib      000000010338BE21  _ZN5ESMCI2VM10ini     Unknown  Unknown
libesmf.dylib      00000001033B72A3  c_esmc_vminitiali     Unknown  Unknown
libesmf.dylib      0000000103B8F1D0  esmf_vmmod_mp_esm     Unknown  Unknown
libesmf.dylib      0000000103A2504B  esmf_initmod_mp_e     Unknown  Unknown
ESMF_ArraySpecEx   00000001027E838D  MAIN__                Unknown  Unknown
ESMF_ArraySpecEx   00000001027E81FE  main                  Unknown  Unknown
forrtl: severe (174): SIGSEGV, segmentation fault occurred
Image              PC                Routine            Line        Source             
ESMF_ArraySpecEx   000000010D288034  for__signal_handl     Unknown  Unknown
libsystem_platfor  00007FFF6A61FB5D  _sigtramp             Unknown  Unknown
libmpi.40.dylib    000000010FACC2A1  MPI_Comm_rank         Unknown  Unknown
libesmf.dylib      000000010DE2BAA3  _ZN5ESMCI3VMK4ini     Unknown  Unknown
libesmf.dylib      000000010DE09E21  _ZN5ESMCI2VM10ini     Unknown  Unknown
libesmf.dylib      000000010DE352A3  c_esmc_vminitiali     Unknown  Unknown
libesmf.dylib      000000010E60D1D0  esmf_vmmod_mp_esm     Unknown  Unknown
libesmf.dylib      000000010E4A304B  esmf_initmod_mp_e     Unknown  Unknown
ESMF_ArraySpecEx   000000010D26238D  MAIN__                Unknown  Unknown
ESMF_ArraySpecEx   000000010D2621FE  main                  Unknown  Unknown
