forrtl: severe (174): SIGSEGV, segmentation fault occurred
Image              PC                Routine            Line        Source             
ESMF_DistGridEx    0000000102E3AF34  for__signal_handl     Unknown  Unknown
libsystem_platfor  00007FFF6A61FB5D  _sigtramp             Unknown  Unknown
libmpi.40.dylib    000000010582E2A1  MPI_Comm_rank         Unknown  Unknown
libesmf.dylib      0000000103BD4AA3  _ZN5ESMCI3VMK4ini     Unknown  Unknown
libesmf.dylib      0000000103BB2E21  _ZN5ESMCI2VM10ini     Unknown  Unknown
libesmf.dylib      0000000103BDE2A3  c_esmc_vminitiali     Unknown  Unknown
libesmf.dylib      00000001043B61D0  esmf_vmmod_mp_esm     Unknown  Unknown
libesmf.dylib      000000010424C04B  esmf_initmod_mp_e     Unknown  Unknown
ESMF_DistGridEx    0000000102E0E339  MAIN__                Unknown  Unknown
ESMF_DistGridEx    0000000102E0E16E  main                  Unknown  Unknown
forrtl: severe (174): SIGSEGV, segmentation fault occurred
Image              PC                Routine            Line        Source             
ESMF_DistGridEx    0000000109F13F34  for__signal_handl     Unknown  Unknown
libsystem_platfor  00007FFF6A61FB5D  _sigtramp             Unknown  Unknown
libmpi.40.dylib    000000010C7572A1  MPI_Comm_rank         Unknown  Unknown
libesmf.dylib      000000010AABAAA3  _ZN5ESMCI3VMK4ini     Unknown  Unknown
libesmf.dylib      000000010AA98E21  _ZN5ESMCI2VM10ini     Unknown  Unknown
libesmf.dylib      000000010AAC42A3  c_esmc_vminitiali     Unknown  Unknown
libesmf.dylib      000000010B29C1D0  esmf_vmmod_mp_esm     Unknown  Unknown
libesmf.dylib      000000010B13204B  esmf_initmod_mp_e     Unknown  Unknown
ESMF_DistGridEx    0000000109EE7339  MAIN__                Unknown  Unknown
ESMF_DistGridEx    0000000109EE716E  main                  Unknown  Unknown
forrtl: severe (174): SIGSEGV, segmentation fault occurred
Image              PC                Routine            Line        Source             
ESMF_DistGridEx    000000010939CF34  for__signal_handl     Unknown  Unknown
libsystem_platfor  00007FFF6A61FB5D  _sigtramp             Unknown  Unknown
libmpi.40.dylib    000000010BBD12A1  MPI_Comm_rank         Unknown  Unknown
libesmf.dylib      0000000109F3EAA3  _ZN5ESMCI3VMK4ini     Unknown  Unknown
libesmf.dylib      0000000109F1CE21  _ZN5ESMCI2VM10ini     Unknown  Unknown
libesmf.dylib      0000000109F482A3  c_esmc_vminitiali     Unknown  Unknown
libesmf.dylib      000000010A7201D0  esmf_vmmod_mp_esm     Unknown  Unknown
libesmf.dylib      000000010A5B604B  esmf_initmod_mp_e     Unknown  Unknown
ESMF_DistGridEx    0000000109370339  MAIN__                Unknown  Unknown
ESMF_DistGridEx    000000010937016E  main                  Unknown  Unknown
forrtl: severe (174): SIGSEGV, segmentation fault occurred
Image              PC                Routine            Line        Source             
ESMF_DistGridEx    0000000105208F34  for__signal_handl     Unknown  Unknown
libsystem_platfor  00007FFF6A61FB5D  _sigtramp             Unknown  Unknown
libmpi.40.dylib    0000000107A402A1  MPI_Comm_rank         Unknown  Unknown
libesmf.dylib      0000000105DADAA3  _ZN5ESMCI3VMK4ini     Unknown  Unknown
libesmf.dylib      0000000105D8BE21  _ZN5ESMCI2VM10ini     Unknown  Unknown
libesmf.dylib      0000000105DB72A3  c_esmc_vminitiali     Unknown  Unknown
libesmf.dylib      000000010658F1D0  esmf_vmmod_mp_esm     Unknown  Unknown
libesmf.dylib      000000010642504B  esmf_initmod_mp_e     Unknown  Unknown
ESMF_DistGridEx    00000001051DC339  MAIN__                Unknown  Unknown
ESMF_DistGridEx    00000001051DC16E  main                  Unknown  Unknown
