forrtl: severe (174): SIGSEGV, segmentation fault occurred
Image              PC                Routine            Line        Source             
ESMF_RHandleFromR  000000010ECF8254  for__signal_handl     Unknown  Unknown
libsystem_platfor  00007FFF6A61FB5D  _sigtramp             Unknown  Unknown
libmpi.40.dylib    000000011153A2A1  MPI_Comm_rank         Unknown  Unknown
libesmf.dylib      000000010F8A1AA3  _ZN5ESMCI3VMK4ini     Unknown  Unknown
libesmf.dylib      000000010F87FE21  _ZN5ESMCI2VM10ini     Unknown  Unknown
libesmf.dylib      000000010F8AB2A3  c_esmc_vminitiali     Unknown  Unknown
libesmf.dylib      00000001100831D0  esmf_vmmod_mp_esm     Unknown  Unknown
libesmf.dylib      000000010FF1904B  esmf_initmod_mp_e     Unknown  Unknown
ESMF_RHandleFromR  000000010ECCED56  MAIN__                Unknown  Unknown
ESMF_RHandleFromR  000000010ECCEA9E  main                  Unknown  Unknown
forrtl: severe (174): SIGSEGV, segmentation fault occurred
Image              PC                Routine            Line        Source             
ESMF_RHandleFromR  000000010A39B254  for__signal_handl     Unknown  Unknown
libsystem_platfor  00007FFF6A61FB5D  _sigtramp             Unknown  Unknown
libmpi.40.dylib    000000010CBDB2A1  MPI_Comm_rank         Unknown  Unknown
libesmf.dylib      000000010AF43AA3  _ZN5ESMCI3VMK4ini     Unknown  Unknown
libesmf.dylib      000000010AF21E21  _ZN5ESMCI2VM10ini     Unknown  Unknown
libesmf.dylib      000000010AF4D2A3  c_esmc_vminitiali     Unknown  Unknown
libesmf.dylib      000000010B7251D0  esmf_vmmod_mp_esm     Unknown  Unknown
libesmf.dylib      000000010B5BB04B  esmf_initmod_mp_e     Unknown  Unknown
ESMF_RHandleFromR  000000010A371D56  MAIN__                Unknown  Unknown
ESMF_RHandleFromR  000000010A371A9E  main                  Unknown  Unknown
forrtl: severe (174): SIGSEGV, segmentation fault occurred
Image              PC                Routine            Line        Source             
ESMF_RHandleFromR  0000000103560254  for__signal_handl     Unknown  Unknown
libsystem_platfor  00007FFF6A61FB5D  _sigtramp             Unknown  Unknown
libmpi.40.dylib    0000000105D992A1  MPI_Comm_rank         Unknown  Unknown
libesmf.dylib      0000000104103AA3  _ZN5ESMCI3VMK4ini     Unknown  Unknown
libesmf.dylib      00000001040E1E21  _ZN5ESMCI2VM10ini     Unknown  Unknown
libesmf.dylib      000000010410D2A3  c_esmc_vminitiali     Unknown  Unknown
libesmf.dylib      00000001048E51D0  esmf_vmmod_mp_esm     Unknown  Unknown
libesmf.dylib      000000010477B04B  esmf_initmod_mp_e     Unknown  Unknown
ESMF_RHandleFromR  0000000103536D56  MAIN__                Unknown  Unknown
ESMF_RHandleFromR  0000000103536A9E  main                  Unknown  Unknown
forrtl: severe (174): SIGSEGV, segmentation fault occurred
Image              PC                Routine            Line        Source             
ESMF_RHandleFromR  00000001045EF254  for__signal_handl     Unknown  Unknown
libsystem_platfor  00007FFF6A61FB5D  _sigtramp             Unknown  Unknown
libmpi.40.dylib    0000000106E2E2A1  MPI_Comm_rank         Unknown  Unknown
libesmf.dylib      0000000105191AA3  _ZN5ESMCI3VMK4ini     Unknown  Unknown
libesmf.dylib      000000010516FE21  _ZN5ESMCI2VM10ini     Unknown  Unknown
libesmf.dylib      000000010519B2A3  c_esmc_vminitiali     Unknown  Unknown
libesmf.dylib      00000001059731D0  esmf_vmmod_mp_esm     Unknown  Unknown
libesmf.dylib      000000010580904B  esmf_initmod_mp_e     Unknown  Unknown
ESMF_RHandleFromR  00000001045C5D56  MAIN__                Unknown  Unknown
ESMF_RHandleFromR  00000001045C5A9E  main                  Unknown  Unknown
