forrtl: severe (174): SIGSEGV, segmentation fault occurred
Image              PC                Routine            Line        Source             
ESMF_ArrayLarrayE  0000000109A9DF94  for__signal_handl     Unknown  Unknown
libsystem_platfor  00007FFF6A61FB5D  _sigtramp             Unknown  Unknown
libmpi.40.dylib    0000000109E882A1  MPI_Comm_rank         Unknown  Unknown
libesmf.dylib      000000010B3F5AA3  _ZN5ESMCI3VMK4ini     Unknown  Unknown
libesmf.dylib      000000010B3D3E21  _ZN5ESMCI2VM10ini     Unknown  Unknown
libesmf.dylib      000000010B3FF2A3  c_esmc_vminitiali     Unknown  Unknown
libesmf.dylib      000000010BBD71D0  esmf_vmmod_mp_esm     Unknown  Unknown
libesmf.dylib      000000010BA6D04B  esmf_initmod_mp_e     Unknown  Unknown
ESMF_ArrayLarrayE  0000000109A76D0F  MAIN__                Unknown  Unknown
ESMF_ArrayLarrayE  0000000109A76B1E  main                  Unknown  Unknown
forrtl: severe (174): SIGSEGV, segmentation fault occurred
Image              PC                Routine            Line        Source             
ESMF_ArrayLarrayE  000000010551CF94  for__signal_handl     Unknown  Unknown
libsystem_platfor  00007FFF6A61FB5D  _sigtramp             Unknown  Unknown
libmpi.40.dylib    0000000107D522A1  MPI_Comm_rank         Unknown  Unknown
libesmf.dylib      00000001060C0AA3  _ZN5ESMCI3VMK4ini     Unknown  Unknown
libesmf.dylib      000000010609EE21  _ZN5ESMCI2VM10ini     Unknown  Unknown
libesmf.dylib      00000001060CA2A3  c_esmc_vminitiali     Unknown  Unknown
libesmf.dylib      00000001068A21D0  esmf_vmmod_mp_esm     Unknown  Unknown
libesmf.dylib      000000010673804B  esmf_initmod_mp_e     Unknown  Unknown
ESMF_ArrayLarrayE  00000001054F5D0F  MAIN__                Unknown  Unknown
ESMF_ArrayLarrayE  00000001054F5B1E  main                  Unknown  Unknown
forrtl: severe (174): SIGSEGV, segmentation fault occurred
Image              PC                Routine            Line        Source             
ESMF_ArrayLarrayE  000000010FE64F94  for__signal_handl     Unknown  Unknown
libsystem_platfor  00007FFF6A61FB5D  _sigtramp             Unknown  Unknown
libmpi.40.dylib    000000011269F2A1  MPI_Comm_rank         Unknown  Unknown
libesmf.dylib      0000000110A0AAA3  _ZN5ESMCI3VMK4ini     Unknown  Unknown
libesmf.dylib      00000001109E8E21  _ZN5ESMCI2VM10ini     Unknown  Unknown
libesmf.dylib      0000000110A142A3  c_esmc_vminitiali     Unknown  Unknown
libesmf.dylib      00000001111EC1D0  esmf_vmmod_mp_esm     Unknown  Unknown
libesmf.dylib      000000011108204B  esmf_initmod_mp_e     Unknown  Unknown
ESMF_ArrayLarrayE  000000010FE3DD0F  MAIN__                Unknown  Unknown
ESMF_ArrayLarrayE  000000010FE3DB1E  main                  Unknown  Unknown
forrtl: severe (174): SIGSEGV, segmentation fault occurred
Image              PC                Routine            Line        Source             
ESMF_ArrayLarrayE  000000010CEDBF94  for__signal_handl     Unknown  Unknown
libsystem_platfor  00007FFF6A61FB5D  _sigtramp             Unknown  Unknown
libmpi.40.dylib    000000010F7132A1  MPI_Comm_rank         Unknown  Unknown
libesmf.dylib      000000010DA7BAA3  _ZN5ESMCI3VMK4ini     Unknown  Unknown
libesmf.dylib      000000010DA59E21  _ZN5ESMCI2VM10ini     Unknown  Unknown
libesmf.dylib      000000010DA852A3  c_esmc_vminitiali     Unknown  Unknown
libesmf.dylib      000000010E25D1D0  esmf_vmmod_mp_esm     Unknown  Unknown
libesmf.dylib      000000010E0F304B  esmf_initmod_mp_e     Unknown  Unknown
ESMF_ArrayLarrayE  000000010CEB4D0F  MAIN__                Unknown  Unknown
ESMF_ArrayLarrayE  000000010CEB4B1E  main                  Unknown  Unknown
