forrtl: severe (174): SIGSEGV, segmentation fault occurred
Image              PC                Routine            Line        Source             
ESMF_StateReadWri  0000000105A8FF34  for__signal_handl     Unknown  Unknown
libsystem_platfor  00007FFF6A61FB5D  _sigtramp             Unknown  Unknown
libmpi.40.dylib    00000001082CA2A1  MPI_Comm_rank         Unknown  Unknown
libesmf.dylib      0000000106632AA3  _ZN5ESMCI3VMK4ini     Unknown  Unknown
libesmf.dylib      0000000106610E21  _ZN5ESMCI2VM10ini     Unknown  Unknown
libesmf.dylib      000000010663C2A3  c_esmc_vminitiali     Unknown  Unknown
libesmf.dylib      0000000106E141D0  esmf_vmmod_mp_esm     Unknown  Unknown
libesmf.dylib      0000000106CAA04B  esmf_initmod_mp_e     Unknown  Unknown
ESMF_StateReadWri  0000000105A69FF1  MAIN__                Unknown  Unknown
ESMF_StateReadWri  0000000105A69D7E  main                  Unknown  Unknown
forrtl: severe (174): SIGSEGV, segmentation fault occurred
Image              PC                Routine            Line        Source             
ESMF_StateReadWri  000000010851AF34  for__signal_handl     Unknown  Unknown
libsystem_platfor  00007FFF6A61FB5D  _sigtramp             Unknown  Unknown
libmpi.40.dylib    000000010AD582A1  MPI_Comm_rank         Unknown  Unknown
libesmf.dylib      00000001090BEAA3  _ZN5ESMCI3VMK4ini     Unknown  Unknown
libesmf.dylib      000000010909CE21  _ZN5ESMCI2VM10ini     Unknown  Unknown
libesmf.dylib      00000001090C82A3  c_esmc_vminitiali     Unknown  Unknown
libesmf.dylib      00000001098A01D0  esmf_vmmod_mp_esm     Unknown  Unknown
libesmf.dylib      000000010973604B  esmf_initmod_mp_e     Unknown  Unknown
ESMF_StateReadWri  00000001084F4FF1  MAIN__                Unknown  Unknown
ESMF_StateReadWri  00000001084F4D7E  main                  Unknown  Unknown
forrtl: severe (174): SIGSEGV, segmentation fault occurred
Image              PC                Routine            Line        Source             
ESMF_StateReadWri  00000001070AAF34  for__signal_handl     Unknown  Unknown
libsystem_platfor  00007FFF6A61FB5D  _sigtramp             Unknown  Unknown
libmpi.40.dylib    00000001098DF2A1  MPI_Comm_rank         Unknown  Unknown
libesmf.dylib      0000000107C49AA3  _ZN5ESMCI3VMK4ini     Unknown  Unknown
libesmf.dylib      0000000107C27E21  _ZN5ESMCI2VM10ini     Unknown  Unknown
libesmf.dylib      0000000107C532A3  c_esmc_vminitiali     Unknown  Unknown
libesmf.dylib      000000010842B1D0  esmf_vmmod_mp_esm     Unknown  Unknown
libesmf.dylib      00000001082C104B  esmf_initmod_mp_e     Unknown  Unknown
ESMF_StateReadWri  0000000107084FF1  MAIN__                Unknown  Unknown
ESMF_StateReadWri  0000000107084D7E  main                  Unknown  Unknown
forrtl: severe (174): SIGSEGV, segmentation fault occurred
Image              PC                Routine            Line        Source             
ESMF_StateReadWri  0000000101F4FF34  for__signal_handl     Unknown  Unknown
libsystem_platfor  00007FFF6A61FB5D  _sigtramp             Unknown  Unknown
libmpi.40.dylib    00000001047902A1  MPI_Comm_rank         Unknown  Unknown
libesmf.dylib      0000000102AF4AA3  _ZN5ESMCI3VMK4ini     Unknown  Unknown
libesmf.dylib      0000000102AD2E21  _ZN5ESMCI2VM10ini     Unknown  Unknown
libesmf.dylib      0000000102AFE2A3  c_esmc_vminitiali     Unknown  Unknown
libesmf.dylib      00000001032D61D0  esmf_vmmod_mp_esm     Unknown  Unknown
libesmf.dylib      000000010316C04B  esmf_initmod_mp_e     Unknown  Unknown
ESMF_StateReadWri  0000000101F29FF1  MAIN__                Unknown  Unknown
ESMF_StateReadWri  0000000101F29D7E  main                  Unknown  Unknown
