forrtl: severe (174): SIGSEGV, segmentation fault occurred
Image              PC                Routine            Line        Source             
ESMF_TraceEx       0000000105FD2D94  for__signal_handl     Unknown  Unknown
libsystem_platfor  00007FFF6A61FB5D  _sigtramp             Unknown  Unknown
libmpi.40.dylib    000000010880C2A1  MPI_Comm_rank         Unknown  Unknown
libesmf.dylib      0000000106B73AA3  _ZN5ESMCI3VMK4ini     Unknown  Unknown
libesmf.dylib      0000000106B51E21  _ZN5ESMCI2VM10ini     Unknown  Unknown
libesmf.dylib      0000000106B7D2A3  c_esmc_vminitiali     Unknown  Unknown
libesmf.dylib      00000001073551D0  esmf_vmmod_mp_esm     Unknown  Unknown
libesmf.dylib      00000001071EB04B  esmf_initmod_mp_e     Unknown  Unknown
ESMF_TraceEx       0000000105FACC81  MAIN__                Unknown  Unknown
ESMF_TraceEx       0000000105FACACE  main                  Unknown  Unknown
forrtl: severe (174): SIGSEGV, segmentation fault occurred
Image              PC                Routine            Line        Source             
ESMF_TraceEx       0000000104A51D94  for__signal_handl     Unknown  Unknown
libsystem_platfor  00007FFF6A61FB5D  _sigtramp             Unknown  Unknown
libmpi.40.dylib    00000001072882A1  MPI_Comm_rank         Unknown  Unknown
libesmf.dylib      00000001055F0AA3  _ZN5ESMCI3VMK4ini     Unknown  Unknown
libesmf.dylib      00000001055CEE21  _ZN5ESMCI2VM10ini     Unknown  Unknown
libesmf.dylib      00000001055FA2A3  c_esmc_vminitiali     Unknown  Unknown
libesmf.dylib      0000000105DD21D0  esmf_vmmod_mp_esm     Unknown  Unknown
libesmf.dylib      0000000105C6804B  esmf_initmod_mp_e     Unknown  Unknown
ESMF_TraceEx       0000000104A2BC81  MAIN__                Unknown  Unknown
ESMF_TraceEx       0000000104A2BACE  main                  Unknown  Unknown
forrtl: severe (174): SIGSEGV, segmentation fault occurred
Image              PC                Routine            Line        Source             
ESMF_TraceEx       000000010ABD6D94  for__signal_handl     Unknown  Unknown
libsystem_platfor  00007FFF6A61FB5D  _sigtramp             Unknown  Unknown
libmpi.40.dylib    000000010D4092A1  MPI_Comm_rank         Unknown  Unknown
libesmf.dylib      000000010B779AA3  _ZN5ESMCI3VMK4ini     Unknown  Unknown
libesmf.dylib      000000010B757E21  _ZN5ESMCI2VM10ini     Unknown  Unknown
libesmf.dylib      000000010B7832A3  c_esmc_vminitiali     Unknown  Unknown
libesmf.dylib      000000010BF5B1D0  esmf_vmmod_mp_esm     Unknown  Unknown
libesmf.dylib      000000010BDF104B  esmf_initmod_mp_e     Unknown  Unknown
ESMF_TraceEx       000000010ABB0C81  MAIN__                Unknown  Unknown
ESMF_TraceEx       000000010ABB0ACE  main                  Unknown  Unknown
forrtl: severe (174): SIGSEGV, segmentation fault occurred
Image              PC                Routine            Line        Source             
ESMF_TraceEx       0000000100C61D94  for__signal_handl     Unknown  Unknown
libsystem_platfor  00007FFF6A61FB5D  _sigtramp             Unknown  Unknown
libmpi.40.dylib    000000010349A2A1  MPI_Comm_rank         Unknown  Unknown
libesmf.dylib      0000000101801AA3  _ZN5ESMCI3VMK4ini     Unknown  Unknown
libesmf.dylib      00000001017DFE21  _ZN5ESMCI2VM10ini     Unknown  Unknown
libesmf.dylib      000000010180B2A3  c_esmc_vminitiali     Unknown  Unknown
libesmf.dylib      0000000101FE31D0  esmf_vmmod_mp_esm     Unknown  Unknown
libesmf.dylib      0000000101E7904B  esmf_initmod_mp_e     Unknown  Unknown
ESMF_TraceEx       0000000100C3BC81  MAIN__                Unknown  Unknown
ESMF_TraceEx       0000000100C3BACE  main                  Unknown  Unknown
