forrtl: severe (174): SIGSEGV, segmentation fault occurred
Image              PC                Routine            Line        Source             
ESMF_FieldArbGrid  000000010B791EF4  for__signal_handl     Unknown  Unknown
libsystem_platfor  00007FFF7C190B5D  _sigtramp             Unknown  Unknown
libmpi.40.dylib    000000010E9682A1  MPI_Comm_rank         Unknown  Unknown
libesmf.dylib      000000010C518F63  _ZN5ESMCI3VMK4ini     Unknown  Unknown
libesmf.dylib      000000010C4F72E1  _ZN5ESMCI2VM10ini     Unknown  Unknown
libesmf.dylib      000000010C522643  c_esmc_vminitiali     Unknown  Unknown
libesmf.dylib      000000010CCFAAD0  esmf_vmmod_mp_esm     Unknown  Unknown
libesmf.dylib      000000010CB9094B  esmf_initmod_mp_e     Unknown  Unknown
ESMF_FieldArbGrid  000000010B76B657  MAIN__                Unknown  Unknown
ESMF_FieldArbGrid  000000010B76B46E  main                  Unknown  Unknown
forrtl: severe (174): SIGSEGV, segmentation fault occurred
Image              PC                Routine            Line        Source             
ESMF_FieldArbGrid  0000000104B32EF4  for__signal_handl     Unknown  Unknown
libsystem_platfor  00007FFF7C190B5D  _sigtramp             Unknown  Unknown
libmpi.40.dylib    0000000107D122A1  MPI_Comm_rank         Unknown  Unknown
libesmf.dylib      00000001058BAF63  _ZN5ESMCI3VMK4ini     Unknown  Unknown
libesmf.dylib      00000001058992E1  _ZN5ESMCI2VM10ini     Unknown  Unknown
libesmf.dylib      00000001058C4643  c_esmc_vminitiali     Unknown  Unknown
libesmf.dylib      000000010609CAD0  esmf_vmmod_mp_esm     Unknown  Unknown
libesmf.dylib      0000000105F3294B  esmf_initmod_mp_e     Unknown  Unknown
ESMF_FieldArbGrid  0000000104B0C657  MAIN__                Unknown  Unknown
ESMF_FieldArbGrid  0000000104B0C46E  main                  Unknown  Unknown
forrtl: severe (174): SIGSEGV, segmentation fault occurred
Image              PC                Routine            Line        Source             
ESMF_FieldArbGrid  0000000108B1DEF4  for__signal_handl     Unknown  Unknown
libsystem_platfor  00007FFF7C190B5D  _sigtramp             Unknown  Unknown
libmpi.40.dylib    000000010BCF62A1  MPI_Comm_rank         Unknown  Unknown
libesmf.dylib      00000001098A7F63  _ZN5ESMCI3VMK4ini     Unknown  Unknown
libesmf.dylib      00000001098862E1  _ZN5ESMCI2VM10ini     Unknown  Unknown
libesmf.dylib      00000001098B1643  c_esmc_vminitiali     Unknown  Unknown
libesmf.dylib      000000010A089AD0  esmf_vmmod_mp_esm     Unknown  Unknown
libesmf.dylib      0000000109F1F94B  esmf_initmod_mp_e     Unknown  Unknown
ESMF_FieldArbGrid  0000000108AF7657  MAIN__                Unknown  Unknown
ESMF_FieldArbGrid  0000000108AF746E  main                  Unknown  Unknown
forrtl: severe (174): SIGSEGV, segmentation fault occurred
Image              PC                Routine            Line        Source             
ESMF_FieldArbGrid  000000010F7AAEF4  for__signal_handl     Unknown  Unknown
libsystem_platfor  00007FFF7C190B5D  _sigtramp             Unknown  Unknown
libmpi.40.dylib    000000010FB952A1  MPI_Comm_rank         Unknown  Unknown
libesmf.dylib      00000001122B8F63  _ZN5ESMCI3VMK4ini     Unknown  Unknown
libesmf.dylib      00000001122972E1  _ZN5ESMCI2VM10ini     Unknown  Unknown
libesmf.dylib      00000001122C2643  c_esmc_vminitiali     Unknown  Unknown
libesmf.dylib      0000000112A9AAD0  esmf_vmmod_mp_esm     Unknown  Unknown
libesmf.dylib      000000011293094B  esmf_initmod_mp_e     Unknown  Unknown
ESMF_FieldArbGrid  000000010F784657  MAIN__                Unknown  Unknown
ESMF_FieldArbGrid  000000010F78446E  main                  Unknown  Unknown
