forrtl: severe (174): SIGSEGV, segmentation fault occurred
Image              PC                Routine            Line        Source             
ESMF_GridCreateRe  00000001011FEFB4  for__signal_handl     Unknown  Unknown
libsystem_platfor  00007FFF6A61FB5D  _sigtramp             Unknown  Unknown
libmpi.40.dylib    0000000103A332A1  MPI_Comm_rank         Unknown  Unknown
libesmf.dylib      0000000101D9DAA3  _ZN5ESMCI3VMK4ini     Unknown  Unknown
libesmf.dylib      0000000101D7BE21  _ZN5ESMCI2VM10ini     Unknown  Unknown
libesmf.dylib      0000000101DA72A3  c_esmc_vminitiali     Unknown  Unknown
libesmf.dylib      000000010257F1D0  esmf_vmmod_mp_esm     Unknown  Unknown
libesmf.dylib      000000010241504B  esmf_initmod_mp_e     Unknown  Unknown
ESMF_GridCreateRe  00000001011D91DC  MAIN__                Unknown  Unknown
ESMF_GridCreateRe  00000001011D901E  main                  Unknown  Unknown
forrtl: severe (174): SIGSEGV, segmentation fault occurred
Image              PC                Routine            Line        Source             
ESMF_GridCreateRe  0000000105AD3FB4  for__signal_handl     Unknown  Unknown
libsystem_platfor  00007FFF6A61FB5D  _sigtramp             Unknown  Unknown
libmpi.40.dylib    0000000105EBE2A1  MPI_Comm_rank         Unknown  Unknown
libesmf.dylib      0000000107EC9AA3  _ZN5ESMCI3VMK4ini     Unknown  Unknown
libesmf.dylib      0000000107EA7E21  _ZN5ESMCI2VM10ini     Unknown  Unknown
libesmf.dylib      0000000107ED32A3  c_esmc_vminitiali     Unknown  Unknown
libesmf.dylib      00000001086AB1D0  esmf_vmmod_mp_esm     Unknown  Unknown
libesmf.dylib      000000010854104B  esmf_initmod_mp_e     Unknown  Unknown
ESMF_GridCreateRe  0000000105AAE1DC  MAIN__                Unknown  Unknown
ESMF_GridCreateRe  0000000105AAE01E  main                  Unknown  Unknown
forrtl: severe (174): SIGSEGV, segmentation fault occurred
Image              PC                Routine            Line        Source             
ESMF_GridCreateRe  00000001074EAFB4  for__signal_handl     Unknown  Unknown
libsystem_platfor  00007FFF6A61FB5D  _sigtramp             Unknown  Unknown
libmpi.40.dylib    00000001078D52A1  MPI_Comm_rank         Unknown  Unknown
libesmf.dylib      00000001092A1AA3  _ZN5ESMCI3VMK4ini     Unknown  Unknown
libesmf.dylib      000000010927FE21  _ZN5ESMCI2VM10ini     Unknown  Unknown
libesmf.dylib      00000001092AB2A3  c_esmc_vminitiali     Unknown  Unknown
libesmf.dylib      0000000109A831D0  esmf_vmmod_mp_esm     Unknown  Unknown
libesmf.dylib      000000010991904B  esmf_initmod_mp_e     Unknown  Unknown
ESMF_GridCreateRe  00000001074C51DC  MAIN__                Unknown  Unknown
ESMF_GridCreateRe  00000001074C501E  main                  Unknown  Unknown
forrtl: severe (174): SIGSEGV, segmentation fault occurred
Image              PC                Routine            Line        Source             
ESMF_GridCreateRe  00000001083BFFB4  for__signal_handl     Unknown  Unknown
libsystem_platfor  00007FFF6A61FB5D  _sigtramp             Unknown  Unknown
libmpi.40.dylib    00000001087AA2A1  MPI_Comm_rank         Unknown  Unknown
libesmf.dylib      0000000109E6DAA3  _ZN5ESMCI3VMK4ini     Unknown  Unknown
libesmf.dylib      0000000109E4BE21  _ZN5ESMCI2VM10ini     Unknown  Unknown
libesmf.dylib      0000000109E772A3  c_esmc_vminitiali     Unknown  Unknown
libesmf.dylib      000000010A64F1D0  esmf_vmmod_mp_esm     Unknown  Unknown
libesmf.dylib      000000010A4E504B  esmf_initmod_mp_e     Unknown  Unknown
ESMF_GridCreateRe  000000010839A1DC  MAIN__                Unknown  Unknown
ESMF_GridCreateRe  000000010839A01E  main                  Unknown  Unknown
