forrtl: severe (174): SIGSEGV, segmentation fault occurred
Image              PC                Routine            Line        Source             
ESMF_VMScatterVMG  0000000105DD8EF4  for__signal_handl     Unknown  Unknown
libsystem_platfor  00007FFF6A61FB5D  _sigtramp             Unknown  Unknown
libmpi.40.dylib    00000001086102A1  MPI_Comm_rank         Unknown  Unknown
libesmf.dylib      000000010697BAA3  _ZN5ESMCI3VMK4ini     Unknown  Unknown
libesmf.dylib      0000000106959E21  _ZN5ESMCI2VM10ini     Unknown  Unknown
libesmf.dylib      00000001069852A3  c_esmc_vminitiali     Unknown  Unknown
libesmf.dylib      000000010715D1D0  esmf_vmmod_mp_esm     Unknown  Unknown
libesmf.dylib      0000000106FF304B  esmf_initmod_mp_e     Unknown  Unknown
ESMF_VMScatterVMG  0000000105DB2C28  MAIN__                Unknown  Unknown
ESMF_VMScatterVMG  0000000105DB2A8E  main                  Unknown  Unknown
forrtl: severe (174): SIGSEGV, segmentation fault occurred
Image              PC                Routine            Line        Source             
ESMF_VMScatterVMG  000000010AC06EF4  for__signal_handl     Unknown  Unknown
libsystem_platfor  00007FFF6A61FB5D  _sigtramp             Unknown  Unknown
libmpi.40.dylib    000000010D4422A1  MPI_Comm_rank         Unknown  Unknown
libesmf.dylib      000000010B7A8AA3  _ZN5ESMCI3VMK4ini     Unknown  Unknown
libesmf.dylib      000000010B786E21  _ZN5ESMCI2VM10ini     Unknown  Unknown
libesmf.dylib      000000010B7B22A3  c_esmc_vminitiali     Unknown  Unknown
libesmf.dylib      000000010BF8A1D0  esmf_vmmod_mp_esm     Unknown  Unknown
libesmf.dylib      000000010BE2004B  esmf_initmod_mp_e     Unknown  Unknown
ESMF_VMScatterVMG  000000010ABE0C28  MAIN__                Unknown  Unknown
ESMF_VMScatterVMG  000000010ABE0A8E  main                  Unknown  Unknown
forrtl: severe (174): SIGSEGV, segmentation fault occurred
Image              PC                Routine            Line        Source             
ESMF_VMScatterVMG  000000010D2A6EF4  for__signal_handl     Unknown  Unknown
libsystem_platfor  00007FFF6A61FB5D  _sigtramp             Unknown  Unknown
libmpi.40.dylib    000000010FADA2A1  MPI_Comm_rank         Unknown  Unknown
libesmf.dylib      000000010DE47AA3  _ZN5ESMCI3VMK4ini     Unknown  Unknown
libesmf.dylib      000000010DE25E21  _ZN5ESMCI2VM10ini     Unknown  Unknown
libesmf.dylib      000000010DE512A3  c_esmc_vminitiali     Unknown  Unknown
libesmf.dylib      000000010E6291D0  esmf_vmmod_mp_esm     Unknown  Unknown
libesmf.dylib      000000010E4BF04B  esmf_initmod_mp_e     Unknown  Unknown
ESMF_VMScatterVMG  000000010D280C28  MAIN__                Unknown  Unknown
ESMF_VMScatterVMG  000000010D280A8E  main                  Unknown  Unknown
forrtl: severe (174): SIGSEGV, segmentation fault occurred
Image              PC                Routine            Line        Source             
ESMF_VMScatterVMG  000000010EDE9EF4  for__signal_handl     Unknown  Unknown
libsystem_platfor  00007FFF6A61FB5D  _sigtramp             Unknown  Unknown
libmpi.40.dylib    00000001116262A1  MPI_Comm_rank         Unknown  Unknown
libesmf.dylib      000000010F98BAA3  _ZN5ESMCI3VMK4ini     Unknown  Unknown
libesmf.dylib      000000010F969E21  _ZN5ESMCI2VM10ini     Unknown  Unknown
libesmf.dylib      000000010F9952A3  c_esmc_vminitiali     Unknown  Unknown
libesmf.dylib      000000011016D1D0  esmf_vmmod_mp_esm     Unknown  Unknown
libesmf.dylib      000000011000304B  esmf_initmod_mp_e     Unknown  Unknown
ESMF_VMScatterVMG  000000010EDC3C28  MAIN__                Unknown  Unknown
ESMF_VMScatterVMG  000000010EDC3A8E  main                  Unknown  Unknown
