forrtl: severe (174): SIGSEGV, segmentation fault occurred
Image              PC                Routine            Line        Source             
ESMF_VMSendVMRecv  00000001067ECF94  for__signal_handl     Unknown  Unknown
libsystem_platfor  00007FFF6A61FB5D  _sigtramp             Unknown  Unknown
libmpi.40.dylib    00000001090252A1  MPI_Comm_rank         Unknown  Unknown
libesmf.dylib      000000010738BAA3  _ZN5ESMCI3VMK4ini     Unknown  Unknown
libesmf.dylib      0000000107369E21  _ZN5ESMCI2VM10ini     Unknown  Unknown
libesmf.dylib      00000001073952A3  c_esmc_vminitiali     Unknown  Unknown
libesmf.dylib      0000000107B6D1D0  esmf_vmmod_mp_esm     Unknown  Unknown
libesmf.dylib      0000000107A0304B  esmf_initmod_mp_e     Unknown  Unknown
ESMF_VMSendVMRecv  00000001067C6E77  MAIN__                Unknown  Unknown
ESMF_VMSendVMRecv  00000001067C6CDE  main                  Unknown  Unknown
forrtl: severe (174): SIGSEGV, segmentation fault occurred
Image              PC                Routine            Line        Source             
ESMF_VMSendVMRecv  000000010CB9CF94  for__signal_handl     Unknown  Unknown
libsystem_platfor  00007FFF6A61FB5D  _sigtramp             Unknown  Unknown
libmpi.40.dylib    000000010F3D42A1  MPI_Comm_rank         Unknown  Unknown
libesmf.dylib      000000010D73EAA3  _ZN5ESMCI3VMK4ini     Unknown  Unknown
libesmf.dylib      000000010D71CE21  _ZN5ESMCI2VM10ini     Unknown  Unknown
libesmf.dylib      000000010D7482A3  c_esmc_vminitiali     Unknown  Unknown
libesmf.dylib      000000010DF201D0  esmf_vmmod_mp_esm     Unknown  Unknown
libesmf.dylib      000000010DDB604B  esmf_initmod_mp_e     Unknown  Unknown
ESMF_VMSendVMRecv  000000010CB76E77  MAIN__                Unknown  Unknown
ESMF_VMSendVMRecv  000000010CB76CDE  main                  Unknown  Unknown
forrtl: severe (174): SIGSEGV, segmentation fault occurred
Image              PC                Routine            Line        Source             
ESMF_VMSendVMRecv  00000001035E2F94  for__signal_handl     Unknown  Unknown
libsystem_platfor  00007FFF6A61FB5D  _sigtramp             Unknown  Unknown
libmpi.40.dylib    0000000105E1C2A1  MPI_Comm_rank         Unknown  Unknown
libesmf.dylib      0000000104185AA3  _ZN5ESMCI3VMK4ini     Unknown  Unknown
libesmf.dylib      0000000104163E21  _ZN5ESMCI2VM10ini     Unknown  Unknown
libesmf.dylib      000000010418F2A3  c_esmc_vminitiali     Unknown  Unknown
libesmf.dylib      00000001049671D0  esmf_vmmod_mp_esm     Unknown  Unknown
libesmf.dylib      00000001047FD04B  esmf_initmod_mp_e     Unknown  Unknown
ESMF_VMSendVMRecv  00000001035BCE77  MAIN__                Unknown  Unknown
ESMF_VMSendVMRecv  00000001035BCCDE  main                  Unknown  Unknown
forrtl: severe (174): SIGSEGV, segmentation fault occurred
Image              PC                Routine            Line        Source             
ESMF_VMSendVMRecv  0000000103D3EF94  for__signal_handl     Unknown  Unknown
libsystem_platfor  00007FFF6A61FB5D  _sigtramp             Unknown  Unknown
libmpi.40.dylib    00000001065712A1  MPI_Comm_rank         Unknown  Unknown
libesmf.dylib      00000001048E0AA3  _ZN5ESMCI3VMK4ini     Unknown  Unknown
libesmf.dylib      00000001048BEE21  _ZN5ESMCI2VM10ini     Unknown  Unknown
libesmf.dylib      00000001048EA2A3  c_esmc_vminitiali     Unknown  Unknown
libesmf.dylib      00000001050C21D0  esmf_vmmod_mp_esm     Unknown  Unknown
libesmf.dylib      0000000104F5804B  esmf_initmod_mp_e     Unknown  Unknown
ESMF_VMSendVMRecv  0000000103D18E77  MAIN__                Unknown  Unknown
ESMF_VMSendVMRecv  0000000103D18CDE  main                  Unknown  Unknown
