forrtl: severe (174): SIGSEGV, segmentation fault occurred
Image              PC                Routine            Line        Source             
ESMF_InfoGetFromH  000000010219EFB4  for__signal_handl     Unknown  Unknown
libsystem_platfor  00007FFF6A61FB5D  _sigtramp             Unknown  Unknown
libmpi.40.dylib    00000001049D92A1  MPI_Comm_rank         Unknown  Unknown
libesmf.dylib      0000000102D44AA3  _ZN5ESMCI3VMK4ini     Unknown  Unknown
libesmf.dylib      0000000102D22E21  _ZN5ESMCI2VM10ini     Unknown  Unknown
libesmf.dylib      0000000102D4E2A3  c_esmc_vminitiali     Unknown  Unknown
libesmf.dylib      00000001035261D0  esmf_vmmod_mp_esm     Unknown  Unknown
libesmf.dylib      00000001033BC04B  esmf_initmod_mp_e     Unknown  Unknown
ESMF_InfoGetFromH  0000000102179118  MAIN__                Unknown  Unknown
ESMF_InfoGetFromH  0000000102178F3E  main                  Unknown  Unknown
forrtl: severe (174): SIGSEGV, segmentation fault occurred
Image              PC                Routine            Line        Source             
ESMF_InfoGetFromH  000000010B60AFB4  for__signal_handl     Unknown  Unknown
libsystem_platfor  00007FFF6A61FB5D  _sigtramp             Unknown  Unknown
libmpi.40.dylib    000000010DE442A1  MPI_Comm_rank         Unknown  Unknown
libesmf.dylib      000000010C1ACAA3  _ZN5ESMCI3VMK4ini     Unknown  Unknown
libesmf.dylib      000000010C18AE21  _ZN5ESMCI2VM10ini     Unknown  Unknown
libesmf.dylib      000000010C1B62A3  c_esmc_vminitiali     Unknown  Unknown
libesmf.dylib      000000010C98E1D0  esmf_vmmod_mp_esm     Unknown  Unknown
libesmf.dylib      000000010C82404B  esmf_initmod_mp_e     Unknown  Unknown
ESMF_InfoGetFromH  000000010B5E5118  MAIN__                Unknown  Unknown
ESMF_InfoGetFromH  000000010B5E4F3E  main                  Unknown  Unknown
forrtl: severe (174): SIGSEGV, segmentation fault occurred
Image              PC                Routine            Line        Source             
ESMF_InfoGetFromH  0000000104F19FB4  for__signal_handl     Unknown  Unknown
libsystem_platfor  00007FFF6A61FB5D  _sigtramp             Unknown  Unknown
libmpi.40.dylib    00000001077492A1  MPI_Comm_rank         Unknown  Unknown
libesmf.dylib      0000000105ABBAA3  _ZN5ESMCI3VMK4ini     Unknown  Unknown
libesmf.dylib      0000000105A99E21  _ZN5ESMCI2VM10ini     Unknown  Unknown
libesmf.dylib      0000000105AC52A3  c_esmc_vminitiali     Unknown  Unknown
libesmf.dylib      000000010629D1D0  esmf_vmmod_mp_esm     Unknown  Unknown
libesmf.dylib      000000010613304B  esmf_initmod_mp_e     Unknown  Unknown
ESMF_InfoGetFromH  0000000104EF4118  MAIN__                Unknown  Unknown
ESMF_InfoGetFromH  0000000104EF3F3E  main                  Unknown  Unknown
forrtl: severe (174): SIGSEGV, segmentation fault occurred
Image              PC                Routine            Line        Source             
ESMF_InfoGetFromH  000000010DDE2FB4  for__signal_handl     Unknown  Unknown
libsystem_platfor  00007FFF6A61FB5D  _sigtramp             Unknown  Unknown
libmpi.40.dylib    000000010E1CD2A1  MPI_Comm_rank         Unknown  Unknown
libesmf.dylib      000000010F2ACAA3  _ZN5ESMCI3VMK4ini     Unknown  Unknown
libesmf.dylib      000000010F28AE21  _ZN5ESMCI2VM10ini     Unknown  Unknown
libesmf.dylib      000000010F2B62A3  c_esmc_vminitiali     Unknown  Unknown
libesmf.dylib      000000010FA8E1D0  esmf_vmmod_mp_esm     Unknown  Unknown
libesmf.dylib      000000010F92404B  esmf_initmod_mp_e     Unknown  Unknown
ESMF_InfoGetFromH  000000010DDBD118  MAIN__                Unknown  Unknown
ESMF_InfoGetFromH  000000010DDBCF3E  main                  Unknown  Unknown
