forrtl: severe (174): SIGSEGV, segmentation fault occurred
Image              PC                Routine            Line        Source             
ESMF_LogErrEx      0000000102D3DF54  for__signal_handl     Unknown  Unknown
libsystem_platfor  00007FFF7C190B5D  _sigtramp             Unknown  Unknown
libmpi.40.dylib    00000001031282A1  MPI_Comm_rank         Unknown  Unknown
libesmf.dylib      0000000105AE7F63  _ZN5ESMCI3VMK4ini     Unknown  Unknown
libesmf.dylib      0000000105AC62E1  _ZN5ESMCI2VM10ini     Unknown  Unknown
libesmf.dylib      0000000105AF1643  c_esmc_vminitiali     Unknown  Unknown
libesmf.dylib      00000001062C9AD0  esmf_vmmod_mp_esm     Unknown  Unknown
libesmf.dylib      000000010615F94B  esmf_initmod_mp_e     Unknown  Unknown
ESMF_LogErrEx      0000000102D17EE5  MAIN__                Unknown  Unknown
ESMF_LogErrEx      0000000102D17D1E  main                  Unknown  Unknown
forrtl: severe (174): SIGSEGV, segmentation fault occurred
Image              PC                Routine            Line        Source             
ESMF_LogErrEx      0000000108EA4F54  for__signal_handl     Unknown  Unknown
libsystem_platfor  00007FFF7C190B5D  _sigtramp             Unknown  Unknown
libmpi.40.dylib    000000010C0752A1  MPI_Comm_rank         Unknown  Unknown
libesmf.dylib      0000000109C29F63  _ZN5ESMCI3VMK4ini     Unknown  Unknown
libesmf.dylib      0000000109C082E1  _ZN5ESMCI2VM10ini     Unknown  Unknown
libesmf.dylib      0000000109C33643  c_esmc_vminitiali     Unknown  Unknown
libesmf.dylib      000000010A40BAD0  esmf_vmmod_mp_esm     Unknown  Unknown
libesmf.dylib      000000010A2A194B  esmf_initmod_mp_e     Unknown  Unknown
ESMF_LogErrEx      0000000108E7EEE5  MAIN__                Unknown  Unknown
ESMF_LogErrEx      0000000108E7ED1E  main                  Unknown  Unknown
forrtl: severe (174): SIGSEGV, segmentation fault occurred
Image              PC                Routine            Line        Source             
ESMF_LogErrEx      0000000100072F54  for__signal_handl     Unknown  Unknown
libsystem_platfor  00007FFF7C190B5D  _sigtramp             Unknown  Unknown
libmpi.40.dylib    000000010045D2A1  MPI_Comm_rank         Unknown  Unknown
libesmf.dylib      0000000102D02F63  _ZN5ESMCI3VMK4ini     Unknown  Unknown
libesmf.dylib      0000000102CE12E1  _ZN5ESMCI2VM10ini     Unknown  Unknown
libesmf.dylib      0000000102D0C643  c_esmc_vminitiali     Unknown  Unknown
libesmf.dylib      00000001034E4AD0  esmf_vmmod_mp_esm     Unknown  Unknown
libesmf.dylib      000000010337A94B  esmf_initmod_mp_e     Unknown  Unknown
ESMF_LogErrEx      000000010004CEE5  MAIN__                Unknown  Unknown
ESMF_LogErrEx      000000010004CD1E  main                  Unknown  Unknown
forrtl: severe (174): SIGSEGV, segmentation fault occurred
Image              PC                Routine            Line        Source             
ESMF_LogErrEx      0000000109C35F54  for__signal_handl     Unknown  Unknown
libsystem_platfor  00007FFF7C190B5D  _sigtramp             Unknown  Unknown
libmpi.40.dylib    000000010CE112A1  MPI_Comm_rank         Unknown  Unknown
libesmf.dylib      000000010A9BEF63  _ZN5ESMCI3VMK4ini     Unknown  Unknown
libesmf.dylib      000000010A99D2E1  _ZN5ESMCI2VM10ini     Unknown  Unknown
libesmf.dylib      000000010A9C8643  c_esmc_vminitiali     Unknown  Unknown
libesmf.dylib      000000010B1A0AD0  esmf_vmmod_mp_esm     Unknown  Unknown
libesmf.dylib      000000010B03694B  esmf_initmod_mp_e     Unknown  Unknown
ESMF_LogErrEx      0000000109C0FEE5  MAIN__                Unknown  Unknown
ESMF_LogErrEx      0000000109C0FD1E  main                  Unknown  Unknown
