forrtl: severe (174): SIGSEGV, segmentation fault occurred
Image              PC                Routine            Line        Source             
ESMF_ArrayHaloEx   000000010F495174  for__signal_handl     Unknown  Unknown
libsystem_platfor  00007FFF6A61FB5D  _sigtramp             Unknown  Unknown
libmpi.40.dylib    0000000111CDC2A1  MPI_Comm_rank         Unknown  Unknown
libesmf.dylib      0000000110048AC3  _ZN5ESMCI3VMK4ini     Unknown  Unknown
libesmf.dylib      0000000110026E41  _ZN5ESMCI2VM10ini     Unknown  Unknown
libesmf.dylib      00000001100522C3  c_esmc_vminitiali     Unknown  Unknown
libesmf.dylib      000000011082A1E0  esmf_vmmod_mp_esm     Unknown  Unknown
libesmf.dylib      00000001106C006B  esmf_initmod_mp_e     Unknown  Unknown
ESMF_ArrayHaloEx   000000010F46ABE7  MAIN__                Unknown  Unknown
ESMF_ArrayHaloEx   000000010F46A9AE  main                  Unknown  Unknown
forrtl: severe (174): SIGSEGV, segmentation fault occurred
Image              PC                Routine            Line        Source             
ESMF_ArrayHaloEx   0000000101567174  for__signal_handl     Unknown  Unknown
libsystem_platfor  00007FFF6A61FB5D  _sigtramp             Unknown  Unknown
libmpi.40.dylib    0000000103DB62A1  MPI_Comm_rank         Unknown  Unknown
libesmf.dylib      0000000102120AC3  _ZN5ESMCI3VMK4ini     Unknown  Unknown
libesmf.dylib      00000001020FEE41  _ZN5ESMCI2VM10ini     Unknown  Unknown
libesmf.dylib      000000010212A2C3  c_esmc_vminitiali     Unknown  Unknown
libesmf.dylib      00000001029021E0  esmf_vmmod_mp_esm     Unknown  Unknown
libesmf.dylib      000000010279806B  esmf_initmod_mp_e     Unknown  Unknown
ESMF_ArrayHaloEx   000000010153CBE7  MAIN__                Unknown  Unknown
ESMF_ArrayHaloEx   000000010153C9AE  main                  Unknown  Unknown
forrtl: severe (174): SIGSEGV, segmentation fault occurred
Image              PC                Routine            Line        Source             
ESMF_ArrayHaloEx   000000010B8F7174  for__signal_handl     Unknown  Unknown
libsystem_platfor  00007FFF6A61FB5D  _sigtramp             Unknown  Unknown
libmpi.40.dylib    000000010E14C2A1  MPI_Comm_rank         Unknown  Unknown
libesmf.dylib      000000010C4AEAC3  _ZN5ESMCI3VMK4ini     Unknown  Unknown
libesmf.dylib      000000010C48CE41  _ZN5ESMCI2VM10ini     Unknown  Unknown
libesmf.dylib      000000010C4B82C3  c_esmc_vminitiali     Unknown  Unknown
libesmf.dylib      000000010CC901E0  esmf_vmmod_mp_esm     Unknown  Unknown
libesmf.dylib      000000010CB2606B  esmf_initmod_mp_e     Unknown  Unknown
ESMF_ArrayHaloEx   000000010B8CCBE7  MAIN__                Unknown  Unknown
ESMF_ArrayHaloEx   000000010B8CC9AE  main                  Unknown  Unknown
forrtl: severe (174): SIGSEGV, segmentation fault occurred
Image              PC                Routine            Line        Source             
ESMF_ArrayHaloEx   000000010C885174  for__signal_handl     Unknown  Unknown
libsystem_platfor  00007FFF6A61FB5D  _sigtramp             Unknown  Unknown
libmpi.40.dylib    000000010CC842A1  MPI_Comm_rank         Unknown  Unknown
libesmf.dylib      000000010DA27AC3  _ZN5ESMCI3VMK4ini     Unknown  Unknown
libesmf.dylib      000000010DA05E41  _ZN5ESMCI2VM10ini     Unknown  Unknown
libesmf.dylib      000000010DA312C3  c_esmc_vminitiali     Unknown  Unknown
libesmf.dylib      000000010E2091E0  esmf_vmmod_mp_esm     Unknown  Unknown
libesmf.dylib      000000010E09F06B  esmf_initmod_mp_e     Unknown  Unknown
ESMF_ArrayHaloEx   000000010C85ABE7  MAIN__                Unknown  Unknown
ESMF_ArrayHaloEx   000000010C85A9AE  main                  Unknown  Unknown
