forrtl: severe (174): SIGSEGV, segmentation fault occurred
Image              PC                Routine            Line        Source             
ESMF_CplEx         000000010F990584  for__signal_handl     Unknown  Unknown
libsystem_platfor  00007FFF7C190B5D  _sigtramp             Unknown  Unknown
libmpi.40.dylib    00000001122E02A1  MPI_Comm_rank         Unknown  Unknown
libesmf.dylib      0000000110686AA3  _ZN5ESMCI3VMK4ini     Unknown  Unknown
libesmf.dylib      0000000110664E21  _ZN5ESMCI2VM10ini     Unknown  Unknown
libesmf.dylib      00000001106902A3  c_esmc_vminitiali     Unknown  Unknown
libesmf.dylib      0000000110E681D0  esmf_vmmod_mp_esm     Unknown  Unknown
libesmf.dylib      0000000110CFE04B  esmf_initmod_mp_e     Unknown  Unknown
ESMF_CplEx         000000010F969D32  MAIN__                Unknown  Unknown
ESMF_CplEx         000000010F969A4E  main                  Unknown  Unknown
forrtl: severe (174): SIGSEGV, segmentation fault occurred
Image              PC                Routine            Line        Source             
ESMF_CplEx         0000000108B87584  for__signal_handl     Unknown  Unknown
libsystem_platfor  00007FFF7C190B5D  _sigtramp             Unknown  Unknown
libmpi.40.dylib    000000010B3C32A1  MPI_Comm_rank         Unknown  Unknown
libesmf.dylib      000000010972AAA3  _ZN5ESMCI3VMK4ini     Unknown  Unknown
libesmf.dylib      0000000109708E21  _ZN5ESMCI2VM10ini     Unknown  Unknown
libesmf.dylib      00000001097342A3  c_esmc_vminitiali     Unknown  Unknown
libesmf.dylib      0000000109F0C1D0  esmf_vmmod_mp_esm     Unknown  Unknown
libesmf.dylib      0000000109DA204B  esmf_initmod_mp_e     Unknown  Unknown
ESMF_CplEx         0000000108B60D32  MAIN__                Unknown  Unknown
ESMF_CplEx         0000000108B60A4E  main                  Unknown  Unknown
forrtl: severe (174): SIGSEGV, segmentation fault occurred
Image              PC                Routine            Line        Source             
ESMF_CplEx         00000001064F6584  for__signal_handl     Unknown  Unknown
libsystem_platfor  00007FFF7C190B5D  _sigtramp             Unknown  Unknown
libmpi.40.dylib    0000000108D302A1  MPI_Comm_rank         Unknown  Unknown
libesmf.dylib      000000010709CAA3  _ZN5ESMCI3VMK4ini     Unknown  Unknown
libesmf.dylib      000000010707AE21  _ZN5ESMCI2VM10ini     Unknown  Unknown
libesmf.dylib      00000001070A62A3  c_esmc_vminitiali     Unknown  Unknown
libesmf.dylib      000000010787E1D0  esmf_vmmod_mp_esm     Unknown  Unknown
libesmf.dylib      000000010771404B  esmf_initmod_mp_e     Unknown  Unknown
ESMF_CplEx         00000001064CFD32  MAIN__                Unknown  Unknown
ESMF_CplEx         00000001064CFA4E  main                  Unknown  Unknown
forrtl: severe (174): SIGSEGV, segmentation fault occurred
Image              PC                Routine            Line        Source             
ESMF_CplEx         00000001096FB584  for__signal_handl     Unknown  Unknown
libsystem_platfor  00007FFF7C190B5D  _sigtramp             Unknown  Unknown
libmpi.40.dylib    000000010BF372A1  MPI_Comm_rank         Unknown  Unknown
libesmf.dylib      000000010A2A3AA3  _ZN5ESMCI3VMK4ini     Unknown  Unknown
libesmf.dylib      000000010A281E21  _ZN5ESMCI2VM10ini     Unknown  Unknown
libesmf.dylib      000000010A2AD2A3  c_esmc_vminitiali     Unknown  Unknown
libesmf.dylib      000000010AA851D0  esmf_vmmod_mp_esm     Unknown  Unknown
libesmf.dylib      000000010A91B04B  esmf_initmod_mp_e     Unknown  Unknown
ESMF_CplEx         00000001096D4D32  MAIN__                Unknown  Unknown
ESMF_CplEx         00000001096D4A4E  main                  Unknown  Unknown
