forrtl: severe (174): SIGSEGV, segmentation fault occurred
Image              PC                Routine            Line        Source             
ESMF_FieldSphereR  0000000103035EE4  for__signal_handl     Unknown  Unknown
libsystem_platfor  00007FFF6A61FB5D  _sigtramp             Unknown  Unknown
libmpi.40.dylib    000000010587C2A1  MPI_Comm_rank         Unknown  Unknown
libesmf.dylib      0000000103BDC523  _ZN5ESMCI3VMK4ini     Unknown  Unknown
libesmf.dylib      0000000103BBA8A1  _ZN5ESMCI2VM10ini     Unknown  Unknown
libesmf.dylib      0000000103BE5D23  c_esmc_vminitiali     Unknown  Unknown
libesmf.dylib      00000001043C51B0  esmf_vmmod_mp_esm     Unknown  Unknown
libesmf.dylib      000000010425B02B  esmf_initmod_mp_e     Unknown  Unknown
ESMF_FieldSphereR  000000010300E231  MAIN__                Unknown  Unknown
ESMF_FieldSphereR  000000010300DF2E  main                  Unknown  Unknown
forrtl: severe (174): SIGSEGV, segmentation fault occurred
Image              PC                Routine            Line        Source             
ESMF_FieldSphereR  000000010B4EEEE4  for__signal_handl     Unknown  Unknown
libsystem_platfor  00007FFF6A61FB5D  _sigtramp             Unknown  Unknown
libmpi.40.dylib    000000010DD2B2A1  MPI_Comm_rank         Unknown  Unknown
libesmf.dylib      000000010C095523  _ZN5ESMCI3VMK4ini     Unknown  Unknown
libesmf.dylib      000000010C0738A1  _ZN5ESMCI2VM10ini     Unknown  Unknown
libesmf.dylib      000000010C09ED23  c_esmc_vminitiali     Unknown  Unknown
libesmf.dylib      000000010C87E1B0  esmf_vmmod_mp_esm     Unknown  Unknown
libesmf.dylib      000000010C71402B  esmf_initmod_mp_e     Unknown  Unknown
ESMF_FieldSphereR  000000010B4C7231  MAIN__                Unknown  Unknown
ESMF_FieldSphereR  000000010B4C6F2E  main                  Unknown  Unknown
forrtl: severe (174): SIGSEGV, segmentation fault occurred
Image              PC                Routine            Line        Source             
ESMF_FieldSphereR  000000010136AEE4  for__signal_handl     Unknown  Unknown
libsystem_platfor  00007FFF6A61FB5D  _sigtramp             Unknown  Unknown
libmpi.40.dylib    0000000103BB12A1  MPI_Comm_rank         Unknown  Unknown
libesmf.dylib      0000000101F13523  _ZN5ESMCI3VMK4ini     Unknown  Unknown
libesmf.dylib      0000000101EF18A1  _ZN5ESMCI2VM10ini     Unknown  Unknown
libesmf.dylib      0000000101F1CD23  c_esmc_vminitiali     Unknown  Unknown
libesmf.dylib      00000001026FC1B0  esmf_vmmod_mp_esm     Unknown  Unknown
libesmf.dylib      000000010259202B  esmf_initmod_mp_e     Unknown  Unknown
ESMF_FieldSphereR  0000000101343231  MAIN__                Unknown  Unknown
ESMF_FieldSphereR  0000000101342F2E  main                  Unknown  Unknown
forrtl: severe (174): SIGSEGV, segmentation fault occurred
Image              PC                Routine            Line        Source             
ESMF_FieldSphereR  000000010E311EE4  for__signal_handl     Unknown  Unknown
libsystem_platfor  00007FFF6A61FB5D  _sigtramp             Unknown  Unknown
libmpi.40.dylib    000000010E6FE2A1  MPI_Comm_rank         Unknown  Unknown
libesmf.dylib      000000010F3C3523  _ZN5ESMCI3VMK4ini     Unknown  Unknown
libesmf.dylib      000000010F3A18A1  _ZN5ESMCI2VM10ini     Unknown  Unknown
libesmf.dylib      000000010F3CCD23  c_esmc_vminitiali     Unknown  Unknown
libesmf.dylib      000000010FBAC1B0  esmf_vmmod_mp_esm     Unknown  Unknown
libesmf.dylib      000000010FA4202B  esmf_initmod_mp_e     Unknown  Unknown
ESMF_FieldSphereR  000000010E2EA231  MAIN__                Unknown  Unknown
ESMF_FieldSphereR  000000010E2E9F2E  main                  Unknown  Unknown
