forrtl: severe (174): SIGSEGV, segmentation fault occurred
Image              PC                Routine            Line        Source             
ESMF_XGridEx       000000010C163E74  for__signal_handl     Unknown  Unknown
libsystem_platfor  00007FFF7C190B5D  _sigtramp             Unknown  Unknown
libmpi.40.dylib    000000010F3372A1  MPI_Comm_rank         Unknown  Unknown
libesmf.dylib      000000010CEECF63  _ZN5ESMCI3VMK4ini     Unknown  Unknown
libesmf.dylib      000000010CECB2E1  _ZN5ESMCI2VM10ini     Unknown  Unknown
libesmf.dylib      000000010CEF6643  c_esmc_vminitiali     Unknown  Unknown
libesmf.dylib      000000010D6CEAD0  esmf_vmmod_mp_esm     Unknown  Unknown
libesmf.dylib      000000010D56494B  esmf_initmod_mp_e     Unknown  Unknown
ESMF_XGridEx       000000010C13B90F  MAIN__                Unknown  Unknown
ESMF_XGridEx       000000010C13B3FE  main                  Unknown  Unknown
forrtl: severe (174): SIGSEGV, segmentation fault occurred
Image              PC                Routine            Line        Source             
ESMF_XGridEx       00000001028C4E74  for__signal_handl     Unknown  Unknown
libsystem_platfor  00007FFF7C190B5D  _sigtramp             Unknown  Unknown
libmpi.40.dylib    0000000105A962A1  MPI_Comm_rank         Unknown  Unknown
libesmf.dylib      0000000103649F63  _ZN5ESMCI3VMK4ini     Unknown  Unknown
libesmf.dylib      00000001036282E1  _ZN5ESMCI2VM10ini     Unknown  Unknown
libesmf.dylib      0000000103653643  c_esmc_vminitiali     Unknown  Unknown
libesmf.dylib      0000000103E2BAD0  esmf_vmmod_mp_esm     Unknown  Unknown
libesmf.dylib      0000000103CC194B  esmf_initmod_mp_e     Unknown  Unknown
ESMF_XGridEx       000000010289C90F  MAIN__                Unknown  Unknown
ESMF_XGridEx       000000010289C3FE  main                  Unknown  Unknown
forrtl: severe (174): SIGSEGV, segmentation fault occurred
Image              PC                Routine            Line        Source             
ESMF_XGridEx       00000001028FAE74  for__signal_handl     Unknown  Unknown
libsystem_platfor  00007FFF7C190B5D  _sigtramp             Unknown  Unknown
libmpi.40.dylib    0000000105AD82A1  MPI_Comm_rank         Unknown  Unknown
libesmf.dylib      0000000103684F63  _ZN5ESMCI3VMK4ini     Unknown  Unknown
libesmf.dylib      00000001036632E1  _ZN5ESMCI2VM10ini     Unknown  Unknown
libesmf.dylib      000000010368E643  c_esmc_vminitiali     Unknown  Unknown
libesmf.dylib      0000000103E66AD0  esmf_vmmod_mp_esm     Unknown  Unknown
libesmf.dylib      0000000103CFC94B  esmf_initmod_mp_e     Unknown  Unknown
ESMF_XGridEx       00000001028D290F  MAIN__                Unknown  Unknown
ESMF_XGridEx       00000001028D23FE  main                  Unknown  Unknown
forrtl: severe (174): SIGSEGV, segmentation fault occurred
Image              PC                Routine            Line        Source             
ESMF_XGridEx       0000000107F3DE74  for__signal_handl     Unknown  Unknown
libsystem_platfor  00007FFF7C190B5D  _sigtramp             Unknown  Unknown
libmpi.40.dylib    000000010B11F2A1  MPI_Comm_rank         Unknown  Unknown
libesmf.dylib      0000000108CC6F63  _ZN5ESMCI3VMK4ini     Unknown  Unknown
libesmf.dylib      0000000108CA52E1  _ZN5ESMCI2VM10ini     Unknown  Unknown
libesmf.dylib      0000000108CD0643  c_esmc_vminitiali     Unknown  Unknown
libesmf.dylib      00000001094A8AD0  esmf_vmmod_mp_esm     Unknown  Unknown
libesmf.dylib      000000010933E94B  esmf_initmod_mp_e     Unknown  Unknown
ESMF_XGridEx       0000000107F1590F  MAIN__                Unknown  Unknown
ESMF_XGridEx       0000000107F153FE  main                  Unknown  Unknown
