forrtl: severe (174): SIGSEGV, segmentation fault occurred
Image              PC                Routine            Line        Source             
ESMF_VMComponentE  0000000106A6CED4  for__signal_handl     Unknown  Unknown
libsystem_platfor  00007FFF6A61FB5D  _sigtramp             Unknown  Unknown
libmpi.40.dylib    00000001092A72A1  MPI_Comm_rank         Unknown  Unknown
libesmf.dylib      000000010760EAC3  _ZN5ESMCI3VMK4ini     Unknown  Unknown
libesmf.dylib      00000001075ECE41  _ZN5ESMCI2VM10ini     Unknown  Unknown
libesmf.dylib      00000001076182C3  c_esmc_vminitiali     Unknown  Unknown
libesmf.dylib      0000000107DF01E0  esmf_vmmod_mp_esm     Unknown  Unknown
libesmf.dylib      0000000107C8606B  esmf_initmod_mp_e     Unknown  Unknown
ESMF_VMComponentE  0000000106A46CE8  MAIN__                Unknown  Unknown
ESMF_VMComponentE  0000000106A46B5E  main                  Unknown  Unknown
forrtl: severe (174): SIGSEGV, segmentation fault occurred
Image              PC                Routine            Line        Source             
ESMF_VMComponentE  00000001085FBED4  for__signal_handl     Unknown  Unknown
libsystem_platfor  00007FFF6A61FB5D  _sigtramp             Unknown  Unknown
libmpi.40.dylib    000000010AE332A1  MPI_Comm_rank         Unknown  Unknown
libesmf.dylib      000000010919CAC3  _ZN5ESMCI3VMK4ini     Unknown  Unknown
libesmf.dylib      000000010917AE41  _ZN5ESMCI2VM10ini     Unknown  Unknown
libesmf.dylib      00000001091A62C3  c_esmc_vminitiali     Unknown  Unknown
libesmf.dylib      000000010997E1E0  esmf_vmmod_mp_esm     Unknown  Unknown
libesmf.dylib      000000010981406B  esmf_initmod_mp_e     Unknown  Unknown
ESMF_VMComponentE  00000001085D5CE8  MAIN__                Unknown  Unknown
ESMF_VMComponentE  00000001085D5B5E  main                  Unknown  Unknown
forrtl: severe (174): SIGSEGV, segmentation fault occurred
Image              PC                Routine            Line        Source             
ESMF_VMComponentE  0000000106600ED4  for__signal_handl     Unknown  Unknown
libsystem_platfor  00007FFF6A61FB5D  _sigtramp             Unknown  Unknown
libmpi.40.dylib    0000000108E3A2A1  MPI_Comm_rank         Unknown  Unknown
libesmf.dylib      00000001071A2AC3  _ZN5ESMCI3VMK4ini     Unknown  Unknown
libesmf.dylib      0000000107180E41  _ZN5ESMCI2VM10ini     Unknown  Unknown
libesmf.dylib      00000001071AC2C3  c_esmc_vminitiali     Unknown  Unknown
libesmf.dylib      00000001079841E0  esmf_vmmod_mp_esm     Unknown  Unknown
libesmf.dylib      000000010781A06B  esmf_initmod_mp_e     Unknown  Unknown
ESMF_VMComponentE  00000001065DACE8  MAIN__                Unknown  Unknown
ESMF_VMComponentE  00000001065DAB5E  main                  Unknown  Unknown
forrtl: severe (174): SIGSEGV, segmentation fault occurred
Image              PC                Routine            Line        Source             
ESMF_VMComponentE  0000000100D1AED4  for__signal_handl     Unknown  Unknown
libsystem_platfor  00007FFF6A61FB5D  _sigtramp             Unknown  Unknown
libmpi.40.dylib    00000001035552A1  MPI_Comm_rank         Unknown  Unknown
libesmf.dylib      00000001018BFAC3  _ZN5ESMCI3VMK4ini     Unknown  Unknown
libesmf.dylib      000000010189DE41  _ZN5ESMCI2VM10ini     Unknown  Unknown
libesmf.dylib      00000001018C92C3  c_esmc_vminitiali     Unknown  Unknown
libesmf.dylib      00000001020A11E0  esmf_vmmod_mp_esm     Unknown  Unknown
libesmf.dylib      0000000101F3706B  esmf_initmod_mp_e     Unknown  Unknown
ESMF_VMComponentE  0000000100CF4CE8  MAIN__                Unknown  Unknown
ESMF_VMComponentE  0000000100CF4B5E  main                  Unknown  Unknown
