forrtl: severe (174): SIGSEGV, segmentation fault occurred
Image              PC                Routine            Line        Source             
ESMF_ArrayBundleE  0000000109FC1F74  for__signal_handl     Unknown  Unknown
libsystem_platfor  00007FFF7C190B5D  _sigtramp             Unknown  Unknown
libmpi.40.dylib    000000010A3AC2A1  MPI_Comm_rank         Unknown  Unknown
libesmf.dylib      000000010B953F63  _ZN5ESMCI3VMK4ini     Unknown  Unknown
libesmf.dylib      000000010B9322E1  _ZN5ESMCI2VM10ini     Unknown  Unknown
libesmf.dylib      000000010B95D643  c_esmc_vminitiali     Unknown  Unknown
libesmf.dylib      000000010C135AD0  esmf_vmmod_mp_esm     Unknown  Unknown
libesmf.dylib      000000010BFCB94B  esmf_initmod_mp_e     Unknown  Unknown
ESMF_ArrayBundleE  0000000109F9B4D3  MAIN__                Unknown  Unknown
ESMF_ArrayBundleE  0000000109F9B2BE  main                  Unknown  Unknown
forrtl: severe (174): SIGSEGV, segmentation fault occurred
Image              PC                Routine            Line        Source             
ESMF_ArrayBundleE  000000010CC69F74  for__signal_handl     Unknown  Unknown
libsystem_platfor  00007FFF7C190B5D  _sigtramp             Unknown  Unknown
libmpi.40.dylib    000000010FE432A1  MPI_Comm_rank         Unknown  Unknown
libesmf.dylib      000000010D9F1F63  _ZN5ESMCI3VMK4ini     Unknown  Unknown
libesmf.dylib      000000010D9D02E1  _ZN5ESMCI2VM10ini     Unknown  Unknown
libesmf.dylib      000000010D9FB643  c_esmc_vminitiali     Unknown  Unknown
libesmf.dylib      000000010E1D3AD0  esmf_vmmod_mp_esm     Unknown  Unknown
libesmf.dylib      000000010E06994B  esmf_initmod_mp_e     Unknown  Unknown
ESMF_ArrayBundleE  000000010CC434D3  MAIN__                Unknown  Unknown
ESMF_ArrayBundleE  000000010CC432BE  main                  Unknown  Unknown
forrtl: severe (174): SIGSEGV, segmentation fault occurred
Image              PC                Routine            Line        Source             
ESMF_ArrayBundleE  000000010309AF74  for__signal_handl     Unknown  Unknown
libsystem_platfor  00007FFF7C190B5D  _sigtramp             Unknown  Unknown
libmpi.40.dylib    00000001062782A1  MPI_Comm_rank         Unknown  Unknown
libesmf.dylib      0000000103E1EF63  _ZN5ESMCI3VMK4ini     Unknown  Unknown
libesmf.dylib      0000000103DFD2E1  _ZN5ESMCI2VM10ini     Unknown  Unknown
libesmf.dylib      0000000103E28643  c_esmc_vminitiali     Unknown  Unknown
libesmf.dylib      0000000104600AD0  esmf_vmmod_mp_esm     Unknown  Unknown
libesmf.dylib      000000010449694B  esmf_initmod_mp_e     Unknown  Unknown
ESMF_ArrayBundleE  00000001030744D3  MAIN__                Unknown  Unknown
ESMF_ArrayBundleE  00000001030742BE  main                  Unknown  Unknown
forrtl: severe (174): SIGSEGV, segmentation fault occurred
Image              PC                Routine            Line        Source             
ESMF_ArrayBundleE  0000000105B41F74  for__signal_handl     Unknown  Unknown
libsystem_platfor  00007FFF7C190B5D  _sigtramp             Unknown  Unknown
libmpi.40.dylib    0000000108D162A1  MPI_Comm_rank         Unknown  Unknown
libesmf.dylib      00000001068C5F63  _ZN5ESMCI3VMK4ini     Unknown  Unknown
libesmf.dylib      00000001068A42E1  _ZN5ESMCI2VM10ini     Unknown  Unknown
libesmf.dylib      00000001068CF643  c_esmc_vminitiali     Unknown  Unknown
libesmf.dylib      00000001070A7AD0  esmf_vmmod_mp_esm     Unknown  Unknown
libesmf.dylib      0000000106F3D94B  esmf_initmod_mp_e     Unknown  Unknown
ESMF_ArrayBundleE  0000000105B1B4D3  MAIN__                Unknown  Unknown
ESMF_ArrayBundleE  0000000105B1B2BE  main                  Unknown  Unknown
