forrtl: severe (174): SIGSEGV, segmentation fault occurred
Image              PC                Routine            Line        Source             
ESMF_ArrayBundleH  00000001028A2EF4  for__signal_handl     Unknown  Unknown
libsystem_platfor  00007FFF6A61FB5D  _sigtramp             Unknown  Unknown
libmpi.40.dylib    0000000102C8D2A1  MPI_Comm_rank         Unknown  Unknown
libesmf.dylib      0000000103F0E453  _ZN5ESMCI3VMK4ini     Unknown  Unknown
libesmf.dylib      0000000103EEC7D1  _ZN5ESMCI2VM10ini     Unknown  Unknown
libesmf.dylib      0000000103F17C53  c_esmc_vminitiali     Unknown  Unknown
libesmf.dylib      00000001046F71B0  esmf_vmmod_mp_esm     Unknown  Unknown
libesmf.dylib      000000010458D02B  esmf_initmod_mp_e     Unknown  Unknown
ESMF_ArrayBundleH  000000010287C617  MAIN__                Unknown  Unknown
ESMF_ArrayBundleH  000000010287C3BE  main                  Unknown  Unknown
forrtl: severe (174): SIGSEGV, segmentation fault occurred
Image              PC                Routine            Line        Source             
ESMF_ArrayBundleH  000000010FBCFEF4  for__signal_handl     Unknown  Unknown
libsystem_platfor  00007FFF6A61FB5D  _sigtramp             Unknown  Unknown
libmpi.40.dylib    000000010FFBA2A1  MPI_Comm_rank         Unknown  Unknown
libesmf.dylib      00000001119E5453  _ZN5ESMCI3VMK4ini     Unknown  Unknown
libesmf.dylib      00000001119C37D1  _ZN5ESMCI2VM10ini     Unknown  Unknown
libesmf.dylib      00000001119EEC53  c_esmc_vminitiali     Unknown  Unknown
libesmf.dylib      00000001121CE1B0  esmf_vmmod_mp_esm     Unknown  Unknown
libesmf.dylib      000000011206402B  esmf_initmod_mp_e     Unknown  Unknown
ESMF_ArrayBundleH  000000010FBA9617  MAIN__                Unknown  Unknown
ESMF_ArrayBundleH  000000010FBA93BE  main                  Unknown  Unknown
forrtl: severe (174): SIGSEGV, segmentation fault occurred
Image              PC                Routine            Line        Source             
ESMF_ArrayBundleH  0000000105B2BEF4  for__signal_handl     Unknown  Unknown
libsystem_platfor  00007FFF6A61FB5D  _sigtramp             Unknown  Unknown
libmpi.40.dylib    000000010836D2A1  MPI_Comm_rank         Unknown  Unknown
libesmf.dylib      00000001066CB453  _ZN5ESMCI3VMK4ini     Unknown  Unknown
libesmf.dylib      00000001066A97D1  _ZN5ESMCI2VM10ini     Unknown  Unknown
libesmf.dylib      00000001066D4C53  c_esmc_vminitiali     Unknown  Unknown
libesmf.dylib      0000000106EB41B0  esmf_vmmod_mp_esm     Unknown  Unknown
libesmf.dylib      0000000106D4A02B  esmf_initmod_mp_e     Unknown  Unknown
ESMF_ArrayBundleH  0000000105B05617  MAIN__                Unknown  Unknown
ESMF_ArrayBundleH  0000000105B053BE  main                  Unknown  Unknown
forrtl: severe (174): SIGSEGV, segmentation fault occurred
Image              PC                Routine            Line        Source             
ESMF_ArrayBundleH  000000010F04EEF4  for__signal_handl     Unknown  Unknown
libsystem_platfor  00007FFF6A61FB5D  _sigtramp             Unknown  Unknown
libmpi.40.dylib    00000001118962A1  MPI_Comm_rank         Unknown  Unknown
libesmf.dylib      000000010FBF1453  _ZN5ESMCI3VMK4ini     Unknown  Unknown
libesmf.dylib      000000010FBCF7D1  _ZN5ESMCI2VM10ini     Unknown  Unknown
libesmf.dylib      000000010FBFAC53  c_esmc_vminitiali     Unknown  Unknown
libesmf.dylib      00000001103DA1B0  esmf_vmmod_mp_esm     Unknown  Unknown
libesmf.dylib      000000011027002B  esmf_initmod_mp_e     Unknown  Unknown
ESMF_ArrayBundleH  000000010F028617  MAIN__                Unknown  Unknown
ESMF_ArrayBundleH  000000010F0283BE  main                  Unknown  Unknown
