forrtl: severe (174): SIGSEGV, segmentation fault occurred
Image              PC                Routine            Line        Source             
ESMF_NUOPCBasicMo  000000010F4AE994  for__signal_handl     Unknown  Unknown
libsystem_platfor  00007FFF6A61FB5D  _sigtramp             Unknown  Unknown
libmpi.40.dylib    0000000111CEB2A1  MPI_Comm_rank         Unknown  Unknown
libesmf.dylib      0000000110050453  _ZN5ESMCI3VMK4ini     Unknown  Unknown
libesmf.dylib      000000011002E7D1  _ZN5ESMCI2VM10ini     Unknown  Unknown
libesmf.dylib      0000000110059C53  c_esmc_vminitiali     Unknown  Unknown
libesmf.dylib      00000001108391B0  esmf_vmmod_mp_esm     Unknown  Unknown
libesmf.dylib      00000001106CF02B  esmf_initmod_mp_e     Unknown  Unknown
ESMF_NUOPCBasicMo  000000010F488031  MAIN__                Unknown  Unknown
ESMF_NUOPCBasicMo  000000010F487E9E  main                  Unknown  Unknown
forrtl: severe (174): SIGSEGV, segmentation fault occurred
Image              PC                Routine            Line        Source             
ESMF_NUOPCBasicMo  00000001051EE994  for__signal_handl     Unknown  Unknown
libsystem_platfor  00007FFF6A61FB5D  _sigtramp             Unknown  Unknown
libmpi.40.dylib    0000000107A2E2A1  MPI_Comm_rank         Unknown  Unknown
libesmf.dylib      0000000105D91453  _ZN5ESMCI3VMK4ini     Unknown  Unknown
libesmf.dylib      0000000105D6F7D1  _ZN5ESMCI2VM10ini     Unknown  Unknown
libesmf.dylib      0000000105D9AC53  c_esmc_vminitiali     Unknown  Unknown
libesmf.dylib      000000010657A1B0  esmf_vmmod_mp_esm     Unknown  Unknown
libesmf.dylib      000000010641002B  esmf_initmod_mp_e     Unknown  Unknown
ESMF_NUOPCBasicMo  00000001051C8031  MAIN__                Unknown  Unknown
ESMF_NUOPCBasicMo  00000001051C7E9E  main                  Unknown  Unknown
forrtl: severe (174): SIGSEGV, segmentation fault occurred
Image              PC                Routine            Line        Source             
ESMF_NUOPCBasicMo  000000010BD80994  for__signal_handl     Unknown  Unknown
libsystem_platfor  00007FFF6A61FB5D  _sigtramp             Unknown  Unknown
libmpi.40.dylib    000000010E5BF2A1  MPI_Comm_rank         Unknown  Unknown
libesmf.dylib      000000010C923453  _ZN5ESMCI3VMK4ini     Unknown  Unknown
libesmf.dylib      000000010C9017D1  _ZN5ESMCI2VM10ini     Unknown  Unknown
libesmf.dylib      000000010C92CC53  c_esmc_vminitiali     Unknown  Unknown
libesmf.dylib      000000010D10C1B0  esmf_vmmod_mp_esm     Unknown  Unknown
libesmf.dylib      000000010CFA202B  esmf_initmod_mp_e     Unknown  Unknown
ESMF_NUOPCBasicMo  000000010BD5A031  MAIN__                Unknown  Unknown
ESMF_NUOPCBasicMo  000000010BD59E9E  main                  Unknown  Unknown
forrtl: severe (174): SIGSEGV, segmentation fault occurred
Image              PC                Routine            Line        Source             
ESMF_NUOPCBasicMo  0000000102BAB994  for__signal_handl     Unknown  Unknown
libsystem_platfor  00007FFF6A61FB5D  _sigtramp             Unknown  Unknown
libmpi.40.dylib    00000001053EE2A1  MPI_Comm_rank         Unknown  Unknown
libesmf.dylib      000000010374E453  _ZN5ESMCI3VMK4ini     Unknown  Unknown
libesmf.dylib      000000010372C7D1  _ZN5ESMCI2VM10ini     Unknown  Unknown
libesmf.dylib      0000000103757C53  c_esmc_vminitiali     Unknown  Unknown
libesmf.dylib      0000000103F371B0  esmf_vmmod_mp_esm     Unknown  Unknown
libesmf.dylib      0000000103DCD02B  esmf_initmod_mp_e     Unknown  Unknown
ESMF_NUOPCBasicMo  0000000102B85031  MAIN__                Unknown  Unknown
ESMF_NUOPCBasicMo  0000000102B84E9E  main                  Unknown  Unknown
