forrtl: severe (174): SIGSEGV, segmentation fault occurred
Image              PC                Routine            Line        Source             
ESMF_ArrayScatter  000000010DFA0F14  for__signal_handl     Unknown  Unknown
libsystem_platfor  00007FFF6A61FB5D  _sigtramp             Unknown  Unknown
libmpi.40.dylib    00000001107DA2A1  MPI_Comm_rank         Unknown  Unknown
libesmf.dylib      000000010EB46AC3  _ZN5ESMCI3VMK4ini     Unknown  Unknown
libesmf.dylib      000000010EB24E41  _ZN5ESMCI2VM10ini     Unknown  Unknown
libesmf.dylib      000000010EB502C3  c_esmc_vminitiali     Unknown  Unknown
libesmf.dylib      000000010F3281E0  esmf_vmmod_mp_esm     Unknown  Unknown
libesmf.dylib      000000010F1BE06B  esmf_initmod_mp_e     Unknown  Unknown
ESMF_ArrayScatter  000000010DF7A7C4  MAIN__                Unknown  Unknown
ESMF_ArrayScatter  000000010DF7A55E  main                  Unknown  Unknown
forrtl: severe (174): SIGSEGV, segmentation fault occurred
Image              PC                Routine            Line        Source             
ESMF_ArrayScatter  000000010182AF14  for__signal_handl     Unknown  Unknown
libsystem_platfor  00007FFF6A61FB5D  _sigtramp             Unknown  Unknown
libmpi.40.dylib    00000001040622A1  MPI_Comm_rank         Unknown  Unknown
libesmf.dylib      00000001023CDAC3  _ZN5ESMCI3VMK4ini     Unknown  Unknown
libesmf.dylib      00000001023ABE41  _ZN5ESMCI2VM10ini     Unknown  Unknown
libesmf.dylib      00000001023D72C3  c_esmc_vminitiali     Unknown  Unknown
libesmf.dylib      0000000102BAF1E0  esmf_vmmod_mp_esm     Unknown  Unknown
libesmf.dylib      0000000102A4506B  esmf_initmod_mp_e     Unknown  Unknown
ESMF_ArrayScatter  00000001018047C4  MAIN__                Unknown  Unknown
ESMF_ArrayScatter  000000010180455E  main                  Unknown  Unknown
forrtl: severe (174): SIGSEGV, segmentation fault occurred
Image              PC                Routine            Line        Source             
ESMF_ArrayScatter  0000000101BDDF14  for__signal_handl     Unknown  Unknown
libsystem_platfor  00007FFF6A61FB5D  _sigtramp             Unknown  Unknown
libmpi.40.dylib    00000001042602A1  MPI_Comm_rank         Unknown  Unknown
libesmf.dylib      0000000102781AC3  _ZN5ESMCI3VMK4ini     Unknown  Unknown
libesmf.dylib      000000010275FE41  _ZN5ESMCI2VM10ini     Unknown  Unknown
libesmf.dylib      000000010278B2C3  c_esmc_vminitiali     Unknown  Unknown
libesmf.dylib      0000000102F631E0  esmf_vmmod_mp_esm     Unknown  Unknown
libesmf.dylib      0000000102DF906B  esmf_initmod_mp_e     Unknown  Unknown
ESMF_ArrayScatter  0000000101BB77C4  MAIN__                Unknown  Unknown
ESMF_ArrayScatter  0000000101BB755E  main                  Unknown  Unknown
forrtl: severe (174): SIGSEGV, segmentation fault occurred
Image              PC                Routine            Line        Source             
ESMF_ArrayScatter  000000010BF51F14  for__signal_handl     Unknown  Unknown
libsystem_platfor  00007FFF6A61FB5D  _sigtramp             Unknown  Unknown
libmpi.40.dylib    000000010E7922A1  MPI_Comm_rank         Unknown  Unknown
libesmf.dylib      000000010CAF1AC3  _ZN5ESMCI3VMK4ini     Unknown  Unknown
libesmf.dylib      000000010CACFE41  _ZN5ESMCI2VM10ini     Unknown  Unknown
libesmf.dylib      000000010CAFB2C3  c_esmc_vminitiali     Unknown  Unknown
libesmf.dylib      000000010D2D31E0  esmf_vmmod_mp_esm     Unknown  Unknown
libesmf.dylib      000000010D16906B  esmf_initmod_mp_e     Unknown  Unknown
ESMF_ArrayScatter  000000010BF2B7C4  MAIN__                Unknown  Unknown
ESMF_ArrayScatter  000000010BF2B55E  main                  Unknown  Unknown
