forrtl: severe (174): SIGSEGV, segmentation fault occurred
Image              PC                Routine            Line        Source             
ESMF_AppMainEx     000000010B8E0284  for__signal_handl     Unknown  Unknown
libsystem_platfor  00007FFF6A61FB5D  _sigtramp             Unknown  Unknown
libmpi.40.dylib    000000010E11B2A1  MPI_Comm_rank         Unknown  Unknown
libesmf.dylib      000000010C484AA3  _ZN5ESMCI3VMK4ini     Unknown  Unknown
libesmf.dylib      000000010C462E21  _ZN5ESMCI2VM10ini     Unknown  Unknown
libesmf.dylib      000000010C48E2A3  c_esmc_vminitiali     Unknown  Unknown
libesmf.dylib      000000010CC661D0  esmf_vmmod_mp_esm     Unknown  Unknown
libesmf.dylib      000000010CAFC04B  esmf_initmod_mp_e     Unknown  Unknown
ESMF_AppMainEx     000000010B8B9229  MAIN__                Unknown  Unknown
ESMF_AppMainEx     000000010B8B8EFE  main                  Unknown  Unknown
forrtl: severe (174): SIGSEGV, segmentation fault occurred
Image              PC                Routine            Line        Source             
ESMF_AppMainEx     000000010502C284  for__signal_handl     Unknown  Unknown
libsystem_platfor  00007FFF6A61FB5D  _sigtramp             Unknown  Unknown
libmpi.40.dylib    000000010786C2A1  MPI_Comm_rank         Unknown  Unknown
libesmf.dylib      0000000105BD2AA3  _ZN5ESMCI3VMK4ini     Unknown  Unknown
libesmf.dylib      0000000105BB0E21  _ZN5ESMCI2VM10ini     Unknown  Unknown
libesmf.dylib      0000000105BDC2A3  c_esmc_vminitiali     Unknown  Unknown
libesmf.dylib      00000001063B41D0  esmf_vmmod_mp_esm     Unknown  Unknown
libesmf.dylib      000000010624A04B  esmf_initmod_mp_e     Unknown  Unknown
ESMF_AppMainEx     0000000105005229  MAIN__                Unknown  Unknown
ESMF_AppMainEx     0000000105004EFE  main                  Unknown  Unknown
forrtl: severe (174): SIGSEGV, segmentation fault occurred
Image              PC                Routine            Line        Source             
ESMF_AppMainEx     000000010F4D6284  for__signal_handl     Unknown  Unknown
libsystem_platfor  00007FFF6A61FB5D  _sigtramp             Unknown  Unknown
libmpi.40.dylib    0000000111D132A1  MPI_Comm_rank         Unknown  Unknown
libesmf.dylib      000000011007AAA3  _ZN5ESMCI3VMK4ini     Unknown  Unknown
libesmf.dylib      0000000110058E21  _ZN5ESMCI2VM10ini     Unknown  Unknown
libesmf.dylib      00000001100842A3  c_esmc_vminitiali     Unknown  Unknown
libesmf.dylib      000000011085C1D0  esmf_vmmod_mp_esm     Unknown  Unknown
libesmf.dylib      00000001106F204B  esmf_initmod_mp_e     Unknown  Unknown
ESMF_AppMainEx     000000010F4AF229  MAIN__                Unknown  Unknown
ESMF_AppMainEx     000000010F4AEEFE  main                  Unknown  Unknown
forrtl: severe (174): SIGSEGV, segmentation fault occurred
Image              PC                Routine            Line        Source             
ESMF_AppMainEx     00000001011CB284  for__signal_handl     Unknown  Unknown
libsystem_platfor  00007FFF6A61FB5D  _sigtramp             Unknown  Unknown
libmpi.40.dylib    00000001015B82A1  MPI_Comm_rank         Unknown  Unknown
libesmf.dylib      000000010243BAA3  _ZN5ESMCI3VMK4ini     Unknown  Unknown
libesmf.dylib      0000000102419E21  _ZN5ESMCI2VM10ini     Unknown  Unknown
libesmf.dylib      00000001024452A3  c_esmc_vminitiali     Unknown  Unknown
libesmf.dylib      0000000102C1D1D0  esmf_vmmod_mp_esm     Unknown  Unknown
libesmf.dylib      0000000102AB304B  esmf_initmod_mp_e     Unknown  Unknown
ESMF_AppMainEx     00000001011A4229  MAIN__                Unknown  Unknown
ESMF_AppMainEx     00000001011A3EFE  main                  Unknown  Unknown
