forrtl: severe (174): SIGSEGV, segmentation fault occurred
Image              PC                Routine            Line        Source             
ESMF_DELayoutEx    000000010F610F14  for__signal_handl     Unknown  Unknown
libsystem_platfor  00007FFF7C190B5D  _sigtramp             Unknown  Unknown
libmpi.40.dylib    000000010F9FB2A1  MPI_Comm_rank         Unknown  Unknown
libesmf.dylib      00000001120B9AA3  _ZN5ESMCI3VMK4ini     Unknown  Unknown
libesmf.dylib      0000000112097E21  _ZN5ESMCI2VM10ini     Unknown  Unknown
libesmf.dylib      00000001120C32A3  c_esmc_vminitiali     Unknown  Unknown
libesmf.dylib      000000011289B1D0  esmf_vmmod_mp_esm     Unknown  Unknown
libesmf.dylib      000000011273104B  esmf_initmod_mp_e     Unknown  Unknown
ESMF_DELayoutEx    000000010F5E9BE8  MAIN__                Unknown  Unknown
ESMF_DELayoutEx    000000010F5E9A3E  main                  Unknown  Unknown
forrtl: severe (174): SIGSEGV, segmentation fault occurred
Image              PC                Routine            Line        Source             
ESMF_DELayoutEx    00000001099ABF14  for__signal_handl     Unknown  Unknown
libsystem_platfor  00007FFF7C190B5D  _sigtramp             Unknown  Unknown
libmpi.40.dylib    000000010C1ED2A1  MPI_Comm_rank         Unknown  Unknown
libesmf.dylib      000000010A54FAA3  _ZN5ESMCI3VMK4ini     Unknown  Unknown
libesmf.dylib      000000010A52DE21  _ZN5ESMCI2VM10ini     Unknown  Unknown
libesmf.dylib      000000010A5592A3  c_esmc_vminitiali     Unknown  Unknown
libesmf.dylib      000000010AD311D0  esmf_vmmod_mp_esm     Unknown  Unknown
libesmf.dylib      000000010ABC704B  esmf_initmod_mp_e     Unknown  Unknown
ESMF_DELayoutEx    0000000109984BE8  MAIN__                Unknown  Unknown
ESMF_DELayoutEx    0000000109984A3E  main                  Unknown  Unknown
forrtl: severe (174): SIGSEGV, segmentation fault occurred
Image              PC                Routine            Line        Source             
ESMF_DELayoutEx    0000000108DD3F14  for__signal_handl     Unknown  Unknown
libsystem_platfor  00007FFF7C190B5D  _sigtramp             Unknown  Unknown
libmpi.40.dylib    000000010B6052A1  MPI_Comm_rank         Unknown  Unknown
libesmf.dylib      0000000109973AA3  _ZN5ESMCI3VMK4ini     Unknown  Unknown
libesmf.dylib      0000000109951E21  _ZN5ESMCI2VM10ini     Unknown  Unknown
libesmf.dylib      000000010997D2A3  c_esmc_vminitiali     Unknown  Unknown
libesmf.dylib      000000010A1551D0  esmf_vmmod_mp_esm     Unknown  Unknown
libesmf.dylib      0000000109FEB04B  esmf_initmod_mp_e     Unknown  Unknown
ESMF_DELayoutEx    0000000108DACBE8  MAIN__                Unknown  Unknown
ESMF_DELayoutEx    0000000108DACA3E  main                  Unknown  Unknown
forrtl: severe (174): SIGSEGV, segmentation fault occurred
Image              PC                Routine            Line        Source             
ESMF_DELayoutEx    0000000104B9FF14  for__signal_handl     Unknown  Unknown
libsystem_platfor  00007FFF7C190B5D  _sigtramp             Unknown  Unknown
libmpi.40.dylib    00000001073DA2A1  MPI_Comm_rank         Unknown  Unknown
libesmf.dylib      0000000105741AA3  _ZN5ESMCI3VMK4ini     Unknown  Unknown
libesmf.dylib      000000010571FE21  _ZN5ESMCI2VM10ini     Unknown  Unknown
libesmf.dylib      000000010574B2A3  c_esmc_vminitiali     Unknown  Unknown
libesmf.dylib      0000000105F231D0  esmf_vmmod_mp_esm     Unknown  Unknown
libesmf.dylib      0000000105DB904B  esmf_initmod_mp_e     Unknown  Unknown
ESMF_DELayoutEx    0000000104B78BE8  MAIN__                Unknown  Unknown
ESMF_DELayoutEx    0000000104B78A3E  main                  Unknown  Unknown
