forrtl: severe (174): SIGSEGV, segmentation fault occurred
Image              PC                Routine            Line        Source             
ESMF_FieldRegridM  000000010C146D34  for__signal_handl     Unknown  Unknown
libsystem_platfor  00007FFF6A61FB5D  _sigtramp             Unknown  Unknown
libmpi.40.dylib    000000010E9822A1  MPI_Comm_rank         Unknown  Unknown
libesmf.dylib      000000010CCE6AA3  _ZN5ESMCI3VMK4ini     Unknown  Unknown
libesmf.dylib      000000010CCC4E21  _ZN5ESMCI2VM10ini     Unknown  Unknown
libesmf.dylib      000000010CCF02A3  c_esmc_vminitiali     Unknown  Unknown
libesmf.dylib      000000010D4C81D0  esmf_vmmod_mp_esm     Unknown  Unknown
libesmf.dylib      000000010D35E04B  esmf_initmod_mp_e     Unknown  Unknown
ESMF_FieldRegridM  000000010C11EF97  MAIN__                Unknown  Unknown
ESMF_FieldRegridM  000000010C11ECCE  main                  Unknown  Unknown
forrtl: severe (174): SIGSEGV, segmentation fault occurred
Image              PC                Routine            Line        Source             
ESMF_FieldRegridM  000000010C328D34  for__signal_handl     Unknown  Unknown
libsystem_platfor  00007FFF6A61FB5D  _sigtramp             Unknown  Unknown
libmpi.40.dylib    000000010EB672A1  MPI_Comm_rank         Unknown  Unknown
libesmf.dylib      000000010CECCAA3  _ZN5ESMCI3VMK4ini     Unknown  Unknown
libesmf.dylib      000000010CEAAE21  _ZN5ESMCI2VM10ini     Unknown  Unknown
libesmf.dylib      000000010CED62A3  c_esmc_vminitiali     Unknown  Unknown
libesmf.dylib      000000010D6AE1D0  esmf_vmmod_mp_esm     Unknown  Unknown
libesmf.dylib      000000010D54404B  esmf_initmod_mp_e     Unknown  Unknown
ESMF_FieldRegridM  000000010C300F97  MAIN__                Unknown  Unknown
ESMF_FieldRegridM  000000010C300CCE  main                  Unknown  Unknown
forrtl: severe (174): SIGSEGV, segmentation fault occurred
Image              PC                Routine            Line        Source             
ESMF_FieldRegridM  000000010811ED34  for__signal_handl     Unknown  Unknown
libsystem_platfor  00007FFF6A61FB5D  _sigtramp             Unknown  Unknown
libmpi.40.dylib    000000010A9562A1  MPI_Comm_rank         Unknown  Unknown
libesmf.dylib      0000000108CC0AA3  _ZN5ESMCI3VMK4ini     Unknown  Unknown
libesmf.dylib      0000000108C9EE21  _ZN5ESMCI2VM10ini     Unknown  Unknown
libesmf.dylib      0000000108CCA2A3  c_esmc_vminitiali     Unknown  Unknown
libesmf.dylib      00000001094A21D0  esmf_vmmod_mp_esm     Unknown  Unknown
libesmf.dylib      000000010933804B  esmf_initmod_mp_e     Unknown  Unknown
ESMF_FieldRegridM  00000001080F6F97  MAIN__                Unknown  Unknown
ESMF_FieldRegridM  00000001080F6CCE  main                  Unknown  Unknown
forrtl: severe (174): SIGSEGV, segmentation fault occurred
Image              PC                Routine            Line        Source             
ESMF_FieldRegridM  0000000100694D34  for__signal_handl     Unknown  Unknown
libsystem_platfor  00007FFF6A61FB5D  _sigtramp             Unknown  Unknown
libmpi.40.dylib    0000000102ECA2A1  MPI_Comm_rank         Unknown  Unknown
libesmf.dylib      0000000101235AA3  _ZN5ESMCI3VMK4ini     Unknown  Unknown
libesmf.dylib      0000000101213E21  _ZN5ESMCI2VM10ini     Unknown  Unknown
libesmf.dylib      000000010123F2A3  c_esmc_vminitiali     Unknown  Unknown
libesmf.dylib      0000000101A171D0  esmf_vmmod_mp_esm     Unknown  Unknown
libesmf.dylib      00000001018AD04B  esmf_initmod_mp_e     Unknown  Unknown
ESMF_FieldRegridM  000000010066CF97  MAIN__                Unknown  Unknown
ESMF_FieldRegridM  000000010066CCCE  main                  Unknown  Unknown
