forrtl: severe (174): SIGSEGV, segmentation fault occurred
Image              PC                Routine            Line        Source             
ESMF_RHandleFromF  000000010E686E34  for__signal_handl     Unknown  Unknown
libsystem_platfor  00007FFF6A61FB5D  _sigtramp             Unknown  Unknown
libmpi.40.dylib    0000000110EC42A1  MPI_Comm_rank         Unknown  Unknown
libesmf.dylib      000000010F22CAA3  _ZN5ESMCI3VMK4ini     Unknown  Unknown
libesmf.dylib      000000010F20AE21  _ZN5ESMCI2VM10ini     Unknown  Unknown
libesmf.dylib      000000010F2362A3  c_esmc_vminitiali     Unknown  Unknown
libesmf.dylib      000000010FA0E1D0  esmf_vmmod_mp_esm     Unknown  Unknown
libesmf.dylib      000000010F8A404B  esmf_initmod_mp_e     Unknown  Unknown
ESMF_RHandleFromF  000000010E6608C8  MAIN__                Unknown  Unknown
ESMF_RHandleFromF  000000010E66069E  main                  Unknown  Unknown
forrtl: severe (174): SIGSEGV, segmentation fault occurred
Image              PC                Routine            Line        Source             
ESMF_RHandleFromF  00000001022BBE34  for__signal_handl     Unknown  Unknown
libsystem_platfor  00007FFF6A61FB5D  _sigtramp             Unknown  Unknown
libmpi.40.dylib    0000000104AF92A1  MPI_Comm_rank         Unknown  Unknown
libesmf.dylib      0000000102E5FAA3  _ZN5ESMCI3VMK4ini     Unknown  Unknown
libesmf.dylib      0000000102E3DE21  _ZN5ESMCI2VM10ini     Unknown  Unknown
libesmf.dylib      0000000102E692A3  c_esmc_vminitiali     Unknown  Unknown
libesmf.dylib      00000001036411D0  esmf_vmmod_mp_esm     Unknown  Unknown
libesmf.dylib      00000001034D704B  esmf_initmod_mp_e     Unknown  Unknown
ESMF_RHandleFromF  00000001022958C8  MAIN__                Unknown  Unknown
ESMF_RHandleFromF  000000010229569E  main                  Unknown  Unknown
forrtl: severe (174): SIGSEGV, segmentation fault occurred
Image              PC                Routine            Line        Source             
ESMF_RHandleFromF  000000010B349E34  for__signal_handl     Unknown  Unknown
libsystem_platfor  00007FFF6A61FB5D  _sigtramp             Unknown  Unknown
libmpi.40.dylib    000000010DB822A1  MPI_Comm_rank         Unknown  Unknown
libesmf.dylib      000000010BEEAAA3  _ZN5ESMCI3VMK4ini     Unknown  Unknown
libesmf.dylib      000000010BEC8E21  _ZN5ESMCI2VM10ini     Unknown  Unknown
libesmf.dylib      000000010BEF42A3  c_esmc_vminitiali     Unknown  Unknown
libesmf.dylib      000000010C6CC1D0  esmf_vmmod_mp_esm     Unknown  Unknown
libesmf.dylib      000000010C56204B  esmf_initmod_mp_e     Unknown  Unknown
ESMF_RHandleFromF  000000010B3238C8  MAIN__                Unknown  Unknown
ESMF_RHandleFromF  000000010B32369E  main                  Unknown  Unknown
forrtl: severe (174): SIGSEGV, segmentation fault occurred
Image              PC                Routine            Line        Source             
ESMF_RHandleFromF  0000000108BB6E34  for__signal_handl     Unknown  Unknown
libsystem_platfor  00007FFF6A61FB5D  _sigtramp             Unknown  Unknown
libmpi.40.dylib    000000010B3F22A1  MPI_Comm_rank         Unknown  Unknown
libesmf.dylib      000000010975BAA3  _ZN5ESMCI3VMK4ini     Unknown  Unknown
libesmf.dylib      0000000109739E21  _ZN5ESMCI2VM10ini     Unknown  Unknown
libesmf.dylib      00000001097652A3  c_esmc_vminitiali     Unknown  Unknown
libesmf.dylib      0000000109F3D1D0  esmf_vmmod_mp_esm     Unknown  Unknown
libesmf.dylib      0000000109DD304B  esmf_initmod_mp_e     Unknown  Unknown
ESMF_RHandleFromF  0000000108B908C8  MAIN__                Unknown  Unknown
ESMF_RHandleFromF  0000000108B9069E  main                  Unknown  Unknown
