forrtl: severe (174): SIGSEGV, segmentation fault occurred
Image              PC                Routine            Line        Source             
ESMF_VMGetMPIComm  0000000106D1DFF4  for__signal_handl     Unknown  Unknown
libsystem_platfor  00007FFF6A61FB5D  _sigtramp             Unknown  Unknown
libmpi.40.dylib    00000001095542A1  MPI_Comm_rank         Unknown  Unknown
libesmf.dylib      00000001078C0AC3  _ZN5ESMCI3VMK4ini     Unknown  Unknown
libesmf.dylib      000000010789EE41  _ZN5ESMCI2VM10ini     Unknown  Unknown
libesmf.dylib      00000001078CA2C3  c_esmc_vminitiali     Unknown  Unknown
libesmf.dylib      00000001080A21E0  esmf_vmmod_mp_esm     Unknown  Unknown
libesmf.dylib      0000000107F3806B  esmf_initmod_mp_e     Unknown  Unknown
ESMF_VMGetMPIComm  0000000106CF83FF  MAIN__                Unknown  Unknown
ESMF_VMGetMPIComm  0000000106CF826E  main                  Unknown  Unknown
forrtl: severe (174): SIGSEGV, segmentation fault occurred
Image              PC                Routine            Line        Source             
ESMF_VMGetMPIComm  00000001000C3FF4  for__signal_handl     Unknown  Unknown
libsystem_platfor  00007FFF6A61FB5D  _sigtramp             Unknown  Unknown
libmpi.40.dylib    00000001028FC2A1  MPI_Comm_rank         Unknown  Unknown
libesmf.dylib      0000000100C64AC3  _ZN5ESMCI3VMK4ini     Unknown  Unknown
libesmf.dylib      0000000100C42E41  _ZN5ESMCI2VM10ini     Unknown  Unknown
libesmf.dylib      0000000100C6E2C3  c_esmc_vminitiali     Unknown  Unknown
libesmf.dylib      00000001014461E0  esmf_vmmod_mp_esm     Unknown  Unknown
libesmf.dylib      00000001012DC06B  esmf_initmod_mp_e     Unknown  Unknown
ESMF_VMGetMPIComm  000000010009E3FF  MAIN__                Unknown  Unknown
ESMF_VMGetMPIComm  000000010009E26E  main                  Unknown  Unknown
forrtl: severe (174): SIGSEGV, segmentation fault occurred
Image              PC                Routine            Line        Source             
ESMF_VMGetMPIComm  000000010D5B9FF4  for__signal_handl     Unknown  Unknown
libsystem_platfor  00007FFF6A61FB5D  _sigtramp             Unknown  Unknown
libmpi.40.dylib    000000010FDF42A1  MPI_Comm_rank         Unknown  Unknown
libesmf.dylib      000000010E15DAC3  _ZN5ESMCI3VMK4ini     Unknown  Unknown
libesmf.dylib      000000010E13BE41  _ZN5ESMCI2VM10ini     Unknown  Unknown
libesmf.dylib      000000010E1672C3  c_esmc_vminitiali     Unknown  Unknown
libesmf.dylib      000000010E93F1E0  esmf_vmmod_mp_esm     Unknown  Unknown
libesmf.dylib      000000010E7D506B  esmf_initmod_mp_e     Unknown  Unknown
ESMF_VMGetMPIComm  000000010D5943FF  MAIN__                Unknown  Unknown
ESMF_VMGetMPIComm  000000010D59426E  main                  Unknown  Unknown
forrtl: severe (174): SIGSEGV, segmentation fault occurred
Image              PC                Routine            Line        Source             
ESMF_VMGetMPIComm  00000001091C1FF4  for__signal_handl     Unknown  Unknown
libsystem_platfor  00007FFF6A61FB5D  _sigtramp             Unknown  Unknown
libmpi.40.dylib    000000010B9F62A1  MPI_Comm_rank         Unknown  Unknown
libesmf.dylib      0000000109D61AC3  _ZN5ESMCI3VMK4ini     Unknown  Unknown
libesmf.dylib      0000000109D3FE41  _ZN5ESMCI2VM10ini     Unknown  Unknown
libesmf.dylib      0000000109D6B2C3  c_esmc_vminitiali     Unknown  Unknown
libesmf.dylib      000000010A5431E0  esmf_vmmod_mp_esm     Unknown  Unknown
libesmf.dylib      000000010A3D906B  esmf_initmod_mp_e     Unknown  Unknown
ESMF_VMGetMPIComm  000000010919C3FF  MAIN__                Unknown  Unknown
ESMF_VMGetMPIComm  000000010919C26E  main                  Unknown  Unknown
