forrtl: severe (174): SIGSEGV, segmentation fault occurred
Image              PC                Routine            Line        Source             
ESMF_GCompEx       00000001096EB544  for__signal_handl     Unknown  Unknown
libsystem_platfor  00007FFF6A61FB5D  _sigtramp             Unknown  Unknown
libmpi.40.dylib    000000010BF2A2A1  MPI_Comm_rank         Unknown  Unknown
libesmf.dylib      000000010A28FAA3  _ZN5ESMCI3VMK4ini     Unknown  Unknown
libesmf.dylib      000000010A26DE21  _ZN5ESMCI2VM10ini     Unknown  Unknown
libesmf.dylib      000000010A2992A3  c_esmc_vminitiali     Unknown  Unknown
libesmf.dylib      000000010AA711D0  esmf_vmmod_mp_esm     Unknown  Unknown
libesmf.dylib      000000010A90704B  esmf_initmod_mp_e     Unknown  Unknown
ESMF_GCompEx       00000001096C4C92  MAIN__                Unknown  Unknown
ESMF_GCompEx       00000001096C49AE  main                  Unknown  Unknown
forrtl: severe (174): SIGSEGV, segmentation fault occurred
Image              PC                Routine            Line        Source             
ESMF_GCompEx       000000010514B544  for__signal_handl     Unknown  Unknown
libsystem_platfor  00007FFF6A61FB5D  _sigtramp             Unknown  Unknown
libmpi.40.dylib    00000001079822A1  MPI_Comm_rank         Unknown  Unknown
libesmf.dylib      0000000105CEEAA3  _ZN5ESMCI3VMK4ini     Unknown  Unknown
libesmf.dylib      0000000105CCCE21  _ZN5ESMCI2VM10ini     Unknown  Unknown
libesmf.dylib      0000000105CF82A3  c_esmc_vminitiali     Unknown  Unknown
libesmf.dylib      00000001064D01D0  esmf_vmmod_mp_esm     Unknown  Unknown
libesmf.dylib      000000010636604B  esmf_initmod_mp_e     Unknown  Unknown
ESMF_GCompEx       0000000105124C92  MAIN__                Unknown  Unknown
ESMF_GCompEx       00000001051249AE  main                  Unknown  Unknown
forrtl: severe (174): SIGSEGV, segmentation fault occurred
Image              PC                Routine            Line        Source             
ESMF_GCompEx       000000010B571544  for__signal_handl     Unknown  Unknown
libsystem_platfor  00007FFF6A61FB5D  _sigtramp             Unknown  Unknown
libmpi.40.dylib    000000010DDAC2A1  MPI_Comm_rank         Unknown  Unknown
libesmf.dylib      000000010C112AA3  _ZN5ESMCI3VMK4ini     Unknown  Unknown
libesmf.dylib      000000010C0F0E21  _ZN5ESMCI2VM10ini     Unknown  Unknown
libesmf.dylib      000000010C11C2A3  c_esmc_vminitiali     Unknown  Unknown
libesmf.dylib      000000010C8F41D0  esmf_vmmod_mp_esm     Unknown  Unknown
libesmf.dylib      000000010C78A04B  esmf_initmod_mp_e     Unknown  Unknown
ESMF_GCompEx       000000010B54AC92  MAIN__                Unknown  Unknown
ESMF_GCompEx       000000010B54A9AE  main                  Unknown  Unknown
forrtl: severe (174): SIGSEGV, segmentation fault occurred
Image              PC                Routine            Line        Source             
ESMF_GCompEx       0000000109F04544  for__signal_handl     Unknown  Unknown
libsystem_platfor  00007FFF6A61FB5D  _sigtramp             Unknown  Unknown
libmpi.40.dylib    000000010C73E2A1  MPI_Comm_rank         Unknown  Unknown
libesmf.dylib      000000010AAA6AA3  _ZN5ESMCI3VMK4ini     Unknown  Unknown
libesmf.dylib      000000010AA84E21  _ZN5ESMCI2VM10ini     Unknown  Unknown
libesmf.dylib      000000010AAB02A3  c_esmc_vminitiali     Unknown  Unknown
libesmf.dylib      000000010B2881D0  esmf_vmmod_mp_esm     Unknown  Unknown
libesmf.dylib      000000010B11E04B  esmf_initmod_mp_e     Unknown  Unknown
ESMF_GCompEx       0000000109EDDC92  MAIN__                Unknown  Unknown
ESMF_GCompEx       0000000109EDD9AE  main                  Unknown  Unknown
