forrtl: severe (174): SIGSEGV, segmentation fault occurred
Image              PC                Routine            Line        Source             
ESMF_WebServicesE  000000010B286E74  for__signal_handl     Unknown  Unknown
libsystem_platfor  00007FFF6A61FB5D  _sigtramp             Unknown  Unknown
libmpi.40.dylib    000000010DAC32A1  MPI_Comm_rank         Unknown  Unknown
libesmf.dylib      000000010BE29AC3  _ZN5ESMCI3VMK4ini     Unknown  Unknown
libesmf.dylib      000000010BE07E41  _ZN5ESMCI2VM10ini     Unknown  Unknown
libesmf.dylib      000000010BE332C3  c_esmc_vminitiali     Unknown  Unknown
libesmf.dylib      000000010C60B1E0  esmf_vmmod_mp_esm     Unknown  Unknown
libesmf.dylib      000000010C4A106B  esmf_initmod_mp_e     Unknown  Unknown
ESMF_WebServicesE  000000010B260FB9  MAIN__                Unknown  Unknown
ESMF_WebServicesE  000000010B260E2E  main                  Unknown  Unknown
forrtl: severe (174): SIGSEGV, segmentation fault occurred
Image              PC                Routine            Line        Source             
ESMF_WebServicesE  00000001054E2E74  for__signal_handl     Unknown  Unknown
libsystem_platfor  00007FFF6A61FB5D  _sigtramp             Unknown  Unknown
libmpi.40.dylib    0000000107D162A1  MPI_Comm_rank         Unknown  Unknown
libesmf.dylib      0000000106083AC3  _ZN5ESMCI3VMK4ini     Unknown  Unknown
libesmf.dylib      0000000106061E41  _ZN5ESMCI2VM10ini     Unknown  Unknown
libesmf.dylib      000000010608D2C3  c_esmc_vminitiali     Unknown  Unknown
libesmf.dylib      00000001068651E0  esmf_vmmod_mp_esm     Unknown  Unknown
libesmf.dylib      00000001066FB06B  esmf_initmod_mp_e     Unknown  Unknown
ESMF_WebServicesE  00000001054BCFB9  MAIN__                Unknown  Unknown
ESMF_WebServicesE  00000001054BCE2E  main                  Unknown  Unknown
forrtl: severe (174): SIGSEGV, segmentation fault occurred
Image              PC                Routine            Line        Source             
ESMF_WebServicesE  000000010CE94E74  for__signal_handl     Unknown  Unknown
libsystem_platfor  00007FFF6A61FB5D  _sigtramp             Unknown  Unknown
libmpi.40.dylib    000000010F6D62A1  MPI_Comm_rank         Unknown  Unknown
libesmf.dylib      000000010DA3AAC3  _ZN5ESMCI3VMK4ini     Unknown  Unknown
libesmf.dylib      000000010DA18E41  _ZN5ESMCI2VM10ini     Unknown  Unknown
libesmf.dylib      000000010DA442C3  c_esmc_vminitiali     Unknown  Unknown
libesmf.dylib      000000010E21C1E0  esmf_vmmod_mp_esm     Unknown  Unknown
libesmf.dylib      000000010E0B206B  esmf_initmod_mp_e     Unknown  Unknown
ESMF_WebServicesE  000000010CE6EFB9  MAIN__                Unknown  Unknown
ESMF_WebServicesE  000000010CE6EE2E  main                  Unknown  Unknown
forrtl: severe (174): SIGSEGV, segmentation fault occurred
Image              PC                Routine            Line        Source             
ESMF_WebServicesE  0000000100432E74  for__signal_handl     Unknown  Unknown
libsystem_platfor  00007FFF6A61FB5D  _sigtramp             Unknown  Unknown
libmpi.40.dylib    0000000102C6C2A1  MPI_Comm_rank         Unknown  Unknown
libesmf.dylib      0000000100FD6AC3  _ZN5ESMCI3VMK4ini     Unknown  Unknown
libesmf.dylib      0000000100FB4E41  _ZN5ESMCI2VM10ini     Unknown  Unknown
libesmf.dylib      0000000100FE02C3  c_esmc_vminitiali     Unknown  Unknown
libesmf.dylib      00000001017B81E0  esmf_vmmod_mp_esm     Unknown  Unknown
libesmf.dylib      000000010164E06B  esmf_initmod_mp_e     Unknown  Unknown
ESMF_WebServicesE  000000010040CFB9  MAIN__                Unknown  Unknown
ESMF_WebServicesE  000000010040CE2E  main                  Unknown  Unknown
