forrtl: severe (174): SIGSEGV, segmentation fault occurred
Image              PC                Routine            Line        Source             
ESMF_CompTunnelEx  0000000101FD9C34  for__signal_handl     Unknown  Unknown
libsystem_platfor  00007FFF7C190B5D  _sigtramp             Unknown  Unknown
libmpi.40.dylib    00000001051B72A1  MPI_Comm_rank         Unknown  Unknown
libesmf.dylib      0000000102D5EF63  _ZN5ESMCI3VMK4ini     Unknown  Unknown
libesmf.dylib      0000000102D3D2E1  _ZN5ESMCI2VM10ini     Unknown  Unknown
libesmf.dylib      0000000102D68643  c_esmc_vminitiali     Unknown  Unknown
libesmf.dylib      0000000103540AD0  esmf_vmmod_mp_esm     Unknown  Unknown
libesmf.dylib      00000001033D694B  esmf_initmod_mp_e     Unknown  Unknown
ESMF_CompTunnelEx  0000000101FB34CE  MAIN__                Unknown  Unknown
ESMF_CompTunnelEx  0000000101FB32EE  main                  Unknown  Unknown
forrtl: severe (174): SIGSEGV, segmentation fault occurred
Image              PC                Routine            Line        Source             
ESMF_CompTunnelEx  000000010730EC34  for__signal_handl     Unknown  Unknown
libsystem_platfor  00007FFF7C190B5D  _sigtramp             Unknown  Unknown
libmpi.40.dylib    000000010A4E32A1  MPI_Comm_rank         Unknown  Unknown
libesmf.dylib      0000000108091F63  _ZN5ESMCI3VMK4ini     Unknown  Unknown
libesmf.dylib      00000001080702E1  _ZN5ESMCI2VM10ini     Unknown  Unknown
libesmf.dylib      000000010809B643  c_esmc_vminitiali     Unknown  Unknown
libesmf.dylib      0000000108873AD0  esmf_vmmod_mp_esm     Unknown  Unknown
libesmf.dylib      000000010870994B  esmf_initmod_mp_e     Unknown  Unknown
ESMF_CompTunnelEx  00000001072E84CE  MAIN__                Unknown  Unknown
ESMF_CompTunnelEx  00000001072E82EE  main                  Unknown  Unknown
forrtl: severe (174): SIGSEGV, segmentation fault occurred
Image              PC                Routine            Line        Source             
ESMF_CompTunnelEx  0000000108933C34  for__signal_handl     Unknown  Unknown
libsystem_platfor  00007FFF7C190B5D  _sigtramp             Unknown  Unknown
libmpi.40.dylib    000000010BB0F2A1  MPI_Comm_rank         Unknown  Unknown
libesmf.dylib      00000001096BAF63  _ZN5ESMCI3VMK4ini     Unknown  Unknown
libesmf.dylib      00000001096992E1  _ZN5ESMCI2VM10ini     Unknown  Unknown
libesmf.dylib      00000001096C4643  c_esmc_vminitiali     Unknown  Unknown
libesmf.dylib      0000000109E9CAD0  esmf_vmmod_mp_esm     Unknown  Unknown
libesmf.dylib      0000000109D3294B  esmf_initmod_mp_e     Unknown  Unknown
ESMF_CompTunnelEx  000000010890D4CE  MAIN__                Unknown  Unknown
ESMF_CompTunnelEx  000000010890D2EE  main                  Unknown  Unknown
forrtl: severe (174): SIGSEGV, segmentation fault occurred
Image              PC                Routine            Line        Source             
ESMF_CompTunnelEx  00000001058BBC34  for__signal_handl     Unknown  Unknown
libsystem_platfor  00007FFF7C190B5D  _sigtramp             Unknown  Unknown
libmpi.40.dylib    0000000105CA62A1  MPI_Comm_rank         Unknown  Unknown
libesmf.dylib      0000000108119F63  _ZN5ESMCI3VMK4ini     Unknown  Unknown
libesmf.dylib      00000001080F82E1  _ZN5ESMCI2VM10ini     Unknown  Unknown
libesmf.dylib      0000000108123643  c_esmc_vminitiali     Unknown  Unknown
libesmf.dylib      00000001088FBAD0  esmf_vmmod_mp_esm     Unknown  Unknown
libesmf.dylib      000000010879194B  esmf_initmod_mp_e     Unknown  Unknown
ESMF_CompTunnelEx  00000001058954CE  MAIN__                Unknown  Unknown
ESMF_CompTunnelEx  00000001058952EE  main                  Unknown  Unknown
forrtl: severe (174): SIGSEGV, segmentation fault occurred
Image              PC                Routine            Line        Source             
ESMF_CompTunnelEx  00000001007A7C34  for__signal_handl     Unknown  Unknown
libsystem_platfor  00007FFF7C190B5D  _sigtramp             Unknown  Unknown
libmpi.40.dylib    00000001039842A1  MPI_Comm_rank         Unknown  Unknown
libesmf.dylib      000000010152DF63  _ZN5ESMCI3VMK4ini     Unknown  Unknown
libesmf.dylib      000000010150C2E1  _ZN5ESMCI2VM10ini     Unknown  Unknown
libesmf.dylib      0000000101537643  c_esmc_vminitiali     Unknown  Unknown
libesmf.dylib      0000000101D0FAD0  esmf_vmmod_mp_esm     Unknown  Unknown
libesmf.dylib      0000000101BA594B  esmf_initmod_mp_e     Unknown  Unknown
ESMF_CompTunnelEx  00000001007814CE  MAIN__                Unknown  Unknown
ESMF_CompTunnelEx  00000001007812EE  main                  Unknown  Unknown
forrtl: severe (174): SIGSEGV, segmentation fault occurred
Image              PC                Routine            Line        Source             
ESMF_CompTunnelEx  00000001012A5C34  for__signal_handl     Unknown  Unknown
libsystem_platfor  00007FFF7C190B5D  _sigtramp             Unknown  Unknown
libmpi.40.dylib    000000010447E2A1  MPI_Comm_rank         Unknown  Unknown
libesmf.dylib      000000010202EF63  _ZN5ESMCI3VMK4ini     Unknown  Unknown
libesmf.dylib      000000010200D2E1  _ZN5ESMCI2VM10ini     Unknown  Unknown
libesmf.dylib      0000000102038643  c_esmc_vminitiali     Unknown  Unknown
libesmf.dylib      0000000102810AD0  esmf_vmmod_mp_esm     Unknown  Unknown
libesmf.dylib      00000001026A694B  esmf_initmod_mp_e     Unknown  Unknown
ESMF_CompTunnelEx  000000010127F4CE  MAIN__                Unknown  Unknown
ESMF_CompTunnelEx  000000010127F2EE  main                  Unknown  Unknown
