forrtl: severe (174): SIGSEGV, segmentation fault occurred
Image              PC                Routine            Line        Source             
ESMF_VMHigherRank  000000010323EF74  for__signal_handl     Unknown  Unknown
libsystem_platfor  00007FFF7C190B5D  _sigtramp             Unknown  Unknown
libmpi.40.dylib    000000010641B2A1  MPI_Comm_rank         Unknown  Unknown
libesmf.dylib      0000000103FC8F63  _ZN5ESMCI3VMK4ini     Unknown  Unknown
libesmf.dylib      0000000103FA72E1  _ZN5ESMCI2VM10ini     Unknown  Unknown
libesmf.dylib      0000000103FD2643  c_esmc_vminitiali     Unknown  Unknown
libesmf.dylib      00000001047AAAD0  esmf_vmmod_mp_esm     Unknown  Unknown
libesmf.dylib      000000010464094B  esmf_initmod_mp_e     Unknown  Unknown
ESMF_VMHigherRank  000000010321851B  MAIN__                Unknown  Unknown
ESMF_VMHigherRank  000000010321837E  main                  Unknown  Unknown
forrtl: severe (174): SIGSEGV, segmentation fault occurred
Image              PC                Routine            Line        Source             
ESMF_VMHigherRank  000000010EDDDF74  for__signal_handl     Unknown  Unknown
libsystem_platfor  00007FFF7C190B5D  _sigtramp             Unknown  Unknown
libmpi.40.dylib    0000000111FB42A1  MPI_Comm_rank         Unknown  Unknown
libesmf.dylib      000000010FB61F63  _ZN5ESMCI3VMK4ini     Unknown  Unknown
libesmf.dylib      000000010FB402E1  _ZN5ESMCI2VM10ini     Unknown  Unknown
libesmf.dylib      000000010FB6B643  c_esmc_vminitiali     Unknown  Unknown
libesmf.dylib      0000000110343AD0  esmf_vmmod_mp_esm     Unknown  Unknown
libesmf.dylib      00000001101D994B  esmf_initmod_mp_e     Unknown  Unknown
ESMF_VMHigherRank  000000010EDB751B  MAIN__                Unknown  Unknown
ESMF_VMHigherRank  000000010EDB737E  main                  Unknown  Unknown
forrtl: severe (174): SIGSEGV, segmentation fault occurred
Image              PC                Routine            Line        Source             
ESMF_VMHigherRank  0000000103759F74  for__signal_handl     Unknown  Unknown
libsystem_platfor  00007FFF7C190B5D  _sigtramp             Unknown  Unknown
libmpi.40.dylib    00000001069382A1  MPI_Comm_rank         Unknown  Unknown
libesmf.dylib      00000001044E2F63  _ZN5ESMCI3VMK4ini     Unknown  Unknown
libesmf.dylib      00000001044C12E1  _ZN5ESMCI2VM10ini     Unknown  Unknown
libesmf.dylib      00000001044EC643  c_esmc_vminitiali     Unknown  Unknown
libesmf.dylib      0000000104CC4AD0  esmf_vmmod_mp_esm     Unknown  Unknown
libesmf.dylib      0000000104B5A94B  esmf_initmod_mp_e     Unknown  Unknown
ESMF_VMHigherRank  000000010373351B  MAIN__                Unknown  Unknown
ESMF_VMHigherRank  000000010373337E  main                  Unknown  Unknown
forrtl: severe (174): SIGSEGV, segmentation fault occurred
Image              PC                Routine            Line        Source             
ESMF_VMHigherRank  0000000104EC7F74  for__signal_handl     Unknown  Unknown
libsystem_platfor  00007FFF7C190B5D  _sigtramp             Unknown  Unknown
libmpi.40.dylib    00000001080A12A1  MPI_Comm_rank         Unknown  Unknown
libesmf.dylib      0000000105C4CF63  _ZN5ESMCI3VMK4ini     Unknown  Unknown
libesmf.dylib      0000000105C2B2E1  _ZN5ESMCI2VM10ini     Unknown  Unknown
libesmf.dylib      0000000105C56643  c_esmc_vminitiali     Unknown  Unknown
libesmf.dylib      000000010642EAD0  esmf_vmmod_mp_esm     Unknown  Unknown
libesmf.dylib      00000001062C494B  esmf_initmod_mp_e     Unknown  Unknown
ESMF_VMHigherRank  0000000104EA151B  MAIN__                Unknown  Unknown
ESMF_VMHigherRank  0000000104EA137E  main                  Unknown  Unknown
