forrtl: severe (174): SIGSEGV, segmentation fault occurred
Image              PC                Routine            Line        Source             
ESMF_FieldRedistE  0000000108ADBE14  for__signal_handl     Unknown  Unknown
libsystem_platfor  00007FFF6A61FB5D  _sigtramp             Unknown  Unknown
libmpi.40.dylib    0000000108EC62A1  MPI_Comm_rank         Unknown  Unknown
libesmf.dylib      000000010B0BFAC3  _ZN5ESMCI3VMK4ini     Unknown  Unknown
libesmf.dylib      000000010B09DE41  _ZN5ESMCI2VM10ini     Unknown  Unknown
libesmf.dylib      000000010B0C92C3  c_esmc_vminitiali     Unknown  Unknown
libesmf.dylib      000000010B8A11E0  esmf_vmmod_mp_esm     Unknown  Unknown
libesmf.dylib      000000010B73706B  esmf_initmod_mp_e     Unknown  Unknown
ESMF_FieldRedistE  0000000108AB34CE  MAIN__                Unknown  Unknown
ESMF_FieldRedistE  0000000108AB312E  main                  Unknown  Unknown
forrtl: severe (174): SIGSEGV, segmentation fault occurred
Image              PC                Routine            Line        Source             
ESMF_FieldRedistE  000000010FC95E14  for__signal_handl     Unknown  Unknown
libsystem_platfor  00007FFF6A61FB5D  _sigtramp             Unknown  Unknown
libmpi.40.dylib    00000001124CE2A1  MPI_Comm_rank         Unknown  Unknown
libesmf.dylib      000000011083AAC3  _ZN5ESMCI3VMK4ini     Unknown  Unknown
libesmf.dylib      0000000110818E41  _ZN5ESMCI2VM10ini     Unknown  Unknown
libesmf.dylib      00000001108442C3  c_esmc_vminitiali     Unknown  Unknown
libesmf.dylib      000000011101C1E0  esmf_vmmod_mp_esm     Unknown  Unknown
libesmf.dylib      0000000110EB206B  esmf_initmod_mp_e     Unknown  Unknown
ESMF_FieldRedistE  000000010FC6D4CE  MAIN__                Unknown  Unknown
ESMF_FieldRedistE  000000010FC6D12E  main                  Unknown  Unknown
forrtl: severe (174): SIGSEGV, segmentation fault occurred
Image              PC                Routine            Line        Source             
ESMF_FieldRedistE  00000001004D8E14  for__signal_handl     Unknown  Unknown
libsystem_platfor  00007FFF6A61FB5D  _sigtramp             Unknown  Unknown
libmpi.40.dylib    0000000102D162A1  MPI_Comm_rank         Unknown  Unknown
libesmf.dylib      000000010107DAC3  _ZN5ESMCI3VMK4ini     Unknown  Unknown
libesmf.dylib      000000010105BE41  _ZN5ESMCI2VM10ini     Unknown  Unknown
libesmf.dylib      00000001010872C3  c_esmc_vminitiali     Unknown  Unknown
libesmf.dylib      000000010185F1E0  esmf_vmmod_mp_esm     Unknown  Unknown
libesmf.dylib      00000001016F506B  esmf_initmod_mp_e     Unknown  Unknown
ESMF_FieldRedistE  00000001004B04CE  MAIN__                Unknown  Unknown
ESMF_FieldRedistE  00000001004B012E  main                  Unknown  Unknown
forrtl: severe (174): SIGSEGV, segmentation fault occurred
Image              PC                Routine            Line        Source             
ESMF_FieldRedistE  000000010A615E14  for__signal_handl     Unknown  Unknown
libsystem_platfor  00007FFF6A61FB5D  _sigtramp             Unknown  Unknown
libmpi.40.dylib    000000010CE4B2A1  MPI_Comm_rank         Unknown  Unknown
libesmf.dylib      000000010B1B5AC3  _ZN5ESMCI3VMK4ini     Unknown  Unknown
libesmf.dylib      000000010B193E41  _ZN5ESMCI2VM10ini     Unknown  Unknown
libesmf.dylib      000000010B1BF2C3  c_esmc_vminitiali     Unknown  Unknown
libesmf.dylib      000000010B9971E0  esmf_vmmod_mp_esm     Unknown  Unknown
libesmf.dylib      000000010B82D06B  esmf_initmod_mp_e     Unknown  Unknown
ESMF_FieldRedistE  000000010A5ED4CE  MAIN__                Unknown  Unknown
ESMF_FieldRedistE  000000010A5ED12E  main                  Unknown  Unknown
