20210307 030613.881 INFO             PET0 !!!!!!!!!!!!!!!!!!!!!!!!!!!!!!!!!!!!!!!!!!!!!!!!!!!!!!
20210307 030613.881 INFO             PET0 !!! THE ESMF_LOG IS SET TO OUTPUT ALL LOG MESSAGES !!!
20210307 030613.881 INFO             PET0 !!!     THIS MAY CAUSE SLOWDOWN IN PERFORMANCE     !!!
20210307 030613.881 INFO             PET0 !!! FOR PRODUCTION RUNS, USE:                      !!!
20210307 030613.881 INFO             PET0 !!!                   ESMF_LOGKIND_Multi_On_Error  !!!
20210307 030613.881 INFO             PET0 !!!!!!!!!!!!!!!!!!!!!!!!!!!!!!!!!!!!!!!!!!!!!!!!!!!!!!
20210307 030613.881 INFO             PET0 Running with ESMF Version   : ESMF_8_1_0_beta_snapshot_47-22-gffbbe5951e
20210307 030613.881 INFO             PET0 ESMF library build date/time: "Mar  7 2021" "02:40:22"
20210307 030613.881 INFO             PET0 ESMF library build location : /glade/scratch/mpotts/gfortran_9.1.0_mpt_g
20210307 030613.881 INFO             PET0 ESMF_COMM                   : mpt
20210307 030613.881 INFO             PET0 ESMF_MOAB                   : enabled
20210307 030613.881 INFO             PET0 ESMF_LAPACK                 : enabled
20210307 030613.881 INFO             PET0 ESMF_NETCDF                 : enabled
20210307 030613.881 INFO             PET0 ESMF_PNETCDF                : disabled
20210307 030613.881 INFO             PET0 ESMF_PIO                    : enabled
20210307 030613.881 INFO             PET0 ESMF_YAMLCPP                : enabled
20210307 030613.882 INFO             PET0  NUMBER_OF_PROCESSORS           4
20210307 030613.882 INFO             PET0  PASS  Example ESMF_VMUserMpiCommMultiEx, ESMF_VMUserMpiCommMultiEx.F90, line 126
20210307 030613.882 INFO             PET0 Finalizing ESMF
20210307 030613.893 INFO             PET0 !!!!!!!!!!!!!!!!!!!!!!!!!!!!!!!!!!!!!!!!!!!!!!!!!!!!!!
20210307 030613.893 INFO             PET0 !!! THE ESMF_LOG IS SET TO OUTPUT ALL LOG MESSAGES !!!
20210307 030613.893 INFO             PET0 !!!     THIS MAY CAUSE SLOWDOWN IN PERFORMANCE     !!!
20210307 030613.894 INFO             PET0 !!! FOR PRODUCTION RUNS, USE:                      !!!
20210307 030613.894 INFO             PET0 !!!                   ESMF_LOGKIND_Multi_On_Error  !!!
20210307 030613.894 INFO             PET0 !!!!!!!!!!!!!!!!!!!!!!!!!!!!!!!!!!!!!!!!!!!!!!!!!!!!!!
20210307 030613.894 INFO             PET0 Running with ESMF Version   : ESMF_8_1_0_beta_snapshot_47-22-gffbbe5951e
20210307 030613.894 INFO             PET0 ESMF library build date/time: "Mar  7 2021" "02:40:22"
20210307 030613.894 INFO             PET0 ESMF library build location : /glade/scratch/mpotts/gfortran_9.1.0_mpt_g
20210307 030613.894 INFO             PET0 ESMF_COMM                   : mpt
20210307 030613.894 INFO             PET0 ESMF_MOAB                   : enabled
20210307 030613.894 INFO             PET0 ESMF_LAPACK                 : enabled
20210307 030613.894 INFO             PET0 ESMF_NETCDF                 : enabled
20210307 030613.894 INFO             PET0 ESMF_PNETCDF                : disabled
20210307 030613.894 INFO             PET0 ESMF_PIO                    : enabled
20210307 030613.894 INFO             PET0 ESMF_YAMLCPP                : enabled
20210307 030613.894 INFO             PET0  NUMBER_OF_PROCESSORS           4
20210307 030613.894 INFO             PET0  PASS  Example ESMF_VMUserMpiCommMultiEx, ESMF_VMUserMpiCommMultiEx.F90, line 154
20210307 030613.894 INFO             PET0 Finalizing ESMF
20210307 030613.882 INFO             PET1 !!!!!!!!!!!!!!!!!!!!!!!!!!!!!!!!!!!!!!!!!!!!!!!!!!!!!!
20210307 030613.882 INFO             PET1 !!! THE ESMF_LOG IS SET TO OUTPUT ALL LOG MESSAGES !!!
20210307 030613.882 INFO             PET1 !!!     THIS MAY CAUSE SLOWDOWN IN PERFORMANCE     !!!
20210307 030613.882 INFO             PET1 !!! FOR PRODUCTION RUNS, USE:                      !!!
20210307 030613.882 INFO             PET1 !!!                   ESMF_LOGKIND_Multi_On_Error  !!!
20210307 030613.882 INFO             PET1 !!!!!!!!!!!!!!!!!!!!!!!!!!!!!!!!!!!!!!!!!!!!!!!!!!!!!!
20210307 030613.882 INFO             PET1 Running with ESMF Version   : ESMF_8_1_0_beta_snapshot_47-22-gffbbe5951e
20210307 030613.882 INFO             PET1 ESMF library build date/time: "Mar  7 2021" "02:40:22"
20210307 030613.882 INFO             PET1 ESMF library build location : /glade/scratch/mpotts/gfortran_9.1.0_mpt_g
20210307 030613.882 INFO             PET1 ESMF_COMM                   : mpt
20210307 030613.882 INFO             PET1 ESMF_MOAB                   : enabled
20210307 030613.882 INFO             PET1 ESMF_LAPACK                 : enabled
20210307 030613.882 INFO             PET1 ESMF_NETCDF                 : enabled
20210307 030613.882 INFO             PET1 ESMF_PNETCDF                : disabled
20210307 030613.882 INFO             PET1 ESMF_PIO                    : enabled
20210307 030613.882 INFO             PET1 ESMF_YAMLCPP                : enabled
20210307 030613.882 INFO             PET1  NUMBER_OF_PROCESSORS           4
20210307 030613.882 INFO             PET1  PASS  Example ESMF_VMUserMpiCommMultiEx, ESMF_VMUserMpiCommMultiEx.F90, line 126
20210307 030613.882 INFO             PET1 Finalizing ESMF
20210307 030613.893 INFO             PET1 !!!!!!!!!!!!!!!!!!!!!!!!!!!!!!!!!!!!!!!!!!!!!!!!!!!!!!
20210307 030613.893 INFO             PET1 !!! THE ESMF_LOG IS SET TO OUTPUT ALL LOG MESSAGES !!!
20210307 030613.893 INFO             PET1 !!!     THIS MAY CAUSE SLOWDOWN IN PERFORMANCE     !!!
20210307 030613.893 INFO             PET1 !!! FOR PRODUCTION RUNS, USE:                      !!!
20210307 030613.893 INFO             PET1 !!!                   ESMF_LOGKIND_Multi_On_Error  !!!
20210307 030613.893 INFO             PET1 !!!!!!!!!!!!!!!!!!!!!!!!!!!!!!!!!!!!!!!!!!!!!!!!!!!!!!
20210307 030613.893 INFO             PET1 Running with ESMF Version   : ESMF_8_1_0_beta_snapshot_47-22-gffbbe5951e
20210307 030613.893 INFO             PET1 ESMF library build date/time: "Mar  7 2021" "02:40:22"
20210307 030613.893 INFO             PET1 ESMF library build location : /glade/scratch/mpotts/gfortran_9.1.0_mpt_g
20210307 030613.893 INFO             PET1 ESMF_COMM                   : mpt
20210307 030613.893 INFO             PET1 ESMF_MOAB                   : enabled
20210307 030613.893 INFO             PET1 ESMF_LAPACK                 : enabled
20210307 030613.893 INFO             PET1 ESMF_NETCDF                 : enabled
20210307 030613.893 INFO             PET1 ESMF_PNETCDF                : disabled
20210307 030613.893 INFO             PET1 ESMF_PIO                    : enabled
20210307 030613.893 INFO             PET1 ESMF_YAMLCPP                : enabled
20210307 030613.894 INFO             PET1  NUMBER_OF_PROCESSORS           4
20210307 030613.894 INFO             PET1  PASS  Example ESMF_VMUserMpiCommMultiEx, ESMF_VMUserMpiCommMultiEx.F90, line 154
20210307 030613.894 INFO             PET1 Finalizing ESMF
