20210331 070545.985 INFO             PET0 !!!!!!!!!!!!!!!!!!!!!!!!!!!!!!!!!!!!!!!!!!!!!!!!!!!!!!
20210331 070545.985 INFO             PET0 !!! THE ESMF_LOG IS SET TO OUTPUT ALL LOG MESSAGES !!!
20210331 070545.985 INFO             PET0 !!!     THIS MAY CAUSE SLOWDOWN IN PERFORMANCE     !!!
20210331 070545.985 INFO             PET0 !!! FOR PRODUCTION RUNS, USE:                      !!!
20210331 070545.985 INFO             PET0 !!!                   ESMF_LOGKIND_Multi_On_Error  !!!
20210331 070545.985 INFO             PET0 !!!!!!!!!!!!!!!!!!!!!!!!!!!!!!!!!!!!!!!!!!!!!!!!!!!!!!
20210331 070545.985 INFO             PET0 Running with ESMF Version   : ESMF_8_2_0_beta_snapshot_04
20210331 070545.985 INFO             PET0 ESMF library build date/time: "Mar 31 2021" "06:43:11"
20210331 070545.985 INFO             PET0 ESMF library build location : /p/work1/mpotts/gfortran_9.2.0_mpiuni_g
20210331 070545.985 INFO             PET0 ESMF_COMM                   : mpiuni
20210331 070545.985 INFO             PET0 ESMF_MOAB                   : enabled
20210331 070545.985 INFO             PET0 ESMF_LAPACK                 : enabled
20210331 070545.985 INFO             PET0 ESMF_NETCDF                 : disabled
20210331 070545.985 INFO             PET0 ESMF_PNETCDF                : disabled
20210331 070545.985 INFO             PET0 ESMF_PIO                    : disabled
20210331 070545.985 INFO             PET0 ESMF_YAMLCPP                : enabled
20210331 070545.991 INFO             PET0 ESMF_FieldRedistStoreNF(): Just entered routine.
20210331 070546.573 INFO             PET0 ESMF_FieldRedistStoreNF(): Leaving routine.
20210331 070546.587 INFO             PET0  NUMBER_OF_PROCESSORS           1
20210331 070546.587 INFO             PET0  PASS  Example ESMF_RHandleFromFileEx, ESMF_RHandleFromFileEx.F90, line 192
20210331 070546.587 INFO             PET0 Finalizing ESMF
