20210414 063938.148 INFO             PET0 !!!!!!!!!!!!!!!!!!!!!!!!!!!!!!!!!!!!!!!!!!!!!!!!!!!!!!
20210414 063938.148 INFO             PET0 !!! THE ESMF_LOG IS SET TO OUTPUT ALL LOG MESSAGES !!!
20210414 063938.148 INFO             PET0 !!!     THIS MAY CAUSE SLOWDOWN IN PERFORMANCE     !!!
20210414 063938.148 INFO             PET0 !!! FOR PRODUCTION RUNS, USE:                      !!!
20210414 063938.148 INFO             PET0 !!!                   ESMF_LOGKIND_Multi_On_Error  !!!
20210414 063938.148 INFO             PET0 !!!!!!!!!!!!!!!!!!!!!!!!!!!!!!!!!!!!!!!!!!!!!!!!!!!!!!
20210414 063938.148 INFO             PET0 Running with ESMF Version   : ESMF_8_2_0_beta_snapshot_04-7-g3098c96
20210414 063938.148 INFO             PET0 ESMF library build date/time: "Apr 14 2021" "06:19:01"
20210414 063938.148 INFO             PET0 ESMF library build location : /p/work1/mpotts/gfortran_9.2.0_mpiuni_g
20210414 063938.148 INFO             PET0 ESMF_COMM                   : mpiuni
20210414 063938.148 INFO             PET0 ESMF_MOAB                   : enabled
20210414 063938.148 INFO             PET0 ESMF_LAPACK                 : enabled
20210414 063938.148 INFO             PET0 ESMF_NETCDF                 : disabled
20210414 063938.148 INFO             PET0 ESMF_PNETCDF                : disabled
20210414 063938.148 INFO             PET0 ESMF_PIO                    : disabled
20210414 063938.148 INFO             PET0 ESMF_YAMLCPP                : enabled
20210414 063938.149 INFO             PET0 ESMF Tracing Enabled
20210414 063938.149 INFO             PET0 ESMF Profiling Enabled
20210414 063938.149 INFO             PET0 ESMF Trace/Profile clock: REALTIME
20210414 063938.150 INFO             PET0  NUMBER_OF_PROCESSORS           1
20210414 063938.150 INFO             PET0  PASS  Example ESMF_TraceUserEx, ESMF_TraceUserEx.F90, line 125
20210414 063938.150 INFO             PET0 Finalizing ESMF
20210414 063938.150 INFO             PET0 **************** Region Timings *******************
20210414 063938.150 INFO             PET0 Region              Count  Total (s)   Self (s)    Mean (s)    Min (s)     Max (s)
20210414 063938.150 INFO             PET0   outer_region      1      0.0004      0.0000      0.0004      0.0004      0.0004
20210414 063938.150 INFO             PET0     inner_region_1  10     0.0002      0.0002      0.0000      0.0000      0.0000
20210414 063938.150 INFO             PET0     inner_region_2  10     0.0001      0.0001      0.0000      0.0000      0.0000
