build time -- 2021-04-22 12:32:16
running test_examples
Traceback (most recent call last):
  File "setup.py", line 273, in <module>
    'test_regrid_from_file_parallel': TestRegridFromFileParallelCommand})
  File "/apps/intel/intelpython3/lib/python3.6/distutils/core.py", line 148, in setup
    dist.run_commands()
  File "/apps/intel/intelpython3/lib/python3.6/distutils/dist.py", line 955, in run_commands
    self.run_command(cmd)
  File "/apps/intel/intelpython3/lib/python3.6/distutils/dist.py", line 974, in run_command
    cmd_obj.run()
  File "setup.py", line 13, in wrapper
    from ESMF.util.cache_data import cache_data_files
  File "src/ESMF/__init__.py", line 69, in <module>
    from ESMF.api.esmpymanager import *
  File "src/ESMF/api/esmpymanager.py", line 9, in <module>
    from ESMF.api.constants import *
  File "src/ESMF/api/constants.py", line 3, in <module>
    import numpy as np
  File "/apps/intel/intelpython3/lib/python3.6/site-packages/numpy/__init__.py", line 156, in <module>
    from . import _distributor_init
  File "/apps/intel/intelpython3/lib/python3.6/site-packages/numpy/_distributor_init.py", line 34, in <module>
    from . import _mklinit
ImportError: libmkl_rt.so: cannot open shared object file: No such file or directory
