20210402 050413.493 INFO             PET0 !!!!!!!!!!!!!!!!!!!!!!!!!!!!!!!!!!!!!!!!!!!!!!!!!!!!!!
20210402 050413.494 INFO             PET0 !!! THE ESMF_LOG IS SET TO OUTPUT ALL LOG MESSAGES !!!
20210402 050413.494 INFO             PET0 !!!     THIS MAY CAUSE SLOWDOWN IN PERFORMANCE     !!!
20210402 050413.494 INFO             PET0 !!! FOR PRODUCTION RUNS, USE:                      !!!
20210402 050413.494 INFO             PET0 !!!                   ESMF_LOGKIND_Multi_On_Error  !!!
20210402 050413.494 INFO             PET0 !!!!!!!!!!!!!!!!!!!!!!!!!!!!!!!!!!!!!!!!!!!!!!!!!!!!!!
20210402 050413.494 INFO             PET0 Running with ESMF Version   : 8.2.0 beta snapshot
20210402 050413.494 INFO             PET0 ESMF library build date/time: "Apr  2 2021" "04:29:10"
20210402 050413.494 INFO             PET0 ESMF library build location : /lustre/f2/dev/ncep/Mark.Potts/intel_2019.5_mpi_O
20210402 050413.494 INFO             PET0 ESMF_COMM                   : mpi
20210402 050413.494 INFO             PET0 ESMF_MOAB                   : enabled
20210402 050413.495 INFO             PET0 ESMF_LAPACK                 : enabled
20210402 050413.495 INFO             PET0 ESMF_NETCDF                 : enabled
20210402 050413.495 INFO             PET0 ESMF_PNETCDF                : disabled
20210402 050413.495 INFO             PET0 ESMF_PIO                    : enabled
20210402 050413.495 INFO             PET0 ESMF_YAMLCPP                : enabled
20210402 050413.508 INFO             PET0  NUMBER_OF_PROCESSORS           2
20210402 050413.508 INFO             PET0  PASS  Example ESMF_VMUserMpiCommEx, ESMF_VMUserMpiCommEx.F90, line 113
20210402 050413.508 INFO             PET0 Finalizing ESMF
20210402 050413.507 INFO             PET1 !!!!!!!!!!!!!!!!!!!!!!!!!!!!!!!!!!!!!!!!!!!!!!!!!!!!!!
20210402 050413.507 INFO             PET1 !!! THE ESMF_LOG IS SET TO OUTPUT ALL LOG MESSAGES !!!
20210402 050413.507 INFO             PET1 !!!     THIS MAY CAUSE SLOWDOWN IN PERFORMANCE     !!!
20210402 050413.507 INFO             PET1 !!! FOR PRODUCTION RUNS, USE:                      !!!
20210402 050413.507 INFO             PET1 !!!                   ESMF_LOGKIND_Multi_On_Error  !!!
20210402 050413.507 INFO             PET1 !!!!!!!!!!!!!!!!!!!!!!!!!!!!!!!!!!!!!!!!!!!!!!!!!!!!!!
20210402 050413.507 INFO             PET1 Running with ESMF Version   : 8.2.0 beta snapshot
20210402 050413.507 INFO             PET1 ESMF library build date/time: "Apr  2 2021" "04:29:10"
20210402 050413.507 INFO             PET1 ESMF library build location : /lustre/f2/dev/ncep/Mark.Potts/intel_2019.5_mpi_O
20210402 050413.507 INFO             PET1 ESMF_COMM                   : mpi
20210402 050413.508 INFO             PET1 ESMF_MOAB                   : enabled
20210402 050413.508 INFO             PET1 ESMF_LAPACK                 : enabled
20210402 050413.508 INFO             PET1 ESMF_NETCDF                 : enabled
20210402 050413.508 INFO             PET1 ESMF_PNETCDF                : disabled
20210402 050413.508 INFO             PET1 ESMF_PIO                    : enabled
20210402 050413.508 INFO             PET1 ESMF_YAMLCPP                : enabled
20210402 050413.508 INFO             PET1  NUMBER_OF_PROCESSORS           2
20210402 050413.508 INFO             PET1  PASS  Example ESMF_VMUserMpiCommEx, ESMF_VMUserMpiCommEx.F90, line 113
20210402 050413.508 INFO             PET1 Finalizing ESMF
