20210418 012201.323 INFO             PET0 !!!!!!!!!!!!!!!!!!!!!!!!!!!!!!!!!!!!!!!!!!!!!!!!!!!!!!
20210418 012201.323 INFO             PET0 !!! THE ESMF_LOG IS SET TO OUTPUT ALL LOG MESSAGES !!!
20210418 012201.323 INFO             PET0 !!!     THIS MAY CAUSE SLOWDOWN IN PERFORMANCE     !!!
20210418 012201.323 INFO             PET0 !!! FOR PRODUCTION RUNS, USE:                      !!!
20210418 012201.323 INFO             PET0 !!!                   ESMF_LOGKIND_Multi_On_Error  !!!
20210418 012201.323 INFO             PET0 !!!!!!!!!!!!!!!!!!!!!!!!!!!!!!!!!!!!!!!!!!!!!!!!!!!!!!
20210418 012201.323 INFO             PET0 Running with ESMF Version   : 8.2.0 beta snapshot
20210418 012201.323 INFO             PET0 ESMF library build date/time: "Apr 18 2021" "00:43:53"
20210418 012201.323 INFO             PET0 ESMF library build location : /lustre/f2/dev/ncep/Mark.Potts/intel_2019.5_mpi_O_develop
20210418 012201.323 INFO             PET0 ESMF_COMM                   : mpi
20210418 012201.328 INFO             PET0 ESMF_MOAB                   : enabled
20210418 012201.328 INFO             PET0 ESMF_LAPACK                 : enabled
20210418 012201.328 INFO             PET0 ESMF_NETCDF                 : enabled
20210418 012201.328 INFO             PET0 ESMF_PNETCDF                : disabled
20210418 012201.328 INFO             PET0 ESMF_PIO                    : enabled
20210418 012201.328 INFO             PET0 ESMF_YAMLCPP                : enabled
20210418 012201.340 INFO             PET0  NUMBER_OF_PROCESSORS           4
20210418 012201.340 INFO             PET0  PASS  Example ESMF_FieldCreateEx, ESMF_FieldCreateEx.F90, line 1058
20210418 012201.340 INFO             PET0 Finalizing ESMF
20210418 012201.335 INFO             PET1 !!!!!!!!!!!!!!!!!!!!!!!!!!!!!!!!!!!!!!!!!!!!!!!!!!!!!!
20210418 012201.335 INFO             PET1 !!! THE ESMF_LOG IS SET TO OUTPUT ALL LOG MESSAGES !!!
20210418 012201.335 INFO             PET1 !!!     THIS MAY CAUSE SLOWDOWN IN PERFORMANCE     !!!
20210418 012201.335 INFO             PET1 !!! FOR PRODUCTION RUNS, USE:                      !!!
20210418 012201.335 INFO             PET1 !!!                   ESMF_LOGKIND_Multi_On_Error  !!!
20210418 012201.335 INFO             PET1 !!!!!!!!!!!!!!!!!!!!!!!!!!!!!!!!!!!!!!!!!!!!!!!!!!!!!!
20210418 012201.335 INFO             PET1 Running with ESMF Version   : 8.2.0 beta snapshot
20210418 012201.335 INFO             PET1 ESMF library build date/time: "Apr 18 2021" "00:43:53"
20210418 012201.335 INFO             PET1 ESMF library build location : /lustre/f2/dev/ncep/Mark.Potts/intel_2019.5_mpi_O_develop
20210418 012201.335 INFO             PET1 ESMF_COMM                   : mpi
20210418 012201.336 INFO             PET1 ESMF_MOAB                   : enabled
20210418 012201.336 INFO             PET1 ESMF_LAPACK                 : enabled
20210418 012201.336 INFO             PET1 ESMF_NETCDF                 : enabled
20210418 012201.336 INFO             PET1 ESMF_PNETCDF                : disabled
20210418 012201.336 INFO             PET1 ESMF_PIO                    : enabled
20210418 012201.336 INFO             PET1 ESMF_YAMLCPP                : enabled
20210418 012201.340 INFO             PET1  NUMBER_OF_PROCESSORS           4
20210418 012201.340 INFO             PET1  PASS  Example ESMF_FieldCreateEx, ESMF_FieldCreateEx.F90, line 1058
20210418 012201.340 INFO             PET1 Finalizing ESMF
20210418 012201.329 INFO             PET2 !!!!!!!!!!!!!!!!!!!!!!!!!!!!!!!!!!!!!!!!!!!!!!!!!!!!!!
20210418 012201.329 INFO             PET2 !!! THE ESMF_LOG IS SET TO OUTPUT ALL LOG MESSAGES !!!
20210418 012201.329 INFO             PET2 !!!     THIS MAY CAUSE SLOWDOWN IN PERFORMANCE     !!!
20210418 012201.329 INFO             PET2 !!! FOR PRODUCTION RUNS, USE:                      !!!
20210418 012201.329 INFO             PET2 !!!                   ESMF_LOGKIND_Multi_On_Error  !!!
20210418 012201.329 INFO             PET2 !!!!!!!!!!!!!!!!!!!!!!!!!!!!!!!!!!!!!!!!!!!!!!!!!!!!!!
20210418 012201.329 INFO             PET2 Running with ESMF Version   : 8.2.0 beta snapshot
20210418 012201.329 INFO             PET2 ESMF library build date/time: "Apr 18 2021" "00:43:53"
20210418 012201.329 INFO             PET2 ESMF library build location : /lustre/f2/dev/ncep/Mark.Potts/intel_2019.5_mpi_O_develop
20210418 012201.329 INFO             PET2 ESMF_COMM                   : mpi
20210418 012201.330 INFO             PET2 ESMF_MOAB                   : enabled
20210418 012201.330 INFO             PET2 ESMF_LAPACK                 : enabled
20210418 012201.330 INFO             PET2 ESMF_NETCDF                 : enabled
20210418 012201.330 INFO             PET2 ESMF_PNETCDF                : disabled
20210418 012201.330 INFO             PET2 ESMF_PIO                    : enabled
20210418 012201.330 INFO             PET2 ESMF_YAMLCPP                : enabled
20210418 012201.340 INFO             PET2  NUMBER_OF_PROCESSORS           4
20210418 012201.340 INFO             PET2  PASS  Example ESMF_FieldCreateEx, ESMF_FieldCreateEx.F90, line 1058
20210418 012201.340 INFO             PET2 Finalizing ESMF
20210418 012201.330 INFO             PET3 !!!!!!!!!!!!!!!!!!!!!!!!!!!!!!!!!!!!!!!!!!!!!!!!!!!!!!
20210418 012201.330 INFO             PET3 !!! THE ESMF_LOG IS SET TO OUTPUT ALL LOG MESSAGES !!!
20210418 012201.330 INFO             PET3 !!!     THIS MAY CAUSE SLOWDOWN IN PERFORMANCE     !!!
20210418 012201.330 INFO             PET3 !!! FOR PRODUCTION RUNS, USE:                      !!!
20210418 012201.330 INFO             PET3 !!!                   ESMF_LOGKIND_Multi_On_Error  !!!
20210418 012201.330 INFO             PET3 !!!!!!!!!!!!!!!!!!!!!!!!!!!!!!!!!!!!!!!!!!!!!!!!!!!!!!
20210418 012201.330 INFO             PET3 Running with ESMF Version   : 8.2.0 beta snapshot
20210418 012201.330 INFO             PET3 ESMF library build date/time: "Apr 18 2021" "00:43:53"
20210418 012201.330 INFO             PET3 ESMF library build location : /lustre/f2/dev/ncep/Mark.Potts/intel_2019.5_mpi_O_develop
20210418 012201.330 INFO             PET3 ESMF_COMM                   : mpi
20210418 012201.331 INFO             PET3 ESMF_MOAB                   : enabled
20210418 012201.331 INFO             PET3 ESMF_LAPACK                 : enabled
20210418 012201.331 INFO             PET3 ESMF_NETCDF                 : enabled
20210418 012201.331 INFO             PET3 ESMF_PNETCDF                : disabled
20210418 012201.331 INFO             PET3 ESMF_PIO                    : enabled
20210418 012201.331 INFO             PET3 ESMF_YAMLCPP                : enabled
20210418 012201.340 INFO             PET3  NUMBER_OF_PROCESSORS           4
20210418 012201.340 INFO             PET3  PASS  Example ESMF_FieldCreateEx, ESMF_FieldCreateEx.F90, line 1058
20210418 012201.340 INFO             PET3 Finalizing ESMF
