build time -- 2021-04-21 00:29:59
20210421 010625.499 INFO             PET0 !!!!!!!!!!!!!!!!!!!!!!!!!!!!!!!!!!!!!!!!!!!!!!!!!!!!!!
20210421 010625.499 INFO             PET0 !!! THE ESMF_LOG IS SET TO OUTPUT ALL LOG MESSAGES !!!
20210421 010625.499 INFO             PET0 !!!     THIS MAY CAUSE SLOWDOWN IN PERFORMANCE     !!!
20210421 010625.499 INFO             PET0 !!! FOR PRODUCTION RUNS, USE:                      !!!
20210421 010625.499 INFO             PET0 !!!                   ESMF_LOGKIND_Multi_On_Error  !!!
20210421 010625.499 INFO             PET0 !!!!!!!!!!!!!!!!!!!!!!!!!!!!!!!!!!!!!!!!!!!!!!!!!!!!!!
20210421 010625.499 INFO             PET0 Running with ESMF Version   : 8.2.0 beta snapshot
20210421 010625.499 INFO             PET0 ESMF library build date/time: "Apr 21 2021" "00:28:18"
20210421 010625.499 INFO             PET0 ESMF library build location : /lustre/f2/dev/ncep/Mark.Potts/intel_2019.5_mpi_O_develop
20210421 010625.499 INFO             PET0 ESMF_COMM                   : mpi
20210421 010625.500 INFO             PET0 ESMF_MOAB                   : enabled
20210421 010625.500 INFO             PET0 ESMF_LAPACK                 : enabled
20210421 010625.500 INFO             PET0 ESMF_NETCDF                 : enabled
20210421 010625.500 INFO             PET0 ESMF_PNETCDF                : disabled
20210421 010625.500 INFO             PET0 ESMF_PIO                    : enabled
20210421 010625.500 INFO             PET0 ESMF_YAMLCPP                : enabled
20210421 010625.507 INFO             PET0  NUMBER_OF_PROCESSORS           4
20210421 010625.507 INFO             PET0  PASS  Example ESMF_AppMainEx, ESMF_AppMainEx.F90, line 486
20210421 010625.507 INFO             PET0 Finalizing ESMF
20210421 010625.493 INFO             PET1 !!!!!!!!!!!!!!!!!!!!!!!!!!!!!!!!!!!!!!!!!!!!!!!!!!!!!!
20210421 010625.493 INFO             PET1 !!! THE ESMF_LOG IS SET TO OUTPUT ALL LOG MESSAGES !!!
20210421 010625.493 INFO             PET1 !!!     THIS MAY CAUSE SLOWDOWN IN PERFORMANCE     !!!
20210421 010625.493 INFO             PET1 !!! FOR PRODUCTION RUNS, USE:                      !!!
20210421 010625.493 INFO             PET1 !!!                   ESMF_LOGKIND_Multi_On_Error  !!!
20210421 010625.493 INFO             PET1 !!!!!!!!!!!!!!!!!!!!!!!!!!!!!!!!!!!!!!!!!!!!!!!!!!!!!!
20210421 010625.493 INFO             PET1 Running with ESMF Version   : 8.2.0 beta snapshot
20210421 010625.493 INFO             PET1 ESMF library build date/time: "Apr 21 2021" "00:28:18"
20210421 010625.493 INFO             PET1 ESMF library build location : /lustre/f2/dev/ncep/Mark.Potts/intel_2019.5_mpi_O_develop
20210421 010625.493 INFO             PET1 ESMF_COMM                   : mpi
20210421 010625.494 INFO             PET1 ESMF_MOAB                   : enabled
20210421 010625.494 INFO             PET1 ESMF_LAPACK                 : enabled
20210421 010625.494 INFO             PET1 ESMF_NETCDF                 : enabled
20210421 010625.494 INFO             PET1 ESMF_PNETCDF                : disabled
20210421 010625.494 INFO             PET1 ESMF_PIO                    : enabled
20210421 010625.494 INFO             PET1 ESMF_YAMLCPP                : enabled
20210421 010625.507 INFO             PET1  NUMBER_OF_PROCESSORS           4
20210421 010625.507 INFO             PET1  PASS  Example ESMF_AppMainEx, ESMF_AppMainEx.F90, line 486
20210421 010625.507 INFO             PET1 Finalizing ESMF
20210421 010625.493 INFO             PET2 !!!!!!!!!!!!!!!!!!!!!!!!!!!!!!!!!!!!!!!!!!!!!!!!!!!!!!
20210421 010625.493 INFO             PET2 !!! THE ESMF_LOG IS SET TO OUTPUT ALL LOG MESSAGES !!!
20210421 010625.493 INFO             PET2 !!!     THIS MAY CAUSE SLOWDOWN IN PERFORMANCE     !!!
20210421 010625.493 INFO             PET2 !!! FOR PRODUCTION RUNS, USE:                      !!!
20210421 010625.493 INFO             PET2 !!!                   ESMF_LOGKIND_Multi_On_Error  !!!
20210421 010625.493 INFO             PET2 !!!!!!!!!!!!!!!!!!!!!!!!!!!!!!!!!!!!!!!!!!!!!!!!!!!!!!
20210421 010625.493 INFO             PET2 Running with ESMF Version   : 8.2.0 beta snapshot
20210421 010625.493 INFO             PET2 ESMF library build date/time: "Apr 21 2021" "00:28:18"
20210421 010625.493 INFO             PET2 ESMF library build location : /lustre/f2/dev/ncep/Mark.Potts/intel_2019.5_mpi_O_develop
20210421 010625.493 INFO             PET2 ESMF_COMM                   : mpi
20210421 010625.494 INFO             PET2 ESMF_MOAB                   : enabled
20210421 010625.494 INFO             PET2 ESMF_LAPACK                 : enabled
20210421 010625.494 INFO             PET2 ESMF_NETCDF                 : enabled
20210421 010625.494 INFO             PET2 ESMF_PNETCDF                : disabled
20210421 010625.494 INFO             PET2 ESMF_PIO                    : enabled
20210421 010625.494 INFO             PET2 ESMF_YAMLCPP                : enabled
20210421 010625.507 INFO             PET2  NUMBER_OF_PROCESSORS           4
20210421 010625.507 INFO             PET2  PASS  Example ESMF_AppMainEx, ESMF_AppMainEx.F90, line 486
20210421 010625.507 INFO             PET2 Finalizing ESMF
20210421 010625.503 INFO             PET3 !!!!!!!!!!!!!!!!!!!!!!!!!!!!!!!!!!!!!!!!!!!!!!!!!!!!!!
20210421 010625.503 INFO             PET3 !!! THE ESMF_LOG IS SET TO OUTPUT ALL LOG MESSAGES !!!
20210421 010625.503 INFO             PET3 !!!     THIS MAY CAUSE SLOWDOWN IN PERFORMANCE     !!!
20210421 010625.503 INFO             PET3 !!! FOR PRODUCTION RUNS, USE:                      !!!
20210421 010625.503 INFO             PET3 !!!                   ESMF_LOGKIND_Multi_On_Error  !!!
20210421 010625.503 INFO             PET3 !!!!!!!!!!!!!!!!!!!!!!!!!!!!!!!!!!!!!!!!!!!!!!!!!!!!!!
20210421 010625.503 INFO             PET3 Running with ESMF Version   : 8.2.0 beta snapshot
20210421 010625.503 INFO             PET3 ESMF library build date/time: "Apr 21 2021" "00:28:18"
20210421 010625.503 INFO             PET3 ESMF library build location : /lustre/f2/dev/ncep/Mark.Potts/intel_2019.5_mpi_O_develop
20210421 010625.503 INFO             PET3 ESMF_COMM                   : mpi
20210421 010625.504 INFO             PET3 ESMF_MOAB                   : enabled
20210421 010625.504 INFO             PET3 ESMF_LAPACK                 : enabled
20210421 010625.504 INFO             PET3 ESMF_NETCDF                 : enabled
20210421 010625.504 INFO             PET3 ESMF_PNETCDF                : disabled
20210421 010625.504 INFO             PET3 ESMF_PIO                    : enabled
20210421 010625.504 INFO             PET3 ESMF_YAMLCPP                : enabled
20210421 010625.507 INFO             PET3  NUMBER_OF_PROCESSORS           4
20210421 010625.507 INFO             PET3  PASS  Example ESMF_AppMainEx, ESMF_AppMainEx.F90, line 486
20210421 010625.507 INFO             PET3 Finalizing ESMF
