20210324 003508.565 INFO             PET0 !!!!!!!!!!!!!!!!!!!!!!!!!!!!!!!!!!!!!!!!!!!!!!!!!!!!!!
20210324 003508.565 INFO             PET0 !!! THE ESMF_LOG IS SET TO OUTPUT ALL LOG MESSAGES !!!
20210324 003508.565 INFO             PET0 !!!     THIS MAY CAUSE SLOWDOWN IN PERFORMANCE     !!!
20210324 003508.565 INFO             PET0 !!! FOR PRODUCTION RUNS, USE:                      !!!
20210324 003508.565 INFO             PET0 !!!                   ESMF_LOGKIND_Multi_On_Error  !!!
20210324 003508.565 INFO             PET0 !!!!!!!!!!!!!!!!!!!!!!!!!!!!!!!!!!!!!!!!!!!!!!!!!!!!!!
20210324 003508.565 INFO             PET0 Running with ESMF Version   : 8.1.0
20210324 003508.565 INFO             PET0 ESMF library build date/time: "Mar 23 2021" "23:19:52"
20210324 003508.565 INFO             PET0 ESMF library build location : /lustre/f2/dev/ncep/Mark.Potts/gfortran_8.3.0_mpi_O
20210324 003508.565 INFO             PET0 ESMF_COMM                   : mpi
20210324 003508.566 INFO             PET0 ESMF_MOAB                   : enabled
20210324 003508.566 INFO             PET0 ESMF_LAPACK                 : enabled
20210324 003508.566 INFO             PET0 ESMF_NETCDF                 : enabled
20210324 003508.566 INFO             PET0 ESMF_PNETCDF                : disabled
20210324 003508.566 INFO             PET0 ESMF_PIO                    : enabled
20210324 003508.566 INFO             PET0 ESMF_YAMLCPP                : enabled
20210324 003508.583 INFO             PET0 ESMF_FieldRedistStoreNF(): Just entered routine.
20210324 003508.625 INFO             PET0 ESMF_FieldRedistStoreNF(): Leaving routine.
20210324 003508.636 INFO             PET0  NUMBER_OF_PROCESSORS           4
20210324 003508.636 INFO             PET0  PASS  Example ESMF_RHandleFromFileEx, ESMF_RHandleFromFileEx.F90, line 192
20210324 003508.636 INFO             PET0 Finalizing ESMF
20210324 003508.556 INFO             PET1 !!!!!!!!!!!!!!!!!!!!!!!!!!!!!!!!!!!!!!!!!!!!!!!!!!!!!!
20210324 003508.556 INFO             PET1 !!! THE ESMF_LOG IS SET TO OUTPUT ALL LOG MESSAGES !!!
20210324 003508.556 INFO             PET1 !!!     THIS MAY CAUSE SLOWDOWN IN PERFORMANCE     !!!
20210324 003508.556 INFO             PET1 !!! FOR PRODUCTION RUNS, USE:                      !!!
20210324 003508.556 INFO             PET1 !!!                   ESMF_LOGKIND_Multi_On_Error  !!!
20210324 003508.556 INFO             PET1 !!!!!!!!!!!!!!!!!!!!!!!!!!!!!!!!!!!!!!!!!!!!!!!!!!!!!!
20210324 003508.556 INFO             PET1 Running with ESMF Version   : 8.1.0
20210324 003508.556 INFO             PET1 ESMF library build date/time: "Mar 23 2021" "23:19:52"
20210324 003508.556 INFO             PET1 ESMF library build location : /lustre/f2/dev/ncep/Mark.Potts/gfortran_8.3.0_mpi_O
20210324 003508.556 INFO             PET1 ESMF_COMM                   : mpi
20210324 003508.557 INFO             PET1 ESMF_MOAB                   : enabled
20210324 003508.557 INFO             PET1 ESMF_LAPACK                 : enabled
20210324 003508.557 INFO             PET1 ESMF_NETCDF                 : enabled
20210324 003508.557 INFO             PET1 ESMF_PNETCDF                : disabled
20210324 003508.557 INFO             PET1 ESMF_PIO                    : enabled
20210324 003508.557 INFO             PET1 ESMF_YAMLCPP                : enabled
20210324 003508.582 INFO             PET1 ESMF_FieldRedistStoreNF(): Just entered routine.
20210324 003508.625 INFO             PET1 ESMF_FieldRedistStoreNF(): Leaving routine.
20210324 003508.636 INFO             PET1  NUMBER_OF_PROCESSORS           4
20210324 003508.636 INFO             PET1  PASS  Example ESMF_RHandleFromFileEx, ESMF_RHandleFromFileEx.F90, line 192
20210324 003508.636 INFO             PET1 Finalizing ESMF
20210324 003508.543 INFO             PET2 !!!!!!!!!!!!!!!!!!!!!!!!!!!!!!!!!!!!!!!!!!!!!!!!!!!!!!
20210324 003508.543 INFO             PET2 !!! THE ESMF_LOG IS SET TO OUTPUT ALL LOG MESSAGES !!!
20210324 003508.543 INFO             PET2 !!!     THIS MAY CAUSE SLOWDOWN IN PERFORMANCE     !!!
20210324 003508.543 INFO             PET2 !!! FOR PRODUCTION RUNS, USE:                      !!!
20210324 003508.543 INFO             PET2 !!!                   ESMF_LOGKIND_Multi_On_Error  !!!
20210324 003508.543 INFO             PET2 !!!!!!!!!!!!!!!!!!!!!!!!!!!!!!!!!!!!!!!!!!!!!!!!!!!!!!
20210324 003508.543 INFO             PET2 Running with ESMF Version   : 8.1.0
20210324 003508.543 INFO             PET2 ESMF library build date/time: "Mar 23 2021" "23:19:52"
20210324 003508.543 INFO             PET2 ESMF library build location : /lustre/f2/dev/ncep/Mark.Potts/gfortran_8.3.0_mpi_O
20210324 003508.543 INFO             PET2 ESMF_COMM                   : mpi
20210324 003508.543 INFO             PET2 ESMF_MOAB                   : enabled
20210324 003508.543 INFO             PET2 ESMF_LAPACK                 : enabled
20210324 003508.543 INFO             PET2 ESMF_NETCDF                 : enabled
20210324 003508.543 INFO             PET2 ESMF_PNETCDF                : disabled
20210324 003508.543 INFO             PET2 ESMF_PIO                    : enabled
20210324 003508.543 INFO             PET2 ESMF_YAMLCPP                : enabled
20210324 003508.582 INFO             PET2 ESMF_FieldRedistStoreNF(): Just entered routine.
20210324 003508.625 INFO             PET2 ESMF_FieldRedistStoreNF(): Leaving routine.
20210324 003508.636 INFO             PET2  NUMBER_OF_PROCESSORS           4
20210324 003508.636 INFO             PET2  PASS  Example ESMF_RHandleFromFileEx, ESMF_RHandleFromFileEx.F90, line 192
20210324 003508.636 INFO             PET2 Finalizing ESMF
20210324 003508.543 INFO             PET3 !!!!!!!!!!!!!!!!!!!!!!!!!!!!!!!!!!!!!!!!!!!!!!!!!!!!!!
20210324 003508.543 INFO             PET3 !!! THE ESMF_LOG IS SET TO OUTPUT ALL LOG MESSAGES !!!
20210324 003508.543 INFO             PET3 !!!     THIS MAY CAUSE SLOWDOWN IN PERFORMANCE     !!!
20210324 003508.543 INFO             PET3 !!! FOR PRODUCTION RUNS, USE:                      !!!
20210324 003508.543 INFO             PET3 !!!                   ESMF_LOGKIND_Multi_On_Error  !!!
20210324 003508.543 INFO             PET3 !!!!!!!!!!!!!!!!!!!!!!!!!!!!!!!!!!!!!!!!!!!!!!!!!!!!!!
20210324 003508.543 INFO             PET3 Running with ESMF Version   : 8.1.0
20210324 003508.543 INFO             PET3 ESMF library build date/time: "Mar 23 2021" "23:19:52"
20210324 003508.543 INFO             PET3 ESMF library build location : /lustre/f2/dev/ncep/Mark.Potts/gfortran_8.3.0_mpi_O
20210324 003508.543 INFO             PET3 ESMF_COMM                   : mpi
20210324 003508.544 INFO             PET3 ESMF_MOAB                   : enabled
20210324 003508.544 INFO             PET3 ESMF_LAPACK                 : enabled
20210324 003508.544 INFO             PET3 ESMF_NETCDF                 : enabled
20210324 003508.544 INFO             PET3 ESMF_PNETCDF                : disabled
20210324 003508.544 INFO             PET3 ESMF_PIO                    : enabled
20210324 003508.544 INFO             PET3 ESMF_YAMLCPP                : enabled
20210324 003508.583 INFO             PET3 ESMF_FieldRedistStoreNF(): Just entered routine.
20210324 003508.625 INFO             PET3 ESMF_FieldRedistStoreNF(): Leaving routine.
20210324 003508.636 INFO             PET3  NUMBER_OF_PROCESSORS           4
20210324 003508.636 INFO             PET3  PASS  Example ESMF_RHandleFromFileEx, ESMF_RHandleFromFileEx.F90, line 192
20210324 003508.636 INFO             PET3 Finalizing ESMF
