Thu Mar  4 22:26:09 2021: [unset]:_pmi_alps_init:alps_get_placement_info returned with error -1
Thu Mar  4 22:26:09 2021: [unset]:_pmi_init:_pmi_alps_init returned -1
[Thu Mar  4 22:26:09 2021] [c13-0c1s12n3] Fatal error in PMPI_Init_thread: Other MPI error, error stack:
MPIR_Init_thread(537): 
MPID_Init(246).......: channel initialization failed
MPID_Init(647).......:  PMI2 init failed: 1 

Program received signal SIGABRT: Process abort signal.

Backtrace for this error:
#0  0x13052ef in ???
	at /home/abuild/rpmbuild/BUILD/glibc-2.26/nptl/../sysdeps/unix/sysv/linux/x86_64/sigaction.c:0
#1  0x1647af0 in raise
	at ../sysdeps/unix/sysv/linux/raise.c:51
#2  0x18d4dc0 in abort
	at /home/abuild/rpmbuild/BUILD/glibc-2.26/stdlib/abort.c:79
#3  0x16e1a41 in ???
#4  0x16aa21f in ???
#5  0x16aa311 in ???
#6  0x168f80e in ???
#7  0x1306d4e in __wrap_MPI_Init_thread
	at lib/darshan-core-init-finalize.c:59
#8  0x45f97b in ???
#9  0x4560c3 in ???
#10  0x421d1a in ???
#11  0x4301be in ???
#12  0x41869c in ???
#13  0x419f90 in ???
#14  0x406fa0 in ???
#15  0x407a40 in ???
#16  0x18cbd0e in __libc_start_main
	at ../csu/libc-start.c:308
#17  0x406d79 in ???
	at ../sysdeps/x86_64/start.S:120
/lustre/f2/dev/ncep/Mark.Potts/gfortran_8.3.0_mpi_O/src/Infrastructure/stubs/mpiuni/mpirun: line 43:  8504 Aborted                 $progname $*
