Wed Mar  3 22:24:14 2021: [unset]:_pmi_alps_init:alps_get_placement_info returned with error -1
Wed Mar  3 22:24:14 2021: [unset]:_pmi_init:_pmi_alps_init returned -1
[Wed Mar  3 22:24:14 2021] [c5-0c2s11n1] Fatal error in PMPI_Init_thread: Other MPI error, error stack:
MPIR_Init_thread(537): 
MPID_Init(246).......: channel initialization failed
MPID_Init(647).......:  PMI2 init failed: 1 

Program received signal SIGABRT: Process abort signal.

Backtrace for this error:
#0  0x13051ef in ???
	at /home/abuild/rpmbuild/BUILD/glibc-2.26/nptl/../sysdeps/unix/sysv/linux/x86_64/sigaction.c:0
#1  0x16479f0 in raise
	at ../sysdeps/unix/sysv/linux/raise.c:51
#2  0x18d4cc0 in abort
	at /home/abuild/rpmbuild/BUILD/glibc-2.26/stdlib/abort.c:79
#3  0x16e1941 in ???
#4  0x16aa11f in ???
#5  0x16aa211 in ???
#6  0x168f70e in ???
#7  0x1306c4e in __wrap_MPI_Init_thread
	at lib/darshan-core-init-finalize.c:59
#8  0x45c329 in ???
#9  0x452a71 in ???
#10  0x41ebbd in ???
#11  0x42cb6d in ???
#12  0x418595 in ???
#13  0x419e89 in ???
#14  0x406fa5 in ???
#15  0x407939 in ???
#16  0x18cbc0e in __libc_start_main
	at ../csu/libc-start.c:308
#17  0x406d79 in ???
	at ../sysdeps/x86_64/start.S:120
/lustre/f2/dev/ncep/Mark.Potts/gfortran_8.3.0_mpi_O/src/Infrastructure/stubs/mpiuni/mpirun: line 43: 59313 Aborted                 $progname $*
