build time -- 2021-04-22 12:28:04
20210422 125744.821 INFO             PET0 !!!!!!!!!!!!!!!!!!!!!!!!!!!!!!!!!!!!!!!!!!!!!!!!!!!!!!
20210422 125744.821 INFO             PET0 !!! THE ESMF_LOG IS SET TO OUTPUT ALL LOG MESSAGES !!!
20210422 125744.821 INFO             PET0 !!!     THIS MAY CAUSE SLOWDOWN IN PERFORMANCE     !!!
20210422 125744.821 INFO             PET0 !!! FOR PRODUCTION RUNS, USE:                      !!!
20210422 125744.821 INFO             PET0 !!!                   ESMF_LOGKIND_Multi_On_Error  !!!
20210422 125744.821 INFO             PET0 !!!!!!!!!!!!!!!!!!!!!!!!!!!!!!!!!!!!!!!!!!!!!!!!!!!!!!
20210422 125744.821 INFO             PET0 Running with ESMF Version   : ESMF_8_2_0_beta_snapshot_05
20210422 125744.821 INFO             PET0 ESMF library build date/time: "Apr 22 2021" "12:26:37"
20210422 125744.821 INFO             PET0 ESMF library build location : /scratch1/NCEPDEV/stmp2/Mark.Potts/intel_18.0.4_mpiuni_O_develop
20210422 125744.821 INFO             PET0 ESMF_COMM                   : mpiuni
20210422 125744.822 INFO             PET0 ESMF_MOAB                   : enabled
20210422 125744.822 INFO             PET0 ESMF_LAPACK                 : enabled
20210422 125744.822 INFO             PET0 ESMF_NETCDF                 : enabled
20210422 125744.822 INFO             PET0 ESMF_PNETCDF                : disabled
20210422 125744.822 INFO             PET0 ESMF_PIO                    : disabled
20210422 125744.822 INFO             PET0 ESMF_YAMLCPP                : enabled
20210422 125744.824 INFO             PET0  NUMBER_OF_PROCESSORS           1
20210422 125744.824 INFO             PET0  PASS  Example ESMF_CplEx, ESMF_CplEx.F90, line 457
20210422 125744.824 INFO             PET0 Finalizing ESMF
