20210413 164339.562 INFO             PET0 !!!!!!!!!!!!!!!!!!!!!!!!!!!!!!!!!!!!!!!!!!!!!!!!!!!!!!
20210413 164339.563 INFO             PET0 !!! THE ESMF_LOG IS SET TO OUTPUT ALL LOG MESSAGES !!!
20210413 164339.563 INFO             PET0 !!!     THIS MAY CAUSE SLOWDOWN IN PERFORMANCE     !!!
20210413 164339.563 INFO             PET0 !!! FOR PRODUCTION RUNS, USE:                      !!!
20210413 164339.563 INFO             PET0 !!!                   ESMF_LOGKIND_Multi_On_Error  !!!
20210413 164339.563 INFO             PET0 !!!!!!!!!!!!!!!!!!!!!!!!!!!!!!!!!!!!!!!!!!!!!!!!!!!!!!
20210413 164339.563 INFO             PET0 Running with ESMF Version   : ESMF_8_2_0_beta_snapshot_04-7-g3098c96bb1
20210413 164339.563 INFO             PET0 ESMF library build date/time: "Apr 13 2021" "16:17:29"
20210413 164339.563 INFO             PET0 ESMF library build location : /scratch/cluster/mpotts/gfortran_9.3.0_mpiuni_g
20210413 164339.563 INFO             PET0 ESMF_COMM                   : mpiuni
20210413 164339.563 INFO             PET0 ESMF_MOAB                   : enabled
20210413 164339.563 INFO             PET0 ESMF_LAPACK                 : enabled
20210413 164339.563 INFO             PET0 ESMF_NETCDF                 : enabled
20210413 164339.563 INFO             PET0 ESMF_PNETCDF                : disabled
20210413 164339.563 INFO             PET0 ESMF_PIO                    : disabled
20210413 164339.563 INFO             PET0 ESMF_YAMLCPP                : enabled
20210413 164339.580 INFO             PET0 ESMF_FieldRedistStoreNF(): Just entered routine.
20210413 164340.253 INFO             PET0 ESMF_FieldRedistStoreNF(): Leaving routine.
20210413 164340.285 INFO             PET0  NUMBER_OF_PROCESSORS           1
20210413 164340.285 INFO             PET0  PASS  Example ESMF_RHandleFromFileEx, ESMF_RHandleFromFileEx.F90, line 192
20210413 164340.285 INFO             PET0 Finalizing ESMF
