 
Installing ESMF:
 
mkdir -p /work/noaa/da/mpotts/sandbox/intel_2020_intelmpi_g/DEFAULTINSTALLDIR/include
cp -f /work/noaa/da/mpotts/sandbox/intel_2020_intelmpi_g/src/include/ESMC.h /work/noaa/da/mpotts/sandbox/intel_2020_intelmpi_g/DEFAULTINSTALLDIR/include
cp -f /work/noaa/da/mpotts/sandbox/intel_2020_intelmpi_g/src/include/ESMC_*.h /work/noaa/da/mpotts/sandbox/intel_2020_intelmpi_g/DEFAULTINSTALLDIR/include
cp -f /work/noaa/da/mpotts/sandbox/intel_2020_intelmpi_g/build_config/Linux.intel.default/ESMC_Conf.h /work/noaa/da/mpotts/sandbox/intel_2020_intelmpi_g/DEFAULTINSTALLDIR/include
mkdir -p /work/noaa/da/mpotts/sandbox/intel_2020_intelmpi_g/DEFAULTINSTALLDIR/mod/modg/Linux.intel.64.intelmpi.default
cp -f /work/noaa/da/mpotts/sandbox/intel_2020_intelmpi_g/mod/modg/Linux.intel.64.intelmpi.default/*.mod /work/noaa/da/mpotts/sandbox/intel_2020_intelmpi_g/DEFAULTINSTALLDIR/mod/modg/Linux.intel.64.intelmpi.default
mkdir -p /work/noaa/da/mpotts/sandbox/intel_2020_intelmpi_g/DEFAULTINSTALLDIR/lib/libg/Linux.intel.64.intelmpi.default
cp -f /work/noaa/da/mpotts/sandbox/intel_2020_intelmpi_g/lib/libg/Linux.intel.64.intelmpi.default/libesmf*.* /work/noaa/da/mpotts/sandbox/intel_2020_intelmpi_g/DEFAULTINSTALLDIR/lib/libg/Linux.intel.64.intelmpi.default
make ESMF_PRELOADDIR=/work/noaa/da/mpotts/sandbox/intel_2020_intelmpi_g/DEFAULTINSTALLDIR/lib/libg/Linux.intel.64.intelmpi.default build_preload_script
make[1]: Entering directory `/work/noaa/da/mpotts/sandbox/intel_2020_intelmpi_g'
chmod 755 /work/noaa/da/mpotts/sandbox/intel_2020_intelmpi_g/DEFAULTINSTALLDIR/lib/libg/Linux.intel.64.intelmpi.default/preload.sh
make[1]: Leaving directory `/work/noaa/da/mpotts/sandbox/intel_2020_intelmpi_g'
ranlib /work/noaa/da/mpotts/sandbox/intel_2020_intelmpi_g/DEFAULTINSTALLDIR/lib/libg/Linux.intel.64.intelmpi.default/libesmf*.a
make install_apps
make[1]: Entering directory `/work/noaa/da/mpotts/sandbox/intel_2020_intelmpi_g'
mkdir -p /work/noaa/da/mpotts/sandbox/intel_2020_intelmpi_g/DEFAULTINSTALLDIR/bin/bing/Linux.intel.64.intelmpi.default
make build_apps ESMF_APPSDIR=/work/noaa/da/mpotts/sandbox/intel_2020_intelmpi_g/DEFAULTINSTALLDIR/bin/bing/Linux.intel.64.intelmpi.default ESMF_LDIR=/work/noaa/da/mpotts/sandbox/intel_2020_intelmpi_g/DEFAULTINSTALLDIR/lib/libg/Linux.intel.64.intelmpi.default ESMF_LIBDIR=/work/noaa/da/mpotts/sandbox/intel_2020_intelmpi_g/DEFAULTINSTALLDIR/lib/libg/Linux.intel.64.intelmpi.default ESMF_MODDIR=/work/noaa/da/mpotts/sandbox/intel_2020_intelmpi_g/DEFAULTINSTALLDIR/mod/modg/Linux.intel.64.intelmpi.default
make[2]: Entering directory `/work/noaa/da/mpotts/sandbox/intel_2020_intelmpi_g'
cd /work/noaa/da/mpotts/sandbox/intel_2020_intelmpi_g/src/apps; make ACTION=tree_build_apps tree
make[3]: Entering directory `/work/noaa/da/mpotts/sandbox/intel_2020_intelmpi_g/src/apps'
tree_build_apps in: /work/noaa/da/mpotts/sandbox/intel_2020_intelmpi_g/src/apps/ESMF_PrintInfo
make[4]: Entering directory `/work/noaa/da/mpotts/sandbox/intel_2020_intelmpi_g/src/apps/ESMF_PrintInfo'
make chkdir_apps
make[5]: Entering directory `/work/noaa/da/mpotts/sandbox/intel_2020_intelmpi_g/src/apps/ESMF_PrintInfo'
make[5]: Leaving directory `/work/noaa/da/mpotts/sandbox/intel_2020_intelmpi_g/src/apps/ESMF_PrintInfo'
mpiifort    -m64 -mcmodel=small -pthread -threads -Wl,--no-as-needed  -qopenmp -L/work/noaa/da/mpotts/sandbox/intel_2020_intelmpi_g/DEFAULTINSTALLDIR/lib/libg/Linux.intel.64.intelmpi.default -L/apps/intel-2020.2/impi-2020.2/netcdf-4.7.4/lib -L/apps/intel-2020.2/impi-2020.2/netcdf-4.7.4/lib  -Wl,-rpath,/work/noaa/da/mpotts/sandbox/intel_2020_intelmpi_g/DEFAULTINSTALLDIR/lib/libg/Linux.intel.64.intelmpi.default -Wl,-rpath,/apps/intel-2020.2/impi-2020.2/netcdf-4.7.4/lib -Wl,-rpath,/apps/intel-2020.2/impi-2020.2/netcdf-4.7.4/lib -o /work/noaa/da/mpotts/sandbox/intel_2020_intelmpi_g/DEFAULTINSTALLDIR/bin/bing/Linux.intel.64.intelmpi.default/ESMF_PrintInfo /work/noaa/da/mpotts/sandbox/intel_2020_intelmpi_g/obj/objg/Linux.intel.64.intelmpi.default/src/apps/ESMF_PrintInfo/ESMF_PrintInfo.o -lesmf  -cxxlib -lrt -ldl -lnetcdf -lnetcdff
make[4]: Leaving directory `/work/noaa/da/mpotts/sandbox/intel_2020_intelmpi_g/src/apps/ESMF_PrintInfo'
tree_build_apps in: /work/noaa/da/mpotts/sandbox/intel_2020_intelmpi_g/src/apps/ESMF_PrintInfoC
make[4]: Entering directory `/work/noaa/da/mpotts/sandbox/intel_2020_intelmpi_g/src/apps/ESMF_PrintInfoC'
make chkdir_apps
make[5]: Entering directory `/work/noaa/da/mpotts/sandbox/intel_2020_intelmpi_g/src/apps/ESMF_PrintInfoC'
make[5]: Leaving directory `/work/noaa/da/mpotts/sandbox/intel_2020_intelmpi_g/src/apps/ESMF_PrintInfoC'
mpiicpc    -m64 -mcmodel=small -pthread -Wl,--no-as-needed  -qopenmp -L/work/noaa/da/mpotts/sandbox/intel_2020_intelmpi_g/DEFAULTINSTALLDIR/lib/libg/Linux.intel.64.intelmpi.default -L/apps/intel-2020.2/impi-2020.2/netcdf-4.7.4/lib -L/apps/intel-2020.2/impi-2020.2/netcdf-4.7.4/lib -L/apps/intel-2020.2/intel-2020.2/compilers_and_libraries_2020.2.254/linux/compiler/lib/intel64_lin/ -Wl,-rpath,/work/noaa/da/mpotts/sandbox/intel_2020_intelmpi_g/DEFAULTINSTALLDIR/lib/libg/Linux.intel.64.intelmpi.default -Wl,-rpath,/apps/intel-2020.2/impi-2020.2/netcdf-4.7.4/lib -Wl,-rpath,/apps/intel-2020.2/impi-2020.2/netcdf-4.7.4/lib -Wl,-rpath,/apps/intel-2020.2/intel-2020.2/compilers_and_libraries_2020.2.254/linux/compiler/lib/intel64_lin/ -o /work/noaa/da/mpotts/sandbox/intel_2020_intelmpi_g/DEFAULTINSTALLDIR/bin/bing/Linux.intel.64.intelmpi.default/ESMF_PrintInfoC /work/noaa/da/mpotts/sandbox/intel_2020_intelmpi_g/obj/objg/Linux.intel.64.intelmpi.default/src/apps/ESMF_PrintInfoC/ESMF_PrintInfoC.o -lesmf  -ldl -lrt -lpthread -lifport -lifcoremt -limf -lsvml -lm -lipgo -liomp5 -lintlc -lpthread -lsvml -ldl -lgcc -lgcc_s -lirc_s -ldl -lrt -ldl -lnetcdf -lnetcdff
make[4]: Leaving directory `/work/noaa/da/mpotts/sandbox/intel_2020_intelmpi_g/src/apps/ESMF_PrintInfoC'
tree_build_apps in: /work/noaa/da/mpotts/sandbox/intel_2020_intelmpi_g/src/apps/ESMF_RegridWeightGen
make[4]: Entering directory `/work/noaa/da/mpotts/sandbox/intel_2020_intelmpi_g/src/apps/ESMF_RegridWeightGen'
make chkdir_apps
make[5]: Entering directory `/work/noaa/da/mpotts/sandbox/intel_2020_intelmpi_g/src/apps/ESMF_RegridWeightGen'
make[5]: Leaving directory `/work/noaa/da/mpotts/sandbox/intel_2020_intelmpi_g/src/apps/ESMF_RegridWeightGen'
mpiifort    -m64 -mcmodel=small -pthread -threads -Wl,--no-as-needed  -qopenmp -L/work/noaa/da/mpotts/sandbox/intel_2020_intelmpi_g/DEFAULTINSTALLDIR/lib/libg/Linux.intel.64.intelmpi.default -L/apps/intel-2020.2/impi-2020.2/netcdf-4.7.4/lib -L/apps/intel-2020.2/impi-2020.2/netcdf-4.7.4/lib  -Wl,-rpath,/work/noaa/da/mpotts/sandbox/intel_2020_intelmpi_g/DEFAULTINSTALLDIR/lib/libg/Linux.intel.64.intelmpi.default -Wl,-rpath,/apps/intel-2020.2/impi-2020.2/netcdf-4.7.4/lib -Wl,-rpath,/apps/intel-2020.2/impi-2020.2/netcdf-4.7.4/lib -o /work/noaa/da/mpotts/sandbox/intel_2020_intelmpi_g/DEFAULTINSTALLDIR/bin/bing/Linux.intel.64.intelmpi.default/ESMF_RegridWeightGen /work/noaa/da/mpotts/sandbox/intel_2020_intelmpi_g/obj/objg/Linux.intel.64.intelmpi.default/src/apps/ESMF_RegridWeightGen/ESMF_RegridWeightGen.o -lesmf  -cxxlib -lrt -ldl -lnetcdf -lnetcdff
make[4]: Leaving directory `/work/noaa/da/mpotts/sandbox/intel_2020_intelmpi_g/src/apps/ESMF_RegridWeightGen'
tree_build_apps in: /work/noaa/da/mpotts/sandbox/intel_2020_intelmpi_g/src/apps/ESMF_WebServController
make[4]: Entering directory `/work/noaa/da/mpotts/sandbox/intel_2020_intelmpi_g/src/apps/ESMF_WebServController'
make chkdir_apps
make[5]: Entering directory `/work/noaa/da/mpotts/sandbox/intel_2020_intelmpi_g/src/apps/ESMF_WebServController'
make[5]: Leaving directory `/work/noaa/da/mpotts/sandbox/intel_2020_intelmpi_g/src/apps/ESMF_WebServController'
mpiicpc    -m64 -mcmodel=small -pthread -Wl,--no-as-needed  -qopenmp -L/work/noaa/da/mpotts/sandbox/intel_2020_intelmpi_g/DEFAULTINSTALLDIR/lib/libg/Linux.intel.64.intelmpi.default -L/apps/intel-2020.2/impi-2020.2/netcdf-4.7.4/lib -L/apps/intel-2020.2/impi-2020.2/netcdf-4.7.4/lib -L/apps/intel-2020.2/intel-2020.2/compilers_and_libraries_2020.2.254/linux/compiler/lib/intel64_lin/ -Wl,-rpath,/work/noaa/da/mpotts/sandbox/intel_2020_intelmpi_g/DEFAULTINSTALLDIR/lib/libg/Linux.intel.64.intelmpi.default -Wl,-rpath,/apps/intel-2020.2/impi-2020.2/netcdf-4.7.4/lib -Wl,-rpath,/apps/intel-2020.2/impi-2020.2/netcdf-4.7.4/lib -Wl,-rpath,/apps/intel-2020.2/intel-2020.2/compilers_and_libraries_2020.2.254/linux/compiler/lib/intel64_lin/ -o /work/noaa/da/mpotts/sandbox/intel_2020_intelmpi_g/DEFAULTINSTALLDIR/bin/bing/Linux.intel.64.intelmpi.default/ESMF_WebServController /work/noaa/da/mpotts/sandbox/intel_2020_intelmpi_g/obj/objg/Linux.intel.64.intelmpi.default/src/apps/ESMF_WebServController/ESMF_WebServController.o -lesmf  -ldl -lrt -lpthread -lifport -lifcoremt -limf -lsvml -lm -lipgo -liomp5 -lintlc -lpthread -lsvml -ldl -lgcc -lgcc_s -lirc_s -ldl -lrt -ldl -lnetcdf -lnetcdff
make[4]: Leaving directory `/work/noaa/da/mpotts/sandbox/intel_2020_intelmpi_g/src/apps/ESMF_WebServController'
tree_build_apps in: /work/noaa/da/mpotts/sandbox/intel_2020_intelmpi_g/src/apps/ESMF_Scrip2Unstruct
make[4]: Entering directory `/work/noaa/da/mpotts/sandbox/intel_2020_intelmpi_g/src/apps/ESMF_Scrip2Unstruct'
make chkdir_apps
make[5]: Entering directory `/work/noaa/da/mpotts/sandbox/intel_2020_intelmpi_g/src/apps/ESMF_Scrip2Unstruct'
make[5]: Leaving directory `/work/noaa/da/mpotts/sandbox/intel_2020_intelmpi_g/src/apps/ESMF_Scrip2Unstruct'
mpiicpc    -m64 -mcmodel=small -pthread -Wl,--no-as-needed  -qopenmp -L/work/noaa/da/mpotts/sandbox/intel_2020_intelmpi_g/DEFAULTINSTALLDIR/lib/libg/Linux.intel.64.intelmpi.default -L/apps/intel-2020.2/impi-2020.2/netcdf-4.7.4/lib -L/apps/intel-2020.2/impi-2020.2/netcdf-4.7.4/lib -L/apps/intel-2020.2/intel-2020.2/compilers_and_libraries_2020.2.254/linux/compiler/lib/intel64_lin/ -Wl,-rpath,/work/noaa/da/mpotts/sandbox/intel_2020_intelmpi_g/DEFAULTINSTALLDIR/lib/libg/Linux.intel.64.intelmpi.default -Wl,-rpath,/apps/intel-2020.2/impi-2020.2/netcdf-4.7.4/lib -Wl,-rpath,/apps/intel-2020.2/impi-2020.2/netcdf-4.7.4/lib -Wl,-rpath,/apps/intel-2020.2/intel-2020.2/compilers_and_libraries_2020.2.254/linux/compiler/lib/intel64_lin/ -o /work/noaa/da/mpotts/sandbox/intel_2020_intelmpi_g/DEFAULTINSTALLDIR/bin/bing/Linux.intel.64.intelmpi.default/ESMF_Scrip2Unstruct /work/noaa/da/mpotts/sandbox/intel_2020_intelmpi_g/obj/objg/Linux.intel.64.intelmpi.default/src/apps/ESMF_Scrip2Unstruct/ESMF_Scrip2Unstruct.o -lesmf  -ldl -lrt -lpthread -lifport -lifcoremt -limf -lsvml -lm -lipgo -liomp5 -lintlc -lpthread -lsvml -ldl -lgcc -lgcc_s -lirc_s -ldl -lrt -ldl -lnetcdf -lnetcdff
make[4]: Leaving directory `/work/noaa/da/mpotts/sandbox/intel_2020_intelmpi_g/src/apps/ESMF_Scrip2Unstruct'
tree_build_apps in: /work/noaa/da/mpotts/sandbox/intel_2020_intelmpi_g/src/apps/ESMF_Regrid
make[4]: Entering directory `/work/noaa/da/mpotts/sandbox/intel_2020_intelmpi_g/src/apps/ESMF_Regrid'
make chkdir_apps
make[5]: Entering directory `/work/noaa/da/mpotts/sandbox/intel_2020_intelmpi_g/src/apps/ESMF_Regrid'
make[5]: Leaving directory `/work/noaa/da/mpotts/sandbox/intel_2020_intelmpi_g/src/apps/ESMF_Regrid'
mpiifort    -m64 -mcmodel=small -pthread -threads -Wl,--no-as-needed  -qopenmp -L/work/noaa/da/mpotts/sandbox/intel_2020_intelmpi_g/DEFAULTINSTALLDIR/lib/libg/Linux.intel.64.intelmpi.default -L/apps/intel-2020.2/impi-2020.2/netcdf-4.7.4/lib -L/apps/intel-2020.2/impi-2020.2/netcdf-4.7.4/lib  -Wl,-rpath,/work/noaa/da/mpotts/sandbox/intel_2020_intelmpi_g/DEFAULTINSTALLDIR/lib/libg/Linux.intel.64.intelmpi.default -Wl,-rpath,/apps/intel-2020.2/impi-2020.2/netcdf-4.7.4/lib -Wl,-rpath,/apps/intel-2020.2/impi-2020.2/netcdf-4.7.4/lib -o /work/noaa/da/mpotts/sandbox/intel_2020_intelmpi_g/DEFAULTINSTALLDIR/bin/bing/Linux.intel.64.intelmpi.default/ESMF_Regrid /work/noaa/da/mpotts/sandbox/intel_2020_intelmpi_g/obj/objg/Linux.intel.64.intelmpi.default/src/apps/ESMF_Regrid/ESMF_Regrid.o -lesmf  -cxxlib -lrt -ldl -lnetcdf -lnetcdff
make[4]: Leaving directory `/work/noaa/da/mpotts/sandbox/intel_2020_intelmpi_g/src/apps/ESMF_Regrid'
make[3]: Leaving directory `/work/noaa/da/mpotts/sandbox/intel_2020_intelmpi_g/src/apps'
ESMF apps built successfully.
make[2]: Leaving directory `/work/noaa/da/mpotts/sandbox/intel_2020_intelmpi_g'
make[1]: Leaving directory `/work/noaa/da/mpotts/sandbox/intel_2020_intelmpi_g'
mkdir -p /work/noaa/da/mpotts/sandbox/intel_2020_intelmpi_g/DEFAULTINSTALLDIR/doc
make install_info_mk
make[1]: Entering directory `/work/noaa/da/mpotts/sandbox/intel_2020_intelmpi_g'
make info_mk ESMF_APPSDIR=/work/noaa/da/mpotts/sandbox/intel_2020_intelmpi_g/DEFAULTINSTALLDIR/bin/bing/Linux.intel.64.intelmpi.default ESMF_LDIR=/work/noaa/da/mpotts/sandbox/intel_2020_intelmpi_g/DEFAULTINSTALLDIR/lib/libg/Linux.intel.64.intelmpi.default ESMF_LIBDIR=/work/noaa/da/mpotts/sandbox/intel_2020_intelmpi_g/DEFAULTINSTALLDIR/lib/libg/Linux.intel.64.intelmpi.default ESMF_MODDIR=/work/noaa/da/mpotts/sandbox/intel_2020_intelmpi_g/DEFAULTINSTALLDIR/mod/modg/Linux.intel.64.intelmpi.default ESMF_INCDIR=/work/noaa/da/mpotts/sandbox/intel_2020_intelmpi_g/DEFAULTINSTALLDIR/include
make[2]: Entering directory `/work/noaa/da/mpotts/sandbox/intel_2020_intelmpi_g'
make[2]: Leaving directory `/work/noaa/da/mpotts/sandbox/intel_2020_intelmpi_g'
make[1]: Leaving directory `/work/noaa/da/mpotts/sandbox/intel_2020_intelmpi_g'
 
ESMF installation complete.
 
