20210418 011929.602 INFO             PET0 !!!!!!!!!!!!!!!!!!!!!!!!!!!!!!!!!!!!!!!!!!!!!!!!!!!!!!
20210418 011929.602 INFO             PET0 !!! THE ESMF_LOG IS SET TO OUTPUT ALL LOG MESSAGES !!!
20210418 011929.602 INFO             PET0 !!!     THIS MAY CAUSE SLOWDOWN IN PERFORMANCE     !!!
20210418 011929.602 INFO             PET0 !!! FOR PRODUCTION RUNS, USE:                      !!!
20210418 011929.602 INFO             PET0 !!!                   ESMF_LOGKIND_Multi_On_Error  !!!
20210418 011929.602 INFO             PET0 !!!!!!!!!!!!!!!!!!!!!!!!!!!!!!!!!!!!!!!!!!!!!!!!!!!!!!
20210418 011929.602 INFO             PET0 Running with ESMF Version   : 8.2.0 beta snapshot
20210418 011929.602 INFO             PET0 ESMF library build date/time: "Apr 18 2021" "00:43:01"
20210418 011929.602 INFO             PET0 ESMF library build location : /lustre/f2/dev/ncep/Mark.Potts/intel_2019.5_mpi_g_develop
20210418 011929.602 INFO             PET0 ESMF_COMM                   : mpi
20210418 011929.602 INFO             PET0 ESMF_MOAB                   : enabled
20210418 011929.603 INFO             PET0 ESMF_LAPACK                 : enabled
20210418 011929.603 INFO             PET0 ESMF_NETCDF                 : enabled
20210418 011929.603 INFO             PET0 ESMF_PNETCDF                : disabled
20210418 011929.603 INFO             PET0 ESMF_PIO                    : enabled
20210418 011929.603 INFO             PET0 ESMF_YAMLCPP                : enabled
20210418 011929.607 ERROR            PET0 ESMF_StateAPI.cppF90:1189 ESMF_StateAddList Object being used before creation  - Bad Object
20210418 011929.609 INFO             PET0  NUMBER_OF_PROCESSORS           4
20210418 011929.610 INFO             PET0  PASS  Example ESMF_StateReconcileEx, ESMF_StateReconcileEx.F90, line 297
20210418 011929.610 INFO             PET0 Finalizing ESMF
20210418 011929.592 INFO             PET1 !!!!!!!!!!!!!!!!!!!!!!!!!!!!!!!!!!!!!!!!!!!!!!!!!!!!!!
20210418 011929.592 INFO             PET1 !!! THE ESMF_LOG IS SET TO OUTPUT ALL LOG MESSAGES !!!
20210418 011929.592 INFO             PET1 !!!     THIS MAY CAUSE SLOWDOWN IN PERFORMANCE     !!!
20210418 011929.592 INFO             PET1 !!! FOR PRODUCTION RUNS, USE:                      !!!
20210418 011929.592 INFO             PET1 !!!                   ESMF_LOGKIND_Multi_On_Error  !!!
20210418 011929.592 INFO             PET1 !!!!!!!!!!!!!!!!!!!!!!!!!!!!!!!!!!!!!!!!!!!!!!!!!!!!!!
20210418 011929.592 INFO             PET1 Running with ESMF Version   : 8.2.0 beta snapshot
20210418 011929.592 INFO             PET1 ESMF library build date/time: "Apr 18 2021" "00:43:01"
20210418 011929.592 INFO             PET1 ESMF library build location : /lustre/f2/dev/ncep/Mark.Potts/intel_2019.5_mpi_g_develop
20210418 011929.592 INFO             PET1 ESMF_COMM                   : mpi
20210418 011929.593 INFO             PET1 ESMF_MOAB                   : enabled
20210418 011929.593 INFO             PET1 ESMF_LAPACK                 : enabled
20210418 011929.593 INFO             PET1 ESMF_NETCDF                 : enabled
20210418 011929.593 INFO             PET1 ESMF_PNETCDF                : disabled
20210418 011929.593 INFO             PET1 ESMF_PIO                    : enabled
20210418 011929.593 INFO             PET1 ESMF_YAMLCPP                : enabled
20210418 011929.607 ERROR            PET1 ESMF_StateAPI.cppF90:1189 ESMF_StateAddList Object being used before creation  - Bad Object
20210418 011929.609 INFO             PET1  NUMBER_OF_PROCESSORS           4
20210418 011929.610 INFO             PET1  PASS  Example ESMF_StateReconcileEx, ESMF_StateReconcileEx.F90, line 297
20210418 011929.610 INFO             PET1 Finalizing ESMF
20210418 011929.605 INFO             PET2 !!!!!!!!!!!!!!!!!!!!!!!!!!!!!!!!!!!!!!!!!!!!!!!!!!!!!!
20210418 011929.605 INFO             PET2 !!! THE ESMF_LOG IS SET TO OUTPUT ALL LOG MESSAGES !!!
20210418 011929.605 INFO             PET2 !!!     THIS MAY CAUSE SLOWDOWN IN PERFORMANCE     !!!
20210418 011929.605 INFO             PET2 !!! FOR PRODUCTION RUNS, USE:                      !!!
20210418 011929.605 INFO             PET2 !!!                   ESMF_LOGKIND_Multi_On_Error  !!!
20210418 011929.605 INFO             PET2 !!!!!!!!!!!!!!!!!!!!!!!!!!!!!!!!!!!!!!!!!!!!!!!!!!!!!!
20210418 011929.605 INFO             PET2 Running with ESMF Version   : 8.2.0 beta snapshot
20210418 011929.605 INFO             PET2 ESMF library build date/time: "Apr 18 2021" "00:43:01"
20210418 011929.605 INFO             PET2 ESMF library build location : /lustre/f2/dev/ncep/Mark.Potts/intel_2019.5_mpi_g_develop
20210418 011929.605 INFO             PET2 ESMF_COMM                   : mpi
20210418 011929.606 INFO             PET2 ESMF_MOAB                   : enabled
20210418 011929.606 INFO             PET2 ESMF_LAPACK                 : enabled
20210418 011929.606 INFO             PET2 ESMF_NETCDF                 : enabled
20210418 011929.606 INFO             PET2 ESMF_PNETCDF                : disabled
20210418 011929.606 INFO             PET2 ESMF_PIO                    : enabled
20210418 011929.606 INFO             PET2 ESMF_YAMLCPP                : enabled
20210418 011929.607 ERROR            PET2 ESMF_StateAPI.cppF90:1189 ESMF_StateAddList Object being used before creation  - Bad Object
20210418 011929.609 INFO             PET2  NUMBER_OF_PROCESSORS           4
20210418 011929.610 INFO             PET2  PASS  Example ESMF_StateReconcileEx, ESMF_StateReconcileEx.F90, line 297
20210418 011929.610 INFO             PET2 Finalizing ESMF
20210418 011929.604 INFO             PET3 !!!!!!!!!!!!!!!!!!!!!!!!!!!!!!!!!!!!!!!!!!!!!!!!!!!!!!
20210418 011929.604 INFO             PET3 !!! THE ESMF_LOG IS SET TO OUTPUT ALL LOG MESSAGES !!!
20210418 011929.604 INFO             PET3 !!!     THIS MAY CAUSE SLOWDOWN IN PERFORMANCE     !!!
20210418 011929.604 INFO             PET3 !!! FOR PRODUCTION RUNS, USE:                      !!!
20210418 011929.604 INFO             PET3 !!!                   ESMF_LOGKIND_Multi_On_Error  !!!
20210418 011929.604 INFO             PET3 !!!!!!!!!!!!!!!!!!!!!!!!!!!!!!!!!!!!!!!!!!!!!!!!!!!!!!
20210418 011929.604 INFO             PET3 Running with ESMF Version   : 8.2.0 beta snapshot
20210418 011929.604 INFO             PET3 ESMF library build date/time: "Apr 18 2021" "00:43:01"
20210418 011929.604 INFO             PET3 ESMF library build location : /lustre/f2/dev/ncep/Mark.Potts/intel_2019.5_mpi_g_develop
20210418 011929.604 INFO             PET3 ESMF_COMM                   : mpi
20210418 011929.604 INFO             PET3 ESMF_MOAB                   : enabled
20210418 011929.604 INFO             PET3 ESMF_LAPACK                 : enabled
20210418 011929.604 INFO             PET3 ESMF_NETCDF                 : enabled
20210418 011929.604 INFO             PET3 ESMF_PNETCDF                : disabled
20210418 011929.604 INFO             PET3 ESMF_PIO                    : enabled
20210418 011929.604 INFO             PET3 ESMF_YAMLCPP                : enabled
20210418 011929.607 ERROR            PET3 ESMF_StateAPI.cppF90:1189 ESMF_StateAddList Object being used before creation  - Bad Object
20210418 011929.609 INFO             PET3  NUMBER_OF_PROCESSORS           4
20210418 011929.610 INFO             PET3  PASS  Example ESMF_StateReconcileEx, ESMF_StateReconcileEx.F90, line 297
20210418 011929.610 INFO             PET3 Finalizing ESMF
