20210411 051701.907 INFO             PET0 !!!!!!!!!!!!!!!!!!!!!!!!!!!!!!!!!!!!!!!!!!!!!!!!!!!!!!
20210411 051701.907 INFO             PET0 !!! THE ESMF_LOG IS SET TO OUTPUT ALL LOG MESSAGES !!!
20210411 051701.907 INFO             PET0 !!!     THIS MAY CAUSE SLOWDOWN IN PERFORMANCE     !!!
20210411 051701.907 INFO             PET0 !!! FOR PRODUCTION RUNS, USE:                      !!!
20210411 051701.907 INFO             PET0 !!!                   ESMF_LOGKIND_Multi_On_Error  !!!
20210411 051701.907 INFO             PET0 !!!!!!!!!!!!!!!!!!!!!!!!!!!!!!!!!!!!!!!!!!!!!!!!!!!!!!
20210411 051701.907 INFO             PET0 Running with ESMF Version   : 8.2.0 beta snapshot
20210411 051701.907 INFO             PET0 ESMF library build date/time: "Apr 11 2021" "04:38:21"
20210411 051701.907 INFO             PET0 ESMF library build location : /lustre/f2/dev/ncep/Mark.Potts/intel_2019.5_mpi_g
20210411 051701.907 INFO             PET0 ESMF_COMM                   : mpi
20210411 051701.908 INFO             PET0 ESMF_MOAB                   : enabled
20210411 051701.908 INFO             PET0 ESMF_LAPACK                 : enabled
20210411 051701.908 INFO             PET0 ESMF_NETCDF                 : enabled
20210411 051701.908 INFO             PET0 ESMF_PNETCDF                : disabled
20210411 051701.908 INFO             PET0 ESMF_PIO                    : enabled
20210411 051701.908 INFO             PET0 ESMF_YAMLCPP                : enabled
20210411 051701.920 DEBUG            PET0 service: 0  PTHREAD_STACK_MIN: 16384 bytes  stack_size: 1073741824 bytes
20210411 051701.921 INFO             PET0  NUMBER_OF_PROCESSORS           4
20210411 051701.921 INFO             PET0  PASS  Example ESMF_GCompEx, ESMF_GCompEx.F90, line 465
20210411 051701.921 INFO             PET0 Finalizing ESMF
20210411 051701.916 INFO             PET1 !!!!!!!!!!!!!!!!!!!!!!!!!!!!!!!!!!!!!!!!!!!!!!!!!!!!!!
20210411 051701.916 INFO             PET1 !!! THE ESMF_LOG IS SET TO OUTPUT ALL LOG MESSAGES !!!
20210411 051701.916 INFO             PET1 !!!     THIS MAY CAUSE SLOWDOWN IN PERFORMANCE     !!!
20210411 051701.916 INFO             PET1 !!! FOR PRODUCTION RUNS, USE:                      !!!
20210411 051701.916 INFO             PET1 !!!                   ESMF_LOGKIND_Multi_On_Error  !!!
20210411 051701.916 INFO             PET1 !!!!!!!!!!!!!!!!!!!!!!!!!!!!!!!!!!!!!!!!!!!!!!!!!!!!!!
20210411 051701.916 INFO             PET1 Running with ESMF Version   : 8.2.0 beta snapshot
20210411 051701.916 INFO             PET1 ESMF library build date/time: "Apr 11 2021" "04:38:21"
20210411 051701.916 INFO             PET1 ESMF library build location : /lustre/f2/dev/ncep/Mark.Potts/intel_2019.5_mpi_g
20210411 051701.916 INFO             PET1 ESMF_COMM                   : mpi
20210411 051701.917 INFO             PET1 ESMF_MOAB                   : enabled
20210411 051701.917 INFO             PET1 ESMF_LAPACK                 : enabled
20210411 051701.917 INFO             PET1 ESMF_NETCDF                 : enabled
20210411 051701.917 INFO             PET1 ESMF_PNETCDF                : disabled
20210411 051701.917 INFO             PET1 ESMF_PIO                    : enabled
20210411 051701.917 INFO             PET1 ESMF_YAMLCPP                : enabled
20210411 051701.920 DEBUG            PET1 service: 0  PTHREAD_STACK_MIN: 16384 bytes  stack_size: 1073741824 bytes
20210411 051701.921 INFO             PET1  NUMBER_OF_PROCESSORS           4
20210411 051701.921 INFO             PET1  PASS  Example ESMF_GCompEx, ESMF_GCompEx.F90, line 465
20210411 051701.921 INFO             PET1 Finalizing ESMF
20210411 051701.912 INFO             PET2 !!!!!!!!!!!!!!!!!!!!!!!!!!!!!!!!!!!!!!!!!!!!!!!!!!!!!!
20210411 051701.912 INFO             PET2 !!! THE ESMF_LOG IS SET TO OUTPUT ALL LOG MESSAGES !!!
20210411 051701.912 INFO             PET2 !!!     THIS MAY CAUSE SLOWDOWN IN PERFORMANCE     !!!
20210411 051701.912 INFO             PET2 !!! FOR PRODUCTION RUNS, USE:                      !!!
20210411 051701.912 INFO             PET2 !!!                   ESMF_LOGKIND_Multi_On_Error  !!!
20210411 051701.912 INFO             PET2 !!!!!!!!!!!!!!!!!!!!!!!!!!!!!!!!!!!!!!!!!!!!!!!!!!!!!!
20210411 051701.912 INFO             PET2 Running with ESMF Version   : 8.2.0 beta snapshot
20210411 051701.912 INFO             PET2 ESMF library build date/time: "Apr 11 2021" "04:38:21"
20210411 051701.912 INFO             PET2 ESMF library build location : /lustre/f2/dev/ncep/Mark.Potts/intel_2019.5_mpi_g
20210411 051701.912 INFO             PET2 ESMF_COMM                   : mpi
20210411 051701.914 INFO             PET2 ESMF_MOAB                   : enabled
20210411 051701.914 INFO             PET2 ESMF_LAPACK                 : enabled
20210411 051701.914 INFO             PET2 ESMF_NETCDF                 : enabled
20210411 051701.914 INFO             PET2 ESMF_PNETCDF                : disabled
20210411 051701.914 INFO             PET2 ESMF_PIO                    : enabled
20210411 051701.914 INFO             PET2 ESMF_YAMLCPP                : enabled
20210411 051701.920 DEBUG            PET2 service: 0  PTHREAD_STACK_MIN: 16384 bytes  stack_size: 1073741824 bytes
20210411 051701.921 INFO             PET2  NUMBER_OF_PROCESSORS           4
20210411 051701.921 INFO             PET2  PASS  Example ESMF_GCompEx, ESMF_GCompEx.F90, line 465
20210411 051701.921 INFO             PET2 Finalizing ESMF
20210411 051701.907 INFO             PET3 !!!!!!!!!!!!!!!!!!!!!!!!!!!!!!!!!!!!!!!!!!!!!!!!!!!!!!
20210411 051701.907 INFO             PET3 !!! THE ESMF_LOG IS SET TO OUTPUT ALL LOG MESSAGES !!!
20210411 051701.907 INFO             PET3 !!!     THIS MAY CAUSE SLOWDOWN IN PERFORMANCE     !!!
20210411 051701.907 INFO             PET3 !!! FOR PRODUCTION RUNS, USE:                      !!!
20210411 051701.907 INFO             PET3 !!!                   ESMF_LOGKIND_Multi_On_Error  !!!
20210411 051701.907 INFO             PET3 !!!!!!!!!!!!!!!!!!!!!!!!!!!!!!!!!!!!!!!!!!!!!!!!!!!!!!
20210411 051701.907 INFO             PET3 Running with ESMF Version   : 8.2.0 beta snapshot
20210411 051701.907 INFO             PET3 ESMF library build date/time: "Apr 11 2021" "04:38:21"
20210411 051701.907 INFO             PET3 ESMF library build location : /lustre/f2/dev/ncep/Mark.Potts/intel_2019.5_mpi_g
20210411 051701.907 INFO             PET3 ESMF_COMM                   : mpi
20210411 051701.908 INFO             PET3 ESMF_MOAB                   : enabled
20210411 051701.908 INFO             PET3 ESMF_LAPACK                 : enabled
20210411 051701.908 INFO             PET3 ESMF_NETCDF                 : enabled
20210411 051701.908 INFO             PET3 ESMF_PNETCDF                : disabled
20210411 051701.908 INFO             PET3 ESMF_PIO                    : enabled
20210411 051701.908 INFO             PET3 ESMF_YAMLCPP                : enabled
20210411 051701.920 DEBUG            PET3 service: 0  PTHREAD_STACK_MIN: 16384 bytes  stack_size: 1073741824 bytes
20210411 051701.921 INFO             PET3  NUMBER_OF_PROCESSORS           4
20210411 051701.921 INFO             PET3  PASS  Example ESMF_GCompEx, ESMF_GCompEx.F90, line 465
20210411 051701.921 INFO             PET3 Finalizing ESMF
