 localPET=           0  localDE=           0 : array(           1 ,           1 )=   0.0000000000000000     
 localPET=           0  localDE=           0 : array(           1 ,           2 )=  -1.7306006209645215E-077
 localPET=           0  localDE=           0 : array(           2 ,           1 )=   0.0000000000000000     
 localPET=           2  localDE=           0 : array(           1 ,           1 )=  -2.6815615859885194E+154
 localPET=           2  localDE=           0 : array(           1 ,           2 )=  -2.6815615859885194E+154
 localPET=           2  localDE=           0 : array(           2 ,           1 )=  -2.6815615859885194E+154
 localPET=           0  localDE=           0 : array(           2 ,           2 )=   3.4584595208887258E-323
 localPET=           0  localDE=           0 : array(           3 ,           1 )=   8.3991159793011913E-323
 localPET=           0  localDE=           0 : array(           3 ,           2 )=   0.0000000000000000     
 localPET=           0  localDE=           1 : array(           1 ,           1 )=   0.0000000000000000     
 localPET=           0  localDE=           1 : array(           2 ,           1 )=   0.0000000000000000     
 localPET=           0  localDE=           1 : array(           3 ,           1 )=   2.1219957919534036E-314
 localPET=           2  localDE=           0 : array(           2 ,           2 )=  -2.6815615859885194E+154
 localPET=           2  localDE=           0 : array(           3 ,           1 )=  -2.6815615859885212E+154
 localPET=           2  localDE=           0 : array(           3 ,           2 )=   4.2154341947778680E-309
 localPET=           3  localDE=           0 : array(           1 ,           1 )=  -2.3158417847463239E+077
 localPET=           3  localDE=           0 : array(           1 ,           2 )=   4.2439915829186759E-314
 localPET=           3  localDE=           0 : array(           2 ,           1 )=  -2.3158417847463239E+077
 localPET=           3  localDE=           0 : array(           2 ,           2 )=   2.7813423231340017E-309
 localPET=           1  localDE=           0 : array(           1 ,           1 )=  -2.6815615859885194E+154
 localPET=           1  localDE=           0 : array(           1 ,           2 )=   1.9762625833649862E-323
 localPET=           1  localDE=           0 : array(           2 ,           1 )=  -2.6815615859885194E+154
 localPET=           1  localDE=           0 : array(           2 ,           2 )=  -2.6815615859885194E+154
 localPET=           1  localDE=           1 : array(           1 ,           1 )=  -2.6815615859885194E+154
 localPET=           1  localDE=           1 : array(           2 ,           1 )=  -2.6815615859885194E+154
 localPet:            3 DE            3  [           1           2 ]
 localPet:            2 DE            2  [           1           3 ]
 localPet:            0 DE            0  [           1           3 ]
 localPet:            0 DE            4  [           1           3 ]
 localPet:            1 DE            1  [           1           2 ]
 localPet:            1 DE            5  [           1           2 ]
  PASS  Example ESMF_ArrayEx, ESMF_ArrayEx.F90, line 1899
 PASS: ESMF_ArrayEx.F90
  PASS  Example ESMF_ArrayEx, ESMF_ArrayEx.F90, line 1899
 PASS: ESMF_ArrayEx.F90
  PASS  Example ESMF_ArrayEx, ESMF_ArrayEx.F90, line 1899
 PASS: ESMF_ArrayEx.F90
  PASS  Example ESMF_ArrayEx, ESMF_ArrayEx.F90, line 1899
 PASS: ESMF_ArrayEx.F90
