--- ESMCI::ArrayBundle::print start ---
ArrayBundle: MyArrayBundle
arrayCount = 3
Container::print() multipmap:item=0--- ESMCI::ArrayBundle::print start ---
ArrayBundle: MyArrayBundle
arrayCount = 3
Container::print() multipmap:item= key=AonFly value=0x7fc43680f000
Container::print() multipmap:item=1 key=Array002--- ESMCI::ArrayBundle::print start ---
ArrayBundle: MyArrayBundle
arrayCount = 3
Container::print() multipmap:item=0 key=AonFly value=0x7fb64e814000
 value=0x7fc43680cc00
Container::print() multipmap:item=2 key=Array003 value=0x7fc43680de00
Container::print()      list:item=00 key=AonFly value=0x7fbb58814800
Container::print() multipmap:item=1 key=Array002 value=Container::print() multipmap:item=1 key=Array002 value=0x7fb64e80e400
Container::print() multipmap:item=2 key=Array003 value=0x7fb64e80ea00 key=Array002 value=0x7fc43680cc00
Container::print()      list:item=1 key=Array003 value=0x7fc43680de00
Container::print()      list:item=20x7fbb5880fc00
Container::print() multipmap:item=2 key=Array003 value=0x7fbb58810200
Container::print()      list:item=0 key=Array002 value=0x7fbb5880fc00
Container::print()      list:item=1--- ESMCI::ArrayBundle::print start ---

Container::print()      list:item=0 key=Array002 value=0x7fb64e80e400
Container::print()      list:item=1 key=Array003 value=0x7fb64e80ea00
Container::print()      list:item=2 key=AonFly value=0x7fc43680f000 key=Array003 value=0x7fbb58810200ArrayBundle: MyArrayBundle
arrayCount = 3
 key=AonFly value=0x7fb64e814000
--- ESMCI::ArrayBundle::print end ---

--- ESMCI::ArrayBundle::print end ---

Container::print()      list:item=2 key=AonFly value=0x7fbb58814800
--- ESMCI::ArrayBundle::print end ---
Container::print() multipmap:item=0 key=AonFly value=0x7fab9c84cc00
Container::print() multipmap:item=1 key=Array002 value=0x7fab9c845600
Container::print() multipmap:item=2 key=Array003 value=0x7fab9c845c00--- ESMCI::Array::print start ---
 Base name    = AonFly
--- ESMCI::Array::print start ---
 Base name    = AonFly--- ESMCI::Array::print start ---
 Base name    = AonFly
 Status: Base = Ready,  object = Ready
 Proxy        = no

Container::print()      list:item=0 key=Array002 value=0x7fab9c845600
Container::print()      list:item=1 key=Array003 value=0x7fab9c845c00
Container::print()      list:item=2 key=AonFly value=0x7fab9c84cc00
--- ESMCI::ArrayBundle::print end ---
 Status: Base = Ready,  object = Ready
 Proxy        = no
 Root Info (Attributes):

 Status: Base = Ready,  object = Ready
 Proxy        = no
 Root Info (Attributes):
 Root Info (Attributes):
--- ESMCI::Array::print start ---
 Base name    = AonFly
 Status: Base = Ready,  object = Ready
 Proxy        = {}no
 Root Info (Attributes):
{}Array typekind/rank: Real*4 / 2 
Array typekind/rank: Real*4 / 2 
~ lower class' values ~
DistGrid dimCount = 2
deCount = 6
localDeCount = 1
~ local data in LocalArray for DE 2 ~
LocalArrayPrint: Array at address 0x7fc4364123c0:
            rank = 2, typekind = 5, base_addr = 0x7fc436411cc0
            dim[0] = 3  ~ lower class' values ~
DistGrid dimCount = 2
deCount = 6
localDeCount = 2
~ local data in LocalArray for DE 1 ~
LocalArrayPrint: Array at address 0x7fb64d116650:
dim[1] = 2  
  Real, *4, Dim 2, Data values:
( 1, 1) =  0
( 2, 1) =  4.65661e-10
( 3, 1) =  0
( 1, 2) =  4.65661e-10
            rank = 2, typekind = 5, base_addr = 0x7fb64d115c90
            dim[0] = 2  dim[1] = 2  
( 2, 2) =  8.40779e-45
( 3, 2) =  4.65661e-10
dim 1: [0]: [1 [1 [1, 3] 3] 3]
dim 2: [1]: [1 [1 [1, 2] 2] 2]
--- ESMCI::Array::print end ---
--- ESMCI::Array::print start ---
 Base name    = {}  Real, *4, Dim 2, Data values:
( 1, 1) =  0
( 2, 1) =  1.58456e+29
( 1, 2) =  0
( 2, 2) =  1.58456e+29
dim 1: [0]: [1 [1 [1, 2] 2] 2]
Array002
{}dim 2: [1]: [1 [1 [1, 2] 2] 2]
~ local data in LocalArray for DE 5 ~
LocalArrayPrint: Array at address 0x7fb64d116980:
            rank = 2, typekind = 5, base_addr = 0x7fb64d115ca0
            dim[0] = 2  dim[1] = 1  
  Real, *4, Dim 2, Data values:
 Status: Base = Ready,  object = Ready
 Proxy        = no
 Root Info (Attributes):
Array typekind/rank: Real*4 / 2 
~ lower class' values ~
DistGrid dimCount = 2
deCount = 6
localDeCount = 1
~ local data in LocalArray for DE 3 ~
LocalArrayPrint: Array at address 0x7fbb5670d0e0:
            rank = 2, typekind = 5, base_addr = 0x7fbb5670ca80
            dim[0] = 2  dim[1] = 2  
  Real, *4, Dim 2, Data values:
Array typekind/rank: Real*4 / 2 
~ lower class' values ~
DistGrid dimCount = 2
deCount = 6
localDeCount = 2
~ local data in LocalArray for DE 0 ~
( 1, 1) =  0
( 2, 1) =  1.58456e+29
dim 1: [0]: [1 [1 [1, 2] 2] 2]
dim 2: [1]: [1 [1 [1, 1] 1] 1]
--- ESMCI::Array::print end ---
--- ESMCI::Array::print start ---
 Base name    = Array002
 Status: Base = Ready,  object = Ready
 Proxy        = no
 Root Info (Attributes):
{}Array typekind/rank: Real*8 / 2 
~ lower class' values ~
DistGrid dimCount = 2
deCount = 6
localDeCount = 1
~ local data in LocalArray for DE 2 ~
LocalArrayPrint: Array at address 0x7fc4364107c0:
( 1, 1) =  0
( 2, 1) =  -3.68935e+19
( 1, 2) =  0
( 2, 2) =  -3.68935e+19
dim 1: [0]: [1 [1 [1, 2] 2] 2]
dim 2: [1]: [1 [1 [1, 2] 2] 2]
--- ESMCI::Array::print end ---
--- ESMCI::Array::print start ---
 Base name    = Array002
 Status: Base = Ready,  object = Ready
 Proxy        = no
 Root Info (Attributes):
LocalArrayPrint: Array at address 0x7fab9c4331e0:
            rank = 2, typekind = 5, base_addr = 0x7fab9c432810
            dim[0] = 3  dim[1] = 2  
  Real, *4, Dim 2, Data values:
( 1, 1) =  0
( 2, 1) =  4.65661e-10
{}Array typekind/rank: Real*8 / 2 
~ lower class' values ~
DistGrid dimCount = 2
deCount = 6
localDeCount = 2
~ local data in LocalArray for DE 1 ~
LocalArrayPrint: Array at address 0x7fb64d113e00:
            rank = 2, typekind = 6, base_addr = 0x7fb64d113ab0
                        rank = 2, typekind = 6, base_addr = 0x7fc4364104d0
            dim[0] = 3  dim[1] = 2  
  Real, *8, Dim 2, Data values:
( 1, 1) =  1.72723e-77
( 2, 1) =  1.72723e-77
( 3, 1) =  2.122e-314
( 1, 2) =  4.17203e-309
{}Array typekind/rank: Real*8 / 2 
~ lower class' values ~
DistGrid dimCount = 2
deCount = 6
localDeCount = 1
~ local data in LocalArray for DE 3 ~
LocalArrayPrint: Array at address 0x7fbb5670b5e0:
            rank = 2, typekind = 6, base_addr = 0x7fbb5670b2f0
            dim[0] = 2  dim[1] = 2  
  Real, *8, Dim 2, Data values:
( 1, 1) =  -2.68156e+154
( 3, 1) =  0
( 1, 2) =  4.65661e-10
( 2, 2) =  -6.45201e-22
( 3, 2) =  4.57986e-41
dim 1: [0]: [1 [1 [1, 3] 3] 3]
dim 2: [1]: [1 [1 [1, 2] 2] 2]
~ local data in LocalArray for DE 4 ~
LocalArrayPrint: Array at address 0x7fab9c433510:
            rank = 2, typekind = 5, base_addr = 0x7fab9c432830
dim[0] = 2  dim[1] = 2  
  Real, *8, Dim 2, Data values:
( 1, 1) =  3.10504e+231
( 2, 1) =  3.10504e+231
( 1, 2) =  2.122e-314
( 2, 2) =  4.17203e-309
dim 1: [0]: [1 [1 [1, 2] 2] 2]
dim 2: [1]: [1 [1 [1, 2] 2] 2]
( 2, 2) =  6.94067e-310
( 3, 2) =  6.94067e-310
dim 1: [0]: [1 [1 [1, 3] 3] 3]
dim 2: [1]: [1 [1 [1, 2] 2] 2]
--- ESMCI::Array::print end ---
--- ESMCI::Array::print start ---
 Base name    = Array003
 Status: Base = Ready,  object = Ready( 2, 1) =  -2.68156e+154
( 1, 2) =  2.122e-314
( 2, 2) =  4.17203e-309
dim 1: [0]: [1 [1 [1, 2] 2] 2]
dim 2: [1]: [1 [1 [1, 2] 2] 2]
--- ESMCI::Array::print end ---
--- ESMCI::Array::print start ---
 Base name    = Array003
 Status: Base = Ready,  object = Ready
 Proxy        = no
 Root Info (Attributes):
            dim[0] = 3  dim[1] = 1  
  Real, *4, Dim 2, Data values:
( 1, 1) =  0
( 2, 1) =  4.65661e-10
( 3, 1) =  0
dim 1: [0]: [1 [1 [1, 3] 3] 3]
dim 2: [1]: [1 [1 [1, 1] 1] 1]
--- ESMCI::Array::print end ---
--- ESMCI::Array::print start ---
~ local data in LocalArray for DE 5 ~
LocalArrayPrint: Array at address 0x7fb64d114130:
            rank = 2, typekind = 6, base_addr = 0x7fb64d113ad0
            dim[0] = 2  dim[1] = 1  
  Real, *8, Dim 2, Data values:
( 1, 1) =  3.10504e+231

 Proxy        = no
 Root Info (Attributes):
{}Array typekind/rank: Real*8 / 2 
~ lower class' values ~
DistGrid dimCount = 2
{}Array typekind/rank: Real*8 / 2 
~ lower class' values ~
DistGrid dimCount = 2
deCount = 6
localDeCount = 1
~ local data in LocalArray for DE 3 ~
LocalArrayPrint: Array at address 0x7fbb5670bab0:
            rank = 2, typekind = 6, base_addr = 0x7fbb5670b270
            dim[0] = 2  dim[1] = 2  
  Real, *8, Dim 2, Data values:
( 1, 1) =  -2.68156e+154
( 2, 1) =  -2.68156e+154
( 1, 2) =  -2.68156e+154
 Base name    = Array002
 Status: Base = Ready,  object = Ready
 Proxy        = no
 Root Info (Attributes):
{}Array typekind/rank: Real*8 / 2 
~ lower class' values ~
DistGrid dimCount = 2
deCount = 6
localDeCount = 2
~ local data in LocalArray for DE 0 ~
LocalArrayPrint: Array at address 0x7fab9c430980:
            rank = 2, typekind = 6, base_addr = 0x7fab9c430630
            dim[0] = 3  dim[1] = 2  
  Real, *8, Dim 2, Data values:
( 1, 1) =  1.72723e-77
( 2, 1) =  1.72723e-77
( 3, 1) =  2.122e-314
( 1, 2) =  4.17203e-309
( 2, 2) =  6.93545e-310
( 3, 2) =  6.93545e-310
dim 1: [0]: [1 [1 [1, 3] 3] 3]
dim 2: [1]: [1 [1 [1, 2] 2] 2]
~ local data in LocalArray for DE 4 ~
LocalArrayPrint: Array at address 0x7fab9c430cb0:
            rank = 2, typekind = 6, base_addr = 0x7fab9c430660
            dim[0] = 3  dim[1] = 1  ( 2, 1) =  3.10504e+231
dim 1: [0]: [1 [1 [1, 2] 2] 2]
dim 2: [1]: [1 [1 [1, 1] 1] 1]
--- ESMCI::Array::print end ---
--- ESMCI::Array::print start ---
 Base name    = Array003
 Status: Base = Ready,  object = Ready
 Proxy        = no
 Root Info (Attributes):
{}Array typekind/rank: Real*8 / 2 
~ lower class' values ~
DistGrid dimCount = 2
deCount = 6
localDeCount = 2
~ local data in LocalArray for DE 1 ~
LocalArrayPrint: Array at address 0x7fb64d114600:
            rank = 2, typekind = 6, base_addr = 0x7fb64d113a30
            dim[0] = 2  dim[1] = 2  
  Real, *8, Dim 2, Data values:
( 1, 1) =  3.10504e+231
( 2, 1) =  3.10504e+231
( 1, 2) =  3.10504e+231
( 2, 2) =  3.10504e+231
dim 1: [0]: [1 [1 [1, 2] 2] 2]
dim 2: [1]: [1 [1 [1, 2] 2] 2]
~ local data in LocalArray for DE 5 ~
LocalArrayPrint: Array at address 0x7fb64d114930:
            rank = 2, typekind = 6, base_addr = 0x7fb64d113a50
            dim[0] = 2  dim[1] = 1  
  Real, *8, Dim 2, Data values:
( 1, 1) =  3.10504e+231
( 2, 1) =  3.10504e+231
dim 1: [0]: [1 [1 [1, 2] 2] 2]
dim 2: [1]: [1 [1 [1, 1] 1] 1]
--- ESMCI::Array::print end ---
  PASS  Example ESMF_ArrayBundleEx, ESMF_ArrayBundleEx.F90, line 267
deCount = 6
localDeCount = 1
~ local data in LocalArray for DE 2 ~
LocalArrayPrint: Array at address 0x7fc436410c60:
            rank = 2, typekind = 6, base_addr = 0x7fc436410f90
            dim[0] = 3  dim[1] = 2  
  Real, *8, Dim 2, Data values:
( 1, 1) =  1.72723e-77
( 2, 1) =  1.72723e-77
( 3, 1) =  1.59583e-321
( 1, 2) =  0
( 2, 2) =  1.97626e-323
( 3, 2) =  0
dim 1: [0]: [1 [1 [1, 3] 3] 3]
dim 2: [1]: [1 [1 [1, 2] 2] 2]
--- ESMCI::Array::print end ---
  PASS  Example ESMF_ArrayBundleEx, ESMF_ArrayBundleEx.F90, line 267
( 2, 2) =  -2.68156e+154
dim 1: [0]: [1 [1 [1, 2] 2] 2]
dim 2: [1]: [1 [1 [1, 2] 2] 2]
--- ESMCI::Array::print end ---
  PASS  Example ESMF_ArrayBundleEx, ESMF_ArrayBundleEx.F90, line 267

  Real, *8, Dim 2, Data values:
( 1, 1) =  1.72723e-77
( 2, 1) =  1.72723e-77
( 3, 1) =  1.72723e-77
dim 1: [0]: [1 [1 [1, 3] 3] 3]
dim 2: [1]: [1 [1 [1, 1] 1] 1]
--- ESMCI::Array::print end ---
--- ESMCI::Array::print start ---
 Base name    = Array003
 Status: Base = Ready,  object = Ready
 Proxy        = no
 Root Info (Attributes):
{}Array typekind/rank: Real*8 / 2 
~ lower class' values ~
DistGrid dimCount = 2
deCount = 6
localDeCount = 2
~ local data in LocalArray for DE 0 ~
LocalArrayPrint: Array at address 0x7fab9c431140:
            rank = 2, typekind = 6, base_addr = 0x7fab9c431100
            dim[0] = 3  dim[1] = 2  
  Real, *8, Dim 2, Data values:
( 1, 1) =  1.72723e-77
( 2, 1) =  1.72723e-77
( 3, 1) =  1.97626e-323
( 1, 2) =  0
( 2, 2) =  1.72723e-77
( 3, 2) =  4.17201e-309
dim 1: [0]: [1 [1 [1, 3] 3] 3]
dim 2: [1]: [1 [1 [1, 2] 2] 2]
~ local data in LocalArray for DE 4 ~
LocalArrayPrint: Array at address 0x7fab9c431470:
            rank = 2, typekind = 6, base_addr = 0x7fab9c4317a0
            dim[0] = 3  dim[1] = 1  
  Real, *8, Dim 2, Data values:
( 1, 1) =  0
( 2, 1) =  0
( 3, 1) =  0
dim 1: [0]: [1 [1 [1, 3] 3] 3]
dim 2: [1]: [1 [1 [1, 1] 1] 1]
--- ESMCI::Array::print end ---
  PASS  Example ESMF_ArrayBundleEx, ESMF_ArrayBundleEx.F90, line 267
 PASS: ESMF_ArrayBundleEx.F90
 PASS: ESMF_ArrayBundleEx.F90
 PASS: ESMF_ArrayBundleEx.F90
 PASS: ESMF_ArrayBundleEx.F90
