build time -- 2021-04-22 07:47:19
Reading control file...
Reading control file...
Reading control file...
Reading control file...
Retrieving regrid_from_file data...
Running 1 of 11 regrid_from_file test cases...

Regrid ll2.5deg_grid.nc to T42_grid.nc as bilinear with -p none itrp_mean_err=0.001000, itrp_max_err=0.010000, and csrv_err=0.000000 - START

Running 1 of 11 regrid_from_file test cases...

Regrid ll2.5deg_grid.nc to T42_grid.nc as bilinear with -p none itrp_mean_err=0.001000, itrp_max_err=0.010000, and csrv_err=0.000000 - START

Running 1 of 11 regrid_from_file test cases...

Regrid ll2.5deg_grid.nc to T42_grid.nc as bilinear with -p none itrp_mean_err=0.001000, itrp_max_err=0.010000, and csrv_err=0.000000 - START

Retrieving http://data.earthsystemmodeling.org/download/data/ll2.5deg_grid.nc...

Error opening http://data.earthsystemmodeling.org/download/data/ll2.5deg_grid.nc
Running 1 of 11 regrid_from_file test cases...

Regrid ll2.5deg_grid.nc to T42_grid.nc as bilinear with -p none itrp_mean_err=0.001000, itrp_max_err=0.010000, and csrv_err=0.000000 - START

NetCDF Error: src/ESMF/test/regrid_from_file/data/ll2.5deg_grid.nc : No such file or directory
NetCDF Error: src/ESMF/test/regrid_from_file/data/ll2.5deg_grid.nc : No such file or directory
NetCDF Error: src/ESMF/test/regrid_from_file/data/ll2.5deg_grid.nc : No such file or directory
Regridding ERROR:

Traceback (most recent call last):
  File "src/ESMF/test/regrid_from_file/regrid_check_driver.py", line 63, in <module>
    options, itrp_mean_err, itrp_max_err, csrv_err)
  File "/work/noaa/da/mpotts/sandbox/gfortran_8.3.0_openmpi_g_develop/src/addon/ESMPy/src/ESMF/test/regrid_from_file/regrid_check.py", line 222, in regrid_check
    missingvalue=src_missingvalue)
  File "/work/noaa/da/mpotts/sandbox/gfortran_8.3.0_openmpi_g_develop/src/addon/ESMPy/src/ESMF/test/regrid_from_file/regrid_check.py", line 56, in create_grid_or_mesh_from_file
    varname=missingvalue)
  File "/work/noaa/da/mpotts/sandbox/gfortran_8.3.0_openmpi_g_develop/src/addon/ESMPy/src/ESMF/util/decorators.py", line 81, in new_func
    return func(*args, **kwargs)
  File "/work/noaa/da/mpotts/sandbox/gfortran_8.3.0_openmpi_g_develop/src/addon/ESMPy/src/ESMF/api/grid.py", line 356, in __init__
    coordNames=coord_names)
  File "/work/noaa/da/mpotts/sandbox/gfortran_8.3.0_openmpi_g_develop/src/addon/ESMPy/src/ESMF/util/decorators.py", line 93, in new_func
    return func(*args, **kwargs)
  File "/work/noaa/da/mpotts/sandbox/gfortran_8.3.0_openmpi_g_develop/src/addon/ESMPy/src/ESMF/interface/cbindings.py", line 720, in ESMP_GridCreateFromFile
    raise NameError('ESMC_GridCreateFromFile() failed with rc = '+str(rc))
NameError: ESMC_GridCreateFromFile() failed with rc = -1

***NOTE*** The log files must be deleted in this test case, they are printed below for future reference

NetCDF Error: src/ESMF/test/regrid_from_file/data/ll2.5deg_grid.nc : No such file or directory
NetCDF Error: src/ESMF/test/regrid_from_file/data/ll2.5deg_grid.nc : No such file or directory

PET: 0 - Regrid ll2.5deg_grid.nc to T42_grid.nc as bilinear with -p none itrp_mean_err=0.001000, itrp_max_err=0.010000, and csrv_err=0.000000 - FINISH

RESULT: FAIL


Running 2 of 11 regrid_from_file test cases...

Regrid T42_grid.nc to ll2.5deg_grid.nc as patch with -p none -i itrp_mean_err=0.001000, itrp_max_err=0.010000, and csrv_err=0.000000 - START

