forrtl: severe (174): SIGSEGV, segmentation fault occurred
Image              PC                Routine            Line        Source             
ESMF_FieldArbGrid  000000010EE35EF4  for__signal_handl     Unknown  Unknown
libsystem_platfor  00007FFF6A61FB5D  _sigtramp             Unknown  Unknown
libmpi.40.dylib    000000010F2202A1  MPI_Comm_rank         Unknown  Unknown
libesmf.dylib      00000001112E4583  _ZN5ESMCI3VMK4ini     Unknown  Unknown
libesmf.dylib      00000001112C2901  _ZN5ESMCI2VM10ini     Unknown  Unknown
libesmf.dylib      00000001112EDD83  c_esmc_vminitiali     Unknown  Unknown
libesmf.dylib      0000000111ACD200  esmf_vmmod_mp_esm     Unknown  Unknown
libesmf.dylib      000000011196308B  esmf_initmod_mp_e     Unknown  Unknown
ESMF_FieldArbGrid  000000010EE0F657  MAIN__                Unknown  Unknown
ESMF_FieldArbGrid  000000010EE0F46E  main                  Unknown  Unknown
forrtl: severe (174): SIGSEGV, segmentation fault occurred
Image              PC                Routine            Line        Source             
ESMF_FieldArbGrid  00000001048F1EF4  for__signal_handl     Unknown  Unknown
libsystem_platfor  00007FFF6A61FB5D  _sigtramp             Unknown  Unknown
libmpi.40.dylib    00000001071312A1  MPI_Comm_rank         Unknown  Unknown
libesmf.dylib      0000000105491583  _ZN5ESMCI3VMK4ini     Unknown  Unknown
libesmf.dylib      000000010546F901  _ZN5ESMCI2VM10ini     Unknown  Unknown
libesmf.dylib      000000010549AD83  c_esmc_vminitiali     Unknown  Unknown
libesmf.dylib      0000000105C7A200  esmf_vmmod_mp_esm     Unknown  Unknown
libesmf.dylib      0000000105B1008B  esmf_initmod_mp_e     Unknown  Unknown
ESMF_FieldArbGrid  00000001048CB657  MAIN__                Unknown  Unknown
ESMF_FieldArbGrid  00000001048CB46E  main                  Unknown  Unknown
forrtl: severe (174): SIGSEGV, segmentation fault occurred
Image              PC                Routine            Line        Source             
ESMF_FieldArbGrid  000000010F2C9EF4  for__signal_handl     Unknown  Unknown
libsystem_platfor  00007FFF6A61FB5D  _sigtramp             Unknown  Unknown
libmpi.40.dylib    0000000111B122A1  MPI_Comm_rank         Unknown  Unknown
libesmf.dylib      000000010FE6E583  _ZN5ESMCI3VMK4ini     Unknown  Unknown
libesmf.dylib      000000010FE4C901  _ZN5ESMCI2VM10ini     Unknown  Unknown
libesmf.dylib      000000010FE77D83  c_esmc_vminitiali     Unknown  Unknown
libesmf.dylib      0000000110657200  esmf_vmmod_mp_esm     Unknown  Unknown
libesmf.dylib      00000001104ED08B  esmf_initmod_mp_e     Unknown  Unknown
ESMF_FieldArbGrid  000000010F2A3657  MAIN__                Unknown  Unknown
ESMF_FieldArbGrid  000000010F2A346E  main                  Unknown  Unknown
forrtl: severe (174): SIGSEGV, segmentation fault occurred
Image              PC                Routine            Line        Source             
ESMF_FieldArbGrid  000000010DB44EF4  for__signal_handl     Unknown  Unknown
libsystem_platfor  00007FFF6A61FB5D  _sigtramp             Unknown  Unknown
libmpi.40.dylib    000000010DF2F2A1  MPI_Comm_rank         Unknown  Unknown
libesmf.dylib      000000010F8E2583  _ZN5ESMCI3VMK4ini     Unknown  Unknown
libesmf.dylib      000000010F8C0901  _ZN5ESMCI2VM10ini     Unknown  Unknown
libesmf.dylib      000000010F8EBD83  c_esmc_vminitiali     Unknown  Unknown
libesmf.dylib      00000001100CB200  esmf_vmmod_mp_esm     Unknown  Unknown
libesmf.dylib      000000010FF6108B  esmf_initmod_mp_e     Unknown  Unknown
ESMF_FieldArbGrid  000000010DB1E657  MAIN__                Unknown  Unknown
ESMF_FieldArbGrid  000000010DB1E46E  main                  Unknown  Unknown
