forrtl: severe (174): SIGSEGV, segmentation fault occurred
Image              PC                Routine            Line        Source             
ESMF_VMAllFullRed  000000010D6FDF34  for__signal_handl     Unknown  Unknown
libsystem_platfor  00007FFF6A61FB5D  _sigtramp             Unknown  Unknown
libmpi.40.dylib    000000010FF3A2A1  MPI_Comm_rank         Unknown  Unknown
libesmf.dylib      000000010E29D583  _ZN5ESMCI3VMK4ini     Unknown  Unknown
libesmf.dylib      000000010E27B901  _ZN5ESMCI2VM10ini     Unknown  Unknown
libesmf.dylib      000000010E2A6D83  c_esmc_vminitiali     Unknown  Unknown
libesmf.dylib      000000010EA86200  esmf_vmmod_mp_esm     Unknown  Unknown
libesmf.dylib      000000010E91C08B  esmf_initmod_mp_e     Unknown  Unknown
ESMF_VMAllFullRed  000000010D6D7DC9  MAIN__                Unknown  Unknown
ESMF_VMAllFullRed  000000010D6D7C3E  main                  Unknown  Unknown
forrtl: severe (174): SIGSEGV, segmentation fault occurred
Image              PC                Routine            Line        Source             
ESMF_VMAllFullRed  0000000109E85F34  for__signal_handl     Unknown  Unknown
libsystem_platfor  00007FFF6A61FB5D  _sigtramp             Unknown  Unknown
libmpi.40.dylib    000000010C6C62A1  MPI_Comm_rank         Unknown  Unknown
libesmf.dylib      000000010AA2A583  _ZN5ESMCI3VMK4ini     Unknown  Unknown
libesmf.dylib      000000010AA08901  _ZN5ESMCI2VM10ini     Unknown  Unknown
libesmf.dylib      000000010AA33D83  c_esmc_vminitiali     Unknown  Unknown
libesmf.dylib      000000010B213200  esmf_vmmod_mp_esm     Unknown  Unknown
libesmf.dylib      000000010B0A908B  esmf_initmod_mp_e     Unknown  Unknown
ESMF_VMAllFullRed  0000000109E5FDC9  MAIN__                Unknown  Unknown
ESMF_VMAllFullRed  0000000109E5FC3E  main                  Unknown  Unknown
forrtl: severe (174): SIGSEGV, segmentation fault occurred
Image              PC                Routine            Line        Source             
ESMF_VMAllFullRed  0000000102F74F34  for__signal_handl     Unknown  Unknown
libsystem_platfor  00007FFF6A61FB5D  _sigtramp             Unknown  Unknown
libmpi.40.dylib    00000001057BA2A1  MPI_Comm_rank         Unknown  Unknown
libesmf.dylib      0000000103B17583  _ZN5ESMCI3VMK4ini     Unknown  Unknown
libesmf.dylib      0000000103AF5901  _ZN5ESMCI2VM10ini     Unknown  Unknown
libesmf.dylib      0000000103B20D83  c_esmc_vminitiali     Unknown  Unknown
libesmf.dylib      0000000104300200  esmf_vmmod_mp_esm     Unknown  Unknown
libesmf.dylib      000000010419608B  esmf_initmod_mp_e     Unknown  Unknown
ESMF_VMAllFullRed  0000000102F4EDC9  MAIN__                Unknown  Unknown
ESMF_VMAllFullRed  0000000102F4EC3E  main                  Unknown  Unknown
forrtl: severe (174): SIGSEGV, segmentation fault occurred
Image              PC                Routine            Line        Source             
ESMF_VMAllFullRed  00000001063AFF34  for__signal_handl     Unknown  Unknown
libsystem_platfor  00007FFF6A61FB5D  _sigtramp             Unknown  Unknown
libmpi.40.dylib    000000010679A2A1  MPI_Comm_rank         Unknown  Unknown
libesmf.dylib      0000000108983583  _ZN5ESMCI3VMK4ini     Unknown  Unknown
libesmf.dylib      0000000108961901  _ZN5ESMCI2VM10ini     Unknown  Unknown
libesmf.dylib      000000010898CD83  c_esmc_vminitiali     Unknown  Unknown
libesmf.dylib      000000010916C200  esmf_vmmod_mp_esm     Unknown  Unknown
libesmf.dylib      000000010900208B  esmf_initmod_mp_e     Unknown  Unknown
ESMF_VMAllFullRed  0000000106389DC9  MAIN__                Unknown  Unknown
ESMF_VMAllFullRed  0000000106389C3E  main                  Unknown  Unknown
