forrtl: severe (174): SIGSEGV, segmentation fault occurred
Image              PC                Routine            Line        Source             
ESMF_CompTunnelEx  000000010B668C34  for__signal_handl     Unknown  Unknown
libsystem_platfor  00007FFF6A61FB5D  _sigtramp             Unknown  Unknown
libmpi.40.dylib    000000010DEA52A1  MPI_Comm_rank         Unknown  Unknown
libesmf.dylib      000000010C20A583  _ZN5ESMCI3VMK4ini     Unknown  Unknown
libesmf.dylib      000000010C1E8901  _ZN5ESMCI2VM10ini     Unknown  Unknown
libesmf.dylib      000000010C213D83  c_esmc_vminitiali     Unknown  Unknown
libesmf.dylib      000000010C9F3200  esmf_vmmod_mp_esm     Unknown  Unknown
libesmf.dylib      000000010C88908B  esmf_initmod_mp_e     Unknown  Unknown
ESMF_CompTunnelEx  000000010B6424CE  MAIN__                Unknown  Unknown
ESMF_CompTunnelEx  000000010B6422EE  main                  Unknown  Unknown
forrtl: severe (174): SIGSEGV, segmentation fault occurred
Image              PC                Routine            Line        Source             
ESMF_CompTunnelEx  0000000105DB8C34  for__signal_handl     Unknown  Unknown
libsystem_platfor  00007FFF6A61FB5D  _sigtramp             Unknown  Unknown
libmpi.40.dylib    00000001085FD2A1  MPI_Comm_rank         Unknown  Unknown
libesmf.dylib      000000010695F583  _ZN5ESMCI3VMK4ini     Unknown  Unknown
libesmf.dylib      000000010693D901  _ZN5ESMCI2VM10ini     Unknown  Unknown
libesmf.dylib      0000000106968D83  c_esmc_vminitiali     Unknown  Unknown
libesmf.dylib      0000000107148200  esmf_vmmod_mp_esm     Unknown  Unknown
libesmf.dylib      0000000106FDE08B  esmf_initmod_mp_e     Unknown  Unknown
ESMF_CompTunnelEx  0000000105D924CE  MAIN__                Unknown  Unknown
ESMF_CompTunnelEx  0000000105D922EE  main                  Unknown  Unknown
forrtl: severe (174): SIGSEGV, segmentation fault occurred
Image              PC                Routine            Line        Source             
ESMF_CompTunnelEx  000000010DEEFC34  for__signal_handl     Unknown  Unknown
libsystem_platfor  00007FFF6A61FB5D  _sigtramp             Unknown  Unknown
libmpi.40.dylib    00000001107312A1  MPI_Comm_rank         Unknown  Unknown
libesmf.dylib      000000010EA90583  _ZN5ESMCI3VMK4ini     Unknown  Unknown
libesmf.dylib      000000010EA6E901  _ZN5ESMCI2VM10ini     Unknown  Unknown
libesmf.dylib      000000010EA99D83  c_esmc_vminitiali     Unknown  Unknown
libesmf.dylib      000000010F279200  esmf_vmmod_mp_esm     Unknown  Unknown
libesmf.dylib      000000010F10F08B  esmf_initmod_mp_e     Unknown  Unknown
ESMF_CompTunnelEx  000000010DEC94CE  MAIN__                Unknown  Unknown
ESMF_CompTunnelEx  000000010DEC92EE  main                  Unknown  Unknown
forrtl: severe (174): SIGSEGV, segmentation fault occurred
Image              PC                Routine            Line        Source             
ESMF_CompTunnelEx  00000001032D5C34  for__signal_handl     Unknown  Unknown
libsystem_platfor  00007FFF6A61FB5D  _sigtramp             Unknown  Unknown
libmpi.40.dylib    0000000105B182A1  MPI_Comm_rank         Unknown  Unknown
libesmf.dylib      0000000103E78583  _ZN5ESMCI3VMK4ini     Unknown  Unknown
libesmf.dylib      0000000103E56901  _ZN5ESMCI2VM10ini     Unknown  Unknown
libesmf.dylib      0000000103E81D83  c_esmc_vminitiali     Unknown  Unknown
libesmf.dylib      0000000104661200  esmf_vmmod_mp_esm     Unknown  Unknown
libesmf.dylib      00000001044F708B  esmf_initmod_mp_e     Unknown  Unknown
ESMF_CompTunnelEx  00000001032AF4CE  MAIN__                Unknown  Unknown
ESMF_CompTunnelEx  00000001032AF2EE  main                  Unknown  Unknown
forrtl: severe (174): SIGSEGV, segmentation fault occurred
Image              PC                Routine            Line        Source             
ESMF_CompTunnelEx  0000000107D3FC34  for__signal_handl     Unknown  Unknown
libsystem_platfor  00007FFF6A61FB5D  _sigtramp             Unknown  Unknown
libmpi.40.dylib    000000010A5822A1  MPI_Comm_rank         Unknown  Unknown
libesmf.dylib      00000001088E4583  _ZN5ESMCI3VMK4ini     Unknown  Unknown
libesmf.dylib      00000001088C2901  _ZN5ESMCI2VM10ini     Unknown  Unknown
libesmf.dylib      00000001088EDD83  c_esmc_vminitiali     Unknown  Unknown
libesmf.dylib      00000001090CD200  esmf_vmmod_mp_esm     Unknown  Unknown
libesmf.dylib      0000000108F6308B  esmf_initmod_mp_e     Unknown  Unknown
ESMF_CompTunnelEx  0000000107D194CE  MAIN__                Unknown  Unknown
ESMF_CompTunnelEx  0000000107D192EE  main                  Unknown  Unknown
forrtl: severe (174): SIGSEGV, segmentation fault occurred
Image              PC                Routine            Line        Source             
ESMF_CompTunnelEx  0000000105C58C34  for__signal_handl     Unknown  Unknown
libsystem_platfor  00007FFF6A61FB5D  _sigtramp             Unknown  Unknown
libmpi.40.dylib    00000001084922A1  MPI_Comm_rank         Unknown  Unknown
libesmf.dylib      00000001067FA583  _ZN5ESMCI3VMK4ini     Unknown  Unknown
libesmf.dylib      00000001067D8901  _ZN5ESMCI2VM10ini     Unknown  Unknown
libesmf.dylib      0000000106803D83  c_esmc_vminitiali     Unknown  Unknown
libesmf.dylib      0000000106FE3200  esmf_vmmod_mp_esm     Unknown  Unknown
libesmf.dylib      0000000106E7908B  esmf_initmod_mp_e     Unknown  Unknown
ESMF_CompTunnelEx  0000000105C324CE  MAIN__                Unknown  Unknown
ESMF_CompTunnelEx  0000000105C322EE  main                  Unknown  Unknown
