forrtl: severe (174): SIGSEGV, segmentation fault occurred
Image              PC                Routine            Line        Source             
ESMF_FieldCreateE  000000010A06FA34  for__signal_handl     Unknown  Unknown
libsystem_platfor  00007FFF6A61FB5D  _sigtramp             Unknown  Unknown
libmpi.40.dylib    000000010C8AA2A1  MPI_Comm_rank         Unknown  Unknown
libesmf.dylib      000000010AC10583  _ZN5ESMCI3VMK4ini     Unknown  Unknown
libesmf.dylib      000000010ABEE901  _ZN5ESMCI2VM10ini     Unknown  Unknown
libesmf.dylib      000000010AC19D83  c_esmc_vminitiali     Unknown  Unknown
libesmf.dylib      000000010B3F9200  esmf_vmmod_mp_esm     Unknown  Unknown
libesmf.dylib      000000010B28F08B  esmf_initmod_mp_e     Unknown  Unknown
ESMF_FieldCreateE  000000010A044A83  MAIN__                Unknown  Unknown
ESMF_FieldCreateE  000000010A04471E  main                  Unknown  Unknown
forrtl: severe (174): SIGSEGV, segmentation fault occurred
Image              PC                Routine            Line        Source             
ESMF_FieldCreateE  000000010D010A34  for__signal_handl     Unknown  Unknown
libsystem_platfor  00007FFF6A61FB5D  _sigtramp             Unknown  Unknown
libmpi.40.dylib    000000010F8572A1  MPI_Comm_rank         Unknown  Unknown
libesmf.dylib      000000010DBB8583  _ZN5ESMCI3VMK4ini     Unknown  Unknown
libesmf.dylib      000000010DB96901  _ZN5ESMCI2VM10ini     Unknown  Unknown
libesmf.dylib      000000010DBC1D83  c_esmc_vminitiali     Unknown  Unknown
libesmf.dylib      000000010E3A1200  esmf_vmmod_mp_esm     Unknown  Unknown
libesmf.dylib      000000010E23708B  esmf_initmod_mp_e     Unknown  Unknown
ESMF_FieldCreateE  000000010CFE5A83  MAIN__                Unknown  Unknown
ESMF_FieldCreateE  000000010CFE571E  main                  Unknown  Unknown
forrtl: severe (174): SIGSEGV, segmentation fault occurred
Image              PC                Routine            Line        Source             
ESMF_FieldCreateE  0000000104092A34  for__signal_handl     Unknown  Unknown
libsystem_platfor  00007FFF6A61FB5D  _sigtramp             Unknown  Unknown
libmpi.40.dylib    00000001068D52A1  MPI_Comm_rank         Unknown  Unknown
libesmf.dylib      0000000104C38583  _ZN5ESMCI3VMK4ini     Unknown  Unknown
libesmf.dylib      0000000104C16901  _ZN5ESMCI2VM10ini     Unknown  Unknown
libesmf.dylib      0000000104C41D83  c_esmc_vminitiali     Unknown  Unknown
libesmf.dylib      0000000105421200  esmf_vmmod_mp_esm     Unknown  Unknown
libesmf.dylib      00000001052B708B  esmf_initmod_mp_e     Unknown  Unknown
ESMF_FieldCreateE  0000000104067A83  MAIN__                Unknown  Unknown
ESMF_FieldCreateE  000000010406771E  main                  Unknown  Unknown
forrtl: severe (174): SIGSEGV, segmentation fault occurred
Image              PC                Routine            Line        Source             
ESMF_FieldCreateE  000000010E5C4A34  for__signal_handl     Unknown  Unknown
libsystem_platfor  00007FFF6A61FB5D  _sigtramp             Unknown  Unknown
libmpi.40.dylib    0000000110E0E2A1  MPI_Comm_rank         Unknown  Unknown
libesmf.dylib      000000010F16B583  _ZN5ESMCI3VMK4ini     Unknown  Unknown
libesmf.dylib      000000010F149901  _ZN5ESMCI2VM10ini     Unknown  Unknown
libesmf.dylib      000000010F174D83  c_esmc_vminitiali     Unknown  Unknown
libesmf.dylib      000000010F954200  esmf_vmmod_mp_esm     Unknown  Unknown
libesmf.dylib      000000010F7EA08B  esmf_initmod_mp_e     Unknown  Unknown
ESMF_FieldCreateE  000000010E599A83  MAIN__                Unknown  Unknown
ESMF_FieldCreateE  000000010E59971E  main                  Unknown  Unknown
