forrtl: severe (174): SIGSEGV, segmentation fault occurred
Image              PC                Routine            Line        Source             
ESMF_FieldRedistE  0000000106D36E14  for__signal_handl     Unknown  Unknown
libsystem_platfor  00007FFF6A61FB5D  _sigtramp             Unknown  Unknown
libmpi.40.dylib    00000001095782A1  MPI_Comm_rank         Unknown  Unknown
libesmf.dylib      00000001078D8583  _ZN5ESMCI3VMK4ini     Unknown  Unknown
libesmf.dylib      00000001078B6901  _ZN5ESMCI2VM10ini     Unknown  Unknown
libesmf.dylib      00000001078E1D83  c_esmc_vminitiali     Unknown  Unknown
libesmf.dylib      00000001080C1200  esmf_vmmod_mp_esm     Unknown  Unknown
libesmf.dylib      0000000107F5708B  esmf_initmod_mp_e     Unknown  Unknown
ESMF_FieldRedistE  0000000106D0E4CE  MAIN__                Unknown  Unknown
ESMF_FieldRedistE  0000000106D0E12E  main                  Unknown  Unknown
forrtl: severe (174): SIGSEGV, segmentation fault occurred
Image              PC                Routine            Line        Source             
ESMF_FieldRedistE  0000000102A9BE14  for__signal_handl     Unknown  Unknown
libsystem_platfor  00007FFF6A61FB5D  _sigtramp             Unknown  Unknown
libmpi.40.dylib    00000001052DF2A1  MPI_Comm_rank         Unknown  Unknown
libesmf.dylib      000000010363D583  _ZN5ESMCI3VMK4ini     Unknown  Unknown
libesmf.dylib      000000010361B901  _ZN5ESMCI2VM10ini     Unknown  Unknown
libesmf.dylib      0000000103646D83  c_esmc_vminitiali     Unknown  Unknown
libesmf.dylib      0000000103E26200  esmf_vmmod_mp_esm     Unknown  Unknown
libesmf.dylib      0000000103CBC08B  esmf_initmod_mp_e     Unknown  Unknown
ESMF_FieldRedistE  0000000102A734CE  MAIN__                Unknown  Unknown
ESMF_FieldRedistE  0000000102A7312E  main                  Unknown  Unknown
forrtl: severe (174): SIGSEGV, segmentation fault occurred
Image              PC                Routine            Line        Source             
ESMF_FieldRedistE  000000010410DE14  for__signal_handl     Unknown  Unknown
libsystem_platfor  00007FFF6A61FB5D  _sigtramp             Unknown  Unknown
libmpi.40.dylib    00000001044F82A1  MPI_Comm_rank         Unknown  Unknown
libesmf.dylib      000000010613D583  _ZN5ESMCI3VMK4ini     Unknown  Unknown
libesmf.dylib      000000010611B901  _ZN5ESMCI2VM10ini     Unknown  Unknown
libesmf.dylib      0000000106146D83  c_esmc_vminitiali     Unknown  Unknown
libesmf.dylib      0000000106926200  esmf_vmmod_mp_esm     Unknown  Unknown
libesmf.dylib      00000001067BC08B  esmf_initmod_mp_e     Unknown  Unknown
ESMF_FieldRedistE  00000001040E54CE  MAIN__                Unknown  Unknown
ESMF_FieldRedistE  00000001040E512E  main                  Unknown  Unknown
forrtl: severe (174): SIGSEGV, segmentation fault occurred
Image              PC                Routine            Line        Source             
ESMF_FieldRedistE  000000010D49FE14  for__signal_handl     Unknown  Unknown
libsystem_platfor  00007FFF6A61FB5D  _sigtramp             Unknown  Unknown
libmpi.40.dylib    000000010FCDE2A1  MPI_Comm_rank         Unknown  Unknown
libesmf.dylib      000000010E03F583  _ZN5ESMCI3VMK4ini     Unknown  Unknown
libesmf.dylib      000000010E01D901  _ZN5ESMCI2VM10ini     Unknown  Unknown
libesmf.dylib      000000010E048D83  c_esmc_vminitiali     Unknown  Unknown
libesmf.dylib      000000010E828200  esmf_vmmod_mp_esm     Unknown  Unknown
libesmf.dylib      000000010E6BE08B  esmf_initmod_mp_e     Unknown  Unknown
ESMF_FieldRedistE  000000010D4774CE  MAIN__                Unknown  Unknown
ESMF_FieldRedistE  000000010D47712E  main                  Unknown  Unknown
