forrtl: severe (174): SIGSEGV, segmentation fault occurred
Image              PC                Routine            Line        Source             
ESMF_DistGridEx    000000010BD75F34  for__signal_handl     Unknown  Unknown
libsystem_platfor  00007FFF6A61FB5D  _sigtramp             Unknown  Unknown
libmpi.40.dylib    000000010E5B82A1  MPI_Comm_rank         Unknown  Unknown
libesmf.dylib      000000010C91A583  _ZN5ESMCI3VMK4ini     Unknown  Unknown
libesmf.dylib      000000010C8F8901  _ZN5ESMCI2VM10ini     Unknown  Unknown
libesmf.dylib      000000010C923D83  c_esmc_vminitiali     Unknown  Unknown
libesmf.dylib      000000010D103200  esmf_vmmod_mp_esm     Unknown  Unknown
libesmf.dylib      000000010CF9908B  esmf_initmod_mp_e     Unknown  Unknown
ESMF_DistGridEx    000000010BD49339  MAIN__                Unknown  Unknown
ESMF_DistGridEx    000000010BD4916E  main                  Unknown  Unknown
forrtl: severe (174): SIGSEGV, segmentation fault occurred
Image              PC                Routine            Line        Source             
ESMF_DistGridEx    0000000107F99F34  for__signal_handl     Unknown  Unknown
libsystem_platfor  00007FFF6A61FB5D  _sigtramp             Unknown  Unknown
libmpi.40.dylib    000000010A7DC2A1  MPI_Comm_rank         Unknown  Unknown
libesmf.dylib      0000000108B3E583  _ZN5ESMCI3VMK4ini     Unknown  Unknown
libesmf.dylib      0000000108B1C901  _ZN5ESMCI2VM10ini     Unknown  Unknown
libesmf.dylib      0000000108B47D83  c_esmc_vminitiali     Unknown  Unknown
libesmf.dylib      0000000109327200  esmf_vmmod_mp_esm     Unknown  Unknown
libesmf.dylib      00000001091BD08B  esmf_initmod_mp_e     Unknown  Unknown
ESMF_DistGridEx    0000000107F6D339  MAIN__                Unknown  Unknown
ESMF_DistGridEx    0000000107F6D16E  main                  Unknown  Unknown
forrtl: severe (174): SIGSEGV, segmentation fault occurred
Image              PC                Routine            Line        Source             
ESMF_DistGridEx    0000000103698F34  for__signal_handl     Unknown  Unknown
libsystem_platfor  00007FFF6A61FB5D  _sigtramp             Unknown  Unknown
libmpi.40.dylib    0000000105EDE2A1  MPI_Comm_rank         Unknown  Unknown
libesmf.dylib      000000010423E583  _ZN5ESMCI3VMK4ini     Unknown  Unknown
libesmf.dylib      000000010421C901  _ZN5ESMCI2VM10ini     Unknown  Unknown
libesmf.dylib      0000000104247D83  c_esmc_vminitiali     Unknown  Unknown
libesmf.dylib      0000000104A27200  esmf_vmmod_mp_esm     Unknown  Unknown
libesmf.dylib      00000001048BD08B  esmf_initmod_mp_e     Unknown  Unknown
ESMF_DistGridEx    000000010366C339  MAIN__                Unknown  Unknown
ESMF_DistGridEx    000000010366C16E  main                  Unknown  Unknown
forrtl: severe (174): SIGSEGV, segmentation fault occurred
Image              PC                Routine            Line        Source             
ESMF_DistGridEx    00000001038DDF34  for__signal_handl     Unknown  Unknown
libsystem_platfor  00007FFF6A61FB5D  _sigtramp             Unknown  Unknown
libmpi.40.dylib    000000010611C2A1  MPI_Comm_rank         Unknown  Unknown
libesmf.dylib      000000010447E583  _ZN5ESMCI3VMK4ini     Unknown  Unknown
libesmf.dylib      000000010445C901  _ZN5ESMCI2VM10ini     Unknown  Unknown
libesmf.dylib      0000000104487D83  c_esmc_vminitiali     Unknown  Unknown
libesmf.dylib      0000000104C67200  esmf_vmmod_mp_esm     Unknown  Unknown
libesmf.dylib      0000000104AFD08B  esmf_initmod_mp_e     Unknown  Unknown
ESMF_DistGridEx    00000001038B1339  MAIN__                Unknown  Unknown
ESMF_DistGridEx    00000001038B116E  main                  Unknown  Unknown
