forrtl: severe (174): SIGSEGV, segmentation fault occurred
Image              PC                Routine            Line        Source             
ESMF_StateReadWri  000000010603FF34  for__signal_handl     Unknown  Unknown
libsystem_platfor  00007FFF6A61FB5D  _sigtramp             Unknown  Unknown
libmpi.40.dylib    00000001088842A1  MPI_Comm_rank         Unknown  Unknown
libesmf.dylib      0000000106BE3583  _ZN5ESMCI3VMK4ini     Unknown  Unknown
libesmf.dylib      0000000106BC1901  _ZN5ESMCI2VM10ini     Unknown  Unknown
libesmf.dylib      0000000106BECD83  c_esmc_vminitiali     Unknown  Unknown
libesmf.dylib      00000001073CC200  esmf_vmmod_mp_esm     Unknown  Unknown
libesmf.dylib      000000010726208B  esmf_initmod_mp_e     Unknown  Unknown
ESMF_StateReadWri  0000000106019FF1  MAIN__                Unknown  Unknown
ESMF_StateReadWri  0000000106019D7E  main                  Unknown  Unknown
forrtl: severe (174): SIGSEGV, segmentation fault occurred
Image              PC                Routine            Line        Source             
ESMF_StateReadWri  00000001048CDF34  for__signal_handl     Unknown  Unknown
libsystem_platfor  00007FFF6A61FB5D  _sigtramp             Unknown  Unknown
libmpi.40.dylib    000000010710E2A1  MPI_Comm_rank         Unknown  Unknown
libesmf.dylib      0000000105472583  _ZN5ESMCI3VMK4ini     Unknown  Unknown
libesmf.dylib      0000000105450901  _ZN5ESMCI2VM10ini     Unknown  Unknown
libesmf.dylib      000000010547BD83  c_esmc_vminitiali     Unknown  Unknown
libesmf.dylib      0000000105C5B200  esmf_vmmod_mp_esm     Unknown  Unknown
libesmf.dylib      0000000105AF108B  esmf_initmod_mp_e     Unknown  Unknown
ESMF_StateReadWri  00000001048A7FF1  MAIN__                Unknown  Unknown
ESMF_StateReadWri  00000001048A7D7E  main                  Unknown  Unknown
forrtl: severe (174): SIGSEGV, segmentation fault occurred
Image              PC                Routine            Line        Source             
ESMF_StateReadWri  00000001081E6F34  for__signal_handl     Unknown  Unknown
libsystem_platfor  00007FFF6A61FB5D  _sigtramp             Unknown  Unknown
libmpi.40.dylib    00000001085D12A1  MPI_Comm_rank         Unknown  Unknown
libesmf.dylib      000000010AAE7583  _ZN5ESMCI3VMK4ini     Unknown  Unknown
libesmf.dylib      000000010AAC5901  _ZN5ESMCI2VM10ini     Unknown  Unknown
libesmf.dylib      000000010AAF0D83  c_esmc_vminitiali     Unknown  Unknown
libesmf.dylib      000000010B2D0200  esmf_vmmod_mp_esm     Unknown  Unknown
libesmf.dylib      000000010B16608B  esmf_initmod_mp_e     Unknown  Unknown
ESMF_StateReadWri  00000001081C0FF1  MAIN__                Unknown  Unknown
ESMF_StateReadWri  00000001081C0D7E  main                  Unknown  Unknown
forrtl: severe (174): SIGSEGV, segmentation fault occurred
Image              PC                Routine            Line        Source             
ESMF_StateReadWri  00000001065FCF34  for__signal_handl     Unknown  Unknown
libsystem_platfor  00007FFF6A61FB5D  _sigtramp             Unknown  Unknown
libmpi.40.dylib    0000000108E3F2A1  MPI_Comm_rank         Unknown  Unknown
libesmf.dylib      000000010719F583  _ZN5ESMCI3VMK4ini     Unknown  Unknown
libesmf.dylib      000000010717D901  _ZN5ESMCI2VM10ini     Unknown  Unknown
libesmf.dylib      00000001071A8D83  c_esmc_vminitiali     Unknown  Unknown
libesmf.dylib      0000000107988200  esmf_vmmod_mp_esm     Unknown  Unknown
libesmf.dylib      000000010781E08B  esmf_initmod_mp_e     Unknown  Unknown
ESMF_StateReadWri  00000001065D6FF1  MAIN__                Unknown  Unknown
ESMF_StateReadWri  00000001065D6D7E  main                  Unknown  Unknown
