forrtl: severe (174): SIGSEGV, segmentation fault occurred
Image              PC                Routine            Line        Source             
ESMF_GridCreateRe  000000010818DFB4  for__signal_handl     Unknown  Unknown
libsystem_platfor  00007FFF6A61FB5D  _sigtramp             Unknown  Unknown
libmpi.40.dylib    000000010A9D02A1  MPI_Comm_rank         Unknown  Unknown
libesmf.dylib      0000000108D2F583  _ZN5ESMCI3VMK4ini     Unknown  Unknown
libesmf.dylib      0000000108D0D901  _ZN5ESMCI2VM10ini     Unknown  Unknown
libesmf.dylib      0000000108D38D83  c_esmc_vminitiali     Unknown  Unknown
libesmf.dylib      0000000109518200  esmf_vmmod_mp_esm     Unknown  Unknown
libesmf.dylib      00000001093AE08B  esmf_initmod_mp_e     Unknown  Unknown
ESMF_GridCreateRe  00000001081681DC  MAIN__                Unknown  Unknown
ESMF_GridCreateRe  000000010816801E  main                  Unknown  Unknown
forrtl: severe (174): SIGSEGV, segmentation fault occurred
Image              PC                Routine            Line        Source             
ESMF_GridCreateRe  00000001079B7FB4  for__signal_handl     Unknown  Unknown
libsystem_platfor  00007FFF6A61FB5D  _sigtramp             Unknown  Unknown
libmpi.40.dylib    000000010A1F72A1  MPI_Comm_rank         Unknown  Unknown
libesmf.dylib      000000010855A583  _ZN5ESMCI3VMK4ini     Unknown  Unknown
libesmf.dylib      0000000108538901  _ZN5ESMCI2VM10ini     Unknown  Unknown
libesmf.dylib      0000000108563D83  c_esmc_vminitiali     Unknown  Unknown
libesmf.dylib      0000000108D43200  esmf_vmmod_mp_esm     Unknown  Unknown
libesmf.dylib      0000000108BD908B  esmf_initmod_mp_e     Unknown  Unknown
ESMF_GridCreateRe  00000001079921DC  MAIN__                Unknown  Unknown
ESMF_GridCreateRe  000000010799201E  main                  Unknown  Unknown
forrtl: severe (174): SIGSEGV, segmentation fault occurred
Image              PC                Routine            Line        Source             
ESMF_GridCreateRe  000000010F869FB4  for__signal_handl     Unknown  Unknown
libsystem_platfor  00007FFF6A61FB5D  _sigtramp             Unknown  Unknown
libmpi.40.dylib    0000000111EEF2A1  MPI_Comm_rank         Unknown  Unknown
libesmf.dylib      0000000110409583  _ZN5ESMCI3VMK4ini     Unknown  Unknown
libesmf.dylib      00000001103E7901  _ZN5ESMCI2VM10ini     Unknown  Unknown
libesmf.dylib      0000000110412D83  c_esmc_vminitiali     Unknown  Unknown
libesmf.dylib      0000000110BF2200  esmf_vmmod_mp_esm     Unknown  Unknown
libesmf.dylib      0000000110A8808B  esmf_initmod_mp_e     Unknown  Unknown
ESMF_GridCreateRe  000000010F8441DC  MAIN__                Unknown  Unknown
ESMF_GridCreateRe  000000010F84401E  main                  Unknown  Unknown
forrtl: severe (174): SIGSEGV, segmentation fault occurred
Image              PC                Routine            Line        Source             
ESMF_GridCreateRe  00000001068B4FB4  for__signal_handl     Unknown  Unknown
libsystem_platfor  00007FFF6A61FB5D  _sigtramp             Unknown  Unknown
libmpi.40.dylib    00000001090EC2A1  MPI_Comm_rank         Unknown  Unknown
libesmf.dylib      0000000107455583  _ZN5ESMCI3VMK4ini     Unknown  Unknown
libesmf.dylib      0000000107433901  _ZN5ESMCI2VM10ini     Unknown  Unknown
libesmf.dylib      000000010745ED83  c_esmc_vminitiali     Unknown  Unknown
libesmf.dylib      0000000107C3E200  esmf_vmmod_mp_esm     Unknown  Unknown
libesmf.dylib      0000000107AD408B  esmf_initmod_mp_e     Unknown  Unknown
ESMF_GridCreateRe  000000010688F1DC  MAIN__                Unknown  Unknown
ESMF_GridCreateRe  000000010688F01E  main                  Unknown  Unknown
