forrtl: severe (174): SIGSEGV, segmentation fault occurred
Image              PC                Routine            Line        Source             
ESMF_ArraySparseM  000000010445ABA4  for__signal_handl     Unknown  Unknown
libsystem_platfor  00007FFF6A61FB5D  _sigtramp             Unknown  Unknown
libmpi.40.dylib    0000000106C932A1  MPI_Comm_rank         Unknown  Unknown
libesmf.dylib      0000000104FFA583  _ZN5ESMCI3VMK4ini     Unknown  Unknown
libesmf.dylib      0000000104FD8901  _ZN5ESMCI2VM10ini     Unknown  Unknown
libesmf.dylib      0000000105003D83  c_esmc_vminitiali     Unknown  Unknown
libesmf.dylib      00000001057E3200  esmf_vmmod_mp_esm     Unknown  Unknown
libesmf.dylib      000000010567908B  esmf_initmod_mp_e     Unknown  Unknown
ESMF_ArraySparseM  0000000104431D8A  MAIN__                Unknown  Unknown
ESMF_ArraySparseM  0000000104431B2E  main                  Unknown  Unknown
forrtl: severe (174): SIGSEGV, segmentation fault occurred
Image              PC                Routine            Line        Source             
ESMF_ArraySparseM  0000000100CFBBA4  for__signal_handl     Unknown  Unknown
libsystem_platfor  00007FFF6A61FB5D  _sigtramp             Unknown  Unknown
libmpi.40.dylib    00000001035382A1  MPI_Comm_rank         Unknown  Unknown
libesmf.dylib      000000010189D583  _ZN5ESMCI3VMK4ini     Unknown  Unknown
libesmf.dylib      000000010187B901  _ZN5ESMCI2VM10ini     Unknown  Unknown
libesmf.dylib      00000001018A6D83  c_esmc_vminitiali     Unknown  Unknown
libesmf.dylib      0000000102086200  esmf_vmmod_mp_esm     Unknown  Unknown
libesmf.dylib      0000000101F1C08B  esmf_initmod_mp_e     Unknown  Unknown
ESMF_ArraySparseM  0000000100CD2D8A  MAIN__                Unknown  Unknown
ESMF_ArraySparseM  0000000100CD2B2E  main                  Unknown  Unknown
forrtl: severe (174): SIGSEGV, segmentation fault occurred
Image              PC                Routine            Line        Source             
ESMF_ArraySparseM  0000000108E75BA4  for__signal_handl     Unknown  Unknown
libsystem_platfor  00007FFF6A61FB5D  _sigtramp             Unknown  Unknown
libmpi.40.dylib    000000010B6B92A1  MPI_Comm_rank         Unknown  Unknown
libesmf.dylib      0000000109A1C583  _ZN5ESMCI3VMK4ini     Unknown  Unknown
libesmf.dylib      00000001099FA901  _ZN5ESMCI2VM10ini     Unknown  Unknown
libesmf.dylib      0000000109A25D83  c_esmc_vminitiali     Unknown  Unknown
libesmf.dylib      000000010A205200  esmf_vmmod_mp_esm     Unknown  Unknown
libesmf.dylib      000000010A09B08B  esmf_initmod_mp_e     Unknown  Unknown
ESMF_ArraySparseM  0000000108E4CD8A  MAIN__                Unknown  Unknown
ESMF_ArraySparseM  0000000108E4CB2E  main                  Unknown  Unknown
forrtl: severe (174): SIGSEGV, segmentation fault occurred
Image              PC                Routine            Line        Source             
ESMF_ArraySparseM  00000001056DDBA4  for__signal_handl     Unknown  Unknown
libsystem_platfor  00007FFF6A61FB5D  _sigtramp             Unknown  Unknown
libmpi.40.dylib    0000000107F212A1  MPI_Comm_rank         Unknown  Unknown
libesmf.dylib      0000000106282583  _ZN5ESMCI3VMK4ini     Unknown  Unknown
libesmf.dylib      0000000106260901  _ZN5ESMCI2VM10ini     Unknown  Unknown
libesmf.dylib      000000010628BD83  c_esmc_vminitiali     Unknown  Unknown
libesmf.dylib      0000000106A6B200  esmf_vmmod_mp_esm     Unknown  Unknown
libesmf.dylib      000000010690108B  esmf_initmod_mp_e     Unknown  Unknown
ESMF_ArraySparseM  00000001056B4D8A  MAIN__                Unknown  Unknown
ESMF_ArraySparseM  00000001056B4B2E  main                  Unknown  Unknown
