forrtl: severe (174): SIGSEGV, segmentation fault occurred
Image              PC                Routine            Line        Source             
ESMF_FieldEx       0000000103A193C4  for__signal_handl     Unknown  Unknown
libsystem_platfor  00007FFF6A61FB5D  _sigtramp             Unknown  Unknown
libmpi.40.dylib    000000010626B2A1  MPI_Comm_rank         Unknown  Unknown
libesmf.dylib      00000001045C3583  _ZN5ESMCI3VMK4ini     Unknown  Unknown
libesmf.dylib      00000001045A1901  _ZN5ESMCI2VM10ini     Unknown  Unknown
libesmf.dylib      00000001045CCD83  c_esmc_vminitiali     Unknown  Unknown
libesmf.dylib      0000000104DAC200  esmf_vmmod_mp_esm     Unknown  Unknown
libesmf.dylib      0000000104C4208B  esmf_initmod_mp_e     Unknown  Unknown
ESMF_FieldEx       00000001039EE60F  MAIN__                Unknown  Unknown
ESMF_FieldEx       00000001039EE22E  main                  Unknown  Unknown
forrtl: severe (174): SIGSEGV, segmentation fault occurred
Image              PC                Routine            Line        Source             
ESMF_FieldEx       000000010E3983C4  for__signal_handl     Unknown  Unknown
libsystem_platfor  00007FFF6A61FB5D  _sigtramp             Unknown  Unknown
libmpi.40.dylib    0000000110BE52A1  MPI_Comm_rank         Unknown  Unknown
libesmf.dylib      000000010EF44583  _ZN5ESMCI3VMK4ini     Unknown  Unknown
libesmf.dylib      000000010EF22901  _ZN5ESMCI2VM10ini     Unknown  Unknown
libesmf.dylib      000000010EF4DD83  c_esmc_vminitiali     Unknown  Unknown
libesmf.dylib      000000010F72D200  esmf_vmmod_mp_esm     Unknown  Unknown
libesmf.dylib      000000010F5C308B  esmf_initmod_mp_e     Unknown  Unknown
ESMF_FieldEx       000000010E36D60F  MAIN__                Unknown  Unknown
ESMF_FieldEx       000000010E36D22E  main                  Unknown  Unknown
forrtl: severe (174): SIGSEGV, segmentation fault occurred
Image              PC                Routine            Line        Source             
ESMF_FieldEx       000000010E9C23C4  for__signal_handl     Unknown  Unknown
libsystem_platfor  00007FFF6A61FB5D  _sigtramp             Unknown  Unknown
libmpi.40.dylib    00000001112062A1  MPI_Comm_rank         Unknown  Unknown
libesmf.dylib      000000010F56E583  _ZN5ESMCI3VMK4ini     Unknown  Unknown
libesmf.dylib      000000010F54C901  _ZN5ESMCI2VM10ini     Unknown  Unknown
libesmf.dylib      000000010F577D83  c_esmc_vminitiali     Unknown  Unknown
libesmf.dylib      000000010FD57200  esmf_vmmod_mp_esm     Unknown  Unknown
libesmf.dylib      000000010FBED08B  esmf_initmod_mp_e     Unknown  Unknown
ESMF_FieldEx       000000010E99760F  MAIN__                Unknown  Unknown
ESMF_FieldEx       000000010E99722E  main                  Unknown  Unknown
forrtl: severe (174): SIGSEGV, segmentation fault occurred
Image              PC                Routine            Line        Source             
ESMF_FieldEx       000000010705C3C4  for__signal_handl     Unknown  Unknown
libsystem_platfor  00007FFF6A61FB5D  _sigtramp             Unknown  Unknown
libmpi.40.dylib    00000001098A22A1  MPI_Comm_rank         Unknown  Unknown
libesmf.dylib      0000000107C08583  _ZN5ESMCI3VMK4ini     Unknown  Unknown
libesmf.dylib      0000000107BE6901  _ZN5ESMCI2VM10ini     Unknown  Unknown
libesmf.dylib      0000000107C11D83  c_esmc_vminitiali     Unknown  Unknown
libesmf.dylib      00000001083F1200  esmf_vmmod_mp_esm     Unknown  Unknown
libesmf.dylib      000000010828708B  esmf_initmod_mp_e     Unknown  Unknown
ESMF_FieldEx       000000010703160F  MAIN__                Unknown  Unknown
ESMF_FieldEx       000000010703122E  main                  Unknown  Unknown
