forrtl: severe (174): SIGSEGV, segmentation fault occurred
Image              PC                Routine            Line        Source             
ESMF_VMDefaultBas  0000000104A7CED4  for__signal_handl     Unknown  Unknown
libsystem_platfor  00007FFF6A61FB5D  _sigtramp             Unknown  Unknown
libmpi.40.dylib    00000001072C22A1  MPI_Comm_rank         Unknown  Unknown
libesmf.dylib      000000010561F583  _ZN5ESMCI3VMK4ini     Unknown  Unknown
libesmf.dylib      00000001055FD901  _ZN5ESMCI2VM10ini     Unknown  Unknown
libesmf.dylib      0000000105628D83  c_esmc_vminitiali     Unknown  Unknown
libesmf.dylib      0000000105E08200  esmf_vmmod_mp_esm     Unknown  Unknown
libesmf.dylib      0000000105C9E08B  esmf_initmod_mp_e     Unknown  Unknown
ESMF_VMDefaultBas  0000000104A56F20  MAIN__                Unknown  Unknown
ESMF_VMDefaultBas  0000000104A56D8E  main                  Unknown  Unknown
forrtl: severe (174): SIGSEGV, segmentation fault occurred
Image              PC                Routine            Line        Source             
ESMF_VMDefaultBas  000000010110CED4  for__signal_handl     Unknown  Unknown
libsystem_platfor  00007FFF6A61FB5D  _sigtramp             Unknown  Unknown
libmpi.40.dylib    00000001039472A1  MPI_Comm_rank         Unknown  Unknown
libesmf.dylib      0000000101CAE583  _ZN5ESMCI3VMK4ini     Unknown  Unknown
libesmf.dylib      0000000101C8C901  _ZN5ESMCI2VM10ini     Unknown  Unknown
libesmf.dylib      0000000101CB7D83  c_esmc_vminitiali     Unknown  Unknown
libesmf.dylib      0000000102497200  esmf_vmmod_mp_esm     Unknown  Unknown
libesmf.dylib      000000010232D08B  esmf_initmod_mp_e     Unknown  Unknown
ESMF_VMDefaultBas  00000001010E6F20  MAIN__                Unknown  Unknown
ESMF_VMDefaultBas  00000001010E6D8E  main                  Unknown  Unknown
forrtl: severe (174): SIGSEGV, segmentation fault occurred
Image              PC                Routine            Line        Source             
ESMF_VMDefaultBas  0000000100F6DED4  for__signal_handl     Unknown  Unknown
libsystem_platfor  00007FFF6A61FB5D  _sigtramp             Unknown  Unknown
libmpi.40.dylib    00000001013582A1  MPI_Comm_rank         Unknown  Unknown
libesmf.dylib      0000000103A64583  _ZN5ESMCI3VMK4ini     Unknown  Unknown
libesmf.dylib      0000000103A42901  _ZN5ESMCI2VM10ini     Unknown  Unknown
libesmf.dylib      0000000103A6DD83  c_esmc_vminitiali     Unknown  Unknown
libesmf.dylib      000000010424D200  esmf_vmmod_mp_esm     Unknown  Unknown
libesmf.dylib      00000001040E308B  esmf_initmod_mp_e     Unknown  Unknown
ESMF_VMDefaultBas  0000000100F47F20  MAIN__                Unknown  Unknown
ESMF_VMDefaultBas  0000000100F47D8E  main                  Unknown  Unknown
forrtl: severe (174): SIGSEGV, segmentation fault occurred
Image              PC                Routine            Line        Source             
ESMF_VMDefaultBas  000000010E182ED4  for__signal_handl     Unknown  Unknown
libsystem_platfor  00007FFF6A61FB5D  _sigtramp             Unknown  Unknown
libmpi.40.dylib    00000001109C22A1  MPI_Comm_rank         Unknown  Unknown
libesmf.dylib      000000010ED25583  _ZN5ESMCI3VMK4ini     Unknown  Unknown
libesmf.dylib      000000010ED03901  _ZN5ESMCI2VM10ini     Unknown  Unknown
libesmf.dylib      000000010ED2ED83  c_esmc_vminitiali     Unknown  Unknown
libesmf.dylib      000000010F50E200  esmf_vmmod_mp_esm     Unknown  Unknown
libesmf.dylib      000000010F3A408B  esmf_initmod_mp_e     Unknown  Unknown
ESMF_VMDefaultBas  000000010E15CF20  MAIN__                Unknown  Unknown
ESMF_VMDefaultBas  000000010E15CD8E  main                  Unknown  Unknown
