forrtl: severe (174): SIGSEGV, segmentation fault occurred
Image              PC                Routine            Line        Source             
ESMF_TraceEx       000000010AD11D94  for__signal_handl     Unknown  Unknown
libsystem_platfor  00007FFF6A61FB5D  _sigtramp             Unknown  Unknown
libmpi.40.dylib    000000010D5562A1  MPI_Comm_rank         Unknown  Unknown
libesmf.dylib      000000010B8B3583  _ZN5ESMCI3VMK4ini     Unknown  Unknown
libesmf.dylib      000000010B891901  _ZN5ESMCI2VM10ini     Unknown  Unknown
libesmf.dylib      000000010B8BCD83  c_esmc_vminitiali     Unknown  Unknown
libesmf.dylib      000000010C09C200  esmf_vmmod_mp_esm     Unknown  Unknown
libesmf.dylib      000000010BF3208B  esmf_initmod_mp_e     Unknown  Unknown
ESMF_TraceEx       000000010ACEBC81  MAIN__                Unknown  Unknown
ESMF_TraceEx       000000010ACEBACE  main                  Unknown  Unknown
forrtl: severe (174): SIGSEGV, segmentation fault occurred
Image              PC                Routine            Line        Source             
ESMF_TraceEx       0000000105787D94  for__signal_handl     Unknown  Unknown
libsystem_platfor  00007FFF6A61FB5D  _sigtramp             Unknown  Unknown
libmpi.40.dylib    0000000107FC62A1  MPI_Comm_rank         Unknown  Unknown
libesmf.dylib      000000010632B583  _ZN5ESMCI3VMK4ini     Unknown  Unknown
libesmf.dylib      0000000106309901  _ZN5ESMCI2VM10ini     Unknown  Unknown
libesmf.dylib      0000000106334D83  c_esmc_vminitiali     Unknown  Unknown
libesmf.dylib      0000000106B14200  esmf_vmmod_mp_esm     Unknown  Unknown
libesmf.dylib      00000001069AA08B  esmf_initmod_mp_e     Unknown  Unknown
ESMF_TraceEx       0000000105761C81  MAIN__                Unknown  Unknown
ESMF_TraceEx       0000000105761ACE  main                  Unknown  Unknown
forrtl: severe (174): SIGSEGV, segmentation fault occurred
Image              PC                Routine            Line        Source             
ESMF_TraceEx       0000000109585D94  for__signal_handl     Unknown  Unknown
libsystem_platfor  00007FFF6A61FB5D  _sigtramp             Unknown  Unknown
libmpi.40.dylib    00000001099702A1  MPI_Comm_rank         Unknown  Unknown
libesmf.dylib      000000010C0FF583  _ZN5ESMCI3VMK4ini     Unknown  Unknown
libesmf.dylib      000000010C0DD901  _ZN5ESMCI2VM10ini     Unknown  Unknown
libesmf.dylib      000000010C108D83  c_esmc_vminitiali     Unknown  Unknown
libesmf.dylib      000000010C8E8200  esmf_vmmod_mp_esm     Unknown  Unknown
libesmf.dylib      000000010C77E08B  esmf_initmod_mp_e     Unknown  Unknown
ESMF_TraceEx       000000010955FC81  MAIN__                Unknown  Unknown
ESMF_TraceEx       000000010955FACE  main                  Unknown  Unknown
forrtl: severe (174): SIGSEGV, segmentation fault occurred
Image              PC                Routine            Line        Source             
ESMF_TraceEx       00000001079D5D94  for__signal_handl     Unknown  Unknown
libsystem_platfor  00007FFF6A61FB5D  _sigtramp             Unknown  Unknown
libmpi.40.dylib    000000010A2112A1  MPI_Comm_rank         Unknown  Unknown
libesmf.dylib      0000000108575583  _ZN5ESMCI3VMK4ini     Unknown  Unknown
libesmf.dylib      0000000108553901  _ZN5ESMCI2VM10ini     Unknown  Unknown
libesmf.dylib      000000010857ED83  c_esmc_vminitiali     Unknown  Unknown
libesmf.dylib      0000000108D5E200  esmf_vmmod_mp_esm     Unknown  Unknown
libesmf.dylib      0000000108BF408B  esmf_initmod_mp_e     Unknown  Unknown
ESMF_TraceEx       00000001079AFC81  MAIN__                Unknown  Unknown
ESMF_TraceEx       00000001079AFACE  main                  Unknown  Unknown
