forrtl: severe (174): SIGSEGV, segmentation fault occurred
Image              PC                Routine            Line        Source             
ESMF_FieldSphereR  0000000104175EE4  for__signal_handl     Unknown  Unknown
libsystem_platfor  00007FFF6A61FB5D  _sigtramp             Unknown  Unknown
libmpi.40.dylib    00000001069BB2A1  MPI_Comm_rank         Unknown  Unknown
libesmf.dylib      0000000104D17583  _ZN5ESMCI3VMK4ini     Unknown  Unknown
libesmf.dylib      0000000104CF5901  _ZN5ESMCI2VM10ini     Unknown  Unknown
libesmf.dylib      0000000104D20D83  c_esmc_vminitiali     Unknown  Unknown
libesmf.dylib      0000000105500200  esmf_vmmod_mp_esm     Unknown  Unknown
libesmf.dylib      000000010539608B  esmf_initmod_mp_e     Unknown  Unknown
ESMF_FieldSphereR  000000010414E231  MAIN__                Unknown  Unknown
ESMF_FieldSphereR  000000010414DF2E  main                  Unknown  Unknown
forrtl: severe (174): SIGSEGV, segmentation fault occurred
Image              PC                Routine            Line        Source             
ESMF_FieldSphereR  0000000106FDEEE4  for__signal_handl     Unknown  Unknown
libsystem_platfor  00007FFF6A61FB5D  _sigtramp             Unknown  Unknown
libmpi.40.dylib    00000001098232A1  MPI_Comm_rank         Unknown  Unknown
libesmf.dylib      0000000107B86583  _ZN5ESMCI3VMK4ini     Unknown  Unknown
libesmf.dylib      0000000107B64901  _ZN5ESMCI2VM10ini     Unknown  Unknown
libesmf.dylib      0000000107B8FD83  c_esmc_vminitiali     Unknown  Unknown
libesmf.dylib      000000010836F200  esmf_vmmod_mp_esm     Unknown  Unknown
libesmf.dylib      000000010820508B  esmf_initmod_mp_e     Unknown  Unknown
ESMF_FieldSphereR  0000000106FB7231  MAIN__                Unknown  Unknown
ESMF_FieldSphereR  0000000106FB6F2E  main                  Unknown  Unknown
forrtl: severe (174): SIGSEGV, segmentation fault occurred
Image              PC                Routine            Line        Source             
ESMF_FieldSphereR  00000001059D4EE4  for__signal_handl     Unknown  Unknown
libsystem_platfor  00007FFF6A61FB5D  _sigtramp             Unknown  Unknown
libmpi.40.dylib    000000010821B2A1  MPI_Comm_rank         Unknown  Unknown
libesmf.dylib      000000010657C583  _ZN5ESMCI3VMK4ini     Unknown  Unknown
libesmf.dylib      000000010655A901  _ZN5ESMCI2VM10ini     Unknown  Unknown
libesmf.dylib      0000000106585D83  c_esmc_vminitiali     Unknown  Unknown
libesmf.dylib      0000000106D65200  esmf_vmmod_mp_esm     Unknown  Unknown
libesmf.dylib      0000000106BFB08B  esmf_initmod_mp_e     Unknown  Unknown
ESMF_FieldSphereR  00000001059AD231  MAIN__                Unknown  Unknown
ESMF_FieldSphereR  00000001059ACF2E  main                  Unknown  Unknown
forrtl: severe (174): SIGSEGV, segmentation fault occurred
Image              PC                Routine            Line        Source             
ESMF_FieldSphereR  0000000102CC9EE4  for__signal_handl     Unknown  Unknown
libsystem_platfor  00007FFF6A61FB5D  _sigtramp             Unknown  Unknown
libmpi.40.dylib    00000001030B62A1  MPI_Comm_rank         Unknown  Unknown
libesmf.dylib      0000000104054583  _ZN5ESMCI3VMK4ini     Unknown  Unknown
libesmf.dylib      0000000104032901  _ZN5ESMCI2VM10ini     Unknown  Unknown
libesmf.dylib      000000010405DD83  c_esmc_vminitiali     Unknown  Unknown
libesmf.dylib      000000010483D200  esmf_vmmod_mp_esm     Unknown  Unknown
libesmf.dylib      00000001046D308B  esmf_initmod_mp_e     Unknown  Unknown
ESMF_FieldSphereR  0000000102CA2231  MAIN__                Unknown  Unknown
ESMF_FieldSphereR  0000000102CA1F2E  main                  Unknown  Unknown
