forrtl: severe (174): SIGSEGV, segmentation fault occurred
Image              PC                Routine            Line        Source             
ESMF_CplEx         000000010E948584  for__signal_handl     Unknown  Unknown
libsystem_platfor  00007FFF6A61FB5D  _sigtramp             Unknown  Unknown
libmpi.40.dylib    00000001111892A1  MPI_Comm_rank         Unknown  Unknown
libesmf.dylib      000000010F4EC583  _ZN5ESMCI3VMK4ini     Unknown  Unknown
libesmf.dylib      000000010F4CA901  _ZN5ESMCI2VM10ini     Unknown  Unknown
libesmf.dylib      000000010F4F5D83  c_esmc_vminitiali     Unknown  Unknown
libesmf.dylib      000000010FCD5200  esmf_vmmod_mp_esm     Unknown  Unknown
libesmf.dylib      000000010FB6B08B  esmf_initmod_mp_e     Unknown  Unknown
ESMF_CplEx         000000010E921D32  MAIN__                Unknown  Unknown
ESMF_CplEx         000000010E921A4E  main                  Unknown  Unknown
forrtl: severe (174): SIGSEGV, segmentation fault occurred
Image              PC                Routine            Line        Source             
ESMF_CplEx         000000010750E584  for__signal_handl     Unknown  Unknown
libsystem_platfor  00007FFF6A61FB5D  _sigtramp             Unknown  Unknown
libmpi.40.dylib    0000000109D512A1  MPI_Comm_rank         Unknown  Unknown
libesmf.dylib      00000001080B4583  _ZN5ESMCI3VMK4ini     Unknown  Unknown
libesmf.dylib      0000000108092901  _ZN5ESMCI2VM10ini     Unknown  Unknown
libesmf.dylib      00000001080BDD83  c_esmc_vminitiali     Unknown  Unknown
libesmf.dylib      000000010889D200  esmf_vmmod_mp_esm     Unknown  Unknown
libesmf.dylib      000000010873308B  esmf_initmod_mp_e     Unknown  Unknown
ESMF_CplEx         00000001074E7D32  MAIN__                Unknown  Unknown
ESMF_CplEx         00000001074E7A4E  main                  Unknown  Unknown
forrtl: severe (174): SIGSEGV, segmentation fault occurred
Image              PC                Routine            Line        Source             
ESMF_CplEx         000000010BD88584  for__signal_handl     Unknown  Unknown
libsystem_platfor  00007FFF6A61FB5D  _sigtramp             Unknown  Unknown
libmpi.40.dylib    000000010E5D22A1  MPI_Comm_rank         Unknown  Unknown
libesmf.dylib      000000010C931583  _ZN5ESMCI3VMK4ini     Unknown  Unknown
libesmf.dylib      000000010C90F901  _ZN5ESMCI2VM10ini     Unknown  Unknown
libesmf.dylib      000000010C93AD83  c_esmc_vminitiali     Unknown  Unknown
libesmf.dylib      000000010D11A200  esmf_vmmod_mp_esm     Unknown  Unknown
libesmf.dylib      000000010CFB008B  esmf_initmod_mp_e     Unknown  Unknown
ESMF_CplEx         000000010BD61D32  MAIN__                Unknown  Unknown
ESMF_CplEx         000000010BD61A4E  main                  Unknown  Unknown
forrtl: severe (174): SIGSEGV, segmentation fault occurred
Image              PC                Routine            Line        Source             
ESMF_CplEx         0000000101969584  for__signal_handl     Unknown  Unknown
libsystem_platfor  00007FFF6A61FB5D  _sigtramp             Unknown  Unknown
libmpi.40.dylib    0000000101D562A1  MPI_Comm_rank         Unknown  Unknown
libesmf.dylib      000000010356D583  _ZN5ESMCI3VMK4ini     Unknown  Unknown
libesmf.dylib      000000010354B901  _ZN5ESMCI2VM10ini     Unknown  Unknown
libesmf.dylib      0000000103576D83  c_esmc_vminitiali     Unknown  Unknown
libesmf.dylib      0000000103D56200  esmf_vmmod_mp_esm     Unknown  Unknown
libesmf.dylib      0000000103BEC08B  esmf_initmod_mp_e     Unknown  Unknown
ESMF_CplEx         0000000101942D32  MAIN__                Unknown  Unknown
ESMF_CplEx         0000000101942A4E  main                  Unknown  Unknown
