forrtl: severe (174): SIGSEGV, segmentation fault occurred
Image              PC                Routine            Line        Source             
ESMF_FieldMeshReg  000000010A5B4C54  for__signal_handl     Unknown  Unknown
libsystem_platfor  00007FFF6A61FB5D  _sigtramp             Unknown  Unknown
libmpi.40.dylib    000000010A99F2A1  MPI_Comm_rank         Unknown  Unknown
libesmf.dylib      000000010C061583  _ZN5ESMCI3VMK4ini     Unknown  Unknown
libesmf.dylib      000000010C03F901  _ZN5ESMCI2VM10ini     Unknown  Unknown
libesmf.dylib      000000010C06AD83  c_esmc_vminitiali     Unknown  Unknown
libesmf.dylib      000000010C84A200  esmf_vmmod_mp_esm     Unknown  Unknown
libesmf.dylib      000000010C6E008B  esmf_initmod_mp_e     Unknown  Unknown
ESMF_FieldMeshReg  000000010A58ACDE  MAIN__                Unknown  Unknown
ESMF_FieldMeshReg  000000010A58A8FE  main                  Unknown  Unknown
forrtl: severe (174): SIGSEGV, segmentation fault occurred
Image              PC                Routine            Line        Source             
ESMF_FieldMeshReg  0000000105111C54  for__signal_handl     Unknown  Unknown
libsystem_platfor  00007FFF6A61FB5D  _sigtramp             Unknown  Unknown
libmpi.40.dylib    000000010794E2A1  MPI_Comm_rank         Unknown  Unknown
libesmf.dylib      0000000105CB1583  _ZN5ESMCI3VMK4ini     Unknown  Unknown
libesmf.dylib      0000000105C8F901  _ZN5ESMCI2VM10ini     Unknown  Unknown
libesmf.dylib      0000000105CBAD83  c_esmc_vminitiali     Unknown  Unknown
libesmf.dylib      000000010649A200  esmf_vmmod_mp_esm     Unknown  Unknown
libesmf.dylib      000000010633008B  esmf_initmod_mp_e     Unknown  Unknown
ESMF_FieldMeshReg  00000001050E7CDE  MAIN__                Unknown  Unknown
ESMF_FieldMeshReg  00000001050E78FE  main                  Unknown  Unknown
forrtl: severe (174): SIGSEGV, segmentation fault occurred
Image              PC                Routine            Line        Source             
ESMF_FieldMeshReg  00000001076B5C54  for__signal_handl     Unknown  Unknown
libsystem_platfor  00007FFF6A61FB5D  _sigtramp             Unknown  Unknown
libmpi.40.dylib    0000000109EFA2A1  MPI_Comm_rank         Unknown  Unknown
libesmf.dylib      0000000108257583  _ZN5ESMCI3VMK4ini     Unknown  Unknown
libesmf.dylib      0000000108235901  _ZN5ESMCI2VM10ini     Unknown  Unknown
libesmf.dylib      0000000108260D83  c_esmc_vminitiali     Unknown  Unknown
libesmf.dylib      0000000108A40200  esmf_vmmod_mp_esm     Unknown  Unknown
libesmf.dylib      00000001088D608B  esmf_initmod_mp_e     Unknown  Unknown
ESMF_FieldMeshReg  000000010768BCDE  MAIN__                Unknown  Unknown
ESMF_FieldMeshReg  000000010768B8FE  main                  Unknown  Unknown
forrtl: severe (174): SIGSEGV, segmentation fault occurred
Image              PC                Routine            Line        Source             
ESMF_FieldMeshReg  000000010EC75C54  for__signal_handl     Unknown  Unknown
libsystem_platfor  00007FFF6A61FB5D  _sigtramp             Unknown  Unknown
libmpi.40.dylib    00000001114B92A1  MPI_Comm_rank         Unknown  Unknown
libesmf.dylib      000000010F81C583  _ZN5ESMCI3VMK4ini     Unknown  Unknown
libesmf.dylib      000000010F7FA901  _ZN5ESMCI2VM10ini     Unknown  Unknown
libesmf.dylib      000000010F825D83  c_esmc_vminitiali     Unknown  Unknown
libesmf.dylib      0000000110005200  esmf_vmmod_mp_esm     Unknown  Unknown
libesmf.dylib      000000010FE9B08B  esmf_initmod_mp_e     Unknown  Unknown
ESMF_FieldMeshReg  000000010EC4BCDE  MAIN__                Unknown  Unknown
ESMF_FieldMeshReg  000000010EC4B8FE  main                  Unknown  Unknown
