forrtl: severe (174): SIGSEGV, segmentation fault occurred
Image              PC                Routine            Line        Source             
ESMF_ArrayRedistE  000000010B01CF54  for__signal_handl     Unknown  Unknown
libsystem_platfor  00007FFF6A61FB5D  _sigtramp             Unknown  Unknown
libmpi.40.dylib    000000010D8632A1  MPI_Comm_rank         Unknown  Unknown
libesmf.dylib      000000010BBC1583  _ZN5ESMCI3VMK4ini     Unknown  Unknown
libesmf.dylib      000000010BB9F901  _ZN5ESMCI2VM10ini     Unknown  Unknown
libesmf.dylib      000000010BBCAD83  c_esmc_vminitiali     Unknown  Unknown
libesmf.dylib      000000010C3AA200  esmf_vmmod_mp_esm     Unknown  Unknown
libesmf.dylib      000000010C24008B  esmf_initmod_mp_e     Unknown  Unknown
ESMF_ArrayRedistE  000000010AFF455E  MAIN__                Unknown  Unknown
ESMF_ArrayRedistE  000000010AFF424E  main                  Unknown  Unknown
forrtl: severe (174): SIGSEGV, segmentation fault occurred
Image              PC                Routine            Line        Source             
ESMF_ArrayRedistE  0000000102745F54  for__signal_handl     Unknown  Unknown
libsystem_platfor  00007FFF6A61FB5D  _sigtramp             Unknown  Unknown
libmpi.40.dylib    0000000104F802A1  MPI_Comm_rank         Unknown  Unknown
libesmf.dylib      00000001032E8583  _ZN5ESMCI3VMK4ini     Unknown  Unknown
libesmf.dylib      00000001032C6901  _ZN5ESMCI2VM10ini     Unknown  Unknown
libesmf.dylib      00000001032F1D83  c_esmc_vminitiali     Unknown  Unknown
libesmf.dylib      0000000103AD1200  esmf_vmmod_mp_esm     Unknown  Unknown
libesmf.dylib      000000010396708B  esmf_initmod_mp_e     Unknown  Unknown
ESMF_ArrayRedistE  000000010271D55E  MAIN__                Unknown  Unknown
ESMF_ArrayRedistE  000000010271D24E  main                  Unknown  Unknown
forrtl: severe (174): SIGSEGV, segmentation fault occurred
Image              PC                Routine            Line        Source             
ESMF_ArrayRedistE  0000000107AE8F54  for__signal_handl     Unknown  Unknown
libsystem_platfor  00007FFF6A61FB5D  _sigtramp             Unknown  Unknown
libmpi.40.dylib    000000010A32C2A1  MPI_Comm_rank         Unknown  Unknown
libesmf.dylib      000000010868A583  _ZN5ESMCI3VMK4ini     Unknown  Unknown
libesmf.dylib      0000000108668901  _ZN5ESMCI2VM10ini     Unknown  Unknown
libesmf.dylib      0000000108693D83  c_esmc_vminitiali     Unknown  Unknown
libesmf.dylib      0000000108E73200  esmf_vmmod_mp_esm     Unknown  Unknown
libesmf.dylib      0000000108D0908B  esmf_initmod_mp_e     Unknown  Unknown
ESMF_ArrayRedistE  0000000107AC055E  MAIN__                Unknown  Unknown
ESMF_ArrayRedistE  0000000107AC024E  main                  Unknown  Unknown
forrtl: severe (174): SIGSEGV, segmentation fault occurred
Image              PC                Routine            Line        Source             
ESMF_ArrayRedistE  0000000108045F54  for__signal_handl     Unknown  Unknown
libsystem_platfor  00007FFF6A61FB5D  _sigtramp             Unknown  Unknown
libmpi.40.dylib    000000010A8832A1  MPI_Comm_rank         Unknown  Unknown
libesmf.dylib      0000000108BE8583  _ZN5ESMCI3VMK4ini     Unknown  Unknown
libesmf.dylib      0000000108BC6901  _ZN5ESMCI2VM10ini     Unknown  Unknown
libesmf.dylib      0000000108BF1D83  c_esmc_vminitiali     Unknown  Unknown
libesmf.dylib      00000001093D1200  esmf_vmmod_mp_esm     Unknown  Unknown
libesmf.dylib      000000010926708B  esmf_initmod_mp_e     Unknown  Unknown
ESMF_ArrayRedistE  000000010801D55E  MAIN__                Unknown  Unknown
ESMF_ArrayRedistE  000000010801D24E  main                  Unknown  Unknown
