forrtl: severe (174): SIGSEGV, segmentation fault occurred
Image              PC                Routine            Line        Source             
ESMF_FieldRegridM  000000010B469D34  for__signal_handl     Unknown  Unknown
libsystem_platfor  00007FFF6A61FB5D  _sigtramp             Unknown  Unknown
libmpi.40.dylib    000000010DCAC2A1  MPI_Comm_rank         Unknown  Unknown
libesmf.dylib      000000010C00D583  _ZN5ESMCI3VMK4ini     Unknown  Unknown
libesmf.dylib      000000010BFEB901  _ZN5ESMCI2VM10ini     Unknown  Unknown
libesmf.dylib      000000010C016D83  c_esmc_vminitiali     Unknown  Unknown
libesmf.dylib      000000010C7F6200  esmf_vmmod_mp_esm     Unknown  Unknown
libesmf.dylib      000000010C68C08B  esmf_initmod_mp_e     Unknown  Unknown
ESMF_FieldRegridM  000000010B441F97  MAIN__                Unknown  Unknown
ESMF_FieldRegridM  000000010B441CCE  main                  Unknown  Unknown
forrtl: severe (174): SIGSEGV, segmentation fault occurred
Image              PC                Routine            Line        Source             
ESMF_FieldRegridM  0000000101DF9D34  for__signal_handl     Unknown  Unknown
libsystem_platfor  00007FFF6A61FB5D  _sigtramp             Unknown  Unknown
libmpi.40.dylib    000000010463E2A1  MPI_Comm_rank         Unknown  Unknown
libesmf.dylib      000000010299E583  _ZN5ESMCI3VMK4ini     Unknown  Unknown
libesmf.dylib      000000010297C901  _ZN5ESMCI2VM10ini     Unknown  Unknown
libesmf.dylib      00000001029A7D83  c_esmc_vminitiali     Unknown  Unknown
libesmf.dylib      0000000103187200  esmf_vmmod_mp_esm     Unknown  Unknown
libesmf.dylib      000000010301D08B  esmf_initmod_mp_e     Unknown  Unknown
ESMF_FieldRegridM  0000000101DD1F97  MAIN__                Unknown  Unknown
ESMF_FieldRegridM  0000000101DD1CCE  main                  Unknown  Unknown
forrtl: severe (174): SIGSEGV, segmentation fault occurred
Image              PC                Routine            Line        Source             
ESMF_FieldRegridM  0000000101BA8D34  for__signal_handl     Unknown  Unknown
libsystem_platfor  00007FFF6A61FB5D  _sigtramp             Unknown  Unknown
libmpi.40.dylib    00000001043EE2A1  MPI_Comm_rank         Unknown  Unknown
libesmf.dylib      000000010274A583  _ZN5ESMCI3VMK4ini     Unknown  Unknown
libesmf.dylib      0000000102728901  _ZN5ESMCI2VM10ini     Unknown  Unknown
libesmf.dylib      0000000102753D83  c_esmc_vminitiali     Unknown  Unknown
libesmf.dylib      0000000102F33200  esmf_vmmod_mp_esm     Unknown  Unknown
libesmf.dylib      0000000102DC908B  esmf_initmod_mp_e     Unknown  Unknown
ESMF_FieldRegridM  0000000101B80F97  MAIN__                Unknown  Unknown
ESMF_FieldRegridM  0000000101B80CCE  main                  Unknown  Unknown
forrtl: severe (174): SIGSEGV, segmentation fault occurred
Image              PC                Routine            Line        Source             
ESMF_FieldRegridM  000000010CF16D34  for__signal_handl     Unknown  Unknown
libsystem_platfor  00007FFF6A61FB5D  _sigtramp             Unknown  Unknown
libmpi.40.dylib    000000010F75F2A1  MPI_Comm_rank         Unknown  Unknown
libesmf.dylib      000000010DABA583  _ZN5ESMCI3VMK4ini     Unknown  Unknown
libesmf.dylib      000000010DA98901  _ZN5ESMCI2VM10ini     Unknown  Unknown
libesmf.dylib      000000010DAC3D83  c_esmc_vminitiali     Unknown  Unknown
libesmf.dylib      000000010E2A3200  esmf_vmmod_mp_esm     Unknown  Unknown
libesmf.dylib      000000010E13908B  esmf_initmod_mp_e     Unknown  Unknown
ESMF_FieldRegridM  000000010CEEEF97  MAIN__                Unknown  Unknown
ESMF_FieldRegridM  000000010CEEECCE  main                  Unknown  Unknown
