forrtl: severe (174): SIGSEGV, segmentation fault occurred
Image              PC                Routine            Line        Source             
ESMF_AttachMethod  00000001031CFD74  for__signal_handl     Unknown  Unknown
libsystem_platfor  00007FFF6A61FB5D  _sigtramp             Unknown  Unknown
libmpi.40.dylib    0000000105A132A1  MPI_Comm_rank         Unknown  Unknown
libesmf.dylib      0000000103D73583  _ZN5ESMCI3VMK4ini     Unknown  Unknown
libesmf.dylib      0000000103D51901  _ZN5ESMCI2VM10ini     Unknown  Unknown
libesmf.dylib      0000000103D7CD83  c_esmc_vminitiali     Unknown  Unknown
libesmf.dylib      000000010455C200  esmf_vmmod_mp_esm     Unknown  Unknown
libesmf.dylib      00000001043F208B  esmf_initmod_mp_e     Unknown  Unknown
ESMF_AttachMethod  00000001031A9B06  MAIN__                Unknown  Unknown
ESMF_AttachMethod  00000001031A994E  main                  Unknown  Unknown
forrtl: severe (174): SIGSEGV, segmentation fault occurred
Image              PC                Routine            Line        Source             
ESMF_AttachMethod  000000010808CD74  for__signal_handl     Unknown  Unknown
libsystem_platfor  00007FFF6A61FB5D  _sigtramp             Unknown  Unknown
libmpi.40.dylib    000000010A8CA2A1  MPI_Comm_rank         Unknown  Unknown
libesmf.dylib      0000000108C2F583  _ZN5ESMCI3VMK4ini     Unknown  Unknown
libesmf.dylib      0000000108C0D901  _ZN5ESMCI2VM10ini     Unknown  Unknown
libesmf.dylib      0000000108C38D83  c_esmc_vminitiali     Unknown  Unknown
libesmf.dylib      0000000109418200  esmf_vmmod_mp_esm     Unknown  Unknown
libesmf.dylib      00000001092AE08B  esmf_initmod_mp_e     Unknown  Unknown
ESMF_AttachMethod  0000000108066B06  MAIN__                Unknown  Unknown
ESMF_AttachMethod  000000010806694E  main                  Unknown  Unknown
forrtl: severe (174): SIGSEGV, segmentation fault occurred
Image              PC                Routine            Line        Source             
ESMF_AttachMethod  000000010CA9FD74  for__signal_handl     Unknown  Unknown
libsystem_platfor  00007FFF6A61FB5D  _sigtramp             Unknown  Unknown
libmpi.40.dylib    000000010F2E92A1  MPI_Comm_rank         Unknown  Unknown
libesmf.dylib      000000010D646583  _ZN5ESMCI3VMK4ini     Unknown  Unknown
libesmf.dylib      000000010D624901  _ZN5ESMCI2VM10ini     Unknown  Unknown
libesmf.dylib      000000010D64FD83  c_esmc_vminitiali     Unknown  Unknown
libesmf.dylib      000000010DE2F200  esmf_vmmod_mp_esm     Unknown  Unknown
libesmf.dylib      000000010DCC508B  esmf_initmod_mp_e     Unknown  Unknown
ESMF_AttachMethod  000000010CA79B06  MAIN__                Unknown  Unknown
ESMF_AttachMethod  000000010CA7994E  main                  Unknown  Unknown
forrtl: severe (174): SIGSEGV, segmentation fault occurred
Image              PC                Routine            Line        Source             
ESMF_AttachMethod  000000010CBD9D74  for__signal_handl     Unknown  Unknown
libsystem_platfor  00007FFF6A61FB5D  _sigtramp             Unknown  Unknown
libmpi.40.dylib    000000010F4192A1  MPI_Comm_rank         Unknown  Unknown
libesmf.dylib      000000010D77C583  _ZN5ESMCI3VMK4ini     Unknown  Unknown
libesmf.dylib      000000010D75A901  _ZN5ESMCI2VM10ini     Unknown  Unknown
libesmf.dylib      000000010D785D83  c_esmc_vminitiali     Unknown  Unknown
libesmf.dylib      000000010DF65200  esmf_vmmod_mp_esm     Unknown  Unknown
libesmf.dylib      000000010DDFB08B  esmf_initmod_mp_e     Unknown  Unknown
ESMF_AttachMethod  000000010CBB3B06  MAIN__                Unknown  Unknown
ESMF_AttachMethod  000000010CBB394E  main                  Unknown  Unknown
