forrtl: severe (174): SIGSEGV, segmentation fault occurred
Image              PC                Routine            Line        Source             
ESMF_ArrayScatter  0000000101E25F14  for__signal_handl     Unknown  Unknown
libsystem_platfor  00007FFF6A61FB5D  _sigtramp             Unknown  Unknown
libmpi.40.dylib    00000001046692A1  MPI_Comm_rank         Unknown  Unknown
libesmf.dylib      00000001029CA583  _ZN5ESMCI3VMK4ini     Unknown  Unknown
libesmf.dylib      00000001029A8901  _ZN5ESMCI2VM10ini     Unknown  Unknown
libesmf.dylib      00000001029D3D83  c_esmc_vminitiali     Unknown  Unknown
libesmf.dylib      00000001031B3200  esmf_vmmod_mp_esm     Unknown  Unknown
libesmf.dylib      000000010304908B  esmf_initmod_mp_e     Unknown  Unknown
ESMF_ArrayScatter  0000000101DFF7C4  MAIN__                Unknown  Unknown
ESMF_ArrayScatter  0000000101DFF55E  main                  Unknown  Unknown
forrtl: severe (174): SIGSEGV, segmentation fault occurred
Image              PC                Routine            Line        Source             
ESMF_ArrayScatter  0000000105B6DF14  for__signal_handl     Unknown  Unknown
libsystem_platfor  00007FFF6A61FB5D  _sigtramp             Unknown  Unknown
libmpi.40.dylib    00000001083B12A1  MPI_Comm_rank         Unknown  Unknown
libesmf.dylib      0000000106712583  _ZN5ESMCI3VMK4ini     Unknown  Unknown
libesmf.dylib      00000001066F0901  _ZN5ESMCI2VM10ini     Unknown  Unknown
libesmf.dylib      000000010671BD83  c_esmc_vminitiali     Unknown  Unknown
libesmf.dylib      0000000106EFB200  esmf_vmmod_mp_esm     Unknown  Unknown
libesmf.dylib      0000000106D9108B  esmf_initmod_mp_e     Unknown  Unknown
ESMF_ArrayScatter  0000000105B477C4  MAIN__                Unknown  Unknown
ESMF_ArrayScatter  0000000105B4755E  main                  Unknown  Unknown
forrtl: severe (174): SIGSEGV, segmentation fault occurred
Image              PC                Routine            Line        Source             
ESMF_ArrayScatter  0000000105ADBF14  for__signal_handl     Unknown  Unknown
libsystem_platfor  00007FFF6A61FB5D  _sigtramp             Unknown  Unknown
libmpi.40.dylib    000000010831C2A1  MPI_Comm_rank         Unknown  Unknown
libesmf.dylib      0000000106682583  _ZN5ESMCI3VMK4ini     Unknown  Unknown
libesmf.dylib      0000000106660901  _ZN5ESMCI2VM10ini     Unknown  Unknown
libesmf.dylib      000000010668BD83  c_esmc_vminitiali     Unknown  Unknown
libesmf.dylib      0000000106E6B200  esmf_vmmod_mp_esm     Unknown  Unknown
libesmf.dylib      0000000106D0108B  esmf_initmod_mp_e     Unknown  Unknown
ESMF_ArrayScatter  0000000105AB57C4  MAIN__                Unknown  Unknown
ESMF_ArrayScatter  0000000105AB555E  main                  Unknown  Unknown
forrtl: severe (174): SIGSEGV, segmentation fault occurred
Image              PC                Routine            Line        Source             
ESMF_ArrayScatter  000000010EEF5F14  for__signal_handl     Unknown  Unknown
libsystem_platfor  00007FFF6A61FB5D  _sigtramp             Unknown  Unknown
libmpi.40.dylib    000000011173A2A1  MPI_Comm_rank         Unknown  Unknown
libesmf.dylib      000000010FA9C583  _ZN5ESMCI3VMK4ini     Unknown  Unknown
libesmf.dylib      000000010FA7A901  _ZN5ESMCI2VM10ini     Unknown  Unknown
libesmf.dylib      000000010FAA5D83  c_esmc_vminitiali     Unknown  Unknown
libesmf.dylib      0000000110285200  esmf_vmmod_mp_esm     Unknown  Unknown
libesmf.dylib      000000011011B08B  esmf_initmod_mp_e     Unknown  Unknown
ESMF_ArrayScatter  000000010EECF7C4  MAIN__                Unknown  Unknown
ESMF_ArrayScatter  000000010EECF55E  main                  Unknown  Unknown
