forrtl: severe (174): SIGSEGV, segmentation fault occurred
Image              PC                Routine            Line        Source             
ESMF_VMNonBlockin  000000010E913E54  for__signal_handl     Unknown  Unknown
libsystem_platfor  00007FFF6A61FB5D  _sigtramp             Unknown  Unknown
libmpi.40.dylib    00000001111582A1  MPI_Comm_rank         Unknown  Unknown
libesmf.dylib      000000010F4B9583  _ZN5ESMCI3VMK4ini     Unknown  Unknown
libesmf.dylib      000000010F497901  _ZN5ESMCI2VM10ini     Unknown  Unknown
libesmf.dylib      000000010F4C2D83  c_esmc_vminitiali     Unknown  Unknown
libesmf.dylib      000000010FCA2200  esmf_vmmod_mp_esm     Unknown  Unknown
libesmf.dylib      000000010FB3808B  esmf_initmod_mp_e     Unknown  Unknown
ESMF_VMNonBlockin  000000010E8EC8B8  MAIN__                Unknown  Unknown
ESMF_VMNonBlockin  000000010E8EC6FE  main                  Unknown  Unknown
forrtl: severe (174): SIGSEGV, segmentation fault occurred
Image              PC                Routine            Line        Source             
ESMF_VMNonBlockin  00000001098E0E54  for__signal_handl     Unknown  Unknown
libsystem_platfor  00007FFF6A61FB5D  _sigtramp             Unknown  Unknown
libmpi.40.dylib    000000010C11F2A1  MPI_Comm_rank         Unknown  Unknown
libesmf.dylib      000000010A487583  _ZN5ESMCI3VMK4ini     Unknown  Unknown
libesmf.dylib      000000010A465901  _ZN5ESMCI2VM10ini     Unknown  Unknown
libesmf.dylib      000000010A490D83  c_esmc_vminitiali     Unknown  Unknown
libesmf.dylib      000000010AC70200  esmf_vmmod_mp_esm     Unknown  Unknown
libesmf.dylib      000000010AB0608B  esmf_initmod_mp_e     Unknown  Unknown
ESMF_VMNonBlockin  00000001098B98B8  MAIN__                Unknown  Unknown
ESMF_VMNonBlockin  00000001098B96FE  main                  Unknown  Unknown
forrtl: severe (174): SIGSEGV, segmentation fault occurred
Image              PC                Routine            Line        Source             
ESMF_VMNonBlockin  00000001068EEE54  for__signal_handl     Unknown  Unknown
libsystem_platfor  00007FFF6A61FB5D  _sigtramp             Unknown  Unknown
libmpi.40.dylib    000000010912E2A1  MPI_Comm_rank         Unknown  Unknown
libesmf.dylib      0000000107491583  _ZN5ESMCI3VMK4ini     Unknown  Unknown
libesmf.dylib      000000010746F901  _ZN5ESMCI2VM10ini     Unknown  Unknown
libesmf.dylib      000000010749AD83  c_esmc_vminitiali     Unknown  Unknown
libesmf.dylib      0000000107C7A200  esmf_vmmod_mp_esm     Unknown  Unknown
libesmf.dylib      0000000107B1008B  esmf_initmod_mp_e     Unknown  Unknown
ESMF_VMNonBlockin  00000001068C78B8  MAIN__                Unknown  Unknown
ESMF_VMNonBlockin  00000001068C76FE  main                  Unknown  Unknown
forrtl: severe (174): SIGSEGV, segmentation fault occurred
Image              PC                Routine            Line        Source             
ESMF_VMNonBlockin  000000010C1C3E54  for__signal_handl     Unknown  Unknown
libsystem_platfor  00007FFF6A61FB5D  _sigtramp             Unknown  Unknown
libmpi.40.dylib    000000010EA042A1  MPI_Comm_rank         Unknown  Unknown
libesmf.dylib      000000010CD6A583  _ZN5ESMCI3VMK4ini     Unknown  Unknown
libesmf.dylib      000000010CD48901  _ZN5ESMCI2VM10ini     Unknown  Unknown
libesmf.dylib      000000010CD73D83  c_esmc_vminitiali     Unknown  Unknown
libesmf.dylib      000000010D553200  esmf_vmmod_mp_esm     Unknown  Unknown
libesmf.dylib      000000010D3E908B  esmf_initmod_mp_e     Unknown  Unknown
ESMF_VMNonBlockin  000000010C19C8B8  MAIN__                Unknown  Unknown
ESMF_VMNonBlockin  000000010C19C6FE  main                  Unknown  Unknown
