forrtl: severe (174): SIGSEGV, segmentation fault occurred
Image              PC                Routine            Line        Source             
ESMF_InternalStat  0000000100A23F74  for__signal_handl     Unknown  Unknown
libsystem_platfor  00007FFF6A61FB5D  _sigtramp             Unknown  Unknown
libmpi.40.dylib    00000001032602A1  MPI_Comm_rank         Unknown  Unknown
libesmf.dylib      00000001015C4583  _ZN5ESMCI3VMK4ini     Unknown  Unknown
libesmf.dylib      00000001015A2901  _ZN5ESMCI2VM10ini     Unknown  Unknown
libesmf.dylib      00000001015CDD83  c_esmc_vminitiali     Unknown  Unknown
libesmf.dylib      0000000101DAD200  esmf_vmmod_mp_esm     Unknown  Unknown
libesmf.dylib      0000000101C4308B  esmf_initmod_mp_e     Unknown  Unknown
ESMF_InternalStat  00000001009FE21C  MAIN__                Unknown  Unknown
ESMF_InternalStat  00000001009FE08E  main                  Unknown  Unknown
forrtl: severe (174): SIGSEGV, segmentation fault occurred
Image              PC                Routine            Line        Source             
ESMF_InternalStat  00000001079C9F74  for__signal_handl     Unknown  Unknown
libsystem_platfor  00007FFF6A61FB5D  _sigtramp             Unknown  Unknown
libmpi.40.dylib    000000010A20A2A1  MPI_Comm_rank         Unknown  Unknown
libesmf.dylib      000000010856A583  _ZN5ESMCI3VMK4ini     Unknown  Unknown
libesmf.dylib      0000000108548901  _ZN5ESMCI2VM10ini     Unknown  Unknown
libesmf.dylib      0000000108573D83  c_esmc_vminitiali     Unknown  Unknown
libesmf.dylib      0000000108D53200  esmf_vmmod_mp_esm     Unknown  Unknown
libesmf.dylib      0000000108BE908B  esmf_initmod_mp_e     Unknown  Unknown
ESMF_InternalStat  00000001079A421C  MAIN__                Unknown  Unknown
ESMF_InternalStat  00000001079A408E  main                  Unknown  Unknown
forrtl: severe (174): SIGSEGV, segmentation fault occurred
Image              PC                Routine            Line        Source             
ESMF_InternalStat  0000000109B78F74  for__signal_handl     Unknown  Unknown
libsystem_platfor  00007FFF6A61FB5D  _sigtramp             Unknown  Unknown
libmpi.40.dylib    000000010C3BD2A1  MPI_Comm_rank         Unknown  Unknown
libesmf.dylib      000000010A71C583  _ZN5ESMCI3VMK4ini     Unknown  Unknown
libesmf.dylib      000000010A6FA901  _ZN5ESMCI2VM10ini     Unknown  Unknown
libesmf.dylib      000000010A725D83  c_esmc_vminitiali     Unknown  Unknown
libesmf.dylib      000000010AF05200  esmf_vmmod_mp_esm     Unknown  Unknown
libesmf.dylib      000000010AD9B08B  esmf_initmod_mp_e     Unknown  Unknown
ESMF_InternalStat  0000000109B5321C  MAIN__                Unknown  Unknown
ESMF_InternalStat  0000000109B5308E  main                  Unknown  Unknown
forrtl: severe (174): SIGSEGV, segmentation fault occurred
Image              PC                Routine            Line        Source             
ESMF_InternalStat  0000000108FA8F74  for__signal_handl     Unknown  Unknown
libsystem_platfor  00007FFF6A61FB5D  _sigtramp             Unknown  Unknown
libmpi.40.dylib    000000010B7E52A1  MPI_Comm_rank         Unknown  Unknown
libesmf.dylib      0000000109B4D583  _ZN5ESMCI3VMK4ini     Unknown  Unknown
libesmf.dylib      0000000109B2B901  _ZN5ESMCI2VM10ini     Unknown  Unknown
libesmf.dylib      0000000109B56D83  c_esmc_vminitiali     Unknown  Unknown
libesmf.dylib      000000010A336200  esmf_vmmod_mp_esm     Unknown  Unknown
libesmf.dylib      000000010A1CC08B  esmf_initmod_mp_e     Unknown  Unknown
ESMF_InternalStat  0000000108F8321C  MAIN__                Unknown  Unknown
ESMF_InternalStat  0000000108F8308E  main                  Unknown  Unknown
