forrtl: severe (174): SIGSEGV, segmentation fault occurred
Image              PC                Routine            Line        Source             
ESMF_VMSendVMRecv  00000001090B8F94  for__signal_handl     Unknown  Unknown
libsystem_platfor  00007FFF6A61FB5D  _sigtramp             Unknown  Unknown
libmpi.40.dylib    000000010B8FB2A1  MPI_Comm_rank         Unknown  Unknown
libesmf.dylib      0000000109C5A583  _ZN5ESMCI3VMK4ini     Unknown  Unknown
libesmf.dylib      0000000109C38901  _ZN5ESMCI2VM10ini     Unknown  Unknown
libesmf.dylib      0000000109C63D83  c_esmc_vminitiali     Unknown  Unknown
libesmf.dylib      000000010A443200  esmf_vmmod_mp_esm     Unknown  Unknown
libesmf.dylib      000000010A2D908B  esmf_initmod_mp_e     Unknown  Unknown
ESMF_VMSendVMRecv  0000000109092E77  MAIN__                Unknown  Unknown
ESMF_VMSendVMRecv  0000000109092CDE  main                  Unknown  Unknown
forrtl: severe (174): SIGSEGV, segmentation fault occurred
Image              PC                Routine            Line        Source             
ESMF_VMSendVMRecv  0000000101159F94  for__signal_handl     Unknown  Unknown
libsystem_platfor  00007FFF6A61FB5D  _sigtramp             Unknown  Unknown
libmpi.40.dylib    00000001039962A1  MPI_Comm_rank         Unknown  Unknown
libesmf.dylib      0000000101CFA583  _ZN5ESMCI3VMK4ini     Unknown  Unknown
libesmf.dylib      0000000101CD8901  _ZN5ESMCI2VM10ini     Unknown  Unknown
libesmf.dylib      0000000101D03D83  c_esmc_vminitiali     Unknown  Unknown
libesmf.dylib      00000001024E3200  esmf_vmmod_mp_esm     Unknown  Unknown
libesmf.dylib      000000010237908B  esmf_initmod_mp_e     Unknown  Unknown
ESMF_VMSendVMRecv  0000000101133E77  MAIN__                Unknown  Unknown
ESMF_VMSendVMRecv  0000000101133CDE  main                  Unknown  Unknown
forrtl: severe (174): SIGSEGV, segmentation fault occurred
Image              PC                Routine            Line        Source             
ESMF_VMSendVMRecv  0000000104022F94  for__signal_handl     Unknown  Unknown
libsystem_platfor  00007FFF6A61FB5D  _sigtramp             Unknown  Unknown
libmpi.40.dylib    00000001068682A1  MPI_Comm_rank         Unknown  Unknown
libesmf.dylib      0000000104BC9583  _ZN5ESMCI3VMK4ini     Unknown  Unknown
libesmf.dylib      0000000104BA7901  _ZN5ESMCI2VM10ini     Unknown  Unknown
libesmf.dylib      0000000104BD2D83  c_esmc_vminitiali     Unknown  Unknown
libesmf.dylib      00000001053B2200  esmf_vmmod_mp_esm     Unknown  Unknown
libesmf.dylib      000000010524808B  esmf_initmod_mp_e     Unknown  Unknown
ESMF_VMSendVMRecv  0000000103FFCE77  MAIN__                Unknown  Unknown
ESMF_VMSendVMRecv  0000000103FFCCDE  main                  Unknown  Unknown
forrtl: severe (174): SIGSEGV, segmentation fault occurred
Image              PC                Routine            Line        Source             
ESMF_VMSendVMRecv  0000000102A23F94  for__signal_handl     Unknown  Unknown
libsystem_platfor  00007FFF6A61FB5D  _sigtramp             Unknown  Unknown
libmpi.40.dylib    00000001052612A1  MPI_Comm_rank         Unknown  Unknown
libesmf.dylib      00000001035C4583  _ZN5ESMCI3VMK4ini     Unknown  Unknown
libesmf.dylib      00000001035A2901  _ZN5ESMCI2VM10ini     Unknown  Unknown
libesmf.dylib      00000001035CDD83  c_esmc_vminitiali     Unknown  Unknown
libesmf.dylib      0000000103DAD200  esmf_vmmod_mp_esm     Unknown  Unknown
libesmf.dylib      0000000103C4308B  esmf_initmod_mp_e     Unknown  Unknown
ESMF_VMSendVMRecv  00000001029FDE77  MAIN__                Unknown  Unknown
ESMF_VMSendVMRecv  00000001029FDCDE  main                  Unknown  Unknown
