forrtl: severe (174): SIGSEGV, segmentation fault occurred
Image              PC                Routine            Line        Source             
ESMF_ArrayBundleH  000000010162EEF4  for__signal_handl     Unknown  Unknown
libsystem_platfor  00007FFF6A61FB5D  _sigtramp             Unknown  Unknown
libmpi.40.dylib    0000000103E6D2A1  MPI_Comm_rank         Unknown  Unknown
libesmf.dylib      00000001021D3583  _ZN5ESMCI3VMK4ini     Unknown  Unknown
libesmf.dylib      00000001021B1901  _ZN5ESMCI2VM10ini     Unknown  Unknown
libesmf.dylib      00000001021DCD83  c_esmc_vminitiali     Unknown  Unknown
libesmf.dylib      00000001029BC200  esmf_vmmod_mp_esm     Unknown  Unknown
libesmf.dylib      000000010285208B  esmf_initmod_mp_e     Unknown  Unknown
ESMF_ArrayBundleH  0000000101608617  MAIN__                Unknown  Unknown
ESMF_ArrayBundleH  00000001016083BE  main                  Unknown  Unknown
forrtl: severe (174): SIGSEGV, segmentation fault occurred
Image              PC                Routine            Line        Source             
ESMF_ArrayBundleH  000000010CB9AEF4  for__signal_handl     Unknown  Unknown
libsystem_platfor  00007FFF6A61FB5D  _sigtramp             Unknown  Unknown
libmpi.40.dylib    000000010F3DD2A1  MPI_Comm_rank         Unknown  Unknown
libesmf.dylib      000000010D740583  _ZN5ESMCI3VMK4ini     Unknown  Unknown
libesmf.dylib      000000010D71E901  _ZN5ESMCI2VM10ini     Unknown  Unknown
libesmf.dylib      000000010D749D83  c_esmc_vminitiali     Unknown  Unknown
libesmf.dylib      000000010DF29200  esmf_vmmod_mp_esm     Unknown  Unknown
libesmf.dylib      000000010DDBF08B  esmf_initmod_mp_e     Unknown  Unknown
ESMF_ArrayBundleH  000000010CB74617  MAIN__                Unknown  Unknown
ESMF_ArrayBundleH  000000010CB743BE  main                  Unknown  Unknown
forrtl: severe (174): SIGSEGV, segmentation fault occurred
Image              PC                Routine            Line        Source             
ESMF_ArrayBundleH  0000000106056EF4  for__signal_handl     Unknown  Unknown
libsystem_platfor  00007FFF6A61FB5D  _sigtramp             Unknown  Unknown
libmpi.40.dylib    000000010889C2A1  MPI_Comm_rank         Unknown  Unknown
libesmf.dylib      0000000106BFD583  _ZN5ESMCI3VMK4ini     Unknown  Unknown
libesmf.dylib      0000000106BDB901  _ZN5ESMCI2VM10ini     Unknown  Unknown
libesmf.dylib      0000000106C06D83  c_esmc_vminitiali     Unknown  Unknown
libesmf.dylib      00000001073E6200  esmf_vmmod_mp_esm     Unknown  Unknown
libesmf.dylib      000000010727C08B  esmf_initmod_mp_e     Unknown  Unknown
ESMF_ArrayBundleH  0000000106030617  MAIN__                Unknown  Unknown
ESMF_ArrayBundleH  00000001060303BE  main                  Unknown  Unknown
forrtl: severe (174): SIGSEGV, segmentation fault occurred
Image              PC                Routine            Line        Source             
ESMF_ArrayBundleH  00000001012ECEF4  for__signal_handl     Unknown  Unknown
libsystem_platfor  00007FFF6A61FB5D  _sigtramp             Unknown  Unknown
libmpi.40.dylib    0000000103B2D2A1  MPI_Comm_rank         Unknown  Unknown
libesmf.dylib      0000000101E91583  _ZN5ESMCI3VMK4ini     Unknown  Unknown
libesmf.dylib      0000000101E6F901  _ZN5ESMCI2VM10ini     Unknown  Unknown
libesmf.dylib      0000000101E9AD83  c_esmc_vminitiali     Unknown  Unknown
libesmf.dylib      000000010267A200  esmf_vmmod_mp_esm     Unknown  Unknown
libesmf.dylib      000000010251008B  esmf_initmod_mp_e     Unknown  Unknown
ESMF_ArrayBundleH  00000001012C6617  MAIN__                Unknown  Unknown
ESMF_ArrayBundleH  00000001012C63BE  main                  Unknown  Unknown
