forrtl: severe (174): SIGSEGV, segmentation fault occurred
Image              PC                Routine            Line        Source             
ESMF_ArrayLarrayE  000000010EB21F94  for__signal_handl     Unknown  Unknown
libsystem_platfor  00007FFF6A61FB5D  _sigtramp             Unknown  Unknown
libmpi.40.dylib    000000011135D2A1  MPI_Comm_rank         Unknown  Unknown
libesmf.dylib      000000010F6C1583  _ZN5ESMCI3VMK4ini     Unknown  Unknown
libesmf.dylib      000000010F69F901  _ZN5ESMCI2VM10ini     Unknown  Unknown
libesmf.dylib      000000010F6CAD83  c_esmc_vminitiali     Unknown  Unknown
libesmf.dylib      000000010FEAA200  esmf_vmmod_mp_esm     Unknown  Unknown
libesmf.dylib      000000010FD4008B  esmf_initmod_mp_e     Unknown  Unknown
ESMF_ArrayLarrayE  000000010EAFAD0F  MAIN__                Unknown  Unknown
ESMF_ArrayLarrayE  000000010EAFAB1E  main                  Unknown  Unknown
forrtl: severe (174): SIGSEGV, segmentation fault occurred
Image              PC                Routine            Line        Source             
ESMF_ArrayLarrayE  0000000104BACF94  for__signal_handl     Unknown  Unknown
libsystem_platfor  00007FFF6A61FB5D  _sigtramp             Unknown  Unknown
libmpi.40.dylib    0000000104F972A1  MPI_Comm_rank         Unknown  Unknown
libesmf.dylib      0000000107BFA583  _ZN5ESMCI3VMK4ini     Unknown  Unknown
libesmf.dylib      0000000107BD8901  _ZN5ESMCI2VM10ini     Unknown  Unknown
libesmf.dylib      0000000107C03D83  c_esmc_vminitiali     Unknown  Unknown
libesmf.dylib      00000001083E3200  esmf_vmmod_mp_esm     Unknown  Unknown
libesmf.dylib      000000010827908B  esmf_initmod_mp_e     Unknown  Unknown
ESMF_ArrayLarrayE  0000000104B85D0F  MAIN__                Unknown  Unknown
ESMF_ArrayLarrayE  0000000104B85B1E  main                  Unknown  Unknown
forrtl: severe (174): SIGSEGV, segmentation fault occurred
Image              PC                Routine            Line        Source             
ESMF_ArrayLarrayE  000000010B359F94  for__signal_handl     Unknown  Unknown
libsystem_platfor  00007FFF6A61FB5D  _sigtramp             Unknown  Unknown
libmpi.40.dylib    000000010DB9D2A1  MPI_Comm_rank         Unknown  Unknown
libesmf.dylib      000000010BEFD583  _ZN5ESMCI3VMK4ini     Unknown  Unknown
libesmf.dylib      000000010BEDB901  _ZN5ESMCI2VM10ini     Unknown  Unknown
libesmf.dylib      000000010BF06D83  c_esmc_vminitiali     Unknown  Unknown
libesmf.dylib      000000010C6E6200  esmf_vmmod_mp_esm     Unknown  Unknown
libesmf.dylib      000000010C57C08B  esmf_initmod_mp_e     Unknown  Unknown
ESMF_ArrayLarrayE  000000010B332D0F  MAIN__                Unknown  Unknown
ESMF_ArrayLarrayE  000000010B332B1E  main                  Unknown  Unknown
forrtl: severe (174): SIGSEGV, segmentation fault occurred
Image              PC                Routine            Line        Source             
ESMF_ArrayLarrayE  000000010FF84F94  for__signal_handl     Unknown  Unknown
libsystem_platfor  00007FFF6A61FB5D  _sigtramp             Unknown  Unknown
libmpi.40.dylib    000000011036F2A1  MPI_Comm_rank         Unknown  Unknown
libesmf.dylib      00000001110E9583  _ZN5ESMCI3VMK4ini     Unknown  Unknown
libesmf.dylib      00000001110C7901  _ZN5ESMCI2VM10ini     Unknown  Unknown
libesmf.dylib      00000001110F2D83  c_esmc_vminitiali     Unknown  Unknown
libesmf.dylib      00000001118D2200  esmf_vmmod_mp_esm     Unknown  Unknown
libesmf.dylib      000000011176808B  esmf_initmod_mp_e     Unknown  Unknown
ESMF_ArrayLarrayE  000000010FF5DD0F  MAIN__                Unknown  Unknown
ESMF_ArrayLarrayE  000000010FF5DB1E  main                  Unknown  Unknown
