forrtl: severe (174): SIGSEGV, segmentation fault occurred
Image              PC                Routine            Line        Source             
ESMF_ArrayEx       0000000108524D14  for__signal_handl     Unknown  Unknown
libsystem_platfor  00007FFF6A61FB5D  _sigtramp             Unknown  Unknown
libmpi.40.dylib    00000001089112A1  MPI_Comm_rank         Unknown  Unknown
libesmf.dylib      0000000109615583  _ZN5ESMCI3VMK4ini     Unknown  Unknown
libesmf.dylib      00000001095F3901  _ZN5ESMCI2VM10ini     Unknown  Unknown
libesmf.dylib      000000010961ED83  c_esmc_vminitiali     Unknown  Unknown
libesmf.dylib      0000000109DFE200  esmf_vmmod_mp_esm     Unknown  Unknown
libesmf.dylib      0000000109C9408B  esmf_initmod_mp_e     Unknown  Unknown
ESMF_ArrayEx       00000001084F5910  MAIN__                Unknown  Unknown
ESMF_ArrayEx       00000001084F55FE  main                  Unknown  Unknown
forrtl: severe (174): SIGSEGV, segmentation fault occurred
Image              PC                Routine            Line        Source             
ESMF_ArrayEx       0000000105686D14  for__signal_handl     Unknown  Unknown
libsystem_platfor  00007FFF6A61FB5D  _sigtramp             Unknown  Unknown
libmpi.40.dylib    0000000107EC72A1  MPI_Comm_rank         Unknown  Unknown
libesmf.dylib      000000010622D583  _ZN5ESMCI3VMK4ini     Unknown  Unknown
libesmf.dylib      000000010620B901  _ZN5ESMCI2VM10ini     Unknown  Unknown
libesmf.dylib      0000000106236D83  c_esmc_vminitiali     Unknown  Unknown
libesmf.dylib      0000000106A16200  esmf_vmmod_mp_esm     Unknown  Unknown
libesmf.dylib      00000001068AC08B  esmf_initmod_mp_e     Unknown  Unknown
ESMF_ArrayEx       0000000105657910  MAIN__                Unknown  Unknown
ESMF_ArrayEx       00000001056575FE  main                  Unknown  Unknown
forrtl: severe (174): SIGSEGV, segmentation fault occurred
Image              PC                Routine            Line        Source             
ESMF_ArrayEx       0000000106E46D14  for__signal_handl     Unknown  Unknown
libsystem_platfor  00007FFF6A61FB5D  _sigtramp             Unknown  Unknown
libmpi.40.dylib    00000001096892A1  MPI_Comm_rank         Unknown  Unknown
libesmf.dylib      00000001079E9583  _ZN5ESMCI3VMK4ini     Unknown  Unknown
libesmf.dylib      00000001079C7901  _ZN5ESMCI2VM10ini     Unknown  Unknown
libesmf.dylib      00000001079F2D83  c_esmc_vminitiali     Unknown  Unknown
libesmf.dylib      00000001081D2200  esmf_vmmod_mp_esm     Unknown  Unknown
libesmf.dylib      000000010806808B  esmf_initmod_mp_e     Unknown  Unknown
ESMF_ArrayEx       0000000106E17910  MAIN__                Unknown  Unknown
ESMF_ArrayEx       0000000106E175FE  main                  Unknown  Unknown
forrtl: severe (174): SIGSEGV, segmentation fault occurred
Image              PC                Routine            Line        Source             
ESMF_ArrayEx       000000010FC23D14  for__signal_handl     Unknown  Unknown
libsystem_platfor  00007FFF6A61FB5D  _sigtramp             Unknown  Unknown
libmpi.40.dylib    000000011246B2A1  MPI_Comm_rank         Unknown  Unknown
libesmf.dylib      00000001107C6583  _ZN5ESMCI3VMK4ini     Unknown  Unknown
libesmf.dylib      00000001107A4901  _ZN5ESMCI2VM10ini     Unknown  Unknown
libesmf.dylib      00000001107CFD83  c_esmc_vminitiali     Unknown  Unknown
libesmf.dylib      0000000110FAF200  esmf_vmmod_mp_esm     Unknown  Unknown
libesmf.dylib      0000000110E4508B  esmf_initmod_mp_e     Unknown  Unknown
ESMF_ArrayEx       000000010FBF4910  MAIN__                Unknown  Unknown
ESMF_ArrayEx       000000010FBF45FE  main                  Unknown  Unknown
