forrtl: severe (174): SIGSEGV, segmentation fault occurred
Image              PC                Routine            Line        Source             
ESMF_FieldBundleR  00000001007E7E54  for__signal_handl     Unknown  Unknown
libsystem_platfor  00007FFF6A61FB5D  _sigtramp             Unknown  Unknown
libmpi.40.dylib    00000001030292A1  MPI_Comm_rank         Unknown  Unknown
libesmf.dylib      0000000101387583  _ZN5ESMCI3VMK4ini     Unknown  Unknown
libesmf.dylib      0000000101365901  _ZN5ESMCI2VM10ini     Unknown  Unknown
libesmf.dylib      0000000101390D83  c_esmc_vminitiali     Unknown  Unknown
libesmf.dylib      0000000101B70200  esmf_vmmod_mp_esm     Unknown  Unknown
libesmf.dylib      0000000101A0608B  esmf_initmod_mp_e     Unknown  Unknown
ESMF_FieldBundleR  00000001007BFF6E  MAIN__                Unknown  Unknown
ESMF_FieldBundleR  00000001007BFC9E  main                  Unknown  Unknown
forrtl: severe (174): SIGSEGV, segmentation fault occurred
Image              PC                Routine            Line        Source             
ESMF_FieldBundleR  000000010E359E54  for__signal_handl     Unknown  Unknown
libsystem_platfor  00007FFF6A61FB5D  _sigtramp             Unknown  Unknown
libmpi.40.dylib    0000000110B9A2A1  MPI_Comm_rank         Unknown  Unknown
libesmf.dylib      000000010EEFD583  _ZN5ESMCI3VMK4ini     Unknown  Unknown
libesmf.dylib      000000010EEDB901  _ZN5ESMCI2VM10ini     Unknown  Unknown
libesmf.dylib      000000010EF06D83  c_esmc_vminitiali     Unknown  Unknown
libesmf.dylib      000000010F6E6200  esmf_vmmod_mp_esm     Unknown  Unknown
libesmf.dylib      000000010F57C08B  esmf_initmod_mp_e     Unknown  Unknown
ESMF_FieldBundleR  000000010E331F6E  MAIN__                Unknown  Unknown
ESMF_FieldBundleR  000000010E331C9E  main                  Unknown  Unknown
forrtl: severe (174): SIGSEGV, segmentation fault occurred
Image              PC                Routine            Line        Source             
ESMF_FieldBundleR  000000010DB8CE54  for__signal_handl     Unknown  Unknown
libsystem_platfor  00007FFF6A61FB5D  _sigtramp             Unknown  Unknown
libmpi.40.dylib    00000001103CC2A1  MPI_Comm_rank         Unknown  Unknown
libesmf.dylib      000000010E72E583  _ZN5ESMCI3VMK4ini     Unknown  Unknown
libesmf.dylib      000000010E70C901  _ZN5ESMCI2VM10ini     Unknown  Unknown
libesmf.dylib      000000010E737D83  c_esmc_vminitiali     Unknown  Unknown
libesmf.dylib      000000010EF17200  esmf_vmmod_mp_esm     Unknown  Unknown
libesmf.dylib      000000010EDAD08B  esmf_initmod_mp_e     Unknown  Unknown
ESMF_FieldBundleR  000000010DB64F6E  MAIN__                Unknown  Unknown
ESMF_FieldBundleR  000000010DB64C9E  main                  Unknown  Unknown
forrtl: severe (174): SIGSEGV, segmentation fault occurred
Image              PC                Routine            Line        Source             
ESMF_FieldBundleR  000000010CC77E54  for__signal_handl     Unknown  Unknown
libsystem_platfor  00007FFF6A61FB5D  _sigtramp             Unknown  Unknown
libmpi.40.dylib    000000010F4B62A1  MPI_Comm_rank         Unknown  Unknown
libesmf.dylib      000000010D819583  _ZN5ESMCI3VMK4ini     Unknown  Unknown
libesmf.dylib      000000010D7F7901  _ZN5ESMCI2VM10ini     Unknown  Unknown
libesmf.dylib      000000010D822D83  c_esmc_vminitiali     Unknown  Unknown
libesmf.dylib      000000010E002200  esmf_vmmod_mp_esm     Unknown  Unknown
libesmf.dylib      000000010DE9808B  esmf_initmod_mp_e     Unknown  Unknown
ESMF_FieldBundleR  000000010CC4FF6E  MAIN__                Unknown  Unknown
ESMF_FieldBundleR  000000010CC4FC9E  main                  Unknown  Unknown
