forrtl: severe (174): SIGSEGV, segmentation fault occurred
Image              PC                Routine            Line        Source             
ESMF_FieldSMMEx    000000010CF44B24  for__signal_handl     Unknown  Unknown
libsystem_platfor  00007FFF6A61FB5D  _sigtramp             Unknown  Unknown
libmpi.40.dylib    000000010F7842A1  MPI_Comm_rank         Unknown  Unknown
libesmf.dylib      000000010DAE8583  _ZN5ESMCI3VMK4ini     Unknown  Unknown
libesmf.dylib      000000010DAC6901  _ZN5ESMCI2VM10ini     Unknown  Unknown
libesmf.dylib      000000010DAF1D83  c_esmc_vminitiali     Unknown  Unknown
libesmf.dylib      000000010E2D1200  esmf_vmmod_mp_esm     Unknown  Unknown
libesmf.dylib      000000010E16708B  esmf_initmod_mp_e     Unknown  Unknown
ESMF_FieldSMMEx    000000010CF1C589  MAIN__                Unknown  Unknown
ESMF_FieldSMMEx    000000010CF1C29E  main                  Unknown  Unknown
forrtl: severe (174): SIGSEGV, segmentation fault occurred
Image              PC                Routine            Line        Source             
ESMF_FieldSMMEx    000000010B5FDB24  for__signal_handl     Unknown  Unknown
libsystem_platfor  00007FFF6A61FB5D  _sigtramp             Unknown  Unknown
libmpi.40.dylib    000000010DE442A1  MPI_Comm_rank         Unknown  Unknown
libesmf.dylib      000000010C1A5583  _ZN5ESMCI3VMK4ini     Unknown  Unknown
libesmf.dylib      000000010C183901  _ZN5ESMCI2VM10ini     Unknown  Unknown
libesmf.dylib      000000010C1AED83  c_esmc_vminitiali     Unknown  Unknown
libesmf.dylib      000000010C98E200  esmf_vmmod_mp_esm     Unknown  Unknown
libesmf.dylib      000000010C82408B  esmf_initmod_mp_e     Unknown  Unknown
ESMF_FieldSMMEx    000000010B5D5589  MAIN__                Unknown  Unknown
ESMF_FieldSMMEx    000000010B5D529E  main                  Unknown  Unknown
forrtl: severe (174): SIGSEGV, segmentation fault occurred
Image              PC                Routine            Line        Source             
ESMF_FieldSMMEx    0000000109090B24  for__signal_handl     Unknown  Unknown
libsystem_platfor  00007FFF6A61FB5D  _sigtramp             Unknown  Unknown
libmpi.40.dylib    000000010B8D12A1  MPI_Comm_rank         Unknown  Unknown
libesmf.dylib      0000000109C37583  _ZN5ESMCI3VMK4ini     Unknown  Unknown
libesmf.dylib      0000000109C15901  _ZN5ESMCI2VM10ini     Unknown  Unknown
libesmf.dylib      0000000109C40D83  c_esmc_vminitiali     Unknown  Unknown
libesmf.dylib      000000010A420200  esmf_vmmod_mp_esm     Unknown  Unknown
libesmf.dylib      000000010A2B608B  esmf_initmod_mp_e     Unknown  Unknown
ESMF_FieldSMMEx    0000000109068589  MAIN__                Unknown  Unknown
ESMF_FieldSMMEx    000000010906829E  main                  Unknown  Unknown
forrtl: severe (174): SIGSEGV, segmentation fault occurred
Image              PC                Routine            Line        Source             
ESMF_FieldSMMEx    0000000100EF3B24  for__signal_handl     Unknown  Unknown
libsystem_platfor  00007FFF6A61FB5D  _sigtramp             Unknown  Unknown
libmpi.40.dylib    00000001037332A1  MPI_Comm_rank         Unknown  Unknown
libesmf.dylib      0000000101A9A583  _ZN5ESMCI3VMK4ini     Unknown  Unknown
libesmf.dylib      0000000101A78901  _ZN5ESMCI2VM10ini     Unknown  Unknown
libesmf.dylib      0000000101AA3D83  c_esmc_vminitiali     Unknown  Unknown
libesmf.dylib      0000000102283200  esmf_vmmod_mp_esm     Unknown  Unknown
libesmf.dylib      000000010211908B  esmf_initmod_mp_e     Unknown  Unknown
ESMF_FieldSMMEx    0000000100ECB589  MAIN__                Unknown  Unknown
ESMF_FieldSMMEx    0000000100ECB29E  main                  Unknown  Unknown
