forrtl: severe (174): SIGSEGV, segmentation fault occurred
Image              PC                Routine            Line        Source             
ESMF_SCompEx       000000010B9685E4  for__signal_handl     Unknown  Unknown
libsystem_platfor  00007FFF6A61FB5D  _sigtramp             Unknown  Unknown
libmpi.40.dylib    000000010BD552A1  MPI_Comm_rank         Unknown  Unknown
libesmf.dylib      000000010D30C583  _ZN5ESMCI3VMK4ini     Unknown  Unknown
libesmf.dylib      000000010D2EA901  _ZN5ESMCI2VM10ini     Unknown  Unknown
libesmf.dylib      000000010D315D83  c_esmc_vminitiali     Unknown  Unknown
libesmf.dylib      000000010DAF5200  esmf_vmmod_mp_esm     Unknown  Unknown
libesmf.dylib      000000010D98B08B  esmf_initmod_mp_e     Unknown  Unknown
ESMF_SCompEx       000000010B941B82  MAIN__                Unknown  Unknown
ESMF_SCompEx       000000010B9418FE  main                  Unknown  Unknown
forrtl: severe (174): SIGSEGV, segmentation fault occurred
Image              PC                Routine            Line        Source             
ESMF_SCompEx       000000010862A5E4  for__signal_handl     Unknown  Unknown
libsystem_platfor  00007FFF6A61FB5D  _sigtramp             Unknown  Unknown
libmpi.40.dylib    0000000108A172A1  MPI_Comm_rank         Unknown  Unknown
libesmf.dylib      0000000109BE3583  _ZN5ESMCI3VMK4ini     Unknown  Unknown
libesmf.dylib      0000000109BC1901  _ZN5ESMCI2VM10ini     Unknown  Unknown
libesmf.dylib      0000000109BECD83  c_esmc_vminitiali     Unknown  Unknown
libesmf.dylib      000000010A3CC200  esmf_vmmod_mp_esm     Unknown  Unknown
libesmf.dylib      000000010A26208B  esmf_initmod_mp_e     Unknown  Unknown
ESMF_SCompEx       0000000108603B82  MAIN__                Unknown  Unknown
ESMF_SCompEx       00000001086038FE  main                  Unknown  Unknown
forrtl: severe (174): SIGSEGV, segmentation fault occurred
Image              PC                Routine            Line        Source             
ESMF_SCompEx       000000010465D5E4  for__signal_handl     Unknown  Unknown
libsystem_platfor  00007FFF6A61FB5D  _sigtramp             Unknown  Unknown
libmpi.40.dylib    0000000106F692A1  MPI_Comm_rank         Unknown  Unknown
libesmf.dylib      0000000105201583  _ZN5ESMCI3VMK4ini     Unknown  Unknown
libesmf.dylib      00000001051DF901  _ZN5ESMCI2VM10ini     Unknown  Unknown
libesmf.dylib      000000010520AD83  c_esmc_vminitiali     Unknown  Unknown
libesmf.dylib      00000001059EA200  esmf_vmmod_mp_esm     Unknown  Unknown
libesmf.dylib      000000010588008B  esmf_initmod_mp_e     Unknown  Unknown
ESMF_SCompEx       0000000104636B82  MAIN__                Unknown  Unknown
ESMF_SCompEx       00000001046368FE  main                  Unknown  Unknown
forrtl: severe (174): SIGSEGV, segmentation fault occurred
Image              PC                Routine            Line        Source             
ESMF_SCompEx       00000001029845E4  for__signal_handl     Unknown  Unknown
libsystem_platfor  00007FFF6A61FB5D  _sigtramp             Unknown  Unknown
libmpi.40.dylib    00000001051CA2A1  MPI_Comm_rank         Unknown  Unknown
libesmf.dylib      0000000103526583  _ZN5ESMCI3VMK4ini     Unknown  Unknown
libesmf.dylib      0000000103504901  _ZN5ESMCI2VM10ini     Unknown  Unknown
libesmf.dylib      000000010352FD83  c_esmc_vminitiali     Unknown  Unknown
libesmf.dylib      0000000103D0F200  esmf_vmmod_mp_esm     Unknown  Unknown
libesmf.dylib      0000000103BA508B  esmf_initmod_mp_e     Unknown  Unknown
ESMF_SCompEx       000000010295DB82  MAIN__                Unknown  Unknown
ESMF_SCompEx       000000010295D8FE  main                  Unknown  Unknown
