forrtl: severe (174): SIGSEGV, segmentation fault occurred
Image              PC                Routine            Line        Source             
ESMF_RHandleDynam  000000010AAAB5B4  for__signal_handl     Unknown  Unknown
libsystem_platfor  00007FFF6A61FB5D  _sigtramp             Unknown  Unknown
libmpi.40.dylib    000000010D2EE2A1  MPI_Comm_rank         Unknown  Unknown
libesmf.dylib      000000010B652583  _ZN5ESMCI3VMK4ini     Unknown  Unknown
libesmf.dylib      000000010B630901  _ZN5ESMCI2VM10ini     Unknown  Unknown
libesmf.dylib      000000010B65BD83  c_esmc_vminitiali     Unknown  Unknown
libesmf.dylib      000000010BE3B200  esmf_vmmod_mp_esm     Unknown  Unknown
libesmf.dylib      000000010BCD108B  esmf_initmod_mp_e     Unknown  Unknown
ESMF_RHandleDynam  000000010AA81F4E  MAIN__                Unknown  Unknown
ESMF_RHandleDynam  000000010AA81CAE  main                  Unknown  Unknown
forrtl: severe (174): SIGSEGV, segmentation fault occurred
Image              PC                Routine            Line        Source             
ESMF_RHandleDynam  000000010C0085B4  for__signal_handl     Unknown  Unknown
libsystem_platfor  00007FFF6A61FB5D  _sigtramp             Unknown  Unknown
libmpi.40.dylib    000000010E8492A1  MPI_Comm_rank         Unknown  Unknown
libesmf.dylib      000000010CBAF583  _ZN5ESMCI3VMK4ini     Unknown  Unknown
libesmf.dylib      000000010CB8D901  _ZN5ESMCI2VM10ini     Unknown  Unknown
libesmf.dylib      000000010CBB8D83  c_esmc_vminitiali     Unknown  Unknown
libesmf.dylib      000000010D398200  esmf_vmmod_mp_esm     Unknown  Unknown
libesmf.dylib      000000010D22E08B  esmf_initmod_mp_e     Unknown  Unknown
ESMF_RHandleDynam  000000010BFDEF4E  MAIN__                Unknown  Unknown
ESMF_RHandleDynam  000000010BFDECAE  main                  Unknown  Unknown
forrtl: severe (174): SIGSEGV, segmentation fault occurred
Image              PC                Routine            Line        Source             
ESMF_RHandleDynam  000000010DC205B4  for__signal_handl     Unknown  Unknown
libsystem_platfor  00007FFF6A61FB5D  _sigtramp             Unknown  Unknown
libmpi.40.dylib    000000011045D2A1  MPI_Comm_rank         Unknown  Unknown
libesmf.dylib      000000010E7C4583  _ZN5ESMCI3VMK4ini     Unknown  Unknown
libesmf.dylib      000000010E7A2901  _ZN5ESMCI2VM10ini     Unknown  Unknown
libesmf.dylib      000000010E7CDD83  c_esmc_vminitiali     Unknown  Unknown
libesmf.dylib      000000010EFAD200  esmf_vmmod_mp_esm     Unknown  Unknown
libesmf.dylib      000000010EE4308B  esmf_initmod_mp_e     Unknown  Unknown
ESMF_RHandleDynam  000000010DBF6F4E  MAIN__                Unknown  Unknown
ESMF_RHandleDynam  000000010DBF6CAE  main                  Unknown  Unknown
forrtl: severe (174): SIGSEGV, segmentation fault occurred
Image              PC                Routine            Line        Source             
ESMF_RHandleDynam  00000001081E95B4  for__signal_handl     Unknown  Unknown
libsystem_platfor  00007FFF6A61FB5D  _sigtramp             Unknown  Unknown
libmpi.40.dylib    000000010AA2E2A1  MPI_Comm_rank         Unknown  Unknown
libesmf.dylib      0000000108D8A583  _ZN5ESMCI3VMK4ini     Unknown  Unknown
libesmf.dylib      0000000108D68901  _ZN5ESMCI2VM10ini     Unknown  Unknown
libesmf.dylib      0000000108D93D83  c_esmc_vminitiali     Unknown  Unknown
libesmf.dylib      0000000109573200  esmf_vmmod_mp_esm     Unknown  Unknown
libesmf.dylib      000000010940908B  esmf_initmod_mp_e     Unknown  Unknown
ESMF_RHandleDynam  00000001081BFF4E  MAIN__                Unknown  Unknown
ESMF_RHandleDynam  00000001081BFCAE  main                  Unknown  Unknown
