forrtl: severe (174): SIGSEGV, segmentation fault occurred
Image              PC                Routine            Line        Source             
ESMF_ArrayHaloEx   00000001009F0174  for__signal_handl     Unknown  Unknown
libsystem_platfor  00007FFF6A61FB5D  _sigtramp             Unknown  Unknown
libmpi.40.dylib    00000001032432A1  MPI_Comm_rank         Unknown  Unknown
libesmf.dylib      00000001015A8583  _ZN5ESMCI3VMK4ini     Unknown  Unknown
libesmf.dylib      0000000101586901  _ZN5ESMCI2VM10ini     Unknown  Unknown
libesmf.dylib      00000001015B1D83  c_esmc_vminitiali     Unknown  Unknown
libesmf.dylib      0000000101D91200  esmf_vmmod_mp_esm     Unknown  Unknown
libesmf.dylib      0000000101C2708B  esmf_initmod_mp_e     Unknown  Unknown
ESMF_ArrayHaloEx   00000001009C5BE7  MAIN__                Unknown  Unknown
ESMF_ArrayHaloEx   00000001009C59AE  main                  Unknown  Unknown
forrtl: severe (174): SIGSEGV, segmentation fault occurred
Image              PC                Routine            Line        Source             
ESMF_ArrayHaloEx   000000010DB13174  for__signal_handl     Unknown  Unknown
libsystem_platfor  00007FFF6A61FB5D  _sigtramp             Unknown  Unknown
libmpi.40.dylib    00000001103672A1  MPI_Comm_rank         Unknown  Unknown
libesmf.dylib      000000010E6CB583  _ZN5ESMCI3VMK4ini     Unknown  Unknown
libesmf.dylib      000000010E6A9901  _ZN5ESMCI2VM10ini     Unknown  Unknown
libesmf.dylib      000000010E6D4D83  c_esmc_vminitiali     Unknown  Unknown
libesmf.dylib      000000010EEB4200  esmf_vmmod_mp_esm     Unknown  Unknown
libesmf.dylib      000000010ED4A08B  esmf_initmod_mp_e     Unknown  Unknown
ESMF_ArrayHaloEx   000000010DAE8BE7  MAIN__                Unknown  Unknown
ESMF_ArrayHaloEx   000000010DAE89AE  main                  Unknown  Unknown
forrtl: severe (174): SIGSEGV, segmentation fault occurred
Image              PC                Routine            Line        Source             
ESMF_ArrayHaloEx   00000001060C4174  for__signal_handl     Unknown  Unknown
libsystem_platfor  00007FFF6A61FB5D  _sigtramp             Unknown  Unknown
libmpi.40.dylib    00000001089202A1  MPI_Comm_rank         Unknown  Unknown
libesmf.dylib      0000000106C7C583  _ZN5ESMCI3VMK4ini     Unknown  Unknown
libesmf.dylib      0000000106C5A901  _ZN5ESMCI2VM10ini     Unknown  Unknown
libesmf.dylib      0000000106C85D83  c_esmc_vminitiali     Unknown  Unknown
libesmf.dylib      0000000107465200  esmf_vmmod_mp_esm     Unknown  Unknown
libesmf.dylib      00000001072FB08B  esmf_initmod_mp_e     Unknown  Unknown
ESMF_ArrayHaloEx   0000000106099BE7  MAIN__                Unknown  Unknown
ESMF_ArrayHaloEx   00000001060999AE  main                  Unknown  Unknown
forrtl: severe (174): SIGSEGV, segmentation fault occurred
Image              PC                Routine            Line        Source             
ESMF_ArrayHaloEx   00000001041C9174  for__signal_handl     Unknown  Unknown
libsystem_platfor  00007FFF6A61FB5D  _sigtramp             Unknown  Unknown
libmpi.40.dylib    0000000106A262A1  MPI_Comm_rank         Unknown  Unknown
libesmf.dylib      0000000104D82583  _ZN5ESMCI3VMK4ini     Unknown  Unknown
libesmf.dylib      0000000104D60901  _ZN5ESMCI2VM10ini     Unknown  Unknown
libesmf.dylib      0000000104D8BD83  c_esmc_vminitiali     Unknown  Unknown
libesmf.dylib      000000010556B200  esmf_vmmod_mp_esm     Unknown  Unknown
libesmf.dylib      000000010540108B  esmf_initmod_mp_e     Unknown  Unknown
ESMF_ArrayHaloEx   000000010419EBE7  MAIN__                Unknown  Unknown
ESMF_ArrayHaloEx   000000010419E9AE  main                  Unknown  Unknown
