forrtl: severe (174): SIGSEGV, segmentation fault occurred
Image              PC                Routine            Line        Source             
ESMF_RHandleReusa  000000010B6A7834  for__signal_handl     Unknown  Unknown
libsystem_platfor  00007FFF6A61FB5D  _sigtramp             Unknown  Unknown
libmpi.40.dylib    000000010DEE92A1  MPI_Comm_rank         Unknown  Unknown
libesmf.dylib      000000010C24D583  _ZN5ESMCI3VMK4ini     Unknown  Unknown
libesmf.dylib      000000010C22B901  _ZN5ESMCI2VM10ini     Unknown  Unknown
libesmf.dylib      000000010C256D83  c_esmc_vminitiali     Unknown  Unknown
libesmf.dylib      000000010CA36200  esmf_vmmod_mp_esm     Unknown  Unknown
libesmf.dylib      000000010C8CC08B  esmf_initmod_mp_e     Unknown  Unknown
ESMF_RHandleReusa  000000010B67F222  MAIN__                Unknown  Unknown
ESMF_RHandleReusa  000000010B67EE4E  main                  Unknown  Unknown
forrtl: severe (174): SIGSEGV, segmentation fault occurred
Image              PC                Routine            Line        Source             
ESMF_RHandleReusa  00000001019F7834  for__signal_handl     Unknown  Unknown
libsystem_platfor  00007FFF6A61FB5D  _sigtramp             Unknown  Unknown
libmpi.40.dylib    000000010423E2A1  MPI_Comm_rank         Unknown  Unknown
libesmf.dylib      000000010259C583  _ZN5ESMCI3VMK4ini     Unknown  Unknown
libesmf.dylib      000000010257A901  _ZN5ESMCI2VM10ini     Unknown  Unknown
libesmf.dylib      00000001025A5D83  c_esmc_vminitiali     Unknown  Unknown
libesmf.dylib      0000000102D85200  esmf_vmmod_mp_esm     Unknown  Unknown
libesmf.dylib      0000000102C1B08B  esmf_initmod_mp_e     Unknown  Unknown
ESMF_RHandleReusa  00000001019CF222  MAIN__                Unknown  Unknown
ESMF_RHandleReusa  00000001019CEE4E  main                  Unknown  Unknown
forrtl: severe (174): SIGSEGV, segmentation fault occurred
Image              PC                Routine            Line        Source             
ESMF_RHandleReusa  000000010CDEC834  for__signal_handl     Unknown  Unknown
libsystem_platfor  00007FFF6A61FB5D  _sigtramp             Unknown  Unknown
libmpi.40.dylib    000000010F6302A1  MPI_Comm_rank         Unknown  Unknown
libesmf.dylib      000000010D98E583  _ZN5ESMCI3VMK4ini     Unknown  Unknown
libesmf.dylib      000000010D96C901  _ZN5ESMCI2VM10ini     Unknown  Unknown
libesmf.dylib      000000010D997D83  c_esmc_vminitiali     Unknown  Unknown
libesmf.dylib      000000010E177200  esmf_vmmod_mp_esm     Unknown  Unknown
libesmf.dylib      000000010E00D08B  esmf_initmod_mp_e     Unknown  Unknown
ESMF_RHandleReusa  000000010CDC4222  MAIN__                Unknown  Unknown
ESMF_RHandleReusa  000000010CDC3E4E  main                  Unknown  Unknown
forrtl: severe (174): SIGSEGV, segmentation fault occurred
Image              PC                Routine            Line        Source             
ESMF_RHandleReusa  000000010F219834  for__signal_handl     Unknown  Unknown
libsystem_platfor  00007FFF6A61FB5D  _sigtramp             Unknown  Unknown
libmpi.40.dylib    0000000111A5F2A1  MPI_Comm_rank         Unknown  Unknown
libesmf.dylib      000000010FDBE583  _ZN5ESMCI3VMK4ini     Unknown  Unknown
libesmf.dylib      000000010FD9C901  _ZN5ESMCI2VM10ini     Unknown  Unknown
libesmf.dylib      000000010FDC7D83  c_esmc_vminitiali     Unknown  Unknown
libesmf.dylib      00000001105A7200  esmf_vmmod_mp_esm     Unknown  Unknown
libesmf.dylib      000000011043D08B  esmf_initmod_mp_e     Unknown  Unknown
ESMF_RHandleReusa  000000010F1F1222  MAIN__                Unknown  Unknown
ESMF_RHandleReusa  000000010F1F0E4E  main                  Unknown  Unknown
