forrtl: severe (174): SIGSEGV, segmentation fault occurred
Image              PC                Routine            Line        Source             
ESMF_ArraySpecEx   000000010136B034  for__signal_handl     Unknown  Unknown
libsystem_platfor  00007FFF6A61FB5D  _sigtramp             Unknown  Unknown
libmpi.40.dylib    0000000103BB12A1  MPI_Comm_rank         Unknown  Unknown
libesmf.dylib      0000000101F0F583  _ZN5ESMCI3VMK4ini     Unknown  Unknown
libesmf.dylib      0000000101EED901  _ZN5ESMCI2VM10ini     Unknown  Unknown
libesmf.dylib      0000000101F18D83  c_esmc_vminitiali     Unknown  Unknown
libesmf.dylib      00000001026F8200  esmf_vmmod_mp_esm     Unknown  Unknown
libesmf.dylib      000000010258E08B  esmf_initmod_mp_e     Unknown  Unknown
ESMF_ArraySpecEx   000000010134538D  MAIN__                Unknown  Unknown
ESMF_ArraySpecEx   00000001013451FE  main                  Unknown  Unknown
forrtl: severe (174): SIGSEGV, segmentation fault occurred
Image              PC                Routine            Line        Source             
ESMF_ArraySpecEx   0000000106420034  for__signal_handl     Unknown  Unknown
libsystem_platfor  00007FFF6A61FB5D  _sigtramp             Unknown  Unknown
libmpi.40.dylib    0000000108C602A1  MPI_Comm_rank         Unknown  Unknown
libesmf.dylib      0000000106FC0583  _ZN5ESMCI3VMK4ini     Unknown  Unknown
libesmf.dylib      0000000106F9E901  _ZN5ESMCI2VM10ini     Unknown  Unknown
libesmf.dylib      0000000106FC9D83  c_esmc_vminitiali     Unknown  Unknown
libesmf.dylib      00000001077A9200  esmf_vmmod_mp_esm     Unknown  Unknown
libesmf.dylib      000000010763F08B  esmf_initmod_mp_e     Unknown  Unknown
ESMF_ArraySpecEx   00000001063FA38D  MAIN__                Unknown  Unknown
ESMF_ArraySpecEx   00000001063FA1FE  main                  Unknown  Unknown
forrtl: severe (174): SIGSEGV, segmentation fault occurred
Image              PC                Routine            Line        Source             
ESMF_ArraySpecEx   000000010601C034  for__signal_handl     Unknown  Unknown
libsystem_platfor  00007FFF6A61FB5D  _sigtramp             Unknown  Unknown
libmpi.40.dylib    00000001088612A1  MPI_Comm_rank         Unknown  Unknown
libesmf.dylib      0000000106BC1583  _ZN5ESMCI3VMK4ini     Unknown  Unknown
libesmf.dylib      0000000106B9F901  _ZN5ESMCI2VM10ini     Unknown  Unknown
libesmf.dylib      0000000106BCAD83  c_esmc_vminitiali     Unknown  Unknown
libesmf.dylib      00000001073AA200  esmf_vmmod_mp_esm     Unknown  Unknown
libesmf.dylib      000000010724008B  esmf_initmod_mp_e     Unknown  Unknown
ESMF_ArraySpecEx   0000000105FF638D  MAIN__                Unknown  Unknown
ESMF_ArraySpecEx   0000000105FF61FE  main                  Unknown  Unknown
forrtl: severe (174): SIGSEGV, segmentation fault occurred
Image              PC                Routine            Line        Source             
ESMF_ArraySpecEx   000000010F17D034  for__signal_handl     Unknown  Unknown
libsystem_platfor  00007FFF6A61FB5D  _sigtramp             Unknown  Unknown
libmpi.40.dylib    00000001119B52A1  MPI_Comm_rank         Unknown  Unknown
libesmf.dylib      000000010FD1C583  _ZN5ESMCI3VMK4ini     Unknown  Unknown
libesmf.dylib      000000010FCFA901  _ZN5ESMCI2VM10ini     Unknown  Unknown
libesmf.dylib      000000010FD25D83  c_esmc_vminitiali     Unknown  Unknown
libesmf.dylib      0000000110505200  esmf_vmmod_mp_esm     Unknown  Unknown
libesmf.dylib      000000011039B08B  esmf_initmod_mp_e     Unknown  Unknown
ESMF_ArraySpecEx   000000010F15738D  MAIN__                Unknown  Unknown
ESMF_ArraySpecEx   000000010F1571FE  main                  Unknown  Unknown
