20210318 094347.644 INFO             PET0 !!!!!!!!!!!!!!!!!!!!!!!!!!!!!!!!!!!!!!!!!!!!!!!!!!!!!!
20210318 094347.644 INFO             PET0 !!! THE ESMF_LOG IS SET TO OUTPUT ALL LOG MESSAGES !!!
20210318 094347.644 INFO             PET0 !!!     THIS MAY CAUSE SLOWDOWN IN PERFORMANCE     !!!
20210318 094347.644 INFO             PET0 !!! FOR PRODUCTION RUNS, USE:                      !!!
20210318 094347.644 INFO             PET0 !!!                   ESMF_LOGKIND_Multi_On_Error  !!!
20210318 094347.644 INFO             PET0 !!!!!!!!!!!!!!!!!!!!!!!!!!!!!!!!!!!!!!!!!!!!!!!!!!!!!!
20210318 094347.644 INFO             PET0 Running with ESMF Version   : ESMF_8_1_0_beta_snapshot_47-46-g9f6043b
20210318 094347.644 INFO             PET0 ESMF library build date/time: "Mar 18 2021" "07:38:57"
20210318 094347.644 INFO             PET0 ESMF library build location : /p/work1/mpotts/intel_2019.4_mpt_g
20210318 094347.644 INFO             PET0 ESMF_COMM                   : mpt
20210318 094347.657 INFO             PET0 ESMF_MOAB                   : enabled
20210318 094347.657 INFO             PET0 ESMF_LAPACK                 : enabled
20210318 094347.657 INFO             PET0 ESMF_NETCDF                 : enabled
20210318 094347.657 INFO             PET0 ESMF_PNETCDF                : disabled
20210318 094347.657 INFO             PET0 ESMF_PIO                    : enabled
20210318 094347.657 INFO             PET0 ESMF_YAMLCPP                : enabled
20210318 094347.657 INFO             PET0  NUMBER_OF_PROCESSORS           4
20210318 094347.657 INFO             PET0  PASS  Example ESMF_VMUserMpiCommMultiEx, ESMF_VMUserMpiCommMultiEx.F90, line 126
20210318 094347.657 INFO             PET0 Finalizing ESMF
20210318 094347.629 INFO             PET0 !!!!!!!!!!!!!!!!!!!!!!!!!!!!!!!!!!!!!!!!!!!!!!!!!!!!!!
20210318 094347.630 INFO             PET0 !!! THE ESMF_LOG IS SET TO OUTPUT ALL LOG MESSAGES !!!
20210318 094347.630 INFO             PET0 !!!     THIS MAY CAUSE SLOWDOWN IN PERFORMANCE     !!!
20210318 094347.630 INFO             PET0 !!! FOR PRODUCTION RUNS, USE:                      !!!
20210318 094347.630 INFO             PET0 !!!                   ESMF_LOGKIND_Multi_On_Error  !!!
20210318 094347.630 INFO             PET0 !!!!!!!!!!!!!!!!!!!!!!!!!!!!!!!!!!!!!!!!!!!!!!!!!!!!!!
20210318 094347.630 INFO             PET0 Running with ESMF Version   : ESMF_8_1_0_beta_snapshot_47-46-g9f6043b
20210318 094347.630 INFO             PET0 ESMF library build date/time: "Mar 18 2021" "07:38:57"
20210318 094347.630 INFO             PET0 ESMF library build location : /p/work1/mpotts/intel_2019.4_mpt_g
20210318 094347.630 INFO             PET0 ESMF_COMM                   : mpt
20210318 094347.631 INFO             PET0 ESMF_MOAB                   : enabled
20210318 094347.631 INFO             PET0 ESMF_LAPACK                 : enabled
20210318 094347.631 INFO             PET0 ESMF_NETCDF                 : enabled
20210318 094347.631 INFO             PET0 ESMF_PNETCDF                : disabled
20210318 094347.631 INFO             PET0 ESMF_PIO                    : enabled
20210318 094347.631 INFO             PET0 ESMF_YAMLCPP                : enabled
20210318 094347.669 INFO             PET0  NUMBER_OF_PROCESSORS           4
20210318 094347.669 INFO             PET0  PASS  Example ESMF_VMUserMpiCommMultiEx, ESMF_VMUserMpiCommMultiEx.F90, line 154
20210318 094347.669 INFO             PET0 Finalizing ESMF
20210318 094347.629 INFO             PET1 !!!!!!!!!!!!!!!!!!!!!!!!!!!!!!!!!!!!!!!!!!!!!!!!!!!!!!
20210318 094347.629 INFO             PET1 !!! THE ESMF_LOG IS SET TO OUTPUT ALL LOG MESSAGES !!!
20210318 094347.629 INFO             PET1 !!!     THIS MAY CAUSE SLOWDOWN IN PERFORMANCE     !!!
20210318 094347.629 INFO             PET1 !!! FOR PRODUCTION RUNS, USE:                      !!!
20210318 094347.629 INFO             PET1 !!!                   ESMF_LOGKIND_Multi_On_Error  !!!
20210318 094347.629 INFO             PET1 !!!!!!!!!!!!!!!!!!!!!!!!!!!!!!!!!!!!!!!!!!!!!!!!!!!!!!
20210318 094347.629 INFO             PET1 Running with ESMF Version   : ESMF_8_1_0_beta_snapshot_47-46-g9f6043b
20210318 094347.629 INFO             PET1 ESMF library build date/time: "Mar 18 2021" "07:38:57"
20210318 094347.629 INFO             PET1 ESMF library build location : /p/work1/mpotts/intel_2019.4_mpt_g
20210318 094347.629 INFO             PET1 ESMF_COMM                   : mpt
20210318 094347.630 INFO             PET1 ESMF_MOAB                   : enabled
20210318 094347.630 INFO             PET1 ESMF_LAPACK                 : enabled
20210318 094347.630 INFO             PET1 ESMF_NETCDF                 : enabled
20210318 094347.630 INFO             PET1 ESMF_PNETCDF                : disabled
20210318 094347.630 INFO             PET1 ESMF_PIO                    : enabled
20210318 094347.630 INFO             PET1 ESMF_YAMLCPP                : enabled
20210318 094347.669 INFO             PET1  NUMBER_OF_PROCESSORS           4
20210318 094347.669 INFO             PET1  PASS  Example ESMF_VMUserMpiCommMultiEx, ESMF_VMUserMpiCommMultiEx.F90, line 126
20210318 094347.669 INFO             PET1 Finalizing ESMF
20210318 094347.644 INFO             PET1 !!!!!!!!!!!!!!!!!!!!!!!!!!!!!!!!!!!!!!!!!!!!!!!!!!!!!!
20210318 094347.644 INFO             PET1 !!! THE ESMF_LOG IS SET TO OUTPUT ALL LOG MESSAGES !!!
20210318 094347.644 INFO             PET1 !!!     THIS MAY CAUSE SLOWDOWN IN PERFORMANCE     !!!
20210318 094347.644 INFO             PET1 !!! FOR PRODUCTION RUNS, USE:                      !!!
20210318 094347.644 INFO             PET1 !!!                   ESMF_LOGKIND_Multi_On_Error  !!!
20210318 094347.644 INFO             PET1 !!!!!!!!!!!!!!!!!!!!!!!!!!!!!!!!!!!!!!!!!!!!!!!!!!!!!!
20210318 094347.644 INFO             PET1 Running with ESMF Version   : ESMF_8_1_0_beta_snapshot_47-46-g9f6043b
20210318 094347.644 INFO             PET1 ESMF library build date/time: "Mar 18 2021" "07:38:57"
20210318 094347.644 INFO             PET1 ESMF library build location : /p/work1/mpotts/intel_2019.4_mpt_g
20210318 094347.644 INFO             PET1 ESMF_COMM                   : mpt
20210318 094347.657 INFO             PET1 ESMF_MOAB                   : enabled
20210318 094347.657 INFO             PET1 ESMF_LAPACK                 : enabled
20210318 094347.657 INFO             PET1 ESMF_NETCDF                 : enabled
20210318 094347.657 INFO             PET1 ESMF_PNETCDF                : disabled
20210318 094347.657 INFO             PET1 ESMF_PIO                    : enabled
20210318 094347.657 INFO             PET1 ESMF_YAMLCPP                : enabled
20210318 094347.657 INFO             PET1  NUMBER_OF_PROCESSORS           4
20210318 094347.657 INFO             PET1  PASS  Example ESMF_VMUserMpiCommMultiEx, ESMF_VMUserMpiCommMultiEx.F90, line 154
20210318 094347.657 INFO             PET1 Finalizing ESMF
