20210323 050748.041 INFO             PET0 !!!!!!!!!!!!!!!!!!!!!!!!!!!!!!!!!!!!!!!!!!!!!!!!!!!!!!
20210323 050748.042 INFO             PET0 !!! THE ESMF_LOG IS SET TO OUTPUT ALL LOG MESSAGES !!!
20210323 050748.042 INFO             PET0 !!!     THIS MAY CAUSE SLOWDOWN IN PERFORMANCE     !!!
20210323 050748.042 INFO             PET0 !!! FOR PRODUCTION RUNS, USE:                      !!!
20210323 050748.043 INFO             PET0 !!!                   ESMF_LOGKIND_Multi_On_Error  !!!
20210323 050748.043 INFO             PET0 !!!!!!!!!!!!!!!!!!!!!!!!!!!!!!!!!!!!!!!!!!!!!!!!!!!!!!
20210323 050748.043 INFO             PET0 Running with ESMF Version   : 8.1.0
20210323 050748.043 INFO             PET0 ESMF library build date/time: "Mar 23 2021" "04:34:19"
20210323 050748.044 INFO             PET0 ESMF library build location : /lustre/f2/dev/ncep/Mark.Potts/intel_2019.5_mpi_g
20210323 050748.044 INFO             PET0 ESMF_COMM                   : mpi
20210323 050748.046 INFO             PET0 ESMF_MOAB                   : enabled
20210323 050748.046 INFO             PET0 ESMF_LAPACK                 : enabled
20210323 050748.046 INFO             PET0 ESMF_NETCDF                 : enabled
20210323 050748.046 INFO             PET0 ESMF_PNETCDF                : disabled
20210323 050748.046 INFO             PET0 ESMF_PIO                    : enabled
20210323 050748.046 INFO             PET0 ESMF_YAMLCPP                : enabled
20210323 050748.055 INFO             PET0  NUMBER_OF_PROCESSORS           2
20210323 050748.056 INFO             PET0  PASS  Example ESMF_VMUserMpiCommEx, ESMF_VMUserMpiCommEx.F90, line 113
20210323 050748.056 INFO             PET0 Finalizing ESMF
20210323 050748.041 INFO             PET1 !!!!!!!!!!!!!!!!!!!!!!!!!!!!!!!!!!!!!!!!!!!!!!!!!!!!!!
20210323 050748.042 INFO             PET1 !!! THE ESMF_LOG IS SET TO OUTPUT ALL LOG MESSAGES !!!
20210323 050748.042 INFO             PET1 !!!     THIS MAY CAUSE SLOWDOWN IN PERFORMANCE     !!!
20210323 050748.042 INFO             PET1 !!! FOR PRODUCTION RUNS, USE:                      !!!
20210323 050748.043 INFO             PET1 !!!                   ESMF_LOGKIND_Multi_On_Error  !!!
20210323 050748.043 INFO             PET1 !!!!!!!!!!!!!!!!!!!!!!!!!!!!!!!!!!!!!!!!!!!!!!!!!!!!!!
20210323 050748.043 INFO             PET1 Running with ESMF Version   : 8.1.0
20210323 050748.043 INFO             PET1 ESMF library build date/time: "Mar 23 2021" "04:34:19"
20210323 050748.044 INFO             PET1 ESMF library build location : /lustre/f2/dev/ncep/Mark.Potts/intel_2019.5_mpi_g
20210323 050748.044 INFO             PET1 ESMF_COMM                   : mpi
20210323 050748.054 INFO             PET1 ESMF_MOAB                   : enabled
20210323 050748.054 INFO             PET1 ESMF_LAPACK                 : enabled
20210323 050748.054 INFO             PET1 ESMF_NETCDF                 : enabled
20210323 050748.054 INFO             PET1 ESMF_PNETCDF                : disabled
20210323 050748.054 INFO             PET1 ESMF_PIO                    : enabled
20210323 050748.054 INFO             PET1 ESMF_YAMLCPP                : enabled
20210323 050748.055 INFO             PET1  NUMBER_OF_PROCESSORS           2
20210323 050748.056 INFO             PET1  PASS  Example ESMF_VMUserMpiCommEx, ESMF_VMUserMpiCommEx.F90, line 113
20210323 050748.056 INFO             PET1 Finalizing ESMF
