20210414 074941.111 INFO             PET0 !!!!!!!!!!!!!!!!!!!!!!!!!!!!!!!!!!!!!!!!!!!!!!!!!!!!!!
20210414 074941.111 INFO             PET0 !!! THE ESMF_LOG IS SET TO OUTPUT ALL LOG MESSAGES !!!
20210414 074941.111 INFO             PET0 !!!     THIS MAY CAUSE SLOWDOWN IN PERFORMANCE     !!!
20210414 074941.111 INFO             PET0 !!! FOR PRODUCTION RUNS, USE:                      !!!
20210414 074941.111 INFO             PET0 !!!                   ESMF_LOGKIND_Multi_On_Error  !!!
20210414 074941.111 INFO             PET0 !!!!!!!!!!!!!!!!!!!!!!!!!!!!!!!!!!!!!!!!!!!!!!!!!!!!!!
20210414 074941.112 INFO             PET0 Running with ESMF Version   : ESMF_8_2_0_beta_snapshot_04-7-g3098c96bb1
20210414 074941.112 INFO             PET0 ESMF library build date/time: "Apr 14 2021" "06:54:49"
20210414 074941.112 INFO             PET0 ESMF library build location : /scratch1/NCEPDEV/da/Mark.Potts/sandbox/gfortran_9.2.0_mpiuni_g
20210414 074941.112 INFO             PET0 ESMF_COMM                   : mpiuni
20210414 074941.112 INFO             PET0 ESMF_MOAB                   : enabled
20210414 074941.112 INFO             PET0 ESMF_LAPACK                 : enabled
20210414 074941.112 INFO             PET0 ESMF_NETCDF                 : enabled
20210414 074941.112 INFO             PET0 ESMF_PNETCDF                : disabled
20210414 074941.112 INFO             PET0 ESMF_PIO                    : disabled
20210414 074941.112 INFO             PET0 ESMF_YAMLCPP                : enabled
20210414 074941.113 DEBUG            PET0 service: 0  PTHREAD_STACK_MIN: 16384 bytes  stack_size: 20971520 bytes
20210414 074941.114 INFO             PET0  NUMBER_OF_PROCESSORS           1
20210414 074941.114 INFO             PET0  PASS  Example ESMF_GCompEx, ESMF_GCompEx.F90, line 465
20210414 074941.114 INFO             PET0 Finalizing ESMF
