icpc: warning #10315: specifying -lm before files may supersede the Intel(R) math library and affect performance
ifort: command line warning #10006: ignoring unknown option '-fallow-argument-mismatch'
ifort: command line warning #10006: ignoring unknown option '-fallow-invalid-boz'
ifort: command line warning #10157: ignoring option '-W'; argument is of wrong type
ifort: command line warning #10157: ignoring option '-W'; argument is of wrong type
ifort: command line warning #10157: ignoring option '-W'; argument is of wrong type
ifort: command line warning #10157: ignoring option '-W'; argument is of wrong type
ifort: command line warning #10157: ignoring option '-W'; argument is of wrong type
ifort: command line warning #10006: ignoring unknown option '-fbacktrace'
ifort: command line warning #10006: ignoring unknown option '-fimplicit-none'
ifort: command line warning #10006: ignoring unknown option '-fcheck=all,no-pointer'
ifort: command line warning #10006: ignoring unknown option '-ffree-line-length-none'
ifort: command line warning #10006: ignoring unknown option '-print-file-name=libgfortran.so'
ifort: warning #10315: specifying -lm before files may supersede the Intel(R) math library and affect performance
/usr/lib64/gcc/x86_64-suse-linux/4.8/../../../../x86_64-suse-linux/bin/ld: /glade/u/apps/opt/intel/2019u5/compilers_and_libraries_2019.5.281/linux/compiler/lib/intel64_lin/for_main.o: in function `main':
for_main.c:(.text+0x2e): undefined reference to `MAIN__'
 
--------------------------------------------------------------
ESMF_VERSION_STRING:    8.1.0 beta snapshot
ESMF_8_1_0_beta_snapshot_47-21-gd58a3bea22
--------------------------------------------------------------
On branch release/8.1.0
Your branch is up-to-date with 'origin/release/8.1.0'.
Untracked files:
  (use "git add <file>..." to include in what will be committed)

	build-gfortran_10.1.0_mpt_g.bat
	build-gfortran_10.1.0_mpt_g.bat.o6859804
	src/Superstructure/AttachMethods/src/available.tmp
	src/include
	test-gfortran_10.1.0_mpt_g.bat

nothing added to commit but untracked files present (use "git add" to track)
--------------------------------------------------------------
 
--------------------------------------------------------------
Make version:
GNU Make 4.0
Built for x86_64-unknown-linux-gnu
Copyright (C) 1988-2013 Free Software Foundation, Inc.
License GPLv3+: GNU GPL version 3 or later <http://gnu.org/licenses/gpl.html>
This is free software: you are free to change and redistribute it.
There is NO WARRANTY, to the extent permitted by law.

--------------------------------------------------------------
Fortran Compiler version:
ifort: warning #10315: specifying -lm before files may supersede the Intel(R) math library and affect performance
ifort (IFORT) 19.0.5.281 20190815
Copyright (C) 1985-2019 Intel Corporation.  All rights reserved.


--------------------------------------------------------------
C++ Compiler version:
icpc: warning #10315: specifying -lm before files may supersede the Intel(R) math library and affect performance
icpc (ICC) 19.0.5.281 20190815
Copyright (C) 1985-2019 Intel Corporation.  All rights reserved.


--------------------------------------------------------------
Preprocessor version:
gcc (SUSE Linux) 4.8.5
Copyright (C) 2015 Free Software Foundation, Inc.
This is free software; see the source for copying conditions.  There is NO
warranty; not even for MERCHANTABILITY or FITNESS FOR A PARTICULAR PURPOSE.

--------------------------------------------------------------
NetCDF library version: netCDF 4.7.4
NetCDF Fortran version: netCDF-Fortran 4.5.3
 
--------------------------------------------------------------
 * User set ESMF environment variables *
ESMF_BOPT=g
ESMF_COMM=mpt
ESMF_COMPILER=gfortran
ESMF_DIR=/glade/scratch/mpotts/gfortran_10.1.0_mpt_g
ESMF_F90COMPILEOPTS=-fallow-argument-mismatch -fallow-invalid-boz
ESMF_NETCDF=nc-config
ESMF_TESTEXHAUSTIVE=ON
ESMF_TESTWITHTHREADS=ON
 
--------------------------------------------------------------
 * ESMF environment variables *
ESMF_DIR: /glade/scratch/mpotts/gfortran_10.1.0_mpt_g
ESMF_OS:                Linux
ESMF_MACHINE:           x86_64
ESMF_ABI:               64
ESMF_COMPILER:          gfortran
ESMF_BOPT:              g
ESMF_COMM:              mpt
ESMF_SITE:              default
ESMF_PTHREADS:          ON
ESMF_OPENMP:            ON
ESMF_OPENACC:           OFF
ESMF_CXXSTD:            11
ESMF_ARRAY_LITE:        FALSE
ESMF_NO_INTEGER_1_BYTE: TRUE
ESMF_NO_INTEGER_2_BYTE: TRUE
ESMF_FORTRANSYMBOLS:    default
ESMF_MAPPER_BUILD:      OFF
ESMF_AUTO_LIB_BUILD:    ON
ESMF_DEFER_LIB_BUILD:   ON
ESMF_SHARED_LIB_BUILD:  ON
ESMF_TRACE_LIB_BUILD:   ON
ESMF_TESTEXHAUSTIVE:    ON
ESMF_TESTCOMPTUNNEL:    ON
ESMF_TESTWITHTHREADS:   ON
ESMF_TESTMPMD:          OFF
ESMF_TESTSHAREDOBJ:     OFF
ESMF_TESTFORCEOPENMP:   OFF
ESMF_TESTFORCEOPENACC:  OFF
ESMF_TESTHARNESS_ARRAY: default
ESMF_TESTHARNESS_FIELD: default
ESMF_MPIRUN:            mpirun 
 
--------------------------------------------------------------
 * ESMF environment variables pointing to 3rd party software *
ESMF_MOAB:               internal
ESMF_LAPACK:             internal
ESMF_ACC_SOFTWARE_STACK: none
ESMF_NETCDF:             nc-config
ESMF_NETCDF_INCLUDE:     /glade/u/apps/ch/opt/netcdf/4.7.4/intel/19.0.5/include
ESMF_NETCDF_LIBS:        -lnetcdf
ESMF_NETCDF_LIBPATH:     /glade/u/apps/ch/opt/netcdf/4.7.4/intel/19.0.5/lib
ESMF_NFCONFIG:           nf-config
ESMF_NETCDFF_INCLUDE:    /glade/u/apps/ch/opt/netcdf/4.7.4/intel/19.0.5/include
ESMF_NETCDFF_LIBS:       -lnetcdff
ESMF_NETCDFF_LIBPATH:    /glade/u/apps/ch/opt/netcdf/4.7.4/intel/19.0.5/lib
ESMF_PIO:                internal
ESMF_YAMLCPP:            internal
 
--------------------------------------------------------------
 * ESMF environment variables for final installation *
ESMF_INSTALL_PREFIX:    ./DEFAULTINSTALLDIR
ESMF_INSTALL_HEADERDIR: include
ESMF_INSTALL_MODDIR:    mod/modg/Linux.gfortran.64.mpt.default
ESMF_INSTALL_LIBDIR:    lib/libg/Linux.gfortran.64.mpt.default
ESMF_INSTALL_BINDIR:    bin/bing/Linux.gfortran.64.mpt.default
ESMF_INSTALL_DOCDIR:    doc
 
--------------------------------------------------------------
 * ESMF Benchmark directory and parameters *
ESMF_BENCHMARK_PREFIX:         ./DEFAULTBENCHMARKDIR
ESMF_BENCHMARK_TOLERANCE:      20%
ESMF_BENCHMARK_THRESHOLD_MSEC: 500
 
--------------------------------------------------------------
 * Other relevant environment variables *
PATH:    /glade/u/apps/ch/opt/python/3.6.8/gnu/8.3.0/bin:/ncar/opt/slurm/latest/bin:/glade/u/apps/ch/opt/netcdf/4.7.4/intel/19.0.5/bin:/glade/u/apps/ch/opt/ncarcompilers/0.5.0/intel/19.0.5/mpi:/glade/u/apps/ch/opt/mpt/2.22/bin:/glade/u/apps/ch/opt/ncarcompilers/0.5.0/intel/19.0.5:/glade/u/apps/opt/intel/2019u5/vtune_amplifier/bin64:/glade/u/apps/opt/intel/2019u5/inspector/bin64:/glade/u/apps/opt/intel/2019u5/advisor/bin64:/glade/u/apps/opt/intel/2019u5/compilers_and_libraries/linux/bin/intel64:/glade/u/apps/opt/vncmgr:/glade/u/apps/opt/globus-utils:/glade/u/apps/ch/opt/usr/bin:/glade/u/apps/ch/opt/lmod/8.1.7/bin:/glade/u/home/mpotts/bin:/usr/local/bin:/usr/bin:/bin:/usr/bin/X11:/usr/games:/opt/ibutils/bin:/usr/lib/mit/bin:/glade/u/apps/opt/hpss/hpss-client.5.0.2.p5/bin:/glade/u/apps/ch/os/usr/bin:/opt/pbs/bin:/sbin:/glade/u/home/mpotts/spack/bin
LD_LIBRARY_PATH: /ncar/opt/slurm/latest//lib:/glade/u/apps/ch/opt/mpt_fmods/2.22/intel/19.0.5:/glade/u/apps/ch/opt/mpt/2.22/lib:/glade/u/apps/opt/intel/2019u5/compilers_and_libraries/linux/lib/intel64:/glade/u/apps/ch/os/usr/lib64:/glade/u/apps/ch/os/usr/lib:/glade/u/apps/ch/os/lib64:/glade/u/apps/ch/os/lib
 
--------------------------------------------------------------
 * Compilers, Linkers, Flags, and Libraries *
Location of the preprocessor:      /glade/u/apps/ch/opt/ncarcompilers/0.5.0/intel/19.0.5/gcc
Location of the Fortran compiler:  /glade/u/apps/ch/opt/ncarcompilers/0.5.0/intel/19.0.5/mpi/mpif90
Location of the Fortran linker:    /glade/u/apps/ch/opt/ncarcompilers/0.5.0/intel/19.0.5/mpi/mpif90
Location of the C++ compiler:      /glade/u/apps/ch/opt/ncarcompilers/0.5.0/intel/19.0.5/mpi/mpicxx
Location of the C++ linker:        /glade/u/apps/ch/opt/ncarcompilers/0.5.0/intel/19.0.5/mpi/mpicxx

Fortran compiler flags:
ESMF_F90COMPILER: mpif90
ESMF_F90COMPILEOPTS: -fallow-argument-mismatch -fallow-invalid-boz -g -Wall -Wextra -Wconversion -Wno-unused -Wno-unused-dummy-argument -fbacktrace -fimplicit-none -fcheck=all,no-pointer -fPIC  -m64 -mcmodel=small -pthread -ffree-line-length-none  -fopenmp
ESMF_F90COMPILEPATHS: -I/glade/scratch/mpotts/gfortran_10.1.0_mpt_g/mod/modg/Linux.gfortran.64.mpt.default -I/glade/scratch/mpotts/gfortran_10.1.0_mpt_g/src/include -I/glade/u/apps/ch/opt/netcdf/4.7.4/intel/19.0.5/include -I/glade/u/apps/ch/opt/netcdf/4.7.4/intel/19.0.5/include
ESMF_F90COMPILECPPFLAGS: -DESMF_NO_INTEGER_1_BYTE -DESMF_NO_INTEGER_2_BYTE -DESMFVERSIONGIT='ESMF_8_1_0_beta_snapshot_47-21-gd58a3bea22' -DESMF_MOAB=1 -DESMF_LAPACK=1 -DESMF_LAPACK_INTERNAL=1 -DESMF_NO_ACC_SOFTWARE_STACK=1 -DESMF_NETCDF=1 -DESMF_YAMLCPP=1 -DESMF_YAML=1 -DESMF_PIO=1 -DESMF_MPIIO -DESMF_NO_OPENACC -DESMF_TESTEXHAUSTIVE -DESMF_BOPT_g -DESMF_TESTCOMPTUNNEL -DESMF_TESTWITHTHREADS -DSx86_64_small=1 -DESMF_OS_Linux=1 -DESMF_COMM=mpt -DESMF_DIR=/glade/scratch/mpotts/gfortran_10.1.0_mpt_g
ESMF_F90COMPILEFREECPP: 
ESMF_F90COMPILEFREENOCPP: -ffree-form
ESMF_F90COMPILEFIXCPP: -cpp -ffixed-form
ESMF_F90COMPILEFIXNOCPP: 

Fortran linker flags:
ESMF_F90LINKOPTS:    -m64 -mcmodel=small -pthread -Wl,--no-as-needed  -fopenmp
ESMF_F90LINKPATHS: -L/glade/scratch/mpotts/gfortran_10.1.0_mpt_g/lib/libg/Linux.gfortran.64.mpt.default -L/glade/u/apps/ch/opt/netcdf/4.7.4/intel/19.0.5/lib -L/glade/u/apps/ch/opt/netcdf/4.7.4/intel/19.0.5/lib -L/usr/lib64/gcc/x86_64-suse-linux/4.8/
ESMF_F90LINKRPATHS: -Wl,-rpath,/glade/scratch/mpotts/gfortran_10.1.0_mpt_g/lib/libg/Linux.gfortran.64.mpt.default -Wl,-rpath,/glade/u/apps/ch/opt/netcdf/4.7.4/intel/19.0.5/lib -Wl,-rpath,/glade/u/apps/ch/opt/netcdf/4.7.4/intel/19.0.5/lib -Wl,-rpath,/usr/lib64/gcc/x86_64-suse-linux/4.8/
ESMF_F90LINKLIBS:  -lmpi++ -lrt -lstdc++ -ldl -lnetcdf -lnetcdff
ESMF_F90ESMFLINKLIBS: -lesmf  -lmpi++ -lrt -lstdc++ -ldl -lnetcdf -lnetcdff

C++ compiler flags:
ESMF_CXXCOMPILER: mpicxx
ESMF_CXXCOMPILEOPTS: -std=c++11 -g -Wall -Wextra -Wno-unused  -fPIC -DMUST_NOTUSE_MALLOC_TRIM -DESMF_LOWERCASE_SINGLEUNDERSCORE -m64 -mcmodel=small -pthread  -fopenmp
ESMF_CXXCOMPILEPATHS:  -I/glade/scratch/mpotts/gfortran_10.1.0_mpt_g/src/include  -I/glade/u/apps/ch/opt/netcdf/4.7.4/intel/19.0.5/include -I/glade/scratch/mpotts/gfortran_10.1.0_mpt_g/src/prologue/yaml-cpp/include
ESMF_CXXCOMPILECPPFLAGS: -DESMF_NO_INTEGER_1_BYTE -DESMF_NO_INTEGER_2_BYTE -DESMFVERSIONGIT='ESMF_8_1_0_beta_snapshot_47-21-gd58a3bea22' -DESMF_MOAB=1 -DESMF_LAPACK=1 -DESMF_LAPACK_INTERNAL=1 -DESMF_NO_ACC_SOFTWARE_STACK=1 -DESMF_NETCDF=1 -DESMF_YAMLCPP=1 -DESMF_YAML=1 -DESMF_PIO=1 -DESMF_MPIIO -DESMF_NO_OPENACC -DESMF_TESTEXHAUSTIVE -DESMF_BOPT_g -DESMF_TESTCOMPTUNNEL -DESMF_TESTWITHTHREADS -DSx86_64_small=1 -DESMF_OS_Linux=1 -DESMF_COMM=mpt -DESMF_DIR=/glade/scratch/mpotts/gfortran_10.1.0_mpt_g -D__SDIR__='' -DESMF_CXXSTD=11

C++ linker flags:
ESMF_CXXLINKOPTS:   -m64 -mcmodel=small -pthread -Wl,--no-as-needed  -fopenmp
ESMF_CXXLINKPATHS: -L/glade/scratch/mpotts/gfortran_10.1.0_mpt_g/lib/libg/Linux.gfortran.64.mpt.default -L/glade/u/apps/ch/opt/netcdf/4.7.4/intel/19.0.5/lib -L/glade/u/apps/ch/opt/netcdf/4.7.4/intel/19.0.5/lib -L
ESMF_CXXLINKRPATHS: -Wl,-rpath,/glade/scratch/mpotts/gfortran_10.1.0_mpt_g/lib/libg/Linux.gfortran.64.mpt.default -Wl,-rpath,/glade/u/apps/ch/opt/netcdf/4.7.4/intel/19.0.5/lib -Wl,-rpath,/glade/u/apps/ch/opt/netcdf/4.7.4/intel/19.0.5/lib -Wl,-rpath,
ESMF_CXXLINKLIBS:  -lrt -lgfortran -ldl -lnetcdf -lnetcdff
ESMF_CXXESMFLINKLIBS: -lesmf  -lrt -lgfortran -ldl -lnetcdf -lnetcdff

Shared library build:
ESMF_SL_LIBS_TO_MAKE: libesmf
ESMF_SL_SUFFIX:       so
ESMF_SL_LIBLINKER:    mpicxx
ESMF_SL_LIBOPTS:       -shared  -fopenmp
ESMF_SL_LIBLIBS:      

ESMF Tracing linker options:
ESMF_TRACE_LDPRELOAD=/glade/scratch/mpotts/gfortran_10.1.0_mpt_g/lib/libg/Linux.gfortran.64.mpt.default/libesmftrace_preload.so
ESMF_TRACE_STATICLINKOPTS=-static -Wl,--wrap=c_esmftrace_notify_wrappers -Wl,--wrap=c_esmftrace_isinitialized -Wl,--wrap=write -Wl,--wrap=writev -Wl,--wrap=pwrite -Wl,--wrap=read -Wl,--wrap=open -Wl,--wrap=MPI_Allgather -Wl,--wrap=MPI_Allgatherv -Wl,--wrap=MPI_Allreduce -Wl,--wrap=MPI_Alltoall -Wl,--wrap=MPI_Alltoallv -Wl,--wrap=MPI_Alltoallw -Wl,--wrap=MPI_Barrier -Wl,--wrap=MPI_Bcast -Wl,--wrap=MPI_Bsend -Wl,--wrap=MPI_Gather -Wl,--wrap=MPI_Gatherv -Wl,--wrap=MPI_Iprobe -Wl,--wrap=MPI_Irecv -Wl,--wrap=MPI_Irsend -Wl,--wrap=MPI_Isend -Wl,--wrap=MPI_Issend -Wl,--wrap=MPI_Probe -Wl,--wrap=MPI_Recv -Wl,--wrap=MPI_Reduce -Wl,--wrap=MPI_Rsend -Wl,--wrap=MPI_Scan -Wl,--wrap=MPI_Scatter -Wl,--wrap=MPI_Scatterv -Wl,--wrap=MPI_Send -Wl,--wrap=MPI_Sendrecv -Wl,--wrap=MPI_Test -Wl,--wrap=MPI_Testall -Wl,--wrap=MPI_Testany -Wl,--wrap=MPI_Testsome -Wl,--wrap=MPI_Wait -Wl,--wrap=MPI_Waitall -Wl,--wrap=MPI_Waitany -Wl,--wrap=MPI_Waitsome -Wl,--wrap=mpi_allgather_ -Wl,--wrap=mpi_allgather__ -Wl,--wrap=mpi_allgatherv_ -Wl,--wrap=mpi_allgatherv__ -Wl,--wrap=mpi_allreduce_ -Wl,--wrap=mpi_allreduce__ -Wl,--wrap=mpi_alltoall_ -Wl,--wrap=mpi_alltoall__ -Wl,--wrap=mpi_alltoallv_ -Wl,--wrap=mpi_alltoallv__ -Wl,--wrap=mpi_alltoallw_ -Wl,--wrap=mpi_alltoallw__ -Wl,--wrap=mpi_barrier_ -Wl,--wrap=mpi_barrier__ -Wl,--wrap=mpi_bcast_ -Wl,--wrap=mpi_bcast__ -Wl,--wrap=mpi_bsend_ -Wl,--wrap=mpi_bsend__ -Wl,--wrap=mpi_exscan_ -Wl,--wrap=mpi_exscan__ -Wl,--wrap=mpi_gather_ -Wl,--wrap=mpi_gather__ -Wl,--wrap=mpi_gatherv_ -Wl,--wrap=mpi_gatherv__ -Wl,--wrap=mpi_iprobe_ -Wl,--wrap=mpi_iprobe__ -Wl,--wrap=mpi_irecv_ -Wl,--wrap=mpi_irecv__ -Wl,--wrap=mpi_irsend_ -Wl,--wrap=mpi_irsend__ -Wl,--wrap=mpi_isend_ -Wl,--wrap=mpi_isend__ -Wl,--wrap=mpi_issend_ -Wl,--wrap=mpi_issend__ -Wl,--wrap=mpi_probe_ -Wl,--wrap=mpi_probe__ -Wl,--wrap=mpi_recv_ -Wl,--wrap=mpi_recv__ -Wl,--wrap=mpi_reduce_ -Wl,--wrap=mpi_reduce__ -Wl,--wrap=mpi_reduce_scatter_ -Wl,--wrap=mpi_reduce_scatter__ -Wl,--wrap=mpi_rsend_ -Wl,--wrap=mpi_rsend__ -Wl,--wrap=mpi_scatter_ -Wl,--wrap=mpi_scatter__ -Wl,--wrap=mpi_scatterv_ -Wl,--wrap=mpi_scatterv__ -Wl,--wrap=mpi_scan_ -Wl,--wrap=mpi_scan__ -Wl,--wrap=mpi_send_ -Wl,--wrap=mpi_send__ -Wl,--wrap=mpi_sendrecv_ -Wl,--wrap=mpi_sendrecv__ -Wl,--wrap=mpi_test_ -Wl,--wrap=mpi_test__ -Wl,--wrap=mpi_testall_ -Wl,--wrap=mpi_testall__ -Wl,--wrap=mpi_testany_ -Wl,--wrap=mpi_testany__ -Wl,--wrap=mpi_testsome_ -Wl,--wrap=mpi_testsome__ -Wl,--wrap=mpi_wait_ -Wl,--wrap=mpi_wait__ -Wl,--wrap=mpi_waitall_ -Wl,--wrap=mpi_waitall__ -Wl,--wrap=mpi_waitany_ -Wl,--wrap=mpi_waitany__
ESMF_TRACE_STATICLINKLIBS=-lesmftrace_static


--------------------------------------------------------------
Compiling on Thu Mar 4 11:59:58 MST 2021 on r8i5n31
Machine characteristics: Linux r8i5n31 4.12.14-95.51-default #1 SMP Fri Apr 17 08:14:12 UTC 2020 (c6bab98) x86_64 x86_64 x86_64 GNU/Linux
==============================================================
 
make[1]: Entering directory '/glade/scratch/mpotts/gfortran_10.1.0_mpt_g'
icpc: warning #10315: specifying -lm before files may supersede the Intel(R) math library and affect performance
ifort: command line warning #10006: ignoring unknown option '-fallow-argument-mismatch'
ifort: command line warning #10006: ignoring unknown option '-fallow-invalid-boz'
ifort: command line warning #10157: ignoring option '-W'; argument is of wrong type
ifort: command line warning #10157: ignoring option '-W'; argument is of wrong type
ifort: command line warning #10157: ignoring option '-W'; argument is of wrong type
ifort: command line warning #10157: ignoring option '-W'; argument is of wrong type
ifort: command line warning #10157: ignoring option '-W'; argument is of wrong type
ifort: command line warning #10006: ignoring unknown option '-fbacktrace'
ifort: command line warning #10006: ignoring unknown option '-fimplicit-none'
ifort: command line warning #10006: ignoring unknown option '-fcheck=all,no-pointer'
ifort: command line warning #10006: ignoring unknown option '-ffree-line-length-none'
ifort: command line warning #10006: ignoring unknown option '-print-file-name=libgfortran.so'
ifort: warning #10315: specifying -lm before files may supersede the Intel(R) math library and affect performance
/usr/lib64/gcc/x86_64-suse-linux/4.8/../../../../x86_64-suse-linux/bin/ld: /glade/u/apps/opt/intel/2019u5/compilers_and_libraries_2019.5.281/linux/compiler/lib/intel64_lin/for_main.o: in function `main':
for_main.c:(.text+0x2e): undefined reference to `MAIN__'
Making directory /glade/scratch/mpotts/gfortran_10.1.0_mpt_g/lib/libg/Linux.gfortran.64.mpt.default for library
Making directory /glade/scratch/mpotts/gfortran_10.1.0_mpt_g/src/include for include files
Making directory /glade/scratch/mpotts/gfortran_10.1.0_mpt_g/mod/modg/Linux.gfortran.64.mpt.default for *.mod files
mkdir: cannot create directory ‘/glade/scratch/mpotts/gfortran_10.1.0_mpt_g/src/include’: File exists
/glade/scratch/mpotts/gfortran_10.1.0_mpt_g/build/common.mk:2011: recipe for target 'chkdir_include' failed
make[1]: *** [chkdir_include] Error 1
make[1]: *** Waiting for unfinished jobs....
Making directory /glade/scratch/mpotts/gfortran_10.1.0_mpt_g/obj/objg/Linux.gfortran.64.mpt.default for *.o files
make[1]: Leaving directory '/glade/scratch/mpotts/gfortran_10.1.0_mpt_g'
/glade/scratch/mpotts/gfortran_10.1.0_mpt_g/build/common.mk:2124: recipe for target 'lib' failed
make: *** [lib] Error 2
