icpc: warning #10315: specifying -lm before files may supersede the Intel(R) math library and affect performance
ifort: command line warning #10006: ignoring unknown option '-fallow-argument-mismatch'
ifort: command line warning #10006: ignoring unknown option '-fallow-invalid-boz'
ifort: command line warning #10157: ignoring option '-W'; argument is of wrong type
ifort: command line warning #10157: ignoring option '-W'; argument is of wrong type
ifort: command line warning #10157: ignoring option '-W'; argument is of wrong type
ifort: command line warning #10157: ignoring option '-W'; argument is of wrong type
ifort: command line warning #10157: ignoring option '-W'; argument is of wrong type
ifort: command line warning #10006: ignoring unknown option '-fbacktrace'
ifort: command line warning #10006: ignoring unknown option '-fimplicit-none'
ifort: command line warning #10006: ignoring unknown option '-fcheck=all,no-pointer'
ifort: command line warning #10006: ignoring unknown option '-ffree-line-length-none'
ifort: command line warning #10006: ignoring unknown option '-print-file-name=libgfortran.so'
ifort: warning #10315: specifying -lm before files may supersede the Intel(R) math library and affect performance
/usr/lib64/gcc/x86_64-suse-linux/4.8/../../../../x86_64-suse-linux/bin/ld: /glade/u/apps/opt/intel/2019u5/compilers_and_libraries_2019.5.281/linux/compiler/lib/intel64_lin/for_main.o: in function `main':
for_main.c:(.text+0x2e): undefined reference to `MAIN__'
 
Installing ESMF:
 
mkdir -p /glade/scratch/mpotts/gfortran_10.1.0_mpt_g/DEFAULTINSTALLDIR/include
cp -f /glade/scratch/mpotts/gfortran_10.1.0_mpt_g/src/include/ESMC.h /glade/scratch/mpotts/gfortran_10.1.0_mpt_g/DEFAULTINSTALLDIR/include
cp: cannot stat '/glade/scratch/mpotts/gfortran_10.1.0_mpt_g/src/include/ESMC.h': Not a directory
makefile:668: recipe for target 'install' failed
make: *** [install] Error 1
