build time -- 2021-04-21 13:20:20
20210421 140439.136 INFO             PET0 !!!!!!!!!!!!!!!!!!!!!!!!!!!!!!!!!!!!!!!!!!!!!!!!!!!!!!
20210421 140439.136 INFO             PET0 !!! THE ESMF_LOG IS SET TO OUTPUT ALL LOG MESSAGES !!!
20210421 140439.136 INFO             PET0 !!!     THIS MAY CAUSE SLOWDOWN IN PERFORMANCE     !!!
20210421 140439.136 INFO             PET0 !!! FOR PRODUCTION RUNS, USE:                      !!!
20210421 140439.136 INFO             PET0 !!!                   ESMF_LOGKIND_Multi_On_Error  !!!
20210421 140439.136 INFO             PET0 !!!!!!!!!!!!!!!!!!!!!!!!!!!!!!!!!!!!!!!!!!!!!!!!!!!!!!
20210421 140439.136 INFO             PET0 Running with ESMF Version   : ESMF_8_2_0_beta_snapshot_04-7-g3098c96bb1
20210421 140439.136 INFO             PET0 ESMF library build date/time: "Apr 21 2021" "13:18:32"
20210421 140439.136 INFO             PET0 ESMF library build location : /scratch1/NCEPDEV/da/Mark.Potts/sandbox/intel_18.0.4_intelmpi_g_develop
20210421 140439.136 INFO             PET0 ESMF_COMM                   : intelmpi
20210421 140439.137 INFO             PET0 ESMF_MOAB                   : enabled
20210421 140439.137 INFO             PET0 ESMF_LAPACK                 : enabled
20210421 140439.137 INFO             PET0 ESMF_NETCDF                 : enabled
20210421 140439.137 INFO             PET0 ESMF_PNETCDF                : disabled
20210421 140439.137 INFO             PET0 ESMF_PIO                    : enabled
20210421 140439.137 INFO             PET0 ESMF_YAMLCPP                : enabled
20210421 140439.152 INFO             PET0  NUMBER_OF_PROCESSORS           4
20210421 140439.153 INFO             PET0  PASS  Example ESMF_FieldMeshRegridEx, ESMF_FieldMeshRegridEx.F90, line 807
20210421 140439.153 INFO             PET0 Finalizing ESMF
20210421 140439.136 INFO             PET1 !!!!!!!!!!!!!!!!!!!!!!!!!!!!!!!!!!!!!!!!!!!!!!!!!!!!!!
20210421 140439.136 INFO             PET1 !!! THE ESMF_LOG IS SET TO OUTPUT ALL LOG MESSAGES !!!
20210421 140439.136 INFO             PET1 !!!     THIS MAY CAUSE SLOWDOWN IN PERFORMANCE     !!!
20210421 140439.136 INFO             PET1 !!! FOR PRODUCTION RUNS, USE:                      !!!
20210421 140439.136 INFO             PET1 !!!                   ESMF_LOGKIND_Multi_On_Error  !!!
20210421 140439.136 INFO             PET1 !!!!!!!!!!!!!!!!!!!!!!!!!!!!!!!!!!!!!!!!!!!!!!!!!!!!!!
20210421 140439.136 INFO             PET1 Running with ESMF Version   : ESMF_8_2_0_beta_snapshot_04-7-g3098c96bb1
20210421 140439.136 INFO             PET1 ESMF library build date/time: "Apr 21 2021" "13:18:32"
20210421 140439.136 INFO             PET1 ESMF library build location : /scratch1/NCEPDEV/da/Mark.Potts/sandbox/intel_18.0.4_intelmpi_g_develop
20210421 140439.136 INFO             PET1 ESMF_COMM                   : intelmpi
20210421 140439.137 INFO             PET1 ESMF_MOAB                   : enabled
20210421 140439.137 INFO             PET1 ESMF_LAPACK                 : enabled
20210421 140439.137 INFO             PET1 ESMF_NETCDF                 : enabled
20210421 140439.137 INFO             PET1 ESMF_PNETCDF                : disabled
20210421 140439.137 INFO             PET1 ESMF_PIO                    : enabled
20210421 140439.137 INFO             PET1 ESMF_YAMLCPP                : enabled
20210421 140439.152 INFO             PET1  NUMBER_OF_PROCESSORS           4
20210421 140439.153 INFO             PET1  PASS  Example ESMF_FieldMeshRegridEx, ESMF_FieldMeshRegridEx.F90, line 807
20210421 140439.153 INFO             PET1 Finalizing ESMF
20210421 140439.136 INFO             PET2 !!!!!!!!!!!!!!!!!!!!!!!!!!!!!!!!!!!!!!!!!!!!!!!!!!!!!!
20210421 140439.137 INFO             PET2 !!! THE ESMF_LOG IS SET TO OUTPUT ALL LOG MESSAGES !!!
20210421 140439.137 INFO             PET2 !!!     THIS MAY CAUSE SLOWDOWN IN PERFORMANCE     !!!
20210421 140439.137 INFO             PET2 !!! FOR PRODUCTION RUNS, USE:                      !!!
20210421 140439.137 INFO             PET2 !!!                   ESMF_LOGKIND_Multi_On_Error  !!!
20210421 140439.137 INFO             PET2 !!!!!!!!!!!!!!!!!!!!!!!!!!!!!!!!!!!!!!!!!!!!!!!!!!!!!!
20210421 140439.137 INFO             PET2 Running with ESMF Version   : ESMF_8_2_0_beta_snapshot_04-7-g3098c96bb1
20210421 140439.137 INFO             PET2 ESMF library build date/time: "Apr 21 2021" "13:18:32"
20210421 140439.137 INFO             PET2 ESMF library build location : /scratch1/NCEPDEV/da/Mark.Potts/sandbox/intel_18.0.4_intelmpi_g_develop
20210421 140439.137 INFO             PET2 ESMF_COMM                   : intelmpi
20210421 140439.137 INFO             PET2 ESMF_MOAB                   : enabled
20210421 140439.137 INFO             PET2 ESMF_LAPACK                 : enabled
20210421 140439.137 INFO             PET2 ESMF_NETCDF                 : enabled
20210421 140439.137 INFO             PET2 ESMF_PNETCDF                : disabled
20210421 140439.137 INFO             PET2 ESMF_PIO                    : enabled
20210421 140439.137 INFO             PET2 ESMF_YAMLCPP                : enabled
20210421 140439.152 INFO             PET2  NUMBER_OF_PROCESSORS           4
20210421 140439.153 INFO             PET2  PASS  Example ESMF_FieldMeshRegridEx, ESMF_FieldMeshRegridEx.F90, line 807
20210421 140439.153 INFO             PET2 Finalizing ESMF
20210421 140439.137 INFO             PET3 !!!!!!!!!!!!!!!!!!!!!!!!!!!!!!!!!!!!!!!!!!!!!!!!!!!!!!
20210421 140439.137 INFO             PET3 !!! THE ESMF_LOG IS SET TO OUTPUT ALL LOG MESSAGES !!!
20210421 140439.137 INFO             PET3 !!!     THIS MAY CAUSE SLOWDOWN IN PERFORMANCE     !!!
20210421 140439.137 INFO             PET3 !!! FOR PRODUCTION RUNS, USE:                      !!!
20210421 140439.137 INFO             PET3 !!!                   ESMF_LOGKIND_Multi_On_Error  !!!
20210421 140439.137 INFO             PET3 !!!!!!!!!!!!!!!!!!!!!!!!!!!!!!!!!!!!!!!!!!!!!!!!!!!!!!
20210421 140439.137 INFO             PET3 Running with ESMF Version   : ESMF_8_2_0_beta_snapshot_04-7-g3098c96bb1
20210421 140439.137 INFO             PET3 ESMF library build date/time: "Apr 21 2021" "13:18:32"
20210421 140439.137 INFO             PET3 ESMF library build location : /scratch1/NCEPDEV/da/Mark.Potts/sandbox/intel_18.0.4_intelmpi_g_develop
20210421 140439.137 INFO             PET3 ESMF_COMM                   : intelmpi
20210421 140439.137 INFO             PET3 ESMF_MOAB                   : enabled
20210421 140439.137 INFO             PET3 ESMF_LAPACK                 : enabled
20210421 140439.137 INFO             PET3 ESMF_NETCDF                 : enabled
20210421 140439.137 INFO             PET3 ESMF_PNETCDF                : disabled
20210421 140439.137 INFO             PET3 ESMF_PIO                    : enabled
20210421 140439.137 INFO             PET3 ESMF_YAMLCPP                : enabled
20210421 140439.152 INFO             PET3  NUMBER_OF_PROCESSORS           4
20210421 140439.152 INFO             PET3  PASS  Example ESMF_FieldMeshRegridEx, ESMF_FieldMeshRegridEx.F90, line 807
20210421 140439.153 INFO             PET3 Finalizing ESMF
