build time -- 2021-04-21 06:44:42
20210421 072405.859 INFO             PET0 !!!!!!!!!!!!!!!!!!!!!!!!!!!!!!!!!!!!!!!!!!!!!!!!!!!!!!
20210421 072405.859 INFO             PET0 !!! THE ESMF_LOG IS SET TO OUTPUT ALL LOG MESSAGES !!!
20210421 072405.859 INFO             PET0 !!!     THIS MAY CAUSE SLOWDOWN IN PERFORMANCE     !!!
20210421 072405.859 INFO             PET0 !!! FOR PRODUCTION RUNS, USE:                      !!!
20210421 072405.859 INFO             PET0 !!!                   ESMF_LOGKIND_Multi_On_Error  !!!
20210421 072405.859 INFO             PET0 !!!!!!!!!!!!!!!!!!!!!!!!!!!!!!!!!!!!!!!!!!!!!!!!!!!!!!
20210421 072405.859 INFO             PET0 Running with ESMF Version   : ESMF_8_2_0_beta_snapshot_04-7-g3098c96bb1
20210421 072405.859 INFO             PET0 ESMF library build date/time: "Apr 21 2021" "06:42:56"
20210421 072405.859 INFO             PET0 ESMF library build location : /scratch1/NCEPDEV/da/Mark.Potts/sandbox/intel_18.0.4_intelmpi_g_develop
20210421 072405.859 INFO             PET0 ESMF_COMM                   : intelmpi
20210421 072405.860 INFO             PET0 ESMF_MOAB                   : enabled
20210421 072405.860 INFO             PET0 ESMF_LAPACK                 : enabled
20210421 072405.860 INFO             PET0 ESMF_NETCDF                 : enabled
20210421 072405.860 INFO             PET0 ESMF_PNETCDF                : disabled
20210421 072405.860 INFO             PET0 ESMF_PIO                    : enabled
20210421 072405.860 INFO             PET0 ESMF_YAMLCPP                : enabled
20210421 072405.861 INFO             PET0  NUMBER_OF_PROCESSORS           1
20210421 072405.861 INFO             PET0  PASS  Example ESMF_ClockEx, ESMF_ClockEx.F90, line 220
20210421 072405.861 INFO             PET0 Finalizing ESMF
