20210311 053538.944 INFO             PET0 !!!!!!!!!!!!!!!!!!!!!!!!!!!!!!!!!!!!!!!!!!!!!!!!!!!!!!
20210311 053538.945 INFO             PET0 !!! THE ESMF_LOG IS SET TO OUTPUT ALL LOG MESSAGES !!!
20210311 053538.945 INFO             PET0 !!!     THIS MAY CAUSE SLOWDOWN IN PERFORMANCE     !!!
20210311 053538.945 INFO             PET0 !!! FOR PRODUCTION RUNS, USE:                      !!!
20210311 053538.945 INFO             PET0 !!!                   ESMF_LOGKIND_Multi_On_Error  !!!
20210311 053538.945 INFO             PET0 !!!!!!!!!!!!!!!!!!!!!!!!!!!!!!!!!!!!!!!!!!!!!!!!!!!!!!
20210311 053538.945 INFO             PET0 Running with ESMF Version   : 8.1.0 beta snapshot
20210311 053538.945 INFO             PET0 ESMF library build date/time: "Mar 11 2021" "04:18:24"
20210311 053538.945 INFO             PET0 ESMF library build location : /lustre/f2/dev/ncep/Mark.Potts/gfortran_8.3.0_mpi_O
20210311 053538.945 INFO             PET0 ESMF_COMM                   : mpi
20210311 053538.947 INFO             PET0 ESMF_MOAB                   : enabled
20210311 053538.947 INFO             PET0 ESMF_LAPACK                 : enabled
20210311 053538.947 INFO             PET0 ESMF_NETCDF                 : enabled
20210311 053538.947 INFO             PET0 ESMF_PNETCDF                : disabled
20210311 053538.947 INFO             PET0 ESMF_PIO                    : enabled
20210311 053538.947 INFO             PET0 ESMF_YAMLCPP                : enabled
20210311 053538.985 ERROR            PET0 ESMF_StateAPI.cppF90:1189 ESMF_StateAddList Object being used before creation  - Bad Object
20210311 053539.046 INFO             PET0  NUMBER_OF_PROCESSORS           4
20210311 053539.046 INFO             PET0  PASS  Example ESMF_StateReconcileEx, ESMF_StateReconcileEx.F90, line 297
20210311 053539.046 INFO             PET0 Finalizing ESMF
20210311 053538.948 INFO             PET1 !!!!!!!!!!!!!!!!!!!!!!!!!!!!!!!!!!!!!!!!!!!!!!!!!!!!!!
20210311 053538.948 INFO             PET1 !!! THE ESMF_LOG IS SET TO OUTPUT ALL LOG MESSAGES !!!
20210311 053538.948 INFO             PET1 !!!     THIS MAY CAUSE SLOWDOWN IN PERFORMANCE     !!!
20210311 053538.948 INFO             PET1 !!! FOR PRODUCTION RUNS, USE:                      !!!
20210311 053538.948 INFO             PET1 !!!                   ESMF_LOGKIND_Multi_On_Error  !!!
20210311 053538.948 INFO             PET1 !!!!!!!!!!!!!!!!!!!!!!!!!!!!!!!!!!!!!!!!!!!!!!!!!!!!!!
20210311 053538.948 INFO             PET1 Running with ESMF Version   : 8.1.0 beta snapshot
20210311 053538.948 INFO             PET1 ESMF library build date/time: "Mar 11 2021" "04:18:24"
20210311 053538.948 INFO             PET1 ESMF library build location : /lustre/f2/dev/ncep/Mark.Potts/gfortran_8.3.0_mpi_O
20210311 053538.948 INFO             PET1 ESMF_COMM                   : mpi
20210311 053538.949 INFO             PET1 ESMF_MOAB                   : enabled
20210311 053538.949 INFO             PET1 ESMF_LAPACK                 : enabled
20210311 053538.949 INFO             PET1 ESMF_NETCDF                 : enabled
20210311 053538.949 INFO             PET1 ESMF_PNETCDF                : disabled
20210311 053538.949 INFO             PET1 ESMF_PIO                    : enabled
20210311 053538.949 INFO             PET1 ESMF_YAMLCPP                : enabled
20210311 053538.985 ERROR            PET1 ESMF_StateAPI.cppF90:1189 ESMF_StateAddList Object being used before creation  - Bad Object
20210311 053539.046 INFO             PET1  NUMBER_OF_PROCESSORS           4
20210311 053539.046 INFO             PET1  PASS  Example ESMF_StateReconcileEx, ESMF_StateReconcileEx.F90, line 297
20210311 053539.046 INFO             PET1 Finalizing ESMF
20210311 053538.948 INFO             PET2 !!!!!!!!!!!!!!!!!!!!!!!!!!!!!!!!!!!!!!!!!!!!!!!!!!!!!!
20210311 053538.948 INFO             PET2 !!! THE ESMF_LOG IS SET TO OUTPUT ALL LOG MESSAGES !!!
20210311 053538.948 INFO             PET2 !!!     THIS MAY CAUSE SLOWDOWN IN PERFORMANCE     !!!
20210311 053538.948 INFO             PET2 !!! FOR PRODUCTION RUNS, USE:                      !!!
20210311 053538.948 INFO             PET2 !!!                   ESMF_LOGKIND_Multi_On_Error  !!!
20210311 053538.948 INFO             PET2 !!!!!!!!!!!!!!!!!!!!!!!!!!!!!!!!!!!!!!!!!!!!!!!!!!!!!!
20210311 053538.948 INFO             PET2 Running with ESMF Version   : 8.1.0 beta snapshot
20210311 053538.948 INFO             PET2 ESMF library build date/time: "Mar 11 2021" "04:18:24"
20210311 053538.948 INFO             PET2 ESMF library build location : /lustre/f2/dev/ncep/Mark.Potts/gfortran_8.3.0_mpi_O
20210311 053538.948 INFO             PET2 ESMF_COMM                   : mpi
20210311 053538.948 INFO             PET2 ESMF_MOAB                   : enabled
20210311 053538.948 INFO             PET2 ESMF_LAPACK                 : enabled
20210311 053538.948 INFO             PET2 ESMF_NETCDF                 : enabled
20210311 053538.948 INFO             PET2 ESMF_PNETCDF                : disabled
20210311 053538.948 INFO             PET2 ESMF_PIO                    : enabled
20210311 053538.948 INFO             PET2 ESMF_YAMLCPP                : enabled
20210311 053538.985 ERROR            PET2 ESMF_StateAPI.cppF90:1189 ESMF_StateAddList Object being used before creation  - Bad Object
20210311 053539.046 INFO             PET2  NUMBER_OF_PROCESSORS           4
20210311 053539.046 INFO             PET2  PASS  Example ESMF_StateReconcileEx, ESMF_StateReconcileEx.F90, line 297
20210311 053539.046 INFO             PET2 Finalizing ESMF
20210311 053538.950 INFO             PET3 !!!!!!!!!!!!!!!!!!!!!!!!!!!!!!!!!!!!!!!!!!!!!!!!!!!!!!
20210311 053538.950 INFO             PET3 !!! THE ESMF_LOG IS SET TO OUTPUT ALL LOG MESSAGES !!!
20210311 053538.950 INFO             PET3 !!!     THIS MAY CAUSE SLOWDOWN IN PERFORMANCE     !!!
20210311 053538.950 INFO             PET3 !!! FOR PRODUCTION RUNS, USE:                      !!!
20210311 053538.950 INFO             PET3 !!!                   ESMF_LOGKIND_Multi_On_Error  !!!
20210311 053538.950 INFO             PET3 !!!!!!!!!!!!!!!!!!!!!!!!!!!!!!!!!!!!!!!!!!!!!!!!!!!!!!
20210311 053538.950 INFO             PET3 Running with ESMF Version   : 8.1.0 beta snapshot
20210311 053538.950 INFO             PET3 ESMF library build date/time: "Mar 11 2021" "04:18:24"
20210311 053538.950 INFO             PET3 ESMF library build location : /lustre/f2/dev/ncep/Mark.Potts/gfortran_8.3.0_mpi_O
20210311 053538.950 INFO             PET3 ESMF_COMM                   : mpi
20210311 053538.951 INFO             PET3 ESMF_MOAB                   : enabled
20210311 053538.951 INFO             PET3 ESMF_LAPACK                 : enabled
20210311 053538.951 INFO             PET3 ESMF_NETCDF                 : enabled
20210311 053538.951 INFO             PET3 ESMF_PNETCDF                : disabled
20210311 053538.951 INFO             PET3 ESMF_PIO                    : enabled
20210311 053538.951 INFO             PET3 ESMF_YAMLCPP                : enabled
20210311 053538.985 ERROR            PET3 ESMF_StateAPI.cppF90:1189 ESMF_StateAddList Object being used before creation  - Bad Object
20210311 053539.046 INFO             PET3  NUMBER_OF_PROCESSORS           4
20210311 053539.046 INFO             PET3  PASS  Example ESMF_StateReconcileEx, ESMF_StateReconcileEx.F90, line 297
20210311 053539.046 INFO             PET3 Finalizing ESMF
