20210321 052705.726 INFO             PET0 !!!!!!!!!!!!!!!!!!!!!!!!!!!!!!!!!!!!!!!!!!!!!!!!!!!!!!
20210321 052705.726 INFO             PET0 !!! THE ESMF_LOG IS SET TO OUTPUT ALL LOG MESSAGES !!!
20210321 052705.726 INFO             PET0 !!!     THIS MAY CAUSE SLOWDOWN IN PERFORMANCE     !!!
20210321 052705.726 INFO             PET0 !!! FOR PRODUCTION RUNS, USE:                      !!!
20210321 052705.726 INFO             PET0 !!!                   ESMF_LOGKIND_Multi_On_Error  !!!
20210321 052705.726 INFO             PET0 !!!!!!!!!!!!!!!!!!!!!!!!!!!!!!!!!!!!!!!!!!!!!!!!!!!!!!
20210321 052705.726 INFO             PET0 Running with ESMF Version   : 8.1.0 beta snapshot
20210321 052705.726 INFO             PET0 ESMF library build date/time: "Mar 21 2021" "04:19:26"
20210321 052705.726 INFO             PET0 ESMF library build location : /lustre/f2/dev/ncep/Mark.Potts/gfortran_8.3.0_mpi_O
20210321 052705.726 INFO             PET0 ESMF_COMM                   : mpi
20210321 052705.727 INFO             PET0 ESMF_MOAB                   : enabled
20210321 052705.727 INFO             PET0 ESMF_LAPACK                 : enabled
20210321 052705.727 INFO             PET0 ESMF_NETCDF                 : enabled
20210321 052705.727 INFO             PET0 ESMF_PNETCDF                : disabled
20210321 052705.727 INFO             PET0 ESMF_PIO                    : enabled
20210321 052705.727 INFO             PET0 ESMF_YAMLCPP                : enabled
20210321 052706.427 INFO             PET0  NUMBER_OF_PROCESSORS           4
20210321 052706.427 INFO             PET0  PASS  Example ESMF_FieldSphereRegridEx, ESMF_FieldSphereRegridEx.F90, line 407
20210321 052706.427 INFO             PET0 Finalizing ESMF
20210321 052705.730 INFO             PET1 !!!!!!!!!!!!!!!!!!!!!!!!!!!!!!!!!!!!!!!!!!!!!!!!!!!!!!
20210321 052705.730 INFO             PET1 !!! THE ESMF_LOG IS SET TO OUTPUT ALL LOG MESSAGES !!!
20210321 052705.730 INFO             PET1 !!!     THIS MAY CAUSE SLOWDOWN IN PERFORMANCE     !!!
20210321 052705.730 INFO             PET1 !!! FOR PRODUCTION RUNS, USE:                      !!!
20210321 052705.730 INFO             PET1 !!!                   ESMF_LOGKIND_Multi_On_Error  !!!
20210321 052705.730 INFO             PET1 !!!!!!!!!!!!!!!!!!!!!!!!!!!!!!!!!!!!!!!!!!!!!!!!!!!!!!
20210321 052705.730 INFO             PET1 Running with ESMF Version   : 8.1.0 beta snapshot
20210321 052705.730 INFO             PET1 ESMF library build date/time: "Mar 21 2021" "04:19:26"
20210321 052705.730 INFO             PET1 ESMF library build location : /lustre/f2/dev/ncep/Mark.Potts/gfortran_8.3.0_mpi_O
20210321 052705.730 INFO             PET1 ESMF_COMM                   : mpi
20210321 052705.731 INFO             PET1 ESMF_MOAB                   : enabled
20210321 052705.731 INFO             PET1 ESMF_LAPACK                 : enabled
20210321 052705.731 INFO             PET1 ESMF_NETCDF                 : enabled
20210321 052705.731 INFO             PET1 ESMF_PNETCDF                : disabled
20210321 052705.731 INFO             PET1 ESMF_PIO                    : enabled
20210321 052705.731 INFO             PET1 ESMF_YAMLCPP                : enabled
20210321 052706.427 INFO             PET1  NUMBER_OF_PROCESSORS           4
20210321 052706.427 INFO             PET1  PASS  Example ESMF_FieldSphereRegridEx, ESMF_FieldSphereRegridEx.F90, line 407
20210321 052706.427 INFO             PET1 Finalizing ESMF
20210321 052705.714 INFO             PET2 !!!!!!!!!!!!!!!!!!!!!!!!!!!!!!!!!!!!!!!!!!!!!!!!!!!!!!
20210321 052705.714 INFO             PET2 !!! THE ESMF_LOG IS SET TO OUTPUT ALL LOG MESSAGES !!!
20210321 052705.714 INFO             PET2 !!!     THIS MAY CAUSE SLOWDOWN IN PERFORMANCE     !!!
20210321 052705.714 INFO             PET2 !!! FOR PRODUCTION RUNS, USE:                      !!!
20210321 052705.714 INFO             PET2 !!!                   ESMF_LOGKIND_Multi_On_Error  !!!
20210321 052705.714 INFO             PET2 !!!!!!!!!!!!!!!!!!!!!!!!!!!!!!!!!!!!!!!!!!!!!!!!!!!!!!
20210321 052705.714 INFO             PET2 Running with ESMF Version   : 8.1.0 beta snapshot
20210321 052705.715 INFO             PET2 ESMF library build date/time: "Mar 21 2021" "04:19:26"
20210321 052705.715 INFO             PET2 ESMF library build location : /lustre/f2/dev/ncep/Mark.Potts/gfortran_8.3.0_mpi_O
20210321 052705.715 INFO             PET2 ESMF_COMM                   : mpi
20210321 052705.715 INFO             PET2 ESMF_MOAB                   : enabled
20210321 052705.715 INFO             PET2 ESMF_LAPACK                 : enabled
20210321 052705.715 INFO             PET2 ESMF_NETCDF                 : enabled
20210321 052705.715 INFO             PET2 ESMF_PNETCDF                : disabled
20210321 052705.715 INFO             PET2 ESMF_PIO                    : enabled
20210321 052705.715 INFO             PET2 ESMF_YAMLCPP                : enabled
20210321 052706.427 INFO             PET2  NUMBER_OF_PROCESSORS           4
20210321 052706.427 INFO             PET2  PASS  Example ESMF_FieldSphereRegridEx, ESMF_FieldSphereRegridEx.F90, line 407
20210321 052706.427 INFO             PET2 Finalizing ESMF
20210321 052705.714 INFO             PET3 !!!!!!!!!!!!!!!!!!!!!!!!!!!!!!!!!!!!!!!!!!!!!!!!!!!!!!
20210321 052705.714 INFO             PET3 !!! THE ESMF_LOG IS SET TO OUTPUT ALL LOG MESSAGES !!!
20210321 052705.714 INFO             PET3 !!!     THIS MAY CAUSE SLOWDOWN IN PERFORMANCE     !!!
20210321 052705.714 INFO             PET3 !!! FOR PRODUCTION RUNS, USE:                      !!!
20210321 052705.714 INFO             PET3 !!!                   ESMF_LOGKIND_Multi_On_Error  !!!
20210321 052705.714 INFO             PET3 !!!!!!!!!!!!!!!!!!!!!!!!!!!!!!!!!!!!!!!!!!!!!!!!!!!!!!
20210321 052705.714 INFO             PET3 Running with ESMF Version   : 8.1.0 beta snapshot
20210321 052705.715 INFO             PET3 ESMF library build date/time: "Mar 21 2021" "04:19:26"
20210321 052705.715 INFO             PET3 ESMF library build location : /lustre/f2/dev/ncep/Mark.Potts/gfortran_8.3.0_mpi_O
20210321 052705.715 INFO             PET3 ESMF_COMM                   : mpi
20210321 052705.715 INFO             PET3 ESMF_MOAB                   : enabled
20210321 052705.715 INFO             PET3 ESMF_LAPACK                 : enabled
20210321 052705.715 INFO             PET3 ESMF_NETCDF                 : enabled
20210321 052705.715 INFO             PET3 ESMF_PNETCDF                : disabled
20210321 052705.715 INFO             PET3 ESMF_PIO                    : enabled
20210321 052705.715 INFO             PET3 ESMF_YAMLCPP                : enabled
20210321 052706.427 INFO             PET3  NUMBER_OF_PROCESSORS           4
20210321 052706.427 INFO             PET3  PASS  Example ESMF_FieldSphereRegridEx, ESMF_FieldSphereRegridEx.F90, line 407
20210321 052706.427 INFO             PET3 Finalizing ESMF
