20210311 053459.068 INFO             PET0 !!!!!!!!!!!!!!!!!!!!!!!!!!!!!!!!!!!!!!!!!!!!!!!!!!!!!!
20210311 053459.068 INFO             PET0 !!! THE ESMF_LOG IS SET TO OUTPUT ALL LOG MESSAGES !!!
20210311 053459.068 INFO             PET0 !!!     THIS MAY CAUSE SLOWDOWN IN PERFORMANCE     !!!
20210311 053459.068 INFO             PET0 !!! FOR PRODUCTION RUNS, USE:                      !!!
20210311 053459.068 INFO             PET0 !!!                   ESMF_LOGKIND_Multi_On_Error  !!!
20210311 053459.068 INFO             PET0 !!!!!!!!!!!!!!!!!!!!!!!!!!!!!!!!!!!!!!!!!!!!!!!!!!!!!!
20210311 053459.068 INFO             PET0 Running with ESMF Version   : 8.1.0 beta snapshot
20210311 053459.068 INFO             PET0 ESMF library build date/time: "Mar 11 2021" "04:18:24"
20210311 053459.068 INFO             PET0 ESMF library build location : /lustre/f2/dev/ncep/Mark.Potts/gfortran_8.3.0_mpi_O
20210311 053459.068 INFO             PET0 ESMF_COMM                   : mpi
20210311 053459.068 INFO             PET0 ESMF_MOAB                   : enabled
20210311 053459.068 INFO             PET0 ESMF_LAPACK                 : enabled
20210311 053459.068 INFO             PET0 ESMF_NETCDF                 : enabled
20210311 053459.068 INFO             PET0 ESMF_PNETCDF                : disabled
20210311 053459.068 INFO             PET0 ESMF_PIO                    : enabled
20210311 053459.068 INFO             PET0 ESMF_YAMLCPP                : enabled
20210311 053459.133 INFO             PET0 ESMF_FieldRedistStoreNF(): Just entered routine.
20210311 053459.137 INFO             PET0 ESMF_FieldRedistStoreNF(): Leaving routine.
20210311 053459.152 INFO             PET0 ESMF_FieldRedistStoreNF(): Just entered routine.
20210311 053459.153 INFO             PET0 ESMF_FieldRedistStoreNF(): Leaving routine.
20210311 053459.153 INFO             PET0 ESMF_FieldRedistStoreNF(): Just entered routine.
20210311 053459.153 INFO             PET0 ESMF_FieldRedistStoreNF(): Leaving routine.
20210311 053459.154 INFO             PET0  NUMBER_OF_PROCESSORS           4
20210311 053459.154 INFO             PET0  PASS  Example ESMF_FieldRedistEx, ESMF_FieldRedistEx.F90, line 521
20210311 053459.154 INFO             PET0 Finalizing ESMF
20210311 053459.064 INFO             PET1 !!!!!!!!!!!!!!!!!!!!!!!!!!!!!!!!!!!!!!!!!!!!!!!!!!!!!!
20210311 053459.065 INFO             PET1 !!! THE ESMF_LOG IS SET TO OUTPUT ALL LOG MESSAGES !!!
20210311 053459.065 INFO             PET1 !!!     THIS MAY CAUSE SLOWDOWN IN PERFORMANCE     !!!
20210311 053459.065 INFO             PET1 !!! FOR PRODUCTION RUNS, USE:                      !!!
20210311 053459.065 INFO             PET1 !!!                   ESMF_LOGKIND_Multi_On_Error  !!!
20210311 053459.065 INFO             PET1 !!!!!!!!!!!!!!!!!!!!!!!!!!!!!!!!!!!!!!!!!!!!!!!!!!!!!!
20210311 053459.065 INFO             PET1 Running with ESMF Version   : 8.1.0 beta snapshot
20210311 053459.067 INFO             PET1 ESMF library build date/time: "Mar 11 2021" "04:18:24"
20210311 053459.067 INFO             PET1 ESMF library build location : /lustre/f2/dev/ncep/Mark.Potts/gfortran_8.3.0_mpi_O
20210311 053459.067 INFO             PET1 ESMF_COMM                   : mpi
20210311 053459.068 INFO             PET1 ESMF_MOAB                   : enabled
20210311 053459.068 INFO             PET1 ESMF_LAPACK                 : enabled
20210311 053459.068 INFO             PET1 ESMF_NETCDF                 : enabled
20210311 053459.068 INFO             PET1 ESMF_PNETCDF                : disabled
20210311 053459.068 INFO             PET1 ESMF_PIO                    : enabled
20210311 053459.068 INFO             PET1 ESMF_YAMLCPP                : enabled
20210311 053459.133 INFO             PET1 ESMF_FieldRedistStoreNF(): Just entered routine.
20210311 053459.137 INFO             PET1 ESMF_FieldRedistStoreNF(): Leaving routine.
20210311 053459.152 INFO             PET1 ESMF_FieldRedistStoreNF(): Just entered routine.
20210311 053459.153 INFO             PET1 ESMF_FieldRedistStoreNF(): Leaving routine.
20210311 053459.153 INFO             PET1 ESMF_FieldRedistStoreNF(): Just entered routine.
20210311 053459.153 INFO             PET1 ESMF_FieldRedistStoreNF(): Leaving routine.
20210311 053459.154 INFO             PET1  NUMBER_OF_PROCESSORS           4
20210311 053459.154 INFO             PET1  PASS  Example ESMF_FieldRedistEx, ESMF_FieldRedistEx.F90, line 521
20210311 053459.154 INFO             PET1 Finalizing ESMF
20210311 053459.064 INFO             PET2 !!!!!!!!!!!!!!!!!!!!!!!!!!!!!!!!!!!!!!!!!!!!!!!!!!!!!!
20210311 053459.065 INFO             PET2 !!! THE ESMF_LOG IS SET TO OUTPUT ALL LOG MESSAGES !!!
20210311 053459.065 INFO             PET2 !!!     THIS MAY CAUSE SLOWDOWN IN PERFORMANCE     !!!
20210311 053459.065 INFO             PET2 !!! FOR PRODUCTION RUNS, USE:                      !!!
20210311 053459.065 INFO             PET2 !!!                   ESMF_LOGKIND_Multi_On_Error  !!!
20210311 053459.065 INFO             PET2 !!!!!!!!!!!!!!!!!!!!!!!!!!!!!!!!!!!!!!!!!!!!!!!!!!!!!!
20210311 053459.065 INFO             PET2 Running with ESMF Version   : 8.1.0 beta snapshot
20210311 053459.067 INFO             PET2 ESMF library build date/time: "Mar 11 2021" "04:18:24"
20210311 053459.067 INFO             PET2 ESMF library build location : /lustre/f2/dev/ncep/Mark.Potts/gfortran_8.3.0_mpi_O
20210311 053459.067 INFO             PET2 ESMF_COMM                   : mpi
20210311 053459.069 INFO             PET2 ESMF_MOAB                   : enabled
20210311 053459.069 INFO             PET2 ESMF_LAPACK                 : enabled
20210311 053459.069 INFO             PET2 ESMF_NETCDF                 : enabled
20210311 053459.069 INFO             PET2 ESMF_PNETCDF                : disabled
20210311 053459.069 INFO             PET2 ESMF_PIO                    : enabled
20210311 053459.069 INFO             PET2 ESMF_YAMLCPP                : enabled
20210311 053459.133 INFO             PET2 ESMF_FieldRedistStoreNF(): Just entered routine.
20210311 053459.137 INFO             PET2 ESMF_FieldRedistStoreNF(): Leaving routine.
20210311 053459.152 INFO             PET2 ESMF_FieldRedistStoreNF(): Just entered routine.
20210311 053459.153 INFO             PET2 ESMF_FieldRedistStoreNF(): Leaving routine.
20210311 053459.153 INFO             PET2 ESMF_FieldRedistStoreNF(): Just entered routine.
20210311 053459.153 INFO             PET2 ESMF_FieldRedistStoreNF(): Leaving routine.
20210311 053459.154 INFO             PET2  NUMBER_OF_PROCESSORS           4
20210311 053459.154 INFO             PET2  PASS  Example ESMF_FieldRedistEx, ESMF_FieldRedistEx.F90, line 521
20210311 053459.154 INFO             PET2 Finalizing ESMF
20210311 053459.074 INFO             PET3 !!!!!!!!!!!!!!!!!!!!!!!!!!!!!!!!!!!!!!!!!!!!!!!!!!!!!!
20210311 053459.074 INFO             PET3 !!! THE ESMF_LOG IS SET TO OUTPUT ALL LOG MESSAGES !!!
20210311 053459.074 INFO             PET3 !!!     THIS MAY CAUSE SLOWDOWN IN PERFORMANCE     !!!
20210311 053459.074 INFO             PET3 !!! FOR PRODUCTION RUNS, USE:                      !!!
20210311 053459.074 INFO             PET3 !!!                   ESMF_LOGKIND_Multi_On_Error  !!!
20210311 053459.074 INFO             PET3 !!!!!!!!!!!!!!!!!!!!!!!!!!!!!!!!!!!!!!!!!!!!!!!!!!!!!!
20210311 053459.074 INFO             PET3 Running with ESMF Version   : 8.1.0 beta snapshot
20210311 053459.074 INFO             PET3 ESMF library build date/time: "Mar 11 2021" "04:18:24"
20210311 053459.074 INFO             PET3 ESMF library build location : /lustre/f2/dev/ncep/Mark.Potts/gfortran_8.3.0_mpi_O
20210311 053459.074 INFO             PET3 ESMF_COMM                   : mpi
20210311 053459.075 INFO             PET3 ESMF_MOAB                   : enabled
20210311 053459.075 INFO             PET3 ESMF_LAPACK                 : enabled
20210311 053459.075 INFO             PET3 ESMF_NETCDF                 : enabled
20210311 053459.075 INFO             PET3 ESMF_PNETCDF                : disabled
20210311 053459.075 INFO             PET3 ESMF_PIO                    : enabled
20210311 053459.075 INFO             PET3 ESMF_YAMLCPP                : enabled
20210311 053459.133 INFO             PET3 ESMF_FieldRedistStoreNF(): Just entered routine.
20210311 053459.137 INFO             PET3 ESMF_FieldRedistStoreNF(): Leaving routine.
20210311 053459.152 INFO             PET3 ESMF_FieldRedistStoreNF(): Just entered routine.
20210311 053459.153 INFO             PET3 ESMF_FieldRedistStoreNF(): Leaving routine.
20210311 053459.153 INFO             PET3 ESMF_FieldRedistStoreNF(): Just entered routine.
20210311 053459.153 INFO             PET3 ESMF_FieldRedistStoreNF(): Leaving routine.
20210311 053459.154 INFO             PET3  NUMBER_OF_PROCESSORS           4
20210311 053459.154 INFO             PET3  PASS  Example ESMF_FieldRedistEx, ESMF_FieldRedistEx.F90, line 521
20210311 053459.154 INFO             PET3 Finalizing ESMF
