build time -- 2021-04-20 19:43:16
20210420 200043.875 INFO             PET0 !!!!!!!!!!!!!!!!!!!!!!!!!!!!!!!!!!!!!!!!!!!!!!!!!!!!!!
20210420 200043.875 INFO             PET0 !!! THE ESMF_LOG IS SET TO OUTPUT ALL LOG MESSAGES !!!
20210420 200043.875 INFO             PET0 !!!     THIS MAY CAUSE SLOWDOWN IN PERFORMANCE     !!!
20210420 200043.875 INFO             PET0 !!! FOR PRODUCTION RUNS, USE:                      !!!
20210420 200043.875 INFO             PET0 !!!                   ESMF_LOGKIND_Multi_On_Error  !!!
20210420 200043.875 INFO             PET0 !!!!!!!!!!!!!!!!!!!!!!!!!!!!!!!!!!!!!!!!!!!!!!!!!!!!!!
20210420 200043.875 INFO             PET0 Running with ESMF Version   : ESMF_8_2_0_beta_snapshot_04-7-g3098c96bb1
20210420 200043.875 INFO             PET0 ESMF library build date/time: "Apr 20 2021" "19:42:15"
20210420 200043.875 INFO             PET0 ESMF library build location : /scratch1/NCEPDEV/da/Mark.Potts/sandbox/gfortran_9.2.0_mpiuni_O_develop
20210420 200043.875 INFO             PET0 ESMF_COMM                   : mpiuni
20210420 200043.876 INFO             PET0 ESMF_MOAB                   : enabled
20210420 200043.876 INFO             PET0 ESMF_LAPACK                 : enabled
20210420 200043.876 INFO             PET0 ESMF_NETCDF                 : enabled
20210420 200043.876 INFO             PET0 ESMF_PNETCDF                : disabled
20210420 200043.876 INFO             PET0 ESMF_PIO                    : disabled
20210420 200043.876 INFO             PET0 ESMF_YAMLCPP                : enabled
20210420 200043.876 INFO             PET0  NUMBER_OF_PROCESSORS           1
20210420 200043.876 INFO             PET0  PASS  Example ESMF_StateReconcileEx, ESMF_StateReconcileEx.F90, line 297
20210420 200043.876 INFO             PET0 Finalizing ESMF
