build time -- 2021-04-21 06:41:45
20210421 065820.942 INFO             PET0 !!!!!!!!!!!!!!!!!!!!!!!!!!!!!!!!!!!!!!!!!!!!!!!!!!!!!!
20210421 065820.942 INFO             PET0 !!! THE ESMF_LOG IS SET TO OUTPUT ALL LOG MESSAGES !!!
20210421 065820.942 INFO             PET0 !!!     THIS MAY CAUSE SLOWDOWN IN PERFORMANCE     !!!
20210421 065820.942 INFO             PET0 !!! FOR PRODUCTION RUNS, USE:                      !!!
20210421 065820.942 INFO             PET0 !!!                   ESMF_LOGKIND_Multi_On_Error  !!!
20210421 065820.942 INFO             PET0 !!!!!!!!!!!!!!!!!!!!!!!!!!!!!!!!!!!!!!!!!!!!!!!!!!!!!!
20210421 065820.942 INFO             PET0 Running with ESMF Version   : ESMF_8_2_0_beta_snapshot_04-7-g3098c96bb1
20210421 065820.942 INFO             PET0 ESMF library build date/time: "Apr 21 2021" "06:40:40"
20210421 065820.942 INFO             PET0 ESMF library build location : /scratch1/NCEPDEV/da/Mark.Potts/sandbox/gfortran_9.2.0_mpiuni_O_develop
20210421 065820.942 INFO             PET0 ESMF_COMM                   : mpiuni
20210421 065820.943 INFO             PET0 ESMF_MOAB                   : enabled
20210421 065820.943 INFO             PET0 ESMF_LAPACK                 : enabled
20210421 065820.943 INFO             PET0 ESMF_NETCDF                 : enabled
20210421 065820.943 INFO             PET0 ESMF_PNETCDF                : disabled
20210421 065820.943 INFO             PET0 ESMF_PIO                    : disabled
20210421 065820.943 INFO             PET0 ESMF_YAMLCPP                : enabled
20210421 065820.995 INFO             PET0  NUMBER_OF_PROCESSORS           1
20210421 065820.995 INFO             PET0  PASS  Example ESMF_NUOPCAtmModelEx, ESMF_NUOPCAtmModelEx.F90, line 806
20210421 065820.995 INFO             PET0 Finalizing ESMF
