20210326 073607.469 INFO             PET0 !!!!!!!!!!!!!!!!!!!!!!!!!!!!!!!!!!!!!!!!!!!!!!!!!!!!!!
20210326 073607.469 INFO             PET0 !!! THE ESMF_LOG IS SET TO OUTPUT ALL LOG MESSAGES !!!
20210326 073607.469 INFO             PET0 !!!     THIS MAY CAUSE SLOWDOWN IN PERFORMANCE     !!!
20210326 073607.469 INFO             PET0 !!! FOR PRODUCTION RUNS, USE:                      !!!
20210326 073607.469 INFO             PET0 !!!                   ESMF_LOGKIND_Multi_On_Error  !!!
20210326 073607.469 INFO             PET0 !!!!!!!!!!!!!!!!!!!!!!!!!!!!!!!!!!!!!!!!!!!!!!!!!!!!!!
20210326 073607.469 INFO             PET0 Running with ESMF Version   : ESMF_8_2_0_beta_snapshot_03-5-ge9acbec5cb
20210326 073607.469 INFO             PET0 ESMF library build date/time: "Mar 26 2021" "07:12:14"
20210326 073607.469 INFO             PET0 ESMF library build location : /scratch1/NCEPDEV/da/Mark.Potts/sandbox/gfortran_9.2.0_mpiuni_O
20210326 073607.469 INFO             PET0 ESMF_COMM                   : mpiuni
20210326 073607.470 INFO             PET0 ESMF_MOAB                   : enabled
20210326 073607.470 INFO             PET0 ESMF_LAPACK                 : enabled
20210326 073607.470 INFO             PET0 ESMF_NETCDF                 : enabled
20210326 073607.470 INFO             PET0 ESMF_PNETCDF                : disabled
20210326 073607.470 INFO             PET0 ESMF_PIO                    : disabled
20210326 073607.470 INFO             PET0 ESMF_YAMLCPP                : enabled
20210326 073607.470 INFO             PET0 ESMF Tracing Enabled
20210326 073607.470 INFO             PET0 ESMF Profiling Enabled
20210326 073607.470 INFO             PET0 ESMF Trace/Profile clock: REALTIME
20210326 073607.472 INFO             PET0  NUMBER_OF_PROCESSORS           1
20210326 073607.472 INFO             PET0  PASS  Example ESMF_TraceEx, ESMF_TraceEx.F90, line 178
20210326 073607.472 INFO             PET0 Finalizing ESMF
20210326 073607.472 INFO             PET0 **************** Region Timings *******************
20210326 073607.472 INFO             PET0 Region              Count  Total (s)   Self (s)    Mean (s)    Min (s)     Max (s)
20210326 073607.472 INFO             PET0   [test] Init 1     1      0.0000      0.0000      0.0000      0.0000      0.0000
20210326 073607.472 INFO             PET0   [test] Run 1      5      0.0000      0.0000      0.0000      0.0000      0.0000
20210326 073607.472 INFO             PET0   [test] Final 1    1      0.0000      0.0000      0.0000      0.0000      0.0000
