20210319 053212.222 INFO             PET0 !!!!!!!!!!!!!!!!!!!!!!!!!!!!!!!!!!!!!!!!!!!!!!!!!!!!!!
20210319 053212.223 INFO             PET0 !!! THE ESMF_LOG IS SET TO OUTPUT ALL LOG MESSAGES !!!
20210319 053212.223 INFO             PET0 !!!     THIS MAY CAUSE SLOWDOWN IN PERFORMANCE     !!!
20210319 053212.223 INFO             PET0 !!! FOR PRODUCTION RUNS, USE:                      !!!
20210319 053212.223 INFO             PET0 !!!                   ESMF_LOGKIND_Multi_On_Error  !!!
20210319 053212.223 INFO             PET0 !!!!!!!!!!!!!!!!!!!!!!!!!!!!!!!!!!!!!!!!!!!!!!!!!!!!!!
20210319 053212.223 INFO             PET0 Running with ESMF Version   : 8.2.0 beta snapshot
20210319 053212.224 INFO             PET0 ESMF library build date/time: "Mar 19 2021" "04:42:15"
20210319 053212.224 INFO             PET0 ESMF library build location : /lustre/f2/dev/ncep/Mark.Potts/intel_2019.5_mpi_g
20210319 053212.224 INFO             PET0 ESMF_COMM                   : mpi
20210319 053212.232 INFO             PET0 ESMF_MOAB                   : enabled
20210319 053212.232 INFO             PET0 ESMF_LAPACK                 : enabled
20210319 053212.232 INFO             PET0 ESMF_NETCDF                 : enabled
20210319 053212.232 INFO             PET0 ESMF_PNETCDF                : disabled
20210319 053212.232 INFO             PET0 ESMF_PIO                    : enabled
20210319 053212.232 INFO             PET0 ESMF_YAMLCPP                : enabled
20210319 053212.247 INFO             PET0  NUMBER_OF_PROCESSORS           4
20210319 053212.247 INFO             PET0  PASS  Example ESMF_VMUserMpiCommMultiEx, ESMF_VMUserMpiCommMultiEx.F90, line 126
20210319 053212.247 INFO             PET0 Finalizing ESMF
20210319 053212.230 INFO             PET0 !!!!!!!!!!!!!!!!!!!!!!!!!!!!!!!!!!!!!!!!!!!!!!!!!!!!!!
20210319 053212.230 INFO             PET0 !!! THE ESMF_LOG IS SET TO OUTPUT ALL LOG MESSAGES !!!
20210319 053212.230 INFO             PET0 !!!     THIS MAY CAUSE SLOWDOWN IN PERFORMANCE     !!!
20210319 053212.230 INFO             PET0 !!! FOR PRODUCTION RUNS, USE:                      !!!
20210319 053212.230 INFO             PET0 !!!                   ESMF_LOGKIND_Multi_On_Error  !!!
20210319 053212.230 INFO             PET0 !!!!!!!!!!!!!!!!!!!!!!!!!!!!!!!!!!!!!!!!!!!!!!!!!!!!!!
20210319 053212.230 INFO             PET0 Running with ESMF Version   : 8.2.0 beta snapshot
20210319 053212.230 INFO             PET0 ESMF library build date/time: "Mar 19 2021" "04:42:15"
20210319 053212.230 INFO             PET0 ESMF library build location : /lustre/f2/dev/ncep/Mark.Potts/intel_2019.5_mpi_g
20210319 053212.230 INFO             PET0 ESMF_COMM                   : mpi
20210319 053212.231 INFO             PET0 ESMF_MOAB                   : enabled
20210319 053212.231 INFO             PET0 ESMF_LAPACK                 : enabled
20210319 053212.231 INFO             PET0 ESMF_NETCDF                 : enabled
20210319 053212.231 INFO             PET0 ESMF_PNETCDF                : disabled
20210319 053212.232 INFO             PET0 ESMF_PIO                    : enabled
20210319 053212.232 INFO             PET0 ESMF_YAMLCPP                : enabled
20210319 053212.247 INFO             PET0  NUMBER_OF_PROCESSORS           4
20210319 053212.247 INFO             PET0  PASS  Example ESMF_VMUserMpiCommMultiEx, ESMF_VMUserMpiCommMultiEx.F90, line 154
20210319 053212.247 INFO             PET0 Finalizing ESMF
20210319 053212.227 INFO             PET1 !!!!!!!!!!!!!!!!!!!!!!!!!!!!!!!!!!!!!!!!!!!!!!!!!!!!!!
20210319 053212.227 INFO             PET1 !!! THE ESMF_LOG IS SET TO OUTPUT ALL LOG MESSAGES !!!
20210319 053212.227 INFO             PET1 !!!     THIS MAY CAUSE SLOWDOWN IN PERFORMANCE     !!!
20210319 053212.227 INFO             PET1 !!! FOR PRODUCTION RUNS, USE:                      !!!
20210319 053212.227 INFO             PET1 !!!                   ESMF_LOGKIND_Multi_On_Error  !!!
20210319 053212.227 INFO             PET1 !!!!!!!!!!!!!!!!!!!!!!!!!!!!!!!!!!!!!!!!!!!!!!!!!!!!!!
20210319 053212.227 INFO             PET1 Running with ESMF Version   : 8.2.0 beta snapshot
20210319 053212.227 INFO             PET1 ESMF library build date/time: "Mar 19 2021" "04:42:15"
20210319 053212.227 INFO             PET1 ESMF library build location : /lustre/f2/dev/ncep/Mark.Potts/intel_2019.5_mpi_g
20210319 053212.227 INFO             PET1 ESMF_COMM                   : mpi
20210319 053212.231 INFO             PET1 ESMF_MOAB                   : enabled
20210319 053212.231 INFO             PET1 ESMF_LAPACK                 : enabled
20210319 053212.231 INFO             PET1 ESMF_NETCDF                 : enabled
20210319 053212.231 INFO             PET1 ESMF_PNETCDF                : disabled
20210319 053212.232 INFO             PET1 ESMF_PIO                    : enabled
20210319 053212.232 INFO             PET1 ESMF_YAMLCPP                : enabled
20210319 053212.247 INFO             PET1  NUMBER_OF_PROCESSORS           4
20210319 053212.247 INFO             PET1  PASS  Example ESMF_VMUserMpiCommMultiEx, ESMF_VMUserMpiCommMultiEx.F90, line 126
20210319 053212.247 INFO             PET1 Finalizing ESMF
20210319 053212.227 INFO             PET1 !!!!!!!!!!!!!!!!!!!!!!!!!!!!!!!!!!!!!!!!!!!!!!!!!!!!!!
20210319 053212.227 INFO             PET1 !!! THE ESMF_LOG IS SET TO OUTPUT ALL LOG MESSAGES !!!
20210319 053212.227 INFO             PET1 !!!     THIS MAY CAUSE SLOWDOWN IN PERFORMANCE     !!!
20210319 053212.227 INFO             PET1 !!! FOR PRODUCTION RUNS, USE:                      !!!
20210319 053212.227 INFO             PET1 !!!                   ESMF_LOGKIND_Multi_On_Error  !!!
20210319 053212.227 INFO             PET1 !!!!!!!!!!!!!!!!!!!!!!!!!!!!!!!!!!!!!!!!!!!!!!!!!!!!!!
20210319 053212.227 INFO             PET1 Running with ESMF Version   : 8.2.0 beta snapshot
20210319 053212.227 INFO             PET1 ESMF library build date/time: "Mar 19 2021" "04:42:15"
20210319 053212.227 INFO             PET1 ESMF library build location : /lustre/f2/dev/ncep/Mark.Potts/intel_2019.5_mpi_g
20210319 053212.227 INFO             PET1 ESMF_COMM                   : mpi
20210319 053212.232 INFO             PET1 ESMF_MOAB                   : enabled
20210319 053212.232 INFO             PET1 ESMF_LAPACK                 : enabled
20210319 053212.232 INFO             PET1 ESMF_NETCDF                 : enabled
20210319 053212.232 INFO             PET1 ESMF_PNETCDF                : disabled
20210319 053212.232 INFO             PET1 ESMF_PIO                    : enabled
20210319 053212.232 INFO             PET1 ESMF_YAMLCPP                : enabled
20210319 053212.247 INFO             PET1  NUMBER_OF_PROCESSORS           4
20210319 053212.247 INFO             PET1  PASS  Example ESMF_VMUserMpiCommMultiEx, ESMF_VMUserMpiCommMultiEx.F90, line 154
20210319 053212.247 INFO             PET1 Finalizing ESMF
