 
Installing ESMF:
 
mkdir -p /work/noaa/da/mpotts/sandbox/pgi_2019_openmpi_g/DEFAULTINSTALLDIR/include
cp -f /work/noaa/da/mpotts/sandbox/pgi_2019_openmpi_g/src/include/ESMC.h /work/noaa/da/mpotts/sandbox/pgi_2019_openmpi_g/DEFAULTINSTALLDIR/include
cp -f /work/noaa/da/mpotts/sandbox/pgi_2019_openmpi_g/src/include/ESMC_*.h /work/noaa/da/mpotts/sandbox/pgi_2019_openmpi_g/DEFAULTINSTALLDIR/include
cp -f /work/noaa/da/mpotts/sandbox/pgi_2019_openmpi_g/build_config/Linux.pgi.default/ESMC_Conf.h /work/noaa/da/mpotts/sandbox/pgi_2019_openmpi_g/DEFAULTINSTALLDIR/include
mkdir -p /work/noaa/da/mpotts/sandbox/pgi_2019_openmpi_g/DEFAULTINSTALLDIR/mod/modg/Linux.pgi.64.openmpi.default
cp -f /work/noaa/da/mpotts/sandbox/pgi_2019_openmpi_g/mod/modg/Linux.pgi.64.openmpi.default/*.mod /work/noaa/da/mpotts/sandbox/pgi_2019_openmpi_g/DEFAULTINSTALLDIR/mod/modg/Linux.pgi.64.openmpi.default
mkdir -p /work/noaa/da/mpotts/sandbox/pgi_2019_openmpi_g/DEFAULTINSTALLDIR/lib/libg/Linux.pgi.64.openmpi.default
cp -f /work/noaa/da/mpotts/sandbox/pgi_2019_openmpi_g/lib/libg/Linux.pgi.64.openmpi.default/libesmf*.* /work/noaa/da/mpotts/sandbox/pgi_2019_openmpi_g/DEFAULTINSTALLDIR/lib/libg/Linux.pgi.64.openmpi.default
make ESMF_PRELOADDIR=/work/noaa/da/mpotts/sandbox/pgi_2019_openmpi_g/DEFAULTINSTALLDIR/lib/libg/Linux.pgi.64.openmpi.default build_preload_script
make[1]: Entering directory `/work/noaa/da/mpotts/sandbox/pgi_2019_openmpi_g'
chmod 755 /work/noaa/da/mpotts/sandbox/pgi_2019_openmpi_g/DEFAULTINSTALLDIR/lib/libg/Linux.pgi.64.openmpi.default/preload.sh
make[1]: Leaving directory `/work/noaa/da/mpotts/sandbox/pgi_2019_openmpi_g'
ranlib /work/noaa/da/mpotts/sandbox/pgi_2019_openmpi_g/DEFAULTINSTALLDIR/lib/libg/Linux.pgi.64.openmpi.default/libesmf*.a
make install_apps
make[1]: Entering directory `/work/noaa/da/mpotts/sandbox/pgi_2019_openmpi_g'
mkdir -p /work/noaa/da/mpotts/sandbox/pgi_2019_openmpi_g/DEFAULTINSTALLDIR/bin/bing/Linux.pgi.64.openmpi.default
make build_apps ESMF_APPSDIR=/work/noaa/da/mpotts/sandbox/pgi_2019_openmpi_g/DEFAULTINSTALLDIR/bin/bing/Linux.pgi.64.openmpi.default ESMF_LDIR=/work/noaa/da/mpotts/sandbox/pgi_2019_openmpi_g/DEFAULTINSTALLDIR/lib/libg/Linux.pgi.64.openmpi.default ESMF_LIBDIR=/work/noaa/da/mpotts/sandbox/pgi_2019_openmpi_g/DEFAULTINSTALLDIR/lib/libg/Linux.pgi.64.openmpi.default ESMF_MODDIR=/work/noaa/da/mpotts/sandbox/pgi_2019_openmpi_g/DEFAULTINSTALLDIR/mod/modg/Linux.pgi.64.openmpi.default
make[2]: Entering directory `/work/noaa/da/mpotts/sandbox/pgi_2019_openmpi_g'
cd /work/noaa/da/mpotts/sandbox/pgi_2019_openmpi_g/src/apps; make ACTION=tree_build_apps tree
make[3]: Entering directory `/work/noaa/da/mpotts/sandbox/pgi_2019_openmpi_g/src/apps'
tree_build_apps in: /work/noaa/da/mpotts/sandbox/pgi_2019_openmpi_g/src/apps/ESMF_PrintInfo
make[4]: Entering directory `/work/noaa/da/mpotts/sandbox/pgi_2019_openmpi_g/src/apps/ESMF_PrintInfo'
make chkdir_locobj
make[5]: Entering directory `/work/noaa/da/mpotts/sandbox/pgi_2019_openmpi_g/src/apps/ESMF_PrintInfo'
Making directory /work/noaa/da/mpotts/sandbox/pgi_2019_openmpi_g/obj/objg/Linux.pgi.64.openmpi.default/src/apps/ESMF_PrintInfo for apps output
make[5]: Leaving directory `/work/noaa/da/mpotts/sandbox/pgi_2019_openmpi_g/src/apps/ESMF_PrintInfo'
mpif90 -c -g -fpic -Mallocatable=03 -lpthread -I/work/noaa/da/mpotts/sandbox/pgi_2019_openmpi_g/src/apps/ESMF_PrintInfo -I/work/noaa/da/mpotts/sandbox/pgi_2019_openmpi_g/build_config/Linux.pgi.default -I/work/noaa/da/mpotts/sandbox/pgi_2019_openmpi_g/src/Infrastructure -I/work/noaa/da/mpotts/sandbox/pgi_2019_openmpi_g/src/Superstructure -I/work/noaa/da/mpotts/sandbox/pgi_2019_openmpi_g/DEFAULTINSTALLDIR/mod/modg/Linux.pgi.64.openmpi.default -I/work/noaa/da/mpotts/sandbox/pgi_2019_openmpi_g/src/include -I/apps/pgi-2019/netcdf-4.7.4/include -I/apps/pgi-2019/netcdf-4.7.4/include  -DESMF_NO_INTEGER_1_BYTE -DESMF_NO_INTEGER_2_BYTE -DESMFVERSIONGIT='"ESMF_8_1_0_beta_snapshot_47-55-g845ba43"' -DESMF_MOAB=1 -DESMF_LAPACK=1 -DESMF_LAPACK_INTERNAL=1 -DESMF_NO_ACC_SOFTWARE_STACK=1 -DESMF_NETCDF=1 -DESMF_YAMLCPP=1 -DESMF_YAML=1 -DESMF_PIO=1 -DESMF_MPIIO -DESMF_NO_OPENMP -DESMF_NO_OPENACC -DESMF_TESTEXHAUSTIVE -DESMF_BOPT_g -DESMF_TESTCOMPTUNNEL -DESMF_TESTWITHTHREADS -DSx86_64_small=1 -DESMF_OS_Linux=1 -DESMF_COMM=openmpi -DESMF_DIR=/work/noaa/da/mpotts/sandbox/pgi_2019_openmpi_g -DESMF_PGIVERSION_MAJOR=19 -DESMF_PGIVERSION_MINOR=9 -DESMF_PGIVERSION_PATCH=0 -DESMF_NO_F2018ASSUMEDTYPE ESMF_PrintInfo.F90 -o /work/noaa/da/mpotts/sandbox/pgi_2019_openmpi_g/obj/objg/Linux.pgi.64.openmpi.default/src/apps/ESMF_PrintInfo/ESMF_PrintInfo.o
make chkdir_apps
make[5]: Entering directory `/work/noaa/da/mpotts/sandbox/pgi_2019_openmpi_g/src/apps/ESMF_PrintInfo'
make[5]: Leaving directory `/work/noaa/da/mpotts/sandbox/pgi_2019_openmpi_g/src/apps/ESMF_PrintInfo'
mpifort    -lpthread -Wl,--no-as-needed -L/work/noaa/da/mpotts/sandbox/pgi_2019_openmpi_g/DEFAULTINSTALLDIR/lib/libg/Linux.pgi.64.openmpi.default -L/apps/pgi-2019/netcdf-4.7.4/lib -L/apps/pgi-2019/netcdf-4.7.4/lib -L/apps/pgi-2019/pgi-2019-19.9/linux86-64-llvm/19.9/libso -Wl,-rpath,/work/noaa/da/mpotts/sandbox/pgi_2019_openmpi_g/DEFAULTINSTALLDIR/lib/libg/Linux.pgi.64.openmpi.default -Wl,-rpath,/apps/pgi-2019/netcdf-4.7.4/lib -Wl,-rpath,/apps/pgi-2019/netcdf-4.7.4/lib -Wl,-rpath,/apps/pgi-2019/pgi-2019-19.9/linux86-64-llvm/19.9/libso -o /work/noaa/da/mpotts/sandbox/pgi_2019_openmpi_g/DEFAULTINSTALLDIR/bin/bing/Linux.pgi.64.openmpi.default/ESMF_PrintInfo /work/noaa/da/mpotts/sandbox/pgi_2019_openmpi_g/obj/objg/Linux.pgi.64.openmpi.default/src/apps/ESMF_PrintInfo/ESMF_PrintInfo.o -lesmf   -pgc++libs -ldl -lnetcdf -lnetcdff
make[4]: Leaving directory `/work/noaa/da/mpotts/sandbox/pgi_2019_openmpi_g/src/apps/ESMF_PrintInfo'
tree_build_apps in: /work/noaa/da/mpotts/sandbox/pgi_2019_openmpi_g/src/apps/ESMF_PrintInfoC
make[4]: Entering directory `/work/noaa/da/mpotts/sandbox/pgi_2019_openmpi_g/src/apps/ESMF_PrintInfoC'
make chkdir_locobj
make[5]: Entering directory `/work/noaa/da/mpotts/sandbox/pgi_2019_openmpi_g/src/apps/ESMF_PrintInfoC'
Making directory /work/noaa/da/mpotts/sandbox/pgi_2019_openmpi_g/obj/objg/Linux.pgi.64.openmpi.default/src/apps/ESMF_PrintInfoC for apps output
make[5]: Leaving directory `/work/noaa/da/mpotts/sandbox/pgi_2019_openmpi_g/src/apps/ESMF_PrintInfoC'
mpicxx -c -std=c++11 -g -fpic -lpthread -I/work/noaa/da/mpotts/sandbox/pgi_2019_openmpi_g/src/apps/ESMF_PrintInfoC -I/work/noaa/da/mpotts/sandbox/pgi_2019_openmpi_g/src/apps/ESMF_PrintInfoC/../include -I/work/noaa/da/mpotts/sandbox/pgi_2019_openmpi_g/build_config/Linux.pgi.default -I/work/noaa/da/mpotts/sandbox/pgi_2019_openmpi_g/src/Infrastructure -I/work/noaa/da/mpotts/sandbox/pgi_2019_openmpi_g/src/Superstructure -I/work/noaa/da/mpotts/sandbox/pgi_2019_openmpi_g/src/Infrastructure/stubs/pthread  -I/work/noaa/da/mpotts/sandbox/pgi_2019_openmpi_g/src/include  -I/apps/pgi-2019/netcdf-4.7.4/include -I/work/noaa/da/mpotts/sandbox/pgi_2019_openmpi_g/src/prologue/yaml-cpp/include -DESMF_NO_INTEGER_1_BYTE -DESMF_NO_INTEGER_2_BYTE -DESMFVERSIONGIT='"ESMF_8_1_0_beta_snapshot_47-55-g845ba43"' -DESMF_MOAB=1 -DESMF_LAPACK=1 -DESMF_LAPACK_INTERNAL=1 -DESMF_NO_ACC_SOFTWARE_STACK=1 -DESMF_NETCDF=1 -DESMF_YAMLCPP=1 -DESMF_YAML=1 -DESMF_PIO=1 -DESMF_MPIIO -DESMF_NO_OPENMP -DESMF_NO_OPENACC -DESMF_TESTEXHAUSTIVE -DESMF_BOPT_g -DESMF_TESTCOMPTUNNEL -DESMF_TESTWITHTHREADS -DSx86_64_small=1 -DESMF_OS_Linux=1 -DESMF_COMM=openmpi -DESMF_DIR=/work/noaa/da/mpotts/sandbox/pgi_2019_openmpi_g -D__SDIR__='"src/apps/ESMF_PrintInfoC"' -DESMF_CXXSTD=11 -DESMF_NO_SIGUSR2 -DESMF_PGIVERSION_MAJOR=19 -DESMF_PGIVERSION_MINOR=9 -DESMF_PGIVERSION_PATCH=0 -DESMF_NO_F2018ASSUMEDTYPE ESMF_PrintInfoC.c -o /work/noaa/da/mpotts/sandbox/pgi_2019_openmpi_g/obj/objg/Linux.pgi.64.openmpi.default/src/apps/ESMF_PrintInfoC/ESMF_PrintInfoC.o
make chkdir_apps
make[5]: Entering directory `/work/noaa/da/mpotts/sandbox/pgi_2019_openmpi_g/src/apps/ESMF_PrintInfoC'
make[5]: Leaving directory `/work/noaa/da/mpotts/sandbox/pgi_2019_openmpi_g/src/apps/ESMF_PrintInfoC'
mpicxx    -lpthread -Wl,--no-as-needed -L/work/noaa/da/mpotts/sandbox/pgi_2019_openmpi_g/DEFAULTINSTALLDIR/lib/libg/Linux.pgi.64.openmpi.default -L/apps/pgi-2019/netcdf-4.7.4/lib -L/apps/pgi-2019/netcdf-4.7.4/lib -L/apps/pgi-2019/pgi-2019-19.9/linux86-64-llvm/19.9/libso -Wl,-rpath,/work/noaa/da/mpotts/sandbox/pgi_2019_openmpi_g/DEFAULTINSTALLDIR/lib/libg/Linux.pgi.64.openmpi.default -Wl,-rpath,/apps/pgi-2019/netcdf-4.7.4/lib -Wl,-rpath,/apps/pgi-2019/netcdf-4.7.4/lib -Wl,-rpath,/apps/pgi-2019/pgi-2019-19.9/linux86-64-llvm/19.9/libso -o /work/noaa/da/mpotts/sandbox/pgi_2019_openmpi_g/DEFAULTINSTALLDIR/bin/bing/Linux.pgi.64.openmpi.default/ESMF_PrintInfoC /work/noaa/da/mpotts/sandbox/pgi_2019_openmpi_g/obj/objg/Linux.pgi.64.openmpi.default/src/apps/ESMF_PrintInfoC/ESMF_PrintInfoC.o -lesmf  -lmpi_mpifh -pgf90libs -ldl -lnetcdf -lnetcdff
make[4]: Leaving directory `/work/noaa/da/mpotts/sandbox/pgi_2019_openmpi_g/src/apps/ESMF_PrintInfoC'
tree_build_apps in: /work/noaa/da/mpotts/sandbox/pgi_2019_openmpi_g/src/apps/ESMF_RegridWeightGen
make[4]: Entering directory `/work/noaa/da/mpotts/sandbox/pgi_2019_openmpi_g/src/apps/ESMF_RegridWeightGen'
make chkdir_locobj
make[5]: Entering directory `/work/noaa/da/mpotts/sandbox/pgi_2019_openmpi_g/src/apps/ESMF_RegridWeightGen'
Making directory /work/noaa/da/mpotts/sandbox/pgi_2019_openmpi_g/obj/objg/Linux.pgi.64.openmpi.default/src/apps/ESMF_RegridWeightGen for apps output
make[5]: Leaving directory `/work/noaa/da/mpotts/sandbox/pgi_2019_openmpi_g/src/apps/ESMF_RegridWeightGen'
mpif90 -c -g -fpic -Mallocatable=03 -lpthread -I/work/noaa/da/mpotts/sandbox/pgi_2019_openmpi_g/src/apps/ESMF_RegridWeightGen -I/work/noaa/da/mpotts/sandbox/pgi_2019_openmpi_g/build_config/Linux.pgi.default -I/work/noaa/da/mpotts/sandbox/pgi_2019_openmpi_g/src/Infrastructure -I/work/noaa/da/mpotts/sandbox/pgi_2019_openmpi_g/src/Superstructure -I/work/noaa/da/mpotts/sandbox/pgi_2019_openmpi_g/DEFAULTINSTALLDIR/mod/modg/Linux.pgi.64.openmpi.default -I/work/noaa/da/mpotts/sandbox/pgi_2019_openmpi_g/src/include -I/apps/pgi-2019/netcdf-4.7.4/include -I/apps/pgi-2019/netcdf-4.7.4/include  -DESMF_NO_INTEGER_1_BYTE -DESMF_NO_INTEGER_2_BYTE -DESMFVERSIONGIT='"ESMF_8_1_0_beta_snapshot_47-55-g845ba43"' -DESMF_MOAB=1 -DESMF_LAPACK=1 -DESMF_LAPACK_INTERNAL=1 -DESMF_NO_ACC_SOFTWARE_STACK=1 -DESMF_NETCDF=1 -DESMF_YAMLCPP=1 -DESMF_YAML=1 -DESMF_PIO=1 -DESMF_MPIIO -DESMF_NO_OPENMP -DESMF_NO_OPENACC -DESMF_TESTEXHAUSTIVE -DESMF_BOPT_g -DESMF_TESTCOMPTUNNEL -DESMF_TESTWITHTHREADS -DSx86_64_small=1 -DESMF_OS_Linux=1 -DESMF_COMM=openmpi -DESMF_DIR=/work/noaa/da/mpotts/sandbox/pgi_2019_openmpi_g -DESMF_PGIVERSION_MAJOR=19 -DESMF_PGIVERSION_MINOR=9 -DESMF_PGIVERSION_PATCH=0 -DESMF_NO_F2018ASSUMEDTYPE ESMF_RegridWeightGen.F90 -o /work/noaa/da/mpotts/sandbox/pgi_2019_openmpi_g/obj/objg/Linux.pgi.64.openmpi.default/src/apps/ESMF_RegridWeightGen/ESMF_RegridWeightGen.o
make chkdir_apps
make[5]: Entering directory `/work/noaa/da/mpotts/sandbox/pgi_2019_openmpi_g/src/apps/ESMF_RegridWeightGen'
make[5]: Leaving directory `/work/noaa/da/mpotts/sandbox/pgi_2019_openmpi_g/src/apps/ESMF_RegridWeightGen'
mpifort    -lpthread -Wl,--no-as-needed -L/work/noaa/da/mpotts/sandbox/pgi_2019_openmpi_g/DEFAULTINSTALLDIR/lib/libg/Linux.pgi.64.openmpi.default -L/apps/pgi-2019/netcdf-4.7.4/lib -L/apps/pgi-2019/netcdf-4.7.4/lib -L/apps/pgi-2019/pgi-2019-19.9/linux86-64-llvm/19.9/libso -Wl,-rpath,/work/noaa/da/mpotts/sandbox/pgi_2019_openmpi_g/DEFAULTINSTALLDIR/lib/libg/Linux.pgi.64.openmpi.default -Wl,-rpath,/apps/pgi-2019/netcdf-4.7.4/lib -Wl,-rpath,/apps/pgi-2019/netcdf-4.7.4/lib -Wl,-rpath,/apps/pgi-2019/pgi-2019-19.9/linux86-64-llvm/19.9/libso -o /work/noaa/da/mpotts/sandbox/pgi_2019_openmpi_g/DEFAULTINSTALLDIR/bin/bing/Linux.pgi.64.openmpi.default/ESMF_RegridWeightGen /work/noaa/da/mpotts/sandbox/pgi_2019_openmpi_g/obj/objg/Linux.pgi.64.openmpi.default/src/apps/ESMF_RegridWeightGen/ESMF_RegridWeightGen.o -lesmf   -pgc++libs -ldl -lnetcdf -lnetcdff
make[4]: Leaving directory `/work/noaa/da/mpotts/sandbox/pgi_2019_openmpi_g/src/apps/ESMF_RegridWeightGen'
tree_build_apps in: /work/noaa/da/mpotts/sandbox/pgi_2019_openmpi_g/src/apps/ESMF_WebServController
make[4]: Entering directory `/work/noaa/da/mpotts/sandbox/pgi_2019_openmpi_g/src/apps/ESMF_WebServController'
make chkdir_locobj
make[5]: Entering directory `/work/noaa/da/mpotts/sandbox/pgi_2019_openmpi_g/src/apps/ESMF_WebServController'
Making directory /work/noaa/da/mpotts/sandbox/pgi_2019_openmpi_g/obj/objg/Linux.pgi.64.openmpi.default/src/apps/ESMF_WebServController for apps output
make[5]: Leaving directory `/work/noaa/da/mpotts/sandbox/pgi_2019_openmpi_g/src/apps/ESMF_WebServController'
mpicxx -c -std=c++11 -g -fpic -lpthread -I/work/noaa/da/mpotts/sandbox/pgi_2019_openmpi_g/src/apps/ESMF_WebServController -I/work/noaa/da/mpotts/sandbox/pgi_2019_openmpi_g/src/apps/ESMF_WebServController/../include -I/work/noaa/da/mpotts/sandbox/pgi_2019_openmpi_g/build_config/Linux.pgi.default -I/work/noaa/da/mpotts/sandbox/pgi_2019_openmpi_g/src/Infrastructure -I/work/noaa/da/mpotts/sandbox/pgi_2019_openmpi_g/src/Superstructure -I/work/noaa/da/mpotts/sandbox/pgi_2019_openmpi_g/src/Infrastructure/stubs/pthread  -I/work/noaa/da/mpotts/sandbox/pgi_2019_openmpi_g/src/include  -I/apps/pgi-2019/netcdf-4.7.4/include -I/work/noaa/da/mpotts/sandbox/pgi_2019_openmpi_g/src/prologue/yaml-cpp/include -DESMF_NO_INTEGER_1_BYTE -DESMF_NO_INTEGER_2_BYTE -DESMFVERSIONGIT='"ESMF_8_1_0_beta_snapshot_47-55-g845ba43"' -DESMF_MOAB=1 -DESMF_LAPACK=1 -DESMF_LAPACK_INTERNAL=1 -DESMF_NO_ACC_SOFTWARE_STACK=1 -DESMF_NETCDF=1 -DESMF_YAMLCPP=1 -DESMF_YAML=1 -DESMF_PIO=1 -DESMF_MPIIO -DESMF_NO_OPENMP -DESMF_NO_OPENACC -DESMF_TESTEXHAUSTIVE -DESMF_BOPT_g -DESMF_TESTCOMPTUNNEL -DESMF_TESTWITHTHREADS -DSx86_64_small=1 -DESMF_OS_Linux=1 -DESMF_COMM=openmpi -DESMF_DIR=/work/noaa/da/mpotts/sandbox/pgi_2019_openmpi_g -D__SDIR__='"src/apps/ESMF_WebServController"' -DESMF_CXXSTD=11 -DESMF_NO_SIGUSR2 -DESMF_PGIVERSION_MAJOR=19 -DESMF_PGIVERSION_MINOR=9 -DESMF_PGIVERSION_PATCH=0 -DESMF_NO_F2018ASSUMEDTYPE ESMF_WebServController.C -o /work/noaa/da/mpotts/sandbox/pgi_2019_openmpi_g/obj/objg/Linux.pgi.64.openmpi.default/src/apps/ESMF_WebServController/ESMF_WebServController.o
make chkdir_apps
make[5]: Entering directory `/work/noaa/da/mpotts/sandbox/pgi_2019_openmpi_g/src/apps/ESMF_WebServController'
make[5]: Leaving directory `/work/noaa/da/mpotts/sandbox/pgi_2019_openmpi_g/src/apps/ESMF_WebServController'
mpicxx    -lpthread -Wl,--no-as-needed -L/work/noaa/da/mpotts/sandbox/pgi_2019_openmpi_g/DEFAULTINSTALLDIR/lib/libg/Linux.pgi.64.openmpi.default -L/apps/pgi-2019/netcdf-4.7.4/lib -L/apps/pgi-2019/netcdf-4.7.4/lib -L/apps/pgi-2019/pgi-2019-19.9/linux86-64-llvm/19.9/libso -Wl,-rpath,/work/noaa/da/mpotts/sandbox/pgi_2019_openmpi_g/DEFAULTINSTALLDIR/lib/libg/Linux.pgi.64.openmpi.default -Wl,-rpath,/apps/pgi-2019/netcdf-4.7.4/lib -Wl,-rpath,/apps/pgi-2019/netcdf-4.7.4/lib -Wl,-rpath,/apps/pgi-2019/pgi-2019-19.9/linux86-64-llvm/19.9/libso -o /work/noaa/da/mpotts/sandbox/pgi_2019_openmpi_g/DEFAULTINSTALLDIR/bin/bing/Linux.pgi.64.openmpi.default/ESMF_WebServController /work/noaa/da/mpotts/sandbox/pgi_2019_openmpi_g/obj/objg/Linux.pgi.64.openmpi.default/src/apps/ESMF_WebServController/ESMF_WebServController.o -lesmf  -lmpi_mpifh -pgf90libs -ldl -lnetcdf -lnetcdff
make[4]: Leaving directory `/work/noaa/da/mpotts/sandbox/pgi_2019_openmpi_g/src/apps/ESMF_WebServController'
tree_build_apps in: /work/noaa/da/mpotts/sandbox/pgi_2019_openmpi_g/src/apps/ESMF_Scrip2Unstruct
make[4]: Entering directory `/work/noaa/da/mpotts/sandbox/pgi_2019_openmpi_g/src/apps/ESMF_Scrip2Unstruct'
make chkdir_locobj
make[5]: Entering directory `/work/noaa/da/mpotts/sandbox/pgi_2019_openmpi_g/src/apps/ESMF_Scrip2Unstruct'
Making directory /work/noaa/da/mpotts/sandbox/pgi_2019_openmpi_g/obj/objg/Linux.pgi.64.openmpi.default/src/apps/ESMF_Scrip2Unstruct for apps output
make[5]: Leaving directory `/work/noaa/da/mpotts/sandbox/pgi_2019_openmpi_g/src/apps/ESMF_Scrip2Unstruct'
mpicxx -c -std=c++11 -g -fpic -lpthread -I/work/noaa/da/mpotts/sandbox/pgi_2019_openmpi_g/src/apps/ESMF_Scrip2Unstruct -I/work/noaa/da/mpotts/sandbox/pgi_2019_openmpi_g/src/apps/ESMF_Scrip2Unstruct/../include -I/work/noaa/da/mpotts/sandbox/pgi_2019_openmpi_g/build_config/Linux.pgi.default -I/work/noaa/da/mpotts/sandbox/pgi_2019_openmpi_g/src/Infrastructure -I/work/noaa/da/mpotts/sandbox/pgi_2019_openmpi_g/src/Superstructure -I/work/noaa/da/mpotts/sandbox/pgi_2019_openmpi_g/src/Infrastructure/stubs/pthread  -I/work/noaa/da/mpotts/sandbox/pgi_2019_openmpi_g/src/include  -I/apps/pgi-2019/netcdf-4.7.4/include -I/work/noaa/da/mpotts/sandbox/pgi_2019_openmpi_g/src/prologue/yaml-cpp/include -DESMF_NO_INTEGER_1_BYTE -DESMF_NO_INTEGER_2_BYTE -DESMFVERSIONGIT='"ESMF_8_1_0_beta_snapshot_47-55-g845ba43"' -DESMF_MOAB=1 -DESMF_LAPACK=1 -DESMF_LAPACK_INTERNAL=1 -DESMF_NO_ACC_SOFTWARE_STACK=1 -DESMF_NETCDF=1 -DESMF_YAMLCPP=1 -DESMF_YAML=1 -DESMF_PIO=1 -DESMF_MPIIO -DESMF_NO_OPENMP -DESMF_NO_OPENACC -DESMF_TESTEXHAUSTIVE -DESMF_BOPT_g -DESMF_TESTCOMPTUNNEL -DESMF_TESTWITHTHREADS -DSx86_64_small=1 -DESMF_OS_Linux=1 -DESMF_COMM=openmpi -DESMF_DIR=/work/noaa/da/mpotts/sandbox/pgi_2019_openmpi_g -D__SDIR__='"src/apps/ESMF_Scrip2Unstruct"' -DESMF_CXXSTD=11 -DESMF_NO_SIGUSR2 -DESMF_PGIVERSION_MAJOR=19 -DESMF_PGIVERSION_MINOR=9 -DESMF_PGIVERSION_PATCH=0 -DESMF_NO_F2018ASSUMEDTYPE ESMF_Scrip2Unstruct.C -o /work/noaa/da/mpotts/sandbox/pgi_2019_openmpi_g/obj/objg/Linux.pgi.64.openmpi.default/src/apps/ESMF_Scrip2Unstruct/ESMF_Scrip2Unstruct.o
"ESMF_Scrip2Unstruct.C", line 403: warning: variable "startind" was set but
          never used
    int ind, startind;
             ^

"ESMF_Scrip2Unstruct.C", line 407: warning: variable "offset" was declared but
          never referenced
    int alltotal, mypart, left, offset, mystart, mystartelement;
                                ^

"ESMF_Scrip2Unstruct.C", line 420: warning: variable "ogr_dimid" was declared
          but never referenced
    int ogr_dimid, ogd_id;  
        ^

"ESMF_Scrip2Unstruct.C", line 692: warning: variable "mycount" was declared but
          never referenced
    int mycount = 0;
        ^

make chkdir_apps
make[5]: Entering directory `/work/noaa/da/mpotts/sandbox/pgi_2019_openmpi_g/src/apps/ESMF_Scrip2Unstruct'
make[5]: Leaving directory `/work/noaa/da/mpotts/sandbox/pgi_2019_openmpi_g/src/apps/ESMF_Scrip2Unstruct'
mpicxx    -lpthread -Wl,--no-as-needed -L/work/noaa/da/mpotts/sandbox/pgi_2019_openmpi_g/DEFAULTINSTALLDIR/lib/libg/Linux.pgi.64.openmpi.default -L/apps/pgi-2019/netcdf-4.7.4/lib -L/apps/pgi-2019/netcdf-4.7.4/lib -L/apps/pgi-2019/pgi-2019-19.9/linux86-64-llvm/19.9/libso -Wl,-rpath,/work/noaa/da/mpotts/sandbox/pgi_2019_openmpi_g/DEFAULTINSTALLDIR/lib/libg/Linux.pgi.64.openmpi.default -Wl,-rpath,/apps/pgi-2019/netcdf-4.7.4/lib -Wl,-rpath,/apps/pgi-2019/netcdf-4.7.4/lib -Wl,-rpath,/apps/pgi-2019/pgi-2019-19.9/linux86-64-llvm/19.9/libso -o /work/noaa/da/mpotts/sandbox/pgi_2019_openmpi_g/DEFAULTINSTALLDIR/bin/bing/Linux.pgi.64.openmpi.default/ESMF_Scrip2Unstruct /work/noaa/da/mpotts/sandbox/pgi_2019_openmpi_g/obj/objg/Linux.pgi.64.openmpi.default/src/apps/ESMF_Scrip2Unstruct/ESMF_Scrip2Unstruct.o -lesmf  -lmpi_mpifh -pgf90libs -ldl -lnetcdf -lnetcdff
make[4]: Leaving directory `/work/noaa/da/mpotts/sandbox/pgi_2019_openmpi_g/src/apps/ESMF_Scrip2Unstruct'
tree_build_apps in: /work/noaa/da/mpotts/sandbox/pgi_2019_openmpi_g/src/apps/ESMF_Regrid
make[4]: Entering directory `/work/noaa/da/mpotts/sandbox/pgi_2019_openmpi_g/src/apps/ESMF_Regrid'
make chkdir_locobj
make[5]: Entering directory `/work/noaa/da/mpotts/sandbox/pgi_2019_openmpi_g/src/apps/ESMF_Regrid'
Making directory /work/noaa/da/mpotts/sandbox/pgi_2019_openmpi_g/obj/objg/Linux.pgi.64.openmpi.default/src/apps/ESMF_Regrid for apps output
make[5]: Leaving directory `/work/noaa/da/mpotts/sandbox/pgi_2019_openmpi_g/src/apps/ESMF_Regrid'
mpif90 -c -g -fpic -Mallocatable=03 -lpthread -I/work/noaa/da/mpotts/sandbox/pgi_2019_openmpi_g/src/apps/ESMF_Regrid -I/work/noaa/da/mpotts/sandbox/pgi_2019_openmpi_g/build_config/Linux.pgi.default -I/work/noaa/da/mpotts/sandbox/pgi_2019_openmpi_g/src/Infrastructure -I/work/noaa/da/mpotts/sandbox/pgi_2019_openmpi_g/src/Superstructure -I/work/noaa/da/mpotts/sandbox/pgi_2019_openmpi_g/DEFAULTINSTALLDIR/mod/modg/Linux.pgi.64.openmpi.default -I/work/noaa/da/mpotts/sandbox/pgi_2019_openmpi_g/src/include -I/apps/pgi-2019/netcdf-4.7.4/include -I/apps/pgi-2019/netcdf-4.7.4/include  -DESMF_NO_INTEGER_1_BYTE -DESMF_NO_INTEGER_2_BYTE -DESMFVERSIONGIT='"ESMF_8_1_0_beta_snapshot_47-55-g845ba43"' -DESMF_MOAB=1 -DESMF_LAPACK=1 -DESMF_LAPACK_INTERNAL=1 -DESMF_NO_ACC_SOFTWARE_STACK=1 -DESMF_NETCDF=1 -DESMF_YAMLCPP=1 -DESMF_YAML=1 -DESMF_PIO=1 -DESMF_MPIIO -DESMF_NO_OPENMP -DESMF_NO_OPENACC -DESMF_TESTEXHAUSTIVE -DESMF_BOPT_g -DESMF_TESTCOMPTUNNEL -DESMF_TESTWITHTHREADS -DSx86_64_small=1 -DESMF_OS_Linux=1 -DESMF_COMM=openmpi -DESMF_DIR=/work/noaa/da/mpotts/sandbox/pgi_2019_openmpi_g -DESMF_PGIVERSION_MAJOR=19 -DESMF_PGIVERSION_MINOR=9 -DESMF_PGIVERSION_PATCH=0 -DESMF_NO_F2018ASSUMEDTYPE ESMF_Regrid.F90 -o /work/noaa/da/mpotts/sandbox/pgi_2019_openmpi_g/obj/objg/Linux.pgi.64.openmpi.default/src/apps/ESMF_Regrid/ESMF_Regrid.o
make chkdir_apps
make[5]: Entering directory `/work/noaa/da/mpotts/sandbox/pgi_2019_openmpi_g/src/apps/ESMF_Regrid'
make[5]: Leaving directory `/work/noaa/da/mpotts/sandbox/pgi_2019_openmpi_g/src/apps/ESMF_Regrid'
mpifort    -lpthread -Wl,--no-as-needed -L/work/noaa/da/mpotts/sandbox/pgi_2019_openmpi_g/DEFAULTINSTALLDIR/lib/libg/Linux.pgi.64.openmpi.default -L/apps/pgi-2019/netcdf-4.7.4/lib -L/apps/pgi-2019/netcdf-4.7.4/lib -L/apps/pgi-2019/pgi-2019-19.9/linux86-64-llvm/19.9/libso -Wl,-rpath,/work/noaa/da/mpotts/sandbox/pgi_2019_openmpi_g/DEFAULTINSTALLDIR/lib/libg/Linux.pgi.64.openmpi.default -Wl,-rpath,/apps/pgi-2019/netcdf-4.7.4/lib -Wl,-rpath,/apps/pgi-2019/netcdf-4.7.4/lib -Wl,-rpath,/apps/pgi-2019/pgi-2019-19.9/linux86-64-llvm/19.9/libso -o /work/noaa/da/mpotts/sandbox/pgi_2019_openmpi_g/DEFAULTINSTALLDIR/bin/bing/Linux.pgi.64.openmpi.default/ESMF_Regrid /work/noaa/da/mpotts/sandbox/pgi_2019_openmpi_g/obj/objg/Linux.pgi.64.openmpi.default/src/apps/ESMF_Regrid/ESMF_Regrid.o -lesmf   -pgc++libs -ldl -lnetcdf -lnetcdff
make[4]: Leaving directory `/work/noaa/da/mpotts/sandbox/pgi_2019_openmpi_g/src/apps/ESMF_Regrid'
make[3]: Leaving directory `/work/noaa/da/mpotts/sandbox/pgi_2019_openmpi_g/src/apps'
ESMF apps built successfully.
make[2]: Leaving directory `/work/noaa/da/mpotts/sandbox/pgi_2019_openmpi_g'
make[1]: Leaving directory `/work/noaa/da/mpotts/sandbox/pgi_2019_openmpi_g'
mkdir -p /work/noaa/da/mpotts/sandbox/pgi_2019_openmpi_g/DEFAULTINSTALLDIR/doc
make install_info_mk
make[1]: Entering directory `/work/noaa/da/mpotts/sandbox/pgi_2019_openmpi_g'
make info_mk ESMF_APPSDIR=/work/noaa/da/mpotts/sandbox/pgi_2019_openmpi_g/DEFAULTINSTALLDIR/bin/bing/Linux.pgi.64.openmpi.default ESMF_LDIR=/work/noaa/da/mpotts/sandbox/pgi_2019_openmpi_g/DEFAULTINSTALLDIR/lib/libg/Linux.pgi.64.openmpi.default ESMF_LIBDIR=/work/noaa/da/mpotts/sandbox/pgi_2019_openmpi_g/DEFAULTINSTALLDIR/lib/libg/Linux.pgi.64.openmpi.default ESMF_MODDIR=/work/noaa/da/mpotts/sandbox/pgi_2019_openmpi_g/DEFAULTINSTALLDIR/mod/modg/Linux.pgi.64.openmpi.default ESMF_INCDIR=/work/noaa/da/mpotts/sandbox/pgi_2019_openmpi_g/DEFAULTINSTALLDIR/include
make[2]: Entering directory `/work/noaa/da/mpotts/sandbox/pgi_2019_openmpi_g'
make[2]: Leaving directory `/work/noaa/da/mpotts/sandbox/pgi_2019_openmpi_g'
make[1]: Leaving directory `/work/noaa/da/mpotts/sandbox/pgi_2019_openmpi_g'
 
ESMF installation complete.
 
