forrtl: severe (174): SIGSEGV, segmentation fault occurred
Image              PC                Routine            Line        Source             
ESMF_TraceUserEx   000000010CD6AE74  Unknown               Unknown  Unknown
libsystem_platfor  00007FFF6A61FB5D  Unknown               Unknown  Unknown
libmpi.40.dylib    000000011148D2A1  Unknown               Unknown  Unknown
libesmf.dylib      000000010DB8D178  Unknown               Unknown  Unknown
libesmf.dylib      000000010DB6C739  Unknown               Unknown  Unknown
libesmf.dylib      000000010DBB794C  Unknown               Unknown  Unknown
libesmf.dylib      000000010ED8245C  Unknown               Unknown  Unknown
libesmf.dylib      000000010E98799E  Unknown               Unknown  Unknown
libesmf.dylib      000000010E98710F  Unknown               Unknown  Unknown
ESMF_TraceUserEx   000000010CD44D71  _MAIN__                    77  ESMF_TraceUserEx.F90
ESMF_TraceUserEx   000000010CD44B5E  Unknown               Unknown  Unknown
forrtl: severe (174): SIGSEGV, segmentation fault occurred
Image              PC                Routine            Line        Source             
ESMF_TraceUserEx   0000000103ED1E74  Unknown               Unknown  Unknown
libsystem_platfor  00007FFF6A61FB5D  Unknown               Unknown  Unknown
libmpi.40.dylib    00000001042BC2A1  Unknown               Unknown  Unknown
libesmf.dylib      0000000108EB7178  Unknown               Unknown  Unknown
libesmf.dylib      0000000108E96739  Unknown               Unknown  Unknown
libesmf.dylib      0000000108EE194C  Unknown               Unknown  Unknown
libesmf.dylib      000000010A0AC45C  Unknown               Unknown  Unknown
libesmf.dylib      0000000109CB199E  Unknown               Unknown  Unknown
libesmf.dylib      0000000109CB110F  Unknown               Unknown  Unknown
ESMF_TraceUserEx   0000000103EABD71  _MAIN__                    77  ESMF_TraceUserEx.F90
ESMF_TraceUserEx   0000000103EABB5E  Unknown               Unknown  Unknown
forrtl: severe (174): SIGSEGV, segmentation fault occurred
Image              PC                Routine            Line        Source             
ESMF_TraceUserEx   0000000105694E74  Unknown               Unknown  Unknown
libsystem_platfor  00007FFF6A61FB5D  Unknown               Unknown  Unknown
libmpi.40.dylib    0000000109DA62A1  Unknown               Unknown  Unknown
libesmf.dylib      00000001064B1178  Unknown               Unknown  Unknown
libesmf.dylib      0000000106490739  Unknown               Unknown  Unknown
libesmf.dylib      00000001064DB94C  Unknown               Unknown  Unknown
libesmf.dylib      00000001076A645C  Unknown               Unknown  Unknown
libesmf.dylib      00000001072AB99E  Unknown               Unknown  Unknown
libesmf.dylib      00000001072AB10F  Unknown               Unknown  Unknown
ESMF_TraceUserEx   000000010566ED71  _MAIN__                    77  ESMF_TraceUserEx.F90
ESMF_TraceUserEx   000000010566EB5E  Unknown               Unknown  Unknown
forrtl: severe (174): SIGSEGV, segmentation fault occurred
Image              PC                Routine            Line        Source             
ESMF_TraceUserEx   000000010B196E74  Unknown               Unknown  Unknown
libsystem_platfor  00007FFF6A61FB5D  Unknown               Unknown  Unknown
libmpi.40.dylib    000000010F8B12A1  Unknown               Unknown  Unknown
libesmf.dylib      000000010BFB9178  Unknown               Unknown  Unknown
libesmf.dylib      000000010BF98739  Unknown               Unknown  Unknown
libesmf.dylib      000000010BFE394C  Unknown               Unknown  Unknown
libesmf.dylib      000000010D1AE45C  Unknown               Unknown  Unknown
libesmf.dylib      000000010CDB399E  Unknown               Unknown  Unknown
libesmf.dylib      000000010CDB310F  Unknown               Unknown  Unknown
ESMF_TraceUserEx   000000010B170D71  _MAIN__                    77  ESMF_TraceUserEx.F90
ESMF_TraceUserEx   000000010B170B5E  Unknown               Unknown  Unknown
