forrtl: severe (174): SIGSEGV, segmentation fault occurred
Image              PC                Routine            Line        Source             
ESMF_XGridEx       0000000101B1EAF4  Unknown               Unknown  Unknown
libsystem_platfor  00007FFF6A61FB5D  Unknown               Unknown  Unknown
libmpi.40.dylib    00000001062402A1  Unknown               Unknown  Unknown
libesmf.dylib      000000010293F178  Unknown               Unknown  Unknown
libesmf.dylib      000000010291E739  Unknown               Unknown  Unknown
libesmf.dylib      000000010296994C  Unknown               Unknown  Unknown
libesmf.dylib      0000000103B3445C  Unknown               Unknown  Unknown
libesmf.dylib      000000010373999E  Unknown               Unknown  Unknown
libesmf.dylib      000000010373910F  Unknown               Unknown  Unknown
ESMF_XGridEx       0000000101AF29D5  _MAIN__                    64  ESMF_XGridEx.F90
ESMF_XGridEx       0000000101AF1E0E  Unknown               Unknown  Unknown
forrtl: severe (174): SIGSEGV, segmentation fault occurred
Image              PC                Routine            Line        Source             
ESMF_XGridEx       00000001083BBAF4  Unknown               Unknown  Unknown
libsystem_platfor  00007FFF6A61FB5D  Unknown               Unknown  Unknown
libmpi.40.dylib    000000010CAD52A1  Unknown               Unknown  Unknown
libesmf.dylib      00000001091DB178  Unknown               Unknown  Unknown
libesmf.dylib      00000001091BA739  Unknown               Unknown  Unknown
libesmf.dylib      000000010920594C  Unknown               Unknown  Unknown
libesmf.dylib      000000010A3D045C  Unknown               Unknown  Unknown
libesmf.dylib      0000000109FD599E  Unknown               Unknown  Unknown
libesmf.dylib      0000000109FD510F  Unknown               Unknown  Unknown
ESMF_XGridEx       000000010838F9D5  _MAIN__                    64  ESMF_XGridEx.F90
ESMF_XGridEx       000000010838EE0E  Unknown               Unknown  Unknown
forrtl: severe (174): SIGSEGV, segmentation fault occurred
Image              PC                Routine            Line        Source             
ESMF_XGridEx       000000010D469AF4  Unknown               Unknown  Unknown
libsystem_platfor  00007FFF6A61FB5D  Unknown               Unknown  Unknown
libmpi.40.dylib    0000000111B852A1  Unknown               Unknown  Unknown
libesmf.dylib      000000010E28A178  Unknown               Unknown  Unknown
libesmf.dylib      000000010E269739  Unknown               Unknown  Unknown
libesmf.dylib      000000010E2B494C  Unknown               Unknown  Unknown
libesmf.dylib      000000010F47F45C  Unknown               Unknown  Unknown
libesmf.dylib      000000010F08499E  Unknown               Unknown  Unknown
libesmf.dylib      000000010F08410F  Unknown               Unknown  Unknown
ESMF_XGridEx       000000010D43D9D5  _MAIN__                    64  ESMF_XGridEx.F90
ESMF_XGridEx       000000010D43CE0E  Unknown               Unknown  Unknown
forrtl: severe (174): SIGSEGV, segmentation fault occurred
Image              PC                Routine            Line        Source             
ESMF_XGridEx       000000010843FAF4  Unknown               Unknown  Unknown
libsystem_platfor  00007FFF6A61FB5D  Unknown               Unknown  Unknown
libmpi.40.dylib    000000010CB582A1  Unknown               Unknown  Unknown
libesmf.dylib      0000000109262178  Unknown               Unknown  Unknown
libesmf.dylib      0000000109241739  Unknown               Unknown  Unknown
libesmf.dylib      000000010928C94C  Unknown               Unknown  Unknown
libesmf.dylib      000000010A45745C  Unknown               Unknown  Unknown
libesmf.dylib      000000010A05C99E  Unknown               Unknown  Unknown
libesmf.dylib      000000010A05C10F  Unknown               Unknown  Unknown
ESMF_XGridEx       00000001084139D5  _MAIN__                    64  ESMF_XGridEx.F90
ESMF_XGridEx       0000000108412E0E  Unknown               Unknown  Unknown
