forrtl: severe (174): SIGSEGV, segmentation fault occurred
Image              PC                Routine            Line        Source             
ESMF_StateReconci  000000010CCD7564  Unknown               Unknown  Unknown
libsystem_platfor  00007FFF6A61FB5D  Unknown               Unknown  Unknown
libmpi.40.dylib    00000001113F62A1  Unknown               Unknown  Unknown
libesmf.dylib      000000010DAFC178  Unknown               Unknown  Unknown
libesmf.dylib      000000010DADB739  Unknown               Unknown  Unknown
libesmf.dylib      000000010DB2694C  Unknown               Unknown  Unknown
libesmf.dylib      000000010ECF145C  Unknown               Unknown  Unknown
libesmf.dylib      000000010E8F699E  Unknown               Unknown  Unknown
libesmf.dylib      000000010E8F610F  Unknown               Unknown  Unknown
ESMF_StateReconci  000000010CCB0715  _MAIN__                   130  ESMF_StateReconcileEx.F90
ESMF_StateReconci  000000010CCAFEBE  Unknown               Unknown  Unknown
forrtl: severe (174): SIGSEGV, segmentation fault occurred
Image              PC                Routine            Line        Source             
ESMF_StateReconci  0000000106D3B564  Unknown               Unknown  Unknown
libsystem_platfor  00007FFF6A61FB5D  Unknown               Unknown  Unknown
libmpi.40.dylib    000000010B45A2A1  Unknown               Unknown  Unknown
libesmf.dylib      0000000107B5A178  Unknown               Unknown  Unknown
libesmf.dylib      0000000107B39739  Unknown               Unknown  Unknown
libesmf.dylib      0000000107B8494C  Unknown               Unknown  Unknown
libesmf.dylib      0000000108D4F45C  Unknown               Unknown  Unknown
libesmf.dylib      000000010895499E  Unknown               Unknown  Unknown
libesmf.dylib      000000010895410F  Unknown               Unknown  Unknown
ESMF_StateReconci  0000000106D14715  _MAIN__                   130  ESMF_StateReconcileEx.F90
ESMF_StateReconci  0000000106D13EBE  Unknown               Unknown  Unknown
forrtl: severe (174): SIGSEGV, segmentation fault occurred
Image              PC                Routine            Line        Source             
ESMF_StateReconci  0000000101095564  Unknown               Unknown  Unknown
libsystem_platfor  00007FFF6A61FB5D  Unknown               Unknown  Unknown
libmpi.40.dylib    00000001057B42A1  Unknown               Unknown  Unknown
libesmf.dylib      0000000101EB8178  Unknown               Unknown  Unknown
libesmf.dylib      0000000101E97739  Unknown               Unknown  Unknown
libesmf.dylib      0000000101EE294C  Unknown               Unknown  Unknown
libesmf.dylib      00000001030AD45C  Unknown               Unknown  Unknown
libesmf.dylib      0000000102CB299E  Unknown               Unknown  Unknown
libesmf.dylib      0000000102CB210F  Unknown               Unknown  Unknown
ESMF_StateReconci  000000010106E715  _MAIN__                   130  ESMF_StateReconcileEx.F90
ESMF_StateReconci  000000010106DEBE  Unknown               Unknown  Unknown
forrtl: severe (174): SIGSEGV, segmentation fault occurred
Image              PC                Routine            Line        Source             
ESMF_StateReconci  00000001042D0564  Unknown               Unknown  Unknown
libsystem_platfor  00007FFF6A61FB5D  Unknown               Unknown  Unknown
libmpi.40.dylib    00000001089ED2A1  Unknown               Unknown  Unknown
libesmf.dylib      00000001050F6178  Unknown               Unknown  Unknown
libesmf.dylib      00000001050D5739  Unknown               Unknown  Unknown
libesmf.dylib      000000010512094C  Unknown               Unknown  Unknown
libesmf.dylib      00000001062EB45C  Unknown               Unknown  Unknown
libesmf.dylib      0000000105EF099E  Unknown               Unknown  Unknown
libesmf.dylib      0000000105EF010F  Unknown               Unknown  Unknown
ESMF_StateReconci  00000001042A9715  _MAIN__                   130  ESMF_StateReconcileEx.F90
ESMF_StateReconci  00000001042A8EBE  Unknown               Unknown  Unknown
