forrtl: severe (174): SIGSEGV, segmentation fault occurred
Image              PC                Routine            Line        Source             
ESMF_RHandleFromR  000000010A142014  Unknown               Unknown  Unknown
libsystem_platfor  00007FFF6A61FB5D  Unknown               Unknown  Unknown
libmpi.40.dylib    000000010E86D2A1  Unknown               Unknown  Unknown
libesmf.dylib      000000010AF6B178  Unknown               Unknown  Unknown
libesmf.dylib      000000010AF4A739  Unknown               Unknown  Unknown
libesmf.dylib      000000010AF9594C  Unknown               Unknown  Unknown
libesmf.dylib      000000010C16045C  Unknown               Unknown  Unknown
libesmf.dylib      000000010BD6599E  Unknown               Unknown  Unknown
libesmf.dylib      000000010BD6510F  Unknown               Unknown  Unknown
ESMF_RHandleFromR  000000010A116C24  _MAIN__                   284  ESMF_RHandleFromRHandleEx.F90
ESMF_RHandleFromR  000000010A11407E  Unknown               Unknown  Unknown
forrtl: severe (174): SIGSEGV, segmentation fault occurred
Image              PC                Routine            Line        Source             
ESMF_RHandleFromR  000000010CBE7014  Unknown               Unknown  Unknown
libsystem_platfor  00007FFF6A61FB5D  Unknown               Unknown  Unknown
libmpi.40.dylib    000000011130D2A1  Unknown               Unknown  Unknown
libesmf.dylib      000000010DA0D178  Unknown               Unknown  Unknown
libesmf.dylib      000000010D9EC739  Unknown               Unknown  Unknown
libesmf.dylib      000000010DA3794C  Unknown               Unknown  Unknown
libesmf.dylib      000000010EC0245C  Unknown               Unknown  Unknown
libesmf.dylib      000000010E80799E  Unknown               Unknown  Unknown
libesmf.dylib      000000010E80710F  Unknown               Unknown  Unknown
ESMF_RHandleFromR  000000010CBBBC24  _MAIN__                   284  ESMF_RHandleFromRHandleEx.F90
ESMF_RHandleFromR  000000010CBB907E  Unknown               Unknown  Unknown
forrtl: severe (174): SIGSEGV, segmentation fault occurred
Image              PC                Routine            Line        Source             
ESMF_RHandleFromR  0000000102819014  Unknown               Unknown  Unknown
libsystem_platfor  00007FFF6A61FB5D  Unknown               Unknown  Unknown
libmpi.40.dylib    0000000102C092A1  Unknown               Unknown  Unknown
libesmf.dylib      0000000105376178  Unknown               Unknown  Unknown
libesmf.dylib      0000000105355739  Unknown               Unknown  Unknown
libesmf.dylib      00000001053A094C  Unknown               Unknown  Unknown
libesmf.dylib      000000010656B45C  Unknown               Unknown  Unknown
libesmf.dylib      000000010617099E  Unknown               Unknown  Unknown
libesmf.dylib      000000010617010F  Unknown               Unknown  Unknown
ESMF_RHandleFromR  00000001027EDC24  _MAIN__                   284  ESMF_RHandleFromRHandleEx.F90
ESMF_RHandleFromR  00000001027EB07E  Unknown               Unknown  Unknown
forrtl: severe (174): SIGSEGV, segmentation fault occurred
Image              PC                Routine            Line        Source             
ESMF_RHandleFromR  000000010F5D5014  Unknown               Unknown  Unknown
libsystem_platfor  00007FFF6A61FB5D  Unknown               Unknown  Unknown
libmpi.40.dylib    0000000113CF82A1  Unknown               Unknown  Unknown
libesmf.dylib      00000001103FB178  Unknown               Unknown  Unknown
libesmf.dylib      00000001103DA739  Unknown               Unknown  Unknown
libesmf.dylib      000000011042594C  Unknown               Unknown  Unknown
libesmf.dylib      00000001115F045C  Unknown               Unknown  Unknown
libesmf.dylib      00000001111F599E  Unknown               Unknown  Unknown
libesmf.dylib      00000001111F510F  Unknown               Unknown  Unknown
ESMF_RHandleFromR  000000010F5A9C24  _MAIN__                   284  ESMF_RHandleFromRHandleEx.F90
ESMF_RHandleFromR  000000010F5A707E  Unknown               Unknown  Unknown
