forrtl: severe (174): SIGSEGV, segmentation fault occurred
Image              PC                Routine            Line        Source             
ESMF_FieldEx       0000000104A6E974  Unknown               Unknown  Unknown
libsystem_platfor  00007FFF6A61FB5D  Unknown               Unknown  Unknown
libmpi.40.dylib    000000010918A2A1  Unknown               Unknown  Unknown
libesmf.dylib      0000000105893178  Unknown               Unknown  Unknown
libesmf.dylib      0000000105872739  Unknown               Unknown  Unknown
libesmf.dylib      00000001058BD94C  Unknown               Unknown  Unknown
libesmf.dylib      0000000106A8845C  Unknown               Unknown  Unknown
libesmf.dylib      000000010668D99E  Unknown               Unknown  Unknown
libesmf.dylib      000000010668D10F  Unknown               Unknown  Unknown
ESMF_FieldEx       0000000104A3F22F  _MAIN__                   100  ESMF_FieldEx.F90
ESMF_FieldEx       0000000104A3ED6E  Unknown               Unknown  Unknown
forrtl: severe (174): SIGSEGV, segmentation fault occurred
Image              PC                Routine            Line        Source             
ESMF_FieldEx       0000000103A7C974  Unknown               Unknown  Unknown
libsystem_platfor  00007FFF6A61FB5D  Unknown               Unknown  Unknown
libmpi.40.dylib    00000001081932A1  Unknown               Unknown  Unknown
libesmf.dylib      000000010489E178  Unknown               Unknown  Unknown
libesmf.dylib      000000010487D739  Unknown               Unknown  Unknown
libesmf.dylib      00000001048C894C  Unknown               Unknown  Unknown
libesmf.dylib      0000000105A9345C  Unknown               Unknown  Unknown
libesmf.dylib      000000010569899E  Unknown               Unknown  Unknown
libesmf.dylib      000000010569810F  Unknown               Unknown  Unknown
ESMF_FieldEx       0000000103A4D22F  _MAIN__                   100  ESMF_FieldEx.F90
ESMF_FieldEx       0000000103A4CD6E  Unknown               Unknown  Unknown
forrtl: severe (174): SIGSEGV, segmentation fault occurred
Image              PC                Routine            Line        Source             
ESMF_FieldEx       0000000100EE1974  Unknown               Unknown  Unknown
libsystem_platfor  00007FFF6A61FB5D  Unknown               Unknown  Unknown
libmpi.40.dylib    00000001012CF2A1  Unknown               Unknown  Unknown
libesmf.dylib      000000010378D178  Unknown               Unknown  Unknown
libesmf.dylib      000000010376C739  Unknown               Unknown  Unknown
libesmf.dylib      00000001037B794C  Unknown               Unknown  Unknown
libesmf.dylib      000000010498245C  Unknown               Unknown  Unknown
libesmf.dylib      000000010458799E  Unknown               Unknown  Unknown
libesmf.dylib      000000010458710F  Unknown               Unknown  Unknown
ESMF_FieldEx       0000000100EB222F  _MAIN__                   100  ESMF_FieldEx.F90
ESMF_FieldEx       0000000100EB1D6E  Unknown               Unknown  Unknown
forrtl: severe (174): SIGSEGV, segmentation fault occurred
Image              PC                Routine            Line        Source             
ESMF_FieldEx       00000001048A7974  Unknown               Unknown  Unknown
libsystem_platfor  00007FFF6A61FB5D  Unknown               Unknown  Unknown
libmpi.40.dylib    0000000108FCA2A1  Unknown               Unknown  Unknown
libesmf.dylib      00000001056CD178  Unknown               Unknown  Unknown
libesmf.dylib      00000001056AC739  Unknown               Unknown  Unknown
libesmf.dylib      00000001056F794C  Unknown               Unknown  Unknown
libesmf.dylib      00000001068C245C  Unknown               Unknown  Unknown
libesmf.dylib      00000001064C799E  Unknown               Unknown  Unknown
libesmf.dylib      00000001064C710F  Unknown               Unknown  Unknown
ESMF_FieldEx       000000010487822F  _MAIN__                   100  ESMF_FieldEx.F90
ESMF_FieldEx       0000000104877D6E  Unknown               Unknown  Unknown
