forrtl: severe (174): SIGSEGV, segmentation fault occurred
Image              PC                Routine            Line        Source             
ESMF_ArrayScatter  0000000100CB5D14  Unknown               Unknown  Unknown
libsystem_platfor  00007FFF6A61FB5D  Unknown               Unknown  Unknown
libmpi.40.dylib    00000001053D32A1  Unknown               Unknown  Unknown
libesmf.dylib      0000000101AD6178  Unknown               Unknown  Unknown
libesmf.dylib      0000000101AB5739  Unknown               Unknown  Unknown
libesmf.dylib      0000000101B0094C  Unknown               Unknown  Unknown
libesmf.dylib      0000000102CCB45C  Unknown               Unknown  Unknown
libesmf.dylib      00000001028D099E  Unknown               Unknown  Unknown
libesmf.dylib      00000001028D010F  Unknown               Unknown  Unknown
ESMF_ArrayScatter  0000000100C8B37B  _MAIN__                    47  ESMF_ArrayScatterGatherEx.F90
ESMF_ArrayScatter  0000000100C8B0EE  Unknown               Unknown  Unknown
forrtl: severe (174): SIGSEGV, segmentation fault occurred
Image              PC                Routine            Line        Source             
ESMF_ArrayScatter  000000010D686D14  Unknown               Unknown  Unknown
libsystem_platfor  00007FFF6A61FB5D  Unknown               Unknown  Unknown
libmpi.40.dylib    0000000111DA62A1  Unknown               Unknown  Unknown
libesmf.dylib      000000010E4A9178  Unknown               Unknown  Unknown
libesmf.dylib      000000010E488739  Unknown               Unknown  Unknown
libesmf.dylib      000000010E4D394C  Unknown               Unknown  Unknown
libesmf.dylib      000000010F69E45C  Unknown               Unknown  Unknown
libesmf.dylib      000000010F2A399E  Unknown               Unknown  Unknown
libesmf.dylib      000000010F2A310F  Unknown               Unknown  Unknown
ESMF_ArrayScatter  000000010D65C37B  _MAIN__                    47  ESMF_ArrayScatterGatherEx.F90
ESMF_ArrayScatter  000000010D65C0EE  Unknown               Unknown  Unknown
forrtl: severe (174): SIGSEGV, segmentation fault occurred
Image              PC                Routine            Line        Source             
ESMF_ArrayScatter  0000000106127D14  Unknown               Unknown  Unknown
libsystem_platfor  00007FFF6A61FB5D  Unknown               Unknown  Unknown
libmpi.40.dylib    000000010A8432A1  Unknown               Unknown  Unknown
libesmf.dylib      0000000106F46178  Unknown               Unknown  Unknown
libesmf.dylib      0000000106F25739  Unknown               Unknown  Unknown
libesmf.dylib      0000000106F7094C  Unknown               Unknown  Unknown
libesmf.dylib      000000010813B45C  Unknown               Unknown  Unknown
libesmf.dylib      0000000107D4099E  Unknown               Unknown  Unknown
libesmf.dylib      0000000107D4010F  Unknown               Unknown  Unknown
ESMF_ArrayScatter  00000001060FD37B  _MAIN__                    47  ESMF_ArrayScatterGatherEx.F90
ESMF_ArrayScatter  00000001060FD0EE  Unknown               Unknown  Unknown
forrtl: severe (174): SIGSEGV, segmentation fault occurred
Image              PC                Routine            Line        Source             
ESMF_ArrayScatter  000000010CF5CD14  Unknown               Unknown  Unknown
libsystem_platfor  00007FFF6A61FB5D  Unknown               Unknown  Unknown
libmpi.40.dylib    000000010D3492A1  Unknown               Unknown  Unknown
libesmf.dylib      00000001110BF178  Unknown               Unknown  Unknown
libesmf.dylib      000000011109E739  Unknown               Unknown  Unknown
libesmf.dylib      00000001110E994C  Unknown               Unknown  Unknown
libesmf.dylib      00000001122B445C  Unknown               Unknown  Unknown
libesmf.dylib      0000000111EB999E  Unknown               Unknown  Unknown
libesmf.dylib      0000000111EB910F  Unknown               Unknown  Unknown
ESMF_ArrayScatter  000000010CF3237B  _MAIN__                    47  ESMF_ArrayScatterGatherEx.F90
ESMF_ArrayScatter  000000010CF320EE  Unknown               Unknown  Unknown
