forrtl: severe (174): SIGSEGV, segmentation fault occurred
Image              PC                Routine            Line        Source             
ESMF_ArrayLarrayE  000000010FB3BD34  Unknown               Unknown  Unknown
libsystem_platfor  00007FFF6A61FB5D  Unknown               Unknown  Unknown
libmpi.40.dylib    00000001142582A1  Unknown               Unknown  Unknown
libesmf.dylib      000000011095E178  Unknown               Unknown  Unknown
libesmf.dylib      000000011093D739  Unknown               Unknown  Unknown
libesmf.dylib      000000011098894C  Unknown               Unknown  Unknown
libesmf.dylib      0000000111B5345C  Unknown               Unknown  Unknown
libesmf.dylib      000000011175899E  Unknown               Unknown  Unknown
libesmf.dylib      000000011175810F  Unknown               Unknown  Unknown
ESMF_ArrayLarrayE  000000010FB12D2D  _MAIN__                    83  ESMF_ArrayLarrayEx.F90
ESMF_ArrayLarrayE  000000010FB12A8E  Unknown               Unknown  Unknown
forrtl: severe (174): SIGSEGV, segmentation fault occurred
Image              PC                Routine            Line        Source             
ESMF_ArrayLarrayE  0000000106C53D34  Unknown               Unknown  Unknown
libsystem_platfor  00007FFF6A61FB5D  Unknown               Unknown  Unknown
libmpi.40.dylib    00000001070402A1  Unknown               Unknown  Unknown
libesmf.dylib      000000010B279178  Unknown               Unknown  Unknown
libesmf.dylib      000000010B258739  Unknown               Unknown  Unknown
libesmf.dylib      000000010B2A394C  Unknown               Unknown  Unknown
libesmf.dylib      000000010C46E45C  Unknown               Unknown  Unknown
libesmf.dylib      000000010C07399E  Unknown               Unknown  Unknown
libesmf.dylib      000000010C07310F  Unknown               Unknown  Unknown
ESMF_ArrayLarrayE  0000000106C2AD2D  _MAIN__                    83  ESMF_ArrayLarrayEx.F90
ESMF_ArrayLarrayE  0000000106C2AA8E  Unknown               Unknown  Unknown
forrtl: severe (174): SIGSEGV, segmentation fault occurred
Image              PC                Routine            Line        Source             
ESMF_ArrayLarrayE  000000010F8C4D34  Unknown               Unknown  Unknown
libsystem_platfor  00007FFF6A61FB5D  Unknown               Unknown  Unknown
libmpi.40.dylib    0000000113FDF2A1  Unknown               Unknown  Unknown
libesmf.dylib      00000001106E5178  Unknown               Unknown  Unknown
libesmf.dylib      00000001106C4739  Unknown               Unknown  Unknown
libesmf.dylib      000000011070F94C  Unknown               Unknown  Unknown
libesmf.dylib      00000001118DA45C  Unknown               Unknown  Unknown
libesmf.dylib      00000001114DF99E  Unknown               Unknown  Unknown
libesmf.dylib      00000001114DF10F  Unknown               Unknown  Unknown
ESMF_ArrayLarrayE  000000010F89BD2D  _MAIN__                    83  ESMF_ArrayLarrayEx.F90
ESMF_ArrayLarrayE  000000010F89BA8E  Unknown               Unknown  Unknown
forrtl: severe (174): SIGSEGV, segmentation fault occurred
Image              PC                Routine            Line        Source             
ESMF_ArrayLarrayE  00000001014CBD34  Unknown               Unknown  Unknown
libsystem_platfor  00007FFF6A61FB5D  Unknown               Unknown  Unknown
libmpi.40.dylib    0000000105BE02A1  Unknown               Unknown  Unknown
libesmf.dylib      00000001022ED178  Unknown               Unknown  Unknown
libesmf.dylib      00000001022CC739  Unknown               Unknown  Unknown
libesmf.dylib      000000010231794C  Unknown               Unknown  Unknown
libesmf.dylib      00000001034E245C  Unknown               Unknown  Unknown
libesmf.dylib      00000001030E799E  Unknown               Unknown  Unknown
libesmf.dylib      00000001030E710F  Unknown               Unknown  Unknown
ESMF_ArrayLarrayE  00000001014A2D2D  _MAIN__                    83  ESMF_ArrayLarrayEx.F90
ESMF_ArrayLarrayE  00000001014A2A8E  Unknown               Unknown  Unknown
