forrtl: severe (174): SIGSEGV, segmentation fault occurred
Image              PC                Routine            Line        Source             
ESMF_SCompEx       0000000103FBF4C4  Unknown               Unknown  Unknown
libsystem_platfor  00007FFF6A61FB5D  Unknown               Unknown  Unknown
libmpi.40.dylib    00000001086DE2A1  Unknown               Unknown  Unknown
libesmf.dylib      0000000104DE2178  Unknown               Unknown  Unknown
libesmf.dylib      0000000104DC1739  Unknown               Unknown  Unknown
libesmf.dylib      0000000104E0C94C  Unknown               Unknown  Unknown
libesmf.dylib      0000000105FD745C  Unknown               Unknown  Unknown
libesmf.dylib      0000000105BDC99E  Unknown               Unknown  Unknown
libesmf.dylib      0000000105BDC10F  Unknown               Unknown  Unknown
ESMF_SCompEx       0000000103F976F1  _MAIN__                    82  ESMF_SCompEx.F90
ESMF_SCompEx       0000000103F9741E  Unknown               Unknown  Unknown
forrtl: severe (174): SIGSEGV, segmentation fault occurred
Image              PC                Routine            Line        Source             
ESMF_SCompEx       000000010E5FD4C4  Unknown               Unknown  Unknown
libsystem_platfor  00007FFF6A61FB5D  Unknown               Unknown  Unknown
libmpi.40.dylib    0000000112D1B2A1  Unknown               Unknown  Unknown
libesmf.dylib      000000010F41E178  Unknown               Unknown  Unknown
libesmf.dylib      000000010F3FD739  Unknown               Unknown  Unknown
libesmf.dylib      000000010F44894C  Unknown               Unknown  Unknown
libesmf.dylib      000000011061345C  Unknown               Unknown  Unknown
libesmf.dylib      000000011021899E  Unknown               Unknown  Unknown
libesmf.dylib      000000011021810F  Unknown               Unknown  Unknown
ESMF_SCompEx       000000010E5D56F1  _MAIN__                    82  ESMF_SCompEx.F90
ESMF_SCompEx       000000010E5D541E  Unknown               Unknown  Unknown
forrtl: severe (174): SIGSEGV, segmentation fault occurred
Image              PC                Routine            Line        Source             
ESMF_SCompEx       00000001058524C4  Unknown               Unknown  Unknown
libsystem_platfor  00007FFF6A61FB5D  Unknown               Unknown  Unknown
libmpi.40.dylib    0000000109F702A1  Unknown               Unknown  Unknown
libesmf.dylib      0000000106675178  Unknown               Unknown  Unknown
libesmf.dylib      0000000106654739  Unknown               Unknown  Unknown
libesmf.dylib      000000010669F94C  Unknown               Unknown  Unknown
libesmf.dylib      000000010786A45C  Unknown               Unknown  Unknown
libesmf.dylib      000000010746F99E  Unknown               Unknown  Unknown
libesmf.dylib      000000010746F10F  Unknown               Unknown  Unknown
ESMF_SCompEx       000000010582A6F1  _MAIN__                    82  ESMF_SCompEx.F90
ESMF_SCompEx       000000010582A41E  Unknown               Unknown  Unknown
forrtl: severe (174): SIGSEGV, segmentation fault occurred
Image              PC                Routine            Line        Source             
ESMF_SCompEx       000000010597E4C4  Unknown               Unknown  Unknown
libsystem_platfor  00007FFF6A61FB5D  Unknown               Unknown  Unknown
libmpi.40.dylib    000000010A0962A1  Unknown               Unknown  Unknown
libesmf.dylib      00000001067A3178  Unknown               Unknown  Unknown
libesmf.dylib      0000000106782739  Unknown               Unknown  Unknown
libesmf.dylib      00000001067CD94C  Unknown               Unknown  Unknown
libesmf.dylib      000000010799845C  Unknown               Unknown  Unknown
libesmf.dylib      000000010759D99E  Unknown               Unknown  Unknown
libesmf.dylib      000000010759D10F  Unknown               Unknown  Unknown
ESMF_SCompEx       00000001059566F1  _MAIN__                    82  ESMF_SCompEx.F90
ESMF_SCompEx       000000010595641E  Unknown               Unknown  Unknown
