forrtl: severe (174): SIGSEGV, segmentation fault occurred
Image              PC                Routine            Line        Source             
ESMF_InfoGetFromH  0000000102C2FF74  Unknown               Unknown  Unknown
libsystem_platfor  00007FFF6A61FB5D  Unknown               Unknown  Unknown
libmpi.40.dylib    000000010301A2A1  Unknown               Unknown  Unknown
libesmf.dylib      0000000105CB3178  Unknown               Unknown  Unknown
libesmf.dylib      0000000105C92739  Unknown               Unknown  Unknown
libesmf.dylib      0000000105CDD94C  Unknown               Unknown  Unknown
libesmf.dylib      0000000106EA845C  Unknown               Unknown  Unknown
libesmf.dylib      0000000106AAD99E  Unknown               Unknown  Unknown
libesmf.dylib      0000000106AAD10F  Unknown               Unknown  Unknown
ESMF_InfoGetFromH  0000000102C09D76  _MAIN__                    66  ESMF_InfoGetFromHostEx.F90
ESMF_InfoGetFromH  0000000102C09B1E  Unknown               Unknown  Unknown
forrtl: severe (174): SIGSEGV, segmentation fault occurred
Image              PC                Routine            Line        Source             
ESMF_InfoGetFromH  000000010F0DEF74  Unknown               Unknown  Unknown
libsystem_platfor  00007FFF6A61FB5D  Unknown               Unknown  Unknown
libmpi.40.dylib    00000001137FD2A1  Unknown               Unknown  Unknown
libesmf.dylib      000000010FEFF178  Unknown               Unknown  Unknown
libesmf.dylib      000000010FEDE739  Unknown               Unknown  Unknown
libesmf.dylib      000000010FF2994C  Unknown               Unknown  Unknown
libesmf.dylib      00000001110F445C  Unknown               Unknown  Unknown
libesmf.dylib      0000000110CF999E  Unknown               Unknown  Unknown
libesmf.dylib      0000000110CF910F  Unknown               Unknown  Unknown
ESMF_InfoGetFromH  000000010F0B8D76  _MAIN__                    66  ESMF_InfoGetFromHostEx.F90
ESMF_InfoGetFromH  000000010F0B8B1E  Unknown               Unknown  Unknown
forrtl: severe (174): SIGSEGV, segmentation fault occurred
Image              PC                Routine            Line        Source             
ESMF_InfoGetFromH  0000000105519F74  Unknown               Unknown  Unknown
libsystem_platfor  00007FFF6A61FB5D  Unknown               Unknown  Unknown
libmpi.40.dylib    0000000109C3C2A1  Unknown               Unknown  Unknown
libesmf.dylib      000000010633B178  Unknown               Unknown  Unknown
libesmf.dylib      000000010631A739  Unknown               Unknown  Unknown
libesmf.dylib      000000010636594C  Unknown               Unknown  Unknown
libesmf.dylib      000000010753045C  Unknown               Unknown  Unknown
libesmf.dylib      000000010713599E  Unknown               Unknown  Unknown
libesmf.dylib      000000010713510F  Unknown               Unknown  Unknown
ESMF_InfoGetFromH  00000001054F3D76  _MAIN__                    66  ESMF_InfoGetFromHostEx.F90
ESMF_InfoGetFromH  00000001054F3B1E  Unknown               Unknown  Unknown
forrtl: severe (174): SIGSEGV, segmentation fault occurred
Image              PC                Routine            Line        Source             
ESMF_InfoGetFromH  0000000108BB7F74  Unknown               Unknown  Unknown
libsystem_platfor  00007FFF6A61FB5D  Unknown               Unknown  Unknown
libmpi.40.dylib    0000000108FA22A1  Unknown               Unknown  Unknown
libesmf.dylib      000000010CA91178  Unknown               Unknown  Unknown
libesmf.dylib      000000010CA70739  Unknown               Unknown  Unknown
libesmf.dylib      000000010CABB94C  Unknown               Unknown  Unknown
libesmf.dylib      000000010DC8645C  Unknown               Unknown  Unknown
libesmf.dylib      000000010D88B99E  Unknown               Unknown  Unknown
libesmf.dylib      000000010D88B10F  Unknown               Unknown  Unknown
ESMF_InfoGetFromH  0000000108B91D76  _MAIN__                    66  ESMF_InfoGetFromHostEx.F90
ESMF_InfoGetFromH  0000000108B91B1E  Unknown               Unknown  Unknown
