forrtl: severe (174): SIGSEGV, segmentation fault occurred
Image              PC                Routine            Line        Source             
ESMF_ArrayScatter  0000000101B2FDD4  Unknown               Unknown  Unknown
libsystem_platfor  00007FFF6A61FB5D  Unknown               Unknown  Unknown
libmpi.40.dylib    000000010624A2A1  Unknown               Unknown  Unknown
libesmf.dylib      0000000102950178  Unknown               Unknown  Unknown
libesmf.dylib      000000010292F739  Unknown               Unknown  Unknown
libesmf.dylib      000000010297A94C  Unknown               Unknown  Unknown
libesmf.dylib      0000000103B4545C  Unknown               Unknown  Unknown
libesmf.dylib      000000010374A99E  Unknown               Unknown  Unknown
libesmf.dylib      000000010374A10F  Unknown               Unknown  Unknown
ESMF_ArrayScatter  0000000101B0872F  _MAIN__                    48  ESMF_ArrayScatterGatherArbEx.F90
ESMF_ArrayScatter  0000000101B0845E  Unknown               Unknown  Unknown
forrtl: severe (174): SIGSEGV, segmentation fault occurred
Image              PC                Routine            Line        Source             
ESMF_ArrayScatter  000000010CD93DD4  Unknown               Unknown  Unknown
libsystem_platfor  00007FFF6A61FB5D  Unknown               Unknown  Unknown
libmpi.40.dylib    000000010D17E2A1  Unknown               Unknown  Unknown
libesmf.dylib      000000010FE17178  Unknown               Unknown  Unknown
libesmf.dylib      000000010FDF6739  Unknown               Unknown  Unknown
libesmf.dylib      000000010FE4194C  Unknown               Unknown  Unknown
libesmf.dylib      000000011100C45C  Unknown               Unknown  Unknown
libesmf.dylib      0000000110C1199E  Unknown               Unknown  Unknown
libesmf.dylib      0000000110C1110F  Unknown               Unknown  Unknown
ESMF_ArrayScatter  000000010CD6C72F  _MAIN__                    48  ESMF_ArrayScatterGatherArbEx.F90
ESMF_ArrayScatter  000000010CD6C45E  Unknown               Unknown  Unknown
forrtl: severe (174): SIGSEGV, segmentation fault occurred
Image              PC                Routine            Line        Source             
ESMF_ArrayScatter  0000000104078DD4  Unknown               Unknown  Unknown
libsystem_platfor  00007FFF6A61FB5D  Unknown               Unknown  Unknown
libmpi.40.dylib    00000001087932A1  Unknown               Unknown  Unknown
libesmf.dylib      0000000104E96178  Unknown               Unknown  Unknown
libesmf.dylib      0000000104E75739  Unknown               Unknown  Unknown
libesmf.dylib      0000000104EC094C  Unknown               Unknown  Unknown
libesmf.dylib      000000010608B45C  Unknown               Unknown  Unknown
libesmf.dylib      0000000105C9099E  Unknown               Unknown  Unknown
libesmf.dylib      0000000105C9010F  Unknown               Unknown  Unknown
ESMF_ArrayScatter  000000010405172F  _MAIN__                    48  ESMF_ArrayScatterGatherArbEx.F90
ESMF_ArrayScatter  000000010405145E  Unknown               Unknown  Unknown
forrtl: severe (174): SIGSEGV, segmentation fault occurred
Image              PC                Routine            Line        Source             
ESMF_ArrayScatter  000000010E847DD4  Unknown               Unknown  Unknown
libsystem_platfor  00007FFF6A61FB5D  Unknown               Unknown  Unknown
libmpi.40.dylib    0000000112F642A1  Unknown               Unknown  Unknown
libesmf.dylib      000000010F667178  Unknown               Unknown  Unknown
libesmf.dylib      000000010F646739  Unknown               Unknown  Unknown
libesmf.dylib      000000010F69194C  Unknown               Unknown  Unknown
libesmf.dylib      000000011085C45C  Unknown               Unknown  Unknown
libesmf.dylib      000000011046199E  Unknown               Unknown  Unknown
libesmf.dylib      000000011046110F  Unknown               Unknown  Unknown
ESMF_ArrayScatter  000000010E82072F  _MAIN__                    48  ESMF_ArrayScatterGatherArbEx.F90
ESMF_ArrayScatter  000000010E82045E  Unknown               Unknown  Unknown
