forrtl: severe (174): SIGSEGV, segmentation fault occurred
Image              PC                Routine            Line        Source             
ESMF_FieldBundleC  0000000101F49E64  Unknown               Unknown  Unknown
libsystem_platfor  00007FFF6A61FB5D  Unknown               Unknown  Unknown
libmpi.40.dylib    00000001066702A1  Unknown               Unknown  Unknown
libesmf.dylib      0000000102D74178  Unknown               Unknown  Unknown
libesmf.dylib      0000000102D53739  Unknown               Unknown  Unknown
libesmf.dylib      0000000102D9E94C  Unknown               Unknown  Unknown
libesmf.dylib      0000000103F6945C  Unknown               Unknown  Unknown
libesmf.dylib      0000000103B6E99E  Unknown               Unknown  Unknown
libesmf.dylib      0000000103B6E10F  Unknown               Unknown  Unknown
ESMF_FieldBundleC  0000000101F1CE0B  _MAIN__                    59  ESMF_FieldBundleCreateEx.F90
ESMF_FieldBundleC  0000000101F1C8DE  Unknown               Unknown  Unknown
forrtl: severe (174): SIGSEGV, segmentation fault occurred
Image              PC                Routine            Line        Source             
ESMF_FieldBundleC  0000000103CE3E64  Unknown               Unknown  Unknown
libsystem_platfor  00007FFF6A61FB5D  Unknown               Unknown  Unknown
libmpi.40.dylib    00000001084062A1  Unknown               Unknown  Unknown
libesmf.dylib      0000000104B07178  Unknown               Unknown  Unknown
libesmf.dylib      0000000104AE6739  Unknown               Unknown  Unknown
libesmf.dylib      0000000104B3194C  Unknown               Unknown  Unknown
libesmf.dylib      0000000105CFC45C  Unknown               Unknown  Unknown
libesmf.dylib      000000010590199E  Unknown               Unknown  Unknown
libesmf.dylib      000000010590110F  Unknown               Unknown  Unknown
ESMF_FieldBundleC  0000000103CB6E0B  _MAIN__                    59  ESMF_FieldBundleCreateEx.F90
ESMF_FieldBundleC  0000000103CB68DE  Unknown               Unknown  Unknown
forrtl: severe (174): SIGSEGV, segmentation fault occurred
Image              PC                Routine            Line        Source             
ESMF_FieldBundleC  000000010235BE64  Unknown               Unknown  Unknown
libsystem_platfor  00007FFF6A61FB5D  Unknown               Unknown  Unknown
libmpi.40.dylib    0000000106A772A1  Unknown               Unknown  Unknown
libesmf.dylib      0000000103181178  Unknown               Unknown  Unknown
libesmf.dylib      0000000103160739  Unknown               Unknown  Unknown
libesmf.dylib      00000001031AB94C  Unknown               Unknown  Unknown
libesmf.dylib      000000010437645C  Unknown               Unknown  Unknown
libesmf.dylib      0000000103F7B99E  Unknown               Unknown  Unknown
libesmf.dylib      0000000103F7B10F  Unknown               Unknown  Unknown
ESMF_FieldBundleC  000000010232EE0B  _MAIN__                    59  ESMF_FieldBundleCreateEx.F90
ESMF_FieldBundleC  000000010232E8DE  Unknown               Unknown  Unknown
forrtl: severe (174): SIGSEGV, segmentation fault occurred
Image              PC                Routine            Line        Source             
ESMF_FieldBundleC  0000000101F04E64  Unknown               Unknown  Unknown
libsystem_platfor  00007FFF6A61FB5D  Unknown               Unknown  Unknown
libmpi.40.dylib    00000001066282A1  Unknown               Unknown  Unknown
libesmf.dylib      0000000102D2C178  Unknown               Unknown  Unknown
libesmf.dylib      0000000102D0B739  Unknown               Unknown  Unknown
libesmf.dylib      0000000102D5694C  Unknown               Unknown  Unknown
libesmf.dylib      0000000103F2145C  Unknown               Unknown  Unknown
libesmf.dylib      0000000103B2699E  Unknown               Unknown  Unknown
libesmf.dylib      0000000103B2610F  Unknown               Unknown  Unknown
ESMF_FieldBundleC  0000000101ED7E0B  _MAIN__                    59  ESMF_FieldBundleCreateEx.F90
ESMF_FieldBundleC  0000000101ED78DE  Unknown               Unknown  Unknown
