forrtl: severe (174): SIGSEGV, segmentation fault occurred
Image              PC                Routine            Line        Source             
ESMF_FieldSphereR  000000010257FA34  Unknown               Unknown  Unknown
libsystem_platfor  00007FFF6A61FB5D  Unknown               Unknown  Unknown
libmpi.40.dylib    0000000106C9C2A1  Unknown               Unknown  Unknown
libesmf.dylib      00000001033A0178  Unknown               Unknown  Unknown
libesmf.dylib      000000010337F739  Unknown               Unknown  Unknown
libesmf.dylib      00000001033CA94C  Unknown               Unknown  Unknown
libesmf.dylib      000000010459545C  Unknown               Unknown  Unknown
libesmf.dylib      000000010419A99E  Unknown               Unknown  Unknown
libesmf.dylib      000000010419A10F  Unknown               Unknown  Unknown
ESMF_FieldSphereR  00000001025551D7  _MAIN__                   117  ESMF_FieldSphereRegridEx.F90
ESMF_FieldSphereR  0000000102554E3E  Unknown               Unknown  Unknown
forrtl: severe (174): SIGSEGV, segmentation fault occurred
Image              PC                Routine            Line        Source             
ESMF_FieldSphereR  00000001045BBA34  Unknown               Unknown  Unknown
libsystem_platfor  00007FFF6A61FB5D  Unknown               Unknown  Unknown
libmpi.40.dylib    0000000108CD72A1  Unknown               Unknown  Unknown
libesmf.dylib      00000001053DC178  Unknown               Unknown  Unknown
libesmf.dylib      00000001053BB739  Unknown               Unknown  Unknown
libesmf.dylib      000000010540694C  Unknown               Unknown  Unknown
libesmf.dylib      00000001065D145C  Unknown               Unknown  Unknown
libesmf.dylib      00000001061D699E  Unknown               Unknown  Unknown
libesmf.dylib      00000001061D610F  Unknown               Unknown  Unknown
ESMF_FieldSphereR  00000001045911D7  _MAIN__                   117  ESMF_FieldSphereRegridEx.F90
ESMF_FieldSphereR  0000000104590E3E  Unknown               Unknown  Unknown
forrtl: severe (174): SIGSEGV, segmentation fault occurred
Image              PC                Routine            Line        Source             
ESMF_FieldSphereR  000000010EF3FA34  Unknown               Unknown  Unknown
libsystem_platfor  00007FFF6A61FB5D  Unknown               Unknown  Unknown
libmpi.40.dylib    00000001136572A1  Unknown               Unknown  Unknown
libesmf.dylib      000000010FD60178  Unknown               Unknown  Unknown
libesmf.dylib      000000010FD3F739  Unknown               Unknown  Unknown
libesmf.dylib      000000010FD8A94C  Unknown               Unknown  Unknown
libesmf.dylib      0000000110F5545C  Unknown               Unknown  Unknown
libesmf.dylib      0000000110B5A99E  Unknown               Unknown  Unknown
libesmf.dylib      0000000110B5A10F  Unknown               Unknown  Unknown
ESMF_FieldSphereR  000000010EF151D7  _MAIN__                   117  ESMF_FieldSphereRegridEx.F90
ESMF_FieldSphereR  000000010EF14E3E  Unknown               Unknown  Unknown
forrtl: severe (174): SIGSEGV, segmentation fault occurred
Image              PC                Routine            Line        Source             
ESMF_FieldSphereR  0000000105F8EA34  Unknown               Unknown  Unknown
libsystem_platfor  00007FFF6A61FB5D  Unknown               Unknown  Unknown
libmpi.40.dylib    000000010637C2A1  Unknown               Unknown  Unknown
libesmf.dylib      0000000107762178  Unknown               Unknown  Unknown
libesmf.dylib      0000000107741739  Unknown               Unknown  Unknown
libesmf.dylib      000000010778C94C  Unknown               Unknown  Unknown
libesmf.dylib      000000010895745C  Unknown               Unknown  Unknown
libesmf.dylib      000000010855C99E  Unknown               Unknown  Unknown
libesmf.dylib      000000010855C10F  Unknown               Unknown  Unknown
ESMF_FieldSphereR  0000000105F641D7  _MAIN__                   117  ESMF_FieldSphereRegridEx.F90
ESMF_FieldSphereR  0000000105F63E3E  Unknown               Unknown  Unknown
