forrtl: severe (174): SIGSEGV, segmentation fault occurred
Image              PC                Routine            Line        Source             
ESMF_LogErrEx      000000010DB99ED4  Unknown               Unknown  Unknown
libsystem_platfor  00007FFF6A61FB5D  Unknown               Unknown  Unknown
libmpi.40.dylib    00000001122B52A1  Unknown               Unknown  Unknown
libesmf.dylib      000000010E9B7178  Unknown               Unknown  Unknown
libesmf.dylib      000000010E996739  Unknown               Unknown  Unknown
libesmf.dylib      000000010E9E194C  Unknown               Unknown  Unknown
libesmf.dylib      000000010FBAC45C  Unknown               Unknown  Unknown
libesmf.dylib      000000010F7B199E  Unknown               Unknown  Unknown
libesmf.dylib      000000010F7B110F  Unknown               Unknown  Unknown
ESMF_LogErrEx      000000010DB737B9  _MAIN__                    76  ESMF_LogErrEx.F90
ESMF_LogErrEx      000000010DB7355E  Unknown               Unknown  Unknown
forrtl: severe (174): SIGSEGV, segmentation fault occurred
Image              PC                Routine            Line        Source             
ESMF_LogErrEx      000000010EAFFED4  Unknown               Unknown  Unknown
libsystem_platfor  00007FFF6A61FB5D  Unknown               Unknown  Unknown
libmpi.40.dylib    000000010EEEA2A1  Unknown               Unknown  Unknown
libesmf.dylib      0000000113669178  Unknown               Unknown  Unknown
libesmf.dylib      0000000113648739  Unknown               Unknown  Unknown
libesmf.dylib      000000011369394C  Unknown               Unknown  Unknown
libesmf.dylib      000000011485E45C  Unknown               Unknown  Unknown
libesmf.dylib      000000011446399E  Unknown               Unknown  Unknown
libesmf.dylib      000000011446310F  Unknown               Unknown  Unknown
ESMF_LogErrEx      000000010EAD97B9  _MAIN__                    76  ESMF_LogErrEx.F90
ESMF_LogErrEx      000000010EAD955E  Unknown               Unknown  Unknown
forrtl: severe (174): SIGSEGV, segmentation fault occurred
Image              PC                Routine            Line        Source             
ESMF_LogErrEx      0000000105613ED4  Unknown               Unknown  Unknown
libsystem_platfor  00007FFF6A61FB5D  Unknown               Unknown  Unknown
libmpi.40.dylib    0000000109D292A1  Unknown               Unknown  Unknown
libesmf.dylib      0000000106432178  Unknown               Unknown  Unknown
libesmf.dylib      0000000106411739  Unknown               Unknown  Unknown
libesmf.dylib      000000010645C94C  Unknown               Unknown  Unknown
libesmf.dylib      000000010762745C  Unknown               Unknown  Unknown
libesmf.dylib      000000010722C99E  Unknown               Unknown  Unknown
libesmf.dylib      000000010722C10F  Unknown               Unknown  Unknown
ESMF_LogErrEx      00000001055ED7B9  _MAIN__                    76  ESMF_LogErrEx.F90
ESMF_LogErrEx      00000001055ED55E  Unknown               Unknown  Unknown
forrtl: severe (174): SIGSEGV, segmentation fault occurred
Image              PC                Routine            Line        Source             
ESMF_LogErrEx      000000010BC02ED4  Unknown               Unknown  Unknown
libsystem_platfor  00007FFF6A61FB5D  Unknown               Unknown  Unknown
libmpi.40.dylib    000000010BFED2A1  Unknown               Unknown  Unknown
libesmf.dylib      000000010D54E178  Unknown               Unknown  Unknown
libesmf.dylib      000000010D52D739  Unknown               Unknown  Unknown
libesmf.dylib      000000010D57894C  Unknown               Unknown  Unknown
libesmf.dylib      000000010E74345C  Unknown               Unknown  Unknown
libesmf.dylib      000000010E34899E  Unknown               Unknown  Unknown
libesmf.dylib      000000010E34810F  Unknown               Unknown  Unknown
ESMF_LogErrEx      000000010BBDC7B9  _MAIN__                    76  ESMF_LogErrEx.F90
ESMF_LogErrEx      000000010BBDC55E  Unknown               Unknown  Unknown
