forrtl: severe (174): SIGSEGV, segmentation fault occurred
Image              PC                Routine            Line        Source             
ESMF_CompTunnelEx  0000000103313C14  Unknown               Unknown  Unknown
libsystem_platfor  00007FFF6A61FB5D  Unknown               Unknown  Unknown
libmpi.40.dylib    00000001037002A1  Unknown               Unknown  Unknown
libesmf.dylib      00000001049D9178  Unknown               Unknown  Unknown
libesmf.dylib      00000001049B8739  Unknown               Unknown  Unknown
libesmf.dylib      0000000104A0394C  Unknown               Unknown  Unknown
libesmf.dylib      0000000105BCE45C  Unknown               Unknown  Unknown
libesmf.dylib      00000001057D399E  Unknown               Unknown  Unknown
libesmf.dylib      00000001057D310F  Unknown               Unknown  Unknown
ESMF_CompTunnelEx  00000001032ECDE8  _MAIN__                   158  ESMF_CompTunnelEx.F90
ESMF_CompTunnelEx  00000001032EC67E  Unknown               Unknown  Unknown
forrtl: severe (174): SIGSEGV, segmentation fault occurred
Image              PC                Routine            Line        Source             
ESMF_CompTunnelEx  0000000100051C14  Unknown               Unknown  Unknown
libsystem_platfor  00007FFF6A61FB5D  Unknown               Unknown  Unknown
libmpi.40.dylib    00000001047622A1  Unknown               Unknown  Unknown
libesmf.dylib      0000000100E70178  Unknown               Unknown  Unknown
libesmf.dylib      0000000100E4F739  Unknown               Unknown  Unknown
libesmf.dylib      0000000100E9A94C  Unknown               Unknown  Unknown
libesmf.dylib      000000010206545C  Unknown               Unknown  Unknown
libesmf.dylib      0000000101C6A99E  Unknown               Unknown  Unknown
libesmf.dylib      0000000101C6A10F  Unknown               Unknown  Unknown
ESMF_CompTunnelEx  000000010002ADE8  _MAIN__                   158  ESMF_CompTunnelEx.F90
ESMF_CompTunnelEx  000000010002A67E  Unknown               Unknown  Unknown
forrtl: severe (174): SIGSEGV, segmentation fault occurred
Image              PC                Routine            Line        Source             
ESMF_CompTunnelEx  000000010E260C14  Unknown               Unknown  Unknown
libsystem_platfor  00007FFF6A61FB5D  Unknown               Unknown  Unknown
libmpi.40.dylib    000000010E49F2A1  Unknown               Unknown  Unknown
libesmf.dylib      000000010F2EA178  Unknown               Unknown  Unknown
libesmf.dylib      000000010F2C9739  Unknown               Unknown  Unknown
libesmf.dylib      000000010F31494C  Unknown               Unknown  Unknown
libesmf.dylib      00000001104DF45C  Unknown               Unknown  Unknown
libesmf.dylib      00000001100E499E  Unknown               Unknown  Unknown
libesmf.dylib      00000001100E410F  Unknown               Unknown  Unknown
ESMF_CompTunnelEx  000000010E239DE8  _MAIN__                   158  ESMF_CompTunnelEx.F90
ESMF_CompTunnelEx  000000010E23967E  Unknown               Unknown  Unknown
forrtl: severe (174): SIGSEGV, segmentation fault occurred
Image              PC                Routine            Line        Source             
ESMF_CompTunnelEx  000000010AA3BC14  Unknown               Unknown  Unknown
libsystem_platfor  00007FFF6A61FB5D  Unknown               Unknown  Unknown
libmpi.40.dylib    000000010F15A2A1  Unknown               Unknown  Unknown
libesmf.dylib      000000010B861178  Unknown               Unknown  Unknown
libesmf.dylib      000000010B840739  Unknown               Unknown  Unknown
libesmf.dylib      000000010B88B94C  Unknown               Unknown  Unknown
libesmf.dylib      000000010CA5645C  Unknown               Unknown  Unknown
libesmf.dylib      000000010C65B99E  Unknown               Unknown  Unknown
libesmf.dylib      000000010C65B10F  Unknown               Unknown  Unknown
ESMF_CompTunnelEx  000000010AA14DE8  _MAIN__                   158  ESMF_CompTunnelEx.F90
ESMF_CompTunnelEx  000000010AA1467E  Unknown               Unknown  Unknown
forrtl: severe (174): SIGSEGV, segmentation fault occurred
Image              PC                Routine            Line        Source             
ESMF_CompTunnelEx  00000001041C0C14  Unknown               Unknown  Unknown
libsystem_platfor  00007FFF6A61FB5D  Unknown               Unknown  Unknown
libmpi.40.dylib    00000001088E52A1  Unknown               Unknown  Unknown
libesmf.dylib      0000000104FE6178  Unknown               Unknown  Unknown
libesmf.dylib      0000000104FC5739  Unknown               Unknown  Unknown
libesmf.dylib      000000010501094C  Unknown               Unknown  Unknown
libesmf.dylib      00000001061DB45C  Unknown               Unknown  Unknown
libesmf.dylib      0000000105DE099E  Unknown               Unknown  Unknown
libesmf.dylib      0000000105DE010F  Unknown               Unknown  Unknown
ESMF_CompTunnelEx  0000000104199DE8  _MAIN__                   158  ESMF_CompTunnelEx.F90
ESMF_CompTunnelEx  000000010419967E  Unknown               Unknown  Unknown
forrtl: severe (174): SIGSEGV, segmentation fault occurred
Image              PC                Routine            Line        Source             
ESMF_CompTunnelEx  0000000103096C14  Unknown               Unknown  Unknown
libsystem_platfor  00007FFF6A61FB5D  Unknown               Unknown  Unknown
libmpi.40.dylib    00000001077BA2A1  Unknown               Unknown  Unknown
libesmf.dylib      0000000103EBC178  Unknown               Unknown  Unknown
libesmf.dylib      0000000103E9B739  Unknown               Unknown  Unknown
libesmf.dylib      0000000103EE694C  Unknown               Unknown  Unknown
libesmf.dylib      00000001050B145C  Unknown               Unknown  Unknown
libesmf.dylib      0000000104CB699E  Unknown               Unknown  Unknown
libesmf.dylib      0000000104CB610F  Unknown               Unknown  Unknown
ESMF_CompTunnelEx  000000010306FDE8  _MAIN__                   158  ESMF_CompTunnelEx.F90
ESMF_CompTunnelEx  000000010306F67E  Unknown               Unknown  Unknown
