forrtl: severe (174): SIGSEGV, segmentation fault occurred
Image              PC                Routine            Line        Source             
ESMF_ArrayCommNBE  000000010557CF94  Unknown               Unknown  Unknown
libsystem_platfor  00007FFF6A61FB5D  Unknown               Unknown  Unknown
libmpi.40.dylib    00000001059672A1  Unknown               Unknown  Unknown
libesmf.dylib      0000000106A1A178  Unknown               Unknown  Unknown
libesmf.dylib      00000001069F9739  Unknown               Unknown  Unknown
libesmf.dylib      0000000106A4494C  Unknown               Unknown  Unknown
libesmf.dylib      0000000107C0F45C  Unknown               Unknown  Unknown
libesmf.dylib      000000010781499E  Unknown               Unknown  Unknown
libesmf.dylib      000000010781410F  Unknown               Unknown  Unknown
ESMF_ArrayCommNBE  0000000105556563  _MAIN__                    52  ESMF_ArrayCommNBEx.F90
ESMF_ArrayCommNBE  00000001055562AE  Unknown               Unknown  Unknown
forrtl: severe (174): SIGSEGV, segmentation fault occurred
Image              PC                Routine            Line        Source             
ESMF_ArrayCommNBE  000000010534CF94  Unknown               Unknown  Unknown
libsystem_platfor  00007FFF6A61FB5D  Unknown               Unknown  Unknown
libmpi.40.dylib    0000000109A6D2A1  Unknown               Unknown  Unknown
libesmf.dylib      000000010616F178  Unknown               Unknown  Unknown
libesmf.dylib      000000010614E739  Unknown               Unknown  Unknown
libesmf.dylib      000000010619994C  Unknown               Unknown  Unknown
libesmf.dylib      000000010736445C  Unknown               Unknown  Unknown
libesmf.dylib      0000000106F6999E  Unknown               Unknown  Unknown
libesmf.dylib      0000000106F6910F  Unknown               Unknown  Unknown
ESMF_ArrayCommNBE  0000000105326563  _MAIN__                    52  ESMF_ArrayCommNBEx.F90
ESMF_ArrayCommNBE  00000001053262AE  Unknown               Unknown  Unknown
forrtl: severe (174): SIGSEGV, segmentation fault occurred
Image              PC                Routine            Line        Source             
ESMF_ArrayCommNBE  000000010C799F94  Unknown               Unknown  Unknown
libsystem_platfor  00007FFF6A61FB5D  Unknown               Unknown  Unknown
libmpi.40.dylib    0000000110EB22A1  Unknown               Unknown  Unknown
libesmf.dylib      000000010D5B8178  Unknown               Unknown  Unknown
libesmf.dylib      000000010D597739  Unknown               Unknown  Unknown
libesmf.dylib      000000010D5E294C  Unknown               Unknown  Unknown
libesmf.dylib      000000010E7AD45C  Unknown               Unknown  Unknown
libesmf.dylib      000000010E3B299E  Unknown               Unknown  Unknown
libesmf.dylib      000000010E3B210F  Unknown               Unknown  Unknown
ESMF_ArrayCommNBE  000000010C773563  _MAIN__                    52  ESMF_ArrayCommNBEx.F90
ESMF_ArrayCommNBE  000000010C7732AE  Unknown               Unknown  Unknown
forrtl: severe (174): SIGSEGV, segmentation fault occurred
Image              PC                Routine            Line        Source             
ESMF_ArrayCommNBE  000000010D3BEF94  Unknown               Unknown  Unknown
libsystem_platfor  00007FFF6A61FB5D  Unknown               Unknown  Unknown
libmpi.40.dylib    0000000111ADB2A1  Unknown               Unknown  Unknown
libesmf.dylib      000000010E1E1178  Unknown               Unknown  Unknown
libesmf.dylib      000000010E1C0739  Unknown               Unknown  Unknown
libesmf.dylib      000000010E20B94C  Unknown               Unknown  Unknown
libesmf.dylib      000000010F3D645C  Unknown               Unknown  Unknown
libesmf.dylib      000000010EFDB99E  Unknown               Unknown  Unknown
libesmf.dylib      000000010EFDB10F  Unknown               Unknown  Unknown
ESMF_ArrayCommNBE  000000010D398563  _MAIN__                    52  ESMF_ArrayCommNBEx.F90
ESMF_ArrayCommNBE  000000010D3982AE  Unknown               Unknown  Unknown
