forrtl: severe (174): SIGSEGV, segmentation fault occurred
Image              PC                Routine            Line        Source             
ESMF_ArrayEx       000000010D478C34  Unknown               Unknown  Unknown
libsystem_platfor  00007FFF6A61FB5D  Unknown               Unknown  Unknown
libmpi.40.dylib    0000000111B982A1  Unknown               Unknown  Unknown
libesmf.dylib      000000010E29D178  Unknown               Unknown  Unknown
libesmf.dylib      000000010E27C739  Unknown               Unknown  Unknown
libesmf.dylib      000000010E2C794C  Unknown               Unknown  Unknown
libesmf.dylib      000000010F49245C  Unknown               Unknown  Unknown
libesmf.dylib      000000010F09799E  Unknown               Unknown  Unknown
libesmf.dylib      000000010F09710F  Unknown               Unknown  Unknown
ESMF_ArrayEx       000000010D436E37  _MAIN__                    73  ESMF_ArrayEx.F90
ESMF_ArrayEx       000000010D436A2E  Unknown               Unknown  Unknown
forrtl: severe (174): SIGSEGV, segmentation fault occurred
Image              PC                Routine            Line        Source             
ESMF_ArrayEx       0000000108193C34  Unknown               Unknown  Unknown
libsystem_platfor  00007FFF6A61FB5D  Unknown               Unknown  Unknown
libmpi.40.dylib    000000010C9CA2A1  Unknown               Unknown  Unknown
libesmf.dylib      0000000108FBD178  Unknown               Unknown  Unknown
libesmf.dylib      0000000108F9C739  Unknown               Unknown  Unknown
libesmf.dylib      0000000108FE794C  Unknown               Unknown  Unknown
libesmf.dylib      000000010A1B245C  Unknown               Unknown  Unknown
libesmf.dylib      0000000109DB799E  Unknown               Unknown  Unknown
libesmf.dylib      0000000109DB710F  Unknown               Unknown  Unknown
ESMF_ArrayEx       0000000108151E37  _MAIN__                    73  ESMF_ArrayEx.F90
ESMF_ArrayEx       0000000108151A2E  Unknown               Unknown  Unknown
forrtl: severe (174): SIGSEGV, segmentation fault occurred
Image              PC                Routine            Line        Source             
ESMF_ArrayEx       0000000100097C34  Unknown               Unknown  Unknown
libsystem_platfor  00007FFF6A61FB5D  Unknown               Unknown  Unknown
libmpi.40.dylib    00000001047C22A1  Unknown               Unknown  Unknown
libesmf.dylib      0000000100EC3178  Unknown               Unknown  Unknown
libesmf.dylib      0000000100EA2739  Unknown               Unknown  Unknown
libesmf.dylib      0000000100EED94C  Unknown               Unknown  Unknown
libesmf.dylib      00000001020B845C  Unknown               Unknown  Unknown
libesmf.dylib      0000000101CBD99E  Unknown               Unknown  Unknown
libesmf.dylib      0000000101CBD10F  Unknown               Unknown  Unknown
ESMF_ArrayEx       0000000100055E37  _MAIN__                    73  ESMF_ArrayEx.F90
ESMF_ArrayEx       0000000100055A2E  Unknown               Unknown  Unknown
forrtl: severe (174): SIGSEGV, segmentation fault occurred
Image              PC                Routine            Line        Source             
ESMF_ArrayEx       0000000103DF9C34  Unknown               Unknown  Unknown
libsystem_platfor  00007FFF6A61FB5D  Unknown               Unknown  Unknown
libmpi.40.dylib    000000010851C2A1  Unknown               Unknown  Unknown
libesmf.dylib      0000000104C20178  Unknown               Unknown  Unknown
libesmf.dylib      0000000104BFF739  Unknown               Unknown  Unknown
libesmf.dylib      0000000104C4A94C  Unknown               Unknown  Unknown
libesmf.dylib      0000000105E1545C  Unknown               Unknown  Unknown
libesmf.dylib      0000000105A1A99E  Unknown               Unknown  Unknown
libesmf.dylib      0000000105A1A10F  Unknown               Unknown  Unknown
ESMF_ArrayEx       0000000103DB7E37  _MAIN__                    73  ESMF_ArrayEx.F90
ESMF_ArrayEx       0000000103DB7A2E  Unknown               Unknown  Unknown
