forrtl: severe (174): SIGSEGV, segmentation fault occurred
Image              PC                Routine            Line        Source             
ESMF_FieldCreateE  000000010FDA19B4  Unknown               Unknown  Unknown
libsystem_platfor  00007FFF6A61FB5D  Unknown               Unknown  Unknown
libmpi.40.dylib    000000011018E2A1  Unknown               Unknown  Unknown
libesmf.dylib      000000011498F178  Unknown               Unknown  Unknown
libesmf.dylib      000000011496E739  Unknown               Unknown  Unknown
libesmf.dylib      00000001149B994C  Unknown               Unknown  Unknown
libesmf.dylib      0000000115B8445C  Unknown               Unknown  Unknown
libesmf.dylib      000000011578999E  Unknown               Unknown  Unknown
libesmf.dylib      000000011578910F  Unknown               Unknown  Unknown
ESMF_FieldCreateE  000000010FD6F2B6  _MAIN__                    73  ESMF_FieldCreateEx.F90
ESMF_FieldCreateE  000000010FD6EEFE  Unknown               Unknown  Unknown
forrtl: severe (174): SIGSEGV, segmentation fault occurred
Image              PC                Routine            Line        Source             
ESMF_FieldCreateE  00000001025A39B4  Unknown               Unknown  Unknown
libsystem_platfor  00007FFF6A61FB5D  Unknown               Unknown  Unknown
libmpi.40.dylib    0000000106CBB2A1  Unknown               Unknown  Unknown
libesmf.dylib      00000001033C2178  Unknown               Unknown  Unknown
libesmf.dylib      00000001033A1739  Unknown               Unknown  Unknown
libesmf.dylib      00000001033EC94C  Unknown               Unknown  Unknown
libesmf.dylib      00000001045B745C  Unknown               Unknown  Unknown
libesmf.dylib      00000001041BC99E  Unknown               Unknown  Unknown
libesmf.dylib      00000001041BC10F  Unknown               Unknown  Unknown
ESMF_FieldCreateE  00000001025712B6  _MAIN__                    73  ESMF_FieldCreateEx.F90
ESMF_FieldCreateE  0000000102570EFE  Unknown               Unknown  Unknown
forrtl: severe (174): SIGSEGV, segmentation fault occurred
Image              PC                Routine            Line        Source             
ESMF_FieldCreateE  000000010502B9B4  Unknown               Unknown  Unknown
libsystem_platfor  00007FFF6A61FB5D  Unknown               Unknown  Unknown
libmpi.40.dylib    000000010974B2A1  Unknown               Unknown  Unknown
libesmf.dylib      0000000105E4E178  Unknown               Unknown  Unknown
libesmf.dylib      0000000105E2D739  Unknown               Unknown  Unknown
libesmf.dylib      0000000105E7894C  Unknown               Unknown  Unknown
libesmf.dylib      000000010704345C  Unknown               Unknown  Unknown
libesmf.dylib      0000000106C4899E  Unknown               Unknown  Unknown
libesmf.dylib      0000000106C4810F  Unknown               Unknown  Unknown
ESMF_FieldCreateE  0000000104FF92B6  _MAIN__                    73  ESMF_FieldCreateEx.F90
ESMF_FieldCreateE  0000000104FF8EFE  Unknown               Unknown  Unknown
forrtl: severe (174): SIGSEGV, segmentation fault occurred
Image              PC                Routine            Line        Source             
ESMF_FieldCreateE  000000010D1C69B4  Unknown               Unknown  Unknown
libsystem_platfor  00007FFF6A61FB5D  Unknown               Unknown  Unknown
libmpi.40.dylib    00000001118E02A1  Unknown               Unknown  Unknown
libesmf.dylib      000000010DFE5178  Unknown               Unknown  Unknown
libesmf.dylib      000000010DFC4739  Unknown               Unknown  Unknown
libesmf.dylib      000000010E00F94C  Unknown               Unknown  Unknown
libesmf.dylib      000000010F1DA45C  Unknown               Unknown  Unknown
libesmf.dylib      000000010EDDF99E  Unknown               Unknown  Unknown
libesmf.dylib      000000010EDDF10F  Unknown               Unknown  Unknown
ESMF_FieldCreateE  000000010D1942B6  _MAIN__                    73  ESMF_FieldCreateEx.F90
ESMF_FieldCreateE  000000010D193EFE  Unknown               Unknown  Unknown
