forrtl: severe (174): SIGSEGV, segmentation fault occurred
Image              PC                Routine            Line        Source             
ESMF_RHandleDynam  00000001003F3554  Unknown               Unknown  Unknown
libsystem_platfor  00007FFF6A61FB5D  Unknown               Unknown  Unknown
libmpi.40.dylib    0000000104B102A1  Unknown               Unknown  Unknown
libesmf.dylib      0000000101217178  Unknown               Unknown  Unknown
libesmf.dylib      00000001011F6739  Unknown               Unknown  Unknown
libesmf.dylib      000000010124194C  Unknown               Unknown  Unknown
libesmf.dylib      000000010240C45C  Unknown               Unknown  Unknown
libesmf.dylib      000000010201199E  Unknown               Unknown  Unknown
libesmf.dylib      000000010201110F  Unknown               Unknown  Unknown
ESMF_RHandleDynam  00000001003C73FE  _MAIN__                   265  ESMF_RHandleDynamicMaskingEx.F90
ESMF_RHandleDynam  00000001003B8C1E  Unknown               Unknown  Unknown
forrtl: severe (174): SIGSEGV, segmentation fault occurred
Image              PC                Routine            Line        Source             
ESMF_RHandleDynam  0000000106931554  Unknown               Unknown  Unknown
libsystem_platfor  00007FFF6A61FB5D  Unknown               Unknown  Unknown
libmpi.40.dylib    000000010B04C2A1  Unknown               Unknown  Unknown
libesmf.dylib      000000010775A178  Unknown               Unknown  Unknown
libesmf.dylib      0000000107739739  Unknown               Unknown  Unknown
libesmf.dylib      000000010778494C  Unknown               Unknown  Unknown
libesmf.dylib      000000010894F45C  Unknown               Unknown  Unknown
libesmf.dylib      000000010855499E  Unknown               Unknown  Unknown
libesmf.dylib      000000010855410F  Unknown               Unknown  Unknown
ESMF_RHandleDynam  00000001069053FE  _MAIN__                   265  ESMF_RHandleDynamicMaskingEx.F90
ESMF_RHandleDynam  00000001068F6C1E  Unknown               Unknown  Unknown
forrtl: severe (174): SIGSEGV, segmentation fault occurred
Image              PC                Routine            Line        Source             
ESMF_RHandleDynam  0000000102CA8554  Unknown               Unknown  Unknown
libsystem_platfor  00007FFF6A61FB5D  Unknown               Unknown  Unknown
libmpi.40.dylib    00000001073C52A1  Unknown               Unknown  Unknown
libesmf.dylib      0000000103ACD178  Unknown               Unknown  Unknown
libesmf.dylib      0000000103AAC739  Unknown               Unknown  Unknown
libesmf.dylib      0000000103AF794C  Unknown               Unknown  Unknown
libesmf.dylib      0000000104CC245C  Unknown               Unknown  Unknown
libesmf.dylib      00000001048C799E  Unknown               Unknown  Unknown
libesmf.dylib      00000001048C710F  Unknown               Unknown  Unknown
ESMF_RHandleDynam  0000000102C7C3FE  _MAIN__                   265  ESMF_RHandleDynamicMaskingEx.F90
ESMF_RHandleDynam  0000000102C6DC1E  Unknown               Unknown  Unknown
forrtl: severe (174): SIGSEGV, segmentation fault occurred
Image              PC                Routine            Line        Source             
ESMF_RHandleDynam  00000001039F7554  Unknown               Unknown  Unknown
libsystem_platfor  00007FFF6A61FB5D  Unknown               Unknown  Unknown
libmpi.40.dylib    00000001081182A1  Unknown               Unknown  Unknown
libesmf.dylib      000000010481E178  Unknown               Unknown  Unknown
libesmf.dylib      00000001047FD739  Unknown               Unknown  Unknown
libesmf.dylib      000000010484894C  Unknown               Unknown  Unknown
libesmf.dylib      0000000105A1345C  Unknown               Unknown  Unknown
libesmf.dylib      000000010561899E  Unknown               Unknown  Unknown
libesmf.dylib      000000010561810F  Unknown               Unknown  Unknown
ESMF_RHandleDynam  00000001039CB3FE  _MAIN__                   265  ESMF_RHandleDynamicMaskingEx.F90
ESMF_RHandleDynam  00000001039BCC1E  Unknown               Unknown  Unknown
