forrtl: severe (174): SIGSEGV, segmentation fault occurred
Image              PC                Routine            Line        Source             
ESMF_InternalStat  0000000104AD0B94  Unknown               Unknown  Unknown
libsystem_platfor  00007FFF6A61FB5D  Unknown               Unknown  Unknown
libmpi.40.dylib    00000001091E62A1  Unknown               Unknown  Unknown
libesmf.dylib      00000001058F0178  Unknown               Unknown  Unknown
libesmf.dylib      00000001058CF739  Unknown               Unknown  Unknown
libesmf.dylib      000000010591A94C  Unknown               Unknown  Unknown
libesmf.dylib      0000000106AE545C  Unknown               Unknown  Unknown
libesmf.dylib      00000001066EA99E  Unknown               Unknown  Unknown
libesmf.dylib      00000001066EA10F  Unknown               Unknown  Unknown
ESMF_InternalStat  0000000104AAAC4C  _MAIN__                   215  ESMF_InternalStateModEx.F90
ESMF_InternalStat  0000000104AAA0DE  Unknown               Unknown  Unknown
forrtl: severe (174): SIGSEGV, segmentation fault occurred
Image              PC                Routine            Line        Source             
ESMF_InternalStat  00000001035FEB94  Unknown               Unknown  Unknown
libsystem_platfor  00007FFF6A61FB5D  Unknown               Unknown  Unknown
libmpi.40.dylib    0000000107D162A1  Unknown               Unknown  Unknown
libesmf.dylib      000000010441D178  Unknown               Unknown  Unknown
libesmf.dylib      00000001043FC739  Unknown               Unknown  Unknown
libesmf.dylib      000000010444794C  Unknown               Unknown  Unknown
libesmf.dylib      000000010561245C  Unknown               Unknown  Unknown
libesmf.dylib      000000010521799E  Unknown               Unknown  Unknown
libesmf.dylib      000000010521710F  Unknown               Unknown  Unknown
ESMF_InternalStat  00000001035D8C4C  _MAIN__                   215  ESMF_InternalStateModEx.F90
ESMF_InternalStat  00000001035D80DE  Unknown               Unknown  Unknown
forrtl: severe (174): SIGSEGV, segmentation fault occurred
Image              PC                Routine            Line        Source             
ESMF_InternalStat  000000010A00BB94  Unknown               Unknown  Unknown
libsystem_platfor  00007FFF6A61FB5D  Unknown               Unknown  Unknown
libmpi.40.dylib    000000010E7242A1  Unknown               Unknown  Unknown
libesmf.dylib      000000010AE29178  Unknown               Unknown  Unknown
libesmf.dylib      000000010AE08739  Unknown               Unknown  Unknown
libesmf.dylib      000000010AE5394C  Unknown               Unknown  Unknown
libesmf.dylib      000000010C01E45C  Unknown               Unknown  Unknown
libesmf.dylib      000000010BC2399E  Unknown               Unknown  Unknown
libesmf.dylib      000000010BC2310F  Unknown               Unknown  Unknown
ESMF_InternalStat  0000000109FE5C4C  _MAIN__                   215  ESMF_InternalStateModEx.F90
ESMF_InternalStat  0000000109FE50DE  Unknown               Unknown  Unknown
forrtl: severe (174): SIGSEGV, segmentation fault occurred
Image              PC                Routine            Line        Source             
ESMF_InternalStat  0000000108EA2B94  Unknown               Unknown  Unknown
libsystem_platfor  00007FFF6A61FB5D  Unknown               Unknown  Unknown
libmpi.40.dylib    000000010D5BC2A1  Unknown               Unknown  Unknown
libesmf.dylib      0000000109CC3178  Unknown               Unknown  Unknown
libesmf.dylib      0000000109CA2739  Unknown               Unknown  Unknown
libesmf.dylib      0000000109CED94C  Unknown               Unknown  Unknown
libesmf.dylib      000000010AEB845C  Unknown               Unknown  Unknown
libesmf.dylib      000000010AABD99E  Unknown               Unknown  Unknown
libesmf.dylib      000000010AABD10F  Unknown               Unknown  Unknown
ESMF_InternalStat  0000000108E7CC4C  _MAIN__                   215  ESMF_InternalStateModEx.F90
ESMF_InternalStat  0000000108E7C0DE  Unknown               Unknown  Unknown
