forrtl: severe (174): SIGSEGV, segmentation fault occurred
Image              PC                Routine            Line        Source             
ESMF_FieldBundleH  0000000101BD28C4  Unknown               Unknown  Unknown
libsystem_platfor  00007FFF6A61FB5D  Unknown               Unknown  Unknown
libmpi.40.dylib    0000000101FBF2A1  Unknown               Unknown  Unknown
libesmf.dylib      00000001066B8178  Unknown               Unknown  Unknown
libesmf.dylib      0000000106697739  Unknown               Unknown  Unknown
libesmf.dylib      00000001066E294C  Unknown               Unknown  Unknown
libesmf.dylib      00000001078AD45C  Unknown               Unknown  Unknown
libesmf.dylib      00000001074B299E  Unknown               Unknown  Unknown
libesmf.dylib      00000001074B210F  Unknown               Unknown  Unknown
ESMF_FieldBundleH  0000000101BA9DC7  _MAIN__                    71  ESMF_FieldBundleHaloEx.F90
ESMF_FieldBundleH  0000000101BA9A6E  Unknown               Unknown  Unknown
forrtl: severe (174): SIGSEGV, segmentation fault occurred
Image              PC                Routine            Line        Source             
ESMF_FieldBundleH  000000010FA7F8C4  Unknown               Unknown  Unknown
libsystem_platfor  00007FFF6A61FB5D  Unknown               Unknown  Unknown
libmpi.40.dylib    000000010FE6C2A1  Unknown               Unknown  Unknown
libesmf.dylib      0000000111363178  Unknown               Unknown  Unknown
libesmf.dylib      0000000111342739  Unknown               Unknown  Unknown
libesmf.dylib      000000011138D94C  Unknown               Unknown  Unknown
libesmf.dylib      000000011255845C  Unknown               Unknown  Unknown
libesmf.dylib      000000011215D99E  Unknown               Unknown  Unknown
libesmf.dylib      000000011215D10F  Unknown               Unknown  Unknown
ESMF_FieldBundleH  000000010FA56DC7  _MAIN__                    71  ESMF_FieldBundleHaloEx.F90
ESMF_FieldBundleH  000000010FA56A6E  Unknown               Unknown  Unknown
forrtl: severe (174): SIGSEGV, segmentation fault occurred
Image              PC                Routine            Line        Source             
ESMF_FieldBundleH  00000001066CB8C4  Unknown               Unknown  Unknown
libsystem_platfor  00007FFF6A61FB5D  Unknown               Unknown  Unknown
libmpi.40.dylib    000000010ADE72A1  Unknown               Unknown  Unknown
libesmf.dylib      00000001074ED178  Unknown               Unknown  Unknown
libesmf.dylib      00000001074CC739  Unknown               Unknown  Unknown
libesmf.dylib      000000010751794C  Unknown               Unknown  Unknown
libesmf.dylib      00000001086E245C  Unknown               Unknown  Unknown
libesmf.dylib      00000001082E799E  Unknown               Unknown  Unknown
libesmf.dylib      00000001082E710F  Unknown               Unknown  Unknown
ESMF_FieldBundleH  00000001066A2DC7  _MAIN__                    71  ESMF_FieldBundleHaloEx.F90
ESMF_FieldBundleH  00000001066A2A6E  Unknown               Unknown  Unknown
forrtl: severe (174): SIGSEGV, segmentation fault occurred
Image              PC                Routine            Line        Source             
ESMF_FieldBundleH  0000000103F9E8C4  Unknown               Unknown  Unknown
libsystem_platfor  00007FFF6A61FB5D  Unknown               Unknown  Unknown
libmpi.40.dylib    00000001086BB2A1  Unknown               Unknown  Unknown
libesmf.dylib      0000000104DBF178  Unknown               Unknown  Unknown
libesmf.dylib      0000000104D9E739  Unknown               Unknown  Unknown
libesmf.dylib      0000000104DE994C  Unknown               Unknown  Unknown
libesmf.dylib      0000000105FB445C  Unknown               Unknown  Unknown
libesmf.dylib      0000000105BB999E  Unknown               Unknown  Unknown
libesmf.dylib      0000000105BB910F  Unknown               Unknown  Unknown
ESMF_FieldBundleH  0000000103F75DC7  _MAIN__                    71  ESMF_FieldBundleHaloEx.F90
ESMF_FieldBundleH  0000000103F75A6E  Unknown               Unknown  Unknown
