forrtl: severe (174): SIGSEGV, segmentation fault occurred
Image              PC                Routine            Line        Source             
ESMF_FieldRegridE  0000000102C84934  Unknown               Unknown  Unknown
libsystem_platfor  00007FFF6A61FB5D  Unknown               Unknown  Unknown
libmpi.40.dylib    00000001030722A1  Unknown               Unknown  Unknown
libesmf.dylib      000000010502E178  Unknown               Unknown  Unknown
libesmf.dylib      000000010500D739  Unknown               Unknown  Unknown
libesmf.dylib      000000010505894C  Unknown               Unknown  Unknown
libesmf.dylib      000000010622345C  Unknown               Unknown  Unknown
libesmf.dylib      0000000105E2899E  Unknown               Unknown  Unknown
libesmf.dylib      0000000105E2810F  Unknown               Unknown  Unknown
ESMF_FieldRegridE  0000000102C59309  _MAIN__                    97  ESMF_FieldRegridEx.F90
ESMF_FieldRegridE  0000000102C58FAE  Unknown               Unknown  Unknown
forrtl: severe (174): SIGSEGV, segmentation fault occurred
Image              PC                Routine            Line        Source             
ESMF_FieldRegridE  00000001063F7934  Unknown               Unknown  Unknown
libsystem_platfor  00007FFF6A61FB5D  Unknown               Unknown  Unknown
libmpi.40.dylib    000000010AB172A1  Unknown               Unknown  Unknown
libesmf.dylib      000000010721D178  Unknown               Unknown  Unknown
libesmf.dylib      00000001071FC739  Unknown               Unknown  Unknown
libesmf.dylib      000000010724794C  Unknown               Unknown  Unknown
libesmf.dylib      000000010841245C  Unknown               Unknown  Unknown
libesmf.dylib      000000010801799E  Unknown               Unknown  Unknown
libesmf.dylib      000000010801710F  Unknown               Unknown  Unknown
ESMF_FieldRegridE  00000001063CC309  _MAIN__                    97  ESMF_FieldRegridEx.F90
ESMF_FieldRegridE  00000001063CBFAE  Unknown               Unknown  Unknown
forrtl: severe (174): SIGSEGV, segmentation fault occurred
Image              PC                Routine            Line        Source             
ESMF_FieldRegridE  0000000103021934  Unknown               Unknown  Unknown
libsystem_platfor  00007FFF6A61FB5D  Unknown               Unknown  Unknown
libmpi.40.dylib    00000001077472A1  Unknown               Unknown  Unknown
libesmf.dylib      0000000103E48178  Unknown               Unknown  Unknown
libesmf.dylib      0000000103E27739  Unknown               Unknown  Unknown
libesmf.dylib      0000000103E7294C  Unknown               Unknown  Unknown
libesmf.dylib      000000010503D45C  Unknown               Unknown  Unknown
libesmf.dylib      0000000104C4299E  Unknown               Unknown  Unknown
libesmf.dylib      0000000104C4210F  Unknown               Unknown  Unknown
ESMF_FieldRegridE  0000000102FF6309  _MAIN__                    97  ESMF_FieldRegridEx.F90
ESMF_FieldRegridE  0000000102FF5FAE  Unknown               Unknown  Unknown
forrtl: severe (174): SIGSEGV, segmentation fault occurred
Image              PC                Routine            Line        Source             
ESMF_FieldRegridE  000000010E43B934  Unknown               Unknown  Unknown
libsystem_platfor  00007FFF6A61FB5D  Unknown               Unknown  Unknown
libmpi.40.dylib    0000000112B632A1  Unknown               Unknown  Unknown
libesmf.dylib      000000010F261178  Unknown               Unknown  Unknown
libesmf.dylib      000000010F240739  Unknown               Unknown  Unknown
libesmf.dylib      000000010F28B94C  Unknown               Unknown  Unknown
libesmf.dylib      000000011045645C  Unknown               Unknown  Unknown
libesmf.dylib      000000011005B99E  Unknown               Unknown  Unknown
libesmf.dylib      000000011005B10F  Unknown               Unknown  Unknown
ESMF_FieldRegridE  000000010E410309  _MAIN__                    97  ESMF_FieldRegridEx.F90
ESMF_FieldRegridE  000000010E40FFAE  Unknown               Unknown  Unknown
