forrtl: severe (174): SIGSEGV, segmentation fault occurred
Image              PC                Routine            Line        Source             
ESMF_NUOPCAtmMode  000000010FD440F4  Unknown               Unknown  Unknown
libsystem_platfor  00007FFF6A61FB5D  Unknown               Unknown  Unknown
libmpi.40.dylib    00000001144632A1  Unknown               Unknown  Unknown
libesmf.dylib      0000000110B6B178  Unknown               Unknown  Unknown
libesmf.dylib      0000000110B4A739  Unknown               Unknown  Unknown
libesmf.dylib      0000000110B9594C  Unknown               Unknown  Unknown
libesmf.dylib      0000000111D6045C  Unknown               Unknown  Unknown
libesmf.dylib      000000011196599E  Unknown               Unknown  Unknown
libesmf.dylib      000000011196510F  Unknown               Unknown  Unknown
ESMF_NUOPCAtmMode  000000010FD1DF03  _MAIN__                   761  ESMF_NUOPCAtmModelEx.F90
ESMF_NUOPCAtmMode  000000010FD19CEE  Unknown               Unknown  Unknown
forrtl: severe (174): SIGSEGV, segmentation fault occurred
Image              PC                Routine            Line        Source             
ESMF_NUOPCAtmMode  000000010F49F0F4  Unknown               Unknown  Unknown
libsystem_platfor  00007FFF6A61FB5D  Unknown               Unknown  Unknown
libmpi.40.dylib    0000000113BBF2A1  Unknown               Unknown  Unknown
libesmf.dylib      00000001102C6178  Unknown               Unknown  Unknown
libesmf.dylib      00000001102A5739  Unknown               Unknown  Unknown
libesmf.dylib      00000001102F094C  Unknown               Unknown  Unknown
libesmf.dylib      00000001114BB45C  Unknown               Unknown  Unknown
libesmf.dylib      00000001110C099E  Unknown               Unknown  Unknown
libesmf.dylib      00000001110C010F  Unknown               Unknown  Unknown
ESMF_NUOPCAtmMode  000000010F478F03  _MAIN__                   761  ESMF_NUOPCAtmModelEx.F90
ESMF_NUOPCAtmMode  000000010F474CEE  Unknown               Unknown  Unknown
forrtl: severe (174): SIGSEGV, segmentation fault occurred
Image              PC                Routine            Line        Source             
ESMF_NUOPCAtmMode  00000001016FE0F4  Unknown               Unknown  Unknown
libsystem_platfor  00007FFF6A61FB5D  Unknown               Unknown  Unknown
libmpi.40.dylib    0000000105E202A1  Unknown               Unknown  Unknown
libesmf.dylib      0000000102524178  Unknown               Unknown  Unknown
libesmf.dylib      0000000102503739  Unknown               Unknown  Unknown
libesmf.dylib      000000010254E94C  Unknown               Unknown  Unknown
libesmf.dylib      000000010371945C  Unknown               Unknown  Unknown
libesmf.dylib      000000010331E99E  Unknown               Unknown  Unknown
libesmf.dylib      000000010331E10F  Unknown               Unknown  Unknown
ESMF_NUOPCAtmMode  00000001016D7F03  _MAIN__                   761  ESMF_NUOPCAtmModelEx.F90
ESMF_NUOPCAtmMode  00000001016D3CEE  Unknown               Unknown  Unknown
forrtl: severe (174): SIGSEGV, segmentation fault occurred
Image              PC                Routine            Line        Source             
ESMF_NUOPCAtmMode  0000000104B2A0F4  Unknown               Unknown  Unknown
libsystem_platfor  00007FFF6A61FB5D  Unknown               Unknown  Unknown
libmpi.40.dylib    0000000104F1A2A1  Unknown               Unknown  Unknown
libesmf.dylib      0000000106DF4178  Unknown               Unknown  Unknown
libesmf.dylib      0000000106DD3739  Unknown               Unknown  Unknown
libesmf.dylib      0000000106E1E94C  Unknown               Unknown  Unknown
libesmf.dylib      0000000107FE945C  Unknown               Unknown  Unknown
libesmf.dylib      0000000107BEE99E  Unknown               Unknown  Unknown
libesmf.dylib      0000000107BEE10F  Unknown               Unknown  Unknown
ESMF_NUOPCAtmMode  0000000104B03F03  _MAIN__                   761  ESMF_NUOPCAtmModelEx.F90
ESMF_NUOPCAtmMode  0000000104AFFCEE  Unknown               Unknown  Unknown
