forrtl: severe (174): SIGSEGV, segmentation fault occurred
Image              PC                Routine            Line        Source             
ESMF_VMAllFullRed  0000000108829E34  Unknown               Unknown  Unknown
libsystem_platfor  00007FFF6A61FB5D  Unknown               Unknown  Unknown
libmpi.40.dylib    0000000108C142A1  Unknown               Unknown  Unknown
libesmf.dylib      0000000109A7D178  Unknown               Unknown  Unknown
libesmf.dylib      0000000109A5C739  Unknown               Unknown  Unknown
libesmf.dylib      0000000109AA794C  Unknown               Unknown  Unknown
libesmf.dylib      000000010AC7245C  Unknown               Unknown  Unknown
libesmf.dylib      000000010A87799E  Unknown               Unknown  Unknown
libesmf.dylib      000000010A87710F  Unknown               Unknown  Unknown
ESMF_VMAllFullRed  0000000108803431  _MAIN__                    65  ESMF_VMAllFullReduceEx.F90
ESMF_VMAllFullRed  000000010880322E  Unknown               Unknown  Unknown
forrtl: severe (174): SIGSEGV, segmentation fault occurred
Image              PC                Routine            Line        Source             
ESMF_VMAllFullRed  000000010B02BE34  Unknown               Unknown  Unknown
libsystem_platfor  00007FFF6A61FB5D  Unknown               Unknown  Unknown
libmpi.40.dylib    000000010B4162A1  Unknown               Unknown  Unknown
libesmf.dylib      000000010F333178  Unknown               Unknown  Unknown
libesmf.dylib      000000010F312739  Unknown               Unknown  Unknown
libesmf.dylib      000000010F35D94C  Unknown               Unknown  Unknown
libesmf.dylib      000000011052845C  Unknown               Unknown  Unknown
libesmf.dylib      000000011012D99E  Unknown               Unknown  Unknown
libesmf.dylib      000000011012D10F  Unknown               Unknown  Unknown
ESMF_VMAllFullRed  000000010B005431  _MAIN__                    65  ESMF_VMAllFullReduceEx.F90
ESMF_VMAllFullRed  000000010B00522E  Unknown               Unknown  Unknown
forrtl: severe (174): SIGSEGV, segmentation fault occurred
Image              PC                Routine            Line        Source             
ESMF_VMAllFullRed  0000000100FCDE34  Unknown               Unknown  Unknown
libsystem_platfor  00007FFF6A61FB5D  Unknown               Unknown  Unknown
libmpi.40.dylib    00000001056E22A1  Unknown               Unknown  Unknown
libesmf.dylib      0000000101DEB178  Unknown               Unknown  Unknown
libesmf.dylib      0000000101DCA739  Unknown               Unknown  Unknown
libesmf.dylib      0000000101E1594C  Unknown               Unknown  Unknown
libesmf.dylib      0000000102FE045C  Unknown               Unknown  Unknown
libesmf.dylib      0000000102BE599E  Unknown               Unknown  Unknown
libesmf.dylib      0000000102BE510F  Unknown               Unknown  Unknown
ESMF_VMAllFullRed  0000000100FA7431  _MAIN__                    65  ESMF_VMAllFullReduceEx.F90
ESMF_VMAllFullRed  0000000100FA722E  Unknown               Unknown  Unknown
forrtl: severe (174): SIGSEGV, segmentation fault occurred
Image              PC                Routine            Line        Source             
ESMF_VMAllFullRed  0000000102008E34  Unknown               Unknown  Unknown
libsystem_platfor  00007FFF6A61FB5D  Unknown               Unknown  Unknown
libmpi.40.dylib    00000001067262A1  Unknown               Unknown  Unknown
libesmf.dylib      0000000102E29178  Unknown               Unknown  Unknown
libesmf.dylib      0000000102E08739  Unknown               Unknown  Unknown
libesmf.dylib      0000000102E5394C  Unknown               Unknown  Unknown
libesmf.dylib      000000010401E45C  Unknown               Unknown  Unknown
libesmf.dylib      0000000103C2399E  Unknown               Unknown  Unknown
libesmf.dylib      0000000103C2310F  Unknown               Unknown  Unknown
ESMF_VMAllFullRed  0000000101FE2431  _MAIN__                    65  ESMF_VMAllFullReduceEx.F90
ESMF_VMAllFullRed  0000000101FE222E  Unknown               Unknown  Unknown
