forrtl: severe (174): SIGSEGV, segmentation fault occurred
Image              PC                Routine            Line        Source             
ESMF_DELayoutEx    000000010D0F9D74  Unknown               Unknown  Unknown
libsystem_platfor  00007FFF6A61FB5D  Unknown               Unknown  Unknown
libmpi.40.dylib    00000001118122A1  Unknown               Unknown  Unknown
libesmf.dylib      000000010DF17178  Unknown               Unknown  Unknown
libesmf.dylib      000000010DEF6739  Unknown               Unknown  Unknown
libesmf.dylib      000000010DF4194C  Unknown               Unknown  Unknown
libesmf.dylib      000000010F10C45C  Unknown               Unknown  Unknown
libesmf.dylib      000000010ED1199E  Unknown               Unknown  Unknown
libesmf.dylib      000000010ED1110F  Unknown               Unknown  Unknown
ESMF_DELayoutEx    000000010D0D106D  _MAIN__                    51  ESMF_DELayoutEx.F90
ESMF_DELayoutEx    000000010D0D0E4E  Unknown               Unknown  Unknown
forrtl: severe (174): SIGSEGV, segmentation fault occurred
Image              PC                Routine            Line        Source             
ESMF_DELayoutEx    0000000104549D74  Unknown               Unknown  Unknown
libsystem_platfor  00007FFF6A61FB5D  Unknown               Unknown  Unknown
libmpi.40.dylib    0000000108C682A1  Unknown               Unknown  Unknown
libesmf.dylib      000000010536C178  Unknown               Unknown  Unknown
libesmf.dylib      000000010534B739  Unknown               Unknown  Unknown
libesmf.dylib      000000010539694C  Unknown               Unknown  Unknown
libesmf.dylib      000000010656145C  Unknown               Unknown  Unknown
libesmf.dylib      000000010616699E  Unknown               Unknown  Unknown
libesmf.dylib      000000010616610F  Unknown               Unknown  Unknown
ESMF_DELayoutEx    000000010452106D  _MAIN__                    51  ESMF_DELayoutEx.F90
ESMF_DELayoutEx    0000000104520E4E  Unknown               Unknown  Unknown
forrtl: severe (174): SIGSEGV, segmentation fault occurred
Image              PC                Routine            Line        Source             
ESMF_DELayoutEx    0000000102EFDD74  Unknown               Unknown  Unknown
libsystem_platfor  00007FFF6A61FB5D  Unknown               Unknown  Unknown
libmpi.40.dylib    000000010761A2A1  Unknown               Unknown  Unknown
libesmf.dylib      0000000103D20178  Unknown               Unknown  Unknown
libesmf.dylib      0000000103CFF739  Unknown               Unknown  Unknown
libesmf.dylib      0000000103D4A94C  Unknown               Unknown  Unknown
libesmf.dylib      0000000104F1545C  Unknown               Unknown  Unknown
libesmf.dylib      0000000104B1A99E  Unknown               Unknown  Unknown
libesmf.dylib      0000000104B1A10F  Unknown               Unknown  Unknown
ESMF_DELayoutEx    0000000102ED506D  _MAIN__                    51  ESMF_DELayoutEx.F90
ESMF_DELayoutEx    0000000102ED4E4E  Unknown               Unknown  Unknown
forrtl: severe (174): SIGSEGV, segmentation fault occurred
Image              PC                Routine            Line        Source             
ESMF_DELayoutEx    0000000109F46D74  Unknown               Unknown  Unknown
libsystem_platfor  00007FFF6A61FB5D  Unknown               Unknown  Unknown
libmpi.40.dylib    000000010E6642A1  Unknown               Unknown  Unknown
libesmf.dylib      000000010AD67178  Unknown               Unknown  Unknown
libesmf.dylib      000000010AD46739  Unknown               Unknown  Unknown
libesmf.dylib      000000010AD9194C  Unknown               Unknown  Unknown
libesmf.dylib      000000010BF5C45C  Unknown               Unknown  Unknown
libesmf.dylib      000000010BB6199E  Unknown               Unknown  Unknown
libesmf.dylib      000000010BB6110F  Unknown               Unknown  Unknown
ESMF_DELayoutEx    0000000109F1E06D  _MAIN__                    51  ESMF_DELayoutEx.F90
ESMF_DELayoutEx    0000000109F1DE4E  Unknown               Unknown  Unknown
