forrtl: severe (174): SIGSEGV, segmentation fault occurred
Image              PC                Routine            Line        Source             
ESMF_FieldArbGrid  0000000102241B94  Unknown               Unknown  Unknown
libsystem_platfor  00007FFF6A61FB5D  Unknown               Unknown  Unknown
libmpi.40.dylib    00000001069512A1  Unknown               Unknown  Unknown
libesmf.dylib      000000010305F178  Unknown               Unknown  Unknown
libesmf.dylib      000000010303E739  Unknown               Unknown  Unknown
libesmf.dylib      000000010308994C  Unknown               Unknown  Unknown
libesmf.dylib      000000010425445C  Unknown               Unknown  Unknown
libesmf.dylib      0000000103E5999E  Unknown               Unknown  Unknown
libesmf.dylib      0000000103E5910F  Unknown               Unknown  Unknown
ESMF_FieldArbGrid  00000001022180BF  _MAIN__                    59  ESMF_FieldArbGridEx.F90
ESMF_FieldArbGrid  0000000102217E5E  Unknown               Unknown  Unknown
forrtl: severe (174): SIGSEGV, segmentation fault occurred
Image              PC                Routine            Line        Source             
ESMF_FieldArbGrid  000000010453FB94  Unknown               Unknown  Unknown
libsystem_platfor  00007FFF6A61FB5D  Unknown               Unknown  Unknown
libmpi.40.dylib    0000000108C642A1  Unknown               Unknown  Unknown
libesmf.dylib      0000000105364178  Unknown               Unknown  Unknown
libesmf.dylib      0000000105343739  Unknown               Unknown  Unknown
libesmf.dylib      000000010538E94C  Unknown               Unknown  Unknown
libesmf.dylib      000000010655945C  Unknown               Unknown  Unknown
libesmf.dylib      000000010615E99E  Unknown               Unknown  Unknown
libesmf.dylib      000000010615E10F  Unknown               Unknown  Unknown
ESMF_FieldArbGrid  00000001045160BF  _MAIN__                    59  ESMF_FieldArbGridEx.F90
ESMF_FieldArbGrid  0000000104515E5E  Unknown               Unknown  Unknown
forrtl: severe (174): SIGSEGV, segmentation fault occurred
Image              PC                Routine            Line        Source             
ESMF_FieldArbGrid  0000000101CDCB94  Unknown               Unknown  Unknown
libsystem_platfor  00007FFF6A61FB5D  Unknown               Unknown  Unknown
libmpi.40.dylib    00000001063FA2A1  Unknown               Unknown  Unknown
libesmf.dylib      0000000102AFE178  Unknown               Unknown  Unknown
libesmf.dylib      0000000102ADD739  Unknown               Unknown  Unknown
libesmf.dylib      0000000102B2894C  Unknown               Unknown  Unknown
libesmf.dylib      0000000103CF345C  Unknown               Unknown  Unknown
libesmf.dylib      00000001038F899E  Unknown               Unknown  Unknown
libesmf.dylib      00000001038F810F  Unknown               Unknown  Unknown
ESMF_FieldArbGrid  0000000101CB30BF  _MAIN__                    59  ESMF_FieldArbGridEx.F90
ESMF_FieldArbGrid  0000000101CB2E5E  Unknown               Unknown  Unknown
forrtl: severe (174): SIGSEGV, segmentation fault occurred
Image              PC                Routine            Line        Source             
ESMF_FieldArbGrid  0000000102596B94  Unknown               Unknown  Unknown
libsystem_platfor  00007FFF6A61FB5D  Unknown               Unknown  Unknown
libmpi.40.dylib    00000001029822A1  Unknown               Unknown  Unknown
libesmf.dylib      000000010633E178  Unknown               Unknown  Unknown
libesmf.dylib      000000010631D739  Unknown               Unknown  Unknown
libesmf.dylib      000000010636894C  Unknown               Unknown  Unknown
libesmf.dylib      000000010753345C  Unknown               Unknown  Unknown
libesmf.dylib      000000010713899E  Unknown               Unknown  Unknown
libesmf.dylib      000000010713810F  Unknown               Unknown  Unknown
ESMF_FieldArbGrid  000000010256D0BF  _MAIN__                    59  ESMF_FieldArbGridEx.F90
ESMF_FieldArbGrid  000000010256CE5E  Unknown               Unknown  Unknown
