forrtl: severe (174): SIGSEGV, segmentation fault occurred
Image              PC                Routine            Line        Source             
ESMF_InternalStat  000000010880CF74  Unknown               Unknown  Unknown
libsystem_platfor  00007FFF6A61FB5D  Unknown               Unknown  Unknown
libmpi.40.dylib    000000010CF272A1  Unknown               Unknown  Unknown
libesmf.dylib      0000000109630178  Unknown               Unknown  Unknown
libesmf.dylib      000000010960F739  Unknown               Unknown  Unknown
libesmf.dylib      000000010965A94C  Unknown               Unknown  Unknown
libesmf.dylib      000000010A82545C  Unknown               Unknown  Unknown
libesmf.dylib      000000010A42A99E  Unknown               Unknown  Unknown
libesmf.dylib      000000010A42A10F  Unknown               Unknown  Unknown
ESMF_InternalStat  00000001087E7072  _MAIN__                    86  ESMF_InternalStateEx.F90
ESMF_InternalStat  00000001087E6E7E  Unknown               Unknown  Unknown
forrtl: severe (174): SIGSEGV, segmentation fault occurred
Image              PC                Routine            Line        Source             
ESMF_InternalStat  0000000107BFEF74  Unknown               Unknown  Unknown
libsystem_platfor  00007FFF6A61FB5D  Unknown               Unknown  Unknown
libmpi.40.dylib    000000010C3222A1  Unknown               Unknown  Unknown
libesmf.dylib      0000000108A21178  Unknown               Unknown  Unknown
libesmf.dylib      0000000108A00739  Unknown               Unknown  Unknown
libesmf.dylib      0000000108A4B94C  Unknown               Unknown  Unknown
libesmf.dylib      0000000109C1645C  Unknown               Unknown  Unknown
libesmf.dylib      000000010981B99E  Unknown               Unknown  Unknown
libesmf.dylib      000000010981B10F  Unknown               Unknown  Unknown
ESMF_InternalStat  0000000107BD9072  _MAIN__                    86  ESMF_InternalStateEx.F90
ESMF_InternalStat  0000000107BD8E7E  Unknown               Unknown  Unknown
forrtl: severe (174): SIGSEGV, segmentation fault occurred
Image              PC                Routine            Line        Source             
ESMF_InternalStat  0000000104BD0F74  Unknown               Unknown  Unknown
libsystem_platfor  00007FFF6A61FB5D  Unknown               Unknown  Unknown
libmpi.40.dylib    00000001092F02A1  Unknown               Unknown  Unknown
libesmf.dylib      00000001059F3178  Unknown               Unknown  Unknown
libesmf.dylib      00000001059D2739  Unknown               Unknown  Unknown
libesmf.dylib      0000000105A1D94C  Unknown               Unknown  Unknown
libesmf.dylib      0000000106BE845C  Unknown               Unknown  Unknown
libesmf.dylib      00000001067ED99E  Unknown               Unknown  Unknown
libesmf.dylib      00000001067ED10F  Unknown               Unknown  Unknown
ESMF_InternalStat  0000000104BAB072  _MAIN__                    86  ESMF_InternalStateEx.F90
ESMF_InternalStat  0000000104BAAE7E  Unknown               Unknown  Unknown
forrtl: severe (174): SIGSEGV, segmentation fault occurred
Image              PC                Routine            Line        Source             
ESMF_InternalStat  0000000102A7BF74  Unknown               Unknown  Unknown
libsystem_platfor  00007FFF6A61FB5D  Unknown               Unknown  Unknown
libmpi.40.dylib    00000001071912A1  Unknown               Unknown  Unknown
libesmf.dylib      000000010389C178  Unknown               Unknown  Unknown
libesmf.dylib      000000010387B739  Unknown               Unknown  Unknown
libesmf.dylib      00000001038C694C  Unknown               Unknown  Unknown
libesmf.dylib      0000000104A9145C  Unknown               Unknown  Unknown
libesmf.dylib      000000010469699E  Unknown               Unknown  Unknown
libesmf.dylib      000000010469610F  Unknown               Unknown  Unknown
ESMF_InternalStat  0000000102A56072  _MAIN__                    86  ESMF_InternalStateEx.F90
ESMF_InternalStat  0000000102A55E7E  Unknown               Unknown  Unknown
