forrtl: severe (174): SIGSEGV, segmentation fault occurred
Image              PC                Routine            Line        Source             
ESMF_ArraySparseM  000000010ACEC564  Unknown               Unknown  Unknown
libsystem_platfor  00007FFF6A61FB5D  Unknown               Unknown  Unknown
libmpi.40.dylib    000000010F40F2A1  Unknown               Unknown  Unknown
libesmf.dylib      000000010BB11178  Unknown               Unknown  Unknown
libesmf.dylib      000000010BAF0739  Unknown               Unknown  Unknown
libesmf.dylib      000000010BB3B94C  Unknown               Unknown  Unknown
libesmf.dylib      000000010CD0645C  Unknown               Unknown  Unknown
libesmf.dylib      000000010C90B99E  Unknown               Unknown  Unknown
libesmf.dylib      000000010C90B10F  Unknown               Unknown  Unknown
ESMF_ArraySparseM  000000010ACBAE69  _MAIN__                    54  ESMF_ArraySparseMatMulEx.F90
ESMF_ArraySparseM  000000010ACBAB9E  Unknown               Unknown  Unknown
forrtl: severe (174): SIGSEGV, segmentation fault occurred
Image              PC                Routine            Line        Source             
ESMF_ArraySparseM  0000000106736564  Unknown               Unknown  Unknown
libsystem_platfor  00007FFF6A61FB5D  Unknown               Unknown  Unknown
libmpi.40.dylib    000000010AE572A1  Unknown               Unknown  Unknown
libesmf.dylib      0000000107559178  Unknown               Unknown  Unknown
libesmf.dylib      0000000107538739  Unknown               Unknown  Unknown
libesmf.dylib      000000010758394C  Unknown               Unknown  Unknown
libesmf.dylib      000000010874E45C  Unknown               Unknown  Unknown
libesmf.dylib      000000010835399E  Unknown               Unknown  Unknown
libesmf.dylib      000000010835310F  Unknown               Unknown  Unknown
ESMF_ArraySparseM  0000000106704E69  _MAIN__                    54  ESMF_ArraySparseMatMulEx.F90
ESMF_ArraySparseM  0000000106704B9E  Unknown               Unknown  Unknown
forrtl: severe (174): SIGSEGV, segmentation fault occurred
Image              PC                Routine            Line        Source             
ESMF_ArraySparseM  0000000101415564  Unknown               Unknown  Unknown
libsystem_platfor  00007FFF6A61FB5D  Unknown               Unknown  Unknown
libmpi.40.dylib    00000001018032A1  Unknown               Unknown  Unknown
libesmf.dylib      0000000102873178  Unknown               Unknown  Unknown
libesmf.dylib      0000000102852739  Unknown               Unknown  Unknown
libesmf.dylib      000000010289D94C  Unknown               Unknown  Unknown
libesmf.dylib      0000000103A6845C  Unknown               Unknown  Unknown
libesmf.dylib      000000010366D99E  Unknown               Unknown  Unknown
libesmf.dylib      000000010366D10F  Unknown               Unknown  Unknown
ESMF_ArraySparseM  00000001013E3E69  _MAIN__                    54  ESMF_ArraySparseMatMulEx.F90
ESMF_ArraySparseM  00000001013E3B9E  Unknown               Unknown  Unknown
forrtl: severe (174): SIGSEGV, segmentation fault occurred
Image              PC                Routine            Line        Source             
ESMF_ArraySparseM  000000010FD55564  Unknown               Unknown  Unknown
libsystem_platfor  00007FFF6A61FB5D  Unknown               Unknown  Unknown
libmpi.40.dylib    00000001144742A1  Unknown               Unknown  Unknown
libesmf.dylib      0000000110B7C178  Unknown               Unknown  Unknown
libesmf.dylib      0000000110B5B739  Unknown               Unknown  Unknown
libesmf.dylib      0000000110BA694C  Unknown               Unknown  Unknown
libesmf.dylib      0000000111D7145C  Unknown               Unknown  Unknown
libesmf.dylib      000000011197699E  Unknown               Unknown  Unknown
libesmf.dylib      000000011197610F  Unknown               Unknown  Unknown
ESMF_ArraySparseM  000000010FD23E69  _MAIN__                    54  ESMF_ArraySparseMatMulEx.F90
ESMF_ArraySparseM  000000010FD23B9E  Unknown               Unknown  Unknown
