forrtl: severe (174): SIGSEGV, segmentation fault occurred
Image              PC                Routine            Line        Source             
ESMF_DistGridEx    00000001073F3814  Unknown               Unknown  Unknown
libsystem_platfor  00007FFF6A61FB5D  Unknown               Unknown  Unknown
libmpi.40.dylib    000000010BB192A1  Unknown               Unknown  Unknown
libesmf.dylib      0000000108225178  Unknown               Unknown  Unknown
libesmf.dylib      0000000108204739  Unknown               Unknown  Unknown
libesmf.dylib      000000010824F94C  Unknown               Unknown  Unknown
libesmf.dylib      000000010941A45C  Unknown               Unknown  Unknown
libesmf.dylib      000000010901F99E  Unknown               Unknown  Unknown
libesmf.dylib      000000010901F10F  Unknown               Unknown  Unknown
ESMF_DistGridEx    0000000107399449  _MAIN__                    57  ESMF_DistGridEx.F90
ESMF_DistGridEx    000000010739920E  Unknown               Unknown  Unknown
forrtl: severe (174): SIGSEGV, segmentation fault occurred
Image              PC                Routine            Line        Source             
ESMF_DistGridEx    000000010B806814  Unknown               Unknown  Unknown
libsystem_platfor  00007FFF6A61FB5D  Unknown               Unknown  Unknown
libmpi.40.dylib    000000010FF2D2A1  Unknown               Unknown  Unknown
libesmf.dylib      000000010C631178  Unknown               Unknown  Unknown
libesmf.dylib      000000010C610739  Unknown               Unknown  Unknown
libesmf.dylib      000000010C65B94C  Unknown               Unknown  Unknown
libesmf.dylib      000000010D82645C  Unknown               Unknown  Unknown
libesmf.dylib      000000010D42B99E  Unknown               Unknown  Unknown
libesmf.dylib      000000010D42B10F  Unknown               Unknown  Unknown
ESMF_DistGridEx    000000010B7AC449  _MAIN__                    57  ESMF_DistGridEx.F90
ESMF_DistGridEx    000000010B7AC20E  Unknown               Unknown  Unknown
forrtl: severe (174): SIGSEGV, segmentation fault occurred
Image              PC                Routine            Line        Source             
ESMF_DistGridEx    000000010BE4C814  Unknown               Unknown  Unknown
libsystem_platfor  00007FFF6A61FB5D  Unknown               Unknown  Unknown
libmpi.40.dylib    00000001105742A1  Unknown               Unknown  Unknown
libesmf.dylib      000000010CC7C178  Unknown               Unknown  Unknown
libesmf.dylib      000000010CC5B739  Unknown               Unknown  Unknown
libesmf.dylib      000000010CCA694C  Unknown               Unknown  Unknown
libesmf.dylib      000000010DE7145C  Unknown               Unknown  Unknown
libesmf.dylib      000000010DA7699E  Unknown               Unknown  Unknown
libesmf.dylib      000000010DA7610F  Unknown               Unknown  Unknown
ESMF_DistGridEx    000000010BDF2449  _MAIN__                    57  ESMF_DistGridEx.F90
ESMF_DistGridEx    000000010BDF220E  Unknown               Unknown  Unknown
forrtl: severe (174): SIGSEGV, segmentation fault occurred
Image              PC                Routine            Line        Source             
ESMF_DistGridEx    0000000105B9F814  Unknown               Unknown  Unknown
libsystem_platfor  00007FFF6A61FB5D  Unknown               Unknown  Unknown
libmpi.40.dylib    0000000105F982A1  Unknown               Unknown  Unknown
libesmf.dylib      0000000109CF1178  Unknown               Unknown  Unknown
libesmf.dylib      0000000109CD0739  Unknown               Unknown  Unknown
libesmf.dylib      0000000109D1B94C  Unknown               Unknown  Unknown
libesmf.dylib      000000010AEE645C  Unknown               Unknown  Unknown
libesmf.dylib      000000010AAEB99E  Unknown               Unknown  Unknown
libesmf.dylib      000000010AAEB10F  Unknown               Unknown  Unknown
ESMF_DistGridEx    0000000105B45449  _MAIN__                    57  ESMF_DistGridEx.F90
ESMF_DistGridEx    0000000105B4520E  Unknown               Unknown  Unknown
