20210315 161954.714 INFO             PET0 !!!!!!!!!!!!!!!!!!!!!!!!!!!!!!!!!!!!!!!!!!!!!!!!!!!!!!
20210315 161954.714 INFO             PET0 !!! THE ESMF_LOG IS SET TO OUTPUT ALL LOG MESSAGES !!!
20210315 161954.714 INFO             PET0 !!!     THIS MAY CAUSE SLOWDOWN IN PERFORMANCE     !!!
20210315 161954.714 INFO             PET0 !!! FOR PRODUCTION RUNS, USE:                      !!!
20210315 161954.714 INFO             PET0 !!!                   ESMF_LOGKIND_Multi_On_Error  !!!
20210315 161954.715 INFO             PET0 !!!!!!!!!!!!!!!!!!!!!!!!!!!!!!!!!!!!!!!!!!!!!!!!!!!!!!
20210315 161954.715 INFO             PET0 Running with ESMF Version   : ESMF_8_1_0_beta_snapshot_47-41-gdcad22f6fa
20210315 161954.715 INFO             PET0 ESMF library build date/time: "Mar 15 2021" "16:01:30"
20210315 161954.715 INFO             PET0 ESMF library build location : /Volumes/esmf/rocky/et/gfortran_10.2.0_mpich3_O
20210315 161954.715 INFO             PET0 ESMF_COMM                   : mpich3
20210315 161954.715 INFO             PET0 ESMF_MOAB                   : enabled
20210315 161954.715 INFO             PET0 ESMF_LAPACK                 : enabled
20210315 161954.715 INFO             PET0 ESMF_NETCDF                 : enabled
20210315 161954.715 INFO             PET0 ESMF_PNETCDF                : disabled
20210315 161954.715 INFO             PET0 ESMF_PIO                    : enabled
20210315 161954.715 INFO             PET0 ESMF_YAMLCPP                : enabled
20210315 161955.311 INFO             PET0  NUMBER_OF_PROCESSORS           4
20210315 161955.311 INFO             PET0  PASS  Example ESMF_ArrayRedistEx, ESMF_ArrayRedistEx.F90, line 595
20210315 161955.311 INFO             PET0 Finalizing ESMF
20210315 161954.714 INFO             PET1 !!!!!!!!!!!!!!!!!!!!!!!!!!!!!!!!!!!!!!!!!!!!!!!!!!!!!!
20210315 161954.714 INFO             PET1 !!! THE ESMF_LOG IS SET TO OUTPUT ALL LOG MESSAGES !!!
20210315 161954.714 INFO             PET1 !!!     THIS MAY CAUSE SLOWDOWN IN PERFORMANCE     !!!
20210315 161954.714 INFO             PET1 !!! FOR PRODUCTION RUNS, USE:                      !!!
20210315 161954.714 INFO             PET1 !!!                   ESMF_LOGKIND_Multi_On_Error  !!!
20210315 161954.714 INFO             PET1 !!!!!!!!!!!!!!!!!!!!!!!!!!!!!!!!!!!!!!!!!!!!!!!!!!!!!!
20210315 161954.714 INFO             PET1 Running with ESMF Version   : ESMF_8_1_0_beta_snapshot_47-41-gdcad22f6fa
20210315 161954.714 INFO             PET1 ESMF library build date/time: "Mar 15 2021" "16:01:30"
20210315 161954.714 INFO             PET1 ESMF library build location : /Volumes/esmf/rocky/et/gfortran_10.2.0_mpich3_O
20210315 161954.714 INFO             PET1 ESMF_COMM                   : mpich3
20210315 161954.715 INFO             PET1 ESMF_MOAB                   : enabled
20210315 161954.715 INFO             PET1 ESMF_LAPACK                 : enabled
20210315 161954.715 INFO             PET1 ESMF_NETCDF                 : enabled
20210315 161954.715 INFO             PET1 ESMF_PNETCDF                : disabled
20210315 161954.715 INFO             PET1 ESMF_PIO                    : enabled
20210315 161954.715 INFO             PET1 ESMF_YAMLCPP                : enabled
20210315 161955.311 INFO             PET1  NUMBER_OF_PROCESSORS           4
20210315 161955.311 INFO             PET1  PASS  Example ESMF_ArrayRedistEx, ESMF_ArrayRedistEx.F90, line 595
20210315 161955.311 INFO             PET1 Finalizing ESMF
20210315 161954.714 INFO             PET2 !!!!!!!!!!!!!!!!!!!!!!!!!!!!!!!!!!!!!!!!!!!!!!!!!!!!!!
20210315 161954.714 INFO             PET2 !!! THE ESMF_LOG IS SET TO OUTPUT ALL LOG MESSAGES !!!
20210315 161954.714 INFO             PET2 !!!     THIS MAY CAUSE SLOWDOWN IN PERFORMANCE     !!!
20210315 161954.714 INFO             PET2 !!! FOR PRODUCTION RUNS, USE:                      !!!
20210315 161954.714 INFO             PET2 !!!                   ESMF_LOGKIND_Multi_On_Error  !!!
20210315 161954.714 INFO             PET2 !!!!!!!!!!!!!!!!!!!!!!!!!!!!!!!!!!!!!!!!!!!!!!!!!!!!!!
20210315 161954.714 INFO             PET2 Running with ESMF Version   : ESMF_8_1_0_beta_snapshot_47-41-gdcad22f6fa
20210315 161954.715 INFO             PET2 ESMF library build date/time: "Mar 15 2021" "16:01:30"
20210315 161954.715 INFO             PET2 ESMF library build location : /Volumes/esmf/rocky/et/gfortran_10.2.0_mpich3_O
20210315 161954.715 INFO             PET2 ESMF_COMM                   : mpich3
20210315 161954.715 INFO             PET2 ESMF_MOAB                   : enabled
20210315 161954.715 INFO             PET2 ESMF_LAPACK                 : enabled
20210315 161954.715 INFO             PET2 ESMF_NETCDF                 : enabled
20210315 161954.715 INFO             PET2 ESMF_PNETCDF                : disabled
20210315 161954.715 INFO             PET2 ESMF_PIO                    : enabled
20210315 161954.715 INFO             PET2 ESMF_YAMLCPP                : enabled
20210315 161955.311 INFO             PET2  NUMBER_OF_PROCESSORS           4
20210315 161955.311 INFO             PET2  PASS  Example ESMF_ArrayRedistEx, ESMF_ArrayRedistEx.F90, line 595
20210315 161955.311 INFO             PET2 Finalizing ESMF
20210315 161954.714 INFO             PET3 !!!!!!!!!!!!!!!!!!!!!!!!!!!!!!!!!!!!!!!!!!!!!!!!!!!!!!
20210315 161954.715 INFO             PET3 !!! THE ESMF_LOG IS SET TO OUTPUT ALL LOG MESSAGES !!!
20210315 161954.715 INFO             PET3 !!!     THIS MAY CAUSE SLOWDOWN IN PERFORMANCE     !!!
20210315 161954.715 INFO             PET3 !!! FOR PRODUCTION RUNS, USE:                      !!!
20210315 161954.715 INFO             PET3 !!!                   ESMF_LOGKIND_Multi_On_Error  !!!
20210315 161954.715 INFO             PET3 !!!!!!!!!!!!!!!!!!!!!!!!!!!!!!!!!!!!!!!!!!!!!!!!!!!!!!
20210315 161954.715 INFO             PET3 Running with ESMF Version   : ESMF_8_1_0_beta_snapshot_47-41-gdcad22f6fa
20210315 161954.715 INFO             PET3 ESMF library build date/time: "Mar 15 2021" "16:01:30"
20210315 161954.715 INFO             PET3 ESMF library build location : /Volumes/esmf/rocky/et/gfortran_10.2.0_mpich3_O
20210315 161954.715 INFO             PET3 ESMF_COMM                   : mpich3
20210315 161954.715 INFO             PET3 ESMF_MOAB                   : enabled
20210315 161954.715 INFO             PET3 ESMF_LAPACK                 : enabled
20210315 161954.715 INFO             PET3 ESMF_NETCDF                 : enabled
20210315 161954.715 INFO             PET3 ESMF_PNETCDF                : disabled
20210315 161954.715 INFO             PET3 ESMF_PIO                    : enabled
20210315 161954.715 INFO             PET3 ESMF_YAMLCPP                : enabled
20210315 161955.311 INFO             PET3  NUMBER_OF_PROCESSORS           4
20210315 161955.311 INFO             PET3  PASS  Example ESMF_ArrayRedistEx, ESMF_ArrayRedistEx.F90, line 595
20210315 161955.311 INFO             PET3 Finalizing ESMF
