MPT ERROR: Rank 0(g:0) received signal SIGSEGV(11).
	Process ID: 204889, Host: r2i7n16, Program: /p/work1/mpotts/intel_2018.1_mpt_O/examples/examplesO/Linux.intel.64.mpt.default/ESMF_MeshEx
	MPT Version: HPE MPT 2.20  08/30/19 04:33:45

MPT: --------stack traceback-------
MPT: Attaching to program: /proc/204889/exe, process 204889
MPT: [Thread debugging using libthread_db enabled]
MPT: Using host libthread_db library "/lib64/libthread_db.so.1".
MPT: (no debugging symbols found)...done.
MPT: (no debugging symbols found)...done.
MPT: done.
MPT: (no debugging symbols found)...done.
MPT: (no debugging symbols found)...done.
MPT: (no debugging symbols found)...done.
MPT: done.
MPT: (no debugging symbols found)...done.
MPT: (no debugging symbols found)...done.
MPT: (no debugging symbols found)...done.
MPT: (no debugging symbols found)...done.
MPT: (no debugging symbols found)...done.
MPT: (no debugging symbols found)...done.
MPT: (no debugging symbols found)...done.
MPT: (no debugging symbols found)...done.
MPT: (no debugging symbols found)...done.
MPT: (no debugging symbols found)...done.
MPT: (no debugging symbols found)...done.
MPT: (no debugging symbols found)...done.
MPT: (no debugging symbols found)...done.
MPT: (no debugging symbols found)...done.
MPT: (no debugging symbols found)...done.
MPT: (no debugging symbols found)...done.
MPT: (no debugging symbols found)...done.
MPT: (no debugging symbols found)...done.
MPT: (no debugging symbols found)...done.
MPT: (no debugging symbols found)...done.
MPT: (no debugging symbols found)...done.
MPT: (no debugging symbols found)...done.
MPT: (no debugging symbols found)...done.
MPT: 0x00002aaaae4e518c in waitpid () from /lib64/libpthread.so.0
MPT: Missing separate debuginfos, use: debuginfo-install cyrus-sasl-lib-2.1.26-23.el7.x86_64 glibc-2.17-317.el7.x86_64 keyutils-libs-1.5.8-3.el7.x86_64 krb5-libs-1.15.1-50.el7.x86_64 libbitmask-2.0-sgi720r52.rhel76.x86_64 libcom_err-1.42.9-19.el7.x86_64 libcpuset-1.0-sgi720r102.rhel76.x86_64 libcurl-7.29.0-59.el7_9.1.x86_64 libgcc-4.8.5-44.el7.x86_64 libidn-1.28-4.el7.x86_64 libjpeg-turbo-1.2.90-8.el7.x86_64 libselinux-2.5-15.el7.x86_64 libssh2-1.8.0-4.el7.x86_64 libstdc++-4.8.5-44.el7.x86_64 nspr-4.25.0-2.el7_9.x86_64 nss-3.53.1-3.el7_9.x86_64 nss-softokn-freebl-3.53.1-6.el7_9.x86_64 nss-util-3.53.1-1.el7_9.x86_64 openldap-2.4.44-22.el7.x86_64 openssl-libs-1.0.2k-21.el7_9.x86_64 pcre-8.32-17.el7.x86_64 zlib-1.2.7-18.el7.x86_64
MPT: (gdb) #0  0x00002aaaae4e518c in waitpid () from /lib64/libpthread.so.0
MPT: #1  0x00002aaaaec1e806 in mpi_sgi_system (
MPT: #2  MPI_SGI_stacktraceback (
MPT:     header=header@entry=0x7fffffff6ec0 "MPT ERROR: Rank 0(g:0) received signal SIGSEGV(11).\n\tProcess ID: 204889, Host: r2i7n16, Program: /p/work1/mpotts/intel_2018.1_mpt_O/examples/examplesO/Linux.intel.64.mpt.default/ESMF_MeshEx\n\tMPT Versi"...) at sig.c:340
MPT: #3  0x00002aaaaec1ea02 in first_arriver_handler (signo=signo@entry=11, 
MPT:     stack_trace_sem=stack_trace_sem@entry=0x2aaab9320080) at sig.c:489
MPT: #4  0x00002aaaaec1ed9b in slave_sig_handler (signo=11, 
MPT:     siginfo=<optimized out>, extra=<optimized out>) at sig.c:565
MPT: #5  <signal handler called>
MPT: #6  0x00002aaaaeb8cc9e in MPI_SGI_comm_fetch (comm=comm@entry=1140850689)
MPT:     at comm.c:41
MPT: #7  MPI_SGI_comm_get (comm=comm@entry=1140850689)
MPT:     at ../../../../include/comm.h:182
MPT: #8  MPI_SGI_comm_hbt (comm=comm@entry=1140850689) at comm.c:311
MPT: #9  0x00002aaaaeb938c8 in MPI_SGI_comm_set_attr (attr_value=0x0, key=14, 
MPT:     comm=1140850689) at comm_set_attr.c:16
MPT: #10 PMPI_Comm_set_attr (comm=1140850689, key=14, attr_value=0x0)
MPT:     at comm_set_attr.c:68
MPT: #11 0x00002aaab232f2f0 in H5_init_library ()
MPT:    from /app/CSE/CSEIntel.20200724/Datamodels/hdf5-1.10.6/lib/libhdf5.so.103
MPT: #12 0x00002aaab23df7a9 in H5Eset_auto2 ()
MPT:    from /app/CSE/CSEIntel.20200724/Datamodels/hdf5-1.10.6/lib/libhdf5.so.103
MPT: #13 0x00002aaaadb7d27c in nc4_hdf5_initialize ()
MPT:    from /app/CSE/CSEIntel.20200724/Datamodels/netcdf-4.7.4/lib/libnetcdf.so.18
MPT: #14 0x00002aaaadb867bc in NC_HDF5_initialize ()
MPT:    from /app/CSE/CSEIntel.20200724/Datamodels/netcdf-4.7.4/lib/libnetcdf.so.18
MPT: #15 0x00002aaaadaf61a8 in nc_initialize ()
MPT:    from /app/CSE/CSEIntel.20200724/Datamodels/netcdf-4.7.4/lib/libnetcdf.so.18
MPT: #16 0x00002aaaadaf9aac in NC_open ()
MPT:    from /app/CSE/CSEIntel.20200724/Datamodels/netcdf-4.7.4/lib/libnetcdf.so.18
MPT: #17 0x00002aaaadaf97d7 in nc_open ()
MPT:    from /app/CSE/CSEIntel.20200724/Datamodels/netcdf-4.7.4/lib/libnetcdf.so.18
MPT: #18 0x00002aaaab9f46a7 in c_convertscrip_ ()
MPT:    from /p/work1/mpotts/intel_2018.1_mpt_O/lib/libO/Linux.intel.64.mpt.default/libesmf.so
MPT: #19 0x00002aaaac1d0fd5 in esmf_meshmod_mp_esmf_meshcreatefromscrip_ ()
MPT:    from /p/work1/mpotts/intel_2018.1_mpt_O/lib/libO/Linux.intel.64.mpt.default/libesmf.so
MPT: #20 0x00002aaaac1c520b in esmf_meshmod_mp_esmf_meshcreatefromfile_ ()
MPT:    from /p/work1/mpotts/intel_2018.1_mpt_O/lib/libO/Linux.intel.64.mpt.default/libesmf.so
MPT: #21 0x000000000040c64d in MAIN__ ()
MPT: #22 0x000000000040c21e in main ()
MPT: (gdb) A debugging session is active.
MPT: 
MPT: 	Inferior 1 [process 204889] will be detached.
MPT: 
MPT: Quit anyway? (y or n) [answered Y; input not from terminal]
MPT: Detaching from program: /proc/204889/exe, process 204889
MPT: [Inferior 1 (process 204889) detached]

MPT: -----stack traceback ends-----
MPT: On host r2i7n16, Program /p/work1/mpotts/intel_2018.1_mpt_O/examples/examplesO/Linux.intel.64.mpt.default/ESMF_MeshEx, Rank 0, Process 204889: Dumping core on signal SIGSEGV(11) into directory /p/work1/mpotts/intel_2018.1_mpt_O/examples/examplesO/Linux.intel.64.mpt.default
MPT: Program /p/work1/mpotts/intel_2018.1_mpt_O/examples/examplesO/Linux.intel.64.mpt.default/ESMF_MeshEx, Rank 1, Process 204890: Core dump on signal SIGBUS(7) suppressed.
MPT: Program /p/work1/mpotts/intel_2018.1_mpt_O/examples/examplesO/Linux.intel.64.mpt.default/ESMF_MeshEx, Rank 2, Process 204891: Core dump on signal SIGBUS(7) suppressed.
MPT: Program /p/work1/mpotts/intel_2018.1_mpt_O/examples/examplesO/Linux.intel.64.mpt.default/ESMF_MeshEx, Rank 3, Process 204892: Core dump on signal SIGBUS(7) suppressed.
MPT ERROR: MPI_COMM_WORLD rank 0 has terminated without calling MPI_Finalize()
	aborting job
MPT: Received signal 11
