20210316 031350.876 INFO             PET0 !!!!!!!!!!!!!!!!!!!!!!!!!!!!!!!!!!!!!!!!!!!!!!!!!!!!!!
20210316 031350.876 INFO             PET0 !!! THE ESMF_LOG IS SET TO OUTPUT ALL LOG MESSAGES !!!
20210316 031350.876 INFO             PET0 !!!     THIS MAY CAUSE SLOWDOWN IN PERFORMANCE     !!!
20210316 031350.876 INFO             PET0 !!! FOR PRODUCTION RUNS, USE:                      !!!
20210316 031350.876 INFO             PET0 !!!                   ESMF_LOGKIND_Multi_On_Error  !!!
20210316 031350.876 INFO             PET0 !!!!!!!!!!!!!!!!!!!!!!!!!!!!!!!!!!!!!!!!!!!!!!!!!!!!!!
20210316 031350.876 INFO             PET0 Running with ESMF Version   : ESMF_8_1_0_beta_snapshot_47-43-g3582fd7879
20210316 031350.876 INFO             PET0 ESMF library build date/time: "Mar 16 2021" "01:16:43"
20210316 031350.876 INFO             PET0 ESMF library build location : /gpfsm/dnb04/projects/p98/mpotts/esmf/intel_2020_mpt_g
20210316 031350.876 INFO             PET0 ESMF_COMM                   : mpt
20210316 031350.876 INFO             PET0 ESMF_MOAB                   : enabled
20210316 031350.876 INFO             PET0 ESMF_LAPACK                 : enabled
20210316 031350.876 INFO             PET0 ESMF_NETCDF                 : enabled
20210316 031350.876 INFO             PET0 ESMF_PNETCDF                : disabled
20210316 031350.876 INFO             PET0 ESMF_PIO                    : enabled
20210316 031350.876 INFO             PET0 ESMF_YAMLCPP                : enabled
20210316 031350.883 INFO             PET0  NUMBER_OF_PROCESSORS           4
20210316 031350.883 INFO             PET0  PASS  Example ESMF_ArrayEx, ESMF_ArrayEx.F90, line 1899
20210316 031350.883 INFO             PET0 Finalizing ESMF
20210316 031350.876 INFO             PET1 !!!!!!!!!!!!!!!!!!!!!!!!!!!!!!!!!!!!!!!!!!!!!!!!!!!!!!
20210316 031350.876 INFO             PET1 !!! THE ESMF_LOG IS SET TO OUTPUT ALL LOG MESSAGES !!!
20210316 031350.876 INFO             PET1 !!!     THIS MAY CAUSE SLOWDOWN IN PERFORMANCE     !!!
20210316 031350.876 INFO             PET1 !!! FOR PRODUCTION RUNS, USE:                      !!!
20210316 031350.876 INFO             PET1 !!!                   ESMF_LOGKIND_Multi_On_Error  !!!
20210316 031350.876 INFO             PET1 !!!!!!!!!!!!!!!!!!!!!!!!!!!!!!!!!!!!!!!!!!!!!!!!!!!!!!
20210316 031350.876 INFO             PET1 Running with ESMF Version   : ESMF_8_1_0_beta_snapshot_47-43-g3582fd7879
20210316 031350.876 INFO             PET1 ESMF library build date/time: "Mar 16 2021" "01:16:43"
20210316 031350.876 INFO             PET1 ESMF library build location : /gpfsm/dnb04/projects/p98/mpotts/esmf/intel_2020_mpt_g
20210316 031350.876 INFO             PET1 ESMF_COMM                   : mpt
20210316 031350.876 INFO             PET1 ESMF_MOAB                   : enabled
20210316 031350.876 INFO             PET1 ESMF_LAPACK                 : enabled
20210316 031350.876 INFO             PET1 ESMF_NETCDF                 : enabled
20210316 031350.876 INFO             PET1 ESMF_PNETCDF                : disabled
20210316 031350.876 INFO             PET1 ESMF_PIO                    : enabled
20210316 031350.876 INFO             PET1 ESMF_YAMLCPP                : enabled
20210316 031350.883 INFO             PET1  NUMBER_OF_PROCESSORS           4
20210316 031350.883 INFO             PET1  PASS  Example ESMF_ArrayEx, ESMF_ArrayEx.F90, line 1899
20210316 031350.883 INFO             PET1 Finalizing ESMF
20210316 031350.876 INFO             PET2 !!!!!!!!!!!!!!!!!!!!!!!!!!!!!!!!!!!!!!!!!!!!!!!!!!!!!!
20210316 031350.876 INFO             PET2 !!! THE ESMF_LOG IS SET TO OUTPUT ALL LOG MESSAGES !!!
20210316 031350.876 INFO             PET2 !!!     THIS MAY CAUSE SLOWDOWN IN PERFORMANCE     !!!
20210316 031350.876 INFO             PET2 !!! FOR PRODUCTION RUNS, USE:                      !!!
20210316 031350.876 INFO             PET2 !!!                   ESMF_LOGKIND_Multi_On_Error  !!!
20210316 031350.876 INFO             PET2 !!!!!!!!!!!!!!!!!!!!!!!!!!!!!!!!!!!!!!!!!!!!!!!!!!!!!!
20210316 031350.876 INFO             PET2 Running with ESMF Version   : ESMF_8_1_0_beta_snapshot_47-43-g3582fd7879
20210316 031350.876 INFO             PET2 ESMF library build date/time: "Mar 16 2021" "01:16:43"
20210316 031350.876 INFO             PET2 ESMF library build location : /gpfsm/dnb04/projects/p98/mpotts/esmf/intel_2020_mpt_g
20210316 031350.876 INFO             PET2 ESMF_COMM                   : mpt
20210316 031350.877 INFO             PET2 ESMF_MOAB                   : enabled
20210316 031350.877 INFO             PET2 ESMF_LAPACK                 : enabled
20210316 031350.877 INFO             PET2 ESMF_NETCDF                 : enabled
20210316 031350.877 INFO             PET2 ESMF_PNETCDF                : disabled
20210316 031350.877 INFO             PET2 ESMF_PIO                    : enabled
20210316 031350.877 INFO             PET2 ESMF_YAMLCPP                : enabled
20210316 031350.883 INFO             PET2  NUMBER_OF_PROCESSORS           4
20210316 031350.883 INFO             PET2  PASS  Example ESMF_ArrayEx, ESMF_ArrayEx.F90, line 1899
20210316 031350.883 INFO             PET2 Finalizing ESMF
20210316 031350.876 INFO             PET3 !!!!!!!!!!!!!!!!!!!!!!!!!!!!!!!!!!!!!!!!!!!!!!!!!!!!!!
20210316 031350.876 INFO             PET3 !!! THE ESMF_LOG IS SET TO OUTPUT ALL LOG MESSAGES !!!
20210316 031350.876 INFO             PET3 !!!     THIS MAY CAUSE SLOWDOWN IN PERFORMANCE     !!!
20210316 031350.876 INFO             PET3 !!! FOR PRODUCTION RUNS, USE:                      !!!
20210316 031350.876 INFO             PET3 !!!                   ESMF_LOGKIND_Multi_On_Error  !!!
20210316 031350.876 INFO             PET3 !!!!!!!!!!!!!!!!!!!!!!!!!!!!!!!!!!!!!!!!!!!!!!!!!!!!!!
20210316 031350.876 INFO             PET3 Running with ESMF Version   : ESMF_8_1_0_beta_snapshot_47-43-g3582fd7879
20210316 031350.876 INFO             PET3 ESMF library build date/time: "Mar 16 2021" "01:16:43"
20210316 031350.876 INFO             PET3 ESMF library build location : /gpfsm/dnb04/projects/p98/mpotts/esmf/intel_2020_mpt_g
20210316 031350.876 INFO             PET3 ESMF_COMM                   : mpt
20210316 031350.876 INFO             PET3 ESMF_MOAB                   : enabled
20210316 031350.876 INFO             PET3 ESMF_LAPACK                 : enabled
20210316 031350.876 INFO             PET3 ESMF_NETCDF                 : enabled
20210316 031350.876 INFO             PET3 ESMF_PNETCDF                : disabled
20210316 031350.876 INFO             PET3 ESMF_PIO                    : enabled
20210316 031350.876 INFO             PET3 ESMF_YAMLCPP                : enabled
20210316 031350.883 INFO             PET3  NUMBER_OF_PROCESSORS           4
20210316 031350.883 INFO             PET3  PASS  Example ESMF_ArrayEx, ESMF_ArrayEx.F90, line 1899
20210316 031350.884 INFO             PET3 Finalizing ESMF
