 
Installing ESMF:
 
mkdir -p /home/mpotts/gfortran_9.3.0_openmpi_O_patch_8.1.1/DEFAULTINSTALLDIR/include
cp -f /home/mpotts/gfortran_9.3.0_openmpi_O_patch_8.1.1/src/include/ESMC.h /home/mpotts/gfortran_9.3.0_openmpi_O_patch_8.1.1/DEFAULTINSTALLDIR/include
cp -f /home/mpotts/gfortran_9.3.0_openmpi_O_patch_8.1.1/src/include/ESMC_*.h /home/mpotts/gfortran_9.3.0_openmpi_O_patch_8.1.1/DEFAULTINSTALLDIR/include
cp -f /home/mpotts/gfortran_9.3.0_openmpi_O_patch_8.1.1/build_config/Linux.gfortran.default/ESMC_Conf.h /home/mpotts/gfortran_9.3.0_openmpi_O_patch_8.1.1/DEFAULTINSTALLDIR/include
mkdir -p /home/mpotts/gfortran_9.3.0_openmpi_O_patch_8.1.1/DEFAULTINSTALLDIR/mod/modO/Linux.gfortran.64.openmpi.default
cp -f /home/mpotts/gfortran_9.3.0_openmpi_O_patch_8.1.1/mod/modO/Linux.gfortran.64.openmpi.default/*.mod /home/mpotts/gfortran_9.3.0_openmpi_O_patch_8.1.1/DEFAULTINSTALLDIR/mod/modO/Linux.gfortran.64.openmpi.default
mkdir -p /home/mpotts/gfortran_9.3.0_openmpi_O_patch_8.1.1/DEFAULTINSTALLDIR/lib/libO/Linux.gfortran.64.openmpi.default
cp -f /home/mpotts/gfortran_9.3.0_openmpi_O_patch_8.1.1/lib/libO/Linux.gfortran.64.openmpi.default/libesmf*.* /home/mpotts/gfortran_9.3.0_openmpi_O_patch_8.1.1/DEFAULTINSTALLDIR/lib/libO/Linux.gfortran.64.openmpi.default
make ESMF_PRELOADDIR=/home/mpotts/gfortran_9.3.0_openmpi_O_patch_8.1.1/DEFAULTINSTALLDIR/lib/libO/Linux.gfortran.64.openmpi.default build_preload_script
make[1]: Entering directory '/home/mpotts/gfortran_9.3.0_openmpi_O_patch_8.1.1'
chmod 755 /home/mpotts/gfortran_9.3.0_openmpi_O_patch_8.1.1/DEFAULTINSTALLDIR/lib/libO/Linux.gfortran.64.openmpi.default/preload.sh
make[1]: Leaving directory '/home/mpotts/gfortran_9.3.0_openmpi_O_patch_8.1.1'
ranlib /home/mpotts/gfortran_9.3.0_openmpi_O_patch_8.1.1/DEFAULTINSTALLDIR/lib/libO/Linux.gfortran.64.openmpi.default/libesmf*.a
make install_apps
make[1]: Entering directory '/home/mpotts/gfortran_9.3.0_openmpi_O_patch_8.1.1'
mkdir -p /home/mpotts/gfortran_9.3.0_openmpi_O_patch_8.1.1/DEFAULTINSTALLDIR/bin/binO/Linux.gfortran.64.openmpi.default
make build_apps ESMF_APPSDIR=/home/mpotts/gfortran_9.3.0_openmpi_O_patch_8.1.1/DEFAULTINSTALLDIR/bin/binO/Linux.gfortran.64.openmpi.default ESMF_LDIR=/home/mpotts/gfortran_9.3.0_openmpi_O_patch_8.1.1/DEFAULTINSTALLDIR/lib/libO/Linux.gfortran.64.openmpi.default ESMF_LIBDIR=/home/mpotts/gfortran_9.3.0_openmpi_O_patch_8.1.1/DEFAULTINSTALLDIR/lib/libO/Linux.gfortran.64.openmpi.default ESMF_MODDIR=/home/mpotts/gfortran_9.3.0_openmpi_O_patch_8.1.1/DEFAULTINSTALLDIR/mod/modO/Linux.gfortran.64.openmpi.default
make[2]: Entering directory '/home/mpotts/gfortran_9.3.0_openmpi_O_patch_8.1.1'
cd /home/mpotts/gfortran_9.3.0_openmpi_O_patch_8.1.1/src/apps; make ACTION=tree_build_apps tree
make[3]: Entering directory '/home/mpotts/gfortran_9.3.0_openmpi_O_patch_8.1.1/src/apps'
tree_build_apps in: /home/mpotts/gfortran_9.3.0_openmpi_O_patch_8.1.1/src/apps/ESMF_PrintInfo
make[4]: Entering directory '/home/mpotts/gfortran_9.3.0_openmpi_O_patch_8.1.1/src/apps/ESMF_PrintInfo'
make chkdir_apps
make[5]: Entering directory '/home/mpotts/gfortran_9.3.0_openmpi_O_patch_8.1.1/src/apps/ESMF_PrintInfo'
make[5]: Leaving directory '/home/mpotts/gfortran_9.3.0_openmpi_O_patch_8.1.1/src/apps/ESMF_PrintInfo'
mpifort     -m64 -mcmodel=small -pthread -Wl,--no-as-needed  -fopenmp -L/home/mpotts/gfortran_9.3.0_openmpi_O_patch_8.1.1/DEFAULTINSTALLDIR/lib/libO/Linux.gfortran.64.openmpi.default -L/home/mpotts/spack/opt/spack/linux-linuxmint19-skylake/gcc-9.3.0/netcdf-c-4.7.4-mh42cmw5oougqeytguqxjkkrrd2bfdsl/lib -L/home/mpotts/spack/opt/spack/linux-linuxmint19-skylake/gcc-9.3.0/netcdf-fortran-4.5.3-7cigsuiobyasv6mbext7pmabw5fhzo6y/lib -L/home/mpotts/spack/opt/spack/linux-linuxmint19-skylake/gcc-7.5.0/gcc-9.3.0-3ltccu6cenbq/lib64/../lib64/ -Wl,-rpath,/home/mpotts/gfortran_9.3.0_openmpi_O_patch_8.1.1/DEFAULTINSTALLDIR/lib/libO/Linux.gfortran.64.openmpi.default -Wl,-rpath,/home/mpotts/spack/opt/spack/linux-linuxmint19-skylake/gcc-9.3.0/netcdf-c-4.7.4-mh42cmw5oougqeytguqxjkkrrd2bfdsl/lib -Wl,-rpath,/home/mpotts/spack/opt/spack/linux-linuxmint19-skylake/gcc-9.3.0/netcdf-fortran-4.5.3-7cigsuiobyasv6mbext7pmabw5fhzo6y/lib -Wl,-rpath,/home/mpotts/spack/opt/spack/linux-linuxmint19-skylake/gcc-7.5.0/gcc-9.3.0-3ltccu6cenbq/lib64/../lib64/ -o /home/mpotts/gfortran_9.3.0_openmpi_O_patch_8.1.1/DEFAULTINSTALLDIR/bin/binO/Linux.gfortran.64.openmpi.default/ESMF_PrintInfo /home/mpotts/gfortran_9.3.0_openmpi_O_patch_8.1.1/obj/objO/Linux.gfortran.64.openmpi.default/src/apps/ESMF_PrintInfo/ESMF_PrintInfo.o -lesmf  -lmpi_cxx -lrt -lstdc++ -ldl -lnetcdf -lnetcdff
make[4]: Leaving directory '/home/mpotts/gfortran_9.3.0_openmpi_O_patch_8.1.1/src/apps/ESMF_PrintInfo'
tree_build_apps in: /home/mpotts/gfortran_9.3.0_openmpi_O_patch_8.1.1/src/apps/ESMF_PrintInfoC
make[4]: Entering directory '/home/mpotts/gfortran_9.3.0_openmpi_O_patch_8.1.1/src/apps/ESMF_PrintInfoC'
make chkdir_apps
make[5]: Entering directory '/home/mpotts/gfortran_9.3.0_openmpi_O_patch_8.1.1/src/apps/ESMF_PrintInfoC'
make[5]: Leaving directory '/home/mpotts/gfortran_9.3.0_openmpi_O_patch_8.1.1/src/apps/ESMF_PrintInfoC'
mpicxx    -m64 -mcmodel=small -pthread -Wl,--no-as-needed  -fopenmp -L/home/mpotts/gfortran_9.3.0_openmpi_O_patch_8.1.1/DEFAULTINSTALLDIR/lib/libO/Linux.gfortran.64.openmpi.default -L/home/mpotts/spack/opt/spack/linux-linuxmint19-skylake/gcc-9.3.0/netcdf-c-4.7.4-mh42cmw5oougqeytguqxjkkrrd2bfdsl/lib -L/home/mpotts/spack/opt/spack/linux-linuxmint19-skylake/gcc-9.3.0/netcdf-fortran-4.5.3-7cigsuiobyasv6mbext7pmabw5fhzo6y/lib -L/home/mpotts/spack/opt/spack/linux-linuxmint19-skylake/gcc-7.5.0/gcc-9.3.0-3ltccu6cenbq/lib64/../lib64/ -Wl,-rpath,/home/mpotts/gfortran_9.3.0_openmpi_O_patch_8.1.1/DEFAULTINSTALLDIR/lib/libO/Linux.gfortran.64.openmpi.default -Wl,-rpath,/home/mpotts/spack/opt/spack/linux-linuxmint19-skylake/gcc-9.3.0/netcdf-c-4.7.4-mh42cmw5oougqeytguqxjkkrrd2bfdsl/lib -Wl,-rpath,/home/mpotts/spack/opt/spack/linux-linuxmint19-skylake/gcc-9.3.0/netcdf-fortran-4.5.3-7cigsuiobyasv6mbext7pmabw5fhzo6y/lib -Wl,-rpath,/home/mpotts/spack/opt/spack/linux-linuxmint19-skylake/gcc-7.5.0/gcc-9.3.0-3ltccu6cenbq/lib64/../lib64/ -o /home/mpotts/gfortran_9.3.0_openmpi_O_patch_8.1.1/DEFAULTINSTALLDIR/bin/binO/Linux.gfortran.64.openmpi.default/ESMF_PrintInfoC /home/mpotts/gfortran_9.3.0_openmpi_O_patch_8.1.1/obj/objO/Linux.gfortran.64.openmpi.default/src/apps/ESMF_PrintInfoC/ESMF_PrintInfoC.o -lesmf  -lmpi_mpifh -lrt -lgfortran -ldl -lnetcdf -lnetcdff
make[4]: Leaving directory '/home/mpotts/gfortran_9.3.0_openmpi_O_patch_8.1.1/src/apps/ESMF_PrintInfoC'
tree_build_apps in: /home/mpotts/gfortran_9.3.0_openmpi_O_patch_8.1.1/src/apps/ESMF_RegridWeightGen
make[4]: Entering directory '/home/mpotts/gfortran_9.3.0_openmpi_O_patch_8.1.1/src/apps/ESMF_RegridWeightGen'
make chkdir_apps
make[5]: Entering directory '/home/mpotts/gfortran_9.3.0_openmpi_O_patch_8.1.1/src/apps/ESMF_RegridWeightGen'
make[5]: Leaving directory '/home/mpotts/gfortran_9.3.0_openmpi_O_patch_8.1.1/src/apps/ESMF_RegridWeightGen'
mpifort     -m64 -mcmodel=small -pthread -Wl,--no-as-needed  -fopenmp -L/home/mpotts/gfortran_9.3.0_openmpi_O_patch_8.1.1/DEFAULTINSTALLDIR/lib/libO/Linux.gfortran.64.openmpi.default -L/home/mpotts/spack/opt/spack/linux-linuxmint19-skylake/gcc-9.3.0/netcdf-c-4.7.4-mh42cmw5oougqeytguqxjkkrrd2bfdsl/lib -L/home/mpotts/spack/opt/spack/linux-linuxmint19-skylake/gcc-9.3.0/netcdf-fortran-4.5.3-7cigsuiobyasv6mbext7pmabw5fhzo6y/lib -L/home/mpotts/spack/opt/spack/linux-linuxmint19-skylake/gcc-7.5.0/gcc-9.3.0-3ltccu6cenbq/lib64/../lib64/ -Wl,-rpath,/home/mpotts/gfortran_9.3.0_openmpi_O_patch_8.1.1/DEFAULTINSTALLDIR/lib/libO/Linux.gfortran.64.openmpi.default -Wl,-rpath,/home/mpotts/spack/opt/spack/linux-linuxmint19-skylake/gcc-9.3.0/netcdf-c-4.7.4-mh42cmw5oougqeytguqxjkkrrd2bfdsl/lib -Wl,-rpath,/home/mpotts/spack/opt/spack/linux-linuxmint19-skylake/gcc-9.3.0/netcdf-fortran-4.5.3-7cigsuiobyasv6mbext7pmabw5fhzo6y/lib -Wl,-rpath,/home/mpotts/spack/opt/spack/linux-linuxmint19-skylake/gcc-7.5.0/gcc-9.3.0-3ltccu6cenbq/lib64/../lib64/ -o /home/mpotts/gfortran_9.3.0_openmpi_O_patch_8.1.1/DEFAULTINSTALLDIR/bin/binO/Linux.gfortran.64.openmpi.default/ESMF_RegridWeightGen /home/mpotts/gfortran_9.3.0_openmpi_O_patch_8.1.1/obj/objO/Linux.gfortran.64.openmpi.default/src/apps/ESMF_RegridWeightGen/ESMF_RegridWeightGen.o -lesmf  -lmpi_cxx -lrt -lstdc++ -ldl -lnetcdf -lnetcdff
make[4]: Leaving directory '/home/mpotts/gfortran_9.3.0_openmpi_O_patch_8.1.1/src/apps/ESMF_RegridWeightGen'
tree_build_apps in: /home/mpotts/gfortran_9.3.0_openmpi_O_patch_8.1.1/src/apps/ESMF_WebServController
make[4]: Entering directory '/home/mpotts/gfortran_9.3.0_openmpi_O_patch_8.1.1/src/apps/ESMF_WebServController'
make chkdir_apps
make[5]: Entering directory '/home/mpotts/gfortran_9.3.0_openmpi_O_patch_8.1.1/src/apps/ESMF_WebServController'
make[5]: Leaving directory '/home/mpotts/gfortran_9.3.0_openmpi_O_patch_8.1.1/src/apps/ESMF_WebServController'
mpicxx    -m64 -mcmodel=small -pthread -Wl,--no-as-needed  -fopenmp -L/home/mpotts/gfortran_9.3.0_openmpi_O_patch_8.1.1/DEFAULTINSTALLDIR/lib/libO/Linux.gfortran.64.openmpi.default -L/home/mpotts/spack/opt/spack/linux-linuxmint19-skylake/gcc-9.3.0/netcdf-c-4.7.4-mh42cmw5oougqeytguqxjkkrrd2bfdsl/lib -L/home/mpotts/spack/opt/spack/linux-linuxmint19-skylake/gcc-9.3.0/netcdf-fortran-4.5.3-7cigsuiobyasv6mbext7pmabw5fhzo6y/lib -L/home/mpotts/spack/opt/spack/linux-linuxmint19-skylake/gcc-7.5.0/gcc-9.3.0-3ltccu6cenbq/lib64/../lib64/ -Wl,-rpath,/home/mpotts/gfortran_9.3.0_openmpi_O_patch_8.1.1/DEFAULTINSTALLDIR/lib/libO/Linux.gfortran.64.openmpi.default -Wl,-rpath,/home/mpotts/spack/opt/spack/linux-linuxmint19-skylake/gcc-9.3.0/netcdf-c-4.7.4-mh42cmw5oougqeytguqxjkkrrd2bfdsl/lib -Wl,-rpath,/home/mpotts/spack/opt/spack/linux-linuxmint19-skylake/gcc-9.3.0/netcdf-fortran-4.5.3-7cigsuiobyasv6mbext7pmabw5fhzo6y/lib -Wl,-rpath,/home/mpotts/spack/opt/spack/linux-linuxmint19-skylake/gcc-7.5.0/gcc-9.3.0-3ltccu6cenbq/lib64/../lib64/ -o /home/mpotts/gfortran_9.3.0_openmpi_O_patch_8.1.1/DEFAULTINSTALLDIR/bin/binO/Linux.gfortran.64.openmpi.default/ESMF_WebServController /home/mpotts/gfortran_9.3.0_openmpi_O_patch_8.1.1/obj/objO/Linux.gfortran.64.openmpi.default/src/apps/ESMF_WebServController/ESMF_WebServController.o -lesmf  -lmpi_mpifh -lrt -lgfortran -ldl -lnetcdf -lnetcdff
make[4]: Leaving directory '/home/mpotts/gfortran_9.3.0_openmpi_O_patch_8.1.1/src/apps/ESMF_WebServController'
tree_build_apps in: /home/mpotts/gfortran_9.3.0_openmpi_O_patch_8.1.1/src/apps/ESMF_Scrip2Unstruct
make[4]: Entering directory '/home/mpotts/gfortran_9.3.0_openmpi_O_patch_8.1.1/src/apps/ESMF_Scrip2Unstruct'
make chkdir_apps
make[5]: Entering directory '/home/mpotts/gfortran_9.3.0_openmpi_O_patch_8.1.1/src/apps/ESMF_Scrip2Unstruct'
make[5]: Leaving directory '/home/mpotts/gfortran_9.3.0_openmpi_O_patch_8.1.1/src/apps/ESMF_Scrip2Unstruct'
mpicxx    -m64 -mcmodel=small -pthread -Wl,--no-as-needed  -fopenmp -L/home/mpotts/gfortran_9.3.0_openmpi_O_patch_8.1.1/DEFAULTINSTALLDIR/lib/libO/Linux.gfortran.64.openmpi.default -L/home/mpotts/spack/opt/spack/linux-linuxmint19-skylake/gcc-9.3.0/netcdf-c-4.7.4-mh42cmw5oougqeytguqxjkkrrd2bfdsl/lib -L/home/mpotts/spack/opt/spack/linux-linuxmint19-skylake/gcc-9.3.0/netcdf-fortran-4.5.3-7cigsuiobyasv6mbext7pmabw5fhzo6y/lib -L/home/mpotts/spack/opt/spack/linux-linuxmint19-skylake/gcc-7.5.0/gcc-9.3.0-3ltccu6cenbq/lib64/../lib64/ -Wl,-rpath,/home/mpotts/gfortran_9.3.0_openmpi_O_patch_8.1.1/DEFAULTINSTALLDIR/lib/libO/Linux.gfortran.64.openmpi.default -Wl,-rpath,/home/mpotts/spack/opt/spack/linux-linuxmint19-skylake/gcc-9.3.0/netcdf-c-4.7.4-mh42cmw5oougqeytguqxjkkrrd2bfdsl/lib -Wl,-rpath,/home/mpotts/spack/opt/spack/linux-linuxmint19-skylake/gcc-9.3.0/netcdf-fortran-4.5.3-7cigsuiobyasv6mbext7pmabw5fhzo6y/lib -Wl,-rpath,/home/mpotts/spack/opt/spack/linux-linuxmint19-skylake/gcc-7.5.0/gcc-9.3.0-3ltccu6cenbq/lib64/../lib64/ -o /home/mpotts/gfortran_9.3.0_openmpi_O_patch_8.1.1/DEFAULTINSTALLDIR/bin/binO/Linux.gfortran.64.openmpi.default/ESMF_Scrip2Unstruct /home/mpotts/gfortran_9.3.0_openmpi_O_patch_8.1.1/obj/objO/Linux.gfortran.64.openmpi.default/src/apps/ESMF_Scrip2Unstruct/ESMF_Scrip2Unstruct.o -lesmf  -lmpi_mpifh -lrt -lgfortran -ldl -lnetcdf -lnetcdff
make[4]: Leaving directory '/home/mpotts/gfortran_9.3.0_openmpi_O_patch_8.1.1/src/apps/ESMF_Scrip2Unstruct'
tree_build_apps in: /home/mpotts/gfortran_9.3.0_openmpi_O_patch_8.1.1/src/apps/ESMF_Regrid
make[4]: Entering directory '/home/mpotts/gfortran_9.3.0_openmpi_O_patch_8.1.1/src/apps/ESMF_Regrid'
make chkdir_apps
make[5]: Entering directory '/home/mpotts/gfortran_9.3.0_openmpi_O_patch_8.1.1/src/apps/ESMF_Regrid'
make[5]: Leaving directory '/home/mpotts/gfortran_9.3.0_openmpi_O_patch_8.1.1/src/apps/ESMF_Regrid'
mpifort     -m64 -mcmodel=small -pthread -Wl,--no-as-needed  -fopenmp -L/home/mpotts/gfortran_9.3.0_openmpi_O_patch_8.1.1/DEFAULTINSTALLDIR/lib/libO/Linux.gfortran.64.openmpi.default -L/home/mpotts/spack/opt/spack/linux-linuxmint19-skylake/gcc-9.3.0/netcdf-c-4.7.4-mh42cmw5oougqeytguqxjkkrrd2bfdsl/lib -L/home/mpotts/spack/opt/spack/linux-linuxmint19-skylake/gcc-9.3.0/netcdf-fortran-4.5.3-7cigsuiobyasv6mbext7pmabw5fhzo6y/lib -L/home/mpotts/spack/opt/spack/linux-linuxmint19-skylake/gcc-7.5.0/gcc-9.3.0-3ltccu6cenbq/lib64/../lib64/ -Wl,-rpath,/home/mpotts/gfortran_9.3.0_openmpi_O_patch_8.1.1/DEFAULTINSTALLDIR/lib/libO/Linux.gfortran.64.openmpi.default -Wl,-rpath,/home/mpotts/spack/opt/spack/linux-linuxmint19-skylake/gcc-9.3.0/netcdf-c-4.7.4-mh42cmw5oougqeytguqxjkkrrd2bfdsl/lib -Wl,-rpath,/home/mpotts/spack/opt/spack/linux-linuxmint19-skylake/gcc-9.3.0/netcdf-fortran-4.5.3-7cigsuiobyasv6mbext7pmabw5fhzo6y/lib -Wl,-rpath,/home/mpotts/spack/opt/spack/linux-linuxmint19-skylake/gcc-7.5.0/gcc-9.3.0-3ltccu6cenbq/lib64/../lib64/ -o /home/mpotts/gfortran_9.3.0_openmpi_O_patch_8.1.1/DEFAULTINSTALLDIR/bin/binO/Linux.gfortran.64.openmpi.default/ESMF_Regrid /home/mpotts/gfortran_9.3.0_openmpi_O_patch_8.1.1/obj/objO/Linux.gfortran.64.openmpi.default/src/apps/ESMF_Regrid/ESMF_Regrid.o -lesmf  -lmpi_cxx -lrt -lstdc++ -ldl -lnetcdf -lnetcdff
make[4]: Leaving directory '/home/mpotts/gfortran_9.3.0_openmpi_O_patch_8.1.1/src/apps/ESMF_Regrid'
make[3]: Leaving directory '/home/mpotts/gfortran_9.3.0_openmpi_O_patch_8.1.1/src/apps'
ESMF apps built successfully.
make[2]: Leaving directory '/home/mpotts/gfortran_9.3.0_openmpi_O_patch_8.1.1'
make[1]: Leaving directory '/home/mpotts/gfortran_9.3.0_openmpi_O_patch_8.1.1'
mkdir -p /home/mpotts/gfortran_9.3.0_openmpi_O_patch_8.1.1/DEFAULTINSTALLDIR/doc
make install_info_mk
make[1]: Entering directory '/home/mpotts/gfortran_9.3.0_openmpi_O_patch_8.1.1'
make info_mk ESMF_APPSDIR=/home/mpotts/gfortran_9.3.0_openmpi_O_patch_8.1.1/DEFAULTINSTALLDIR/bin/binO/Linux.gfortran.64.openmpi.default ESMF_LDIR=/home/mpotts/gfortran_9.3.0_openmpi_O_patch_8.1.1/DEFAULTINSTALLDIR/lib/libO/Linux.gfortran.64.openmpi.default ESMF_LIBDIR=/home/mpotts/gfortran_9.3.0_openmpi_O_patch_8.1.1/DEFAULTINSTALLDIR/lib/libO/Linux.gfortran.64.openmpi.default ESMF_MODDIR=/home/mpotts/gfortran_9.3.0_openmpi_O_patch_8.1.1/DEFAULTINSTALLDIR/mod/modO/Linux.gfortran.64.openmpi.default ESMF_INCDIR=/home/mpotts/gfortran_9.3.0_openmpi_O_patch_8.1.1/DEFAULTINSTALLDIR/include
make[2]: Entering directory '/home/mpotts/gfortran_9.3.0_openmpi_O_patch_8.1.1'
make[2]: Leaving directory '/home/mpotts/gfortran_9.3.0_openmpi_O_patch_8.1.1'
make[1]: Leaving directory '/home/mpotts/gfortran_9.3.0_openmpi_O_patch_8.1.1'
 
ESMF installation complete.
 
