---------------------------------------------------------------------------
STARTING: AsyncIOBlockingProto
./testProtos.sh: line 26: gmake: command not found
./testProtos.sh: line 27: gmake: command not found
+ mpirun -np 4 ./asyncIOApp
+ local result=132
+ set +x
FINISHED: AsyncIOBlockingProto
---------------------------------------------------------------------------

---------------------------------------------------------------------------
STARTING: AsyncIONonblockingProto
./testProtos.sh: line 26: gmake: command not found
./testProtos.sh: line 27: gmake: command not found
+ mpirun -np 4 ./asyncIOApp
+ local result=132
+ set +x
FINISHED: AsyncIONonblockingProto
---------------------------------------------------------------------------

---------------------------------------------------------------------------
STARTING: AtmOcnConOptsProto
./testProtos.sh: line 26: gmake: command not found
./testProtos.sh: line 27: gmake: command not found
+ mpirun -np 4 ./esmApp
+ local result=132
+ set +x
FINISHED: AtmOcnConOptsProto
---------------------------------------------------------------------------

---------------------------------------------------------------------------
STARTING: AtmOcnConProto
./testProtos.sh: line 26: gmake: command not found
./testProtos.sh: line 27: gmake: command not found
+ mpirun -np 4 ./esmApp
+ local result=132
+ set +x
FINISHED: AtmOcnConProto
---------------------------------------------------------------------------

---------------------------------------------------------------------------
STARTING: AtmOcnCplListProto
./testProtos.sh: line 26: gmake: command not found
./testProtos.sh: line 27: gmake: command not found
+ mpirun -np 4 ./esmApp
+ local result=132
+ set +x
FINISHED: AtmOcnCplListProto
---------------------------------------------------------------------------

---------------------------------------------------------------------------
STARTING: AtmOcnCplSetProto
./testProtos.sh: line 26: gmake: command not found
./testProtos.sh: line 27: gmake: command not found
+ mpirun -np 4 ./esmApp
+ local result=132
+ set +x
FINISHED: AtmOcnCplSetProto
---------------------------------------------------------------------------

---------------------------------------------------------------------------
STARTING: AtmOcnFDSynoProto
./testProtos.sh: line 26: gmake: command not found
./testProtos.sh: line 27: gmake: command not found
+ mpirun -np 4 ./esmApp
+ local result=132
+ set +x
FINISHED: AtmOcnFDSynoProto
---------------------------------------------------------------------------

---------------------------------------------------------------------------
STARTING: AtmOcnIceSimpleImplicitProto
./testProtos.sh: line 26: gmake: command not found
./testProtos.sh: line 27: gmake: command not found
+ mpirun -np 4 ./esmApp
+ local result=132
+ set +x
FINISHED: AtmOcnIceSimpleImplicitProto
---------------------------------------------------------------------------

---------------------------------------------------------------------------
STARTING: AtmOcnImplicitProto
./testProtos.sh: line 26: gmake: command not found
./testProtos.sh: line 27: gmake: command not found
+ mpirun -np 4 ./esmApp
+ local result=132
+ set +x
FINISHED: AtmOcnImplicitProto
---------------------------------------------------------------------------

---------------------------------------------------------------------------
STARTING: AtmOcnLndProto
./testProtos.sh: line 26: gmake: command not found
./testProtos.sh: line 27: gmake: command not found
+ mpirun -np 4 ./esmApp
+ local result=132
+ set +x
FINISHED: AtmOcnLndProto
---------------------------------------------------------------------------

---------------------------------------------------------------------------
STARTING: AtmOcnLogNoneProto
./testProtos.sh: line 26: gmake: command not found
./testProtos.sh: line 27: gmake: command not found
+ mpirun -np 4 ./esmApp
+ local result=132
+ set +x
FINISHED: AtmOcnLogNoneProto
---------------------------------------------------------------------------

---------------------------------------------------------------------------
STARTING: AtmOcnMedIngestFromConfigProto
./testProtos.sh: line 26: gmake: command not found
./testProtos.sh: line 27: gmake: command not found
+ mpirun -np 4 ./esmApp
+ local result=132
+ set +x
FINISHED: AtmOcnMedIngestFromConfigProto
---------------------------------------------------------------------------

---------------------------------------------------------------------------
STARTING: AtmOcnMedIngestFromInternalProto
./testProtos.sh: line 26: gmake: command not found
./testProtos.sh: line 27: gmake: command not found
+ mpirun -np 4 ./esmApp
+ local result=132
+ set +x
FINISHED: AtmOcnMedIngestFromInternalProto
---------------------------------------------------------------------------

---------------------------------------------------------------------------
STARTING: AtmOcnMedPetListProto
./testProtos.sh: line 26: gmake: command not found
./testProtos.sh: line 27: gmake: command not found
+ mpirun -np 4 ./esmApp
+ local result=132
+ set +x
FINISHED: AtmOcnMedPetListProto
---------------------------------------------------------------------------

---------------------------------------------------------------------------
STARTING: AtmOcnMedPetListTimescalesProto
./testProtos.sh: line 26: gmake: command not found
./testProtos.sh: line 27: gmake: command not found
+ mpirun -np 4 ./esmApp
+ local result=132
+ set +x
FINISHED: AtmOcnMedPetListTimescalesProto
---------------------------------------------------------------------------

---------------------------------------------------------------------------
STARTING: AtmOcnMedPetListTimescalesSplitFastProto
./testProtos.sh: line 26: gmake: command not found
./testProtos.sh: line 27: gmake: command not found
+ mpirun -np 4 ./esmApp
+ local result=132
+ set +x
FINISHED: AtmOcnMedPetListTimescalesSplitFastProto
---------------------------------------------------------------------------

---------------------------------------------------------------------------
STARTING: AtmOcnMedProto
./testProtos.sh: line 26: gmake: command not found
./testProtos.sh: line 27: gmake: command not found
+ mpirun -np 4 ./esmApp
+ local result=132
+ set +x
FINISHED: AtmOcnMedProto
---------------------------------------------------------------------------

---------------------------------------------------------------------------
STARTING: AtmOcnMirrorFieldsProto
./testProtos.sh: line 26: gmake: command not found
./testProtos.sh: line 27: gmake: command not found
+ mpirun -np 4 ./esmApp
+ local result=132
+ set +x
FINISHED: AtmOcnMirrorFieldsProto
---------------------------------------------------------------------------

---------------------------------------------------------------------------
STARTING: AtmOcnPetListProto
./testProtos.sh: line 26: gmake: command not found
./testProtos.sh: line 27: gmake: command not found
+ mpirun -np 4 ./esmApp
+ local result=132
+ set +x
FINISHED: AtmOcnPetListProto
---------------------------------------------------------------------------

---------------------------------------------------------------------------
STARTING: AtmOcnProto
./testProtos.sh: line 26: gmake: command not found
./testProtos.sh: line 27: gmake: command not found
+ mpirun -np 4 ./esmApp
+ local result=132
+ set +x
FINISHED: AtmOcnProto
---------------------------------------------------------------------------

---------------------------------------------------------------------------
STARTING: AtmOcnRtmTwoTimescalesProto
./testProtos.sh: line 26: gmake: command not found
./testProtos.sh: line 27: gmake: command not found
+ mpirun -np 4 ./esmApp
+ local result=132
+ set +x
FINISHED: AtmOcnRtmTwoTimescalesProto
---------------------------------------------------------------------------

---------------------------------------------------------------------------
STARTING: AtmOcnScalarProto
./testProtos.sh: line 26: gmake: command not found
./testProtos.sh: line 27: gmake: command not found
+ mpirun -np 4 ./esmApp
+ local result=132
+ set +x
FINISHED: AtmOcnScalarProto
---------------------------------------------------------------------------

---------------------------------------------------------------------------
STARTING: AtmOcnSelectExternalProto
./testProtos.sh: line 141: gmake: command not found
./testProtos.sh: ./cleanSubs.csh: /bin/csh: bad interpreter: No such file or directory
./testProtos.sh: ./buildSubs.csh: /bin/csh: bad interpreter: No such file or directory
./testProtos.sh: line 144: gmake: command not found
+ mpirun -np 4 ./esmApp
+ local result=132
+ set +x

./testProtos.sh: line 159: gmake: command not found
./testProtos.sh: line 160: gmake: command not found
+ mpirun -np 4 ./esmApp
+ local result=132
+ set +x

./testProtos.sh: line 175: gmake: command not found
./testProtos.sh: line 176: gmake: command not found
+ mpirun -np 4 ./esmApp
+ local result=132
+ set +x

./testProtos.sh: line 191: gmake: command not found
./testProtos.sh: line 192: gmake: command not found
+ mpirun -np 4 ./esmApp
+ local result=132
+ set +x
FINISHED: AtmOcnSelectExternalProto

./testProtos.sh: line 208: gmake: command not found
./testProtos.sh: line 209: gmake: command not found
+ mpirun -np 4 ./esmApp
+ local result=132
+ set +x

./testProtos.sh: line 224: gmake: command not found
./testProtos.sh: line 225: gmake: command not found
FINISHED: AtmOcnSelectExternalProto
---------------------------------------------------------------------------

---------------------------------------------------------------------------
STARTING: AtmOcnSelectProto
./testProtos.sh: line 84: gmake: command not found
./testProtos.sh: line 85: gmake: command not found
+ mpirun -np 4 ./esmApp
+ local result=132
+ set +x

./testProtos.sh: line 100: gmake: command not found
./testProtos.sh: line 101: gmake: command not found
+ mpirun -np 4 ./esmApp
+ local result=132
+ set +x

./testProtos.sh: line 116: gmake: command not found
./testProtos.sh: line 117: gmake: command not found
+ mpirun -np 4 ./esmApp
+ local result=132
+ set +x
FINISHED: AtmOcnSelectProto
---------------------------------------------------------------------------

---------------------------------------------------------------------------
STARTING: AtmOcnSimpleImplicitProto
./testProtos.sh: line 26: gmake: command not found
./testProtos.sh: line 27: gmake: command not found
+ mpirun -np 4 ./esmApp
+ local result=132
+ set +x
FINISHED: AtmOcnSimpleImplicitProto
---------------------------------------------------------------------------

---------------------------------------------------------------------------
STARTING: AtmOcnTransferGridProto
./testProtos.sh: line 26: gmake: command not found
./testProtos.sh: line 27: gmake: command not found
+ mpirun -np 4 ./esmApp
+ local result=132
+ set +x
FINISHED: AtmOcnTransferGridProto
---------------------------------------------------------------------------

---------------------------------------------------------------------------
STARTING: AtmOcnTransferLocStreamProto
./testProtos.sh: line 26: gmake: command not found
./testProtos.sh: line 27: gmake: command not found
+ mpirun -np 4 ./esmApp
+ local result=132
+ set +x
FINISHED: AtmOcnTransferLocStreamProto
---------------------------------------------------------------------------

---------------------------------------------------------------------------
STARTING: AtmOcnTransferMeshProto
./testProtos.sh: line 26: gmake: command not found
./testProtos.sh: line 27: gmake: command not found
+ mpirun -np 4 ./esmApp
+ local result=132
+ set +x
FINISHED: AtmOcnTransferMeshProto
---------------------------------------------------------------------------

---------------------------------------------------------------------------
STARTING: ComponentExplorer
./testProtos.sh: line 240: gmake: command not found
+ ./nuopcExplorerScript ../AtmOcnSelectExternalProto/ATM-A/atmA.mk

NUOPC Component Explorer Script
-------------------------------
The argument does not appear to be a regular file!
Exiting with error.

+ mpirun -np 4 ./nuopcExplorerApp
+ local result=132
+ set +x
FINISHED: ComponentExplorer
---------------------------------------------------------------------------

---------------------------------------------------------------------------
STARTING: CustomFieldDictionaryProto
./testProtos.sh: line 26: gmake: command not found
./testProtos.sh: line 27: gmake: command not found
+ mpirun -np 4 ./mainApp
+ local result=132
+ set +x
FINISHED: CustomFieldDictionaryProto
---------------------------------------------------------------------------

---------------------------------------------------------------------------
STARTING: DriverInDriverDataDepProto
./testProtos.sh: line 26: gmake: command not found
./testProtos.sh: line 27: gmake: command not found
+ mpirun -np 4 ./mainApp
+ local result=132
+ set +x
FINISHED: DriverInDriverDataDepProto
---------------------------------------------------------------------------

---------------------------------------------------------------------------
STARTING: DriverInDriverProto
./testProtos.sh: line 26: gmake: command not found
./testProtos.sh: line 27: gmake: command not found
+ mpirun -np 4 ./mainApp
+ local result=132
+ set +x
FINISHED: DriverInDriverProto
---------------------------------------------------------------------------

---------------------------------------------------------------------------
STARTING: DynPhyProto
./testProtos.sh: line 26: gmake: command not found
./testProtos.sh: line 27: gmake: command not found
+ mpirun -np 4 ./esmApp
+ local result=132
+ set +x
FINISHED: DynPhyProto
---------------------------------------------------------------------------

---------------------------------------------------------------------------
STARTING: ExternalDriverAPIProto
./testProtos.sh: line 26: gmake: command not found
./testProtos.sh: line 27: gmake: command not found
+ mpirun -np 4 ./externalApp
+ local result=132
+ set +x
FINISHED: ExternalDriverAPIProto
---------------------------------------------------------------------------

---------------------------------------------------------------------------
STARTING: GenericMediatorProto
./testProtos.sh: line 26: gmake: command not found
./testProtos.sh: line 27: gmake: command not found
+ mpirun -np 4 ./app
+ local result=132
+ set +x
FINISHED: GenericMediatorProto
---------------------------------------------------------------------------

---------------------------------------------------------------------------
STARTING: HierarchyProto
./testProtos.sh: line 26: gmake: command not found
./testProtos.sh: line 27: gmake: command not found
+ mpirun -np 4 ./esmApp
+ local result=132
+ set +x
FINISHED: HierarchyProto
---------------------------------------------------------------------------

---------------------------------------------------------------------------
STARTING: NamespaceProto
./testProtos.sh: line 26: gmake: command not found
./testProtos.sh: line 27: gmake: command not found
+ mpirun -np 4 ./mainApp
+ local result=132
+ set +x
FINISHED: NamespaceProto
---------------------------------------------------------------------------

---------------------------------------------------------------------------
STARTING: NestingMultipleProto
./testProtos.sh: line 26: gmake: command not found
./testProtos.sh: line 27: gmake: command not found
+ mpirun -np 4 ./mainApp
+ local result=132
+ set +x
FINISHED: NestingMultipleProto
---------------------------------------------------------------------------

---------------------------------------------------------------------------
STARTING: NestingSingleProto
./testProtos.sh: line 26: gmake: command not found
./testProtos.sh: line 27: gmake: command not found
+ mpirun -np 4 ./mainApp
+ local result=132
+ set +x
FINISHED: NestingSingleProto
---------------------------------------------------------------------------

---------------------------------------------------------------------------
STARTING: NestingTelescopeMultipleProto
./testProtos.sh: line 26: gmake: command not found
./testProtos.sh: line 27: gmake: command not found
+ mpirun -np 4 ./mainApp
+ local result=132
+ set +x
FINISHED: NestingTelescopeMultipleProto
---------------------------------------------------------------------------

---------------------------------------------------------------------------
STARTING: SingleModelProto
./testProtos.sh: line 26: gmake: command not found
./testProtos.sh: line 27: gmake: command not found
+ mpirun -np 4 ./mainApp
+ local result=132
+ set +x
FINISHED: SingleModelProto
---------------------------------------------------------------------------

---------------------------------------------------------------------------
STARTING: SingleModelOpenMPProto
./testProtos.sh: line 26: gmake: command not found
./testProtos.sh: line 27: gmake: command not found
+ mpirun -np 4 ./mainApp
+ local result=132
+ set +x
FINISHED: SingleModelOpenMPProto
---------------------------------------------------------------------------

---------------------------------------------------------------------------
STARTING: SingleModelOpenMPUnawareProto
./testProtos.sh: line 26: gmake: command not found
./testProtos.sh: line 27: gmake: command not found
+ mpirun -np 4 ./mainApp
+ local result=132
+ set +x
FINISHED: SingleModelOpenMPUnawareProto
---------------------------------------------------------------------------

== TEST SUMMARY START ==
FAIL: AsyncIOBlockingProto
FAIL: AsyncIONonblockingProto
FAIL: AtmOcnConOptsProto
FAIL: AtmOcnConProto
FAIL: AtmOcnCplListProto
FAIL: AtmOcnCplSetProto
FAIL: AtmOcnFDSynoProto
FAIL: AtmOcnIceSimpleImplicitProto
FAIL: AtmOcnImplicitProto
FAIL: AtmOcnLndProto
FAIL: AtmOcnLogNoneProto
FAIL: AtmOcnMedIngestFromConfigProto
FAIL: AtmOcnMedIngestFromInternalProto
FAIL: AtmOcnMedPetListProto
FAIL: AtmOcnMedPetListTimescalesProto
FAIL: AtmOcnMedPetListTimescalesSplitFastProto
FAIL: AtmOcnMedProto
FAIL: AtmOcnMirrorFieldsProto
FAIL: AtmOcnPetListProto
FAIL: AtmOcnProto
FAIL: AtmOcnRtmTwoTimescalesProto
FAIL: AtmOcnScalarProto
FAIL: AtmOcnSelectExternalProto
FAIL: AtmOcnSelectExternalProto
FAIL: AtmOcnSelectExternalProto
FAIL: AtmOcnSelectExternalProto
FAIL: AtmOcnSelectExternalProto
FAIL: AtmOcnSelectProto
FAIL: AtmOcnSelectProto
FAIL: AtmOcnSelectProto
FAIL: AtmOcnSimpleImplicitProto
FAIL: AtmOcnTransferGridProto
FAIL: AtmOcnTransferLocStreamProto
FAIL: AtmOcnTransferMeshProto
FAIL: ComponentExplorer
FAIL: CustomFieldDictionaryProto
FAIL: DriverInDriverDataDepProto
FAIL: DriverInDriverProto
FAIL: DynPhyProto
FAIL: ExternalDriverAPIProto
FAIL: GenericMediatorProto
FAIL: HierarchyProto
FAIL: NamespaceProto
FAIL: NestingMultipleProto
FAIL: NestingSingleProto
FAIL: NestingTelescopeMultipleProto
FAIL: SingleModelProto
FAIL: SingleModelOpenMPProto
FAIL: SingleModelOpenMPUnawareProto
== TEST SUMMARY STOP ==

---------------------------------------------------------------------------
grep: */PET*.ESMF_LogFile: No such file or directory
