build time -- 2021-04-22 12:28:17
20210422 125710.096 INFO             PET0 !!!!!!!!!!!!!!!!!!!!!!!!!!!!!!!!!!!!!!!!!!!!!!!!!!!!!!
20210422 125710.096 INFO             PET0 !!! THE ESMF_LOG IS SET TO OUTPUT ALL LOG MESSAGES !!!
20210422 125710.096 INFO             PET0 !!!     THIS MAY CAUSE SLOWDOWN IN PERFORMANCE     !!!
20210422 125710.096 INFO             PET0 !!! FOR PRODUCTION RUNS, USE:                      !!!
20210422 125710.096 INFO             PET0 !!!                   ESMF_LOGKIND_Multi_On_Error  !!!
20210422 125710.096 INFO             PET0 !!!!!!!!!!!!!!!!!!!!!!!!!!!!!!!!!!!!!!!!!!!!!!!!!!!!!!
20210422 125710.096 INFO             PET0 Running with ESMF Version   : ESMF_8_1_1_beta_snapshot_03
20210422 125710.096 INFO             PET0 ESMF library build date/time: "Apr 22 2021" "12:26:48"
20210422 125710.096 INFO             PET0 ESMF library build location : /scratch1/NCEPDEV/stmp2/Mark.Potts/intel_18.0.4_mpiuni_O_patch_8.1.1
20210422 125710.096 INFO             PET0 ESMF_COMM                   : mpiuni
20210422 125710.097 INFO             PET0 ESMF_MOAB                   : enabled
20210422 125710.097 INFO             PET0 ESMF_LAPACK                 : enabled
20210422 125710.097 INFO             PET0 ESMF_NETCDF                 : enabled
20210422 125710.097 INFO             PET0 ESMF_PNETCDF                : disabled
20210422 125710.097 INFO             PET0 ESMF_PIO                    : disabled
20210422 125710.097 INFO             PET0 ESMF_YAMLCPP                : enabled
20210422 125710.098 INFO             PET0  NUMBER_OF_PROCESSORS           1
20210422 125710.098 INFO             PET0  PASS  Example ESMF_AlarmEx, ESMF_AlarmEx.F90, line 244
20210422 125710.098 INFO             PET0 Finalizing ESMF
