build time -- 2021-04-21 12:44:29
20210421 133848.333 INFO             PET0 !!!!!!!!!!!!!!!!!!!!!!!!!!!!!!!!!!!!!!!!!!!!!!!!!!!!!!
20210421 133848.333 INFO             PET0 !!! THE ESMF_LOG IS SET TO OUTPUT ALL LOG MESSAGES !!!
20210421 133848.333 INFO             PET0 !!!     THIS MAY CAUSE SLOWDOWN IN PERFORMANCE     !!!
20210421 133848.333 INFO             PET0 !!! FOR PRODUCTION RUNS, USE:                      !!!
20210421 133848.333 INFO             PET0 !!!                   ESMF_LOGKIND_Multi_On_Error  !!!
20210421 133848.333 INFO             PET0 !!!!!!!!!!!!!!!!!!!!!!!!!!!!!!!!!!!!!!!!!!!!!!!!!!!!!!
20210421 133848.333 INFO             PET0 Running with ESMF Version   : ESMF_8_1_1_beta_snapshot_03
20210421 133848.333 INFO             PET0 ESMF library build date/time: "Apr 21 2021" "12:42:57"
20210421 133848.333 INFO             PET0 ESMF library build location : /scratch1/NCEPDEV/da/Mark.Potts/sandbox/intel_18.0.4_mpiuni_O_patch_8.1.1
20210421 133848.333 INFO             PET0 ESMF_COMM                   : mpiuni
20210421 133848.334 INFO             PET0 ESMF_MOAB                   : enabled
20210421 133848.334 INFO             PET0 ESMF_LAPACK                 : enabled
20210421 133848.334 INFO             PET0 ESMF_NETCDF                 : enabled
20210421 133848.334 INFO             PET0 ESMF_PNETCDF                : disabled
20210421 133848.334 INFO             PET0 ESMF_PIO                    : disabled
20210421 133848.334 INFO             PET0 ESMF_YAMLCPP                : enabled
20210421 133848.337 INFO             PET0  NUMBER_OF_PROCESSORS           1
20210421 133848.337 INFO             PET0  PASS  Example ESMF_XGridSparseMatEx, ESMF_XGridSparseMatEx.F90, line 642
20210421 133848.337 INFO             PET0 Finalizing ESMF
