20210304 195127.531 INFO             PET0 !!!!!!!!!!!!!!!!!!!!!!!!!!!!!!!!!!!!!!!!!!!!!!!!!!!!!!
20210304 195127.531 INFO             PET0 !!! THE ESMF_LOG IS SET TO OUTPUT ALL LOG MESSAGES !!!
20210304 195127.531 INFO             PET0 !!!     THIS MAY CAUSE SLOWDOWN IN PERFORMANCE     !!!
20210304 195127.531 INFO             PET0 !!! FOR PRODUCTION RUNS, USE:                      !!!
20210304 195127.531 INFO             PET0 !!!                   ESMF_LOGKIND_Multi_On_Error  !!!
20210304 195127.531 INFO             PET0 !!!!!!!!!!!!!!!!!!!!!!!!!!!!!!!!!!!!!!!!!!!!!!!!!!!!!!
20210304 195127.531 INFO             PET0 Running with ESMF Version   : ESMF_8_1_0_beta_snapshot_47-22-gffbbe5951e
20210304 195127.531 INFO             PET0 ESMF library build date/time: "Mar  4 2021" "19:20:37"
20210304 195127.531 INFO             PET0 ESMF library build location : /Volumes/esmf/himanshu/esmf_test/cronjobs/release_8.1.0/python_testing/intel_19.1.0.166_mpiuni_O
20210304 195127.531 INFO             PET0 ESMF_COMM                   : mpiuni
20210304 195127.531 INFO             PET0 ESMF_MOAB                   : enabled
20210304 195127.531 INFO             PET0 ESMF_LAPACK                 : enabled
20210304 195127.531 INFO             PET0 ESMF_NETCDF                 : enabled
20210304 195127.531 INFO             PET0 ESMF_PNETCDF                : disabled
20210304 195127.531 INFO             PET0 ESMF_PIO                    : disabled
20210304 195127.531 INFO             PET0 ESMF_YAMLCPP                : enabled
20210304 195127.531 DEBUG            PET0 service: 0  PTHREAD_STACK_MIN: 8192 bytes  stack_size: 20971520 bytes
20210304 195127.532 INFO             PET0  NUMBER_OF_PROCESSORS           1
20210304 195127.532 INFO             PET0  PASS  Example ESMF_GCompEx, ESMF_GCompEx.F90, line 465
20210304 195127.532 INFO             PET0 Finalizing ESMF
