20210311 015130.759 INFO             PET0 !!!!!!!!!!!!!!!!!!!!!!!!!!!!!!!!!!!!!!!!!!!!!!!!!!!!!!
20210311 015130.760 INFO             PET0 !!! THE ESMF_LOG IS SET TO OUTPUT ALL LOG MESSAGES !!!
20210311 015130.760 INFO             PET0 !!!     THIS MAY CAUSE SLOWDOWN IN PERFORMANCE     !!!
20210311 015130.760 INFO             PET0 !!! FOR PRODUCTION RUNS, USE:                      !!!
20210311 015130.760 INFO             PET0 !!!                   ESMF_LOGKIND_Multi_On_Error  !!!
20210311 015130.760 INFO             PET0 !!!!!!!!!!!!!!!!!!!!!!!!!!!!!!!!!!!!!!!!!!!!!!!!!!!!!!
20210311 015130.760 INFO             PET0 Running with ESMF Version   : ESMF_8_1_0_beta_snapshot_47-25-gf739bcbdd5
20210311 015130.760 INFO             PET0 ESMF library build date/time: "Mar 11 2021" "01:13:10"
20210311 015130.760 INFO             PET0 ESMF library build location : /gpfsm/dnb04/projects/p98/mpotts/esmf/intel_2020_intelmpi_g
20210311 015130.760 INFO             PET0 ESMF_COMM                   : intelmpi
20210311 015130.761 INFO             PET0 ESMF_MOAB                   : enabled
20210311 015130.761 INFO             PET0 ESMF_LAPACK                 : enabled
20210311 015130.761 INFO             PET0 ESMF_NETCDF                 : enabled
20210311 015130.761 INFO             PET0 ESMF_PNETCDF                : disabled
20210311 015130.761 INFO             PET0 ESMF_PIO                    : enabled
20210311 015130.761 INFO             PET0 ESMF_YAMLCPP                : enabled
20210311 015130.927 INFO             PET0 Completing mirrored field: sea_surface_temperature
20210311 015130.928 INFO             PET0 Completing mirrored field: air_pressure_at_sea_level
20210311 015130.929 INFO             PET0 Completing mirrored field: surface_net_downward_shortwave_flux
20210311 015130.966 WARNING          PET0 ATM: Field 'sst' in the importState is not at the expected time. StandardName: sea_surface_temperature
20210311 015130.966 ERROR            PET0 ATM:src/addon/NUOPC/src/NUOPC_ModelBase.F90:3056 Invalid argument  - NUOPC INCOMPATIBILITY DETECTED: Import Fields not at current time
20210311 015130.966 ERROR            PET0 ATM:src/addon/NUOPC/src/NUOPC_ModelBase.F90:2756 Invalid argument  - Passing error in return code
20210311 015130.966 ERROR            PET0 Driver:src/addon/NUOPC/src/NUOPC_Driver.F90:3324 Invalid argument  - Phase 'RunPhase1' Run for modelComp 1 did not return ESMF_SUCCESS
20210311 015130.966 ERROR            PET0 Driver:src/addon/NUOPC/src/NUOPC_Driver.F90:3586 Invalid argument  - Passing error in return code
20210311 015130.966 ERROR            PET0 Driver:src/addon/NUOPC/src/NUOPC_Driver.F90:3239 Invalid argument  - Passing error in return code
20210311 015130.968 INFO             PET0  NUMBER_OF_PROCESSORS           4
20210311 015130.968 INFO             PET0  PASS  Example ESMF_NUOPCAtmModelEx, ESMF_NUOPCAtmModelEx.F90, line 1032
20210311 015130.968 INFO             PET0 Finalizing ESMF
20210311 015130.760 INFO             PET1 !!!!!!!!!!!!!!!!!!!!!!!!!!!!!!!!!!!!!!!!!!!!!!!!!!!!!!
20210311 015130.760 INFO             PET1 !!! THE ESMF_LOG IS SET TO OUTPUT ALL LOG MESSAGES !!!
20210311 015130.760 INFO             PET1 !!!     THIS MAY CAUSE SLOWDOWN IN PERFORMANCE     !!!
20210311 015130.760 INFO             PET1 !!! FOR PRODUCTION RUNS, USE:                      !!!
20210311 015130.760 INFO             PET1 !!!                   ESMF_LOGKIND_Multi_On_Error  !!!
20210311 015130.760 INFO             PET1 !!!!!!!!!!!!!!!!!!!!!!!!!!!!!!!!!!!!!!!!!!!!!!!!!!!!!!
20210311 015130.760 INFO             PET1 Running with ESMF Version   : ESMF_8_1_0_beta_snapshot_47-25-gf739bcbdd5
20210311 015130.760 INFO             PET1 ESMF library build date/time: "Mar 11 2021" "01:13:10"
20210311 015130.760 INFO             PET1 ESMF library build location : /gpfsm/dnb04/projects/p98/mpotts/esmf/intel_2020_intelmpi_g
20210311 015130.760 INFO             PET1 ESMF_COMM                   : intelmpi
20210311 015130.761 INFO             PET1 ESMF_MOAB                   : enabled
20210311 015130.761 INFO             PET1 ESMF_LAPACK                 : enabled
20210311 015130.761 INFO             PET1 ESMF_NETCDF                 : enabled
20210311 015130.761 INFO             PET1 ESMF_PNETCDF                : disabled
20210311 015130.761 INFO             PET1 ESMF_PIO                    : enabled
20210311 015130.761 INFO             PET1 ESMF_YAMLCPP                : enabled
20210311 015130.927 INFO             PET1 Completing mirrored field: sea_surface_temperature
20210311 015130.928 INFO             PET1 Completing mirrored field: air_pressure_at_sea_level
20210311 015130.929 INFO             PET1 Completing mirrored field: surface_net_downward_shortwave_flux
20210311 015130.966 WARNING          PET1 ATM: Field 'sst' in the importState is not at the expected time. StandardName: sea_surface_temperature
20210311 015130.966 ERROR            PET1 ATM:src/addon/NUOPC/src/NUOPC_ModelBase.F90:3056 Invalid argument  - NUOPC INCOMPATIBILITY DETECTED: Import Fields not at current time
20210311 015130.966 ERROR            PET1 ATM:src/addon/NUOPC/src/NUOPC_ModelBase.F90:2756 Invalid argument  - Passing error in return code
20210311 015130.966 ERROR            PET1 Driver:src/addon/NUOPC/src/NUOPC_Driver.F90:3324 Invalid argument  - Phase 'RunPhase1' Run for modelComp 1 did not return ESMF_SUCCESS
20210311 015130.966 ERROR            PET1 Driver:src/addon/NUOPC/src/NUOPC_Driver.F90:3586 Invalid argument  - Passing error in return code
20210311 015130.966 ERROR            PET1 Driver:src/addon/NUOPC/src/NUOPC_Driver.F90:3239 Invalid argument  - Passing error in return code
20210311 015130.968 INFO             PET1  NUMBER_OF_PROCESSORS           4
20210311 015130.968 INFO             PET1  PASS  Example ESMF_NUOPCAtmModelEx, ESMF_NUOPCAtmModelEx.F90, line 1032
20210311 015130.968 INFO             PET1 Finalizing ESMF
20210311 015130.760 INFO             PET2 !!!!!!!!!!!!!!!!!!!!!!!!!!!!!!!!!!!!!!!!!!!!!!!!!!!!!!
20210311 015130.760 INFO             PET2 !!! THE ESMF_LOG IS SET TO OUTPUT ALL LOG MESSAGES !!!
20210311 015130.760 INFO             PET2 !!!     THIS MAY CAUSE SLOWDOWN IN PERFORMANCE     !!!
20210311 015130.760 INFO             PET2 !!! FOR PRODUCTION RUNS, USE:                      !!!
20210311 015130.760 INFO             PET2 !!!                   ESMF_LOGKIND_Multi_On_Error  !!!
20210311 015130.760 INFO             PET2 !!!!!!!!!!!!!!!!!!!!!!!!!!!!!!!!!!!!!!!!!!!!!!!!!!!!!!
20210311 015130.760 INFO             PET2 Running with ESMF Version   : ESMF_8_1_0_beta_snapshot_47-25-gf739bcbdd5
20210311 015130.760 INFO             PET2 ESMF library build date/time: "Mar 11 2021" "01:13:10"
20210311 015130.760 INFO             PET2 ESMF library build location : /gpfsm/dnb04/projects/p98/mpotts/esmf/intel_2020_intelmpi_g
20210311 015130.760 INFO             PET2 ESMF_COMM                   : intelmpi
20210311 015130.761 INFO             PET2 ESMF_MOAB                   : enabled
20210311 015130.761 INFO             PET2 ESMF_LAPACK                 : enabled
20210311 015130.761 INFO             PET2 ESMF_NETCDF                 : enabled
20210311 015130.761 INFO             PET2 ESMF_PNETCDF                : disabled
20210311 015130.761 INFO             PET2 ESMF_PIO                    : enabled
20210311 015130.761 INFO             PET2 ESMF_YAMLCPP                : enabled
20210311 015130.927 INFO             PET2 Completing mirrored field: sea_surface_temperature
20210311 015130.928 INFO             PET2 Completing mirrored field: air_pressure_at_sea_level
20210311 015130.929 INFO             PET2 Completing mirrored field: surface_net_downward_shortwave_flux
20210311 015130.966 WARNING          PET2 ATM: Field 'sst' in the importState is not at the expected time. StandardName: sea_surface_temperature
20210311 015130.966 ERROR            PET2 ATM:src/addon/NUOPC/src/NUOPC_ModelBase.F90:3056 Invalid argument  - NUOPC INCOMPATIBILITY DETECTED: Import Fields not at current time
20210311 015130.966 ERROR            PET2 ATM:src/addon/NUOPC/src/NUOPC_ModelBase.F90:2756 Invalid argument  - Passing error in return code
20210311 015130.966 ERROR            PET2 Driver:src/addon/NUOPC/src/NUOPC_Driver.F90:3324 Invalid argument  - Phase 'RunPhase1' Run for modelComp 1 did not return ESMF_SUCCESS
20210311 015130.966 ERROR            PET2 Driver:src/addon/NUOPC/src/NUOPC_Driver.F90:3586 Invalid argument  - Passing error in return code
20210311 015130.966 ERROR            PET2 Driver:src/addon/NUOPC/src/NUOPC_Driver.F90:3239 Invalid argument  - Passing error in return code
20210311 015130.968 INFO             PET2  NUMBER_OF_PROCESSORS           4
20210311 015130.968 INFO             PET2  PASS  Example ESMF_NUOPCAtmModelEx, ESMF_NUOPCAtmModelEx.F90, line 1032
20210311 015130.968 INFO             PET2 Finalizing ESMF
20210311 015130.760 INFO             PET3 !!!!!!!!!!!!!!!!!!!!!!!!!!!!!!!!!!!!!!!!!!!!!!!!!!!!!!
20210311 015130.761 INFO             PET3 !!! THE ESMF_LOG IS SET TO OUTPUT ALL LOG MESSAGES !!!
20210311 015130.761 INFO             PET3 !!!     THIS MAY CAUSE SLOWDOWN IN PERFORMANCE     !!!
20210311 015130.761 INFO             PET3 !!! FOR PRODUCTION RUNS, USE:                      !!!
20210311 015130.761 INFO             PET3 !!!                   ESMF_LOGKIND_Multi_On_Error  !!!
20210311 015130.761 INFO             PET3 !!!!!!!!!!!!!!!!!!!!!!!!!!!!!!!!!!!!!!!!!!!!!!!!!!!!!!
20210311 015130.761 INFO             PET3 Running with ESMF Version   : ESMF_8_1_0_beta_snapshot_47-25-gf739bcbdd5
20210311 015130.761 INFO             PET3 ESMF library build date/time: "Mar 11 2021" "01:13:10"
20210311 015130.761 INFO             PET3 ESMF library build location : /gpfsm/dnb04/projects/p98/mpotts/esmf/intel_2020_intelmpi_g
20210311 015130.761 INFO             PET3 ESMF_COMM                   : intelmpi
20210311 015130.761 INFO             PET3 ESMF_MOAB                   : enabled
20210311 015130.761 INFO             PET3 ESMF_LAPACK                 : enabled
20210311 015130.761 INFO             PET3 ESMF_NETCDF                 : enabled
20210311 015130.761 INFO             PET3 ESMF_PNETCDF                : disabled
20210311 015130.761 INFO             PET3 ESMF_PIO                    : enabled
20210311 015130.761 INFO             PET3 ESMF_YAMLCPP                : enabled
20210311 015130.927 INFO             PET3 Completing mirrored field: sea_surface_temperature
20210311 015130.928 INFO             PET3 Completing mirrored field: air_pressure_at_sea_level
20210311 015130.929 INFO             PET3 Completing mirrored field: surface_net_downward_shortwave_flux
20210311 015130.966 WARNING          PET3 ATM: Field 'sst' in the importState is not at the expected time. StandardName: sea_surface_temperature
20210311 015130.966 ERROR            PET3 ATM:src/addon/NUOPC/src/NUOPC_ModelBase.F90:3056 Invalid argument  - NUOPC INCOMPATIBILITY DETECTED: Import Fields not at current time
20210311 015130.966 ERROR            PET3 ATM:src/addon/NUOPC/src/NUOPC_ModelBase.F90:2756 Invalid argument  - Passing error in return code
20210311 015130.966 ERROR            PET3 Driver:src/addon/NUOPC/src/NUOPC_Driver.F90:3324 Invalid argument  - Phase 'RunPhase1' Run for modelComp 1 did not return ESMF_SUCCESS
20210311 015130.966 ERROR            PET3 Driver:src/addon/NUOPC/src/NUOPC_Driver.F90:3586 Invalid argument  - Passing error in return code
20210311 015130.966 ERROR            PET3 Driver:src/addon/NUOPC/src/NUOPC_Driver.F90:3239 Invalid argument  - Passing error in return code
20210311 015130.968 INFO             PET3  NUMBER_OF_PROCESSORS           4
20210311 015130.968 INFO             PET3  PASS  Example ESMF_NUOPCAtmModelEx, ESMF_NUOPCAtmModelEx.F90, line 1032
20210311 015130.968 INFO             PET3 Finalizing ESMF
