 
Installing ESMF:
 
mkdir -p /p/work1/mpotts/gfortran_9.2.0_mpiuni_g/DEFAULTINSTALLDIR/include
cp -f /p/work1/mpotts/gfortran_9.2.0_mpiuni_g/src/include/ESMC.h /p/work1/mpotts/gfortran_9.2.0_mpiuni_g/DEFAULTINSTALLDIR/include
cp -f /p/work1/mpotts/gfortran_9.2.0_mpiuni_g/src/include/ESMC_*.h /p/work1/mpotts/gfortran_9.2.0_mpiuni_g/DEFAULTINSTALLDIR/include
cp -f /p/work1/mpotts/gfortran_9.2.0_mpiuni_g/build_config/Linux.gfortran.default/ESMC_Conf.h /p/work1/mpotts/gfortran_9.2.0_mpiuni_g/DEFAULTINSTALLDIR/include
mkdir -p /p/work1/mpotts/gfortran_9.2.0_mpiuni_g/DEFAULTINSTALLDIR/mod/modg/Linux.gfortran.64.mpiuni.default
cp -f /p/work1/mpotts/gfortran_9.2.0_mpiuni_g/mod/modg/Linux.gfortran.64.mpiuni.default/*.mod /p/work1/mpotts/gfortran_9.2.0_mpiuni_g/DEFAULTINSTALLDIR/mod/modg/Linux.gfortran.64.mpiuni.default
mkdir -p /p/work1/mpotts/gfortran_9.2.0_mpiuni_g/DEFAULTINSTALLDIR/lib/libg/Linux.gfortran.64.mpiuni.default
cp -f /p/work1/mpotts/gfortran_9.2.0_mpiuni_g/lib/libg/Linux.gfortran.64.mpiuni.default/libesmf*.* /p/work1/mpotts/gfortran_9.2.0_mpiuni_g/DEFAULTINSTALLDIR/lib/libg/Linux.gfortran.64.mpiuni.default
make ESMF_PRELOADDIR=/p/work1/mpotts/gfortran_9.2.0_mpiuni_g/DEFAULTINSTALLDIR/lib/libg/Linux.gfortran.64.mpiuni.default build_preload_script
make[1]: Entering directory `/p/work1/mpotts/gfortran_9.2.0_mpiuni_g'
chmod 755 /p/work1/mpotts/gfortran_9.2.0_mpiuni_g/DEFAULTINSTALLDIR/lib/libg/Linux.gfortran.64.mpiuni.default/preload.sh
make[1]: Leaving directory `/p/work1/mpotts/gfortran_9.2.0_mpiuni_g'
ranlib /p/work1/mpotts/gfortran_9.2.0_mpiuni_g/DEFAULTINSTALLDIR/lib/libg/Linux.gfortran.64.mpiuni.default/libesmf*.a
make install_apps
make[1]: Entering directory `/p/work1/mpotts/gfortran_9.2.0_mpiuni_g'
mkdir -p /p/work1/mpotts/gfortran_9.2.0_mpiuni_g/DEFAULTINSTALLDIR/bin/bing/Linux.gfortran.64.mpiuni.default
make build_apps ESMF_APPSDIR=/p/work1/mpotts/gfortran_9.2.0_mpiuni_g/DEFAULTINSTALLDIR/bin/bing/Linux.gfortran.64.mpiuni.default ESMF_LDIR=/p/work1/mpotts/gfortran_9.2.0_mpiuni_g/DEFAULTINSTALLDIR/lib/libg/Linux.gfortran.64.mpiuni.default ESMF_LIBDIR=/p/work1/mpotts/gfortran_9.2.0_mpiuni_g/DEFAULTINSTALLDIR/lib/libg/Linux.gfortran.64.mpiuni.default ESMF_MODDIR=/p/work1/mpotts/gfortran_9.2.0_mpiuni_g/DEFAULTINSTALLDIR/mod/modg/Linux.gfortran.64.mpiuni.default
make[2]: Entering directory `/p/work1/mpotts/gfortran_9.2.0_mpiuni_g'
cd /p/work1/mpotts/gfortran_9.2.0_mpiuni_g/src/apps; make ACTION=tree_build_apps tree
make[3]: Entering directory `/p/work1/mpotts/gfortran_9.2.0_mpiuni_g/src/apps'
tree_build_apps in: /p/work1/mpotts/gfortran_9.2.0_mpiuni_g/src/apps/ESMF_PrintInfo
make[4]: Entering directory `/p/work1/mpotts/gfortran_9.2.0_mpiuni_g/src/apps/ESMF_PrintInfo'
make chkdir_locobj
make[5]: Entering directory `/p/work1/mpotts/gfortran_9.2.0_mpiuni_g/src/apps/ESMF_PrintInfo'
Making directory /p/work1/mpotts/gfortran_9.2.0_mpiuni_g/obj/objg/Linux.gfortran.64.mpiuni.default/src/apps/ESMF_PrintInfo for apps output
make[5]: Leaving directory `/p/work1/mpotts/gfortran_9.2.0_mpiuni_g/src/apps/ESMF_PrintInfo'
gfortran -c -g -Wall -Wextra -Wconversion -Wno-unused -Wno-unused-dummy-argument -fbacktrace -fimplicit-none -fcheck=all,no-pointer -fPIC  -m64 -mcmodel=small -pthread -ffree-line-length-none  -fopenmp -I/p/work1/mpotts/gfortran_9.2.0_mpiuni_g/src/apps/ESMF_PrintInfo -I/p/work1/mpotts/gfortran_9.2.0_mpiuni_g/build_config/Linux.gfortran.default -I/p/work1/mpotts/gfortran_9.2.0_mpiuni_g/src/Infrastructure -I/p/work1/mpotts/gfortran_9.2.0_mpiuni_g/src/Superstructure -I/p/work1/mpotts/gfortran_9.2.0_mpiuni_g/DEFAULTINSTALLDIR/mod/modg/Linux.gfortran.64.mpiuni.default -I/p/work1/mpotts/gfortran_9.2.0_mpiuni_g/src/include   -DESMF_NO_INTEGER_1_BYTE -DESMF_NO_INTEGER_2_BYTE -DESMFVERSIONGIT='"ESMF_8_2_0_beta_snapshot_04-7-g3098c96"' -DESMF_MOAB=1 -DESMF_LAPACK=1 -DESMF_LAPACK_INTERNAL=1 -DESMF_NO_ACC_SOFTWARE_STACK=1 -DESMF_YAMLCPP=1 -DESMF_YAML=1 -DESMF_NO_OPENACC -DESMF_TESTEXHAUSTIVE -DESMF_BOPT_g -DESMF_TESTCOMPTUNNEL -DESMF_TESTWITHTHREADS -DSx86_64_small=1 -DESMF_OS_Linux=1 -DESMF_COMM=mpiuni -DESMF_DIR=/p/work1/mpotts/gfortran_9.2.0_mpiuni_g -DESMF_MPIUNI ESMF_PrintInfo.F90 -o /p/work1/mpotts/gfortran_9.2.0_mpiuni_g/obj/objg/Linux.gfortran.64.mpiuni.default/src/apps/ESMF_PrintInfo/ESMF_PrintInfo.o
make chkdir_apps
make[5]: Entering directory `/p/work1/mpotts/gfortran_9.2.0_mpiuni_g/src/apps/ESMF_PrintInfo'
make[5]: Leaving directory `/p/work1/mpotts/gfortran_9.2.0_mpiuni_g/src/apps/ESMF_PrintInfo'
gfortran     -m64 -mcmodel=small -pthread -Wl,--no-as-needed  -fopenmp -L/p/work1/mpotts/gfortran_9.2.0_mpiuni_g/DEFAULTINSTALLDIR/lib/libg/Linux.gfortran.64.mpiuni.default  -L/p/app/gnu/9.2.0/lib/gcc/x86_64-pc-linux-gnu/9.2.0/../../../../lib64/ -Wl,-rpath,/p/work1/mpotts/gfortran_9.2.0_mpiuni_g/DEFAULTINSTALLDIR/lib/libg/Linux.gfortran.64.mpiuni.default  -Wl,-rpath,/p/app/gnu/9.2.0/lib/gcc/x86_64-pc-linux-gnu/9.2.0/../../../../lib64/ -o /p/work1/mpotts/gfortran_9.2.0_mpiuni_g/DEFAULTINSTALLDIR/bin/bing/Linux.gfortran.64.mpiuni.default/ESMF_PrintInfo /p/work1/mpotts/gfortran_9.2.0_mpiuni_g/obj/objg/Linux.gfortran.64.mpiuni.default/src/apps/ESMF_PrintInfo/ESMF_PrintInfo.o -lesmf  -lrt -lstdc++ -ldl
make[4]: Leaving directory `/p/work1/mpotts/gfortran_9.2.0_mpiuni_g/src/apps/ESMF_PrintInfo'
tree_build_apps in: /p/work1/mpotts/gfortran_9.2.0_mpiuni_g/src/apps/ESMF_PrintInfoC
make[4]: Entering directory `/p/work1/mpotts/gfortran_9.2.0_mpiuni_g/src/apps/ESMF_PrintInfoC'
make chkdir_locobj
make[5]: Entering directory `/p/work1/mpotts/gfortran_9.2.0_mpiuni_g/src/apps/ESMF_PrintInfoC'
Making directory /p/work1/mpotts/gfortran_9.2.0_mpiuni_g/obj/objg/Linux.gfortran.64.mpiuni.default/src/apps/ESMF_PrintInfoC for apps output
make[5]: Leaving directory `/p/work1/mpotts/gfortran_9.2.0_mpiuni_g/src/apps/ESMF_PrintInfoC'
g++ -c -std=c++11 -g -Wall -Wextra -Wno-unused  -fPIC -DESMF_LOWERCASE_SINGLEUNDERSCORE -m64 -mcmodel=small -pthread  -fopenmp -I/p/work1/mpotts/gfortran_9.2.0_mpiuni_g/src/apps/ESMF_PrintInfoC -I/p/work1/mpotts/gfortran_9.2.0_mpiuni_g/src/apps/ESMF_PrintInfoC/../include -I/p/work1/mpotts/gfortran_9.2.0_mpiuni_g/build_config/Linux.gfortran.default -I/p/work1/mpotts/gfortran_9.2.0_mpiuni_g/src/Infrastructure -I/p/work1/mpotts/gfortran_9.2.0_mpiuni_g/src/Superstructure -I/p/work1/mpotts/gfortran_9.2.0_mpiuni_g/src/Infrastructure/stubs/pthread  -I/p/work1/mpotts/gfortran_9.2.0_mpiuni_g/src/include   -I/p/work1/mpotts/gfortran_9.2.0_mpiuni_g/src/Infrastructure/stubs/mpiuni -I/p/work1/mpotts/gfortran_9.2.0_mpiuni_g/src/prologue/yaml-cpp/include -DESMF_NO_INTEGER_1_BYTE -DESMF_NO_INTEGER_2_BYTE -DESMFVERSIONGIT='"ESMF_8_2_0_beta_snapshot_04-7-g3098c96"' -DESMF_MOAB=1 -DESMF_LAPACK=1 -DESMF_LAPACK_INTERNAL=1 -DESMF_NO_ACC_SOFTWARE_STACK=1 -DESMF_YAMLCPP=1 -DESMF_YAML=1 -DESMF_NO_OPENACC -DESMF_TESTEXHAUSTIVE -DESMF_BOPT_g -DESMF_TESTCOMPTUNNEL -DESMF_TESTWITHTHREADS -DSx86_64_small=1 -DESMF_OS_Linux=1 -DESMF_COMM=mpiuni -DESMF_DIR=/p/work1/mpotts/gfortran_9.2.0_mpiuni_g -D__SDIR__='"src/apps/ESMF_PrintInfoC"' -DESMF_CXXSTD=11 -DESMF_MPIUNI ESMF_PrintInfoC.c -o /p/work1/mpotts/gfortran_9.2.0_mpiuni_g/obj/objg/Linux.gfortran.64.mpiuni.default/src/apps/ESMF_PrintInfoC/ESMF_PrintInfoC.o
make chkdir_apps
make[5]: Entering directory `/p/work1/mpotts/gfortran_9.2.0_mpiuni_g/src/apps/ESMF_PrintInfoC'
make[5]: Leaving directory `/p/work1/mpotts/gfortran_9.2.0_mpiuni_g/src/apps/ESMF_PrintInfoC'
g++    -m64 -mcmodel=small -pthread -Wl,--no-as-needed  -fopenmp -L/p/work1/mpotts/gfortran_9.2.0_mpiuni_g/DEFAULTINSTALLDIR/lib/libg/Linux.gfortran.64.mpiuni.default  -L/p/app/gnu/9.2.0/lib/gcc/x86_64-pc-linux-gnu/9.2.0/../../../../lib64/ -Wl,-rpath,/p/work1/mpotts/gfortran_9.2.0_mpiuni_g/DEFAULTINSTALLDIR/lib/libg/Linux.gfortran.64.mpiuni.default  -Wl,-rpath,/p/app/gnu/9.2.0/lib/gcc/x86_64-pc-linux-gnu/9.2.0/../../../../lib64/ -o /p/work1/mpotts/gfortran_9.2.0_mpiuni_g/DEFAULTINSTALLDIR/bin/bing/Linux.gfortran.64.mpiuni.default/ESMF_PrintInfoC /p/work1/mpotts/gfortran_9.2.0_mpiuni_g/obj/objg/Linux.gfortran.64.mpiuni.default/src/apps/ESMF_PrintInfoC/ESMF_PrintInfoC.o -lesmf  -lrt -lgfortran -ldl
make[4]: Leaving directory `/p/work1/mpotts/gfortran_9.2.0_mpiuni_g/src/apps/ESMF_PrintInfoC'
tree_build_apps in: /p/work1/mpotts/gfortran_9.2.0_mpiuni_g/src/apps/ESMF_RegridWeightGen
make[4]: Entering directory `/p/work1/mpotts/gfortran_9.2.0_mpiuni_g/src/apps/ESMF_RegridWeightGen'
make chkdir_locobj
make[5]: Entering directory `/p/work1/mpotts/gfortran_9.2.0_mpiuni_g/src/apps/ESMF_RegridWeightGen'
Making directory /p/work1/mpotts/gfortran_9.2.0_mpiuni_g/obj/objg/Linux.gfortran.64.mpiuni.default/src/apps/ESMF_RegridWeightGen for apps output
make[5]: Leaving directory `/p/work1/mpotts/gfortran_9.2.0_mpiuni_g/src/apps/ESMF_RegridWeightGen'
gfortran -c -g -Wall -Wextra -Wconversion -Wno-unused -Wno-unused-dummy-argument -fbacktrace -fimplicit-none -fcheck=all,no-pointer -fPIC  -m64 -mcmodel=small -pthread -ffree-line-length-none  -fopenmp -I/p/work1/mpotts/gfortran_9.2.0_mpiuni_g/src/apps/ESMF_RegridWeightGen -I/p/work1/mpotts/gfortran_9.2.0_mpiuni_g/build_config/Linux.gfortran.default -I/p/work1/mpotts/gfortran_9.2.0_mpiuni_g/src/Infrastructure -I/p/work1/mpotts/gfortran_9.2.0_mpiuni_g/src/Superstructure -I/p/work1/mpotts/gfortran_9.2.0_mpiuni_g/DEFAULTINSTALLDIR/mod/modg/Linux.gfortran.64.mpiuni.default -I/p/work1/mpotts/gfortran_9.2.0_mpiuni_g/src/include   -DESMF_NO_INTEGER_1_BYTE -DESMF_NO_INTEGER_2_BYTE -DESMFVERSIONGIT='"ESMF_8_2_0_beta_snapshot_04-7-g3098c96"' -DESMF_MOAB=1 -DESMF_LAPACK=1 -DESMF_LAPACK_INTERNAL=1 -DESMF_NO_ACC_SOFTWARE_STACK=1 -DESMF_YAMLCPP=1 -DESMF_YAML=1 -DESMF_NO_OPENACC -DESMF_TESTEXHAUSTIVE -DESMF_BOPT_g -DESMF_TESTCOMPTUNNEL -DESMF_TESTWITHTHREADS -DSx86_64_small=1 -DESMF_OS_Linux=1 -DESMF_COMM=mpiuni -DESMF_DIR=/p/work1/mpotts/gfortran_9.2.0_mpiuni_g -DESMF_MPIUNI ESMF_RegridWeightGen.F90 -o /p/work1/mpotts/gfortran_9.2.0_mpiuni_g/obj/objg/Linux.gfortran.64.mpiuni.default/src/apps/ESMF_RegridWeightGen/ESMF_RegridWeightGen.o
make chkdir_apps
make[5]: Entering directory `/p/work1/mpotts/gfortran_9.2.0_mpiuni_g/src/apps/ESMF_RegridWeightGen'
make[5]: Leaving directory `/p/work1/mpotts/gfortran_9.2.0_mpiuni_g/src/apps/ESMF_RegridWeightGen'
gfortran     -m64 -mcmodel=small -pthread -Wl,--no-as-needed  -fopenmp -L/p/work1/mpotts/gfortran_9.2.0_mpiuni_g/DEFAULTINSTALLDIR/lib/libg/Linux.gfortran.64.mpiuni.default  -L/p/app/gnu/9.2.0/lib/gcc/x86_64-pc-linux-gnu/9.2.0/../../../../lib64/ -Wl,-rpath,/p/work1/mpotts/gfortran_9.2.0_mpiuni_g/DEFAULTINSTALLDIR/lib/libg/Linux.gfortran.64.mpiuni.default  -Wl,-rpath,/p/app/gnu/9.2.0/lib/gcc/x86_64-pc-linux-gnu/9.2.0/../../../../lib64/ -o /p/work1/mpotts/gfortran_9.2.0_mpiuni_g/DEFAULTINSTALLDIR/bin/bing/Linux.gfortran.64.mpiuni.default/ESMF_RegridWeightGen /p/work1/mpotts/gfortran_9.2.0_mpiuni_g/obj/objg/Linux.gfortran.64.mpiuni.default/src/apps/ESMF_RegridWeightGen/ESMF_RegridWeightGen.o -lesmf  -lrt -lstdc++ -ldl
make[4]: Leaving directory `/p/work1/mpotts/gfortran_9.2.0_mpiuni_g/src/apps/ESMF_RegridWeightGen'
tree_build_apps in: /p/work1/mpotts/gfortran_9.2.0_mpiuni_g/src/apps/ESMF_WebServController
make[4]: Entering directory `/p/work1/mpotts/gfortran_9.2.0_mpiuni_g/src/apps/ESMF_WebServController'
make chkdir_locobj
make[5]: Entering directory `/p/work1/mpotts/gfortran_9.2.0_mpiuni_g/src/apps/ESMF_WebServController'
Making directory /p/work1/mpotts/gfortran_9.2.0_mpiuni_g/obj/objg/Linux.gfortran.64.mpiuni.default/src/apps/ESMF_WebServController for apps output
make[5]: Leaving directory `/p/work1/mpotts/gfortran_9.2.0_mpiuni_g/src/apps/ESMF_WebServController'
g++ -c -std=c++11 -g -Wall -Wextra -Wno-unused  -fPIC -DESMF_LOWERCASE_SINGLEUNDERSCORE -m64 -mcmodel=small -pthread  -fopenmp -I/p/work1/mpotts/gfortran_9.2.0_mpiuni_g/src/apps/ESMF_WebServController -I/p/work1/mpotts/gfortran_9.2.0_mpiuni_g/src/apps/ESMF_WebServController/../include -I/p/work1/mpotts/gfortran_9.2.0_mpiuni_g/build_config/Linux.gfortran.default -I/p/work1/mpotts/gfortran_9.2.0_mpiuni_g/src/Infrastructure -I/p/work1/mpotts/gfortran_9.2.0_mpiuni_g/src/Superstructure -I/p/work1/mpotts/gfortran_9.2.0_mpiuni_g/src/Infrastructure/stubs/pthread  -I/p/work1/mpotts/gfortran_9.2.0_mpiuni_g/src/include   -I/p/work1/mpotts/gfortran_9.2.0_mpiuni_g/src/Infrastructure/stubs/mpiuni -I/p/work1/mpotts/gfortran_9.2.0_mpiuni_g/src/prologue/yaml-cpp/include -DESMF_NO_INTEGER_1_BYTE -DESMF_NO_INTEGER_2_BYTE -DESMFVERSIONGIT='"ESMF_8_2_0_beta_snapshot_04-7-g3098c96"' -DESMF_MOAB=1 -DESMF_LAPACK=1 -DESMF_LAPACK_INTERNAL=1 -DESMF_NO_ACC_SOFTWARE_STACK=1 -DESMF_YAMLCPP=1 -DESMF_YAML=1 -DESMF_NO_OPENACC -DESMF_TESTEXHAUSTIVE -DESMF_BOPT_g -DESMF_TESTCOMPTUNNEL -DESMF_TESTWITHTHREADS -DSx86_64_small=1 -DESMF_OS_Linux=1 -DESMF_COMM=mpiuni -DESMF_DIR=/p/work1/mpotts/gfortran_9.2.0_mpiuni_g -D__SDIR__='"src/apps/ESMF_WebServController"' -DESMF_CXXSTD=11 -DESMF_MPIUNI ESMF_WebServController.C -o /p/work1/mpotts/gfortran_9.2.0_mpiuni_g/obj/objg/Linux.gfortran.64.mpiuni.default/src/apps/ESMF_WebServController/ESMF_WebServController.o
make chkdir_apps
make[5]: Entering directory `/p/work1/mpotts/gfortran_9.2.0_mpiuni_g/src/apps/ESMF_WebServController'
make[5]: Leaving directory `/p/work1/mpotts/gfortran_9.2.0_mpiuni_g/src/apps/ESMF_WebServController'
g++    -m64 -mcmodel=small -pthread -Wl,--no-as-needed  -fopenmp -L/p/work1/mpotts/gfortran_9.2.0_mpiuni_g/DEFAULTINSTALLDIR/lib/libg/Linux.gfortran.64.mpiuni.default  -L/p/app/gnu/9.2.0/lib/gcc/x86_64-pc-linux-gnu/9.2.0/../../../../lib64/ -Wl,-rpath,/p/work1/mpotts/gfortran_9.2.0_mpiuni_g/DEFAULTINSTALLDIR/lib/libg/Linux.gfortran.64.mpiuni.default  -Wl,-rpath,/p/app/gnu/9.2.0/lib/gcc/x86_64-pc-linux-gnu/9.2.0/../../../../lib64/ -o /p/work1/mpotts/gfortran_9.2.0_mpiuni_g/DEFAULTINSTALLDIR/bin/bing/Linux.gfortran.64.mpiuni.default/ESMF_WebServController /p/work1/mpotts/gfortran_9.2.0_mpiuni_g/obj/objg/Linux.gfortran.64.mpiuni.default/src/apps/ESMF_WebServController/ESMF_WebServController.o -lesmf  -lrt -lgfortran -ldl
make[4]: Leaving directory `/p/work1/mpotts/gfortran_9.2.0_mpiuni_g/src/apps/ESMF_WebServController'
tree_build_apps in: /p/work1/mpotts/gfortran_9.2.0_mpiuni_g/src/apps/ESMF_Scrip2Unstruct
make[4]: Entering directory `/p/work1/mpotts/gfortran_9.2.0_mpiuni_g/src/apps/ESMF_Scrip2Unstruct'
make chkdir_locobj
make[5]: Entering directory `/p/work1/mpotts/gfortran_9.2.0_mpiuni_g/src/apps/ESMF_Scrip2Unstruct'
Making directory /p/work1/mpotts/gfortran_9.2.0_mpiuni_g/obj/objg/Linux.gfortran.64.mpiuni.default/src/apps/ESMF_Scrip2Unstruct for apps output
make[5]: Leaving directory `/p/work1/mpotts/gfortran_9.2.0_mpiuni_g/src/apps/ESMF_Scrip2Unstruct'
g++ -c -std=c++11 -g -Wall -Wextra -Wno-unused  -fPIC -DESMF_LOWERCASE_SINGLEUNDERSCORE -m64 -mcmodel=small -pthread  -fopenmp -I/p/work1/mpotts/gfortran_9.2.0_mpiuni_g/src/apps/ESMF_Scrip2Unstruct -I/p/work1/mpotts/gfortran_9.2.0_mpiuni_g/src/apps/ESMF_Scrip2Unstruct/../include -I/p/work1/mpotts/gfortran_9.2.0_mpiuni_g/build_config/Linux.gfortran.default -I/p/work1/mpotts/gfortran_9.2.0_mpiuni_g/src/Infrastructure -I/p/work1/mpotts/gfortran_9.2.0_mpiuni_g/src/Superstructure -I/p/work1/mpotts/gfortran_9.2.0_mpiuni_g/src/Infrastructure/stubs/pthread  -I/p/work1/mpotts/gfortran_9.2.0_mpiuni_g/src/include   -I/p/work1/mpotts/gfortran_9.2.0_mpiuni_g/src/Infrastructure/stubs/mpiuni -I/p/work1/mpotts/gfortran_9.2.0_mpiuni_g/src/prologue/yaml-cpp/include -DESMF_NO_INTEGER_1_BYTE -DESMF_NO_INTEGER_2_BYTE -DESMFVERSIONGIT='"ESMF_8_2_0_beta_snapshot_04-7-g3098c96"' -DESMF_MOAB=1 -DESMF_LAPACK=1 -DESMF_LAPACK_INTERNAL=1 -DESMF_NO_ACC_SOFTWARE_STACK=1 -DESMF_YAMLCPP=1 -DESMF_YAML=1 -DESMF_NO_OPENACC -DESMF_TESTEXHAUSTIVE -DESMF_BOPT_g -DESMF_TESTCOMPTUNNEL -DESMF_TESTWITHTHREADS -DSx86_64_small=1 -DESMF_OS_Linux=1 -DESMF_COMM=mpiuni -DESMF_DIR=/p/work1/mpotts/gfortran_9.2.0_mpiuni_g -D__SDIR__='"src/apps/ESMF_Scrip2Unstruct"' -DESMF_CXXSTD=11 -DESMF_MPIUNI ESMF_Scrip2Unstruct.C -o /p/work1/mpotts/gfortran_9.2.0_mpiuni_g/obj/objg/Linux.gfortran.64.mpiuni.default/src/apps/ESMF_Scrip2Unstruct/ESMF_Scrip2Unstruct.o
make chkdir_apps
make[5]: Entering directory `/p/work1/mpotts/gfortran_9.2.0_mpiuni_g/src/apps/ESMF_Scrip2Unstruct'
make[5]: Leaving directory `/p/work1/mpotts/gfortran_9.2.0_mpiuni_g/src/apps/ESMF_Scrip2Unstruct'
g++    -m64 -mcmodel=small -pthread -Wl,--no-as-needed  -fopenmp -L/p/work1/mpotts/gfortran_9.2.0_mpiuni_g/DEFAULTINSTALLDIR/lib/libg/Linux.gfortran.64.mpiuni.default  -L/p/app/gnu/9.2.0/lib/gcc/x86_64-pc-linux-gnu/9.2.0/../../../../lib64/ -Wl,-rpath,/p/work1/mpotts/gfortran_9.2.0_mpiuni_g/DEFAULTINSTALLDIR/lib/libg/Linux.gfortran.64.mpiuni.default  -Wl,-rpath,/p/app/gnu/9.2.0/lib/gcc/x86_64-pc-linux-gnu/9.2.0/../../../../lib64/ -o /p/work1/mpotts/gfortran_9.2.0_mpiuni_g/DEFAULTINSTALLDIR/bin/bing/Linux.gfortran.64.mpiuni.default/ESMF_Scrip2Unstruct /p/work1/mpotts/gfortran_9.2.0_mpiuni_g/obj/objg/Linux.gfortran.64.mpiuni.default/src/apps/ESMF_Scrip2Unstruct/ESMF_Scrip2Unstruct.o -lesmf  -lrt -lgfortran -ldl
make[4]: Leaving directory `/p/work1/mpotts/gfortran_9.2.0_mpiuni_g/src/apps/ESMF_Scrip2Unstruct'
tree_build_apps in: /p/work1/mpotts/gfortran_9.2.0_mpiuni_g/src/apps/ESMF_Regrid
make[4]: Entering directory `/p/work1/mpotts/gfortran_9.2.0_mpiuni_g/src/apps/ESMF_Regrid'
make chkdir_locobj
make[5]: Entering directory `/p/work1/mpotts/gfortran_9.2.0_mpiuni_g/src/apps/ESMF_Regrid'
Making directory /p/work1/mpotts/gfortran_9.2.0_mpiuni_g/obj/objg/Linux.gfortran.64.mpiuni.default/src/apps/ESMF_Regrid for apps output
make[5]: Leaving directory `/p/work1/mpotts/gfortran_9.2.0_mpiuni_g/src/apps/ESMF_Regrid'
gfortran -c -g -Wall -Wextra -Wconversion -Wno-unused -Wno-unused-dummy-argument -fbacktrace -fimplicit-none -fcheck=all,no-pointer -fPIC  -m64 -mcmodel=small -pthread -ffree-line-length-none  -fopenmp -I/p/work1/mpotts/gfortran_9.2.0_mpiuni_g/src/apps/ESMF_Regrid -I/p/work1/mpotts/gfortran_9.2.0_mpiuni_g/build_config/Linux.gfortran.default -I/p/work1/mpotts/gfortran_9.2.0_mpiuni_g/src/Infrastructure -I/p/work1/mpotts/gfortran_9.2.0_mpiuni_g/src/Superstructure -I/p/work1/mpotts/gfortran_9.2.0_mpiuni_g/DEFAULTINSTALLDIR/mod/modg/Linux.gfortran.64.mpiuni.default -I/p/work1/mpotts/gfortran_9.2.0_mpiuni_g/src/include   -DESMF_NO_INTEGER_1_BYTE -DESMF_NO_INTEGER_2_BYTE -DESMFVERSIONGIT='"ESMF_8_2_0_beta_snapshot_04-7-g3098c96"' -DESMF_MOAB=1 -DESMF_LAPACK=1 -DESMF_LAPACK_INTERNAL=1 -DESMF_NO_ACC_SOFTWARE_STACK=1 -DESMF_YAMLCPP=1 -DESMF_YAML=1 -DESMF_NO_OPENACC -DESMF_TESTEXHAUSTIVE -DESMF_BOPT_g -DESMF_TESTCOMPTUNNEL -DESMF_TESTWITHTHREADS -DSx86_64_small=1 -DESMF_OS_Linux=1 -DESMF_COMM=mpiuni -DESMF_DIR=/p/work1/mpotts/gfortran_9.2.0_mpiuni_g -DESMF_MPIUNI ESMF_Regrid.F90 -o /p/work1/mpotts/gfortran_9.2.0_mpiuni_g/obj/objg/Linux.gfortran.64.mpiuni.default/src/apps/ESMF_Regrid/ESMF_Regrid.o
make chkdir_apps
make[5]: Entering directory `/p/work1/mpotts/gfortran_9.2.0_mpiuni_g/src/apps/ESMF_Regrid'
make[5]: Leaving directory `/p/work1/mpotts/gfortran_9.2.0_mpiuni_g/src/apps/ESMF_Regrid'
gfortran     -m64 -mcmodel=small -pthread -Wl,--no-as-needed  -fopenmp -L/p/work1/mpotts/gfortran_9.2.0_mpiuni_g/DEFAULTINSTALLDIR/lib/libg/Linux.gfortran.64.mpiuni.default  -L/p/app/gnu/9.2.0/lib/gcc/x86_64-pc-linux-gnu/9.2.0/../../../../lib64/ -Wl,-rpath,/p/work1/mpotts/gfortran_9.2.0_mpiuni_g/DEFAULTINSTALLDIR/lib/libg/Linux.gfortran.64.mpiuni.default  -Wl,-rpath,/p/app/gnu/9.2.0/lib/gcc/x86_64-pc-linux-gnu/9.2.0/../../../../lib64/ -o /p/work1/mpotts/gfortran_9.2.0_mpiuni_g/DEFAULTINSTALLDIR/bin/bing/Linux.gfortran.64.mpiuni.default/ESMF_Regrid /p/work1/mpotts/gfortran_9.2.0_mpiuni_g/obj/objg/Linux.gfortran.64.mpiuni.default/src/apps/ESMF_Regrid/ESMF_Regrid.o -lesmf  -lrt -lstdc++ -ldl
make[4]: Leaving directory `/p/work1/mpotts/gfortran_9.2.0_mpiuni_g/src/apps/ESMF_Regrid'
make[3]: Leaving directory `/p/work1/mpotts/gfortran_9.2.0_mpiuni_g/src/apps'
ESMF apps built successfully.
make[2]: Leaving directory `/p/work1/mpotts/gfortran_9.2.0_mpiuni_g'
make[1]: Leaving directory `/p/work1/mpotts/gfortran_9.2.0_mpiuni_g'
mkdir -p /p/work1/mpotts/gfortran_9.2.0_mpiuni_g/DEFAULTINSTALLDIR/doc
make install_info_mk
make[1]: Entering directory `/p/work1/mpotts/gfortran_9.2.0_mpiuni_g'
make info_mk ESMF_APPSDIR=/p/work1/mpotts/gfortran_9.2.0_mpiuni_g/DEFAULTINSTALLDIR/bin/bing/Linux.gfortran.64.mpiuni.default ESMF_LDIR=/p/work1/mpotts/gfortran_9.2.0_mpiuni_g/DEFAULTINSTALLDIR/lib/libg/Linux.gfortran.64.mpiuni.default ESMF_LIBDIR=/p/work1/mpotts/gfortran_9.2.0_mpiuni_g/DEFAULTINSTALLDIR/lib/libg/Linux.gfortran.64.mpiuni.default ESMF_MODDIR=/p/work1/mpotts/gfortran_9.2.0_mpiuni_g/DEFAULTINSTALLDIR/mod/modg/Linux.gfortran.64.mpiuni.default ESMF_INCDIR=/p/work1/mpotts/gfortran_9.2.0_mpiuni_g/DEFAULTINSTALLDIR/include
make[2]: Entering directory `/p/work1/mpotts/gfortran_9.2.0_mpiuni_g'
make[2]: Leaving directory `/p/work1/mpotts/gfortran_9.2.0_mpiuni_g'
make[1]: Leaving directory `/p/work1/mpotts/gfortran_9.2.0_mpiuni_g'
 
ESMF installation complete.
 
