20210317 070858.030 INFO             PET0 !!!!!!!!!!!!!!!!!!!!!!!!!!!!!!!!!!!!!!!!!!!!!!!!!!!!!!
20210317 070858.031 INFO             PET0 !!! THE ESMF_LOG IS SET TO OUTPUT ALL LOG MESSAGES !!!
20210317 070858.031 INFO             PET0 !!!     THIS MAY CAUSE SLOWDOWN IN PERFORMANCE     !!!
20210317 070858.031 INFO             PET0 !!! FOR PRODUCTION RUNS, USE:                      !!!
20210317 070858.031 INFO             PET0 !!!                   ESMF_LOGKIND_Multi_On_Error  !!!
20210317 070858.031 INFO             PET0 !!!!!!!!!!!!!!!!!!!!!!!!!!!!!!!!!!!!!!!!!!!!!!!!!!!!!!
20210317 070858.031 INFO             PET0 Running with ESMF Version   : ESMF_8_1_0_beta_snapshot_47-43-g3582fd7879
20210317 070858.031 INFO             PET0 ESMF library build date/time: "Mar 17 2021" "06:31:04"
20210317 070858.031 INFO             PET0 ESMF library build location : /scratch1/NCEPDEV/da/Mark.Potts/sandbox/intel_18.0.4_intelmpi_g
20210317 070858.031 INFO             PET0 ESMF_COMM                   : intelmpi
20210317 070858.032 INFO             PET0 ESMF_MOAB                   : enabled
20210317 070858.032 INFO             PET0 ESMF_LAPACK                 : enabled
20210317 070858.032 INFO             PET0 ESMF_NETCDF                 : enabled
20210317 070858.032 INFO             PET0 ESMF_PNETCDF                : disabled
20210317 070858.032 INFO             PET0 ESMF_PIO                    : enabled
20210317 070858.032 INFO             PET0 ESMF_YAMLCPP                : enabled
20210317 070858.035 INFO             PET0 ESMF_FieldRedistStoreNF(): Just entered routine.
20210317 070858.039 INFO             PET0 ESMF_FieldRedistStoreNF(): Leaving routine.
20210317 070858.045 INFO             PET0 ESMF_FieldRedistStoreNF(): Just entered routine.
20210317 070858.046 INFO             PET0 ESMF_FieldRedistStoreNF(): Leaving routine.
20210317 070858.046 INFO             PET0 ESMF_FieldRedistStoreNF(): Just entered routine.
20210317 070858.047 INFO             PET0 ESMF_FieldRedistStoreNF(): Leaving routine.
20210317 070858.047 INFO             PET0  NUMBER_OF_PROCESSORS           4
20210317 070858.047 INFO             PET0  PASS  Example ESMF_FieldRedistEx, ESMF_FieldRedistEx.F90, line 521
20210317 070858.047 INFO             PET0 Finalizing ESMF
20210317 070858.031 INFO             PET1 !!!!!!!!!!!!!!!!!!!!!!!!!!!!!!!!!!!!!!!!!!!!!!!!!!!!!!
20210317 070858.031 INFO             PET1 !!! THE ESMF_LOG IS SET TO OUTPUT ALL LOG MESSAGES !!!
20210317 070858.031 INFO             PET1 !!!     THIS MAY CAUSE SLOWDOWN IN PERFORMANCE     !!!
20210317 070858.031 INFO             PET1 !!! FOR PRODUCTION RUNS, USE:                      !!!
20210317 070858.031 INFO             PET1 !!!                   ESMF_LOGKIND_Multi_On_Error  !!!
20210317 070858.031 INFO             PET1 !!!!!!!!!!!!!!!!!!!!!!!!!!!!!!!!!!!!!!!!!!!!!!!!!!!!!!
20210317 070858.031 INFO             PET1 Running with ESMF Version   : ESMF_8_1_0_beta_snapshot_47-43-g3582fd7879
20210317 070858.031 INFO             PET1 ESMF library build date/time: "Mar 17 2021" "06:31:04"
20210317 070858.031 INFO             PET1 ESMF library build location : /scratch1/NCEPDEV/da/Mark.Potts/sandbox/intel_18.0.4_intelmpi_g
20210317 070858.031 INFO             PET1 ESMF_COMM                   : intelmpi
20210317 070858.032 INFO             PET1 ESMF_MOAB                   : enabled
20210317 070858.032 INFO             PET1 ESMF_LAPACK                 : enabled
20210317 070858.032 INFO             PET1 ESMF_NETCDF                 : enabled
20210317 070858.032 INFO             PET1 ESMF_PNETCDF                : disabled
20210317 070858.032 INFO             PET1 ESMF_PIO                    : enabled
20210317 070858.032 INFO             PET1 ESMF_YAMLCPP                : enabled
20210317 070858.035 INFO             PET1 ESMF_FieldRedistStoreNF(): Just entered routine.
20210317 070858.039 INFO             PET1 ESMF_FieldRedistStoreNF(): Leaving routine.
20210317 070858.045 INFO             PET1 ESMF_FieldRedistStoreNF(): Just entered routine.
20210317 070858.046 INFO             PET1 ESMF_FieldRedistStoreNF(): Leaving routine.
20210317 070858.046 INFO             PET1 ESMF_FieldRedistStoreNF(): Just entered routine.
20210317 070858.047 INFO             PET1 ESMF_FieldRedistStoreNF(): Leaving routine.
20210317 070858.047 INFO             PET1  NUMBER_OF_PROCESSORS           4
20210317 070858.047 INFO             PET1  PASS  Example ESMF_FieldRedistEx, ESMF_FieldRedistEx.F90, line 521
20210317 070858.047 INFO             PET1 Finalizing ESMF
20210317 070858.031 INFO             PET2 !!!!!!!!!!!!!!!!!!!!!!!!!!!!!!!!!!!!!!!!!!!!!!!!!!!!!!
20210317 070858.031 INFO             PET2 !!! THE ESMF_LOG IS SET TO OUTPUT ALL LOG MESSAGES !!!
20210317 070858.031 INFO             PET2 !!!     THIS MAY CAUSE SLOWDOWN IN PERFORMANCE     !!!
20210317 070858.031 INFO             PET2 !!! FOR PRODUCTION RUNS, USE:                      !!!
20210317 070858.031 INFO             PET2 !!!                   ESMF_LOGKIND_Multi_On_Error  !!!
20210317 070858.031 INFO             PET2 !!!!!!!!!!!!!!!!!!!!!!!!!!!!!!!!!!!!!!!!!!!!!!!!!!!!!!
20210317 070858.031 INFO             PET2 Running with ESMF Version   : ESMF_8_1_0_beta_snapshot_47-43-g3582fd7879
20210317 070858.031 INFO             PET2 ESMF library build date/time: "Mar 17 2021" "06:31:04"
20210317 070858.031 INFO             PET2 ESMF library build location : /scratch1/NCEPDEV/da/Mark.Potts/sandbox/intel_18.0.4_intelmpi_g
20210317 070858.031 INFO             PET2 ESMF_COMM                   : intelmpi
20210317 070858.032 INFO             PET2 ESMF_MOAB                   : enabled
20210317 070858.032 INFO             PET2 ESMF_LAPACK                 : enabled
20210317 070858.032 INFO             PET2 ESMF_NETCDF                 : enabled
20210317 070858.032 INFO             PET2 ESMF_PNETCDF                : disabled
20210317 070858.032 INFO             PET2 ESMF_PIO                    : enabled
20210317 070858.032 INFO             PET2 ESMF_YAMLCPP                : enabled
20210317 070858.035 INFO             PET2 ESMF_FieldRedistStoreNF(): Just entered routine.
20210317 070858.039 INFO             PET2 ESMF_FieldRedistStoreNF(): Leaving routine.
20210317 070858.045 INFO             PET2 ESMF_FieldRedistStoreNF(): Just entered routine.
20210317 070858.046 INFO             PET2 ESMF_FieldRedistStoreNF(): Leaving routine.
20210317 070858.046 INFO             PET2 ESMF_FieldRedistStoreNF(): Just entered routine.
20210317 070858.047 INFO             PET2 ESMF_FieldRedistStoreNF(): Leaving routine.
20210317 070858.047 INFO             PET2  NUMBER_OF_PROCESSORS           4
20210317 070858.047 INFO             PET2  PASS  Example ESMF_FieldRedistEx, ESMF_FieldRedistEx.F90, line 521
20210317 070858.047 INFO             PET2 Finalizing ESMF
20210317 070858.031 INFO             PET3 !!!!!!!!!!!!!!!!!!!!!!!!!!!!!!!!!!!!!!!!!!!!!!!!!!!!!!
20210317 070858.031 INFO             PET3 !!! THE ESMF_LOG IS SET TO OUTPUT ALL LOG MESSAGES !!!
20210317 070858.031 INFO             PET3 !!!     THIS MAY CAUSE SLOWDOWN IN PERFORMANCE     !!!
20210317 070858.031 INFO             PET3 !!! FOR PRODUCTION RUNS, USE:                      !!!
20210317 070858.031 INFO             PET3 !!!                   ESMF_LOGKIND_Multi_On_Error  !!!
20210317 070858.031 INFO             PET3 !!!!!!!!!!!!!!!!!!!!!!!!!!!!!!!!!!!!!!!!!!!!!!!!!!!!!!
20210317 070858.031 INFO             PET3 Running with ESMF Version   : ESMF_8_1_0_beta_snapshot_47-43-g3582fd7879
20210317 070858.031 INFO             PET3 ESMF library build date/time: "Mar 17 2021" "06:31:04"
20210317 070858.031 INFO             PET3 ESMF library build location : /scratch1/NCEPDEV/da/Mark.Potts/sandbox/intel_18.0.4_intelmpi_g
20210317 070858.031 INFO             PET3 ESMF_COMM                   : intelmpi
20210317 070858.032 INFO             PET3 ESMF_MOAB                   : enabled
20210317 070858.032 INFO             PET3 ESMF_LAPACK                 : enabled
20210317 070858.032 INFO             PET3 ESMF_NETCDF                 : enabled
20210317 070858.032 INFO             PET3 ESMF_PNETCDF                : disabled
20210317 070858.032 INFO             PET3 ESMF_PIO                    : enabled
20210317 070858.032 INFO             PET3 ESMF_YAMLCPP                : enabled
20210317 070858.035 INFO             PET3 ESMF_FieldRedistStoreNF(): Just entered routine.
20210317 070858.039 INFO             PET3 ESMF_FieldRedistStoreNF(): Leaving routine.
20210317 070858.045 INFO             PET3 ESMF_FieldRedistStoreNF(): Just entered routine.
20210317 070858.046 INFO             PET3 ESMF_FieldRedistStoreNF(): Leaving routine.
20210317 070858.046 INFO             PET3 ESMF_FieldRedistStoreNF(): Just entered routine.
20210317 070858.047 INFO             PET3 ESMF_FieldRedistStoreNF(): Leaving routine.
20210317 070858.047 INFO             PET3  NUMBER_OF_PROCESSORS           4
20210317 070858.047 INFO             PET3  PASS  Example ESMF_FieldRedistEx, ESMF_FieldRedistEx.F90, line 521
20210317 070858.047 INFO             PET3 Finalizing ESMF
