build time -- 2021-04-21 13:17:43
/scratch1/NCEPDEV/da/Mark.Potts/sandbox/gfortran_9.2.0_intelmpi_g_develop/runpython.sh: line 5: cd: /scratch1/NCEPDEV/da/Mark.Potts/sandbox/gfortran_9.2.0_intelmpi_g_develop/src/addon/ESMPymodule: No such file or directory
Lmod has detected the following error: These module(s) exist but cannot be
loaded as requested: "hdf5/1.10.5"
   Try: "module spider hdf5/1.10.5" to see how to load the module(s).



+ export ESMF_NETCDF=nc-config
+ ESMF_NETCDF=nc-config
+ export ESMF_NETCDF=split
+ ESMF_NETCDF=split
+ export ESMF_NETCDF_INCLUDE=/include
+ ESMF_NETCDF_INCLUDE=/include
+ export ESMF_NETCDF_LIBPATH=/lib
+ ESMF_NETCDF_LIBPATH=/lib
+ export 'ESMF_NETCDF_LIBS=-lnetcdff -lnetcdf -lhdf5_hl -lhdf5 '
+ ESMF_NETCDF_LIBS='-lnetcdff -lnetcdf -lhdf5_hl -lhdf5 '
+ export ESMF_NETCDF=nc-config
+ ESMF_NETCDF=nc-config
+ export ESMF_DIR=/scratch1/NCEPDEV/da/Mark.Potts/sandbox/gfortran_9.2.0_intelmpi_g_develop
+ ESMF_DIR=/scratch1/NCEPDEV/da/Mark.Potts/sandbox/gfortran_9.2.0_intelmpi_g_develop
+ export ESMF_COMPILER=gfortran
+ ESMF_COMPILER=gfortran
+ export ESMF_COMM=intelmpi
+ ESMF_COMM=intelmpi
+ export ESMF_BOPT=g
+ ESMF_BOPT=g
+ export ESMF_TESTEXHAUSTIVE=ON
+ ESMF_TESTEXHAUSTIVE=ON
+ export ESMF_TESTWITHTHREADS=ON
+ ESMF_TESTWITHTHREADS=ON
+ python3 setup.py test_examples_dryrun
python3: can't open file 'setup.py': [Errno 2] No such file or directory
+ python3 setup.py test_regrid_from_file_dryrun
python3: can't open file 'setup.py': [Errno 2] No such file or directory
+ python3 setup.py test_regrid_from_file_dryrun
python3: can't open file 'setup.py': [Errno 2] No such file or directory
