--- ESMCI::ArrayBundle::print start ---
ArrayBundle: MyArrayBundle
arrayCount = 3
--- ESMCI::ArrayBundle::print start ------ ESMCI::ArrayBundle::print start ---
ArrayBundle: MyArrayBundle
arrayCount = 3
Container::print() multipmap:item=0 key=AonFly value=0x7f2b30
Container::print() multipmap:item=1 key=Array002 value=0x7ef760
Container::print() multipmap:item=2 key=Array003 value=0x7f0250
Container::print()      list:item=0 key=Array002 value=0x7ef760
Container::print()      list:item=1 key=Array003 value=0x7f0250
Container::print() multipmap:item=0 key=AonFly value=0x7f3e10
Container::print() multipmap:item=1 key=Array002 value=0x7efc00
Container::print() multipmap:item=2 key=Array003 value=0x7f0a80
Container::print()      list:item=0 key=Array002 value=0x7efc00
Container::print()      list:item=1 key=Array003 value=0x7f0a80
Container::print()      list:item=2 key=AonFly value=0x7f3e10
--- ESMCI::ArrayBundle::print end ---
Container::print()      list:item=2 key=AonFly value=0x7f2b30
--- ESMCI::ArrayBundle::print end ---
--- ESMCI::ArrayBundle::print start ---
ArrayBundle: MyArrayBundle
arrayCount = 3
Container::print() multipmap:item=0 key=AonFly value=0x7f2960
Container::print() multipmap:item=1 key=Array002 value=0x7ef5c0
Container::print() multipmap:item=2 key=Array003 value=0x7f00a0
Container::print()      list:item=0 key=Array002 value=0x7ef5c0
Container::print()      list:item=1 key=Array003 value=0x7f00a0
Container::print()      list:item=2 key=AonFly value=0x7f2960
--- ESMCI::ArrayBundle::print end ---

ArrayBundle: MyArrayBundle
--- ESMCI::Array::print start ---
 Base name    = AonFlyarrayCount = 3
--- ESMCI::Array::print start ---
 Base name    = AonFly

 Status: Base = --- ESMCI::Array::print start ---
 Base name    = AonFly
Ready,  object = Ready
 Proxy        = no
 Root Info (Attributes): Status: Base = Ready,  object = Ready
 Proxy        = no
 Root Info (Attributes):
 Status: Base = Ready,  object = Ready
 Proxy        = no
 Root Info (Attributes):

Container::print() multipmap:item=0 key=AonFly value={}0x7f3e20
Container::print() multipmap:item=1 key=Array002 value=0x7efc60
Container::print() multipmap:item=2 key=Array003 value=0x7f0ab0
Container::print()      list:item=0 key=Array002 value=0x7efc60
Container::print()      list:item={}Array typekind/rank: Real*4 / 2 
~ lower class' values ~
DistGrid dimCount = 2
deCount = 6
{}Array typekind/rank: Real*4 / 2 
~ lower class' values ~
DistGrid dimCount = 2
deCount = 6
localDeCount = 1
~ local data in LocalArray for DE 3 ~
1 key=Array003 value=0x7f0ab0
Container::print()      list:item=2 key=AonFly value=0x7f3e20
--- ESMCI::ArrayBundle::print end ---
localDeCount = 1
~ local data in LocalArray for DE 2 ~
LocalArrayPrint: Array at address 0x7f2800:
            rank = 2, typekind = 5, base_addr = 0x7f27e0
            dim[0] = 3  dim[1] = 2  
LocalArrayPrint: Array at address 0x7f2630:
            rank = 2, typekind = 5, base_addr = 0x7f2610
            dim[0] = 2  dim[1] = 2  
  Real, *4, Dim 2, Data values:
  Real, *4, Dim 2, Data values:
( 1, 1) =  1.16773e-38
( 2, 1) =  0
( 3, 1) =  0
( 1, 2) =  0
( 2, 2) =  0
( 3, 2) =  0
( 1, 1) =  1.16767e-38
Array typekind/rank: Real*4 / 2 
~ lower class' values ~
DistGrid dimCount = 2
deCount = 6
localDeCount = 2
~ local data in LocalArray for DE 0 ~
LocalArrayPrint: Array at address 0x7f37b0:
--- ESMCI::Array::print start ---
 Base name    = AonFly
 Status: Base = Ready,  object = Ready
 Proxy        = no
 Root Info (Attributes):
dim 1: [0]: [1 [1 [1, 3] 3] 3]
dim 2: [1]: [1 [1 [1, 2] 2] 2]
--- ESMCI::Array::print end ---
--- ESMCI::Array::print start ---
 Base name    = Array002
 Status: Base = Ready,  object = Ready
 Proxy        = no
 Root Info (Attributes):
            rank = 2, typekind = 5, base_addr = 0x7f3730
            dim[0] = 3  dim[1] = 2  
  Real, *4, Dim 2, Data values:
{}Array typekind/rank: Real*8 / 2 
~ lower class' values ~( 1, 1) =  1.16829e-38
( 2, 1) =  0
( 3, 1) =  0

DistGrid dimCount = 2
deCount = 6
localDeCount = 1
~ local data in LocalArray for DE 2 ~
LocalArrayPrint: Array at address 0x7ef430:
            rank = 2, typekind = 6, ( 1, 2) =  0
( 2, 2) =  0
( 3, 2) =  0
base_addr = 0x7a6890
            dim[0] = 3  dim[1] = 2  
dim 1: [0]: [1 [1 [1, 3] 3] 3]
dim 2: [1]: [1 [1 [1, 2] 2] 2]
~ local data in LocalArray for DE 4 ~
LocalArrayPrint: Array at address 0x7f3ae0:
  Real, *8, Dim 2, Data values:
( 1, 1) =  3.99837e-317
( 2, 1) =  0
            rank = 2, typekind = 5, base_addr = 0x7f3750
            dim[0] = 3  dim[1] = 1  
( 3, 1) =  0
( 1, 2) =  0
( 2, 2) =  0
( 3, 2) =  0
  Real, *4, Dim 2, Data values:
( 1, 1) =  1.1683e-38
( 2, 1) =  0
( 3, 1) =  0
dim 1: [0]: [1 [1 [1, 3] 3] 3]
dim 2: [1]: [1 [1 [1, 2] 2] 2]
--- ESMCI::Array::print end ---
--- ESMCI::Array::print start ---
dim 1: [0]: [1 [1 [1, 3] 3] 3]
dim 2: [1]: [1 [1 [1, 1] 1] 1]
--- ESMCI::Array::print end ---
 Base name    = Array003
 Status: Base = Ready,  object = Ready
--- ESMCI::Array::print start ---
 Base name    = Array002 Proxy        = no
 Root Info (Attributes):

 Status: Base = Ready,  object = Ready
 Proxy        = {}Array typekind/rank: Real*8 / 2 
~ lower class' values ~
DistGrid dimCount = 2
deCount = 6
no
 Root Info (Attributes):
localDeCount = 1
~ local data in LocalArray for DE 2 ~
LocalArrayPrint: Array at address 0x7efee0:
            rank = 2, typekind = 6, base_addr = 0x7f0210
            {}dim[0] = 3  dim[1] = 2  
  Real, *8, Dim 2, Data values:
( 1, 1) =  0
{}Array typekind/rank: Real*8 / 2 
~ lower class' values ~
( 2, 1) =  0
( 3, 1) =  0
( 1, 2) =  0
( 2, 2) =  0
( 3, 2) =  0
DistGrid dimCount = 2
deCount = 6
localDeCount = 2
~ local data in LocalArray for DE 0 ~
LocalArrayPrint: Array at address 0x7ef580:
            rank = 2, typekind = 6, Array typekind/rank: Real*4 / 2 
~ lower class' values ~
DistGrid dimCount = 2
deCount = 6
localDeCount = 2
~ local data in LocalArray for DE 1 ~
LocalArrayPrint: Array at address 0x7f37c0:
            rank = 2, typekind = 5, dim 1: [0]: [1 [1 [1, 3] 3] 3]
dim 2: [1]: [1 [1 [1, 2] 2] 2]
--- ESMCI::Array::print end ---
base_addr = 0x7a68c0
            dim[0] = 3  dim[1] = 2  
  Real, *8, Dim 2, Data values:
( 1, 1) =  3.96361e-317
base_addr = 0x7f3740
            dim[0] = 2  dim[1] = 2  
  Real, *4, Dim 2, Data values:
( 2, 1) =  4.24399e-314
( 3, 1) =  4.24399e-314
( 1, 2) =  4.24399e-314
( 2, 2) =  2.122e-314
( 3, 2) =  2.122e-314
dim 1: [0]: [1 [1 [1, 3] 3] 3]
dim 2: [1]: [1 [1 [1, 2] 2] 2]
~ local data in LocalArray for DE 4 ~
( 1, 1) =  1.1683e-38
( 2, 1) =  0
( 1, 2) =  0
( 2, 2) =  0
LocalArrayPrint: Array at address 0x7ef8b0:
            rank = 2, typekind = 6, base_addr = 0x7efbe0
            dim[0] = 3  dim[1] = 1  dim 1: [0]: [1 [1 [1, 2] 2] 2]
dim 2: [1]: [1 [1 [1, 2] 2] 2]
~ local data in LocalArray for DE 5 ~
LocalArrayPrint: Array at address 0x7f3af0:
            rank = 2, typekind = 5, 
  Real, *8, Dim 2, Data values:
( 1, 1) =  0
( 2, 1) =  0
( 3, 1) =  0
base_addr = 0x7f3760
            dim[0] = 2  dim[1] = 1  
  Real, *4, Dim 2, Data values:
dim 1: [0]: [1 [1 [1, 3] 3] 3]
dim 2: [1]: [1 [1 [1, 1] 1] 1]
--- ESMCI::Array::print end ---
--- ESMCI::Array::print start ---
( 1, 1) =  1.1683e-38
( 2, 1) =  0
dim 1: [0]: [1 [1 [1, 2] 2] 2]
dim 2: [1]: [1 [1 [1, 1] 1] 1]
 Base name    = Array003
 Status: Base = Ready,  object = Ready--- ESMCI::Array::print end ---
--- ESMCI::Array::print start ---
 Base name    = Array002
 Proxy        = no
 Root Info (Attributes):

 Status: Base = Ready,  object = Ready
 Proxy        = no{}Array typekind/rank: Real*8 / 2 
~ lower class' values ~

 Root Info (Attributes):
DistGrid dimCount = 2
deCount = 6
localDeCount = 2
~ local data in LocalArray for DE 0 ~
LocalArrayPrint: Array at address 0x7f03e0:
            rank = 2, typekind = 6, base_addr = 0x7f0710
            dim[0] = 3  {}Array typekind/rank: Real*8 / 2 
~ lower class' values ~
DistGrid dimCount = 2
deCount = 6
localDeCount = 2
  PASS  Example ESMF_ArrayBundleEx, ESMF_ArrayBundleEx.F90, line 267
dim[1] = 2  
  Real, *8, Dim 2, Data values:
( 1, 1) =  0
( 2, 1) =  0
( 3, 1) =  0
( 1, 2) =  0
~ local data in LocalArray for DE 1 ~
LocalArrayPrint: Array at address 0x7ef5e0:
            rank = 2, typekind = 6, base_addr = 0x7b7d20
            dim[0] = 2  dim[1] = 2  
( 2, 2) =  0
( 3, 2) =  0
dim 1: [0]: [1 [1 [1, 3] 3] 3]
dim 2: [1]: [1 [1 [1, 2] 2] 2]
~ local data in LocalArray for DE 4 ~
  Real, *8, Dim 2, Data values:
( 1, 1) =  3.99841e-317
( 2, 1) =  0
LocalArrayPrint: Array at address 0x7f0750:
            rank = 2, typekind = 6, base_addr = 0x7f0360
            dim[0] = 3  dim[1] = 1  ( 1, 2) =  0
( 2, 2) =  0
dim 1: [0]: [1 [1 [1, 2] 2] 2]
dim 2: [1]: [1 [1 [1, 2] 2] 2]
~ local data in LocalArray for DE 5 ~

  Real, *8, Dim 2, Data values:
( 1, 1) =  4.11258e-317
( 2, 1) =  0
LocalArrayPrint: Array at address 0x7ef910:
            rank = 2, typekind = 6, base_addr = 0x7efc40
            dim[0] = 2  dim[1] = 1  ( 3, 1) =  0
dim 1: [0]: [1 [1 [1, 3] 3] 3]
dim 2: [1]: [1 [1 [1, 1] 1] 1]
--- ESMCI::Array::print end ---

  Real, *8, Dim 2, Data values:
( 1, 1) =  0
( 2, 1) =  0
dim 1: [0]: [1 [1 [1, 2] 2] 2]
dim 2: [1]: [1 [1 [1, 1] 1] 1]
--- ESMCI::Array::print end ---
--- ESMCI::Array::print start ---
 Base name    = Array003
 Status: Base = Ready,  object = Ready
 Proxy        = no
 Root Info (Attributes):
{}Array typekind/rank: Real*8 / 2 
~ lower class' values ~
DistGrid dimCount = 2
deCount = 6
localDeCount = 2
~ local data in LocalArray for DE 1 ~
LocalArrayPrint: Array at address 0x7f0420:
            rank = 2, typekind = 6, base_addr = 0x7f0750
              PASS  Example ESMF_ArrayBundleEx, ESMF_ArrayBundleEx.F90, line 267
dim[0] = 2  dim[1] = 2  
  Real, *8, Dim 2, Data values:
( 1, 1) =  0
( 2, 1) =  0
( 1, 2) =  0
( 2, 2) =  0
dim 1: [0]: [1 [1 [1, 2] 2] 2]
dim 2: [1]: [1 [1 [1, 2] 2] 2]
~ local data in LocalArray for DE 5 ~
LocalArrayPrint: Array at address 0x7f0780:
            rank = 2, typekind = 6, base_addr = 0x7f03a0
            dim[0] = 2  dim[1] = 1  
  Real, *8, Dim 2, Data values:
( 1, 1) =  4.11261e-317
( 2, 1) =  0
dim 1: [0]: [1 [1 [1, 2] 2] 2]
dim 2: [1]: [1 [1 [1, 1] 1] 1]
--- ESMCI::Array::print end ---
( 2, 1) =  0
  PASS  Example ESMF_ArrayBundleEx, ESMF_ArrayBundleEx.F90, line 267
( 1, 2) =  0
( 2, 2) =  0
dim 1: [0]: [1 [1 [1, 2] 2] 2]
dim 2: [1]: [1 [1 [1, 2] 2] 2]
--- ESMCI::Array::print end ---
--- ESMCI::Array::print start ---
 Base name    = Array002
 Status: Base = Ready,  object = Ready
 Proxy        = no
 Root Info (Attributes):
{}Array typekind/rank: Real*8 / 2 
~ lower class' values ~
DistGrid dimCount = 2
deCount = 6
localDeCount = 1
~ local data in LocalArray for DE 3 ~
LocalArrayPrint: Array at address 0x7ef290:
            rank = 2, typekind = 6, base_addr = 0x7af530
            dim[0] = 2  dim[1] = 2  
  Real, *8, Dim 2, Data values:
( 1, 1) =  0
( 2, 1) =  0
( 1, 2) =  0
( 2, 2) =  0
dim 1: [0]: [1 [1 [1, 2] 2] 2]
dim 2: [1]: [1 [1 [1, 2] 2] 2]
--- ESMCI::Array::print end ---
--- ESMCI::Array::print start ---
 Base name    = Array003
 Status: Base = Ready,  object = Ready
 Proxy        = no
 Root Info (Attributes):
{}Array typekind/rank: Real*8 / 2 
~ lower class' values ~
DistGrid dimCount = 2
deCount = 6
localDeCount = 1
~ local data in LocalArray for DE 3 ~
LocalArrayPrint: Array at address 0x7efd40:
            rank = 2, typekind = 6, base_addr = 0x7f0070
            dim[0] = 2  dim[1] = 2  
  Real, *8, Dim 2, Data values:
( 1, 1) =  0
( 2, 1) =  0
( 1, 2) =  0
( 2, 2) =  0
dim 1: [0]: [1 [1 [1, 2] 2] 2]
dim 2: [1]: [1 [1 [1, 2] 2] 2]
--- ESMCI::Array::print end ---
  PASS  Example ESMF_ArrayBundleEx, ESMF_ArrayBundleEx.F90, line 267
 PASS: ESMF_ArrayBundleEx.F90
 PASS: ESMF_ArrayBundleEx.F90
 PASS: ESMF_ArrayBundleEx.F90
 PASS: ESMF_ArrayBundleEx.F90
