20210420 065721.340 INFO             PET0 !!!!!!!!!!!!!!!!!!!!!!!!!!!!!!!!!!!!!!!!!!!!!!!!!!!!!!
20210420 065721.341 INFO             PET0 !!! THE ESMF_LOG IS SET TO OUTPUT ALL LOG MESSAGES !!!
20210420 065721.341 INFO             PET0 !!!     THIS MAY CAUSE SLOWDOWN IN PERFORMANCE     !!!
20210420 065721.341 INFO             PET0 !!! FOR PRODUCTION RUNS, USE:                      !!!
20210420 065721.341 INFO             PET0 !!!                   ESMF_LOGKIND_Multi_On_Error  !!!
20210420 065721.341 INFO             PET0 !!!!!!!!!!!!!!!!!!!!!!!!!!!!!!!!!!!!!!!!!!!!!!!!!!!!!!
20210420 065721.341 INFO             PET0 Running with ESMF Version   : ESMF_8_2_0_beta_snapshot_04-7-g3098c96bb1
20210420 065721.341 INFO             PET0 ESMF library build date/time: "Apr 20 2021" "06:02:38"
20210420 065721.341 INFO             PET0 ESMF library build location : /scratch1/NCEPDEV/da/Mark.Potts/sandbox/intel_18.0.4_intelmpi_O_develop
20210420 065721.341 INFO             PET0 ESMF_COMM                   : intelmpi
20210420 065721.342 INFO             PET0 ESMF_MOAB                   : enabled
20210420 065721.342 INFO             PET0 ESMF_LAPACK                 : enabled
20210420 065721.342 INFO             PET0 ESMF_NETCDF                 : enabled
20210420 065721.342 INFO             PET0 ESMF_PNETCDF                : disabled
20210420 065721.342 INFO             PET0 ESMF_PIO                    : enabled
20210420 065721.342 INFO             PET0 ESMF_YAMLCPP                : enabled
20210420 065721.342 INFO             PET0  NUMBER_OF_PROCESSORS           4
20210420 065721.342 INFO             PET0  PASS  Example ESMF_VMUserMpiCommMultiEx, ESMF_VMUserMpiCommMultiEx.F90, line 126
20210420 065721.342 INFO             PET0 Finalizing ESMF
20210420 065721.341 INFO             PET0 !!!!!!!!!!!!!!!!!!!!!!!!!!!!!!!!!!!!!!!!!!!!!!!!!!!!!!
20210420 065721.341 INFO             PET0 !!! THE ESMF_LOG IS SET TO OUTPUT ALL LOG MESSAGES !!!
20210420 065721.341 INFO             PET0 !!!     THIS MAY CAUSE SLOWDOWN IN PERFORMANCE     !!!
20210420 065721.341 INFO             PET0 !!! FOR PRODUCTION RUNS, USE:                      !!!
20210420 065721.341 INFO             PET0 !!!                   ESMF_LOGKIND_Multi_On_Error  !!!
20210420 065721.341 INFO             PET0 !!!!!!!!!!!!!!!!!!!!!!!!!!!!!!!!!!!!!!!!!!!!!!!!!!!!!!
20210420 065721.341 INFO             PET0 Running with ESMF Version   : ESMF_8_2_0_beta_snapshot_04-7-g3098c96bb1
20210420 065721.341 INFO             PET0 ESMF library build date/time: "Apr 20 2021" "06:02:38"
20210420 065721.341 INFO             PET0 ESMF library build location : /scratch1/NCEPDEV/da/Mark.Potts/sandbox/intel_18.0.4_intelmpi_O_develop
20210420 065721.341 INFO             PET0 ESMF_COMM                   : intelmpi
20210420 065721.342 INFO             PET0 ESMF_MOAB                   : enabled
20210420 065721.342 INFO             PET0 ESMF_LAPACK                 : enabled
20210420 065721.342 INFO             PET0 ESMF_NETCDF                 : enabled
20210420 065721.342 INFO             PET0 ESMF_PNETCDF                : disabled
20210420 065721.342 INFO             PET0 ESMF_PIO                    : enabled
20210420 065721.342 INFO             PET0 ESMF_YAMLCPP                : enabled
20210420 065721.342 INFO             PET0  NUMBER_OF_PROCESSORS           4
20210420 065721.342 INFO             PET0  PASS  Example ESMF_VMUserMpiCommMultiEx, ESMF_VMUserMpiCommMultiEx.F90, line 154
20210420 065721.342 INFO             PET0 Finalizing ESMF
20210420 065721.339 INFO             PET1 !!!!!!!!!!!!!!!!!!!!!!!!!!!!!!!!!!!!!!!!!!!!!!!!!!!!!!
20210420 065721.339 INFO             PET1 !!! THE ESMF_LOG IS SET TO OUTPUT ALL LOG MESSAGES !!!
20210420 065721.339 INFO             PET1 !!!     THIS MAY CAUSE SLOWDOWN IN PERFORMANCE     !!!
20210420 065721.339 INFO             PET1 !!! FOR PRODUCTION RUNS, USE:                      !!!
20210420 065721.339 INFO             PET1 !!!                   ESMF_LOGKIND_Multi_On_Error  !!!
20210420 065721.339 INFO             PET1 !!!!!!!!!!!!!!!!!!!!!!!!!!!!!!!!!!!!!!!!!!!!!!!!!!!!!!
20210420 065721.339 INFO             PET1 Running with ESMF Version   : ESMF_8_2_0_beta_snapshot_04-7-g3098c96bb1
20210420 065721.339 INFO             PET1 ESMF library build date/time: "Apr 20 2021" "06:02:38"
20210420 065721.339 INFO             PET1 ESMF library build location : /scratch1/NCEPDEV/da/Mark.Potts/sandbox/intel_18.0.4_intelmpi_O_develop
20210420 065721.339 INFO             PET1 ESMF_COMM                   : intelmpi
20210420 065721.340 INFO             PET1 ESMF_MOAB                   : enabled
20210420 065721.340 INFO             PET1 ESMF_LAPACK                 : enabled
20210420 065721.340 INFO             PET1 ESMF_NETCDF                 : enabled
20210420 065721.340 INFO             PET1 ESMF_PNETCDF                : disabled
20210420 065721.340 INFO             PET1 ESMF_PIO                    : enabled
20210420 065721.340 INFO             PET1 ESMF_YAMLCPP                : enabled
20210420 065721.342 INFO             PET1  NUMBER_OF_PROCESSORS           4
20210420 065721.342 INFO             PET1  PASS  Example ESMF_VMUserMpiCommMultiEx, ESMF_VMUserMpiCommMultiEx.F90, line 126
20210420 065721.342 INFO             PET1 Finalizing ESMF
20210420 065721.341 INFO             PET1 !!!!!!!!!!!!!!!!!!!!!!!!!!!!!!!!!!!!!!!!!!!!!!!!!!!!!!
20210420 065721.341 INFO             PET1 !!! THE ESMF_LOG IS SET TO OUTPUT ALL LOG MESSAGES !!!
20210420 065721.341 INFO             PET1 !!!     THIS MAY CAUSE SLOWDOWN IN PERFORMANCE     !!!
20210420 065721.341 INFO             PET1 !!! FOR PRODUCTION RUNS, USE:                      !!!
20210420 065721.341 INFO             PET1 !!!                   ESMF_LOGKIND_Multi_On_Error  !!!
20210420 065721.341 INFO             PET1 !!!!!!!!!!!!!!!!!!!!!!!!!!!!!!!!!!!!!!!!!!!!!!!!!!!!!!
20210420 065721.341 INFO             PET1 Running with ESMF Version   : ESMF_8_2_0_beta_snapshot_04-7-g3098c96bb1
20210420 065721.341 INFO             PET1 ESMF library build date/time: "Apr 20 2021" "06:02:38"
20210420 065721.341 INFO             PET1 ESMF library build location : /scratch1/NCEPDEV/da/Mark.Potts/sandbox/intel_18.0.4_intelmpi_O_develop
20210420 065721.341 INFO             PET1 ESMF_COMM                   : intelmpi
20210420 065721.342 INFO             PET1 ESMF_MOAB                   : enabled
20210420 065721.342 INFO             PET1 ESMF_LAPACK                 : enabled
20210420 065721.342 INFO             PET1 ESMF_NETCDF                 : enabled
20210420 065721.342 INFO             PET1 ESMF_PNETCDF                : disabled
20210420 065721.342 INFO             PET1 ESMF_PIO                    : enabled
20210420 065721.342 INFO             PET1 ESMF_YAMLCPP                : enabled
20210420 065721.342 INFO             PET1  NUMBER_OF_PROCESSORS           4
20210420 065721.342 INFO             PET1  PASS  Example ESMF_VMUserMpiCommMultiEx, ESMF_VMUserMpiCommMultiEx.F90, line 154
20210420 065721.342 INFO             PET1 Finalizing ESMF
