MPI startup(): Warning: I_MPI_PMI_LIBRARY will be ignored since the hydra process manager was found
MPI startup(): Warning: I_MPI_PMI_LIBRARY will be ignored since the hydra process manager was found
MPI startup(): Warning: I_MPI_PMI_LIBRARY will be ignored since the hydra process manager was found
MPI startup(): Warning: I_MPI_PMI_LIBRARY will be ignored since the hydra process manager was found
 ESMF application on MPI rank:           1
 ESMF application on MPI rank:           0
  PASS  Example ESMF_VMUserMpiCommMultiEx, ESMF_VMUserMpiCommMultiEx.F90, line 1
 26
  PASS  Example ESMF_VMUserMpiCommMultiEx, ESMF_VMUserMpiCommMultiEx.F90, line 1
 26
 ESMF application on MPI rank:           2
 ESMF application on MPI rank:           3
  PASS  Example ESMF_VMUserMpiCommMultiEx, ESMF_VMUserMpiCommMultiEx.F90, line 1
 54
  PASS  Example ESMF_VMUserMpiCommMultiEx, ESMF_VMUserMpiCommMultiEx.F90, line 1
 54
 PASS: ESMF_VMUserMpiCommMultiEx.F90
 PASS: ESMF_VMUserMpiCommMultiEx.F90
 PASS: ESMF_VMUserMpiCommMultiEx.F90
 PASS: ESMF_VMUserMpiCommMultiEx.F90
