20210313 025938.523 INFO             PET0 !!!!!!!!!!!!!!!!!!!!!!!!!!!!!!!!!!!!!!!!!!!!!!!!!!!!!!
20210313 025938.523 INFO             PET0 !!! THE ESMF_LOG IS SET TO OUTPUT ALL LOG MESSAGES !!!
20210313 025938.523 INFO             PET0 !!!     THIS MAY CAUSE SLOWDOWN IN PERFORMANCE     !!!
20210313 025938.523 INFO             PET0 !!! FOR PRODUCTION RUNS, USE:                      !!!
20210313 025938.523 INFO             PET0 !!!                   ESMF_LOGKIND_Multi_On_Error  !!!
20210313 025938.523 INFO             PET0 !!!!!!!!!!!!!!!!!!!!!!!!!!!!!!!!!!!!!!!!!!!!!!!!!!!!!!
20210313 025938.523 INFO             PET0 Running with ESMF Version   : ESMF_8_1_0_beta_snapshot_47-35-g10f0a3f
20210313 025938.523 INFO             PET0 ESMF library build date/time: "Mar 13 2021" "02:31:22"
20210313 025938.523 INFO             PET0 ESMF library build location : /work/noaa/da/mpotts/sandbox/intel_2020_intelmpi_O
20210313 025938.523 INFO             PET0 ESMF_COMM                   : intelmpi
20210313 025938.532 INFO             PET0 ESMF_MOAB                   : enabled
20210313 025938.532 INFO             PET0 ESMF_LAPACK                 : enabled
20210313 025938.532 INFO             PET0 ESMF_NETCDF                 : enabled
20210313 025938.532 INFO             PET0 ESMF_PNETCDF                : disabled
20210313 025938.532 INFO             PET0 ESMF_PIO                    : enabled
20210313 025938.532 INFO             PET0 ESMF_YAMLCPP                : enabled
20210313 025938.538 INFO             PET0  NUMBER_OF_PROCESSORS           4
20210313 025938.538 INFO             PET0  PASS  Example ESMF_VMUserMpiCommMultiEx, ESMF_VMUserMpiCommMultiEx.F90, line 126
20210313 025938.538 INFO             PET0 Finalizing ESMF
20210313 025938.521 INFO             PET0 !!!!!!!!!!!!!!!!!!!!!!!!!!!!!!!!!!!!!!!!!!!!!!!!!!!!!!
20210313 025938.521 INFO             PET0 !!! THE ESMF_LOG IS SET TO OUTPUT ALL LOG MESSAGES !!!
20210313 025938.521 INFO             PET0 !!!     THIS MAY CAUSE SLOWDOWN IN PERFORMANCE     !!!
20210313 025938.521 INFO             PET0 !!! FOR PRODUCTION RUNS, USE:                      !!!
20210313 025938.521 INFO             PET0 !!!                   ESMF_LOGKIND_Multi_On_Error  !!!
20210313 025938.521 INFO             PET0 !!!!!!!!!!!!!!!!!!!!!!!!!!!!!!!!!!!!!!!!!!!!!!!!!!!!!!
20210313 025938.521 INFO             PET0 Running with ESMF Version   : ESMF_8_1_0_beta_snapshot_47-35-g10f0a3f
20210313 025938.521 INFO             PET0 ESMF library build date/time: "Mar 13 2021" "02:31:22"
20210313 025938.521 INFO             PET0 ESMF library build location : /work/noaa/da/mpotts/sandbox/intel_2020_intelmpi_O
20210313 025938.521 INFO             PET0 ESMF_COMM                   : intelmpi
20210313 025938.523 INFO             PET0 ESMF_MOAB                   : enabled
20210313 025938.523 INFO             PET0 ESMF_LAPACK                 : enabled
20210313 025938.523 INFO             PET0 ESMF_NETCDF                 : enabled
20210313 025938.523 INFO             PET0 ESMF_PNETCDF                : disabled
20210313 025938.523 INFO             PET0 ESMF_PIO                    : enabled
20210313 025938.523 INFO             PET0 ESMF_YAMLCPP                : enabled
20210313 025938.523 INFO             PET0  NUMBER_OF_PROCESSORS           4
20210313 025938.523 INFO             PET0  PASS  Example ESMF_VMUserMpiCommMultiEx, ESMF_VMUserMpiCommMultiEx.F90, line 154
20210313 025938.523 INFO             PET0 Finalizing ESMF
20210313 025938.536 INFO             PET1 !!!!!!!!!!!!!!!!!!!!!!!!!!!!!!!!!!!!!!!!!!!!!!!!!!!!!!
20210313 025938.537 INFO             PET1 !!! THE ESMF_LOG IS SET TO OUTPUT ALL LOG MESSAGES !!!
20210313 025938.537 INFO             PET1 !!!     THIS MAY CAUSE SLOWDOWN IN PERFORMANCE     !!!
20210313 025938.537 INFO             PET1 !!! FOR PRODUCTION RUNS, USE:                      !!!
20210313 025938.537 INFO             PET1 !!!                   ESMF_LOGKIND_Multi_On_Error  !!!
20210313 025938.537 INFO             PET1 !!!!!!!!!!!!!!!!!!!!!!!!!!!!!!!!!!!!!!!!!!!!!!!!!!!!!!
20210313 025938.537 INFO             PET1 Running with ESMF Version   : ESMF_8_1_0_beta_snapshot_47-35-g10f0a3f
20210313 025938.537 INFO             PET1 ESMF library build date/time: "Mar 13 2021" "02:31:22"
20210313 025938.537 INFO             PET1 ESMF library build location : /work/noaa/da/mpotts/sandbox/intel_2020_intelmpi_O
20210313 025938.537 INFO             PET1 ESMF_COMM                   : intelmpi
20210313 025938.538 INFO             PET1 ESMF_MOAB                   : enabled
20210313 025938.538 INFO             PET1 ESMF_LAPACK                 : enabled
20210313 025938.538 INFO             PET1 ESMF_NETCDF                 : enabled
20210313 025938.538 INFO             PET1 ESMF_PNETCDF                : disabled
20210313 025938.538 INFO             PET1 ESMF_PIO                    : enabled
20210313 025938.538 INFO             PET1 ESMF_YAMLCPP                : enabled
20210313 025938.538 INFO             PET1  NUMBER_OF_PROCESSORS           4
20210313 025938.538 INFO             PET1  PASS  Example ESMF_VMUserMpiCommMultiEx, ESMF_VMUserMpiCommMultiEx.F90, line 126
20210313 025938.538 INFO             PET1 Finalizing ESMF
20210313 025938.521 INFO             PET1 !!!!!!!!!!!!!!!!!!!!!!!!!!!!!!!!!!!!!!!!!!!!!!!!!!!!!!
20210313 025938.521 INFO             PET1 !!! THE ESMF_LOG IS SET TO OUTPUT ALL LOG MESSAGES !!!
20210313 025938.521 INFO             PET1 !!!     THIS MAY CAUSE SLOWDOWN IN PERFORMANCE     !!!
20210313 025938.521 INFO             PET1 !!! FOR PRODUCTION RUNS, USE:                      !!!
20210313 025938.521 INFO             PET1 !!!                   ESMF_LOGKIND_Multi_On_Error  !!!
20210313 025938.521 INFO             PET1 !!!!!!!!!!!!!!!!!!!!!!!!!!!!!!!!!!!!!!!!!!!!!!!!!!!!!!
20210313 025938.521 INFO             PET1 Running with ESMF Version   : ESMF_8_1_0_beta_snapshot_47-35-g10f0a3f
20210313 025938.521 INFO             PET1 ESMF library build date/time: "Mar 13 2021" "02:31:22"
20210313 025938.521 INFO             PET1 ESMF library build location : /work/noaa/da/mpotts/sandbox/intel_2020_intelmpi_O
20210313 025938.521 INFO             PET1 ESMF_COMM                   : intelmpi
20210313 025938.522 INFO             PET1 ESMF_MOAB                   : enabled
20210313 025938.522 INFO             PET1 ESMF_LAPACK                 : enabled
20210313 025938.522 INFO             PET1 ESMF_NETCDF                 : enabled
20210313 025938.522 INFO             PET1 ESMF_PNETCDF                : disabled
20210313 025938.522 INFO             PET1 ESMF_PIO                    : enabled
20210313 025938.522 INFO             PET1 ESMF_YAMLCPP                : enabled
20210313 025938.523 INFO             PET1  NUMBER_OF_PROCESSORS           4
20210313 025938.523 INFO             PET1  PASS  Example ESMF_VMUserMpiCommMultiEx, ESMF_VMUserMpiCommMultiEx.F90, line 154
20210313 025938.523 INFO             PET1 Finalizing ESMF
