--- ESMCI::ArrayBundle::print start ---
ArrayBundle: MyArrayBundle
arrayCount = 3
Container::print() multipmap:item=0 key=AonFly value=0x7fdfc9013400
Container::print() multipmap:item=1 key=Array002 value=0x7fdfc9001c00
Container::print() multipmap:item=2 key=Array003 value=--- ESMCI::ArrayBundle::print start ---
ArrayBundle: MyArrayBundle
arrayCount = 3
Container::print() multipmap:item=0 key=AonFly value=0x7f847380b000
Container::print() multipmap:item=1 key=Array002 value=0x7f8473800000
Container::print() multipmap:item=2 key=Array003 value=0x7f8473809e00
--- ESMCI::ArrayBundle::print start ---
ArrayBundle: MyArrayBundle
arrayCount = 3
Container::print() multipmap:item=0 key=AonFly value=0x7fd6f3845800
Container::print() multipmap:item=1 key=Array002 value=0x7fd6f3844000
Container::print() multipmap:item=2 key=Array003 value=0x7fd6f3844600
Container::print()      list:item=0 key=Array002 value=0x7fd6f3844000
Container::print()      list:item=1 key=Array003 value=0x7fd6f3844600
Container::print()      list:item=2 key=AonFly value=0x7fd6f3845800
--- ESMCI::ArrayBundle::print end ---
--- ESMCI::ArrayBundle::print start ---
ArrayBundle: MyArrayBundle
arrayCount = 3
Container::print() multipmap:item=0 key=AonFly value=0x7fe5e9008600
Container::print() multipmap:item=1 key=Array002 value=0x7fe5e9006e00
Container::print() multipmap:item=2 key=Array003 value=0x7fe5e9007400
Container::print()      list:item=0 key=Array002 value=0x7fe5e9006e00
Container::print()      list:item=1 key=Array003 value=0x7fe5e9007400
Container::print()      list:item=2 key=AonFly value=0x7fe5e9008600
--- ESMCI::ArrayBundle::print end ---
0x7fdfc900a400
Container::print()      list:item=0 key=Array002 value=0x7fdfc9001c00
Container::print()      list:item=1 key=Array003 value=0x7fdfc900a400
Container::print()      list:item=2 key=AonFly value=0x7fdfc9013400
--- ESMCI::ArrayBundle::print end ---
--- ESMCI::Array::print start ---
 Base name    = Container::print()      list:item=0 key=Array002 value=0x7f8473800000
Container::print()      list:item=1 key=Array003 value=--- ESMCI::Array::print start ---
 Base name    = AonFly
 Status: Base = Ready,  object = Ready
 Proxy        = --- ESMCI::Array::print start ---
 Base name    = AonFly
 Status: Base = Ready, AonFly
0x7f8473809e00
Container::print()      list:item=2 key=AonFly value=0x7f847380b000
--- ESMCI::ArrayBundle::print end ---
no
 Root Info (Attributes):
 object = Ready
 Proxy        = no
 Root Info (Attributes):
 Status: Base = Ready,  object = Ready
 Proxy        = no
 Root Info (Attributes):
--- ESMCI::Array::print start ---
 Base name    = AonFly
 Status: Base = Ready,  object = Ready
 Proxy        = {}Array typekind/rank: Real*4 / 2 
~ lower class' values ~
DistGrid dimCount = 2
deCount = 6
localDeCount = 1
~ local data in LocalArray for DE 2 ~
LocalArrayPrint: Array at address 0x7fd6f4038650:
            rank = 2, typekind = 5, no
 Root Info (Attributes):
base_addr = 0x7fd6f4037fe0
            dim[0] = 3  dim[1] = 2  
  Real, *4, Dim 2, Data values:
( 1, 1) =  0
( 2, 1) =  2
( 3, 1) =  0
( 1, 2) =  2
( 2, 2) =  -4.15156e+31
( 3, 2) =  4.58589e-41
dim 1: [0]: [1 [1 [1, 3] 3] 3]
dim 2: [1]: [1 [1 [1, 2] 2] 2]
--- ESMCI::Array::print end ---
{}Array typekind/rank: Real*4 / 2 
~ lower class' values ~
DistGrid dimCount = 2
deCount = 6
localDeCount = 1
~ local data in LocalArray for DE 3 ~
LocalArrayPrint: Array at address 0x7fe5e85060a0:
            rank = 2, typekind = 5, base_addr = 0x7fe5e8505a40
{}Array typekind/rank: Real*4 / 2 
~ lower class' values ~
DistGrid dimCount = 2
deCount = 6
localDeCount = 2
~ local data in LocalArray for DE 0 ~
LocalArrayPrint: Array at address 0x7fdfbff088e0:
            rank = 2, typekind = 5, {}Array typekind/rank: Real*4 / 2 
~ lower class' values ~
DistGrid dimCount = 2
deCount = 6
localDeCount = 2
~ local data in LocalArray for DE 1 ~
LocalArrayPrint: Array at address 0x7f84722035d0:
            rank = 2, typekind = 5, base_addr = 0x7f84722035c0
            dim[0] = 2  dim[1] = 2  
  Real, *4, Dim 2, Data values:
( 1, 1) =  0
--- ESMCI::Array::print start ---
 Base name    = Array002
 Status: Base = Ready,  object = Ready
 Proxy        = no
 Root Info (Attributes):
{}Array typekind/rank: Real*8 / 2 
~ lower class' values ~
DistGrid dimCount = 2
deCount = 6
localDeCount = 1
~ local data in LocalArray for DE 2 ~
LocalArrayPrint: Array at address 0x7fd6f4036b10:
            rank = 2, typekind = 6, base_addr = 0x7fd6f4036820
            dim[0] = 3  dim[1] = 2  
  Real, *8, Dim 2, Data values:
( 1, 1) =  2
( 2, 1) =  2
( 3, 1) =  2.122e-314
            dim[0] = 2  dim[1] = 2  
  Real, *4, Dim 2, Data values:
( 1, 1) =  0
( 2, 1) =  4.65661e-10
( 1, 2) =  0
( 2, 2) =  4.65661e-10
dim 1: [0]: [1 [1 [1, 2] 2] 2]
dim 2: [1]: [1 [1 [1, 2] 2] 2]
--- ESMCI::Array::print end ---
--- ESMCI::Array::print start ---
 Base name    = Array002
 Status: Base = Ready,  object = Readybase_addr = 0x7fdfbff07f10
            dim[0] = 3  dim[1] = 2  
  Real, *4, Dim 2, Data values:
( 1, 1) =  0
( 2, 1) =  2.52435e-29
( 3, 1) =  0
( 1, 2) =  2.52435e-29
( 2, 2) =  -1.875
( 3, 2) =  4.58715e-41
dim 1: [0]: [1 [1 [1, 3] 3] 3]
dim 2: [1]: [1 [1 [1, 2] 2] 2]
~ local data in LocalArray for DE 4 ~
LocalArrayPrint: Array at address 0x7fdfbff08c10:
            rank = 2, typekind = 5, base_addr = 0x7fdfbff07f30
            dim[0] = 3  dim[1] = 1  ( 2, 1) =  -3.68935e+19
( 1, 2) =  0
( 2, 2) =  -3.68935e+19
dim 1: [0]: [1 [1 [1, 2] 2] 2]
dim 2: [1]: [1 [1 [1, 2] 2] 2]
~ local data in LocalArray for DE 5 ~
LocalArrayPrint: Array at address 0x7f8472203900:
            rank = 2, typekind = 5, base_addr = 0x7f8472202c10
            dim[0] = 2  dim[1] = 1  
  Real, *4, Dim 2, Data values:
( 1, 1) =  0
( 2, 1) =  -3.68935e+19
dim 1: [0]: [1 [1 [1, 2] 2] 2]
dim 2: [1]: [1 [1 [1, 1] 1] 1]
--- ESMCI::Array::print end ---
--- ESMCI::Array::print start ---
 Base name    = Array002
 Status: Base = Ready,  object = Ready
 Proxy        = no
 Root Info (Attributes):
( 1, 2) =  4.17203e-309
( 2, 2) =  6.94465e-310
( 3, 2) =  6.94465e-310
dim 1: [0]: [1 [1 [1, 3] 3] 3]
dim 2: [1]: [1 [1 [1, 2] 2] 2]
--- ESMCI::Array::print end ---
--- ESMCI::Array::print start ---
 Base name    = Array003
 Status: Base = Ready,  object = Ready
 Proxy        = no
 Root Info (Attributes):
{}Array typekind/rank: Real*8 / 2 
~ lower class' values ~
DistGrid dimCount = 2

 Proxy        = no
 Root Info (Attributes):
{}Array typekind/rank: Real*8 / 2 
~ lower class' values ~
DistGrid dimCount = 2
deCount = 6
localDeCount = 1
~ local data in LocalArray for DE 3 ~
LocalArrayPrint: Array at address 0x7fe5e85045a0:
            rank = 2, typekind = 6, base_addr = 0x7fe5e85042b0
            dim[0] = 2  dim[1] = 2  

  Real, *4, Dim 2, Data values:
( 1, 1) =  0
( 2, 1) =  2.52435e-29
( 3, 1) =  0
dim 1: [0]: [1 [1 [1, 3] 3] 3]
dim 2: [1]: [1 [1 [1, 1] 1] 1]
--- ESMCI::Array::print end ---
--- ESMCI::Array::print start ---{}Array typekind/rank: Real*8 / 2 
~ lower class' values ~
DistGrid dimCount = 2
deCount = 6
localDeCount = 2
~ local data in LocalArray for DE 1 ~
LocalArrayPrint: Array at address 0x7f8472200d80:
            rank = 2, typekind = 6, base_addr = 0x7f8472200a30
            dim[0] = 2  dim[1] = 2  
  Real, *8, Dim 2, Data values:
( 1, 1) =  -2.68156e+154
( 2, 1) =  -2.68156e+154
( 1, 2) =  2.122e-314
( 2, 2) =  4.17203e-309
dim 1: [0]: [1 [1 [1, 2] 2] 2]
dim 2: [1]: [1 [1 [1, 2] 2] 2]
~ local data in LocalArray for DE 5 ~
deCount = 6
localDeCount = 1
~ local data in LocalArray for DE 2 ~
LocalArrayPrint: Array at address 0x7fd6f4036ff0:
            rank = 2, typekind = 6, base_addr = 0x7fd6f4036fb0
            dim[0] = 3  dim[1] = 2  
  Real, *8, Dim 2, Data values:
( 1, 1) =  2
( 2, 1) =  2
( 3, 1) =  1.97626e-323
( 1, 2) =  0
( 2, 2) =  2
( 3, 2) =  4.17201e-309
dim 1: [0]: [1 [1 [1, 3] 3] 3]
dim 2: [1]: [1 [1 [1, 2] 2] 2]
--- ESMCI::Array::print end ---
  Real, *8, Dim 2, Data values:
( 1, 1) =  1.72723e-77
( 2, 1) =  1.72723e-77
( 1, 2) =  2.122e-314
( 2, 2) =  4.17203e-309
dim 1: [0]: [1 [1 [1, 2] 2] 2]
dim 2: [1]: [1 [1 [1, 2] 2] 2]
--- ESMCI::Array::print end ---
--- ESMCI::Array::print start ---
 Base name    = Array003
 Status: Base = Ready,  object = Ready

 Base name    = Array002
 Status: Base = Ready,  object = Ready
 Proxy        = no
 Root Info (Attributes):
{}LocalArrayPrint: Array at address 0x7f84722010b0:
            rank = 2, typekind = 6, base_addr = 0x7f8472200a50
            dim[0] = 2  dim[1] = 1  
  Real, *8, Dim 2, Data values:
( 1, 1) =  -2.68156e+154
( 2, 1) =  -2.68156e+154
 Proxy        = no
 Root Info (Attributes):
{}Array typekind/rank: Real*8 / 2 
~ lower class' values ~
DistGrid dimCount = 2
deCount = 6
Array typekind/rank: Real*8 / 2 
~ lower class' values ~
DistGrid dimCount = 2
deCount = 6
localDeCount = 2
~ local data in LocalArray for DE 0 ~
LocalArrayPrint: Array at address 0x7fdfbff06020:
            rank = 2, typekind = 6, base_addr = 0x7fdfbff05cd0
            dim[0] = 3  dim[1] = 2  
  Real, *8, Dim 2, Data values:
( 1, 1) =  1.28823e-231
( 2, 1) =  1.28823e-231
( 3, 1) =  2.122e-314
( 1, 2) =  4.17203e-309
( 2, 2) =  6.94651e-310
( 3, 2) =  6.94651e-310
dim 1: [0]: [1 [1 [1, 3] 3] 3]
dim 1: [0]: [1 [1 [1, 2] 2] 2]
dim 2: [1]: [1 [1 [1, 1] 1] 1]
--- ESMCI::Array::print end ---
--- ESMCI::Array::print start ---
 Base name    = Array003
 Status: Base = Ready,  object = Ready
 Proxy        = no
 Root Info (Attributes):  PASS  Example ESMF_ArrayBundleEx, ESMF_ArrayBundleEx.F90, line 267
localDeCount = 1
~ local data in LocalArray for DE 3 ~
LocalArrayPrint: Array at address 0x7fe5e8504a70:
            rank = 2, typekind = 6, base_addr = 0x7fe5e8504230
            dim[0] = 2  dim[1] = 2  
  Real, *8, Dim 2, Data values:
( 1, 1) =  1.72723e-77
( 2, 1) =  1.72723e-77
( 1, 2) =  1.72723e-77
( 2, 2) =  1.72723e-77
dim 1: [0]: [1 [1 [1, 2] 2] 2]
dim 2: [1]: [1 [1 [1, 2] 2] 2]
--- ESMCI::Array::print end ---
dim 2: [1]: [1 [1 [1, 2] 2] 2]
~ local data in LocalArray for DE 4 ~
LocalArrayPrint: Array at address 0x7fdfbff06350:
            rank = 2, typekind = 6, base_addr = 0x7fdfbff05d00
            dim[0] = 3  dim[1] = 1  
  Real, *8, Dim 2, Data values:
( 1, 1) =  1.28823e-231
( 2, 1) =  1.28823e-231
( 3, 1) =  1.28823e-231
dim 1: [0]: [1 [1 [1, 3] 3] 3]
dim 2: [1]: [1 [1 [1, 1] 1] 1]
--- ESMCI::Array::print end ---
--- ESMCI::Array::print start ---
{}Array typekind/rank: Real*8 / 2 
~ lower class' values ~
DistGrid dimCount = 2
deCount = 6
localDeCount = 2
~ local data in LocalArray for DE 1 ~
LocalArrayPrint: Array at address 0x7f8472201580:
            rank = 2, typekind = 6, base_addr = 0x7f84722009b0
            dim[0] = 2  dim[1] = 2  
  Real, *8, Dim 2, Data values:
( 1, 1) =  -2.68156e+154

 Base name    = Array003
 Status: Base = Ready,  object = Ready
 Proxy        = no
 Root Info (Attributes):
( 2, 1) =  -2.68156e+154
( 1, 2) =  -2.68156e+154
( 2, 2) =  -2.68156e+154
dim 1: [0]: [1 [1 [1, 2] 2] 2]
dim 2: [1]: [1 [1 [1, 2] 2] 2]
~ local data in LocalArray for DE 5 ~
LocalArrayPrint: Array at address 0x7f84722018b0:
            rank = 2, typekind = 6, base_addr = 0x7f84722009d0
            dim[0] = 2  dim[1] = 1  
  Real, *8, Dim 2, Data values:
( 1, 1) =  -2.68156e+154
( 2, 1) =  -2.68156e+154
{}Array typekind/rank: Real*8 / 2 
~ lower class' values ~
DistGrid dimCount = 2
deCount = 6
localDeCount = 2
~ local data in LocalArray for DE 0 ~
LocalArrayPrint: Array at address 0x7fdfbff06840:
            rank = 2, typekind = 6, base_addr = 0x7fdfbff05c50
            dim[0] = 3  dim 1: [0]: [1 [1 [1, 2] 2] 2]
dim 2: [1]: [1 [1 [1, 1] 1] 1]
--- ESMCI::Array::print end ---
dim[1] = 2  
  Real, *8, Dim 2, Data values:
( 1, 1) =  1.28823e-231
( 2, 1) =  1.28823e-231
( 3, 1) =  1.28823e-231
( 1, 2) =  1.28823e-231
( 2, 2) =  1.28823e-231
( 3, 2) =  1.28823e-231
  PASS  Example ESMF_ArrayBundleEx, ESMF_ArrayBundleEx.F90, line 267
dim 1: [0]: [1 [1 [1, 3] 3] 3]
dim 2: [1]: [1 [1 [1, 2] 2] 2]
~ local data in LocalArray for DE 4 ~
LocalArrayPrint: Array at address 0x7fdfbff06b70:
            rank = 2, typekind = 6, base_addr = 0x7fdfbff06ea0
            dim[0] = 3  dim[1] = 1  
  Real, *8, Dim 2, Data values:
( 1, 1) =  0
( 2, 1) =  0
( 3, 1) =  0
dim 1: [0]: [1 [1 [1, 3] 3] 3]
dim 2: [1]: [1 [1 [1, 1] 1] 1]
--- ESMCI::Array::print end ---
  PASS  Example ESMF_ArrayBundleEx, ESMF_ArrayBundleEx.F90, line 267
  PASS  Example ESMF_ArrayBundleEx, ESMF_ArrayBundleEx.F90, line 267
 PASS: ESMF_ArrayBundleEx.F90
 PASS: ESMF_ArrayBundleEx.F90
 PASS: ESMF_ArrayBundleEx.F90
 PASS: ESMF_ArrayBundleEx.F90
