20210307 092848.675 INFO             PET0 !!!!!!!!!!!!!!!!!!!!!!!!!!!!!!!!!!!!!!!!!!!!!!!!!!!!!!
20210307 092848.675 INFO             PET0 !!! THE ESMF_LOG IS SET TO OUTPUT ALL LOG MESSAGES !!!
20210307 092848.675 INFO             PET0 !!!     THIS MAY CAUSE SLOWDOWN IN PERFORMANCE     !!!
20210307 092848.675 INFO             PET0 !!! FOR PRODUCTION RUNS, USE:                      !!!
20210307 092848.675 INFO             PET0 !!!                   ESMF_LOGKIND_Multi_On_Error  !!!
20210307 092848.675 INFO             PET0 !!!!!!!!!!!!!!!!!!!!!!!!!!!!!!!!!!!!!!!!!!!!!!!!!!!!!!
20210307 092848.675 INFO             PET0 Running with ESMF Version   : ESMF_8_1_0_beta_snapshot_47-22-gffbbe5951e
20210307 092848.675 INFO             PET0 ESMF library build date/time: "Mar  7 2021" "09:05:33"
20210307 092848.675 INFO             PET0 ESMF library build location : /gpfsm/dnb04/projects/p98/mpotts/esmf/gfortran_8.3.0_mpt_g
20210307 092848.675 INFO             PET0 ESMF_COMM                   : mpt
20210307 092848.675 INFO             PET0 ESMF_MOAB                   : enabled
20210307 092848.675 INFO             PET0 ESMF_LAPACK                 : enabled
20210307 092848.675 INFO             PET0 ESMF_NETCDF                 : disabled
20210307 092848.675 INFO             PET0 ESMF_PNETCDF                : disabled
20210307 092848.675 INFO             PET0 ESMF_PIO                    : enabled
20210307 092848.675 INFO             PET0 ESMF_YAMLCPP                : enabled
20210307 092848.677 INFO             PET0 ESMF_FieldRedistStoreNF(): Just entered routine.
20210307 092848.679 INFO             PET0 ESMF_FieldRedistStoreNF(): Leaving routine.
20210307 092848.682 INFO             PET0 ESMF_FieldRedistStoreNF(): Just entered routine.
20210307 092848.683 INFO             PET0 ESMF_FieldRedistStoreNF(): Leaving routine.
20210307 092848.683 INFO             PET0 ESMF_FieldRedistStoreNF(): Just entered routine.
20210307 092848.684 INFO             PET0 ESMF_FieldRedistStoreNF(): Leaving routine.
20210307 092848.685 INFO             PET0  NUMBER_OF_PROCESSORS           4
20210307 092848.685 INFO             PET0  PASS  Example ESMF_FieldRedistEx, ESMF_FieldRedistEx.F90, line 521
20210307 092848.685 INFO             PET0 Finalizing ESMF
20210307 092848.675 INFO             PET1 !!!!!!!!!!!!!!!!!!!!!!!!!!!!!!!!!!!!!!!!!!!!!!!!!!!!!!
20210307 092848.675 INFO             PET1 !!! THE ESMF_LOG IS SET TO OUTPUT ALL LOG MESSAGES !!!
20210307 092848.675 INFO             PET1 !!!     THIS MAY CAUSE SLOWDOWN IN PERFORMANCE     !!!
20210307 092848.675 INFO             PET1 !!! FOR PRODUCTION RUNS, USE:                      !!!
20210307 092848.675 INFO             PET1 !!!                   ESMF_LOGKIND_Multi_On_Error  !!!
20210307 092848.675 INFO             PET1 !!!!!!!!!!!!!!!!!!!!!!!!!!!!!!!!!!!!!!!!!!!!!!!!!!!!!!
20210307 092848.675 INFO             PET1 Running with ESMF Version   : ESMF_8_1_0_beta_snapshot_47-22-gffbbe5951e
20210307 092848.675 INFO             PET1 ESMF library build date/time: "Mar  7 2021" "09:05:33"
20210307 092848.675 INFO             PET1 ESMF library build location : /gpfsm/dnb04/projects/p98/mpotts/esmf/gfortran_8.3.0_mpt_g
20210307 092848.675 INFO             PET1 ESMF_COMM                   : mpt
20210307 092848.675 INFO             PET1 ESMF_MOAB                   : enabled
20210307 092848.675 INFO             PET1 ESMF_LAPACK                 : enabled
20210307 092848.675 INFO             PET1 ESMF_NETCDF                 : disabled
20210307 092848.675 INFO             PET1 ESMF_PNETCDF                : disabled
20210307 092848.675 INFO             PET1 ESMF_PIO                    : enabled
20210307 092848.675 INFO             PET1 ESMF_YAMLCPP                : enabled
20210307 092848.677 INFO             PET1 ESMF_FieldRedistStoreNF(): Just entered routine.
20210307 092848.679 INFO             PET1 ESMF_FieldRedistStoreNF(): Leaving routine.
20210307 092848.682 INFO             PET1 ESMF_FieldRedistStoreNF(): Just entered routine.
20210307 092848.683 INFO             PET1 ESMF_FieldRedistStoreNF(): Leaving routine.
20210307 092848.683 INFO             PET1 ESMF_FieldRedistStoreNF(): Just entered routine.
20210307 092848.684 INFO             PET1 ESMF_FieldRedistStoreNF(): Leaving routine.
20210307 092848.685 INFO             PET1  NUMBER_OF_PROCESSORS           4
20210307 092848.685 INFO             PET1  PASS  Example ESMF_FieldRedistEx, ESMF_FieldRedistEx.F90, line 521
20210307 092848.685 INFO             PET1 Finalizing ESMF
20210307 092848.675 INFO             PET2 !!!!!!!!!!!!!!!!!!!!!!!!!!!!!!!!!!!!!!!!!!!!!!!!!!!!!!
20210307 092848.675 INFO             PET2 !!! THE ESMF_LOG IS SET TO OUTPUT ALL LOG MESSAGES !!!
20210307 092848.675 INFO             PET2 !!!     THIS MAY CAUSE SLOWDOWN IN PERFORMANCE     !!!
20210307 092848.675 INFO             PET2 !!! FOR PRODUCTION RUNS, USE:                      !!!
20210307 092848.675 INFO             PET2 !!!                   ESMF_LOGKIND_Multi_On_Error  !!!
20210307 092848.675 INFO             PET2 !!!!!!!!!!!!!!!!!!!!!!!!!!!!!!!!!!!!!!!!!!!!!!!!!!!!!!
20210307 092848.675 INFO             PET2 Running with ESMF Version   : ESMF_8_1_0_beta_snapshot_47-22-gffbbe5951e
20210307 092848.675 INFO             PET2 ESMF library build date/time: "Mar  7 2021" "09:05:33"
20210307 092848.675 INFO             PET2 ESMF library build location : /gpfsm/dnb04/projects/p98/mpotts/esmf/gfortran_8.3.0_mpt_g
20210307 092848.675 INFO             PET2 ESMF_COMM                   : mpt
20210307 092848.676 INFO             PET2 ESMF_MOAB                   : enabled
20210307 092848.676 INFO             PET2 ESMF_LAPACK                 : enabled
20210307 092848.676 INFO             PET2 ESMF_NETCDF                 : disabled
20210307 092848.676 INFO             PET2 ESMF_PNETCDF                : disabled
20210307 092848.676 INFO             PET2 ESMF_PIO                    : enabled
20210307 092848.676 INFO             PET2 ESMF_YAMLCPP                : enabled
20210307 092848.677 INFO             PET2 ESMF_FieldRedistStoreNF(): Just entered routine.
20210307 092848.679 INFO             PET2 ESMF_FieldRedistStoreNF(): Leaving routine.
20210307 092848.682 INFO             PET2 ESMF_FieldRedistStoreNF(): Just entered routine.
20210307 092848.683 INFO             PET2 ESMF_FieldRedistStoreNF(): Leaving routine.
20210307 092848.683 INFO             PET2 ESMF_FieldRedistStoreNF(): Just entered routine.
20210307 092848.684 INFO             PET2 ESMF_FieldRedistStoreNF(): Leaving routine.
20210307 092848.685 INFO             PET2  NUMBER_OF_PROCESSORS           4
20210307 092848.685 INFO             PET2  PASS  Example ESMF_FieldRedistEx, ESMF_FieldRedistEx.F90, line 521
20210307 092848.685 INFO             PET2 Finalizing ESMF
20210307 092848.675 INFO             PET3 !!!!!!!!!!!!!!!!!!!!!!!!!!!!!!!!!!!!!!!!!!!!!!!!!!!!!!
20210307 092848.675 INFO             PET3 !!! THE ESMF_LOG IS SET TO OUTPUT ALL LOG MESSAGES !!!
20210307 092848.675 INFO             PET3 !!!     THIS MAY CAUSE SLOWDOWN IN PERFORMANCE     !!!
20210307 092848.675 INFO             PET3 !!! FOR PRODUCTION RUNS, USE:                      !!!
20210307 092848.675 INFO             PET3 !!!                   ESMF_LOGKIND_Multi_On_Error  !!!
20210307 092848.675 INFO             PET3 !!!!!!!!!!!!!!!!!!!!!!!!!!!!!!!!!!!!!!!!!!!!!!!!!!!!!!
20210307 092848.675 INFO             PET3 Running with ESMF Version   : ESMF_8_1_0_beta_snapshot_47-22-gffbbe5951e
20210307 092848.675 INFO             PET3 ESMF library build date/time: "Mar  7 2021" "09:05:33"
20210307 092848.675 INFO             PET3 ESMF library build location : /gpfsm/dnb04/projects/p98/mpotts/esmf/gfortran_8.3.0_mpt_g
20210307 092848.675 INFO             PET3 ESMF_COMM                   : mpt
20210307 092848.675 INFO             PET3 ESMF_MOAB                   : enabled
20210307 092848.675 INFO             PET3 ESMF_LAPACK                 : enabled
20210307 092848.675 INFO             PET3 ESMF_NETCDF                 : disabled
20210307 092848.675 INFO             PET3 ESMF_PNETCDF                : disabled
20210307 092848.675 INFO             PET3 ESMF_PIO                    : enabled
20210307 092848.675 INFO             PET3 ESMF_YAMLCPP                : enabled
20210307 092848.677 INFO             PET3 ESMF_FieldRedistStoreNF(): Just entered routine.
20210307 092848.679 INFO             PET3 ESMF_FieldRedistStoreNF(): Leaving routine.
20210307 092848.682 INFO             PET3 ESMF_FieldRedistStoreNF(): Just entered routine.
20210307 092848.683 INFO             PET3 ESMF_FieldRedistStoreNF(): Leaving routine.
20210307 092848.683 INFO             PET3 ESMF_FieldRedistStoreNF(): Just entered routine.
20210307 092848.684 INFO             PET3 ESMF_FieldRedistStoreNF(): Leaving routine.
20210307 092848.685 INFO             PET3  NUMBER_OF_PROCESSORS           4
20210307 092848.685 INFO             PET3  PASS  Example ESMF_FieldRedistEx, ESMF_FieldRedistEx.F90, line 521
20210307 092848.685 INFO             PET3 Finalizing ESMF
