20210412 015457.423 INFO             PET0 !!!!!!!!!!!!!!!!!!!!!!!!!!!!!!!!!!!!!!!!!!!!!!!!!!!!!!
20210412 015457.423 INFO             PET0 !!! THE ESMF_LOG IS SET TO OUTPUT ALL LOG MESSAGES !!!
20210412 015457.423 INFO             PET0 !!!     THIS MAY CAUSE SLOWDOWN IN PERFORMANCE     !!!
20210412 015457.423 INFO             PET0 !!! FOR PRODUCTION RUNS, USE:                      !!!
20210412 015457.423 INFO             PET0 !!!                   ESMF_LOGKIND_Multi_On_Error  !!!
20210412 015457.423 INFO             PET0 !!!!!!!!!!!!!!!!!!!!!!!!!!!!!!!!!!!!!!!!!!!!!!!!!!!!!!
20210412 015457.423 INFO             PET0 Running with ESMF Version   : ESMF_8_2_0_beta_snapshot_04-7-g3098c96bb1
20210412 015457.423 INFO             PET0 ESMF library build date/time: "Apr 12 2021" "01:29:32"
20210412 015457.423 INFO             PET0 ESMF library build location : /gpfsm/dnb04/projects/p98/mpotts/esmf/gfortran_8.3.0_mpt_g
20210412 015457.423 INFO             PET0 ESMF_COMM                   : mpt
20210412 015457.423 INFO             PET0 ESMF_MOAB                   : enabled
20210412 015457.423 INFO             PET0 ESMF_LAPACK                 : enabled
20210412 015457.423 INFO             PET0 ESMF_NETCDF                 : disabled
20210412 015457.423 INFO             PET0 ESMF_PNETCDF                : disabled
20210412 015457.423 INFO             PET0 ESMF_PIO                    : enabled
20210412 015457.423 INFO             PET0 ESMF_YAMLCPP                : enabled
20210412 015457.424 ERROR            PET0 ESMCI_State.C:982 ESMCI::State::read() Library needed by ESMF not present  - Internal subroutine call returned Error
20210412 015457.424 ERROR            PET0 ESMF_StateAPI.cppF90:3191 ESMF_StateRead Library needed by ESMF not present  - Internal subroutine call returned Error
20210412 015457.424 INFO             PET0  NUMBER_OF_PROCESSORS           4
20210412 015457.424 INFO             PET0  PASS  Example ESMF_StateReadWriteEx, ESMF_StateReadWriteEx.F90, line 185
20210412 015457.424 INFO             PET0 Finalizing ESMF
20210412 015457.422 INFO             PET1 !!!!!!!!!!!!!!!!!!!!!!!!!!!!!!!!!!!!!!!!!!!!!!!!!!!!!!
20210412 015457.422 INFO             PET1 !!! THE ESMF_LOG IS SET TO OUTPUT ALL LOG MESSAGES !!!
20210412 015457.422 INFO             PET1 !!!     THIS MAY CAUSE SLOWDOWN IN PERFORMANCE     !!!
20210412 015457.422 INFO             PET1 !!! FOR PRODUCTION RUNS, USE:                      !!!
20210412 015457.422 INFO             PET1 !!!                   ESMF_LOGKIND_Multi_On_Error  !!!
20210412 015457.422 INFO             PET1 !!!!!!!!!!!!!!!!!!!!!!!!!!!!!!!!!!!!!!!!!!!!!!!!!!!!!!
20210412 015457.422 INFO             PET1 Running with ESMF Version   : ESMF_8_2_0_beta_snapshot_04-7-g3098c96bb1
20210412 015457.422 INFO             PET1 ESMF library build date/time: "Apr 12 2021" "01:29:32"
20210412 015457.422 INFO             PET1 ESMF library build location : /gpfsm/dnb04/projects/p98/mpotts/esmf/gfortran_8.3.0_mpt_g
20210412 015457.422 INFO             PET1 ESMF_COMM                   : mpt
20210412 015457.422 INFO             PET1 ESMF_MOAB                   : enabled
20210412 015457.422 INFO             PET1 ESMF_LAPACK                 : enabled
20210412 015457.422 INFO             PET1 ESMF_NETCDF                 : disabled
20210412 015457.422 INFO             PET1 ESMF_PNETCDF                : disabled
20210412 015457.422 INFO             PET1 ESMF_PIO                    : enabled
20210412 015457.422 INFO             PET1 ESMF_YAMLCPP                : enabled
20210412 015457.424 ERROR            PET1 ESMCI_State.C:982 ESMCI::State::read() Library needed by ESMF not present  - Internal subroutine call returned Error
20210412 015457.424 ERROR            PET1 ESMF_StateAPI.cppF90:3191 ESMF_StateRead Library needed by ESMF not present  - Internal subroutine call returned Error
20210412 015457.424 INFO             PET1  NUMBER_OF_PROCESSORS           4
20210412 015457.424 INFO             PET1  PASS  Example ESMF_StateReadWriteEx, ESMF_StateReadWriteEx.F90, line 185
20210412 015457.424 INFO             PET1 Finalizing ESMF
20210412 015457.422 INFO             PET2 !!!!!!!!!!!!!!!!!!!!!!!!!!!!!!!!!!!!!!!!!!!!!!!!!!!!!!
20210412 015457.422 INFO             PET2 !!! THE ESMF_LOG IS SET TO OUTPUT ALL LOG MESSAGES !!!
20210412 015457.422 INFO             PET2 !!!     THIS MAY CAUSE SLOWDOWN IN PERFORMANCE     !!!
20210412 015457.422 INFO             PET2 !!! FOR PRODUCTION RUNS, USE:                      !!!
20210412 015457.422 INFO             PET2 !!!                   ESMF_LOGKIND_Multi_On_Error  !!!
20210412 015457.422 INFO             PET2 !!!!!!!!!!!!!!!!!!!!!!!!!!!!!!!!!!!!!!!!!!!!!!!!!!!!!!
20210412 015457.422 INFO             PET2 Running with ESMF Version   : ESMF_8_2_0_beta_snapshot_04-7-g3098c96bb1
20210412 015457.422 INFO             PET2 ESMF library build date/time: "Apr 12 2021" "01:29:32"
20210412 015457.422 INFO             PET2 ESMF library build location : /gpfsm/dnb04/projects/p98/mpotts/esmf/gfortran_8.3.0_mpt_g
20210412 015457.422 INFO             PET2 ESMF_COMM                   : mpt
20210412 015457.422 INFO             PET2 ESMF_MOAB                   : enabled
20210412 015457.422 INFO             PET2 ESMF_LAPACK                 : enabled
20210412 015457.422 INFO             PET2 ESMF_NETCDF                 : disabled
20210412 015457.422 INFO             PET2 ESMF_PNETCDF                : disabled
20210412 015457.422 INFO             PET2 ESMF_PIO                    : enabled
20210412 015457.422 INFO             PET2 ESMF_YAMLCPP                : enabled
20210412 015457.424 ERROR            PET2 ESMCI_State.C:982 ESMCI::State::read() Library needed by ESMF not present  - Internal subroutine call returned Error
20210412 015457.424 ERROR            PET2 ESMF_StateAPI.cppF90:3191 ESMF_StateRead Library needed by ESMF not present  - Internal subroutine call returned Error
20210412 015457.424 INFO             PET2  NUMBER_OF_PROCESSORS           4
20210412 015457.424 INFO             PET2  PASS  Example ESMF_StateReadWriteEx, ESMF_StateReadWriteEx.F90, line 185
20210412 015457.424 INFO             PET2 Finalizing ESMF
20210412 015457.422 INFO             PET3 !!!!!!!!!!!!!!!!!!!!!!!!!!!!!!!!!!!!!!!!!!!!!!!!!!!!!!
20210412 015457.422 INFO             PET3 !!! THE ESMF_LOG IS SET TO OUTPUT ALL LOG MESSAGES !!!
20210412 015457.422 INFO             PET3 !!!     THIS MAY CAUSE SLOWDOWN IN PERFORMANCE     !!!
20210412 015457.422 INFO             PET3 !!! FOR PRODUCTION RUNS, USE:                      !!!
20210412 015457.422 INFO             PET3 !!!                   ESMF_LOGKIND_Multi_On_Error  !!!
20210412 015457.422 INFO             PET3 !!!!!!!!!!!!!!!!!!!!!!!!!!!!!!!!!!!!!!!!!!!!!!!!!!!!!!
20210412 015457.422 INFO             PET3 Running with ESMF Version   : ESMF_8_2_0_beta_snapshot_04-7-g3098c96bb1
20210412 015457.422 INFO             PET3 ESMF library build date/time: "Apr 12 2021" "01:29:32"
20210412 015457.422 INFO             PET3 ESMF library build location : /gpfsm/dnb04/projects/p98/mpotts/esmf/gfortran_8.3.0_mpt_g
20210412 015457.422 INFO             PET3 ESMF_COMM                   : mpt
20210412 015457.422 INFO             PET3 ESMF_MOAB                   : enabled
20210412 015457.422 INFO             PET3 ESMF_LAPACK                 : enabled
20210412 015457.422 INFO             PET3 ESMF_NETCDF                 : disabled
20210412 015457.422 INFO             PET3 ESMF_PNETCDF                : disabled
20210412 015457.422 INFO             PET3 ESMF_PIO                    : enabled
20210412 015457.422 INFO             PET3 ESMF_YAMLCPP                : enabled
20210412 015457.424 ERROR            PET3 ESMCI_State.C:982 ESMCI::State::read() Library needed by ESMF not present  - Internal subroutine call returned Error
20210412 015457.424 ERROR            PET3 ESMF_StateAPI.cppF90:3191 ESMF_StateRead Library needed by ESMF not present  - Internal subroutine call returned Error
20210412 015457.424 INFO             PET3  NUMBER_OF_PROCESSORS           4
20210412 015457.424 INFO             PET3  PASS  Example ESMF_StateReadWriteEx, ESMF_StateReadWriteEx.F90, line 185
20210412 015457.424 INFO             PET3 Finalizing ESMF
