 localPET=           0  localDE=           0 : array(           1 ,           1 
 )=   2.00000000000000     
 localPET=           0  localDE=           0 : array(           1 ,           2 
 )=   2.00000000000000     
 localPET=           0  localDE=           0 : array(           2 ,           1 
 )=   2.00000000000000     
 localPET=           0  localDE=           0 : array(           2 ,           2 
 )=   2.00000000000000     
 localPET=           3  localDE=           0 : array(           1 ,           1 
 )= -1.491668146240043E-154
 localPET=           3  localDE=           0 : array(           1 ,           2 
 )= -1.491668146240043E-154
 localPET=           3  localDE=           0 : array(           2 ,           1 
 )= -1.491668146240041E-154
 localPET=           3  localDE=           0 : array(           2 ,           2 
 )= -1.491668146240041E-154
 localPET=           0  localDE=           0 : array(           3 ,           1 
 )=   2.00000000000000     
 localPET=           0  localDE=           0 : array(           3 ,           2 
 )=   2.00000000000000     
 localPET=           0  localDE=           1 : array(           1 ,           1 
 localPET=           1  localDE=           0 : array(           1 ,           1 
 )=  1.288229753919429E-231
 localPET=           1  localDE=           0 : array(           1 ,           2 
 )=   2.00000000000000     
 localPET=           0  localDE=           1 : array(           2 ,           1 
 )=   2.00000000000000     
 localPET=           0  localDE=           1 : array(           3 ,           1 
 )=  2.121995800352520E-314
 )=  1.288229753919429E-231
 localPET=           1  localDE=           0 : array(           2 ,           1 
 )=  2.320363700776179E+077
 localPET=           2  localDE=           0 : array(           1 ,           1 
 localPET=           1  localDE=           0 : array(           2 ,           2 
 )=  1.288229753919427E-231
 localPET=           1  localDE=           1 : array(           1 ,           1 
 )=  1.288229753919427E-231
 localPET=           1  localDE=           1 : array(           2 ,           1 
 )=  1.116881611698863E-308
 )= -2.315841784746327E+077
 localPET=           2  localDE=           0 : array(           1 ,           2 
 )= -2.315841784746324E+077
 localPET=           2  localDE=           0 : array(           2 ,           1 
 )= -2.315841784746324E+077
 localPET=           2  localDE=           0 : array(           2 ,           2 
 )=  1.976262583364986E-323
 localPET=           2  localDE=           0 : array(           3 ,           1 
 )= -2.315841784746326E+077
 localPET=           2  localDE=           0 : array(           3 ,           2 
 )=  0.000000000000000E+000
 localPet:            1 DE            1  [           1           2 ]
 localPet:            1 DE            5  [           1           2 ]
 localPet:            0 DE            0  [           1           3 ]
 localPet:            0 DE            4  [           1           3 ]
 localPet:            2 DE            2  [           1           3 ]
 localPet:            3 DE            3  [           1           2 ]
  PASS  Example ESMF_ArrayEx, ESMF_ArrayEx.F90, line 1899
 PASS: ESMF_ArrayEx.F90
  PASS  Example ESMF_ArrayEx, ESMF_ArrayEx.F90, line 1899
 PASS: ESMF_ArrayEx.F90
  PASS  Example ESMF_ArrayEx, ESMF_ArrayEx.F90, line 1899
 PASS: ESMF_ArrayEx.F90
  PASS  Example ESMF_ArrayEx, ESMF_ArrayEx.F90, line 1899
 PASS: ESMF_ArrayEx.F90
