forrtl: severe (174): SIGSEGV, segmentation fault occurred
Image              PC                Routine            Line        Source             
ESMF_RHandleFromR  000000010B4B9014  Unknown               Unknown  Unknown
libsystem_platfor  00007FFF6A61FB5D  Unknown               Unknown  Unknown
libmpi.40.dylib    000000010FBDA2A1  Unknown               Unknown  Unknown
libesmf.dylib      000000010C2E06A0  Unknown               Unknown  Unknown
libesmf.dylib      000000010C2BFC61  Unknown               Unknown  Unknown
libesmf.dylib      000000010C30AE74  Unknown               Unknown  Unknown
libesmf.dylib      000000010D4D56D8  Unknown               Unknown  Unknown
libesmf.dylib      000000010D0DAC1A  Unknown               Unknown  Unknown
libesmf.dylib      000000010D0DA38B  Unknown               Unknown  Unknown
ESMF_RHandleFromR  000000010B48DC24  _MAIN__                   284  ESMF_RHandleFromRHandleEx.F90
ESMF_RHandleFromR  000000010B48B07E  Unknown               Unknown  Unknown
forrtl: severe (174): SIGSEGV, segmentation fault occurred
Image              PC                Routine            Line        Source             
ESMF_RHandleFromR  000000010BEF4014  Unknown               Unknown  Unknown
libsystem_platfor  00007FFF6A61FB5D  Unknown               Unknown  Unknown
libmpi.40.dylib    000000011061B2A1  Unknown               Unknown  Unknown
libesmf.dylib      000000010CD1B6A0  Unknown               Unknown  Unknown
libesmf.dylib      000000010CCFAC61  Unknown               Unknown  Unknown
libesmf.dylib      000000010CD45E74  Unknown               Unknown  Unknown
libesmf.dylib      000000010DF106D8  Unknown               Unknown  Unknown
libesmf.dylib      000000010DB15C1A  Unknown               Unknown  Unknown
libesmf.dylib      000000010DB1538B  Unknown               Unknown  Unknown
ESMF_RHandleFromR  000000010BEC8C24  _MAIN__                   284  ESMF_RHandleFromRHandleEx.F90
ESMF_RHandleFromR  000000010BEC607E  Unknown               Unknown  Unknown
forrtl: severe (174): SIGSEGV, segmentation fault occurred
Image              PC                Routine            Line        Source             
ESMF_RHandleFromR  0000000101453014  Unknown               Unknown  Unknown
libsystem_platfor  00007FFF6A61FB5D  Unknown               Unknown  Unknown
libmpi.40.dylib    0000000105B722A1  Unknown               Unknown  Unknown
libesmf.dylib      000000010227A6A0  Unknown               Unknown  Unknown
libesmf.dylib      0000000102259C61  Unknown               Unknown  Unknown
libesmf.dylib      00000001022A4E74  Unknown               Unknown  Unknown
libesmf.dylib      000000010346F6D8  Unknown               Unknown  Unknown
libesmf.dylib      0000000103074C1A  Unknown               Unknown  Unknown
libesmf.dylib      000000010307438B  Unknown               Unknown  Unknown
ESMF_RHandleFromR  0000000101427C24  _MAIN__                   284  ESMF_RHandleFromRHandleEx.F90
ESMF_RHandleFromR  000000010142507E  Unknown               Unknown  Unknown
forrtl: severe (174): SIGSEGV, segmentation fault occurred
Image              PC                Routine            Line        Source             
ESMF_RHandleFromR  00000001084C6014  Unknown               Unknown  Unknown
libsystem_platfor  00007FFF6A61FB5D  Unknown               Unknown  Unknown
libmpi.40.dylib    000000010CBE32A1  Unknown               Unknown  Unknown
libesmf.dylib      00000001092EB6A0  Unknown               Unknown  Unknown
libesmf.dylib      00000001092CAC61  Unknown               Unknown  Unknown
libesmf.dylib      0000000109315E74  Unknown               Unknown  Unknown
libesmf.dylib      000000010A4E06D8  Unknown               Unknown  Unknown
libesmf.dylib      000000010A0E5C1A  Unknown               Unknown  Unknown
libesmf.dylib      000000010A0E538B  Unknown               Unknown  Unknown
ESMF_RHandleFromR  000000010849AC24  _MAIN__                   284  ESMF_RHandleFromRHandleEx.F90
ESMF_RHandleFromR  000000010849807E  Unknown               Unknown  Unknown
