forrtl: severe (174): SIGSEGV, segmentation fault occurred
Image              PC                Routine            Line        Source             
ESMF_FieldHaloEx   000000010F621D54  Unknown               Unknown  Unknown
libsystem_platfor  00007FFF6A61FB5D  Unknown               Unknown  Unknown
libmpi.40.dylib    000000010FA0D2A1  Unknown               Unknown  Unknown
libesmf.dylib      0000000112AA16A0  Unknown               Unknown  Unknown
libesmf.dylib      0000000112A80C61  Unknown               Unknown  Unknown
libesmf.dylib      0000000112ACBE74  Unknown               Unknown  Unknown
libesmf.dylib      0000000113C966D8  Unknown               Unknown  Unknown
libesmf.dylib      000000011389BC1A  Unknown               Unknown  Unknown
libesmf.dylib      000000011389B38B  Unknown               Unknown  Unknown
ESMF_FieldHaloEx   000000010F5F963E  _MAIN__                    73  ESMF_FieldHaloEx.F90
ESMF_FieldHaloEx   000000010F5F93AE  Unknown               Unknown  Unknown
forrtl: severe (174): SIGSEGV, segmentation fault occurred
Image              PC                Routine            Line        Source             
ESMF_FieldHaloEx   000000010851ED54  Unknown               Unknown  Unknown
libsystem_platfor  00007FFF6A61FB5D  Unknown               Unknown  Unknown
libmpi.40.dylib    000000010890A2A1  Unknown               Unknown  Unknown
libesmf.dylib      000000010A7CA6A0  Unknown               Unknown  Unknown
libesmf.dylib      000000010A7A9C61  Unknown               Unknown  Unknown
libesmf.dylib      000000010A7F4E74  Unknown               Unknown  Unknown
libesmf.dylib      000000010B9BF6D8  Unknown               Unknown  Unknown
libesmf.dylib      000000010B5C4C1A  Unknown               Unknown  Unknown
libesmf.dylib      000000010B5C438B  Unknown               Unknown  Unknown
ESMF_FieldHaloEx   00000001084F663E  _MAIN__                    73  ESMF_FieldHaloEx.F90
ESMF_FieldHaloEx   00000001084F63AE  Unknown               Unknown  Unknown
forrtl: severe (174): SIGSEGV, segmentation fault occurred
Image              PC                Routine            Line        Source             
ESMF_FieldHaloEx   00000001012B4D54  Unknown               Unknown  Unknown
libsystem_platfor  00007FFF6A61FB5D  Unknown               Unknown  Unknown
libmpi.40.dylib    00000001016A02A1  Unknown               Unknown  Unknown
libesmf.dylib      00000001061DA6A0  Unknown               Unknown  Unknown
libesmf.dylib      00000001061B9C61  Unknown               Unknown  Unknown
libesmf.dylib      0000000106204E74  Unknown               Unknown  Unknown
libesmf.dylib      00000001073CF6D8  Unknown               Unknown  Unknown
libesmf.dylib      0000000106FD4C1A  Unknown               Unknown  Unknown
libesmf.dylib      0000000106FD438B  Unknown               Unknown  Unknown
ESMF_FieldHaloEx   000000010128C63E  _MAIN__                    73  ESMF_FieldHaloEx.F90
ESMF_FieldHaloEx   000000010128C3AE  Unknown               Unknown  Unknown
forrtl: severe (174): SIGSEGV, segmentation fault occurred
Image              PC                Routine            Line        Source             
ESMF_FieldHaloEx   000000010A547D54  Unknown               Unknown  Unknown
libsystem_platfor  00007FFF6A61FB5D  Unknown               Unknown  Unknown
libmpi.40.dylib    000000010EC632A1  Unknown               Unknown  Unknown
libesmf.dylib      000000010B3656A0  Unknown               Unknown  Unknown
libesmf.dylib      000000010B344C61  Unknown               Unknown  Unknown
libesmf.dylib      000000010B38FE74  Unknown               Unknown  Unknown
libesmf.dylib      000000010C55A6D8  Unknown               Unknown  Unknown
libesmf.dylib      000000010C15FC1A  Unknown               Unknown  Unknown
libesmf.dylib      000000010C15F38B  Unknown               Unknown  Unknown
ESMF_FieldHaloEx   000000010A51F63E  _MAIN__                    73  ESMF_FieldHaloEx.F90
ESMF_FieldHaloEx   000000010A51F3AE  Unknown               Unknown  Unknown
