forrtl: severe (174): SIGSEGV, segmentation fault occurred
Image              PC                Routine            Line        Source             
ESMF_FieldEx       0000000104011974  Unknown               Unknown  Unknown
libsystem_platfor  00007FFF6A61FB5D  Unknown               Unknown  Unknown
libmpi.40.dylib    000000010872F2A1  Unknown               Unknown  Unknown
libesmf.dylib      0000000104E346A0  Unknown               Unknown  Unknown
libesmf.dylib      0000000104E13C61  Unknown               Unknown  Unknown
libesmf.dylib      0000000104E5EE74  Unknown               Unknown  Unknown
libesmf.dylib      00000001060296D8  Unknown               Unknown  Unknown
libesmf.dylib      0000000105C2EC1A  Unknown               Unknown  Unknown
libesmf.dylib      0000000105C2E38B  Unknown               Unknown  Unknown
ESMF_FieldEx       0000000103FE222F  _MAIN__                   100  ESMF_FieldEx.F90
ESMF_FieldEx       0000000103FE1D6E  Unknown               Unknown  Unknown
forrtl: severe (174): SIGSEGV, segmentation fault occurred
Image              PC                Routine            Line        Source             
ESMF_FieldEx       00000001067BD974  Unknown               Unknown  Unknown
libsystem_platfor  00007FFF6A61FB5D  Unknown               Unknown  Unknown
libmpi.40.dylib    000000010AED72A1  Unknown               Unknown  Unknown
libesmf.dylib      00000001075E16A0  Unknown               Unknown  Unknown
libesmf.dylib      00000001075C0C61  Unknown               Unknown  Unknown
libesmf.dylib      000000010760BE74  Unknown               Unknown  Unknown
libesmf.dylib      00000001087D66D8  Unknown               Unknown  Unknown
libesmf.dylib      00000001083DBC1A  Unknown               Unknown  Unknown
libesmf.dylib      00000001083DB38B  Unknown               Unknown  Unknown
ESMF_FieldEx       000000010678E22F  _MAIN__                   100  ESMF_FieldEx.F90
ESMF_FieldEx       000000010678DD6E  Unknown               Unknown  Unknown
forrtl: severe (174): SIGSEGV, segmentation fault occurred
Image              PC                Routine            Line        Source             
ESMF_FieldEx       0000000105909974  Unknown               Unknown  Unknown
libsystem_platfor  00007FFF6A61FB5D  Unknown               Unknown  Unknown
libmpi.40.dylib    000000010A0232A1  Unknown               Unknown  Unknown
libesmf.dylib      000000010672D6A0  Unknown               Unknown  Unknown
libesmf.dylib      000000010670CC61  Unknown               Unknown  Unknown
libesmf.dylib      0000000106757E74  Unknown               Unknown  Unknown
libesmf.dylib      00000001079226D8  Unknown               Unknown  Unknown
libesmf.dylib      0000000107527C1A  Unknown               Unknown  Unknown
libesmf.dylib      000000010752738B  Unknown               Unknown  Unknown
ESMF_FieldEx       00000001058DA22F  _MAIN__                   100  ESMF_FieldEx.F90
ESMF_FieldEx       00000001058D9D6E  Unknown               Unknown  Unknown
forrtl: severe (174): SIGSEGV, segmentation fault occurred
Image              PC                Routine            Line        Source             
ESMF_FieldEx       00000001073C9974  Unknown               Unknown  Unknown
libsystem_platfor  00007FFF6A61FB5D  Unknown               Unknown  Unknown
libmpi.40.dylib    00000001077B72A1  Unknown               Unknown  Unknown
libesmf.dylib      000000010AAE16A0  Unknown               Unknown  Unknown
libesmf.dylib      000000010AAC0C61  Unknown               Unknown  Unknown
libesmf.dylib      000000010AB0BE74  Unknown               Unknown  Unknown
libesmf.dylib      000000010BCD66D8  Unknown               Unknown  Unknown
libesmf.dylib      000000010B8DBC1A  Unknown               Unknown  Unknown
libesmf.dylib      000000010B8DB38B  Unknown               Unknown  Unknown
ESMF_FieldEx       000000010739A22F  _MAIN__                   100  ESMF_FieldEx.F90
ESMF_FieldEx       0000000107399D6E  Unknown               Unknown  Unknown
