forrtl: severe (174): SIGSEGV, segmentation fault occurred
Image              PC                Routine            Line        Source             
ESMF_TraceUserEx   00000001032B9E74  Unknown               Unknown  Unknown
libsystem_platfor  00007FFF6A61FB5D  Unknown               Unknown  Unknown
libmpi.40.dylib    00000001079D42A1  Unknown               Unknown  Unknown
libesmf.dylib      00000001040D86A0  Unknown               Unknown  Unknown
libesmf.dylib      00000001040B7C61  Unknown               Unknown  Unknown
libesmf.dylib      0000000104102E74  Unknown               Unknown  Unknown
libesmf.dylib      00000001052CD6D8  Unknown               Unknown  Unknown
libesmf.dylib      0000000104ED2C1A  Unknown               Unknown  Unknown
libesmf.dylib      0000000104ED238B  Unknown               Unknown  Unknown
ESMF_TraceUserEx   0000000103293D71  _MAIN__                    77  ESMF_TraceUserEx.F90
ESMF_TraceUserEx   0000000103293B5E  Unknown               Unknown  Unknown
forrtl: severe (174): SIGSEGV, segmentation fault occurred
Image              PC                Routine            Line        Source             
ESMF_TraceUserEx   000000010A188E74  Unknown               Unknown  Unknown
libsystem_platfor  00007FFF6A61FB5D  Unknown               Unknown  Unknown
libmpi.40.dylib    000000010A5732A1  Unknown               Unknown  Unknown
libesmf.dylib      000000010B86D6A0  Unknown               Unknown  Unknown
libesmf.dylib      000000010B84CC61  Unknown               Unknown  Unknown
libesmf.dylib      000000010B897E74  Unknown               Unknown  Unknown
libesmf.dylib      000000010CA626D8  Unknown               Unknown  Unknown
libesmf.dylib      000000010C667C1A  Unknown               Unknown  Unknown
libesmf.dylib      000000010C66738B  Unknown               Unknown  Unknown
ESMF_TraceUserEx   000000010A162D71  _MAIN__                    77  ESMF_TraceUserEx.F90
ESMF_TraceUserEx   000000010A162B5E  Unknown               Unknown  Unknown
forrtl: severe (174): SIGSEGV, segmentation fault occurred
Image              PC                Routine            Line        Source             
ESMF_TraceUserEx   00000001030F8E74  Unknown               Unknown  Unknown
libsystem_platfor  00007FFF6A61FB5D  Unknown               Unknown  Unknown
libmpi.40.dylib    00000001034E32A1  Unknown               Unknown  Unknown
libesmf.dylib      0000000104FAF6A0  Unknown               Unknown  Unknown
libesmf.dylib      0000000104F8EC61  Unknown               Unknown  Unknown
libesmf.dylib      0000000104FD9E74  Unknown               Unknown  Unknown
libesmf.dylib      00000001061A46D8  Unknown               Unknown  Unknown
libesmf.dylib      0000000105DA9C1A  Unknown               Unknown  Unknown
libesmf.dylib      0000000105DA938B  Unknown               Unknown  Unknown
ESMF_TraceUserEx   00000001030D2D71  _MAIN__                    77  ESMF_TraceUserEx.F90
ESMF_TraceUserEx   00000001030D2B5E  Unknown               Unknown  Unknown
forrtl: severe (174): SIGSEGV, segmentation fault occurred
Image              PC                Routine            Line        Source             
ESMF_TraceUserEx   0000000101D85E74  Unknown               Unknown  Unknown
libsystem_platfor  00007FFF6A61FB5D  Unknown               Unknown  Unknown
libmpi.40.dylib    00000001021702A1  Unknown               Unknown  Unknown
libesmf.dylib      00000001054C56A0  Unknown               Unknown  Unknown
libesmf.dylib      00000001054A4C61  Unknown               Unknown  Unknown
libesmf.dylib      00000001054EFE74  Unknown               Unknown  Unknown
libesmf.dylib      00000001066BA6D8  Unknown               Unknown  Unknown
libesmf.dylib      00000001062BFC1A  Unknown               Unknown  Unknown
libesmf.dylib      00000001062BF38B  Unknown               Unknown  Unknown
ESMF_TraceUserEx   0000000101D5FD71  _MAIN__                    77  ESMF_TraceUserEx.F90
ESMF_TraceUserEx   0000000101D5FB5E  Unknown               Unknown  Unknown
