forrtl: severe (174): SIGSEGV, segmentation fault occurred
Image              PC                Routine            Line        Source             
ESMF_ArrayBundleE  0000000105363D34  Unknown               Unknown  Unknown
libsystem_platfor  00007FFF6A61FB5D  Unknown               Unknown  Unknown
libmpi.40.dylib    0000000109A802A1  Unknown               Unknown  Unknown
libesmf.dylib      00000001061836A0  Unknown               Unknown  Unknown
libesmf.dylib      0000000106162C61  Unknown               Unknown  Unknown
libesmf.dylib      00000001061ADE74  Unknown               Unknown  Unknown
libesmf.dylib      00000001073786D8  Unknown               Unknown  Unknown
libesmf.dylib      0000000106F7DC1A  Unknown               Unknown  Unknown
libesmf.dylib      0000000106F7D38B  Unknown               Unknown  Unknown
ESMF_ArrayBundleE  000000010533B8C1  _MAIN__                    52  ESMF_ArrayBundleEx.F90
ESMF_ArrayBundleE  000000010533B61E  Unknown               Unknown  Unknown
forrtl: severe (174): SIGSEGV, segmentation fault occurred
Image              PC                Routine            Line        Source             
ESMF_ArrayBundleE  000000010453FD34  Unknown               Unknown  Unknown
libsystem_platfor  00007FFF6A61FB5D  Unknown               Unknown  Unknown
libmpi.40.dylib    0000000108C522A1  Unknown               Unknown  Unknown
libesmf.dylib      000000010535C6A0  Unknown               Unknown  Unknown
libesmf.dylib      000000010533BC61  Unknown               Unknown  Unknown
libesmf.dylib      0000000105386E74  Unknown               Unknown  Unknown
libesmf.dylib      00000001065516D8  Unknown               Unknown  Unknown
libesmf.dylib      0000000106156C1A  Unknown               Unknown  Unknown
libesmf.dylib      000000010615638B  Unknown               Unknown  Unknown
ESMF_ArrayBundleE  00000001045178C1  _MAIN__                    52  ESMF_ArrayBundleEx.F90
ESMF_ArrayBundleE  000000010451761E  Unknown               Unknown  Unknown
forrtl: severe (174): SIGSEGV, segmentation fault occurred
Image              PC                Routine            Line        Source             
ESMF_ArrayBundleE  000000010F214D34  Unknown               Unknown  Unknown
libsystem_platfor  00007FFF6A61FB5D  Unknown               Unknown  Unknown
libmpi.40.dylib    00000001139312A1  Unknown               Unknown  Unknown
libesmf.dylib      00000001100316A0  Unknown               Unknown  Unknown
libesmf.dylib      0000000110010C61  Unknown               Unknown  Unknown
libesmf.dylib      000000011005BE74  Unknown               Unknown  Unknown
libesmf.dylib      00000001112266D8  Unknown               Unknown  Unknown
libesmf.dylib      0000000110E2BC1A  Unknown               Unknown  Unknown
libesmf.dylib      0000000110E2B38B  Unknown               Unknown  Unknown
ESMF_ArrayBundleE  000000010F1EC8C1  _MAIN__                    52  ESMF_ArrayBundleEx.F90
ESMF_ArrayBundleE  000000010F1EC61E  Unknown               Unknown  Unknown
forrtl: severe (174): SIGSEGV, segmentation fault occurred
Image              PC                Routine            Line        Source             
ESMF_ArrayBundleE  000000010E055D34  Unknown               Unknown  Unknown
libsystem_platfor  00007FFF6A61FB5D  Unknown               Unknown  Unknown
libmpi.40.dylib    00000001127792A1  Unknown               Unknown  Unknown
libesmf.dylib      000000010EE766A0  Unknown               Unknown  Unknown
libesmf.dylib      000000010EE55C61  Unknown               Unknown  Unknown
libesmf.dylib      000000010EEA0E74  Unknown               Unknown  Unknown
libesmf.dylib      000000011006B6D8  Unknown               Unknown  Unknown
libesmf.dylib      000000010FC70C1A  Unknown               Unknown  Unknown
libesmf.dylib      000000010FC7038B  Unknown               Unknown  Unknown
ESMF_ArrayBundleE  000000010E02D8C1  _MAIN__                    52  ESMF_ArrayBundleEx.F90
ESMF_ArrayBundleE  000000010E02D61E  Unknown               Unknown  Unknown
