forrtl: severe (174): SIGSEGV, segmentation fault occurred
Image              PC                Routine            Line        Source             
ESMF_RHandleReusa  00000001096E87B4  Unknown               Unknown  Unknown
libsystem_platfor  00007FFF6A61FB5D  Unknown               Unknown  Unknown
libmpi.40.dylib    0000000109AD62A1  Unknown               Unknown  Unknown
libesmf.dylib      000000010D3DF6A0  Unknown               Unknown  Unknown
libesmf.dylib      000000010D3BEC61  Unknown               Unknown  Unknown
libesmf.dylib      000000010D409E74  Unknown               Unknown  Unknown
libesmf.dylib      000000010E5D46D8  Unknown               Unknown  Unknown
libesmf.dylib      000000010E1D9C1A  Unknown               Unknown  Unknown
libesmf.dylib      000000010E1D938B  Unknown               Unknown  Unknown
ESMF_RHandleReusa  00000001096BC92D  _MAIN__                    58  ESMF_RHandleReusabilityEx.F90
ESMF_RHandleReusa  00000001096BC4DE  Unknown               Unknown  Unknown
forrtl: severe (174): SIGSEGV, segmentation fault occurred
Image              PC                Routine            Line        Source             
ESMF_RHandleReusa  000000010FBAB7B4  Unknown               Unknown  Unknown
libsystem_platfor  00007FFF6A61FB5D  Unknown               Unknown  Unknown
libmpi.40.dylib    00000001142C62A1  Unknown               Unknown  Unknown
libesmf.dylib      00000001109CA6A0  Unknown               Unknown  Unknown
libesmf.dylib      00000001109A9C61  Unknown               Unknown  Unknown
libesmf.dylib      00000001109F4E74  Unknown               Unknown  Unknown
libesmf.dylib      0000000111BBF6D8  Unknown               Unknown  Unknown
libesmf.dylib      00000001117C4C1A  Unknown               Unknown  Unknown
libesmf.dylib      00000001117C438B  Unknown               Unknown  Unknown
ESMF_RHandleReusa  000000010FB7F92D  _MAIN__                    58  ESMF_RHandleReusabilityEx.F90
ESMF_RHandleReusa  000000010FB7F4DE  Unknown               Unknown  Unknown
forrtl: severe (174): SIGSEGV, segmentation fault occurred
Image              PC                Routine            Line        Source             
ESMF_RHandleReusa  000000010154F7B4  Unknown               Unknown  Unknown
libsystem_platfor  00007FFF6A61FB5D  Unknown               Unknown  Unknown
libmpi.40.dylib    0000000105C6D2A1  Unknown               Unknown  Unknown
libesmf.dylib      000000010236E6A0  Unknown               Unknown  Unknown
libesmf.dylib      000000010234DC61  Unknown               Unknown  Unknown
libesmf.dylib      0000000102398E74  Unknown               Unknown  Unknown
libesmf.dylib      00000001035636D8  Unknown               Unknown  Unknown
libesmf.dylib      0000000103168C1A  Unknown               Unknown  Unknown
libesmf.dylib      000000010316838B  Unknown               Unknown  Unknown
ESMF_RHandleReusa  000000010152392D  _MAIN__                    58  ESMF_RHandleReusabilityEx.F90
ESMF_RHandleReusa  00000001015234DE  Unknown               Unknown  Unknown
forrtl: severe (174): SIGSEGV, segmentation fault occurred
Image              PC                Routine            Line        Source             
ESMF_RHandleReusa  000000010C5FD7B4  Unknown               Unknown  Unknown
libsystem_platfor  00007FFF6A61FB5D  Unknown               Unknown  Unknown
libmpi.40.dylib    0000000110D212A1  Unknown               Unknown  Unknown
libesmf.dylib      000000010D4236A0  Unknown               Unknown  Unknown
libesmf.dylib      000000010D402C61  Unknown               Unknown  Unknown
libesmf.dylib      000000010D44DE74  Unknown               Unknown  Unknown
libesmf.dylib      000000010E6186D8  Unknown               Unknown  Unknown
libesmf.dylib      000000010E21DC1A  Unknown               Unknown  Unknown
libesmf.dylib      000000010E21D38B  Unknown               Unknown  Unknown
ESMF_RHandleReusa  000000010C5D192D  _MAIN__                    58  ESMF_RHandleReusabilityEx.F90
ESMF_RHandleReusa  000000010C5D14DE  Unknown               Unknown  Unknown
