forrtl: severe (174): SIGSEGV, segmentation fault occurred
Image              PC                Routine            Line        Source             
ESMF_AppMainEx     000000010AEC6144  Unknown               Unknown  Unknown
libsystem_platfor  00007FFF6A61FB5D  Unknown               Unknown  Unknown
libmpi.40.dylib    000000010B2B62A1  Unknown               Unknown  Unknown
libesmf.dylib      000000010CCB36A0  Unknown               Unknown  Unknown
libesmf.dylib      000000010CC92C61  Unknown               Unknown  Unknown
libesmf.dylib      000000010CCDDE74  Unknown               Unknown  Unknown
libesmf.dylib      000000010DEA86D8  Unknown               Unknown  Unknown
libesmf.dylib      000000010DAADC1A  Unknown               Unknown  Unknown
libesmf.dylib      000000010DAAD38B  Unknown               Unknown  Unknown
ESMF_AppMainEx     000000010AE9E872  _MAIN__                   271  ESMF_AppMainEx.F90
ESMF_AppMainEx     000000010AE9DCBE  Unknown               Unknown  Unknown
forrtl: severe (174): SIGSEGV, segmentation fault occurred
Image              PC                Routine            Line        Source             
ESMF_AppMainEx     000000010BFAF144  Unknown               Unknown  Unknown
libsystem_platfor  00007FFF6A61FB5D  Unknown               Unknown  Unknown
libmpi.40.dylib    00000001106D82A1  Unknown               Unknown  Unknown
libesmf.dylib      000000010CDD56A0  Unknown               Unknown  Unknown
libesmf.dylib      000000010CDB4C61  Unknown               Unknown  Unknown
libesmf.dylib      000000010CDFFE74  Unknown               Unknown  Unknown
libesmf.dylib      000000010DFCA6D8  Unknown               Unknown  Unknown
libesmf.dylib      000000010DBCFC1A  Unknown               Unknown  Unknown
libesmf.dylib      000000010DBCF38B  Unknown               Unknown  Unknown
ESMF_AppMainEx     000000010BF87872  _MAIN__                   271  ESMF_AppMainEx.F90
ESMF_AppMainEx     000000010BF86CBE  Unknown               Unknown  Unknown
forrtl: severe (174): SIGSEGV, segmentation fault occurred
Image              PC                Routine            Line        Source             
ESMF_AppMainEx     0000000103E0C144  Unknown               Unknown  Unknown
libsystem_platfor  00007FFF6A61FB5D  Unknown               Unknown  Unknown
libmpi.40.dylib    00000001085312A1  Unknown               Unknown  Unknown
libesmf.dylib      0000000104C336A0  Unknown               Unknown  Unknown
libesmf.dylib      0000000104C12C61  Unknown               Unknown  Unknown
libesmf.dylib      0000000104C5DE74  Unknown               Unknown  Unknown
libesmf.dylib      0000000105E286D8  Unknown               Unknown  Unknown
libesmf.dylib      0000000105A2DC1A  Unknown               Unknown  Unknown
libesmf.dylib      0000000105A2D38B  Unknown               Unknown  Unknown
ESMF_AppMainEx     0000000103DE4872  _MAIN__                   271  ESMF_AppMainEx.F90
ESMF_AppMainEx     0000000103DE3CBE  Unknown               Unknown  Unknown
forrtl: severe (174): SIGSEGV, segmentation fault occurred
Image              PC                Routine            Line        Source             
ESMF_AppMainEx     0000000108C50144  Unknown               Unknown  Unknown
libsystem_platfor  00007FFF6A61FB5D  Unknown               Unknown  Unknown
libmpi.40.dylib    00000001090402A1  Unknown               Unknown  Unknown
libesmf.dylib      000000010D3DE6A0  Unknown               Unknown  Unknown
libesmf.dylib      000000010D3BDC61  Unknown               Unknown  Unknown
libesmf.dylib      000000010D408E74  Unknown               Unknown  Unknown
libesmf.dylib      000000010E5D36D8  Unknown               Unknown  Unknown
libesmf.dylib      000000010E1D8C1A  Unknown               Unknown  Unknown
libesmf.dylib      000000010E1D838B  Unknown               Unknown  Unknown
ESMF_AppMainEx     0000000108C28872  _MAIN__                   271  ESMF_AppMainEx.F90
ESMF_AppMainEx     0000000108C27CBE  Unknown               Unknown  Unknown
