forrtl: severe (174): SIGSEGV, segmentation fault occurred
Image              PC                Routine            Line        Source             
ESMF_GridUsageEx   0000000102FAF734  Unknown               Unknown  Unknown
libsystem_platfor  00007FFF6A61FB5D  Unknown               Unknown  Unknown
libmpi.40.dylib    00000001076CD2A1  Unknown               Unknown  Unknown
libesmf.dylib      0000000103DD56A0  Unknown               Unknown  Unknown
libesmf.dylib      0000000103DB4C61  Unknown               Unknown  Unknown
libesmf.dylib      0000000103DFFE74  Unknown               Unknown  Unknown
libesmf.dylib      0000000104FCA6D8  Unknown               Unknown  Unknown
libesmf.dylib      0000000104BCFC1A  Unknown               Unknown  Unknown
libesmf.dylib      0000000104BCF38B  Unknown               Unknown  Unknown
ESMF_GridUsageEx   0000000102F70E96  _MAIN__                    86  ESMF_GridUsageEx.F90
ESMF_GridUsageEx   0000000102F70A1E  Unknown               Unknown  Unknown
forrtl: severe (174): SIGSEGV, segmentation fault occurred
Image              PC                Routine            Line        Source             
ESMF_GridUsageEx   000000010B48D734  Unknown               Unknown  Unknown
libsystem_platfor  00007FFF6A61FB5D  Unknown               Unknown  Unknown
libmpi.40.dylib    000000010B87C2A1  Unknown               Unknown  Unknown
libesmf.dylib      000000010CA706A0  Unknown               Unknown  Unknown
libesmf.dylib      000000010CA4FC61  Unknown               Unknown  Unknown
libesmf.dylib      000000010CA9AE74  Unknown               Unknown  Unknown
libesmf.dylib      000000010DC656D8  Unknown               Unknown  Unknown
libesmf.dylib      000000010D86AC1A  Unknown               Unknown  Unknown
libesmf.dylib      000000010D86A38B  Unknown               Unknown  Unknown
ESMF_GridUsageEx   000000010B44EE96  _MAIN__                    86  ESMF_GridUsageEx.F90
ESMF_GridUsageEx   000000010B44EA1E  Unknown               Unknown  Unknown
forrtl: severe (174): SIGSEGV, segmentation fault occurred
Image              PC                Routine            Line        Source             
ESMF_GridUsageEx   0000000106042734  Unknown               Unknown  Unknown
libsystem_platfor  00007FFF6A61FB5D  Unknown               Unknown  Unknown
libmpi.40.dylib    000000010A7602A1  Unknown               Unknown  Unknown
libesmf.dylib      0000000106E686A0  Unknown               Unknown  Unknown
libesmf.dylib      0000000106E47C61  Unknown               Unknown  Unknown
libesmf.dylib      0000000106E92E74  Unknown               Unknown  Unknown
libesmf.dylib      000000010805D6D8  Unknown               Unknown  Unknown
libesmf.dylib      0000000107C62C1A  Unknown               Unknown  Unknown
libesmf.dylib      0000000107C6238B  Unknown               Unknown  Unknown
ESMF_GridUsageEx   0000000106003E96  _MAIN__                    86  ESMF_GridUsageEx.F90
ESMF_GridUsageEx   0000000106003A1E  Unknown               Unknown  Unknown
forrtl: severe (174): SIGSEGV, segmentation fault occurred
Image              PC                Routine            Line        Source             
ESMF_GridUsageEx   000000010091B734  Unknown               Unknown  Unknown
libsystem_platfor  00007FFF6A61FB5D  Unknown               Unknown  Unknown
libmpi.40.dylib    00000001050442A1  Unknown               Unknown  Unknown
libesmf.dylib      00000001017426A0  Unknown               Unknown  Unknown
libesmf.dylib      0000000101721C61  Unknown               Unknown  Unknown
libesmf.dylib      000000010176CE74  Unknown               Unknown  Unknown
libesmf.dylib      00000001029376D8  Unknown               Unknown  Unknown
libesmf.dylib      000000010253CC1A  Unknown               Unknown  Unknown
libesmf.dylib      000000010253C38B  Unknown               Unknown  Unknown
ESMF_GridUsageEx   00000001008DCE96  _MAIN__                    86  ESMF_GridUsageEx.F90
ESMF_GridUsageEx   00000001008DCA1E  Unknown               Unknown  Unknown
