forrtl: severe (174): SIGSEGV, segmentation fault occurred
Image              PC                Routine            Line        Source             
ESMF_GCompEx       00000001053B1524  Unknown               Unknown  Unknown
libsystem_platfor  00007FFF6A61FB5D  Unknown               Unknown  Unknown
libmpi.40.dylib    0000000109ACF2A1  Unknown               Unknown  Unknown
libesmf.dylib      00000001061D26A0  Unknown               Unknown  Unknown
libesmf.dylib      00000001061B1C61  Unknown               Unknown  Unknown
libesmf.dylib      00000001061FCE74  Unknown               Unknown  Unknown
libesmf.dylib      00000001073C76D8  Unknown               Unknown  Unknown
libesmf.dylib      0000000106FCCC1A  Unknown               Unknown  Unknown
libesmf.dylib      0000000106FCC38B  Unknown               Unknown  Unknown
ESMF_GCompEx       000000010538A805  _MAIN__                   297  ESMF_GCompEx.F90
ESMF_GCompEx       0000000105389FCE  Unknown               Unknown  Unknown
forrtl: severe (174): SIGSEGV, segmentation fault occurred
Image              PC                Routine            Line        Source             
ESMF_GCompEx       000000010597E524  Unknown               Unknown  Unknown
libsystem_platfor  00007FFF6A61FB5D  Unknown               Unknown  Unknown
libmpi.40.dylib    000000010A0982A1  Unknown               Unknown  Unknown
libesmf.dylib      00000001067A36A0  Unknown               Unknown  Unknown
libesmf.dylib      0000000106782C61  Unknown               Unknown  Unknown
libesmf.dylib      00000001067CDE74  Unknown               Unknown  Unknown
libesmf.dylib      00000001079986D8  Unknown               Unknown  Unknown
libesmf.dylib      000000010759DC1A  Unknown               Unknown  Unknown
libesmf.dylib      000000010759D38B  Unknown               Unknown  Unknown
ESMF_GCompEx       0000000105957805  _MAIN__                   297  ESMF_GCompEx.F90
ESMF_GCompEx       0000000105956FCE  Unknown               Unknown  Unknown
forrtl: severe (174): SIGSEGV, segmentation fault occurred
Image              PC                Routine            Line        Source             
ESMF_GCompEx       0000000109817524  Unknown               Unknown  Unknown
libsystem_platfor  00007FFF6A61FB5D  Unknown               Unknown  Unknown
libmpi.40.dylib    0000000109C062A1  Unknown               Unknown  Unknown
libesmf.dylib      000000010BFFA6A0  Unknown               Unknown  Unknown
libesmf.dylib      000000010BFD9C61  Unknown               Unknown  Unknown
libesmf.dylib      000000010C024E74  Unknown               Unknown  Unknown
libesmf.dylib      000000010D1EF6D8  Unknown               Unknown  Unknown
libesmf.dylib      000000010CDF4C1A  Unknown               Unknown  Unknown
libesmf.dylib      000000010CDF438B  Unknown               Unknown  Unknown
ESMF_GCompEx       00000001097F0805  _MAIN__                   297  ESMF_GCompEx.F90
ESMF_GCompEx       00000001097EFFCE  Unknown               Unknown  Unknown
forrtl: severe (174): SIGSEGV, segmentation fault occurred
Image              PC                Routine            Line        Source             
ESMF_GCompEx       00000001008AC524  Unknown               Unknown  Unknown
libsystem_platfor  00007FFF6A61FB5D  Unknown               Unknown  Unknown
libmpi.40.dylib    0000000104E122A1  Unknown               Unknown  Unknown
libesmf.dylib      00000001016CF6A0  Unknown               Unknown  Unknown
libesmf.dylib      00000001016AEC61  Unknown               Unknown  Unknown
libesmf.dylib      00000001016F9E74  Unknown               Unknown  Unknown
libesmf.dylib      00000001028C46D8  Unknown               Unknown  Unknown
libesmf.dylib      00000001024C9C1A  Unknown               Unknown  Unknown
libesmf.dylib      00000001024C938B  Unknown               Unknown  Unknown
ESMF_GCompEx       0000000100885805  _MAIN__                   297  ESMF_GCompEx.F90
ESMF_GCompEx       0000000100884FCE  Unknown               Unknown  Unknown
