forrtl: severe (174): SIGSEGV, segmentation fault occurred
Image              PC                Routine            Line        Source             
ESMF_ArrayFarrayH  000000010282EE34  Unknown               Unknown  Unknown
libsystem_platfor  00007FFF6A61FB5D  Unknown               Unknown  Unknown
libmpi.40.dylib    0000000102C192A1  Unknown               Unknown  Unknown
libesmf.dylib      0000000103AA06A0  Unknown               Unknown  Unknown
libesmf.dylib      0000000103A7FC61  Unknown               Unknown  Unknown
libesmf.dylib      0000000103ACAE74  Unknown               Unknown  Unknown
libesmf.dylib      0000000104C956D8  Unknown               Unknown  Unknown
libesmf.dylib      000000010489AC1A  Unknown               Unknown  Unknown
libesmf.dylib      000000010489A38B  Unknown               Unknown  Unknown
ESMF_ArrayFarrayH  000000010280829C  _MAIN__                    73  ESMF_ArrayFarrayHaloEx.F90
ESMF_ArrayFarrayH  000000010280804E  Unknown               Unknown  Unknown
forrtl: severe (174): SIGSEGV, segmentation fault occurred
Image              PC                Routine            Line        Source             
ESMF_ArrayFarrayH  000000010F5BAE34  Unknown               Unknown  Unknown
libsystem_platfor  00007FFF6A61FB5D  Unknown               Unknown  Unknown
libmpi.40.dylib    0000000113CD42A1  Unknown               Unknown  Unknown
libesmf.dylib      00000001103DC6A0  Unknown               Unknown  Unknown
libesmf.dylib      00000001103BBC61  Unknown               Unknown  Unknown
libesmf.dylib      0000000110406E74  Unknown               Unknown  Unknown
libesmf.dylib      00000001115D16D8  Unknown               Unknown  Unknown
libesmf.dylib      00000001111D6C1A  Unknown               Unknown  Unknown
libesmf.dylib      00000001111D638B  Unknown               Unknown  Unknown
ESMF_ArrayFarrayH  000000010F59429C  _MAIN__                    73  ESMF_ArrayFarrayHaloEx.F90
ESMF_ArrayFarrayH  000000010F59404E  Unknown               Unknown  Unknown
forrtl: severe (174): SIGSEGV, segmentation fault occurred
Image              PC                Routine            Line        Source             
ESMF_ArrayFarrayH  0000000105D0EE34  Unknown               Unknown  Unknown
libsystem_platfor  00007FFF6A61FB5D  Unknown               Unknown  Unknown
libmpi.40.dylib    000000010A42A2A1  Unknown               Unknown  Unknown
libesmf.dylib      0000000106B316A0  Unknown               Unknown  Unknown
libesmf.dylib      0000000106B10C61  Unknown               Unknown  Unknown
libesmf.dylib      0000000106B5BE74  Unknown               Unknown  Unknown
libesmf.dylib      0000000107D266D8  Unknown               Unknown  Unknown
libesmf.dylib      000000010792BC1A  Unknown               Unknown  Unknown
libesmf.dylib      000000010792B38B  Unknown               Unknown  Unknown
ESMF_ArrayFarrayH  0000000105CE829C  _MAIN__                    73  ESMF_ArrayFarrayHaloEx.F90
ESMF_ArrayFarrayH  0000000105CE804E  Unknown               Unknown  Unknown
forrtl: severe (174): SIGSEGV, segmentation fault occurred
Image              PC                Routine            Line        Source             
ESMF_ArrayFarrayH  000000010616DE34  Unknown               Unknown  Unknown
libsystem_platfor  00007FFF6A61FB5D  Unknown               Unknown  Unknown
libmpi.40.dylib    000000010A8852A1  Unknown               Unknown  Unknown
libesmf.dylib      0000000106F8C6A0  Unknown               Unknown  Unknown
libesmf.dylib      0000000106F6BC61  Unknown               Unknown  Unknown
libesmf.dylib      0000000106FB6E74  Unknown               Unknown  Unknown
libesmf.dylib      00000001081816D8  Unknown               Unknown  Unknown
libesmf.dylib      0000000107D86C1A  Unknown               Unknown  Unknown
libesmf.dylib      0000000107D8638B  Unknown               Unknown  Unknown
ESMF_ArrayFarrayH  000000010614729C  _MAIN__                    73  ESMF_ArrayFarrayHaloEx.F90
ESMF_ArrayFarrayH  000000010614704E  Unknown               Unknown  Unknown
