forrtl: severe (174): SIGSEGV, segmentation fault occurred
Image              PC                Routine            Line        Source             
ESMF_FieldRepDimE  0000000104201CD4  Unknown               Unknown  Unknown
libsystem_platfor  00007FFF6A61FB5D  Unknown               Unknown  Unknown
libmpi.40.dylib    00000001089222A1  Unknown               Unknown  Unknown
libesmf.dylib      00000001050246A0  Unknown               Unknown  Unknown
libesmf.dylib      0000000105003C61  Unknown               Unknown  Unknown
libesmf.dylib      000000010504EE74  Unknown               Unknown  Unknown
libesmf.dylib      00000001062196D8  Unknown               Unknown  Unknown
libesmf.dylib      0000000105E1EC1A  Unknown               Unknown  Unknown
libesmf.dylib      0000000105E1E38B  Unknown               Unknown  Unknown
ESMF_FieldRepDimE  00000001041D8842  _MAIN__                    79  ESMF_FieldRepDimEx.F90
ESMF_FieldRepDimE  00000001041D855E  Unknown               Unknown  Unknown
forrtl: severe (174): SIGSEGV, segmentation fault occurred
Image              PC                Routine            Line        Source             
ESMF_FieldRepDimE  000000010ED3DCD4  Unknown               Unknown  Unknown
libsystem_platfor  00007FFF6A61FB5D  Unknown               Unknown  Unknown
libmpi.40.dylib    000000010F12A2A1  Unknown               Unknown  Unknown
libesmf.dylib      00000001113316A0  Unknown               Unknown  Unknown
libesmf.dylib      0000000111310C61  Unknown               Unknown  Unknown
libesmf.dylib      000000011135BE74  Unknown               Unknown  Unknown
libesmf.dylib      00000001125266D8  Unknown               Unknown  Unknown
libesmf.dylib      000000011212BC1A  Unknown               Unknown  Unknown
libesmf.dylib      000000011212B38B  Unknown               Unknown  Unknown
ESMF_FieldRepDimE  000000010ED14842  _MAIN__                    79  ESMF_FieldRepDimEx.F90
ESMF_FieldRepDimE  000000010ED1455E  Unknown               Unknown  Unknown
forrtl: severe (174): SIGSEGV, segmentation fault occurred
Image              PC                Routine            Line        Source             
ESMF_FieldRepDimE  0000000109D43CD4  Unknown               Unknown  Unknown
libsystem_platfor  00007FFF6A61FB5D  Unknown               Unknown  Unknown
libmpi.40.dylib    000000010A1302A1  Unknown               Unknown  Unknown
libesmf.dylib      000000010EADE6A0  Unknown               Unknown  Unknown
libesmf.dylib      000000010EABDC61  Unknown               Unknown  Unknown
libesmf.dylib      000000010EB08E74  Unknown               Unknown  Unknown
libesmf.dylib      000000010FCD36D8  Unknown               Unknown  Unknown
libesmf.dylib      000000010F8D8C1A  Unknown               Unknown  Unknown
libesmf.dylib      000000010F8D838B  Unknown               Unknown  Unknown
ESMF_FieldRepDimE  0000000109D1A842  _MAIN__                    79  ESMF_FieldRepDimEx.F90
ESMF_FieldRepDimE  0000000109D1A55E  Unknown               Unknown  Unknown
forrtl: severe (174): SIGSEGV, segmentation fault occurred
Image              PC                Routine            Line        Source             
ESMF_FieldRepDimE  000000010F907CD4  Unknown               Unknown  Unknown
libsystem_platfor  00007FFF6A61FB5D  Unknown               Unknown  Unknown
libmpi.40.dylib    00000001140242A1  Unknown               Unknown  Unknown
libesmf.dylib      000000011072C6A0  Unknown               Unknown  Unknown
libesmf.dylib      000000011070BC61  Unknown               Unknown  Unknown
libesmf.dylib      0000000110756E74  Unknown               Unknown  Unknown
libesmf.dylib      00000001119216D8  Unknown               Unknown  Unknown
libesmf.dylib      0000000111526C1A  Unknown               Unknown  Unknown
libesmf.dylib      000000011152638B  Unknown               Unknown  Unknown
ESMF_FieldRepDimE  000000010F8DE842  _MAIN__                    79  ESMF_FieldRepDimEx.F90
ESMF_FieldRepDimE  000000010F8DE55E  Unknown               Unknown  Unknown
