forrtl: severe (174): SIGSEGV, segmentation fault occurred
Image              PC                Routine            Line        Source             
ESMF_SCompEx       00000001001704C4  Unknown               Unknown  Unknown
libsystem_platfor  00007FFF6A61FB5D  Unknown               Unknown  Unknown
libmpi.40.dylib    00000001048882A1  Unknown               Unknown  Unknown
libesmf.dylib      0000000100F956A0  Unknown               Unknown  Unknown
libesmf.dylib      0000000100F74C61  Unknown               Unknown  Unknown
libesmf.dylib      0000000100FBFE74  Unknown               Unknown  Unknown
libesmf.dylib      000000010218A6D8  Unknown               Unknown  Unknown
libesmf.dylib      0000000101D8FC1A  Unknown               Unknown  Unknown
libesmf.dylib      0000000101D8F38B  Unknown               Unknown  Unknown
ESMF_SCompEx       00000001001486F1  _MAIN__                    82  ESMF_SCompEx.F90
ESMF_SCompEx       000000010014841E  Unknown               Unknown  Unknown
forrtl: severe (174): SIGSEGV, segmentation fault occurred
Image              PC                Routine            Line        Source             
ESMF_SCompEx       00000001026254C4  Unknown               Unknown  Unknown
libsystem_platfor  00007FFF6A61FB5D  Unknown               Unknown  Unknown
libmpi.40.dylib    0000000106D432A1  Unknown               Unknown  Unknown
libesmf.dylib      00000001034486A0  Unknown               Unknown  Unknown
libesmf.dylib      0000000103427C61  Unknown               Unknown  Unknown
libesmf.dylib      0000000103472E74  Unknown               Unknown  Unknown
libesmf.dylib      000000010463D6D8  Unknown               Unknown  Unknown
libesmf.dylib      0000000104242C1A  Unknown               Unknown  Unknown
libesmf.dylib      000000010424238B  Unknown               Unknown  Unknown
ESMF_SCompEx       00000001025FD6F1  _MAIN__                    82  ESMF_SCompEx.F90
ESMF_SCompEx       00000001025FD41E  Unknown               Unknown  Unknown
forrtl: severe (174): SIGSEGV, segmentation fault occurred
Image              PC                Routine            Line        Source             
ESMF_SCompEx       000000010CE214C4  Unknown               Unknown  Unknown
libsystem_platfor  00007FFF6A61FB5D  Unknown               Unknown  Unknown
libmpi.40.dylib    000000011153E2A1  Unknown               Unknown  Unknown
libesmf.dylib      000000010DC426A0  Unknown               Unknown  Unknown
libesmf.dylib      000000010DC21C61  Unknown               Unknown  Unknown
libesmf.dylib      000000010DC6CE74  Unknown               Unknown  Unknown
libesmf.dylib      000000010EE376D8  Unknown               Unknown  Unknown
libesmf.dylib      000000010EA3CC1A  Unknown               Unknown  Unknown
libesmf.dylib      000000010EA3C38B  Unknown               Unknown  Unknown
ESMF_SCompEx       000000010CDF96F1  _MAIN__                    82  ESMF_SCompEx.F90
ESMF_SCompEx       000000010CDF941E  Unknown               Unknown  Unknown
forrtl: severe (174): SIGSEGV, segmentation fault occurred
Image              PC                Routine            Line        Source             
ESMF_SCompEx       000000010B9444C4  Unknown               Unknown  Unknown
libsystem_platfor  00007FFF6A61FB5D  Unknown               Unknown  Unknown
libmpi.40.dylib    000000010BD332A1  Unknown               Unknown  Unknown
libesmf.dylib      000000010F7B36A0  Unknown               Unknown  Unknown
libesmf.dylib      000000010F792C61  Unknown               Unknown  Unknown
libesmf.dylib      000000010F7DDE74  Unknown               Unknown  Unknown
libesmf.dylib      00000001109A86D8  Unknown               Unknown  Unknown
libesmf.dylib      00000001105ADC1A  Unknown               Unknown  Unknown
libesmf.dylib      00000001105AD38B  Unknown               Unknown  Unknown
ESMF_SCompEx       000000010B91C6F1  _MAIN__                    82  ESMF_SCompEx.F90
ESMF_SCompEx       000000010B91C41E  Unknown               Unknown  Unknown
