forrtl: severe (174): SIGSEGV, segmentation fault occurred
Image              PC                Routine            Line        Source             
ESMF_FieldArbGrid  000000010167BB94  Unknown               Unknown  Unknown
libsystem_platfor  00007FFF6A61FB5D  Unknown               Unknown  Unknown
libmpi.40.dylib    0000000105D992A1  Unknown               Unknown  Unknown
libesmf.dylib      000000010249C6A0  Unknown               Unknown  Unknown
libesmf.dylib      000000010247BC61  Unknown               Unknown  Unknown
libesmf.dylib      00000001024C6E74  Unknown               Unknown  Unknown
libesmf.dylib      00000001036916D8  Unknown               Unknown  Unknown
libesmf.dylib      0000000103296C1A  Unknown               Unknown  Unknown
libesmf.dylib      000000010329638B  Unknown               Unknown  Unknown
ESMF_FieldArbGrid  00000001016520BF  _MAIN__                    59  ESMF_FieldArbGridEx.F90
ESMF_FieldArbGrid  0000000101651E5E  Unknown               Unknown  Unknown
forrtl: severe (174): SIGSEGV, segmentation fault occurred
Image              PC                Routine            Line        Source             
ESMF_FieldArbGrid  000000010E75BB94  Unknown               Unknown  Unknown
libsystem_platfor  00007FFF6A61FB5D  Unknown               Unknown  Unknown
libmpi.40.dylib    0000000112E7D2A1  Unknown               Unknown  Unknown
libesmf.dylib      000000010F57A6A0  Unknown               Unknown  Unknown
libesmf.dylib      000000010F559C61  Unknown               Unknown  Unknown
libesmf.dylib      000000010F5A4E74  Unknown               Unknown  Unknown
libesmf.dylib      000000011076F6D8  Unknown               Unknown  Unknown
libesmf.dylib      0000000110374C1A  Unknown               Unknown  Unknown
libesmf.dylib      000000011037438B  Unknown               Unknown  Unknown
ESMF_FieldArbGrid  000000010E7320BF  _MAIN__                    59  ESMF_FieldArbGridEx.F90
ESMF_FieldArbGrid  000000010E731E5E  Unknown               Unknown  Unknown
forrtl: severe (174): SIGSEGV, segmentation fault occurred
Image              PC                Routine            Line        Source             
ESMF_FieldArbGrid  00000001040EEB94  Unknown               Unknown  Unknown
libsystem_platfor  00007FFF6A61FB5D  Unknown               Unknown  Unknown
libmpi.40.dylib    000000010880F2A1  Unknown               Unknown  Unknown
libesmf.dylib      0000000104F106A0  Unknown               Unknown  Unknown
libesmf.dylib      0000000104EEFC61  Unknown               Unknown  Unknown
libesmf.dylib      0000000104F3AE74  Unknown               Unknown  Unknown
libesmf.dylib      00000001061056D8  Unknown               Unknown  Unknown
libesmf.dylib      0000000105D0AC1A  Unknown               Unknown  Unknown
libesmf.dylib      0000000105D0A38B  Unknown               Unknown  Unknown
ESMF_FieldArbGrid  00000001040C50BF  _MAIN__                    59  ESMF_FieldArbGridEx.F90
ESMF_FieldArbGrid  00000001040C4E5E  Unknown               Unknown  Unknown
forrtl: severe (174): SIGSEGV, segmentation fault occurred
Image              PC                Routine            Line        Source             
ESMF_FieldArbGrid  000000010B79DB94  Unknown               Unknown  Unknown
libsystem_platfor  00007FFF6A61FB5D  Unknown               Unknown  Unknown
libmpi.40.dylib    000000010BB892A1  Unknown               Unknown  Unknown
libesmf.dylib      000000010E5CD6A0  Unknown               Unknown  Unknown
libesmf.dylib      000000010E5ACC61  Unknown               Unknown  Unknown
libesmf.dylib      000000010E5F7E74  Unknown               Unknown  Unknown
libesmf.dylib      000000010F7C26D8  Unknown               Unknown  Unknown
libesmf.dylib      000000010F3C7C1A  Unknown               Unknown  Unknown
libesmf.dylib      000000010F3C738B  Unknown               Unknown  Unknown
ESMF_FieldArbGrid  000000010B7740BF  _MAIN__                    59  ESMF_FieldArbGridEx.F90
ESMF_FieldArbGrid  000000010B773E5E  Unknown               Unknown  Unknown
