forrtl: severe (174): SIGSEGV, segmentation fault occurred
Image              PC                Routine            Line        Source             
ESMF_FieldSphereR  00000001051F1A34  Unknown               Unknown  Unknown
libsystem_platfor  00007FFF6A61FB5D  Unknown               Unknown  Unknown
libmpi.40.dylib    00000001099082A1  Unknown               Unknown  Unknown
libesmf.dylib      00000001060106A0  Unknown               Unknown  Unknown
libesmf.dylib      0000000105FEFC61  Unknown               Unknown  Unknown
libesmf.dylib      000000010603AE74  Unknown               Unknown  Unknown
libesmf.dylib      00000001072056D8  Unknown               Unknown  Unknown
libesmf.dylib      0000000106E0AC1A  Unknown               Unknown  Unknown
libesmf.dylib      0000000106E0A38B  Unknown               Unknown  Unknown
ESMF_FieldSphereR  00000001051C71D7  _MAIN__                   117  ESMF_FieldSphereRegridEx.F90
ESMF_FieldSphereR  00000001051C6E3E  Unknown               Unknown  Unknown
forrtl: severe (174): SIGSEGV, segmentation fault occurred
Image              PC                Routine            Line        Source             
ESMF_FieldSphereR  000000010FB9DA34  Unknown               Unknown  Unknown
libsystem_platfor  00007FFF6A61FB5D  Unknown               Unknown  Unknown
libmpi.40.dylib    00000001142B42A1  Unknown               Unknown  Unknown
libesmf.dylib      00000001109BE6A0  Unknown               Unknown  Unknown
libesmf.dylib      000000011099DC61  Unknown               Unknown  Unknown
libesmf.dylib      00000001109E8E74  Unknown               Unknown  Unknown
libesmf.dylib      0000000111BB36D8  Unknown               Unknown  Unknown
libesmf.dylib      00000001117B8C1A  Unknown               Unknown  Unknown
libesmf.dylib      00000001117B838B  Unknown               Unknown  Unknown
ESMF_FieldSphereR  000000010FB731D7  _MAIN__                   117  ESMF_FieldSphereRegridEx.F90
ESMF_FieldSphereR  000000010FB72E3E  Unknown               Unknown  Unknown
forrtl: severe (174): SIGSEGV, segmentation fault occurred
Image              PC                Routine            Line        Source             
ESMF_FieldSphereR  0000000105E1FA34  Unknown               Unknown  Unknown
libsystem_platfor  00007FFF6A61FB5D  Unknown               Unknown  Unknown
libmpi.40.dylib    000000010A53F2A1  Unknown               Unknown  Unknown
libesmf.dylib      0000000106C446A0  Unknown               Unknown  Unknown
libesmf.dylib      0000000106C23C61  Unknown               Unknown  Unknown
libesmf.dylib      0000000106C6EE74  Unknown               Unknown  Unknown
libesmf.dylib      0000000107E396D8  Unknown               Unknown  Unknown
libesmf.dylib      0000000107A3EC1A  Unknown               Unknown  Unknown
libesmf.dylib      0000000107A3E38B  Unknown               Unknown  Unknown
ESMF_FieldSphereR  0000000105DF51D7  _MAIN__                   117  ESMF_FieldSphereRegridEx.F90
ESMF_FieldSphereR  0000000105DF4E3E  Unknown               Unknown  Unknown
forrtl: severe (174): SIGSEGV, segmentation fault occurred
Image              PC                Routine            Line        Source             
ESMF_FieldSphereR  0000000105677A34  Unknown               Unknown  Unknown
libsystem_platfor  00007FFF6A61FB5D  Unknown               Unknown  Unknown
libmpi.40.dylib    0000000105A652A1  Unknown               Unknown  Unknown
libesmf.dylib      00000001081EE6A0  Unknown               Unknown  Unknown
libesmf.dylib      00000001081CDC61  Unknown               Unknown  Unknown
libesmf.dylib      0000000108218E74  Unknown               Unknown  Unknown
libesmf.dylib      00000001093E36D8  Unknown               Unknown  Unknown
libesmf.dylib      0000000108FE8C1A  Unknown               Unknown  Unknown
libesmf.dylib      0000000108FE838B  Unknown               Unknown  Unknown
ESMF_FieldSphereR  000000010564D1D7  _MAIN__                   117  ESMF_FieldSphereRegridEx.F90
ESMF_FieldSphereR  000000010564CE3E  Unknown               Unknown  Unknown
