forrtl: severe (174): SIGSEGV, segmentation fault occurred
Image              PC                Routine            Line        Source             
ESMF_StateReconci  0000000102988564  Unknown               Unknown  Unknown
libsystem_platfor  00007FFF6A61FB5D  Unknown               Unknown  Unknown
libmpi.40.dylib    0000000102D752A1  Unknown               Unknown  Unknown
libesmf.dylib      0000000104D316A0  Unknown               Unknown  Unknown
libesmf.dylib      0000000104D10C61  Unknown               Unknown  Unknown
libesmf.dylib      0000000104D5BE74  Unknown               Unknown  Unknown
libesmf.dylib      0000000105F266D8  Unknown               Unknown  Unknown
libesmf.dylib      0000000105B2BC1A  Unknown               Unknown  Unknown
libesmf.dylib      0000000105B2B38B  Unknown               Unknown  Unknown
ESMF_StateReconci  0000000102961715  _MAIN__                   130  ESMF_StateReconcileEx.F90
ESMF_StateReconci  0000000102960EBE  Unknown               Unknown  Unknown
forrtl: severe (174): SIGSEGV, segmentation fault occurred
Image              PC                Routine            Line        Source             
ESMF_StateReconci  0000000109A4F564  Unknown               Unknown  Unknown
libsystem_platfor  00007FFF6A61FB5D  Unknown               Unknown  Unknown
libmpi.40.dylib    000000010E1672A1  Unknown               Unknown  Unknown
libesmf.dylib      000000010A8736A0  Unknown               Unknown  Unknown
libesmf.dylib      000000010A852C61  Unknown               Unknown  Unknown
libesmf.dylib      000000010A89DE74  Unknown               Unknown  Unknown
libesmf.dylib      000000010BA686D8  Unknown               Unknown  Unknown
libesmf.dylib      000000010B66DC1A  Unknown               Unknown  Unknown
libesmf.dylib      000000010B66D38B  Unknown               Unknown  Unknown
ESMF_StateReconci  0000000109A28715  _MAIN__                   130  ESMF_StateReconcileEx.F90
ESMF_StateReconci  0000000109A27EBE  Unknown               Unknown  Unknown
forrtl: severe (174): SIGSEGV, segmentation fault occurred
Image              PC                Routine            Line        Source             
ESMF_StateReconci  000000010B6EE564  Unknown               Unknown  Unknown
libsystem_platfor  00007FFF6A61FB5D  Unknown               Unknown  Unknown
libmpi.40.dylib    000000010BADB2A1  Unknown               Unknown  Unknown
libesmf.dylib      000000010E8A66A0  Unknown               Unknown  Unknown
libesmf.dylib      000000010E885C61  Unknown               Unknown  Unknown
libesmf.dylib      000000010E8D0E74  Unknown               Unknown  Unknown
libesmf.dylib      000000010FA9B6D8  Unknown               Unknown  Unknown
libesmf.dylib      000000010F6A0C1A  Unknown               Unknown  Unknown
libesmf.dylib      000000010F6A038B  Unknown               Unknown  Unknown
ESMF_StateReconci  000000010B6C7715  _MAIN__                   130  ESMF_StateReconcileEx.F90
ESMF_StateReconci  000000010B6C6EBE  Unknown               Unknown  Unknown
forrtl: severe (174): SIGSEGV, segmentation fault occurred
Image              PC                Routine            Line        Source             
ESMF_StateReconci  0000000104D56564  Unknown               Unknown  Unknown
libsystem_platfor  00007FFF6A61FB5D  Unknown               Unknown  Unknown
libmpi.40.dylib    00000001051432A1  Unknown               Unknown  Unknown
libesmf.dylib      000000010936C6A0  Unknown               Unknown  Unknown
libesmf.dylib      000000010934BC61  Unknown               Unknown  Unknown
libesmf.dylib      0000000109396E74  Unknown               Unknown  Unknown
libesmf.dylib      000000010A5616D8  Unknown               Unknown  Unknown
libesmf.dylib      000000010A166C1A  Unknown               Unknown  Unknown
libesmf.dylib      000000010A16638B  Unknown               Unknown  Unknown
ESMF_StateReconci  0000000104D2F715  _MAIN__                   130  ESMF_StateReconcileEx.F90
ESMF_StateReconci  0000000104D2EEBE  Unknown               Unknown  Unknown
