forrtl: severe (174): SIGSEGV, segmentation fault occurred
Image              PC                Routine            Line        Source             
ESMF_InternalStat  000000010CF4AB94  Unknown               Unknown  Unknown
libsystem_platfor  00007FFF6A61FB5D  Unknown               Unknown  Unknown
libmpi.40.dylib    000000011166C2A1  Unknown               Unknown  Unknown
libesmf.dylib      000000010DD6D6A0  Unknown               Unknown  Unknown
libesmf.dylib      000000010DD4CC61  Unknown               Unknown  Unknown
libesmf.dylib      000000010DD97E74  Unknown               Unknown  Unknown
libesmf.dylib      000000010EF626D8  Unknown               Unknown  Unknown
libesmf.dylib      000000010EB67C1A  Unknown               Unknown  Unknown
libesmf.dylib      000000010EB6738B  Unknown               Unknown  Unknown
ESMF_InternalStat  000000010CF24C4C  _MAIN__                   215  ESMF_InternalStateModEx.F90
ESMF_InternalStat  000000010CF240DE  Unknown               Unknown  Unknown
forrtl: severe (174): SIGSEGV, segmentation fault occurred
Image              PC                Routine            Line        Source             
ESMF_InternalStat  000000010E6D8B94  Unknown               Unknown  Unknown
libsystem_platfor  00007FFF6A61FB5D  Unknown               Unknown  Unknown
libmpi.40.dylib    0000000112DFA2A1  Unknown               Unknown  Unknown
libesmf.dylib      000000010F4F56A0  Unknown               Unknown  Unknown
libesmf.dylib      000000010F4D4C61  Unknown               Unknown  Unknown
libesmf.dylib      000000010F51FE74  Unknown               Unknown  Unknown
libesmf.dylib      00000001106EA6D8  Unknown               Unknown  Unknown
libesmf.dylib      00000001102EFC1A  Unknown               Unknown  Unknown
libesmf.dylib      00000001102EF38B  Unknown               Unknown  Unknown
ESMF_InternalStat  000000010E6B2C4C  _MAIN__                   215  ESMF_InternalStateModEx.F90
ESMF_InternalStat  000000010E6B20DE  Unknown               Unknown  Unknown
forrtl: severe (174): SIGSEGV, segmentation fault occurred
Image              PC                Routine            Line        Source             
ESMF_InternalStat  0000000109954B94  Unknown               Unknown  Unknown
libsystem_platfor  00007FFF6A61FB5D  Unknown               Unknown  Unknown
libmpi.40.dylib    000000010E06F2A1  Unknown               Unknown  Unknown
libesmf.dylib      000000010A7726A0  Unknown               Unknown  Unknown
libesmf.dylib      000000010A751C61  Unknown               Unknown  Unknown
libesmf.dylib      000000010A79CE74  Unknown               Unknown  Unknown
libesmf.dylib      000000010B9676D8  Unknown               Unknown  Unknown
libesmf.dylib      000000010B56CC1A  Unknown               Unknown  Unknown
libesmf.dylib      000000010B56C38B  Unknown               Unknown  Unknown
ESMF_InternalStat  000000010992EC4C  _MAIN__                   215  ESMF_InternalStateModEx.F90
ESMF_InternalStat  000000010992E0DE  Unknown               Unknown  Unknown
forrtl: severe (174): SIGSEGV, segmentation fault occurred
Image              PC                Routine            Line        Source             
ESMF_InternalStat  000000010DA9DB94  Unknown               Unknown  Unknown
libsystem_platfor  00007FFF6A61FB5D  Unknown               Unknown  Unknown
libmpi.40.dylib    00000001121BD2A1  Unknown               Unknown  Unknown
libesmf.dylib      000000010E8BB6A0  Unknown               Unknown  Unknown
libesmf.dylib      000000010E89AC61  Unknown               Unknown  Unknown
libesmf.dylib      000000010E8E5E74  Unknown               Unknown  Unknown
libesmf.dylib      000000010FAB06D8  Unknown               Unknown  Unknown
libesmf.dylib      000000010F6B5C1A  Unknown               Unknown  Unknown
libesmf.dylib      000000010F6B538B  Unknown               Unknown  Unknown
ESMF_InternalStat  000000010DA77C4C  _MAIN__                   215  ESMF_InternalStateModEx.F90
ESMF_InternalStat  000000010DA770DE  Unknown               Unknown  Unknown
