forrtl: severe (174): SIGSEGV, segmentation fault occurred
Image              PC                Routine            Line        Source             
ESMF_RHandleDynam  000000010CE60554  Unknown               Unknown  Unknown
libsystem_platfor  00007FFF6A61FB5D  Unknown               Unknown  Unknown
libmpi.40.dylib    000000010D2522A1  Unknown               Unknown  Unknown
libesmf.dylib      000000010F54B6A0  Unknown               Unknown  Unknown
libesmf.dylib      000000010F52AC61  Unknown               Unknown  Unknown
libesmf.dylib      000000010F575E74  Unknown               Unknown  Unknown
libesmf.dylib      00000001107406D8  Unknown               Unknown  Unknown
libesmf.dylib      0000000110345C1A  Unknown               Unknown  Unknown
libesmf.dylib      000000011034538B  Unknown               Unknown  Unknown
ESMF_RHandleDynam  000000010CE343FE  _MAIN__                   265  ESMF_RHandleDynamicMaskingEx.F90
ESMF_RHandleDynam  000000010CE25C1E  Unknown               Unknown  Unknown
forrtl: severe (174): SIGSEGV, segmentation fault occurred
Image              PC                Routine            Line        Source             
ESMF_RHandleDynam  0000000107E4F554  Unknown               Unknown  Unknown
libsystem_platfor  00007FFF6A61FB5D  Unknown               Unknown  Unknown
libmpi.40.dylib    000000010C56F2A1  Unknown               Unknown  Unknown
libesmf.dylib      0000000108C726A0  Unknown               Unknown  Unknown
libesmf.dylib      0000000108C51C61  Unknown               Unknown  Unknown
libesmf.dylib      0000000108C9CE74  Unknown               Unknown  Unknown
libesmf.dylib      0000000109E676D8  Unknown               Unknown  Unknown
libesmf.dylib      0000000109A6CC1A  Unknown               Unknown  Unknown
libesmf.dylib      0000000109A6C38B  Unknown               Unknown  Unknown
ESMF_RHandleDynam  0000000107E233FE  _MAIN__                   265  ESMF_RHandleDynamicMaskingEx.F90
ESMF_RHandleDynam  0000000107E14C1E  Unknown               Unknown  Unknown
forrtl: severe (174): SIGSEGV, segmentation fault occurred
Image              PC                Routine            Line        Source             
ESMF_RHandleDynam  000000010EA0E554  Unknown               Unknown  Unknown
libsystem_platfor  00007FFF6A61FB5D  Unknown               Unknown  Unknown
libmpi.40.dylib    00000001131352A1  Unknown               Unknown  Unknown
libesmf.dylib      000000010F8366A0  Unknown               Unknown  Unknown
libesmf.dylib      000000010F815C61  Unknown               Unknown  Unknown
libesmf.dylib      000000010F860E74  Unknown               Unknown  Unknown
libesmf.dylib      0000000110A2B6D8  Unknown               Unknown  Unknown
libesmf.dylib      0000000110630C1A  Unknown               Unknown  Unknown
libesmf.dylib      000000011063038B  Unknown               Unknown  Unknown
ESMF_RHandleDynam  000000010E9E23FE  _MAIN__                   265  ESMF_RHandleDynamicMaskingEx.F90
ESMF_RHandleDynam  000000010E9D3C1E  Unknown               Unknown  Unknown
forrtl: severe (174): SIGSEGV, segmentation fault occurred
Image              PC                Routine            Line        Source             
ESMF_RHandleDynam  00000001055B9554  Unknown               Unknown  Unknown
libsystem_platfor  00007FFF6A61FB5D  Unknown               Unknown  Unknown
libmpi.40.dylib    0000000109CE22A1  Unknown               Unknown  Unknown
libesmf.dylib      00000001063DF6A0  Unknown               Unknown  Unknown
libesmf.dylib      00000001063BEC61  Unknown               Unknown  Unknown
libesmf.dylib      0000000106409E74  Unknown               Unknown  Unknown
libesmf.dylib      00000001075D46D8  Unknown               Unknown  Unknown
libesmf.dylib      00000001071D9C1A  Unknown               Unknown  Unknown
libesmf.dylib      00000001071D938B  Unknown               Unknown  Unknown
ESMF_RHandleDynam  000000010558D3FE  _MAIN__                   265  ESMF_RHandleDynamicMaskingEx.F90
ESMF_RHandleDynam  000000010557EC1E  Unknown               Unknown  Unknown
