forrtl: severe (174): SIGSEGV, segmentation fault occurred
Image              PC                Routine            Line        Source             
ESMF_FieldMeshReg  0000000106E20DD4  Unknown               Unknown  Unknown
libsystem_platfor  00007FFF6A61FB5D  Unknown               Unknown  Unknown
libmpi.40.dylib    000000010B53D2A1  Unknown               Unknown  Unknown
libesmf.dylib      0000000107C416A0  Unknown               Unknown  Unknown
libesmf.dylib      0000000107C20C61  Unknown               Unknown  Unknown
libesmf.dylib      0000000107C6BE74  Unknown               Unknown  Unknown
libesmf.dylib      0000000108E366D8  Unknown               Unknown  Unknown
libesmf.dylib      0000000108A3BC1A  Unknown               Unknown  Unknown
libesmf.dylib      0000000108A3B38B  Unknown               Unknown  Unknown
ESMF_FieldMeshReg  0000000106DEFB6C  _MAIN__                   105  ESMF_FieldMeshRegridEx.F90
ESMF_FieldMeshReg  0000000106DEF6EE  Unknown               Unknown  Unknown
forrtl: severe (174): SIGSEGV, segmentation fault occurred
Image              PC                Routine            Line        Source             
ESMF_FieldMeshReg  00000001037C9DD4  Unknown               Unknown  Unknown
libsystem_platfor  00007FFF6A61FB5D  Unknown               Unknown  Unknown
libmpi.40.dylib    0000000103BB52A1  Unknown               Unknown  Unknown
libesmf.dylib      00000001085DA6A0  Unknown               Unknown  Unknown
libesmf.dylib      00000001085B9C61  Unknown               Unknown  Unknown
libesmf.dylib      0000000108604E74  Unknown               Unknown  Unknown
libesmf.dylib      00000001097CF6D8  Unknown               Unknown  Unknown
libesmf.dylib      00000001093D4C1A  Unknown               Unknown  Unknown
libesmf.dylib      00000001093D438B  Unknown               Unknown  Unknown
ESMF_FieldMeshReg  0000000103798B6C  _MAIN__                   105  ESMF_FieldMeshRegridEx.F90
ESMF_FieldMeshReg  00000001037986EE  Unknown               Unknown  Unknown
forrtl: severe (174): SIGSEGV, segmentation fault occurred
Image              PC                Routine            Line        Source             
ESMF_FieldMeshReg  0000000102EDEDD4  Unknown               Unknown  Unknown
libsystem_platfor  00007FFF6A61FB5D  Unknown               Unknown  Unknown
libmpi.40.dylib    00000001032CA2A1  Unknown               Unknown  Unknown
libesmf.dylib      000000010506B6A0  Unknown               Unknown  Unknown
libesmf.dylib      000000010504AC61  Unknown               Unknown  Unknown
libesmf.dylib      0000000105095E74  Unknown               Unknown  Unknown
libesmf.dylib      00000001062606D8  Unknown               Unknown  Unknown
libesmf.dylib      0000000105E65C1A  Unknown               Unknown  Unknown
libesmf.dylib      0000000105E6538B  Unknown               Unknown  Unknown
ESMF_FieldMeshReg  0000000102EADB6C  _MAIN__                   105  ESMF_FieldMeshRegridEx.F90
ESMF_FieldMeshReg  0000000102EAD6EE  Unknown               Unknown  Unknown
forrtl: severe (174): SIGSEGV, segmentation fault occurred
Image              PC                Routine            Line        Source             
ESMF_FieldMeshReg  000000010D92BDD4  Unknown               Unknown  Unknown
libsystem_platfor  00007FFF6A61FB5D  Unknown               Unknown  Unknown
libmpi.40.dylib    000000010DD172A1  Unknown               Unknown  Unknown
libesmf.dylib      00000001120746A0  Unknown               Unknown  Unknown
libesmf.dylib      0000000112053C61  Unknown               Unknown  Unknown
libesmf.dylib      000000011209EE74  Unknown               Unknown  Unknown
libesmf.dylib      00000001132696D8  Unknown               Unknown  Unknown
libesmf.dylib      0000000112E6EC1A  Unknown               Unknown  Unknown
libesmf.dylib      0000000112E6E38B  Unknown               Unknown  Unknown
ESMF_FieldMeshReg  000000010D8FAB6C  _MAIN__                   105  ESMF_FieldMeshRegridEx.F90
ESMF_FieldMeshReg  000000010D8FA6EE  Unknown               Unknown  Unknown
