forrtl: severe (174): SIGSEGV, segmentation fault occurred
Image              PC                Routine            Line        Source             
ESMF_FieldCreateE  000000010095D9B4  Unknown               Unknown  Unknown
libsystem_platfor  00007FFF6A61FB5D  Unknown               Unknown  Unknown
libmpi.40.dylib    000000010507A2A1  Unknown               Unknown  Unknown
libesmf.dylib      000000010177E6A0  Unknown               Unknown  Unknown
libesmf.dylib      000000010175DC61  Unknown               Unknown  Unknown
libesmf.dylib      00000001017A8E74  Unknown               Unknown  Unknown
libesmf.dylib      00000001029736D8  Unknown               Unknown  Unknown
libesmf.dylib      0000000102578C1A  Unknown               Unknown  Unknown
libesmf.dylib      000000010257838B  Unknown               Unknown  Unknown
ESMF_FieldCreateE  000000010092B2B6  _MAIN__                    73  ESMF_FieldCreateEx.F90
ESMF_FieldCreateE  000000010092AEFE  Unknown               Unknown  Unknown
forrtl: severe (174): SIGSEGV, segmentation fault occurred
Image              PC                Routine            Line        Source             
ESMF_FieldCreateE  0000000105EB69B4  Unknown               Unknown  Unknown
libsystem_platfor  00007FFF6A61FB5D  Unknown               Unknown  Unknown
libmpi.40.dylib    00000001062A32A1  Unknown               Unknown  Unknown
libesmf.dylib      000000010AD1F6A0  Unknown               Unknown  Unknown
libesmf.dylib      000000010ACFEC61  Unknown               Unknown  Unknown
libesmf.dylib      000000010AD49E74  Unknown               Unknown  Unknown
libesmf.dylib      000000010BF146D8  Unknown               Unknown  Unknown
libesmf.dylib      000000010BB19C1A  Unknown               Unknown  Unknown
libesmf.dylib      000000010BB1938B  Unknown               Unknown  Unknown
ESMF_FieldCreateE  0000000105E842B6  _MAIN__                    73  ESMF_FieldCreateEx.F90
ESMF_FieldCreateE  0000000105E83EFE  Unknown               Unknown  Unknown
forrtl: severe (174): SIGSEGV, segmentation fault occurred
Image              PC                Routine            Line        Source             
ESMF_FieldCreateE  000000010CD169B4  Unknown               Unknown  Unknown
libsystem_platfor  00007FFF6A61FB5D  Unknown               Unknown  Unknown
libmpi.40.dylib    000000010D1032A1  Unknown               Unknown  Unknown
libesmf.dylib      00000001111DF6A0  Unknown               Unknown  Unknown
libesmf.dylib      00000001111BEC61  Unknown               Unknown  Unknown
libesmf.dylib      0000000111209E74  Unknown               Unknown  Unknown
libesmf.dylib      00000001123D46D8  Unknown               Unknown  Unknown
libesmf.dylib      0000000111FD9C1A  Unknown               Unknown  Unknown
libesmf.dylib      0000000111FD938B  Unknown               Unknown  Unknown
ESMF_FieldCreateE  000000010CCE42B6  _MAIN__                    73  ESMF_FieldCreateEx.F90
ESMF_FieldCreateE  000000010CCE3EFE  Unknown               Unknown  Unknown
forrtl: severe (174): SIGSEGV, segmentation fault occurred
Image              PC                Routine            Line        Source             
ESMF_FieldCreateE  000000010ED529B4  Unknown               Unknown  Unknown
libsystem_platfor  00007FFF6A61FB5D  Unknown               Unknown  Unknown
libmpi.40.dylib    00000001134702A1  Unknown               Unknown  Unknown
libesmf.dylib      000000010FB756A0  Unknown               Unknown  Unknown
libesmf.dylib      000000010FB54C61  Unknown               Unknown  Unknown
libesmf.dylib      000000010FB9FE74  Unknown               Unknown  Unknown
libesmf.dylib      0000000110D6A6D8  Unknown               Unknown  Unknown
libesmf.dylib      000000011096FC1A  Unknown               Unknown  Unknown
libesmf.dylib      000000011096F38B  Unknown               Unknown  Unknown
ESMF_FieldCreateE  000000010ED202B6  _MAIN__                    73  ESMF_FieldCreateEx.F90
ESMF_FieldCreateE  000000010ED1FEFE  Unknown               Unknown  Unknown
