forrtl: severe (174): SIGSEGV, segmentation fault occurred
Image              PC                Routine            Line        Source             
ESMF_ArrayLarrayE  0000000101CE7D34  Unknown               Unknown  Unknown
libsystem_platfor  00007FFF6A61FB5D  Unknown               Unknown  Unknown
libmpi.40.dylib    00000001063FF2A1  Unknown               Unknown  Unknown
libesmf.dylib      0000000102B056A0  Unknown               Unknown  Unknown
libesmf.dylib      0000000102AE4C61  Unknown               Unknown  Unknown
libesmf.dylib      0000000102B2FE74  Unknown               Unknown  Unknown
libesmf.dylib      0000000103CFA6D8  Unknown               Unknown  Unknown
libesmf.dylib      00000001038FFC1A  Unknown               Unknown  Unknown
libesmf.dylib      00000001038FF38B  Unknown               Unknown  Unknown
ESMF_ArrayLarrayE  0000000101CBED2D  _MAIN__                    83  ESMF_ArrayLarrayEx.F90
ESMF_ArrayLarrayE  0000000101CBEA8E  Unknown               Unknown  Unknown
forrtl: severe (174): SIGSEGV, segmentation fault occurred
Image              PC                Routine            Line        Source             
ESMF_ArrayLarrayE  000000010651DD34  Unknown               Unknown  Unknown
libsystem_platfor  00007FFF6A61FB5D  Unknown               Unknown  Unknown
libmpi.40.dylib    000000010AC432A1  Unknown               Unknown  Unknown
libesmf.dylib      00000001073426A0  Unknown               Unknown  Unknown
libesmf.dylib      0000000107321C61  Unknown               Unknown  Unknown
libesmf.dylib      000000010736CE74  Unknown               Unknown  Unknown
libesmf.dylib      00000001085376D8  Unknown               Unknown  Unknown
libesmf.dylib      000000010813CC1A  Unknown               Unknown  Unknown
libesmf.dylib      000000010813C38B  Unknown               Unknown  Unknown
ESMF_ArrayLarrayE  00000001064F4D2D  _MAIN__                    83  ESMF_ArrayLarrayEx.F90
ESMF_ArrayLarrayE  00000001064F4A8E  Unknown               Unknown  Unknown
forrtl: severe (174): SIGSEGV, segmentation fault occurred
Image              PC                Routine            Line        Source             
ESMF_ArrayLarrayE  0000000109A81D34  Unknown               Unknown  Unknown
libsystem_platfor  00007FFF6A61FB5D  Unknown               Unknown  Unknown
libmpi.40.dylib    000000010E19F2A1  Unknown               Unknown  Unknown
libesmf.dylib      000000010A8A36A0  Unknown               Unknown  Unknown
libesmf.dylib      000000010A882C61  Unknown               Unknown  Unknown
libesmf.dylib      000000010A8CDE74  Unknown               Unknown  Unknown
libesmf.dylib      000000010BA986D8  Unknown               Unknown  Unknown
libesmf.dylib      000000010B69DC1A  Unknown               Unknown  Unknown
libesmf.dylib      000000010B69D38B  Unknown               Unknown  Unknown
ESMF_ArrayLarrayE  0000000109A58D2D  _MAIN__                    83  ESMF_ArrayLarrayEx.F90
ESMF_ArrayLarrayE  0000000109A58A8E  Unknown               Unknown  Unknown
forrtl: severe (174): SIGSEGV, segmentation fault occurred
Image              PC                Routine            Line        Source             
ESMF_ArrayLarrayE  00000001038C4D34  Unknown               Unknown  Unknown
libsystem_platfor  00007FFF6A61FB5D  Unknown               Unknown  Unknown
libmpi.40.dylib    0000000107FE32A1  Unknown               Unknown  Unknown
libesmf.dylib      00000001046E76A0  Unknown               Unknown  Unknown
libesmf.dylib      00000001046C6C61  Unknown               Unknown  Unknown
libesmf.dylib      0000000104711E74  Unknown               Unknown  Unknown
libesmf.dylib      00000001058DC6D8  Unknown               Unknown  Unknown
libesmf.dylib      00000001054E1C1A  Unknown               Unknown  Unknown
libesmf.dylib      00000001054E138B  Unknown               Unknown  Unknown
ESMF_ArrayLarrayE  000000010389BD2D  _MAIN__                    83  ESMF_ArrayLarrayEx.F90
ESMF_ArrayLarrayE  000000010389BA8E  Unknown               Unknown  Unknown
