forrtl: severe (174): SIGSEGV, segmentation fault occurred
Image              PC                Routine            Line        Source             
ESMF_ArrayRedistE  0000000104C10E54  Unknown               Unknown  Unknown
libsystem_platfor  00007FFF6A61FB5D  Unknown               Unknown  Unknown
libmpi.40.dylib    000000010932C2A1  Unknown               Unknown  Unknown
libesmf.dylib      0000000105A316A0  Unknown               Unknown  Unknown
libesmf.dylib      0000000105A10C61  Unknown               Unknown  Unknown
libesmf.dylib      0000000105A5BE74  Unknown               Unknown  Unknown
libesmf.dylib      0000000106C266D8  Unknown               Unknown  Unknown
libesmf.dylib      000000010682BC1A  Unknown               Unknown  Unknown
libesmf.dylib      000000010682B38B  Unknown               Unknown  Unknown
ESMF_ArrayRedistE  0000000104BE5DC9  _MAIN__                    53  ESMF_ArrayRedistEx.F90
ESMF_ArrayRedistE  0000000104BE5A5E  Unknown               Unknown  Unknown
forrtl: severe (174): SIGSEGV, segmentation fault occurred
Image              PC                Routine            Line        Source             
ESMF_ArrayRedistE  0000000109C4EE54  Unknown               Unknown  Unknown
libsystem_platfor  00007FFF6A61FB5D  Unknown               Unknown  Unknown
libmpi.40.dylib    000000010E36E2A1  Unknown               Unknown  Unknown
libesmf.dylib      000000010AA716A0  Unknown               Unknown  Unknown
libesmf.dylib      000000010AA50C61  Unknown               Unknown  Unknown
libesmf.dylib      000000010AA9BE74  Unknown               Unknown  Unknown
libesmf.dylib      000000010BC666D8  Unknown               Unknown  Unknown
libesmf.dylib      000000010B86BC1A  Unknown               Unknown  Unknown
libesmf.dylib      000000010B86B38B  Unknown               Unknown  Unknown
ESMF_ArrayRedistE  0000000109C23DC9  _MAIN__                    53  ESMF_ArrayRedistEx.F90
ESMF_ArrayRedistE  0000000109C23A5E  Unknown               Unknown  Unknown
forrtl: severe (174): SIGSEGV, segmentation fault occurred
Image              PC                Routine            Line        Source             
ESMF_ArrayRedistE  0000000108AFCE54  Unknown               Unknown  Unknown
libsystem_platfor  00007FFF6A61FB5D  Unknown               Unknown  Unknown
libmpi.40.dylib    000000010D2172A1  Unknown               Unknown  Unknown
libesmf.dylib      000000010991C6A0  Unknown               Unknown  Unknown
libesmf.dylib      00000001098FBC61  Unknown               Unknown  Unknown
libesmf.dylib      0000000109946E74  Unknown               Unknown  Unknown
libesmf.dylib      000000010AB116D8  Unknown               Unknown  Unknown
libesmf.dylib      000000010A716C1A  Unknown               Unknown  Unknown
libesmf.dylib      000000010A71638B  Unknown               Unknown  Unknown
ESMF_ArrayRedistE  0000000108AD1DC9  _MAIN__                    53  ESMF_ArrayRedistEx.F90
ESMF_ArrayRedistE  0000000108AD1A5E  Unknown               Unknown  Unknown
forrtl: severe (174): SIGSEGV, segmentation fault occurred
Image              PC                Routine            Line        Source             
ESMF_ArrayRedistE  000000010F72BE54  Unknown               Unknown  Unknown
libsystem_platfor  00007FFF6A61FB5D  Unknown               Unknown  Unknown
libmpi.40.dylib    0000000113E522A1  Unknown               Unknown  Unknown
libesmf.dylib      000000011054F6A0  Unknown               Unknown  Unknown
libesmf.dylib      000000011052EC61  Unknown               Unknown  Unknown
libesmf.dylib      0000000110579E74  Unknown               Unknown  Unknown
libesmf.dylib      00000001117446D8  Unknown               Unknown  Unknown
libesmf.dylib      0000000111349C1A  Unknown               Unknown  Unknown
libesmf.dylib      000000011134938B  Unknown               Unknown  Unknown
ESMF_ArrayRedistE  000000010F700DC9  _MAIN__                    53  ESMF_ArrayRedistEx.F90
ESMF_ArrayRedistE  000000010F700A5E  Unknown               Unknown  Unknown
