forrtl: severe (174): SIGSEGV, segmentation fault occurred
Image              PC                Routine            Line        Source             
ESMF_StateEx       00000001075D4504  Unknown               Unknown  Unknown
libsystem_platfor  00007FFF6A61FB5D  Unknown               Unknown  Unknown
libmpi.40.dylib    000000010BCF22A1  Unknown               Unknown  Unknown
libesmf.dylib      00000001083FA6A0  Unknown               Unknown  Unknown
libesmf.dylib      00000001083D9C61  Unknown               Unknown  Unknown
libesmf.dylib      0000000108424E74  Unknown               Unknown  Unknown
libesmf.dylib      00000001095EF6D8  Unknown               Unknown  Unknown
libesmf.dylib      00000001091F4C1A  Unknown               Unknown  Unknown
libesmf.dylib      00000001091F438B  Unknown               Unknown  Unknown
ESMF_StateEx       00000001075ACBAE  _MAIN__                    52  ESMF_StateEx.F90
ESMF_StateEx       00000001075AC93E  Unknown               Unknown  Unknown
forrtl: severe (174): SIGSEGV, segmentation fault occurred
Image              PC                Routine            Line        Source             
ESMF_StateEx       0000000104283504  Unknown               Unknown  Unknown
libsystem_platfor  00007FFF6A61FB5D  Unknown               Unknown  Unknown
libmpi.40.dylib    000000010899E2A1  Unknown               Unknown  Unknown
libesmf.dylib      00000001050A36A0  Unknown               Unknown  Unknown
libesmf.dylib      0000000105082C61  Unknown               Unknown  Unknown
libesmf.dylib      00000001050CDE74  Unknown               Unknown  Unknown
libesmf.dylib      00000001062986D8  Unknown               Unknown  Unknown
libesmf.dylib      0000000105E9DC1A  Unknown               Unknown  Unknown
libesmf.dylib      0000000105E9D38B  Unknown               Unknown  Unknown
ESMF_StateEx       000000010425BBAE  _MAIN__                    52  ESMF_StateEx.F90
ESMF_StateEx       000000010425B93E  Unknown               Unknown  Unknown
forrtl: severe (174): SIGSEGV, segmentation fault occurred
Image              PC                Routine            Line        Source             
ESMF_StateEx       0000000104202504  Unknown               Unknown  Unknown
libsystem_platfor  00007FFF6A61FB5D  Unknown               Unknown  Unknown
libmpi.40.dylib    00000001089202A1  Unknown               Unknown  Unknown
libesmf.dylib      00000001050276A0  Unknown               Unknown  Unknown
libesmf.dylib      0000000105006C61  Unknown               Unknown  Unknown
libesmf.dylib      0000000105051E74  Unknown               Unknown  Unknown
libesmf.dylib      000000010621C6D8  Unknown               Unknown  Unknown
libesmf.dylib      0000000105E21C1A  Unknown               Unknown  Unknown
libesmf.dylib      0000000105E2138B  Unknown               Unknown  Unknown
ESMF_StateEx       00000001041DABAE  _MAIN__                    52  ESMF_StateEx.F90
ESMF_StateEx       00000001041DA93E  Unknown               Unknown  Unknown
forrtl: severe (174): SIGSEGV, segmentation fault occurred
Image              PC                Routine            Line        Source             
ESMF_StateEx       000000010939F504  Unknown               Unknown  Unknown
libsystem_platfor  00007FFF6A61FB5D  Unknown               Unknown  Unknown
libmpi.40.dylib    000000010DC0F2A1  Unknown               Unknown  Unknown
libesmf.dylib      000000010A4FF6A0  Unknown               Unknown  Unknown
libesmf.dylib      000000010A4DEC61  Unknown               Unknown  Unknown
libesmf.dylib      000000010A529E74  Unknown               Unknown  Unknown
libesmf.dylib      000000010B6F46D8  Unknown               Unknown  Unknown
libesmf.dylib      000000010B2F9C1A  Unknown               Unknown  Unknown
libesmf.dylib      000000010B2F938B  Unknown               Unknown  Unknown
ESMF_StateEx       0000000109377BAE  _MAIN__                    52  ESMF_StateEx.F90
ESMF_StateEx       000000010937793E  Unknown               Unknown  Unknown
