forrtl: severe (174): SIGSEGV, segmentation fault occurred
Image              PC                Routine            Line        Source             
ESMF_LogErrEx      00000001007E7ED4  Unknown               Unknown  Unknown
libsystem_platfor  00007FFF6A61FB5D  Unknown               Unknown  Unknown
libmpi.40.dylib    0000000104EFD2A1  Unknown               Unknown  Unknown
libesmf.dylib      00000001016066A0  Unknown               Unknown  Unknown
libesmf.dylib      00000001015E5C61  Unknown               Unknown  Unknown
libesmf.dylib      0000000101630E74  Unknown               Unknown  Unknown
libesmf.dylib      00000001027FB6D8  Unknown               Unknown  Unknown
libesmf.dylib      0000000102400C1A  Unknown               Unknown  Unknown
libesmf.dylib      000000010240038B  Unknown               Unknown  Unknown
ESMF_LogErrEx      00000001007C17B9  _MAIN__                    76  ESMF_LogErrEx.F90
ESMF_LogErrEx      00000001007C155E  Unknown               Unknown  Unknown
forrtl: severe (174): SIGSEGV, segmentation fault occurred
Image              PC                Routine            Line        Source             
ESMF_LogErrEx      000000010AAFCED4  Unknown               Unknown  Unknown
libsystem_platfor  00007FFF6A61FB5D  Unknown               Unknown  Unknown
libmpi.40.dylib    000000010AD392A1  Unknown               Unknown  Unknown
libesmf.dylib      000000010BB7D6A0  Unknown               Unknown  Unknown
libesmf.dylib      000000010BB5CC61  Unknown               Unknown  Unknown
libesmf.dylib      000000010BBA7E74  Unknown               Unknown  Unknown
libesmf.dylib      000000010CD726D8  Unknown               Unknown  Unknown
libesmf.dylib      000000010C977C1A  Unknown               Unknown  Unknown
libesmf.dylib      000000010C97738B  Unknown               Unknown  Unknown
ESMF_LogErrEx      000000010AAD67B9  _MAIN__                    76  ESMF_LogErrEx.F90
ESMF_LogErrEx      000000010AAD655E  Unknown               Unknown  Unknown
forrtl: severe (174): SIGSEGV, segmentation fault occurred
Image              PC                Routine            Line        Source             
ESMF_LogErrEx      0000000109CA6ED4  Unknown               Unknown  Unknown
libsystem_platfor  00007FFF6A61FB5D  Unknown               Unknown  Unknown
libmpi.40.dylib    000000010E3C82A1  Unknown               Unknown  Unknown
libesmf.dylib      000000010AAC96A0  Unknown               Unknown  Unknown
libesmf.dylib      000000010AAA8C61  Unknown               Unknown  Unknown
libesmf.dylib      000000010AAF3E74  Unknown               Unknown  Unknown
libesmf.dylib      000000010BCBE6D8  Unknown               Unknown  Unknown
libesmf.dylib      000000010B8C3C1A  Unknown               Unknown  Unknown
libesmf.dylib      000000010B8C338B  Unknown               Unknown  Unknown
ESMF_LogErrEx      0000000109C807B9  _MAIN__                    76  ESMF_LogErrEx.F90
ESMF_LogErrEx      0000000109C8055E  Unknown               Unknown  Unknown
forrtl: severe (174): SIGSEGV, segmentation fault occurred
Image              PC                Routine            Line        Source             
ESMF_LogErrEx      000000010DFEAED4  Unknown               Unknown  Unknown
libsystem_platfor  00007FFF6A61FB5D  Unknown               Unknown  Unknown
libmpi.40.dylib    000000010E3D52A1  Unknown               Unknown  Unknown
libesmf.dylib      0000000112E0E6A0  Unknown               Unknown  Unknown
libesmf.dylib      0000000112DEDC61  Unknown               Unknown  Unknown
libesmf.dylib      0000000112E38E74  Unknown               Unknown  Unknown
libesmf.dylib      00000001140036D8  Unknown               Unknown  Unknown
libesmf.dylib      0000000113C08C1A  Unknown               Unknown  Unknown
libesmf.dylib      0000000113C0838B  Unknown               Unknown  Unknown
ESMF_LogErrEx      000000010DFC47B9  _MAIN__                    76  ESMF_LogErrEx.F90
ESMF_LogErrEx      000000010DFC455E  Unknown               Unknown  Unknown
