forrtl: severe (174): SIGSEGV, segmentation fault occurred
Image              PC                Routine            Line        Source             
ESMF_InfoGetFromH  0000000100FFFF74  Unknown               Unknown  Unknown
libsystem_platfor  00007FFF6A61FB5D  Unknown               Unknown  Unknown
libmpi.40.dylib    00000001013EA2A1  Unknown               Unknown  Unknown
libesmf.dylib      0000000103E746A0  Unknown               Unknown  Unknown
libesmf.dylib      0000000103E53C61  Unknown               Unknown  Unknown
libesmf.dylib      0000000103E9EE74  Unknown               Unknown  Unknown
libesmf.dylib      00000001050696D8  Unknown               Unknown  Unknown
libesmf.dylib      0000000104C6EC1A  Unknown               Unknown  Unknown
libesmf.dylib      0000000104C6E38B  Unknown               Unknown  Unknown
ESMF_InfoGetFromH  0000000100FD9D76  _MAIN__                    66  ESMF_InfoGetFromHostEx.F90
ESMF_InfoGetFromH  0000000100FD9B1E  Unknown               Unknown  Unknown
forrtl: severe (174): SIGSEGV, segmentation fault occurred
Image              PC                Routine            Line        Source             
ESMF_InfoGetFromH  0000000108479F74  Unknown               Unknown  Unknown
libsystem_platfor  00007FFF6A61FB5D  Unknown               Unknown  Unknown
libmpi.40.dylib    000000010CB922A1  Unknown               Unknown  Unknown
libesmf.dylib      00000001092966A0  Unknown               Unknown  Unknown
libesmf.dylib      0000000109275C61  Unknown               Unknown  Unknown
libesmf.dylib      00000001092C0E74  Unknown               Unknown  Unknown
libesmf.dylib      000000010A48B6D8  Unknown               Unknown  Unknown
libesmf.dylib      000000010A090C1A  Unknown               Unknown  Unknown
libesmf.dylib      000000010A09038B  Unknown               Unknown  Unknown
ESMF_InfoGetFromH  0000000108453D76  _MAIN__                    66  ESMF_InfoGetFromHostEx.F90
ESMF_InfoGetFromH  0000000108453B1E  Unknown               Unknown  Unknown
forrtl: severe (174): SIGSEGV, segmentation fault occurred
Image              PC                Routine            Line        Source             
ESMF_InfoGetFromH  0000000102E0DF74  Unknown               Unknown  Unknown
libsystem_platfor  00007FFF6A61FB5D  Unknown               Unknown  Unknown
libmpi.40.dylib    00000001075282A1  Unknown               Unknown  Unknown
libesmf.dylib      0000000103C2D6A0  Unknown               Unknown  Unknown
libesmf.dylib      0000000103C0CC61  Unknown               Unknown  Unknown
libesmf.dylib      0000000103C57E74  Unknown               Unknown  Unknown
libesmf.dylib      0000000104E226D8  Unknown               Unknown  Unknown
libesmf.dylib      0000000104A27C1A  Unknown               Unknown  Unknown
libesmf.dylib      0000000104A2738B  Unknown               Unknown  Unknown
ESMF_InfoGetFromH  0000000102DE7D76  _MAIN__                    66  ESMF_InfoGetFromHostEx.F90
ESMF_InfoGetFromH  0000000102DE7B1E  Unknown               Unknown  Unknown
forrtl: severe (174): SIGSEGV, segmentation fault occurred
Image              PC                Routine            Line        Source             
ESMF_InfoGetFromH  000000010FD57F74  Unknown               Unknown  Unknown
libsystem_platfor  00007FFF6A61FB5D  Unknown               Unknown  Unknown
libmpi.40.dylib    000000011447A2A1  Unknown               Unknown  Unknown
libesmf.dylib      0000000110B796A0  Unknown               Unknown  Unknown
libesmf.dylib      0000000110B58C61  Unknown               Unknown  Unknown
libesmf.dylib      0000000110BA3E74  Unknown               Unknown  Unknown
libesmf.dylib      0000000111D6E6D8  Unknown               Unknown  Unknown
libesmf.dylib      0000000111973C1A  Unknown               Unknown  Unknown
libesmf.dylib      000000011197338B  Unknown               Unknown  Unknown
ESMF_InfoGetFromH  000000010FD31D76  _MAIN__                    66  ESMF_InfoGetFromHostEx.F90
ESMF_InfoGetFromH  000000010FD31B1E  Unknown               Unknown  Unknown
