forrtl: severe (174): SIGSEGV, segmentation fault occurred
Image              PC                Routine            Line        Source             
ESMF_InternalStat  000000010FD62F74  Unknown               Unknown  Unknown
libsystem_platfor  00007FFF6A61FB5D  Unknown               Unknown  Unknown
libmpi.40.dylib    00000001144762A1  Unknown               Unknown  Unknown
libesmf.dylib      0000000110B826A0  Unknown               Unknown  Unknown
libesmf.dylib      0000000110B61C61  Unknown               Unknown  Unknown
libesmf.dylib      0000000110BACE74  Unknown               Unknown  Unknown
libesmf.dylib      0000000111D776D8  Unknown               Unknown  Unknown
libesmf.dylib      000000011197CC1A  Unknown               Unknown  Unknown
libesmf.dylib      000000011197C38B  Unknown               Unknown  Unknown
ESMF_InternalStat  000000010FD3D072  _MAIN__                    86  ESMF_InternalStateEx.F90
ESMF_InternalStat  000000010FD3CE7E  Unknown               Unknown  Unknown
forrtl: severe (174): SIGSEGV, segmentation fault occurred
Image              PC                Routine            Line        Source             
ESMF_InternalStat  000000010A99FF74  Unknown               Unknown  Unknown
libsystem_platfor  00007FFF6A61FB5D  Unknown               Unknown  Unknown
libmpi.40.dylib    000000010F0B72A1  Unknown               Unknown  Unknown
libesmf.dylib      000000010B7BF6A0  Unknown               Unknown  Unknown
libesmf.dylib      000000010B79EC61  Unknown               Unknown  Unknown
libesmf.dylib      000000010B7E9E74  Unknown               Unknown  Unknown
libesmf.dylib      000000010C9B46D8  Unknown               Unknown  Unknown
libesmf.dylib      000000010C5B9C1A  Unknown               Unknown  Unknown
libesmf.dylib      000000010C5B938B  Unknown               Unknown  Unknown
ESMF_InternalStat  000000010A97A072  _MAIN__                    86  ESMF_InternalStateEx.F90
ESMF_InternalStat  000000010A979E7E  Unknown               Unknown  Unknown
forrtl: severe (174): SIGSEGV, segmentation fault occurred
Image              PC                Routine            Line        Source             
ESMF_InternalStat  0000000106197F74  Unknown               Unknown  Unknown
libsystem_platfor  00007FFF6A61FB5D  Unknown               Unknown  Unknown
libmpi.40.dylib    00000001065822A1  Unknown               Unknown  Unknown
libesmf.dylib      000000010755F6A0  Unknown               Unknown  Unknown
libesmf.dylib      000000010753EC61  Unknown               Unknown  Unknown
libesmf.dylib      0000000107589E74  Unknown               Unknown  Unknown
libesmf.dylib      00000001087546D8  Unknown               Unknown  Unknown
libesmf.dylib      0000000108359C1A  Unknown               Unknown  Unknown
libesmf.dylib      000000010835938B  Unknown               Unknown  Unknown
ESMF_InternalStat  0000000106172072  _MAIN__                    86  ESMF_InternalStateEx.F90
ESMF_InternalStat  0000000106171E7E  Unknown               Unknown  Unknown
forrtl: severe (174): SIGSEGV, segmentation fault occurred
Image              PC                Routine            Line        Source             
ESMF_InternalStat  000000010DCBAF74  Unknown               Unknown  Unknown
libsystem_platfor  00007FFF6A61FB5D  Unknown               Unknown  Unknown
libmpi.40.dylib    000000010E0A52A1  Unknown               Unknown  Unknown
libesmf.dylib      00000001117C76A0  Unknown               Unknown  Unknown
libesmf.dylib      00000001117A6C61  Unknown               Unknown  Unknown
libesmf.dylib      00000001117F1E74  Unknown               Unknown  Unknown
libesmf.dylib      00000001129BC6D8  Unknown               Unknown  Unknown
libesmf.dylib      00000001125C1C1A  Unknown               Unknown  Unknown
libesmf.dylib      00000001125C138B  Unknown               Unknown  Unknown
ESMF_InternalStat  000000010DC95072  _MAIN__                    86  ESMF_InternalStateEx.F90
ESMF_InternalStat  000000010DC94E7E  Unknown               Unknown  Unknown
