 seqIndexOffset=         1099511627776
 seqIndexOffset=         1099511627776
 seqIndexOffset=         1099511627776
 seqIndexOffset=         1099511627776
forrtl: severe (174): SIGSEGV, segmentation fault occurred
Image              PC                Routine            Line        Source             
ESMF_ArrayArbHalo  00000001045A9BB4  Unknown               Unknown  Unknown
libsystem_platfor  00007FFF6A61FB5D  Unknown               Unknown  Unknown
libmpi.40.dylib    0000000108CC72A1  Unknown               Unknown  Unknown
libesmf.dylib      00000001053CC6A0  Unknown               Unknown  Unknown
libesmf.dylib      00000001053ABC61  Unknown               Unknown  Unknown
libesmf.dylib      00000001053F6E74  Unknown               Unknown  Unknown
libesmf.dylib      00000001065C16D8  Unknown               Unknown  Unknown
libesmf.dylib      00000001061C6C1A  Unknown               Unknown  Unknown
libesmf.dylib      00000001061C638B  Unknown               Unknown  Unknown
ESMF_ArrayArbHalo  000000010457C36C  _MAIN__                    58  ESMF_ArrayArbHaloEx.F90
ESMF_ArrayArbHalo  000000010457C02E  Unknown               Unknown  Unknown
forrtl: severe (174): SIGSEGV, segmentation fault occurred
Image              PC                Routine            Line        Source             
ESMF_ArrayArbHalo  0000000104726BB4  Unknown               Unknown  Unknown
libsystem_platfor  00007FFF6A61FB5D  Unknown               Unknown  Unknown
libmpi.40.dylib    0000000104B132A1  Unknown               Unknown  Unknown
libesmf.dylib      00000001090706A0  Unknown               Unknown  Unknown
libesmf.dylib      000000010904FC61  Unknown               Unknown  Unknown
libesmf.dylib      000000010909AE74  Unknown               Unknown  Unknown
libesmf.dylib      000000010A2656D8  Unknown               Unknown  Unknown
libesmf.dylib      0000000109E6AC1A  Unknown               Unknown  Unknown
libesmf.dylib      0000000109E6A38B  Unknown               Unknown  Unknown
ESMF_ArrayArbHalo  00000001046F936C  _MAIN__                    58  ESMF_ArrayArbHaloEx.F90
ESMF_ArrayArbHalo  00000001046F902E  Unknown               Unknown  Unknown
forrtl: severe (174): SIGSEGV, segmentation fault occurred
Image              PC                Routine            Line        Source             
ESMF_ArrayArbHalo  0000000101AE6BB4  Unknown               Unknown  Unknown
libsystem_platfor  00007FFF6A61FB5D  Unknown               Unknown  Unknown
libmpi.40.dylib    00000001061FA2A1  Unknown               Unknown  Unknown
libesmf.dylib      00000001029086A0  Unknown               Unknown  Unknown
libesmf.dylib      00000001028E7C61  Unknown               Unknown  Unknown
libesmf.dylib      0000000102932E74  Unknown               Unknown  Unknown
libesmf.dylib      0000000103AFD6D8  Unknown               Unknown  Unknown
libesmf.dylib      0000000103702C1A  Unknown               Unknown  Unknown
libesmf.dylib      000000010370238B  Unknown               Unknown  Unknown
ESMF_ArrayArbHalo  0000000101AB936C  _MAIN__                    58  ESMF_ArrayArbHaloEx.F90
ESMF_ArrayArbHalo  0000000101AB902E  Unknown               Unknown  Unknown
forrtl: severe (174): SIGSEGV, segmentation fault occurred
Image              PC                Routine            Line        Source             
ESMF_ArrayArbHalo  000000010D737BB4  Unknown               Unknown  Unknown
libsystem_platfor  00007FFF6A61FB5D  Unknown               Unknown  Unknown
libmpi.40.dylib    0000000111E532A1  Unknown               Unknown  Unknown
libesmf.dylib      000000010E55B6A0  Unknown               Unknown  Unknown
libesmf.dylib      000000010E53AC61  Unknown               Unknown  Unknown
libesmf.dylib      000000010E585E74  Unknown               Unknown  Unknown
libesmf.dylib      000000010F7506D8  Unknown               Unknown  Unknown
libesmf.dylib      000000010F355C1A  Unknown               Unknown  Unknown
libesmf.dylib      000000010F35538B  Unknown               Unknown  Unknown
ESMF_ArrayArbHalo  000000010D70A36C  _MAIN__                    58  ESMF_ArrayArbHaloEx.F90
ESMF_ArrayArbHalo  000000010D70A02E  Unknown               Unknown  Unknown
