forrtl: severe (174): SIGSEGV, segmentation fault occurred
Image              PC                Routine            Line        Source             
ESMF_ArrayFarrayE  0000000109A11F54  Unknown               Unknown  Unknown
libsystem_platfor  00007FFF6A61FB5D  Unknown               Unknown  Unknown
libmpi.40.dylib    000000010E1312A1  Unknown               Unknown  Unknown
libesmf.dylib      000000010A8316A0  Unknown               Unknown  Unknown
libesmf.dylib      000000010A810C61  Unknown               Unknown  Unknown
libesmf.dylib      000000010A85BE74  Unknown               Unknown  Unknown
libesmf.dylib      000000010BA266D8  Unknown               Unknown  Unknown
libesmf.dylib      000000010B62BC1A  Unknown               Unknown  Unknown
libesmf.dylib      000000010B62B38B  Unknown               Unknown  Unknown
ESMF_ArrayFarrayE  00000001099EA145  _MAIN__                   129  ESMF_ArrayFarrayEx.F90
ESMF_ArrayFarrayE  00000001099E9EDE  Unknown               Unknown  Unknown
forrtl: severe (174): SIGSEGV, segmentation fault occurred
Image              PC                Routine            Line        Source             
ESMF_ArrayFarrayE  000000010E902F54  Unknown               Unknown  Unknown
libsystem_platfor  00007FFF6A61FB5D  Unknown               Unknown  Unknown
libmpi.40.dylib    000000010ECED2A1  Unknown               Unknown  Unknown
libesmf.dylib      00000001121586A0  Unknown               Unknown  Unknown
libesmf.dylib      0000000112137C61  Unknown               Unknown  Unknown
libesmf.dylib      0000000112182E74  Unknown               Unknown  Unknown
libesmf.dylib      000000011334D6D8  Unknown               Unknown  Unknown
libesmf.dylib      0000000112F52C1A  Unknown               Unknown  Unknown
libesmf.dylib      0000000112F5238B  Unknown               Unknown  Unknown
ESMF_ArrayFarrayE  000000010E8DB145  _MAIN__                   129  ESMF_ArrayFarrayEx.F90
ESMF_ArrayFarrayE  000000010E8DAEDE  Unknown               Unknown  Unknown
forrtl: severe (174): SIGSEGV, segmentation fault occurred
Image              PC                Routine            Line        Source             
ESMF_ArrayFarrayE  00000001074E7F54  Unknown               Unknown  Unknown
libsystem_platfor  00007FFF6A61FB5D  Unknown               Unknown  Unknown
libmpi.40.dylib    000000010BC042A1  Unknown               Unknown  Unknown
libesmf.dylib      00000001083046A0  Unknown               Unknown  Unknown
libesmf.dylib      00000001082E3C61  Unknown               Unknown  Unknown
libesmf.dylib      000000010832EE74  Unknown               Unknown  Unknown
libesmf.dylib      00000001094F96D8  Unknown               Unknown  Unknown
libesmf.dylib      00000001090FEC1A  Unknown               Unknown  Unknown
libesmf.dylib      00000001090FE38B  Unknown               Unknown  Unknown
ESMF_ArrayFarrayE  00000001074C0145  _MAIN__                   129  ESMF_ArrayFarrayEx.F90
ESMF_ArrayFarrayE  00000001074BFEDE  Unknown               Unknown  Unknown
forrtl: severe (174): SIGSEGV, segmentation fault occurred
Image              PC                Routine            Line        Source             
ESMF_ArrayFarrayE  000000010C61FF54  Unknown               Unknown  Unknown
libsystem_platfor  00007FFF6A61FB5D  Unknown               Unknown  Unknown
libmpi.40.dylib    0000000110D392A1  Unknown               Unknown  Unknown
libesmf.dylib      000000010D43E6A0  Unknown               Unknown  Unknown
libesmf.dylib      000000010D41DC61  Unknown               Unknown  Unknown
libesmf.dylib      000000010D468E74  Unknown               Unknown  Unknown
libesmf.dylib      000000010E6336D8  Unknown               Unknown  Unknown
libesmf.dylib      000000010E238C1A  Unknown               Unknown  Unknown
libesmf.dylib      000000010E23838B  Unknown               Unknown  Unknown
ESMF_ArrayFarrayE  000000010C5F8145  _MAIN__                   129  ESMF_ArrayFarrayEx.F90
ESMF_ArrayFarrayE  000000010C5F7EDE  Unknown               Unknown  Unknown
