forrtl: severe (174): SIGSEGV, segmentation fault occurred
Image              PC                Routine            Line        Source             
ESMF_InfoTutorial  00000001039AE664  Unknown               Unknown  Unknown
libsystem_platfor  00007FFF6A61FB5D  Unknown               Unknown  Unknown
libmpi.40.dylib    00000001080C92A1  Unknown               Unknown  Unknown
libesmf.dylib      00000001047D16A0  Unknown               Unknown  Unknown
libesmf.dylib      00000001047B0C61  Unknown               Unknown  Unknown
libesmf.dylib      00000001047FBE74  Unknown               Unknown  Unknown
libesmf.dylib      00000001059C66D8  Unknown               Unknown  Unknown
libesmf.dylib      00000001055CBC1A  Unknown               Unknown  Unknown
libesmf.dylib      00000001055CB38B  Unknown               Unknown  Unknown
ESMF_InfoTutorial  0000000103986F3F  _MAIN__                    79  ESMF_InfoTutorialEx.F90
ESMF_InfoTutorial  0000000103986CEE  Unknown               Unknown  Unknown
forrtl: severe (174): SIGSEGV, segmentation fault occurred
Image              PC                Routine            Line        Source             
ESMF_InfoTutorial  00000001084FA664  Unknown               Unknown  Unknown
libsystem_platfor  00007FFF6A61FB5D  Unknown               Unknown  Unknown
libmpi.40.dylib    00000001088E82A1  Unknown               Unknown  Unknown
libesmf.dylib      000000010AD976A0  Unknown               Unknown  Unknown
libesmf.dylib      000000010AD76C61  Unknown               Unknown  Unknown
libesmf.dylib      000000010ADC1E74  Unknown               Unknown  Unknown
libesmf.dylib      000000010BF8C6D8  Unknown               Unknown  Unknown
libesmf.dylib      000000010BB91C1A  Unknown               Unknown  Unknown
libesmf.dylib      000000010BB9138B  Unknown               Unknown  Unknown
ESMF_InfoTutorial  00000001084D2F3F  _MAIN__                    79  ESMF_InfoTutorialEx.F90
ESMF_InfoTutorial  00000001084D2CEE  Unknown               Unknown  Unknown
forrtl: severe (174): SIGSEGV, segmentation fault occurred
Image              PC                Routine            Line        Source             
ESMF_InfoTutorial  000000010B879664  Unknown               Unknown  Unknown
libsystem_platfor  00007FFF6A61FB5D  Unknown               Unknown  Unknown
libmpi.40.dylib    000000010FF942A1  Unknown               Unknown  Unknown
libesmf.dylib      000000010C6986A0  Unknown               Unknown  Unknown
libesmf.dylib      000000010C677C61  Unknown               Unknown  Unknown
libesmf.dylib      000000010C6C2E74  Unknown               Unknown  Unknown
libesmf.dylib      000000010D88D6D8  Unknown               Unknown  Unknown
libesmf.dylib      000000010D492C1A  Unknown               Unknown  Unknown
libesmf.dylib      000000010D49238B  Unknown               Unknown  Unknown
ESMF_InfoTutorial  000000010B851F3F  _MAIN__                    79  ESMF_InfoTutorialEx.F90
ESMF_InfoTutorial  000000010B851CEE  Unknown               Unknown  Unknown
forrtl: severe (174): SIGSEGV, segmentation fault occurred
Image              PC                Routine            Line        Source             
ESMF_InfoTutorial  0000000102983664  Unknown               Unknown  Unknown
libsystem_platfor  00007FFF6A61FB5D  Unknown               Unknown  Unknown
libmpi.40.dylib    000000010709A2A1  Unknown               Unknown  Unknown
libesmf.dylib      00000001037A56A0  Unknown               Unknown  Unknown
libesmf.dylib      0000000103784C61  Unknown               Unknown  Unknown
libesmf.dylib      00000001037CFE74  Unknown               Unknown  Unknown
libesmf.dylib      000000010499A6D8  Unknown               Unknown  Unknown
libesmf.dylib      000000010459FC1A  Unknown               Unknown  Unknown
libesmf.dylib      000000010459F38B  Unknown               Unknown  Unknown
ESMF_InfoTutorial  000000010295BF3F  _MAIN__                    79  ESMF_InfoTutorialEx.F90
ESMF_InfoTutorial  000000010295BCEE  Unknown               Unknown  Unknown
