forrtl: severe (174): SIGSEGV, segmentation fault occurred
Image              PC                Routine            Line        Source             
ESMF_CompTunnelEx  000000010A0FDC14  Unknown               Unknown  Unknown
libsystem_platfor  00007FFF6A61FB5D  Unknown               Unknown  Unknown
libmpi.40.dylib    000000010E97A2A1  Unknown               Unknown  Unknown
libesmf.dylib      000000010B26A6A0  Unknown               Unknown  Unknown
libesmf.dylib      000000010B249C61  Unknown               Unknown  Unknown
libesmf.dylib      000000010B294E74  Unknown               Unknown  Unknown
libesmf.dylib      000000010C45F6D8  Unknown               Unknown  Unknown
libesmf.dylib      000000010C064C1A  Unknown               Unknown  Unknown
libesmf.dylib      000000010C06438B  Unknown               Unknown  Unknown
ESMF_CompTunnelEx  000000010A0D6DE8  _MAIN__                   158  ESMF_CompTunnelEx.F90
ESMF_CompTunnelEx  000000010A0D667E  Unknown               Unknown  Unknown
forrtl: severe (174): SIGSEGV, segmentation fault occurred
Image              PC                Routine            Line        Source             
ESMF_CompTunnelEx  000000010327FC14  Unknown               Unknown  Unknown
libsystem_platfor  00007FFF6A61FB5D  Unknown               Unknown  Unknown
libmpi.40.dylib    000000010799B2A1  Unknown               Unknown  Unknown
libesmf.dylib      00000001040A36A0  Unknown               Unknown  Unknown
libesmf.dylib      0000000104082C61  Unknown               Unknown  Unknown
libesmf.dylib      00000001040CDE74  Unknown               Unknown  Unknown
libesmf.dylib      00000001052986D8  Unknown               Unknown  Unknown
libesmf.dylib      0000000104E9DC1A  Unknown               Unknown  Unknown
libesmf.dylib      0000000104E9D38B  Unknown               Unknown  Unknown
ESMF_CompTunnelEx  0000000103258DE8  _MAIN__                   158  ESMF_CompTunnelEx.F90
ESMF_CompTunnelEx  000000010325867E  Unknown               Unknown  Unknown
forrtl: severe (174): SIGSEGV, segmentation fault occurred
Image              PC                Routine            Line        Source             
ESMF_CompTunnelEx  000000010D374C14  Unknown               Unknown  Unknown
libsystem_platfor  00007FFF6A61FB5D  Unknown               Unknown  Unknown
libmpi.40.dylib    0000000111A902A1  Unknown               Unknown  Unknown
libesmf.dylib      000000010E1956A0  Unknown               Unknown  Unknown
libesmf.dylib      000000010E174C61  Unknown               Unknown  Unknown
libesmf.dylib      000000010E1BFE74  Unknown               Unknown  Unknown
libesmf.dylib      000000010F38A6D8  Unknown               Unknown  Unknown
libesmf.dylib      000000010EF8FC1A  Unknown               Unknown  Unknown
libesmf.dylib      000000010EF8F38B  Unknown               Unknown  Unknown
ESMF_CompTunnelEx  000000010D34DDE8  _MAIN__                   158  ESMF_CompTunnelEx.F90
ESMF_CompTunnelEx  000000010D34D67E  Unknown               Unknown  Unknown
forrtl: severe (174): SIGSEGV, segmentation fault occurred
Image              PC                Routine            Line        Source             
ESMF_CompTunnelEx  000000010E424C14  Unknown               Unknown  Unknown
libsystem_platfor  00007FFF6A61FB5D  Unknown               Unknown  Unknown
libmpi.40.dylib    000000010E8112A1  Unknown               Unknown  Unknown
libesmf.dylib      000000011020E6A0  Unknown               Unknown  Unknown
libesmf.dylib      00000001101EDC61  Unknown               Unknown  Unknown
libesmf.dylib      0000000110238E74  Unknown               Unknown  Unknown
libesmf.dylib      00000001114036D8  Unknown               Unknown  Unknown
libesmf.dylib      0000000111008C1A  Unknown               Unknown  Unknown
libesmf.dylib      000000011100838B  Unknown               Unknown  Unknown
ESMF_CompTunnelEx  000000010E3FDDE8  _MAIN__                   158  ESMF_CompTunnelEx.F90
ESMF_CompTunnelEx  000000010E3FD67E  Unknown               Unknown  Unknown
forrtl: severe (174): SIGSEGV, segmentation fault occurred
Image              PC                Routine            Line        Source             
ESMF_CompTunnelEx  00000001086FEC14  Unknown               Unknown  Unknown
libsystem_platfor  00007FFF6A61FB5D  Unknown               Unknown  Unknown
libmpi.40.dylib    000000010CE1B2A1  Unknown               Unknown  Unknown
libesmf.dylib      000000010951E6A0  Unknown               Unknown  Unknown
libesmf.dylib      00000001094FDC61  Unknown               Unknown  Unknown
libesmf.dylib      0000000109548E74  Unknown               Unknown  Unknown
libesmf.dylib      000000010A7136D8  Unknown               Unknown  Unknown
libesmf.dylib      000000010A318C1A  Unknown               Unknown  Unknown
libesmf.dylib      000000010A31838B  Unknown               Unknown  Unknown
ESMF_CompTunnelEx  00000001086D7DE8  _MAIN__                   158  ESMF_CompTunnelEx.F90
ESMF_CompTunnelEx  00000001086D767E  Unknown               Unknown  Unknown
forrtl: severe (174): SIGSEGV, segmentation fault occurred
Image              PC                Routine            Line        Source             
ESMF_CompTunnelEx  000000010DA1BC14  Unknown               Unknown  Unknown
libsystem_platfor  00007FFF6A61FB5D  Unknown               Unknown  Unknown
libmpi.40.dylib    000000010DE082A1  Unknown               Unknown  Unknown
libesmf.dylib      0000000110B476A0  Unknown               Unknown  Unknown
libesmf.dylib      0000000110B26C61  Unknown               Unknown  Unknown
libesmf.dylib      0000000110B71E74  Unknown               Unknown  Unknown
libesmf.dylib      0000000111D3C6D8  Unknown               Unknown  Unknown
libesmf.dylib      0000000111941C1A  Unknown               Unknown  Unknown
libesmf.dylib      000000011194138B  Unknown               Unknown  Unknown
ESMF_CompTunnelEx  000000010D9F4DE8  _MAIN__                   158  ESMF_CompTunnelEx.F90
ESMF_CompTunnelEx  000000010D9F467E  Unknown               Unknown  Unknown
