forrtl: severe (174): SIGSEGV, segmentation fault occurred
Image              PC                Routine            Line        Source             
ESMF_VMNonBlockin  0000000105550C14  Unknown               Unknown  Unknown
libsystem_platfor  00007FFF6A61FB5D  Unknown               Unknown  Unknown
libmpi.40.dylib    0000000109C642A1  Unknown               Unknown  Unknown
libesmf.dylib      000000010636D6A0  Unknown               Unknown  Unknown
libesmf.dylib      000000010634CC61  Unknown               Unknown  Unknown
libesmf.dylib      0000000106397E74  Unknown               Unknown  Unknown
libesmf.dylib      00000001075626D8  Unknown               Unknown  Unknown
libesmf.dylib      0000000107167C1A  Unknown               Unknown  Unknown
libesmf.dylib      000000010716738B  Unknown               Unknown  Unknown
ESMF_VMNonBlockin  00000001055275C1  _MAIN__                    84  ESMF_VMNonBlockingEx.F90
ESMF_VMNonBlockin  000000010552732E  Unknown               Unknown  Unknown
forrtl: severe (174): SIGSEGV, segmentation fault occurred
Image              PC                Routine            Line        Source             
ESMF_VMNonBlockin  000000010D7B7C14  Unknown               Unknown  Unknown
libsystem_platfor  00007FFF6A61FB5D  Unknown               Unknown  Unknown
libmpi.40.dylib    000000010DBA32A1  Unknown               Unknown  Unknown
libesmf.dylib      00000001125A46A0  Unknown               Unknown  Unknown
libesmf.dylib      0000000112583C61  Unknown               Unknown  Unknown
libesmf.dylib      00000001125CEE74  Unknown               Unknown  Unknown
libesmf.dylib      00000001137996D8  Unknown               Unknown  Unknown
libesmf.dylib      000000011339EC1A  Unknown               Unknown  Unknown
libesmf.dylib      000000011339E38B  Unknown               Unknown  Unknown
ESMF_VMNonBlockin  000000010D78E5C1  _MAIN__                    84  ESMF_VMNonBlockingEx.F90
ESMF_VMNonBlockin  000000010D78E32E  Unknown               Unknown  Unknown
forrtl: severe (174): SIGSEGV, segmentation fault occurred
Image              PC                Routine            Line        Source             
ESMF_VMNonBlockin  000000010C112C14  Unknown               Unknown  Unknown
libsystem_platfor  00007FFF6A61FB5D  Unknown               Unknown  Unknown
libmpi.40.dylib    00000001108302A1  Unknown               Unknown  Unknown
libesmf.dylib      000000010CF356A0  Unknown               Unknown  Unknown
libesmf.dylib      000000010CF14C61  Unknown               Unknown  Unknown
libesmf.dylib      000000010CF5FE74  Unknown               Unknown  Unknown
libesmf.dylib      000000010E12A6D8  Unknown               Unknown  Unknown
libesmf.dylib      000000010DD2FC1A  Unknown               Unknown  Unknown
libesmf.dylib      000000010DD2F38B  Unknown               Unknown  Unknown
ESMF_VMNonBlockin  000000010C0E95C1  _MAIN__                    84  ESMF_VMNonBlockingEx.F90
ESMF_VMNonBlockin  000000010C0E932E  Unknown               Unknown  Unknown
forrtl: severe (174): SIGSEGV, segmentation fault occurred
Image              PC                Routine            Line        Source             
ESMF_VMNonBlockin  0000000104099C14  Unknown               Unknown  Unknown
libsystem_platfor  00007FFF6A61FB5D  Unknown               Unknown  Unknown
libmpi.40.dylib    00000001044852A1  Unknown               Unknown  Unknown
libesmf.dylib      00000001071896A0  Unknown               Unknown  Unknown
libesmf.dylib      0000000107168C61  Unknown               Unknown  Unknown
libesmf.dylib      00000001071B3E74  Unknown               Unknown  Unknown
libesmf.dylib      000000010837E6D8  Unknown               Unknown  Unknown
libesmf.dylib      0000000107F83C1A  Unknown               Unknown  Unknown
libesmf.dylib      0000000107F8338B  Unknown               Unknown  Unknown
ESMF_VMNonBlockin  00000001040705C1  _MAIN__                    84  ESMF_VMNonBlockingEx.F90
ESMF_VMNonBlockin  000000010407032E  Unknown               Unknown  Unknown
