forrtl: severe (174): SIGSEGV, segmentation fault occurred
Image              PC                Routine            Line        Source             
ESMF_MeshEx        0000000100866514  Unknown               Unknown  Unknown
libsystem_platfor  00007FFF6A61FB5D  Unknown               Unknown  Unknown
libmpi.40.dylib    0000000104F852A1  Unknown               Unknown  Unknown
libesmf.dylib      00000001016896A0  Unknown               Unknown  Unknown
libesmf.dylib      0000000101668C61  Unknown               Unknown  Unknown
libesmf.dylib      00000001016B3E74  Unknown               Unknown  Unknown
libesmf.dylib      000000010287E6D8  Unknown               Unknown  Unknown
libesmf.dylib      0000000102483C1A  Unknown               Unknown  Unknown
libesmf.dylib      000000010248338B  Unknown               Unknown  Unknown
ESMF_MeshEx        0000000100819A75  _MAIN__                    90  ESMF_MeshEx.F90
ESMF_MeshEx        000000010081974E  Unknown               Unknown  Unknown
forrtl: severe (174): SIGSEGV, segmentation fault occurred
Image              PC                Routine            Line        Source             
ESMF_MeshEx        0000000104297514  Unknown               Unknown  Unknown
libsystem_platfor  00007FFF6A61FB5D  Unknown               Unknown  Unknown
libmpi.40.dylib    00000001089B82A1  Unknown               Unknown  Unknown
libesmf.dylib      00000001050BA6A0  Unknown               Unknown  Unknown
libesmf.dylib      0000000105099C61  Unknown               Unknown  Unknown
libesmf.dylib      00000001050E4E74  Unknown               Unknown  Unknown
libesmf.dylib      00000001062AF6D8  Unknown               Unknown  Unknown
libesmf.dylib      0000000105EB4C1A  Unknown               Unknown  Unknown
libesmf.dylib      0000000105EB438B  Unknown               Unknown  Unknown
ESMF_MeshEx        000000010424AA75  _MAIN__                    90  ESMF_MeshEx.F90
ESMF_MeshEx        000000010424A74E  Unknown               Unknown  Unknown
forrtl: severe (174): SIGSEGV, segmentation fault occurred
Image              PC                Routine            Line        Source             
ESMF_MeshEx        0000000100678514  Unknown               Unknown  Unknown
libsystem_platfor  00007FFF6A61FB5D  Unknown               Unknown  Unknown
libmpi.40.dylib    0000000100A692A1  Unknown               Unknown  Unknown
libesmf.dylib      00000001036FD6A0  Unknown               Unknown  Unknown
libesmf.dylib      00000001036DCC61  Unknown               Unknown  Unknown
libesmf.dylib      0000000103727E74  Unknown               Unknown  Unknown
libesmf.dylib      00000001048F26D8  Unknown               Unknown  Unknown
libesmf.dylib      00000001044F7C1A  Unknown               Unknown  Unknown
libesmf.dylib      00000001044F738B  Unknown               Unknown  Unknown
ESMF_MeshEx        000000010062BA75  _MAIN__                    90  ESMF_MeshEx.F90
ESMF_MeshEx        000000010062B74E  Unknown               Unknown  Unknown
forrtl: severe (174): SIGSEGV, segmentation fault occurred
Image              PC                Routine            Line        Source             
ESMF_MeshEx        0000000106616514  Unknown               Unknown  Unknown
libsystem_platfor  00007FFF6A61FB5D  Unknown               Unknown  Unknown
libmpi.40.dylib    000000010AD382A1  Unknown               Unknown  Unknown
libesmf.dylib      000000010743F6A0  Unknown               Unknown  Unknown
libesmf.dylib      000000010741EC61  Unknown               Unknown  Unknown
libesmf.dylib      0000000107469E74  Unknown               Unknown  Unknown
libesmf.dylib      00000001086346D8  Unknown               Unknown  Unknown
libesmf.dylib      0000000108239C1A  Unknown               Unknown  Unknown
libesmf.dylib      000000010823938B  Unknown               Unknown  Unknown
ESMF_MeshEx        00000001065C9A75  _MAIN__                    90  ESMF_MeshEx.F90
ESMF_MeshEx        00000001065C974E  Unknown               Unknown  Unknown
