20210326 075349.734 INFO             PET0 !!!!!!!!!!!!!!!!!!!!!!!!!!!!!!!!!!!!!!!!!!!!!!!!!!!!!!
20210326 075349.734 INFO             PET0 !!! THE ESMF_LOG IS SET TO OUTPUT ALL LOG MESSAGES !!!
20210326 075349.734 INFO             PET0 !!!     THIS MAY CAUSE SLOWDOWN IN PERFORMANCE     !!!
20210326 075349.734 INFO             PET0 !!! FOR PRODUCTION RUNS, USE:                      !!!
20210326 075349.734 INFO             PET0 !!!                   ESMF_LOGKIND_Multi_On_Error  !!!
20210326 075349.734 INFO             PET0 !!!!!!!!!!!!!!!!!!!!!!!!!!!!!!!!!!!!!!!!!!!!!!!!!!!!!!
20210326 075349.734 INFO             PET0 Running with ESMF Version   : ESMF_8_2_0_beta_snapshot_03-5-ge9acbec5cb
20210326 075349.734 INFO             PET0 ESMF library build date/time: "Mar 26 2021" "07:14:09"
20210326 075349.734 INFO             PET0 ESMF library build location : /scratch1/NCEPDEV/da/Mark.Potts/sandbox/intel_18.0.4_mpiuni_g
20210326 075349.734 INFO             PET0 ESMF_COMM                   : mpiuni
20210326 075349.735 INFO             PET0 ESMF_MOAB                   : enabled
20210326 075349.735 INFO             PET0 ESMF_LAPACK                 : enabled
20210326 075349.736 INFO             PET0 ESMF_NETCDF                 : enabled
20210326 075349.736 INFO             PET0 ESMF_PNETCDF                : disabled
20210326 075349.736 INFO             PET0 ESMF_PIO                    : disabled
20210326 075349.736 INFO             PET0 ESMF_YAMLCPP                : enabled
20210326 075349.745 INFO             PET0 ESMF_FieldRedistStoreNF(): Just entered routine.
20210326 075350.602 INFO             PET0 ESMF_FieldRedistStoreNF(): Leaving routine.
20210326 075350.615 INFO             PET0  NUMBER_OF_PROCESSORS           1
20210326 075350.616 INFO             PET0  PASS  Example ESMF_RHandleFromFileEx, ESMF_RHandleFromFileEx.F90, line 192
20210326 075350.616 INFO             PET0 Finalizing ESMF
