build time -- 2021-04-21 06:44:18
20210421 071944.366 INFO             PET0 !!!!!!!!!!!!!!!!!!!!!!!!!!!!!!!!!!!!!!!!!!!!!!!!!!!!!!
20210421 071944.366 INFO             PET0 !!! THE ESMF_LOG IS SET TO OUTPUT ALL LOG MESSAGES !!!
20210421 071944.366 INFO             PET0 !!!     THIS MAY CAUSE SLOWDOWN IN PERFORMANCE     !!!
20210421 071944.366 INFO             PET0 !!! FOR PRODUCTION RUNS, USE:                      !!!
20210421 071944.366 INFO             PET0 !!!                   ESMF_LOGKIND_Multi_On_Error  !!!
20210421 071944.366 INFO             PET0 !!!!!!!!!!!!!!!!!!!!!!!!!!!!!!!!!!!!!!!!!!!!!!!!!!!!!!
20210421 071944.366 INFO             PET0 Running with ESMF Version   : ESMF_8_2_0_beta_snapshot_04-7-g3098c96bb1
20210421 071944.366 INFO             PET0 ESMF library build date/time: "Apr 21 2021" "06:42:27"
20210421 071944.366 INFO             PET0 ESMF library build location : /scratch1/NCEPDEV/da/Mark.Potts/sandbox/intel_18.0.4_mpiuni_g_develop
20210421 071944.366 INFO             PET0 ESMF_COMM                   : mpiuni
20210421 071944.367 INFO             PET0 ESMF_MOAB                   : enabled
20210421 071944.367 INFO             PET0 ESMF_LAPACK                 : enabled
20210421 071944.367 INFO             PET0 ESMF_NETCDF                 : enabled
20210421 071944.367 INFO             PET0 ESMF_PNETCDF                : disabled
20210421 071944.367 INFO             PET0 ESMF_PIO                    : disabled
20210421 071944.367 INFO             PET0 ESMF_YAMLCPP                : enabled
20210421 071944.369 INFO             PET0  NUMBER_OF_PROCESSORS           1
20210421 071944.369 INFO             PET0  PASS  Example ESMF_VMDefaultBasicsEx, ESMF_VMDefaultBasicsEx.F90, line 107
20210421 071944.369 INFO             PET0 Finalizing ESMF
