Sat Apr 10 05:42:52 2021: [unset]:_pmi_alps_init:alps_get_placement_info returned with error -1
Sat Apr 10 05:42:52 2021: [unset]:_pmi_init:_pmi_alps_init returned -1
 localData for PET            0 :            1
 localData for PET            0 :            2
 localData for PET            0 :            3
 localData for PET            0 :            4
 localData for PET            0 :            5
 localData for PET            0 :            6
 localData for PET            0 :            7
 localData for PET            0 :            8
 localData for PET            0 :            9
 localData for PET            0 :           10
 localData for PET            0 :            1
 localData for PET            0 :            2
 localData for PET            0 :            3
 localData for PET            0 :            4
 localData for PET            0 :            5
 localData for PET            0 :            6
 localData for PET            0 :            7
 localData for PET            0 :            8
 localData for PET            0 :            9
 localData for PET            0 :           10
 localData2 for PET            0 :            1
 localData2 for PET            0 :            2
 localData2 for PET            0 :            3
 localData2 for PET            0 :            4
 localData2 for PET            0 :            5
 localData2 for PET            0 :            6
 localData2 for PET            0 :            7
 localData2 for PET            0 :            8
 localData2 for PET            0 :            9
 localData2 for PET            0 :           10
  PASS  Example ESMF_VMNonBlockingEx, ESMF_VMNonBlockingEx.F90, line 280
 localData for PET            0 :            1
 localData for PET            0 :            2
 localData for PET            0 :            3
 localData for PET            0 :            4
 localData for PET            0 :            5
 localData for PET            0 :            6
 localData for PET            0 :            7
 localData for PET            0 :            8
 localData for PET            0 :            9
 localData for PET            0 :           10
 localData2 for PET            0 :            1
 localData2 for PET            0 :            2
 localData2 for PET            0 :            3
 localData2 for PET            0 :            4
 localData2 for PET            0 :            5
 localData2 for PET            0 :            6
 localData2 for PET            0 :            7
 localData2 for PET            0 :            8
 localData2 for PET            0 :            9
 localData2 for PET            0 :           10
 PASS: ESMF_VMNonBlockingEx.F90
