build time -- 2021-04-21 19:05:44
20210421 192158.365 INFO             PET0 !!!!!!!!!!!!!!!!!!!!!!!!!!!!!!!!!!!!!!!!!!!!!!!!!!!!!!
20210421 192158.365 INFO             PET0 !!! THE ESMF_LOG IS SET TO OUTPUT ALL LOG MESSAGES !!!
20210421 192158.365 INFO             PET0 !!!     THIS MAY CAUSE SLOWDOWN IN PERFORMANCE     !!!
20210421 192158.365 INFO             PET0 !!! FOR PRODUCTION RUNS, USE:                      !!!
20210421 192158.365 INFO             PET0 !!!                   ESMF_LOGKIND_Multi_On_Error  !!!
20210421 192158.365 INFO             PET0 !!!!!!!!!!!!!!!!!!!!!!!!!!!!!!!!!!!!!!!!!!!!!!!!!!!!!!
20210421 192158.365 INFO             PET0 Running with ESMF Version   : 8.2.0 beta snapshot
20210421 192158.365 INFO             PET0 ESMF library build date/time: "Apr 21 2021" "19:04:49"
20210421 192158.365 INFO             PET0 ESMF library build location : /lfs/h1/emc/nceplibs/noscrub/Mark.Potts/esmf-test-scripts/gfortran_10.2.0_mpich3_O_develop
20210421 192158.365 INFO             PET0 ESMF_COMM                   : mpich3
20210421 192158.366 INFO             PET0 ESMF_MOAB                   : enabled
20210421 192158.366 INFO             PET0 ESMF_LAPACK                 : enabled
20210421 192158.366 INFO             PET0 ESMF_NETCDF                 : enabled
20210421 192158.366 INFO             PET0 ESMF_PNETCDF                : disabled
20210421 192158.366 INFO             PET0 ESMF_PIO                    : enabled
20210421 192158.366 INFO             PET0 ESMF_YAMLCPP                : enabled
20210421 192158.366 INFO             PET0  NUMBER_OF_PROCESSORS           2
20210421 192158.366 INFO             PET0  PASS  Example ESMF_VMUserMpiCommEx, ESMF_VMUserMpiCommEx.F90, line 113
20210421 192158.366 INFO             PET0 Finalizing ESMF
20210421 192158.365 INFO             PET1 !!!!!!!!!!!!!!!!!!!!!!!!!!!!!!!!!!!!!!!!!!!!!!!!!!!!!!
20210421 192158.365 INFO             PET1 !!! THE ESMF_LOG IS SET TO OUTPUT ALL LOG MESSAGES !!!
20210421 192158.365 INFO             PET1 !!!     THIS MAY CAUSE SLOWDOWN IN PERFORMANCE     !!!
20210421 192158.365 INFO             PET1 !!! FOR PRODUCTION RUNS, USE:                      !!!
20210421 192158.365 INFO             PET1 !!!                   ESMF_LOGKIND_Multi_On_Error  !!!
20210421 192158.365 INFO             PET1 !!!!!!!!!!!!!!!!!!!!!!!!!!!!!!!!!!!!!!!!!!!!!!!!!!!!!!
20210421 192158.365 INFO             PET1 Running with ESMF Version   : 8.2.0 beta snapshot
20210421 192158.365 INFO             PET1 ESMF library build date/time: "Apr 21 2021" "19:04:49"
20210421 192158.365 INFO             PET1 ESMF library build location : /lfs/h1/emc/nceplibs/noscrub/Mark.Potts/esmf-test-scripts/gfortran_10.2.0_mpich3_O_develop
20210421 192158.365 INFO             PET1 ESMF_COMM                   : mpich3
20210421 192158.366 INFO             PET1 ESMF_MOAB                   : enabled
20210421 192158.366 INFO             PET1 ESMF_LAPACK                 : enabled
20210421 192158.366 INFO             PET1 ESMF_NETCDF                 : enabled
20210421 192158.366 INFO             PET1 ESMF_PNETCDF                : disabled
20210421 192158.366 INFO             PET1 ESMF_PIO                    : enabled
20210421 192158.366 INFO             PET1 ESMF_YAMLCPP                : enabled
20210421 192158.366 INFO             PET1  NUMBER_OF_PROCESSORS           2
20210421 192158.366 INFO             PET1  PASS  Example ESMF_VMUserMpiCommEx, ESMF_VMUserMpiCommEx.F90, line 113
20210421 192158.366 INFO             PET1 Finalizing ESMF
