Configured with: --prefix=/Library/Developer/CommandLineTools/usr --with-gxx-include-dir=/Library/Developer/CommandLineTools/SDKs/MacOSX10.14.sdk/usr/include/c++/4.2.1
 
Installing ESMF:
 
mkdir -p /Volumes/esmf/mpotts/gfortran_9.3.0_mpiuni_g/DEFAULTINSTALLDIR/include
cp -f /Volumes/esmf/mpotts/gfortran_9.3.0_mpiuni_g/src/include/ESMC.h /Volumes/esmf/mpotts/gfortran_9.3.0_mpiuni_g/DEFAULTINSTALLDIR/include
cp -f /Volumes/esmf/mpotts/gfortran_9.3.0_mpiuni_g/src/include/ESMC_*.h /Volumes/esmf/mpotts/gfortran_9.3.0_mpiuni_g/DEFAULTINSTALLDIR/include
cp -f /Volumes/esmf/mpotts/gfortran_9.3.0_mpiuni_g/build_config/Darwin.gfortran.default/ESMC_Conf.h /Volumes/esmf/mpotts/gfortran_9.3.0_mpiuni_g/DEFAULTINSTALLDIR/include
mkdir -p /Volumes/esmf/mpotts/gfortran_9.3.0_mpiuni_g/DEFAULTINSTALLDIR/mod/modg/Darwin.gfortran.64.mpiuni.default
cp -f /Volumes/esmf/mpotts/gfortran_9.3.0_mpiuni_g/mod/modg/Darwin.gfortran.64.mpiuni.default/*.mod /Volumes/esmf/mpotts/gfortran_9.3.0_mpiuni_g/DEFAULTINSTALLDIR/mod/modg/Darwin.gfortran.64.mpiuni.default
mkdir -p /Volumes/esmf/mpotts/gfortran_9.3.0_mpiuni_g/DEFAULTINSTALLDIR/lib/libg/Darwin.gfortran.64.mpiuni.default
cp -f /Volumes/esmf/mpotts/gfortran_9.3.0_mpiuni_g/lib/libg/Darwin.gfortran.64.mpiuni.default/libesmf*.* /Volumes/esmf/mpotts/gfortran_9.3.0_mpiuni_g/DEFAULTINSTALLDIR/lib/libg/Darwin.gfortran.64.mpiuni.default
/Library/Developer/CommandLineTools/usr/bin/make ESMF_PRELOADDIR=/Volumes/esmf/mpotts/gfortran_9.3.0_mpiuni_g/DEFAULTINSTALLDIR/lib/libg/Darwin.gfortran.64.mpiuni.default build_preload_script
Configured with: --prefix=/Library/Developer/CommandLineTools/usr --with-gxx-include-dir=/Library/Developer/CommandLineTools/SDKs/MacOSX10.14.sdk/usr/include/c++/4.2.1
chmod 755 /Volumes/esmf/mpotts/gfortran_9.3.0_mpiuni_g/DEFAULTINSTALLDIR/lib/libg/Darwin.gfortran.64.mpiuni.default/preload.sh
ranlib /Volumes/esmf/mpotts/gfortran_9.3.0_mpiuni_g/DEFAULTINSTALLDIR/lib/libg/Darwin.gfortran.64.mpiuni.default/libesmf*.a
/Library/Developer/CommandLineTools/usr/bin/ranlib: file: /Volumes/esmf/mpotts/gfortran_9.3.0_mpiuni_g/DEFAULTINSTALLDIR/lib/libg/Darwin.gfortran.64.mpiuni.default/libesmf.a(ESMCI_Fraction_F.o) has no symbols
/Library/Developer/CommandLineTools/usr/bin/ranlib: file: /Volumes/esmf/mpotts/gfortran_9.3.0_mpiuni_g/DEFAULTINSTALLDIR/lib/libg/Darwin.gfortran.64.mpiuni.default/libesmf.a(ESMF.o) has no symbols
/Library/Developer/CommandLineTools/usr/bin/ranlib: file: /Volumes/esmf/mpotts/gfortran_9.3.0_mpiuni_g/DEFAULTINSTALLDIR/lib/libg/Darwin.gfortran.64.mpiuni.default/libesmf.a(ESMF_LocalArray.o) has no symbols
/Library/Developer/CommandLineTools/usr/bin/ranlib: file: /Volumes/esmf/mpotts/gfortran_9.3.0_mpiuni_g/DEFAULTINSTALLDIR/lib/libg/Darwin.gfortran.64.mpiuni.default/libesmf.a(ESMF_LogPublic.o) has no symbols
/Library/Developer/CommandLineTools/usr/bin/ranlib: file: /Volumes/esmf/mpotts/gfortran_9.3.0_mpiuni_g/DEFAULTINSTALLDIR/lib/libg/Darwin.gfortran.64.mpiuni.default/libesmf.a(ESMF_State.o) has no symbols
/Library/Developer/CommandLineTools/usr/bin/ranlib: file: /Volumes/esmf/mpotts/gfortran_9.3.0_mpiuni_g/DEFAULTINSTALLDIR/lib/libg/Darwin.gfortran.64.mpiuni.default/libesmf.a(NUOPC.o) has no symbols
/Library/Developer/CommandLineTools/usr/bin/ranlib: file: /Volumes/esmf/mpotts/gfortran_9.3.0_mpiuni_g/DEFAULTINSTALLDIR/lib/libg/Darwin.gfortran.64.mpiuni.default/libesmf.a(phg_comm.o) has no symbols
/Library/Developer/CommandLineTools/usr/bin/ranlib: file: /Volumes/esmf/mpotts/gfortran_9.3.0_mpiuni_g/DEFAULTINSTALLDIR/lib/libg/Darwin.gfortran.64.mpiuni.default/libesmftrace_static.a(wrappers_mpi.o) has no symbols
/Library/Developer/CommandLineTools/usr/bin/make install_apps
Configured with: --prefix=/Library/Developer/CommandLineTools/usr --with-gxx-include-dir=/Library/Developer/CommandLineTools/SDKs/MacOSX10.14.sdk/usr/include/c++/4.2.1
mkdir -p /Volumes/esmf/mpotts/gfortran_9.3.0_mpiuni_g/DEFAULTINSTALLDIR/bin/bing/Darwin.gfortran.64.mpiuni.default
/Library/Developer/CommandLineTools/usr/bin/make build_apps ESMF_APPSDIR=/Volumes/esmf/mpotts/gfortran_9.3.0_mpiuni_g/DEFAULTINSTALLDIR/bin/bing/Darwin.gfortran.64.mpiuni.default ESMF_LDIR=/Volumes/esmf/mpotts/gfortran_9.3.0_mpiuni_g/DEFAULTINSTALLDIR/lib/libg/Darwin.gfortran.64.mpiuni.default ESMF_LIBDIR=/Volumes/esmf/mpotts/gfortran_9.3.0_mpiuni_g/DEFAULTINSTALLDIR/lib/libg/Darwin.gfortran.64.mpiuni.default ESMF_MODDIR=/Volumes/esmf/mpotts/gfortran_9.3.0_mpiuni_g/DEFAULTINSTALLDIR/mod/modg/Darwin.gfortran.64.mpiuni.default
Configured with: --prefix=/Library/Developer/CommandLineTools/usr --with-gxx-include-dir=/Library/Developer/CommandLineTools/SDKs/MacOSX10.14.sdk/usr/include/c++/4.2.1
cd /Volumes/esmf/mpotts/gfortran_9.3.0_mpiuni_g/src/apps; /Library/Developer/CommandLineTools/usr/bin/make ACTION=tree_build_apps tree
Configured with: --prefix=/Library/Developer/CommandLineTools/usr --with-gxx-include-dir=/Library/Developer/CommandLineTools/SDKs/MacOSX10.14.sdk/usr/include/c++/4.2.1
tree_build_apps in: /Volumes/esmf/mpotts/gfortran_9.3.0_mpiuni_g/src/apps/ESMF_PrintInfo
Configured with: --prefix=/Library/Developer/CommandLineTools/usr --with-gxx-include-dir=/Library/Developer/CommandLineTools/SDKs/MacOSX10.14.sdk/usr/include/c++/4.2.1
/Library/Developer/CommandLineTools/usr/bin/make chkdir_locobj
Configured with: --prefix=/Library/Developer/CommandLineTools/usr --with-gxx-include-dir=/Library/Developer/CommandLineTools/SDKs/MacOSX10.14.sdk/usr/include/c++/4.2.1
Making directory /Volumes/esmf/mpotts/gfortran_9.3.0_mpiuni_g/obj/objg/Darwin.gfortran.64.mpiuni.default/src/apps/ESMF_PrintInfo for apps output
gfortran -c -g -Wall -Wextra -Wconversion -Wno-unused -Wno-unused-dummy-argument -fbacktrace -fimplicit-none -fcheck=all,no-pointer   -m64 -mcmodel=small -ffree-line-length-none -I/Volumes/esmf/mpotts/gfortran_9.3.0_mpiuni_g/src/apps/ESMF_PrintInfo -I/Volumes/esmf/mpotts/gfortran_9.3.0_mpiuni_g/build_config/Darwin.gfortran.default -I/Volumes/esmf/mpotts/gfortran_9.3.0_mpiuni_g/src/Infrastructure -I/Volumes/esmf/mpotts/gfortran_9.3.0_mpiuni_g/src/Superstructure -I/Volumes/esmf/mpotts/gfortran_9.3.0_mpiuni_g/DEFAULTINSTALLDIR/mod/modg/Darwin.gfortran.64.mpiuni.default -I/Volumes/esmf/mpotts/gfortran_9.3.0_mpiuni_g/src/include -I/usr/local/Cellar/netcdf/4.7.4_1/include  -DESMF_NO_INTEGER_1_BYTE -DESMF_NO_INTEGER_2_BYTE -DESMFVERSIONGIT='"ESMF_8_2_0_beta_snapshot_04-7-g3098c96bb1"' -DESMF_MOAB=1 -DESMF_LAPACK=1 -DESMF_LAPACK_INTERNAL=1 -DESMF_NO_ACC_SOFTWARE_STACK=1 -DESMF_NETCDF=1 -DESMF_YAMLCPP=1 -DESMF_YAML=1 -DESMF_NO_PTHREADS -DESMF_NO_OPENMP -DESMF_NO_OPENACC -DESMF_TESTEXHAUSTIVE -DESMF_BOPT_g -DESMF_TESTCOMPTUNNEL -DESMF_TESTWITHTHREADS -DSx86_64_small=1 -DESMF_OS_Darwin=1 -DESMF_COMM=mpiuni -DESMF_DIR=/Volumes/esmf/mpotts/gfortran_9.3.0_mpiuni_g -DESMF_MPIUNI ESMF_PrintInfo.F90 -o /Volumes/esmf/mpotts/gfortran_9.3.0_mpiuni_g/obj/objg/Darwin.gfortran.64.mpiuni.default/src/apps/ESMF_PrintInfo/ESMF_PrintInfo.o
/Library/Developer/CommandLineTools/usr/bin/make chkdir_apps
Configured with: --prefix=/Library/Developer/CommandLineTools/usr --with-gxx-include-dir=/Library/Developer/CommandLineTools/SDKs/MacOSX10.14.sdk/usr/include/c++/4.2.1
gfortran     -m64 -mcmodel=small -L/Volumes/esmf/mpotts/gfortran_9.3.0_mpiuni_g/DEFAULTINSTALLDIR/lib/libg/Darwin.gfortran.64.mpiuni.default -L/usr/local/Cellar/netcdf/4.7.4_1/lib -L./  -o /Volumes/esmf/mpotts/gfortran_9.3.0_mpiuni_g/DEFAULTINSTALLDIR/bin/bing/Darwin.gfortran.64.mpiuni.default/ESMF_PrintInfo /Volumes/esmf/mpotts/gfortran_9.3.0_mpiuni_g/obj/objg/Darwin.gfortran.64.mpiuni.default/src/apps/ESMF_PrintInfo/ESMF_PrintInfo.o -lesmf  -lstdc++ -lc++ -lnetcdf -lnetcdff
tree_build_apps in: /Volumes/esmf/mpotts/gfortran_9.3.0_mpiuni_g/src/apps/ESMF_PrintInfoC
Configured with: --prefix=/Library/Developer/CommandLineTools/usr --with-gxx-include-dir=/Library/Developer/CommandLineTools/SDKs/MacOSX10.14.sdk/usr/include/c++/4.2.1
/Library/Developer/CommandLineTools/usr/bin/make chkdir_locobj
Configured with: --prefix=/Library/Developer/CommandLineTools/usr --with-gxx-include-dir=/Library/Developer/CommandLineTools/SDKs/MacOSX10.14.sdk/usr/include/c++/4.2.1
Making directory /Volumes/esmf/mpotts/gfortran_9.3.0_mpiuni_g/obj/objg/Darwin.gfortran.64.mpiuni.default/src/apps/ESMF_PrintInfoC for apps output
g++ -c -std=c++11 -g  -DESMF_LOWERCASE_SINGLEUNDERSCORE -m64 -mcmodel=small -I/Volumes/esmf/mpotts/gfortran_9.3.0_mpiuni_g/src/apps/ESMF_PrintInfoC -I/Volumes/esmf/mpotts/gfortran_9.3.0_mpiuni_g/src/apps/ESMF_PrintInfoC/../include -I/Volumes/esmf/mpotts/gfortran_9.3.0_mpiuni_g/build_config/Darwin.gfortran.default -I/Volumes/esmf/mpotts/gfortran_9.3.0_mpiuni_g/src/Infrastructure -I/Volumes/esmf/mpotts/gfortran_9.3.0_mpiuni_g/src/Superstructure -I/Volumes/esmf/mpotts/gfortran_9.3.0_mpiuni_g/src/Infrastructure/stubs/pthread  -I/Volumes/esmf/mpotts/gfortran_9.3.0_mpiuni_g/src/include  -I/usr/local/Cellar/netcdf/4.7.4_1/include -I/Volumes/esmf/mpotts/gfortran_9.3.0_mpiuni_g/src/Infrastructure/stubs/mpiuni -I/Volumes/esmf/mpotts/gfortran_9.3.0_mpiuni_g/src/prologue/yaml-cpp/include -DESMF_NO_INTEGER_1_BYTE -DESMF_NO_INTEGER_2_BYTE -DESMFVERSIONGIT='"ESMF_8_2_0_beta_snapshot_04-7-g3098c96bb1"' -DESMF_MOAB=1 -DESMF_LAPACK=1 -DESMF_LAPACK_INTERNAL=1 -DESMF_NO_ACC_SOFTWARE_STACK=1 -DESMF_NETCDF=1 -DESMF_YAMLCPP=1 -DESMF_YAML=1 -DESMF_NO_PTHREADS -DESMF_NO_OPENMP -DESMF_NO_OPENACC -DESMF_TESTEXHAUSTIVE -DESMF_BOPT_g -DESMF_TESTCOMPTUNNEL -DESMF_TESTWITHTHREADS -DSx86_64_small=1 -DESMF_OS_Darwin=1 -DESMF_COMM=mpiuni -DESMF_DIR=/Volumes/esmf/mpotts/gfortran_9.3.0_mpiuni_g -D__SDIR__='"src/apps/ESMF_PrintInfoC"' -DESMF_CXXSTD=11 -DESMF_MPIUNI ESMF_PrintInfoC.c -o /Volumes/esmf/mpotts/gfortran_9.3.0_mpiuni_g/obj/objg/Darwin.gfortran.64.mpiuni.default/src/apps/ESMF_PrintInfoC/ESMF_PrintInfoC.o
clang: warning: treating 'c' input as 'c++' when in C++ mode, this behavior is deprecated [-Wdeprecated]
/Library/Developer/CommandLineTools/usr/bin/make chkdir_apps
Configured with: --prefix=/Library/Developer/CommandLineTools/usr --with-gxx-include-dir=/Library/Developer/CommandLineTools/SDKs/MacOSX10.14.sdk/usr/include/c++/4.2.1
g++    -m64 -mcmodel=small -L/Volumes/esmf/mpotts/gfortran_9.3.0_mpiuni_g/DEFAULTINSTALLDIR/lib/libg/Darwin.gfortran.64.mpiuni.default -L/usr/local/Cellar/netcdf/4.7.4_1/lib -L/usr/local/Cellar/gcc/10.1.0/lib/gcc/10/gcc/x86_64-apple-darwin18/10.1.0/../../../  -o /Volumes/esmf/mpotts/gfortran_9.3.0_mpiuni_g/DEFAULTINSTALLDIR/bin/bing/Darwin.gfortran.64.mpiuni.default/ESMF_PrintInfoC /Volumes/esmf/mpotts/gfortran_9.3.0_mpiuni_g/obj/objg/Darwin.gfortran.64.mpiuni.default/src/apps/ESMF_PrintInfoC/ESMF_PrintInfoC.o -lesmf  -lgfortran -lnetcdf -lnetcdff
tree_build_apps in: /Volumes/esmf/mpotts/gfortran_9.3.0_mpiuni_g/src/apps/ESMF_RegridWeightGen
Configured with: --prefix=/Library/Developer/CommandLineTools/usr --with-gxx-include-dir=/Library/Developer/CommandLineTools/SDKs/MacOSX10.14.sdk/usr/include/c++/4.2.1
/Library/Developer/CommandLineTools/usr/bin/make chkdir_locobj
Configured with: --prefix=/Library/Developer/CommandLineTools/usr --with-gxx-include-dir=/Library/Developer/CommandLineTools/SDKs/MacOSX10.14.sdk/usr/include/c++/4.2.1
Making directory /Volumes/esmf/mpotts/gfortran_9.3.0_mpiuni_g/obj/objg/Darwin.gfortran.64.mpiuni.default/src/apps/ESMF_RegridWeightGen for apps output
gfortran -c -g -Wall -Wextra -Wconversion -Wno-unused -Wno-unused-dummy-argument -fbacktrace -fimplicit-none -fcheck=all,no-pointer   -m64 -mcmodel=small -ffree-line-length-none -I/Volumes/esmf/mpotts/gfortran_9.3.0_mpiuni_g/src/apps/ESMF_RegridWeightGen -I/Volumes/esmf/mpotts/gfortran_9.3.0_mpiuni_g/build_config/Darwin.gfortran.default -I/Volumes/esmf/mpotts/gfortran_9.3.0_mpiuni_g/src/Infrastructure -I/Volumes/esmf/mpotts/gfortran_9.3.0_mpiuni_g/src/Superstructure -I/Volumes/esmf/mpotts/gfortran_9.3.0_mpiuni_g/DEFAULTINSTALLDIR/mod/modg/Darwin.gfortran.64.mpiuni.default -I/Volumes/esmf/mpotts/gfortran_9.3.0_mpiuni_g/src/include -I/usr/local/Cellar/netcdf/4.7.4_1/include  -DESMF_NO_INTEGER_1_BYTE -DESMF_NO_INTEGER_2_BYTE -DESMFVERSIONGIT='"ESMF_8_2_0_beta_snapshot_04-7-g3098c96bb1"' -DESMF_MOAB=1 -DESMF_LAPACK=1 -DESMF_LAPACK_INTERNAL=1 -DESMF_NO_ACC_SOFTWARE_STACK=1 -DESMF_NETCDF=1 -DESMF_YAMLCPP=1 -DESMF_YAML=1 -DESMF_NO_PTHREADS -DESMF_NO_OPENMP -DESMF_NO_OPENACC -DESMF_TESTEXHAUSTIVE -DESMF_BOPT_g -DESMF_TESTCOMPTUNNEL -DESMF_TESTWITHTHREADS -DSx86_64_small=1 -DESMF_OS_Darwin=1 -DESMF_COMM=mpiuni -DESMF_DIR=/Volumes/esmf/mpotts/gfortran_9.3.0_mpiuni_g -DESMF_MPIUNI ESMF_RegridWeightGen.F90 -o /Volumes/esmf/mpotts/gfortran_9.3.0_mpiuni_g/obj/objg/Darwin.gfortran.64.mpiuni.default/src/apps/ESMF_RegridWeightGen/ESMF_RegridWeightGen.o
/Library/Developer/CommandLineTools/usr/bin/make chkdir_apps
Configured with: --prefix=/Library/Developer/CommandLineTools/usr --with-gxx-include-dir=/Library/Developer/CommandLineTools/SDKs/MacOSX10.14.sdk/usr/include/c++/4.2.1
gfortran     -m64 -mcmodel=small -L/Volumes/esmf/mpotts/gfortran_9.3.0_mpiuni_g/DEFAULTINSTALLDIR/lib/libg/Darwin.gfortran.64.mpiuni.default -L/usr/local/Cellar/netcdf/4.7.4_1/lib -L./  -o /Volumes/esmf/mpotts/gfortran_9.3.0_mpiuni_g/DEFAULTINSTALLDIR/bin/bing/Darwin.gfortran.64.mpiuni.default/ESMF_RegridWeightGen /Volumes/esmf/mpotts/gfortran_9.3.0_mpiuni_g/obj/objg/Darwin.gfortran.64.mpiuni.default/src/apps/ESMF_RegridWeightGen/ESMF_RegridWeightGen.o -lesmf  -lstdc++ -lc++ -lnetcdf -lnetcdff
tree_build_apps in: /Volumes/esmf/mpotts/gfortran_9.3.0_mpiuni_g/src/apps/ESMF_WebServController
Configured with: --prefix=/Library/Developer/CommandLineTools/usr --with-gxx-include-dir=/Library/Developer/CommandLineTools/SDKs/MacOSX10.14.sdk/usr/include/c++/4.2.1
/Library/Developer/CommandLineTools/usr/bin/make chkdir_locobj
Configured with: --prefix=/Library/Developer/CommandLineTools/usr --with-gxx-include-dir=/Library/Developer/CommandLineTools/SDKs/MacOSX10.14.sdk/usr/include/c++/4.2.1
Making directory /Volumes/esmf/mpotts/gfortran_9.3.0_mpiuni_g/obj/objg/Darwin.gfortran.64.mpiuni.default/src/apps/ESMF_WebServController for apps output
g++ -c -std=c++11 -g  -DESMF_LOWERCASE_SINGLEUNDERSCORE -m64 -mcmodel=small -I/Volumes/esmf/mpotts/gfortran_9.3.0_mpiuni_g/src/apps/ESMF_WebServController -I/Volumes/esmf/mpotts/gfortran_9.3.0_mpiuni_g/src/apps/ESMF_WebServController/../include -I/Volumes/esmf/mpotts/gfortran_9.3.0_mpiuni_g/build_config/Darwin.gfortran.default -I/Volumes/esmf/mpotts/gfortran_9.3.0_mpiuni_g/src/Infrastructure -I/Volumes/esmf/mpotts/gfortran_9.3.0_mpiuni_g/src/Superstructure -I/Volumes/esmf/mpotts/gfortran_9.3.0_mpiuni_g/src/Infrastructure/stubs/pthread  -I/Volumes/esmf/mpotts/gfortran_9.3.0_mpiuni_g/src/include  -I/usr/local/Cellar/netcdf/4.7.4_1/include -I/Volumes/esmf/mpotts/gfortran_9.3.0_mpiuni_g/src/Infrastructure/stubs/mpiuni -I/Volumes/esmf/mpotts/gfortran_9.3.0_mpiuni_g/src/prologue/yaml-cpp/include -DESMF_NO_INTEGER_1_BYTE -DESMF_NO_INTEGER_2_BYTE -DESMFVERSIONGIT='"ESMF_8_2_0_beta_snapshot_04-7-g3098c96bb1"' -DESMF_MOAB=1 -DESMF_LAPACK=1 -DESMF_LAPACK_INTERNAL=1 -DESMF_NO_ACC_SOFTWARE_STACK=1 -DESMF_NETCDF=1 -DESMF_YAMLCPP=1 -DESMF_YAML=1 -DESMF_NO_PTHREADS -DESMF_NO_OPENMP -DESMF_NO_OPENACC -DESMF_TESTEXHAUSTIVE -DESMF_BOPT_g -DESMF_TESTCOMPTUNNEL -DESMF_TESTWITHTHREADS -DSx86_64_small=1 -DESMF_OS_Darwin=1 -DESMF_COMM=mpiuni -DESMF_DIR=/Volumes/esmf/mpotts/gfortran_9.3.0_mpiuni_g -D__SDIR__='"src/apps/ESMF_WebServController"' -DESMF_CXXSTD=11 -DESMF_MPIUNI ESMF_WebServController.C -o /Volumes/esmf/mpotts/gfortran_9.3.0_mpiuni_g/obj/objg/Darwin.gfortran.64.mpiuni.default/src/apps/ESMF_WebServController/ESMF_WebServController.o
/Library/Developer/CommandLineTools/usr/bin/make chkdir_apps
Configured with: --prefix=/Library/Developer/CommandLineTools/usr --with-gxx-include-dir=/Library/Developer/CommandLineTools/SDKs/MacOSX10.14.sdk/usr/include/c++/4.2.1
g++    -m64 -mcmodel=small -L/Volumes/esmf/mpotts/gfortran_9.3.0_mpiuni_g/DEFAULTINSTALLDIR/lib/libg/Darwin.gfortran.64.mpiuni.default -L/usr/local/Cellar/netcdf/4.7.4_1/lib -L/usr/local/Cellar/gcc/10.1.0/lib/gcc/10/gcc/x86_64-apple-darwin18/10.1.0/../../../  -o /Volumes/esmf/mpotts/gfortran_9.3.0_mpiuni_g/DEFAULTINSTALLDIR/bin/bing/Darwin.gfortran.64.mpiuni.default/ESMF_WebServController /Volumes/esmf/mpotts/gfortran_9.3.0_mpiuni_g/obj/objg/Darwin.gfortran.64.mpiuni.default/src/apps/ESMF_WebServController/ESMF_WebServController.o -lesmf  -lgfortran -lnetcdf -lnetcdff
tree_build_apps in: /Volumes/esmf/mpotts/gfortran_9.3.0_mpiuni_g/src/apps/ESMF_Scrip2Unstruct
Configured with: --prefix=/Library/Developer/CommandLineTools/usr --with-gxx-include-dir=/Library/Developer/CommandLineTools/SDKs/MacOSX10.14.sdk/usr/include/c++/4.2.1
/Library/Developer/CommandLineTools/usr/bin/make chkdir_locobj
Configured with: --prefix=/Library/Developer/CommandLineTools/usr --with-gxx-include-dir=/Library/Developer/CommandLineTools/SDKs/MacOSX10.14.sdk/usr/include/c++/4.2.1
Making directory /Volumes/esmf/mpotts/gfortran_9.3.0_mpiuni_g/obj/objg/Darwin.gfortran.64.mpiuni.default/src/apps/ESMF_Scrip2Unstruct for apps output
g++ -c -std=c++11 -g  -DESMF_LOWERCASE_SINGLEUNDERSCORE -m64 -mcmodel=small -I/Volumes/esmf/mpotts/gfortran_9.3.0_mpiuni_g/src/apps/ESMF_Scrip2Unstruct -I/Volumes/esmf/mpotts/gfortran_9.3.0_mpiuni_g/src/apps/ESMF_Scrip2Unstruct/../include -I/Volumes/esmf/mpotts/gfortran_9.3.0_mpiuni_g/build_config/Darwin.gfortran.default -I/Volumes/esmf/mpotts/gfortran_9.3.0_mpiuni_g/src/Infrastructure -I/Volumes/esmf/mpotts/gfortran_9.3.0_mpiuni_g/src/Superstructure -I/Volumes/esmf/mpotts/gfortran_9.3.0_mpiuni_g/src/Infrastructure/stubs/pthread  -I/Volumes/esmf/mpotts/gfortran_9.3.0_mpiuni_g/src/include  -I/usr/local/Cellar/netcdf/4.7.4_1/include -I/Volumes/esmf/mpotts/gfortran_9.3.0_mpiuni_g/src/Infrastructure/stubs/mpiuni -I/Volumes/esmf/mpotts/gfortran_9.3.0_mpiuni_g/src/prologue/yaml-cpp/include -DESMF_NO_INTEGER_1_BYTE -DESMF_NO_INTEGER_2_BYTE -DESMFVERSIONGIT='"ESMF_8_2_0_beta_snapshot_04-7-g3098c96bb1"' -DESMF_MOAB=1 -DESMF_LAPACK=1 -DESMF_LAPACK_INTERNAL=1 -DESMF_NO_ACC_SOFTWARE_STACK=1 -DESMF_NETCDF=1 -DESMF_YAMLCPP=1 -DESMF_YAML=1 -DESMF_NO_PTHREADS -DESMF_NO_OPENMP -DESMF_NO_OPENACC -DESMF_TESTEXHAUSTIVE -DESMF_BOPT_g -DESMF_TESTCOMPTUNNEL -DESMF_TESTWITHTHREADS -DSx86_64_small=1 -DESMF_OS_Darwin=1 -DESMF_COMM=mpiuni -DESMF_DIR=/Volumes/esmf/mpotts/gfortran_9.3.0_mpiuni_g -D__SDIR__='"src/apps/ESMF_Scrip2Unstruct"' -DESMF_CXXSTD=11 -DESMF_MPIUNI ESMF_Scrip2Unstruct.C -o /Volumes/esmf/mpotts/gfortran_9.3.0_mpiuni_g/obj/objg/Darwin.gfortran.64.mpiuni.default/src/apps/ESMF_Scrip2Unstruct/ESMF_Scrip2Unstruct.o
/Library/Developer/CommandLineTools/usr/bin/make chkdir_apps
Configured with: --prefix=/Library/Developer/CommandLineTools/usr --with-gxx-include-dir=/Library/Developer/CommandLineTools/SDKs/MacOSX10.14.sdk/usr/include/c++/4.2.1
g++    -m64 -mcmodel=small -L/Volumes/esmf/mpotts/gfortran_9.3.0_mpiuni_g/DEFAULTINSTALLDIR/lib/libg/Darwin.gfortran.64.mpiuni.default -L/usr/local/Cellar/netcdf/4.7.4_1/lib -L/usr/local/Cellar/gcc/10.1.0/lib/gcc/10/gcc/x86_64-apple-darwin18/10.1.0/../../../  -o /Volumes/esmf/mpotts/gfortran_9.3.0_mpiuni_g/DEFAULTINSTALLDIR/bin/bing/Darwin.gfortran.64.mpiuni.default/ESMF_Scrip2Unstruct /Volumes/esmf/mpotts/gfortran_9.3.0_mpiuni_g/obj/objg/Darwin.gfortran.64.mpiuni.default/src/apps/ESMF_Scrip2Unstruct/ESMF_Scrip2Unstruct.o -lesmf  -lgfortran -lnetcdf -lnetcdff
tree_build_apps in: /Volumes/esmf/mpotts/gfortran_9.3.0_mpiuni_g/src/apps/ESMF_Regrid
Configured with: --prefix=/Library/Developer/CommandLineTools/usr --with-gxx-include-dir=/Library/Developer/CommandLineTools/SDKs/MacOSX10.14.sdk/usr/include/c++/4.2.1
/Library/Developer/CommandLineTools/usr/bin/make chkdir_locobj
Configured with: --prefix=/Library/Developer/CommandLineTools/usr --with-gxx-include-dir=/Library/Developer/CommandLineTools/SDKs/MacOSX10.14.sdk/usr/include/c++/4.2.1
Making directory /Volumes/esmf/mpotts/gfortran_9.3.0_mpiuni_g/obj/objg/Darwin.gfortran.64.mpiuni.default/src/apps/ESMF_Regrid for apps output
gfortran -c -g -Wall -Wextra -Wconversion -Wno-unused -Wno-unused-dummy-argument -fbacktrace -fimplicit-none -fcheck=all,no-pointer   -m64 -mcmodel=small -ffree-line-length-none -I/Volumes/esmf/mpotts/gfortran_9.3.0_mpiuni_g/src/apps/ESMF_Regrid -I/Volumes/esmf/mpotts/gfortran_9.3.0_mpiuni_g/build_config/Darwin.gfortran.default -I/Volumes/esmf/mpotts/gfortran_9.3.0_mpiuni_g/src/Infrastructure -I/Volumes/esmf/mpotts/gfortran_9.3.0_mpiuni_g/src/Superstructure -I/Volumes/esmf/mpotts/gfortran_9.3.0_mpiuni_g/DEFAULTINSTALLDIR/mod/modg/Darwin.gfortran.64.mpiuni.default -I/Volumes/esmf/mpotts/gfortran_9.3.0_mpiuni_g/src/include -I/usr/local/Cellar/netcdf/4.7.4_1/include  -DESMF_NO_INTEGER_1_BYTE -DESMF_NO_INTEGER_2_BYTE -DESMFVERSIONGIT='"ESMF_8_2_0_beta_snapshot_04-7-g3098c96bb1"' -DESMF_MOAB=1 -DESMF_LAPACK=1 -DESMF_LAPACK_INTERNAL=1 -DESMF_NO_ACC_SOFTWARE_STACK=1 -DESMF_NETCDF=1 -DESMF_YAMLCPP=1 -DESMF_YAML=1 -DESMF_NO_PTHREADS -DESMF_NO_OPENMP -DESMF_NO_OPENACC -DESMF_TESTEXHAUSTIVE -DESMF_BOPT_g -DESMF_TESTCOMPTUNNEL -DESMF_TESTWITHTHREADS -DSx86_64_small=1 -DESMF_OS_Darwin=1 -DESMF_COMM=mpiuni -DESMF_DIR=/Volumes/esmf/mpotts/gfortran_9.3.0_mpiuni_g -DESMF_MPIUNI ESMF_Regrid.F90 -o /Volumes/esmf/mpotts/gfortran_9.3.0_mpiuni_g/obj/objg/Darwin.gfortran.64.mpiuni.default/src/apps/ESMF_Regrid/ESMF_Regrid.o
/Library/Developer/CommandLineTools/usr/bin/make chkdir_apps
Configured with: --prefix=/Library/Developer/CommandLineTools/usr --with-gxx-include-dir=/Library/Developer/CommandLineTools/SDKs/MacOSX10.14.sdk/usr/include/c++/4.2.1
gfortran     -m64 -mcmodel=small -L/Volumes/esmf/mpotts/gfortran_9.3.0_mpiuni_g/DEFAULTINSTALLDIR/lib/libg/Darwin.gfortran.64.mpiuni.default -L/usr/local/Cellar/netcdf/4.7.4_1/lib -L./  -o /Volumes/esmf/mpotts/gfortran_9.3.0_mpiuni_g/DEFAULTINSTALLDIR/bin/bing/Darwin.gfortran.64.mpiuni.default/ESMF_Regrid /Volumes/esmf/mpotts/gfortran_9.3.0_mpiuni_g/obj/objg/Darwin.gfortran.64.mpiuni.default/src/apps/ESMF_Regrid/ESMF_Regrid.o -lesmf  -lstdc++ -lc++ -lnetcdf -lnetcdff
ESMF apps built successfully.
mkdir -p /Volumes/esmf/mpotts/gfortran_9.3.0_mpiuni_g/DEFAULTINSTALLDIR/doc
/Library/Developer/CommandLineTools/usr/bin/make install_info_mk
Configured with: --prefix=/Library/Developer/CommandLineTools/usr --with-gxx-include-dir=/Library/Developer/CommandLineTools/SDKs/MacOSX10.14.sdk/usr/include/c++/4.2.1
/Library/Developer/CommandLineTools/usr/bin/make info_mk ESMF_APPSDIR=/Volumes/esmf/mpotts/gfortran_9.3.0_mpiuni_g/DEFAULTINSTALLDIR/bin/bing/Darwin.gfortran.64.mpiuni.default ESMF_LDIR=/Volumes/esmf/mpotts/gfortran_9.3.0_mpiuni_g/DEFAULTINSTALLDIR/lib/libg/Darwin.gfortran.64.mpiuni.default ESMF_LIBDIR=/Volumes/esmf/mpotts/gfortran_9.3.0_mpiuni_g/DEFAULTINSTALLDIR/lib/libg/Darwin.gfortran.64.mpiuni.default ESMF_MODDIR=/Volumes/esmf/mpotts/gfortran_9.3.0_mpiuni_g/DEFAULTINSTALLDIR/mod/modg/Darwin.gfortran.64.mpiuni.default ESMF_INCDIR=/Volumes/esmf/mpotts/gfortran_9.3.0_mpiuni_g/DEFAULTINSTALLDIR/include
Configured with: --prefix=/Library/Developer/CommandLineTools/usr --with-gxx-include-dir=/Library/Developer/CommandLineTools/SDKs/MacOSX10.14.sdk/usr/include/c++/4.2.1
 
ESMF installation complete.
 
