20210410 030724.614 INFO             PET0 !!!!!!!!!!!!!!!!!!!!!!!!!!!!!!!!!!!!!!!!!!!!!!!!!!!!!!
20210410 030724.614 INFO             PET0 !!! THE ESMF_LOG IS SET TO OUTPUT ALL LOG MESSAGES !!!
20210410 030724.614 INFO             PET0 !!!     THIS MAY CAUSE SLOWDOWN IN PERFORMANCE     !!!
20210410 030724.614 INFO             PET0 !!! FOR PRODUCTION RUNS, USE:                      !!!
20210410 030724.614 INFO             PET0 !!!                   ESMF_LOGKIND_Multi_On_Error  !!!
20210410 030724.614 INFO             PET0 !!!!!!!!!!!!!!!!!!!!!!!!!!!!!!!!!!!!!!!!!!!!!!!!!!!!!!
20210410 030724.614 INFO             PET0 Running with ESMF Version   : ESMF_8_2_0_beta_snapshot_04-7-g3098c96
20210410 030724.614 INFO             PET0 ESMF library build date/time: "Apr 10 2021" "02:39:37"
20210410 030724.614 INFO             PET0 ESMF library build location : /work/noaa/da/mpotts/sandbox/gfortran_8.3.0_openmpi_g
20210410 030724.614 INFO             PET0 ESMF_COMM                   : openmpi
20210410 030724.616 INFO             PET0 ESMF_MOAB                   : enabled
20210410 030724.616 INFO             PET0 ESMF_LAPACK                 : enabled
20210410 030724.616 INFO             PET0 ESMF_NETCDF                 : enabled
20210410 030724.616 INFO             PET0 ESMF_PNETCDF                : disabled
20210410 030724.616 INFO             PET0 ESMF_PIO                    : enabled
20210410 030724.616 INFO             PET0 ESMF_YAMLCPP                : enabled
20210410 030724.616 INFO             PET0  NUMBER_OF_PROCESSORS           4
20210410 030724.616 INFO             PET0  PASS  Example ESMF_VMUserMpiCommMultiEx, ESMF_VMUserMpiCommMultiEx.F90, line 126
20210410 030724.616 INFO             PET0 Finalizing ESMF
20210410 030724.601 INFO             PET0 !!!!!!!!!!!!!!!!!!!!!!!!!!!!!!!!!!!!!!!!!!!!!!!!!!!!!!
20210410 030724.601 INFO             PET0 !!! THE ESMF_LOG IS SET TO OUTPUT ALL LOG MESSAGES !!!
20210410 030724.601 INFO             PET0 !!!     THIS MAY CAUSE SLOWDOWN IN PERFORMANCE     !!!
20210410 030724.601 INFO             PET0 !!! FOR PRODUCTION RUNS, USE:                      !!!
20210410 030724.601 INFO             PET0 !!!                   ESMF_LOGKIND_Multi_On_Error  !!!
20210410 030724.601 INFO             PET0 !!!!!!!!!!!!!!!!!!!!!!!!!!!!!!!!!!!!!!!!!!!!!!!!!!!!!!
20210410 030724.601 INFO             PET0 Running with ESMF Version   : ESMF_8_2_0_beta_snapshot_04-7-g3098c96
20210410 030724.601 INFO             PET0 ESMF library build date/time: "Apr 10 2021" "02:39:37"
20210410 030724.601 INFO             PET0 ESMF library build location : /work/noaa/da/mpotts/sandbox/gfortran_8.3.0_openmpi_g
20210410 030724.601 INFO             PET0 ESMF_COMM                   : openmpi
20210410 030724.602 INFO             PET0 ESMF_MOAB                   : enabled
20210410 030724.602 INFO             PET0 ESMF_LAPACK                 : enabled
20210410 030724.602 INFO             PET0 ESMF_NETCDF                 : enabled
20210410 030724.602 INFO             PET0 ESMF_PNETCDF                : disabled
20210410 030724.602 INFO             PET0 ESMF_PIO                    : enabled
20210410 030724.602 INFO             PET0 ESMF_YAMLCPP                : enabled
20210410 030724.619 INFO             PET0  NUMBER_OF_PROCESSORS           4
20210410 030724.619 INFO             PET0  PASS  Example ESMF_VMUserMpiCommMultiEx, ESMF_VMUserMpiCommMultiEx.F90, line 154
20210410 030724.619 INFO             PET0 Finalizing ESMF
20210410 030724.600 INFO             PET1 !!!!!!!!!!!!!!!!!!!!!!!!!!!!!!!!!!!!!!!!!!!!!!!!!!!!!!
20210410 030724.600 INFO             PET1 !!! THE ESMF_LOG IS SET TO OUTPUT ALL LOG MESSAGES !!!
20210410 030724.600 INFO             PET1 !!!     THIS MAY CAUSE SLOWDOWN IN PERFORMANCE     !!!
20210410 030724.600 INFO             PET1 !!! FOR PRODUCTION RUNS, USE:                      !!!
20210410 030724.600 INFO             PET1 !!!                   ESMF_LOGKIND_Multi_On_Error  !!!
20210410 030724.600 INFO             PET1 !!!!!!!!!!!!!!!!!!!!!!!!!!!!!!!!!!!!!!!!!!!!!!!!!!!!!!
20210410 030724.600 INFO             PET1 Running with ESMF Version   : ESMF_8_2_0_beta_snapshot_04-7-g3098c96
20210410 030724.600 INFO             PET1 ESMF library build date/time: "Apr 10 2021" "02:39:37"
20210410 030724.600 INFO             PET1 ESMF library build location : /work/noaa/da/mpotts/sandbox/gfortran_8.3.0_openmpi_g
20210410 030724.600 INFO             PET1 ESMF_COMM                   : openmpi
20210410 030724.601 INFO             PET1 ESMF_MOAB                   : enabled
20210410 030724.601 INFO             PET1 ESMF_LAPACK                 : enabled
20210410 030724.601 INFO             PET1 ESMF_NETCDF                 : enabled
20210410 030724.601 INFO             PET1 ESMF_PNETCDF                : disabled
20210410 030724.601 INFO             PET1 ESMF_PIO                    : enabled
20210410 030724.601 INFO             PET1 ESMF_YAMLCPP                : enabled
20210410 030724.616 INFO             PET1  NUMBER_OF_PROCESSORS           4
20210410 030724.616 INFO             PET1  PASS  Example ESMF_VMUserMpiCommMultiEx, ESMF_VMUserMpiCommMultiEx.F90, line 126
20210410 030724.616 INFO             PET1 Finalizing ESMF
20210410 030724.601 INFO             PET1 !!!!!!!!!!!!!!!!!!!!!!!!!!!!!!!!!!!!!!!!!!!!!!!!!!!!!!
20210410 030724.601 INFO             PET1 !!! THE ESMF_LOG IS SET TO OUTPUT ALL LOG MESSAGES !!!
20210410 030724.601 INFO             PET1 !!!     THIS MAY CAUSE SLOWDOWN IN PERFORMANCE     !!!
20210410 030724.601 INFO             PET1 !!! FOR PRODUCTION RUNS, USE:                      !!!
20210410 030724.601 INFO             PET1 !!!                   ESMF_LOGKIND_Multi_On_Error  !!!
20210410 030724.601 INFO             PET1 !!!!!!!!!!!!!!!!!!!!!!!!!!!!!!!!!!!!!!!!!!!!!!!!!!!!!!
20210410 030724.601 INFO             PET1 Running with ESMF Version   : ESMF_8_2_0_beta_snapshot_04-7-g3098c96
20210410 030724.601 INFO             PET1 ESMF library build date/time: "Apr 10 2021" "02:39:37"
20210410 030724.601 INFO             PET1 ESMF library build location : /work/noaa/da/mpotts/sandbox/gfortran_8.3.0_openmpi_g
20210410 030724.601 INFO             PET1 ESMF_COMM                   : openmpi
20210410 030724.619 INFO             PET1 ESMF_MOAB                   : enabled
20210410 030724.619 INFO             PET1 ESMF_LAPACK                 : enabled
20210410 030724.619 INFO             PET1 ESMF_NETCDF                 : enabled
20210410 030724.619 INFO             PET1 ESMF_PNETCDF                : disabled
20210410 030724.619 INFO             PET1 ESMF_PIO                    : enabled
20210410 030724.619 INFO             PET1 ESMF_YAMLCPP                : enabled
20210410 030724.619 INFO             PET1  NUMBER_OF_PROCESSORS           4
20210410 030724.619 INFO             PET1  PASS  Example ESMF_VMUserMpiCommMultiEx, ESMF_VMUserMpiCommMultiEx.F90, line 154
20210410 030724.619 INFO             PET1 Finalizing ESMF
