build time -- 2021-04-21 03:15:38
20210421 033736.709 INFO             PET0 !!!!!!!!!!!!!!!!!!!!!!!!!!!!!!!!!!!!!!!!!!!!!!!!!!!!!!
20210421 033736.709 INFO             PET0 !!! THE ESMF_LOG IS SET TO OUTPUT ALL LOG MESSAGES !!!
20210421 033736.709 INFO             PET0 !!!     THIS MAY CAUSE SLOWDOWN IN PERFORMANCE     !!!
20210421 033736.709 INFO             PET0 !!! FOR PRODUCTION RUNS, USE:                      !!!
20210421 033736.709 INFO             PET0 !!!                   ESMF_LOGKIND_Multi_On_Error  !!!
20210421 033736.709 INFO             PET0 !!!!!!!!!!!!!!!!!!!!!!!!!!!!!!!!!!!!!!!!!!!!!!!!!!!!!!
20210421 033736.709 INFO             PET0 Running with ESMF Version   : ESMF_8_2_0_beta_snapshot_04-7-g3098c96
20210421 033736.709 INFO             PET0 ESMF library build date/time: "Apr 21 2021" "03:14:15"
20210421 033736.709 INFO             PET0 ESMF library build location : /work/noaa/da/mpotts/sandbox/gfortran_8.3.0_openmpi_g_develop
20210421 033736.709 INFO             PET0 ESMF_COMM                   : openmpi
20210421 033736.710 INFO             PET0 ESMF_MOAB                   : enabled
20210421 033736.710 INFO             PET0 ESMF_LAPACK                 : enabled
20210421 033736.710 INFO             PET0 ESMF_NETCDF                 : enabled
20210421 033736.710 INFO             PET0 ESMF_PNETCDF                : disabled
20210421 033736.710 INFO             PET0 ESMF_PIO                    : enabled
20210421 033736.710 INFO             PET0 ESMF_YAMLCPP                : enabled
20210421 033736.710 INFO             PET0  NUMBER_OF_PROCESSORS           1
20210421 033736.710 INFO             PET0  PASS  Example ESMF_TimeIntervalEx, ESMF_TimeIntervalEx.F90, line 176
20210421 033736.710 INFO             PET0 Finalizing ESMF
