 
Installing ESMF:
 
mkdir -p /scratch/cluster/mpotts/nag_7.0_mpiuni_O/DEFAULTINSTALLDIR/include
cp -f /scratch/cluster/mpotts/nag_7.0_mpiuni_O/src/include/ESMC.h /scratch/cluster/mpotts/nag_7.0_mpiuni_O/DEFAULTINSTALLDIR/include
cp -f /scratch/cluster/mpotts/nag_7.0_mpiuni_O/src/include/ESMC_*.h /scratch/cluster/mpotts/nag_7.0_mpiuni_O/DEFAULTINSTALLDIR/include
cp -f /scratch/cluster/mpotts/nag_7.0_mpiuni_O/build_config/Linux.nag.default/ESMC_Conf.h /scratch/cluster/mpotts/nag_7.0_mpiuni_O/DEFAULTINSTALLDIR/include
mkdir -p /scratch/cluster/mpotts/nag_7.0_mpiuni_O/DEFAULTINSTALLDIR/mod/modO/Linux.nag.64.mpiuni.default
cp -f /scratch/cluster/mpotts/nag_7.0_mpiuni_O/mod/modO/Linux.nag.64.mpiuni.default/*.mod /scratch/cluster/mpotts/nag_7.0_mpiuni_O/DEFAULTINSTALLDIR/mod/modO/Linux.nag.64.mpiuni.default
mkdir -p /scratch/cluster/mpotts/nag_7.0_mpiuni_O/DEFAULTINSTALLDIR/lib/libO/Linux.nag.64.mpiuni.default
cp -f /scratch/cluster/mpotts/nag_7.0_mpiuni_O/lib/libO/Linux.nag.64.mpiuni.default/libesmf*.* /scratch/cluster/mpotts/nag_7.0_mpiuni_O/DEFAULTINSTALLDIR/lib/libO/Linux.nag.64.mpiuni.default
make ESMF_PRELOADDIR=/scratch/cluster/mpotts/nag_7.0_mpiuni_O/DEFAULTINSTALLDIR/lib/libO/Linux.nag.64.mpiuni.default build_preload_script
make[1]: Entering directory '/scratch/cluster/mpotts/nag_7.0_mpiuni_O'
chmod 755 /scratch/cluster/mpotts/nag_7.0_mpiuni_O/DEFAULTINSTALLDIR/lib/libO/Linux.nag.64.mpiuni.default/preload.sh
make[1]: Leaving directory '/scratch/cluster/mpotts/nag_7.0_mpiuni_O'
ranlib /scratch/cluster/mpotts/nag_7.0_mpiuni_O/DEFAULTINSTALLDIR/lib/libO/Linux.nag.64.mpiuni.default/libesmf*.a
make install_apps
make[1]: Entering directory '/scratch/cluster/mpotts/nag_7.0_mpiuni_O'
mkdir -p /scratch/cluster/mpotts/nag_7.0_mpiuni_O/DEFAULTINSTALLDIR/bin/binO/Linux.nag.64.mpiuni.default
make build_apps ESMF_APPSDIR=/scratch/cluster/mpotts/nag_7.0_mpiuni_O/DEFAULTINSTALLDIR/bin/binO/Linux.nag.64.mpiuni.default ESMF_LDIR=/scratch/cluster/mpotts/nag_7.0_mpiuni_O/DEFAULTINSTALLDIR/lib/libO/Linux.nag.64.mpiuni.default ESMF_LIBDIR=/scratch/cluster/mpotts/nag_7.0_mpiuni_O/DEFAULTINSTALLDIR/lib/libO/Linux.nag.64.mpiuni.default ESMF_MODDIR=/scratch/cluster/mpotts/nag_7.0_mpiuni_O/DEFAULTINSTALLDIR/mod/modO/Linux.nag.64.mpiuni.default
make[2]: Entering directory '/scratch/cluster/mpotts/nag_7.0_mpiuni_O'
cd /scratch/cluster/mpotts/nag_7.0_mpiuni_O/src/apps; make ACTION=tree_build_apps tree
make[3]: Entering directory '/scratch/cluster/mpotts/nag_7.0_mpiuni_O/src/apps'
tree_build_apps in: /scratch/cluster/mpotts/nag_7.0_mpiuni_O/src/apps/ESMF_PrintInfo
make[4]: Entering directory '/scratch/cluster/mpotts/nag_7.0_mpiuni_O/src/apps/ESMF_PrintInfo'
make chkdir_locobj
make[5]: Entering directory '/scratch/cluster/mpotts/nag_7.0_mpiuni_O/src/apps/ESMF_PrintInfo'
Making directory /scratch/cluster/mpotts/nag_7.0_mpiuni_O/obj/objO/Linux.nag.64.mpiuni.default/src/apps/ESMF_PrintInfo for apps output
make[5]: Leaving directory '/scratch/cluster/mpotts/nag_7.0_mpiuni_O/src/apps/ESMF_PrintInfo'
nagfor -c -O0 -pic -DESMF_NAG_UNIX_MODULE -dusty -thread_safe  -openmp -I/scratch/cluster/mpotts/nag_7.0_mpiuni_O/src/apps/ESMF_PrintInfo -I/scratch/cluster/mpotts/nag_7.0_mpiuni_O/build_config/Linux.nag.default -I/scratch/cluster/mpotts/nag_7.0_mpiuni_O/src/Infrastructure -I/scratch/cluster/mpotts/nag_7.0_mpiuni_O/src/Superstructure -I/scratch/cluster/mpotts/nag_7.0_mpiuni_O/DEFAULTINSTALLDIR/mod/modO/Linux.nag.64.mpiuni.default -I/scratch/cluster/mpotts/nag_7.0_mpiuni_O/src/include -I/usr/local/netcdf-c-4.7.4-f-4.5.2-gcc-g++-9.3.0-nag-7.0/include -I/usr/local/netcdf-c-4.7.4-f-4.5.2-gcc-g++-9.3.0-nag-7.0/include  -DESMF_NO_INTEGER_1_BYTE -DESMF_NO_INTEGER_2_BYTE -DESMFVERSIONGIT='"ESMF_8_2_0_beta_snapshot_04-7-g3098c96bb1"' -DESMF_MOAB=1 -DESMF_LAPACK=1 -DESMF_LAPACK_INTERNAL=1 -DESMF_NO_ACC_SOFTWARE_STACK=1 -DESMF_NETCDF=1 -DESMF_YAMLCPP=1 -DESMF_YAML=1 -DESMF_NO_OPENACC -DESMF_TESTEXHAUSTIVE -DESMF_BOPT_O -DESMF_TESTCOMPTUNNEL -DESMF_TESTWITHTHREADS -DS64=1 -DESMF_OS_Linux=1 -DESMF_COMM=mpiuni -DESMF_DIR=/scratch/cluster/mpotts/nag_7.0_mpiuni_O -DESMF_MPIUNI -DESMF_NO_F2018ASSUMEDTYPE ESMF_PrintInfo.F90 -o /scratch/cluster/mpotts/nag_7.0_mpiuni_O/obj/objO/Linux.nag.64.mpiuni.default/src/apps/ESMF_PrintInfo/ESMF_PrintInfo.o
NAG Fortran Compiler Release 7.0(Yurakucho) Build 7005
Warning: ESMF_PrintInfo.F90, line 90: Unused local variable ARGFLAG
Warning: ESMF_PrintInfo.F90, line 90: Unused local variable ARGINDEX
[NAG Fortran Compiler normal termination, 2 warnings]
make chkdir_apps
make[5]: Entering directory '/scratch/cluster/mpotts/nag_7.0_mpiuni_O/src/apps/ESMF_PrintInfo'
make[5]: Leaving directory '/scratch/cluster/mpotts/nag_7.0_mpiuni_O/src/apps/ESMF_PrintInfo'
nagfor    -thread_safe -Wl,-Wl,,--no-as-needed  -openmp -L/scratch/cluster/mpotts/nag_7.0_mpiuni_O/DEFAULTINSTALLDIR/lib/libO/Linux.nag.64.mpiuni.default -L/usr/local/netcdf-c-4.7.4-f-4.5.2-gcc-g++-9.3.0-nag-7.0/lib -L/usr/local/netcdf-c-4.7.4-f-4.5.2-gcc-g++-9.3.0-nag-7.0/lib -L/usr/local/gcc-g++-gfortran-9.3.0/lib -L/usr/local/hdf5-1.12.0-gcc-g++-gfortran-9.3.0/lib -L/usr/local/netcdf-c-4.7.4-f-4.5.2-gcc-g++-9.3.0-nag-7.0/lib -L/usr/local/gcc-g++-gfortran-9.3.0/lib/gcc/x86_64-pc-linux-gnu/9.3.0/../../../../lib64/ -Wl,-Wl,,-rpath,,/scratch/cluster/mpotts/nag_7.0_mpiuni_O/DEFAULTINSTALLDIR/lib/libO/Linux.nag.64.mpiuni.default -Wl,-Wl,,-rpath,,/usr/local/netcdf-c-4.7.4-f-4.5.2-gcc-g++-9.3.0-nag-7.0/lib -Wl,-Wl,,-rpath,,/usr/local/netcdf-c-4.7.4-f-4.5.2-gcc-g++-9.3.0-nag-7.0/lib -Wl,-Wl,,-rpath,,/usr/local/gcc-g++-gfortran-9.3.0/lib -Wl,-Wl,,-rpath,,/usr/local/hdf5-1.12.0-gcc-g++-gfortran-9.3.0/lib -Wl,-Wl,,-rpath,,/usr/local/netcdf-c-4.7.4-f-4.5.2-gcc-g++-9.3.0-nag-7.0/lib -Wl,-Wl,,-rpath,,/usr/local/gcc-g++-gfortran-9.3.0/lib/gcc/x86_64-pc-linux-gnu/9.3.0/../../../../lib64/ -o /scratch/cluster/mpotts/nag_7.0_mpiuni_O/DEFAULTINSTALLDIR/bin/binO/Linux.nag.64.mpiuni.default/ESMF_PrintInfo /scratch/cluster/mpotts/nag_7.0_mpiuni_O/obj/objO/Linux.nag.64.mpiuni.default/src/apps/ESMF_PrintInfo/ESMF_PrintInfo.o -lesmf  -lrt -lstdc++ -ldl -lnetcdf -lnetcdff -lnetcdf -lnetcdf
NAG Fortran Compiler Release 7.0(Yurakucho) Build 7005
/scratch/cluster/mpotts/nag_7.0_mpiuni_O/DEFAULTINSTALLDIR/lib/libO/Linux.nag.64.mpiuni.default/libesmf.so: undefined reference to `netcdf_MP_nf90_get_var_2d_text'
/scratch/cluster/mpotts/nag_7.0_mpiuni_O/DEFAULTINSTALLDIR/lib/libO/Linux.nag.64.mpiuni.default/libesmf.so: undefined reference to `netcdf_MP_nf90_inquire_variable'
/scratch/cluster/mpotts/nag_7.0_mpiuni_O/DEFAULTINSTALLDIR/lib/libO/Linux.nag.64.mpiuni.default/libesmf.so: undefined reference to `netcdf_MP_nf90_put_var_4d_eightbyteint'
/scratch/cluster/mpotts/nag_7.0_mpiuni_O/DEFAULTINSTALLDIR/lib/libO/Linux.nag.64.mpiuni.default/libesmf.so: undefined reference to `netcdf_MP_nf90_get_var_text'
/scratch/cluster/mpotts/nag_7.0_mpiuni_O/DEFAULTINSTALLDIR/lib/libO/Linux.nag.64.mpiuni.default/libesmf.so: undefined reference to `netcdf_MP_nf90_put_var_1d_fourbyteint'
/scratch/cluster/mpotts/nag_7.0_mpiuni_O/DEFAULTINSTALLDIR/lib/libO/Linux.nag.64.mpiuni.default/libesmf.so: undefined reference to `netcdf_MP_nf90_get_att_one_fourbyteint'
/scratch/cluster/mpotts/nag_7.0_mpiuni_O/DEFAULTINSTALLDIR/lib/libO/Linux.nag.64.mpiuni.default/libesmf.so: undefined reference to `netcdf_MP_nf90_create'
/scratch/cluster/mpotts/nag_7.0_mpiuni_O/DEFAULTINSTALLDIR/lib/libO/Linux.nag.64.mpiuni.default/libesmf.so: undefined reference to `netcdf_MP_nf90_redef'
/scratch/cluster/mpotts/nag_7.0_mpiuni_O/DEFAULTINSTALLDIR/lib/libO/Linux.nag.64.mpiuni.default/libesmf.so: undefined reference to `netcdf_MP_nf90_open'
/scratch/cluster/mpotts/nag_7.0_mpiuni_O/DEFAULTINSTALLDIR/lib/libO/Linux.nag.64.mpiuni.default/libesmf.so: undefined reference to `netcdf_MP_nf90_def_var_manydims'
/scratch/cluster/mpotts/nag_7.0_mpiuni_O/DEFAULTINSTALLDIR/lib/libO/Linux.nag.64.mpiuni.default/libesmf.so: undefined reference to `netcdf_MP_nf90_put_var_2d_fourbytereal'
/scratch/cluster/mpotts/nag_7.0_mpiuni_O/DEFAULTINSTALLDIR/lib/libO/Linux.nag.64.mpiuni.default/libesmf.so: undefined reference to `netcdf_MP_nf90_inq_attname'
/scratch/cluster/mpotts/nag_7.0_mpiuni_O/DEFAULTINSTALLDIR/lib/libO/Linux.nag.64.mpiuni.default/libesmf.so: undefined reference to `netcdf_MP_nf90_put_var_3d_eightbytereal'
/scratch/cluster/mpotts/nag_7.0_mpiuni_O/DEFAULTINSTALLDIR/lib/libO/Linux.nag.64.mpiuni.default/libesmf.so: undefined reference to `netcdf_MP_nf90_inq_dimid'
/scratch/cluster/mpotts/nag_7.0_mpiuni_O/DEFAULTINSTALLDIR/lib/libO/Linux.nag.64.mpiuni.default/libesmf.so: undefined reference to `netcdf_MP_nf90_get_var_3d_fourbyteint'
/scratch/cluster/mpotts/nag_7.0_mpiuni_O/DEFAULTINSTALLDIR/lib/libO/Linux.nag.64.mpiuni.default/libesmf.so: undefined reference to `netcdf_MP_nf90_get_var_1d_onebyteint'
/scratch/cluster/mpotts/nag_7.0_mpiuni_O/DEFAULTINSTALLDIR/lib/libO/Linux.nag.64.mpiuni.default/libesmf.so: undefined reference to `netcdf_MP_nf90_put_var_3d_fourbyteint'
/scratch/cluster/mpotts/nag_7.0_mpiuni_O/DEFAULTINSTALLDIR/lib/libO/Linux.nag.64.mpiuni.default/libesmf.so: undefined reference to `netcdf_MP_nf90_put_var_3d_fourbytereal'
/scratch/cluster/mpotts/nag_7.0_mpiuni_O/DEFAULTINSTALLDIR/lib/libO/Linux.nag.64.mpiuni.default/libesmf.so: undefined reference to `netcdf_MP_nf90_copy_att'
/scratch/cluster/mpotts/nag_7.0_mpiuni_O/DEFAULTINSTALLDIR/lib/libO/Linux.nag.64.mpiuni.default/libesmf.so: undefined reference to `netcdf_MP_nf90_inquire_dimension'
/scratch/cluster/mpotts/nag_7.0_mpiuni_O/DEFAULTINSTALLDIR/lib/libO/Linux.nag.64.mpiuni.default/libesmf.so: undefined reference to `netcdf_MP_nf90_get_att_one_eightbytereal'
/scratch/cluster/mpotts/nag_7.0_mpiuni_O/DEFAULTINSTALLDIR/lib/libO/Linux.nag.64.mpiuni.default/libesmf.so: undefined reference to `netcdf_MP_nf90_inquire_attribute'
/scratch/cluster/mpotts/nag_7.0_mpiuni_O/DEFAULTINSTALLDIR/lib/libO/Linux.nag.64.mpiuni.default/libesmf.so: undefined reference to `netcdf_MP_nf90_put_var_4d_fourbyteint'
/scratch/cluster/mpotts/nag_7.0_mpiuni_O/DEFAULTINSTALLDIR/lib/libO/Linux.nag.64.mpiuni.default/libesmf.so: undefined reference to `netcdf_MP_nf90_put_var_2d_eightbytereal'
/scratch/cluster/mpotts/nag_7.0_mpiuni_O/DEFAULTINSTALLDIR/lib/libO/Linux.nag.64.mpiuni.default/libesmf.so: undefined reference to `netcdf_MP_nf90_get_var_4d_fourbytereal'
/scratch/cluster/mpotts/nag_7.0_mpiuni_O/DEFAULTINSTALLDIR/lib/libO/Linux.nag.64.mpiuni.default/libesmf.so: undefined reference to `netcdf_MP_nf90_strerror'
/scratch/cluster/mpotts/nag_7.0_mpiuni_O/DEFAULTINSTALLDIR/lib/libO/Linux.nag.64.mpiuni.default/libesmf.so: undefined reference to `netcdf_MP_nf90_get_var_4d_eightbytereal'
/scratch/cluster/mpotts/nag_7.0_mpiuni_O/DEFAULTINSTALLDIR/lib/libO/Linux.nag.64.mpiuni.default/libesmf.so: undefined reference to `netcdf_MP_nf90_get_var_3d_eightbytereal'
/scratch/cluster/mpotts/nag_7.0_mpiuni_O/DEFAULTINSTALLDIR/lib/libO/Linux.nag.64.mpiuni.default/libesmf.so: undefined reference to `netcdf_MP_nf90_put_var_1d_fourbytereal'
/scratch/cluster/mpotts/nag_7.0_mpiuni_O/DEFAULTINSTALLDIR/lib/libO/Linux.nag.64.mpiuni.default/libesmf.so: undefined reference to `netcdf_MP_nf90_get_var_3d_eightbyteint'
/scratch/cluster/mpotts/nag_7.0_mpiuni_O/DEFAULTINSTALLDIR/lib/libO/Linux.nag.64.mpiuni.default/libesmf.so: undefined reference to `netcdf_MP_nf90_get_var_2d_eightbytereal'
/scratch/cluster/mpotts/nag_7.0_mpiuni_O/DEFAULTINSTALLDIR/lib/libO/Linux.nag.64.mpiuni.default/libesmf.so: undefined reference to `netcdf_MP_nf90_get_var_1d_eightbytereal'
/scratch/cluster/mpotts/nag_7.0_mpiuni_O/DEFAULTINSTALLDIR/lib/libO/Linux.nag.64.mpiuni.default/libesmf.so: undefined reference to `netcdf_MP_nf90_get_var_4d_fourbyteint'
/scratch/cluster/mpotts/nag_7.0_mpiuni_O/DEFAULTINSTALLDIR/lib/libO/Linux.nag.64.mpiuni.default/libesmf.so: undefined reference to `netcdf_MP_nf90_get_att_text'
/scratch/cluster/mpotts/nag_7.0_mpiuni_O/DEFAULTINSTALLDIR/lib/libO/Linux.nag.64.mpiuni.default/libesmf.so: undefined reference to `netcdf_MP_nf90_put_var_2d_fourbyteint'
/scratch/cluster/mpotts/nag_7.0_mpiuni_O/DEFAULTINSTALLDIR/lib/libO/Linux.nag.64.mpiuni.default/libesmf.so: undefined reference to `netcdf_MP_nf90_put_var_4d_eightbytereal'
/scratch/cluster/mpotts/nag_7.0_mpiuni_O/DEFAULTINSTALLDIR/lib/libO/Linux.nag.64.mpiuni.default/libesmf.so: undefined reference to `netcdf_MP_nf90_put_var_3d_eightbyteint'
/scratch/cluster/mpotts/nag_7.0_mpiuni_O/DEFAULTINSTALLDIR/lib/libO/Linux.nag.64.mpiuni.default/libesmf.so: undefined reference to `netcdf_MP_nf90_get_var_1d_eightbyteint'
/scratch/cluster/mpotts/nag_7.0_mpiuni_O/DEFAULTINSTALLDIR/lib/libO/Linux.nag.64.mpiuni.default/libesmf.so: undefined reference to `netcdf_MP_nf90_put_var_4d_fourbytereal'
/scratch/cluster/mpotts/nag_7.0_mpiuni_O/DEFAULTINSTALLDIR/lib/libO/Linux.nag.64.mpiuni.default/libesmf.so: undefined reference to `netcdf_MP_nf90_get_var_1d_fourbyteint'
/scratch/cluster/mpotts/nag_7.0_mpiuni_O/DEFAULTINSTALLDIR/lib/libO/Linux.nag.64.mpiuni.default/libesmf.so: undefined reference to `netcdf_MP_nf90_inquire'
/scratch/cluster/mpotts/nag_7.0_mpiuni_O/DEFAULTINSTALLDIR/lib/libO/Linux.nag.64.mpiuni.default/libesmf.so: undefined reference to `netcdf_MP_nf90_get_var_4d_eightbyteint'
/scratch/cluster/mpotts/nag_7.0_mpiuni_O/DEFAULTINSTALLDIR/lib/libO/Linux.nag.64.mpiuni.default/libesmf.so: undefined reference to `netcdf_MP_nf90_put_var_1d_eightbyteint'
/scratch/cluster/mpotts/nag_7.0_mpiuni_O/DEFAULTINSTALLDIR/lib/libO/Linux.nag.64.mpiuni.default/libesmf.so: undefined reference to `netcdf_MP_nf90_get_var_2d_fourbyteint'
/scratch/cluster/mpotts/nag_7.0_mpiuni_O/DEFAULTINSTALLDIR/lib/libO/Linux.nag.64.mpiuni.default/libesmf.so: undefined reference to `netcdf_MP_nf90_get_var_2d_fourbytereal'
/scratch/cluster/mpotts/nag_7.0_mpiuni_O/DEFAULTINSTALLDIR/lib/libO/Linux.nag.64.mpiuni.default/libesmf.so: undefined reference to `netcdf_MP_nf90_get_var_1d_fourbytereal'
/scratch/cluster/mpotts/nag_7.0_mpiuni_O/DEFAULTINSTALLDIR/lib/libO/Linux.nag.64.mpiuni.default/libesmf.so: undefined reference to `netcdf_MP_nf90_get_var_3d_fourbytereal'
/scratch/cluster/mpotts/nag_7.0_mpiuni_O/DEFAULTINSTALLDIR/lib/libO/Linux.nag.64.mpiuni.default/libesmf.so: undefined reference to `netcdf_MP_nf90_def_dim'
/scratch/cluster/mpotts/nag_7.0_mpiuni_O/DEFAULTINSTALLDIR/lib/libO/Linux.nag.64.mpiuni.default/libesmf.so: undefined reference to `netcdf_MP_nf90_enddef'
/scratch/cluster/mpotts/nag_7.0_mpiuni_O/DEFAULTINSTALLDIR/lib/libO/Linux.nag.64.mpiuni.default/libesmf.so: undefined reference to `netcdf_MP_nf90_get_var_2d_eightbyteint'
/scratch/cluster/mpotts/nag_7.0_mpiuni_O/DEFAULTINSTALLDIR/lib/libO/Linux.nag.64.mpiuni.default/libesmf.so: undefined reference to `netcdf_MP_nf90_put_var_2d_eightbyteint'
/scratch/cluster/mpotts/nag_7.0_mpiuni_O/DEFAULTINSTALLDIR/lib/libO/Linux.nag.64.mpiuni.default/libesmf.so: undefined reference to `netcdf_MP_nf90_put_var_1d_eightbytereal'
/scratch/cluster/mpotts/nag_7.0_mpiuni_O/DEFAULTINSTALLDIR/lib/libO/Linux.nag.64.mpiuni.default/libesmf.so: undefined reference to `netcdf_MP_nf90_inq_varid'
/scratch/cluster/mpotts/nag_7.0_mpiuni_O/DEFAULTINSTALLDIR/lib/libO/Linux.nag.64.mpiuni.default/libesmf.so: undefined reference to `netcdf_MP_nf90_close'
/scratch/cluster/mpotts/nag_7.0_mpiuni_O/DEFAULTINSTALLDIR/lib/libO/Linux.nag.64.mpiuni.default/libesmf.so: undefined reference to `netcdf_MP_nf90_put_att_text'
collect2: error: ld returned 1 exit status
/scratch/cluster/mpotts/nag_7.0_mpiuni_O/build/common.mk:2441: recipe for target '/scratch/cluster/mpotts/nag_7.0_mpiuni_O/DEFAULTINSTALLDIR/bin/binO/Linux.nag.64.mpiuni.default/ESMF_PrintInfo' failed
make[4]: *** [/scratch/cluster/mpotts/nag_7.0_mpiuni_O/DEFAULTINSTALLDIR/bin/binO/Linux.nag.64.mpiuni.default/ESMF_PrintInfo] Error 1
make[4]: Leaving directory '/scratch/cluster/mpotts/nag_7.0_mpiuni_O/src/apps/ESMF_PrintInfo'
/scratch/cluster/mpotts/nag_7.0_mpiuni_O/build/common.mk:3661: recipe for target 'tree' failed
make[3]: *** [tree] Error 1
make[3]: Leaving directory '/scratch/cluster/mpotts/nag_7.0_mpiuni_O/src/apps'
/scratch/cluster/mpotts/nag_7.0_mpiuni_O/build/common.mk:2425: recipe for target 'build_apps' failed
make[2]: *** [build_apps] Error 2
make[2]: Leaving directory '/scratch/cluster/mpotts/nag_7.0_mpiuni_O'
makefile:642: recipe for target 'install_apps' failed
make[1]: *** [install_apps] Error 2
make[1]: Leaving directory '/scratch/cluster/mpotts/nag_7.0_mpiuni_O'
makefile:668: recipe for target 'install' failed
make: *** [install] Error 2
