build time -- 2021-04-22 07:44:18
20210422 082824.268 INFO             PET0 !!!!!!!!!!!!!!!!!!!!!!!!!!!!!!!!!!!!!!!!!!!!!!!!!!!!!!
20210422 082824.268 INFO             PET0 !!! THE ESMF_LOG IS SET TO OUTPUT ALL LOG MESSAGES !!!
20210422 082824.268 INFO             PET0 !!!     THIS MAY CAUSE SLOWDOWN IN PERFORMANCE     !!!
20210422 082824.268 INFO             PET0 !!! FOR PRODUCTION RUNS, USE:                      !!!
20210422 082824.268 INFO             PET0 !!!                   ESMF_LOGKIND_Multi_On_Error  !!!
20210422 082824.268 INFO             PET0 !!!!!!!!!!!!!!!!!!!!!!!!!!!!!!!!!!!!!!!!!!!!!!!!!!!!!!
20210422 082824.268 INFO             PET0 Running with ESMF Version   : ESMF_8_2_0_beta_snapshot_05
20210422 082824.268 INFO             PET0 ESMF library build date/time: "Apr 22 2021" "07:43:18"
20210422 082824.268 INFO             PET0 ESMF library build location : /work/noaa/da/mpotts/sandbox/gfortran_8.3.0_mpiuni_O_develop
20210422 082824.268 INFO             PET0 ESMF_COMM                   : mpiuni
20210422 082824.268 INFO             PET0 ESMF_MOAB                   : enabled
20210422 082824.268 INFO             PET0 ESMF_LAPACK                 : enabled
20210422 082824.268 INFO             PET0 ESMF_NETCDF                 : enabled
20210422 082824.268 INFO             PET0 ESMF_PNETCDF                : disabled
20210422 082824.268 INFO             PET0 ESMF_PIO                    : disabled
20210422 082824.268 INFO             PET0 ESMF_YAMLCPP                : enabled
20210422 082824.269 INFO             PET0  NUMBER_OF_PROCESSORS           1
20210422 082824.269 INFO             PET0  PASS  Example ESMF_VMScatterVMGatherEx, ESMF_VMScatterVMGatherEx.F90, line 120
20210422 082824.269 INFO             PET0 Finalizing ESMF
