--- ESMCI::ArrayBundle::print start ---
--- ESMCI::ArrayBundle::print start ---
ArrayBundle: MyArrayBundle
arrayCount = 3
--- ESMCI::ArrayBundle::print start ---
ArrayBundle: MyArrayBundle
arrayCount = 3
--- ESMCI::ArrayBundle::print start ---
ArrayBundle: MyArrayBundle
arrayCount = 3
Container::print() multipmap:item=ArrayBundle: MyArrayBundle
arrayCount = 3
Container::print() multipmap:item=Container::print() multipmap:item=Container::print() multipmap:item=0 key=AonFly0 key=AonFly value=0 key=AonFly value= value=0 key=AonFly value=0x94c170
Container::print() multipmap:item=0x94af50
Container::print() multipmap:item=1 key=Array002 value=0x94af50
Container::print() multipmap:item=1 key=Array002 value=0x947bd0
Container::print() multipmap:item=2 key=0x94e2d0
Container::print() multipmap:item=1 key=Array002 value=0x94a1d0
Container::print() multipmap:item=2 key=Array003 value=0x94af901 key=Array002 value=0x948070
Container::print() multipmap:item=2 key=Array003 value=0x948e30
Container::print()      list:item=0 key=Array002 value=0x9480700x947bd0
Container::print() multipmap:item=2 key=Array003 value=0x948660
Container::print()      list:item=0 key=Array002 value=0x947bd0
Container::print()      list:item=1 key=Array003Array003 value=0x948660
Container::print()      list:item=0 key=Array002 value=0x947bd0
Container::print()      list:item=1 key=Array003 value=0x948660
Container::print()      list:item=
Container::print()      list:item=0 key=Array002 value=0x94a1d0
Container::print()      list:item=1 key=Array003 value=0x94af90
Container::print()      list:item=2 key=AonFly
Container::print()      list:item=1 key=Array003 value=0x948e30
Container::print()      list:item=2 key=AonFly value=0x94c170
--- ESMCI::ArrayBundle::print end ---
 value=0x948660
Container::print()      list:item=2 key=AonFly value=0x94af50
--- ESMCI::ArrayBundle::print end ---
2 key=AonFly value=0x94af50
--- ESMCI::ArrayBundle::print end ---
 value=0x94e2d0
--- ESMCI::ArrayBundle::print end ---
--- ESMCI::Array::print start ---
 Base name    = AonFly--- ESMCI::Array::print start ---
 Base name    = AonFly
--- ESMCI::Array::print start ---
 Base name    = AonFly
 Status: Base = Ready--- ESMCI::Array::print start ---
 Base name    = AonFly
 Status: Base = Ready,  object = Ready
 Proxy        = 
 Status: Base = Ready,  object = Ready
 Proxy        = no
 Root Info (Attributes):
 Status: Base = Ready,  object = Ready
 Proxy        = no
 Root Info (Attributes):
,  object = Ready
 Proxy        = no
 Root Info (Attributes):
no
 Root Info (Attributes):
{}{}{}Array typekind/rank: Real*4 / 2 
{}Array typekind/rank: Real*4 / 2 
~ lower class' values ~
DistGrid dimCount = 2
deCount = 6
localDeCount = 1
Array typekind/rank: Real*4 / 2 
~ lower class' values ~
DistGrid dimCount = 2
deCount = 6
localDeCount = 2
~ local data in LocalArray for DE 0 ~
LocalArrayPrint: Array at address 0x94dc70:
Array typekind/rank: Real*4 / 2 
~ lower class' values ~
DistGrid dimCount = 2
deCount = 6
localDeCount = 2
~ local data in LocalArray for DE 1 ~
LocalArrayPrint: Array at address 0x94bb10:
~ lower class' values ~
DistGrid dimCount = 2
deCount = 6
localDeCount = 1
~ local data in LocalArray for DE 2 ~
LocalArrayPrint: Array at address 0x94ac20:
            rank = 2, typekind = 5, base_addr = 0x2aac16937fc0
            dim[0] = 3  ~ local data in LocalArray for DE 3 ~
LocalArrayPrint: Array at address 0x94ac20:
            rank = 2, typekind = 5, base_addr = 0x2aac16937f60
            dim[0] = 2  dim[1] = 2  
            rank = 2, typekind = 5, base_addr = 0x2aac16937f40
            dim[0] = 3  dim[1] = 2  
  Real, *4, Dim 2, Data values:
            rank = 2, typekind = 5, base_addr = 0x2aac16937ee0
            dim[0] = 2  dim[1] = 2  
  Real, *4, Dim 2, Data values:
dim[1] = 2  
  Real, *4, Dim 2, Data values:
  Real, *4, Dim 2, Data values:
( 1, 1) =  0
( 1, 1) =  0
( 2, 1) =  0
( 3, 1) =  0
( 1, 2) =  0
( 1, 1) =  0
( 2, 1) =  0
( 1, 2) =  0
( 2, 2) =  0
dim 1: [0]: [1 [1 [1, 2] 2] 2]
dim 2: [1]: [1 [1 [1, 2] 2] 2]
~ local data in LocalArray for DE 5 ~
LocalArrayPrint: Array at address 0x94be40:
( 1, 1) =  0
( 2, 1) =  0
( 3, 1) =  1.36399e-38
( 1, 2) =  0
( 2, 2) =  0
( 3, 2) =  0
( 2, 1) =  0
( 1, 2) =  0
( 2, 2) =  0
dim 1: [0]: [1 [1 [1, 2] 2] 2]
dim 2: [1]: [1 [1 [1, 2] 2] 2]
--- ESMCI::Array::print end ---
--- ESMCI::Array::print start ---
 Base name    = Array002
 Status: Base = ( 2, 2) =  0
( 3, 2) =  0
dim 1: [0]: [1 [1 [1, 3] 3] 3]
dim 2: [1]: [1 [1 [1, 2] 2] 2]
~ local data in LocalArray for DE 4 ~
LocalArrayPrint: Array at address 0x94dfa0:
            rank = 2, typekind = 5, base_addr = 0x2aac16937f20
            dim[0] = 3  dim[1] = 1  
  Real, *4, Dim 2, Data values:
            rank = 2, typekind = 5, base_addr = 0x2aac16937ec0
            dim[0] = 2  dim[1] = 1  
  Real, *4, Dim 2, Data values:
( 1, 1) =  0
( 2, 1) =  0
dim 1: [0]: [1 [1 [1, 2] 2] 2]
dim 2: [1]: [1 [1 [1, 1] 1] 1]
--- ESMCI::Array::print end ---
dim 1: [0]: [1 [1 [1, 3] 3] 3]
dim 2: [1]: [1 [1 [1, 2] 2] 2]
--- ESMCI::Array::print end ---
--- ESMCI::Array::print start ---
 Base name    = Array002
 Status: Base = Ready,  object = Ready
 Proxy        = Ready,  object = Ready
 Proxy        = no
 Root Info (Attributes):
{}Array typekind/rank: Real*8 / 2 
~ lower class' values ~
DistGrid dimCount = 2
deCount = 6
localDeCount = 1
~ local data in LocalArray for DE 3 ~
( 1, 1) =  0
( 2, 1) =  0
( 3, 1) =  0
dim 1: [0]: [1 [1 [1, 3] 3] 3]
dim 2: [1]: [1 [1 [1, 1] 1] 1]
--- ESMCI::Array::print end ---
--- ESMCI::Array::print start ---
 Base name    = Array002
 Status: Base = Ready--- ESMCI::Array::print start ---
 Base name    = Array002
 Status: Base = Ready,  object = Ready
 Proxy        = no
 Root Info (Attributes):
{}no
 Root Info (Attributes):
{}Array typekind/rank: Real*8 / 2 
~ lower class' values ~
DistGrid dimCount = 2
deCount = 6
localDeCount = 1
~ local data in LocalArray for DE 2 ~
LocalArrayPrint: Array at address 0x9478a0:
            rank = 2, typekind = 6, LocalArrayPrint: Array at address 0x9478a0:
            rank = 2, typekind = 6, base_addr = 0x2aac16937fc0
            dim[0] = 2  dim[1] = 2  
  Real, *8, Dim 2, Data values:
( 1, 1) =  0
( 2, 1) =  0
( 1, 2) =  0
( 2, 2) =  0
dim 1: [0]: [1 [1 [1, 2] 2] 2]
dim 2: [1]: [1 [1 [1, 2] 2] 2]
--- ESMCI::Array::print end ---,  object = Ready
 Proxy        = no
 Root Info (Attributes):
{}Array typekind/rank: Real*8 / 2 
~ lower class' values ~
DistGrid dimCount = 2
deCount = 6
localDeCount = 2
Array typekind/rank: Real*8 / 2 
~ lower class' values ~
DistGrid dimCount = 2
deCount = 6
localDeCount = 2
~ local data in LocalArray for DE 1 ~
LocalArrayPrint: Array at address 0x947a10:
            rank = 2, typekind = 6, base_addr = 0x2aac16937fc0
            dim[0] = 2  dim[1] = 2  
  Real, *8, Dim 2, Data values:
base_addr = 0x2aac16957d40
            dim[0] = 3  dim[1] = 2  
  Real, *8, Dim 2, Data values:
( 1, 1) =  2.31809e-310
( 2, 1) =  6.01347e-154
( 3, 1) =  6.01347e-154
( 1, 2) =  6.10916e+223
( 2, 2) =  7.88786e+73

--- ESMCI::Array::print start ---
 Base name    = Array003
 Status: Base = Ready,  object = Ready
 Proxy        = no
 Root Info (Attributes):
{}~ local data in LocalArray for DE 0 ~
LocalArrayPrint: Array at address 0x949b70:
            rank = 2, typekind = 6, base_addr = 0x2aac16957d40
            dim[0] = 3  dim[1] = 2  
  Real, *8, Dim 2, Data values:
( 1, 1) =  2.31809e-310
( 2, 1) =  6.01347e-154
( 3, 1) =  6.01347e-154
( 1, 2) =  6.10916e+223
( 1, 1) =  0
( 2, 1) =  0
( 1, 2) =  0
( 2, 2) =  0
dim 1: [0]: [1 [1 [1, 2] 2] 2]
dim 2: [1]: [1 [1 [1, 2] 2] 2]
~ local data in LocalArray for DE 5 ~
LocalArrayPrint: Array at address 0x947d40:
            rank = 2, typekind = 6, base_addr = 0x2aac16937fa0
            dim[0] = 2  dim[1] = 1  
  Real, *8, Dim 2, Data values:
( 1, 1) =  0
( 2, 1) =  0
dim 1: [0]: [1 [1 [1, 2] 2] 2]
( 3, 2) =  6.06757e-154
dim 1: [0]: [1 [1 [1, 3] 3] 3]
dim 2: [1]: [1 [1 [1, 2] 2] 2]
--- ESMCI::Array::print end ---
--- ESMCI::Array::print start ---
 Base name    = Array003
 Status: Base = Ready,  object = Ready
 Proxy        = no
 Root Info (Attributes):Array typekind/rank: Real*8 / 2 
~ lower class' values ~
DistGrid dimCount = 2
deCount = 6
localDeCount = 1
~ local data in LocalArray for DE 3 ~
LocalArrayPrint: Array at address 0x948330:
            rank = 2, typekind = 6, base_addr = 0x2aac16937fa0
            dim[0] = 2  dim[1] = 2  
  Real, *8, Dim 2, Data values:
( 1, 1) =  0
( 2, 1) =  0
( 1, 2) =  0
( 2, 2) =  0
( 2, 2) =  7.88786e+73
( 3, 2) =  6.06757e-154
dim 1: [0]: [1 [1 [1, 3] 3] 3]
dim 2: [1]: [1 [1 [1, 2] 2] 2]
~ local data in LocalArray for DE 4 ~
LocalArrayPrint: Array at address 0x949ea0:
            rank = 2, typekind = 6, base_addr = 0x2aac16937fc0
            dim[0] = 3  dim[1] = 1  
  Real, *8, Dim 2, Data values:
( 1, 1) =  0
( 2, 1) =  0
dim 2: [1]: [1 [1 [1, 1] 1] 1]
--- ESMCI::Array::print end ---
--- ESMCI::Array::print start ---
 Base name    = Array003
 Status: Base = Ready,  object = Ready
 Proxy        = no
 Root Info (Attributes):
{}
{}Array typekind/rank: Real*8 / 2 
~ lower class' values ~
DistGrid dimCount = 2
deCount = 6
localDeCount = 1
~ local data in LocalArray for DE 2 ~
LocalArrayPrint: Array at address 0x948330:
            rank = 2, typekind = 6, base_addr = 0x2aac16957d00
            dim[0] = 3  dim[1] = 2  
  Real, *8, Dim 2, Data values:
dim 1: [0]: [1 [1 [1, 2] 2] 2]
dim 2: [1]: [1 [1 [1, 2] 2] 2]
--- ESMCI::Array::print end ---
( 3, 1) =  0
dim 1: [0]: [1 [1 [1, 3] 3] 3]
dim 2: [1]: [1 [1 [1, 1] 1] 1]
--- ESMCI::Array::print end ---
--- ESMCI::Array::print start ---
 Base name    = Array003
 Status: Base = Ready,  object = Ready
 Proxy        = noArray typekind/rank: Real*8 / 2 
~ lower class' values ~
DistGrid dimCount = 2
deCount = 6
localDeCount = 2
~ local data in LocalArray for DE 1 ~
LocalArrayPrint: Array at address 0x9487d0:
            rank = 2, typekind = 6, base_addr = 0x2aac16937f80
            dim[0] = 2  dim[1] = 2  
  Real, *8, Dim 2, Data values:
( 1, 1) =  0
( 2, 1) =  0
( 1, 2) =  0
( 1, 1) =  2.31809e-310
( 2, 1) =  6.01347e-154
( 3, 1) =  6.01347e-154
( 1, 2) =  6.10916e+223
( 2, 2) =  6.01386e-154
( 3, 2) =  6.01347e-154
dim 1: [0]: [1 [1 [1, 3] 3] 3]
dim 2: [1]: [1 [1 [1, 2] 2] 2]
--- ESMCI::Array::print end ---

 Root Info (Attributes):
{}Array typekind/rank: Real*8 / 2 
~ lower class' values ~
DistGrid dimCount = 2
deCount = 6
localDeCount = 2
~ local data in LocalArray for DE 0 ~
LocalArrayPrint: Array at address 0x94a930:
( 2, 2) =  0
dim 1: [0]: [1 [1 [1, 2] 2] 2]
dim 2: [1]: [1 [1 [1, 2] 2] 2]
~ local data in LocalArray for DE 5 ~
LocalArrayPrint: Array at address 0x948b00:
            rank = 2, typekind = 6, base_addr = 0x2aac16937f60
            dim[0] = 2  dim[1] = 1  
  Real, *8, Dim 2, Data values:
            rank = 2, typekind = 6, base_addr = 0x2aac16957d00
            dim[0] = 3  dim[1] = 2  
  Real, *8, Dim 2, Data values:
( 1, 1) =  2.31809e-310
( 1, 1) =  0
( 2, 1) =  0
dim 1: [0]: [1 [1 [1, 2] 2] 2]
dim 2: [1]: [1 [1 [1, 1] 1] 1]
--- ESMCI::Array::print end ---
( 2, 1) =  6.01347e-154
( 3, 1) =  6.01347e-154
( 1, 2) =  6.10916e+223
( 2, 2) =  6.01386e-154
( 3, 2) =  6.01347e-154
dim 1: [0]: [1 [1 [1, 3] 3] 3]
dim 2: [1]: [1 [1 [1, 2] 2] 2]
~ local data in LocalArray for DE 4 ~
LocalArrayPrint: Array at address 0x94ac60:
            rank = 2, typekind = 6, base_addr = 0x2aac16937fa0
            dim[0] = 3  dim[1] = 1  
  Real, *8, Dim 2, Data values:
( 1, 1) =  0
( 2, 1) =  0
( 3, 1) =  0
dim 1: [0]: [1 [1 [1, 3] 3] 3]
dim 2: [1]: [1 [1 [1, 1] 1] 1]
--- ESMCI::Array::print end ---
  PASS  Example ESMF_ArrayBundleEx, ESMF_ArrayBundleEx.F90, line 267
  PASS  Example ESMF_ArrayBundleEx, ESMF_ArrayBundleEx.F90, line 267
  PASS  Example ESMF_ArrayBundleEx, ESMF_ArrayBundleEx.F90, line 267
  PASS  Example ESMF_ArrayBundleEx, ESMF_ArrayBundleEx.F90, line 267
 PASS: ESMF_ArrayBundleEx.F90
 PASS: ESMF_ArrayBundleEx.F90
 PASS: ESMF_ArrayBundleEx.F90
 PASS: ESMF_ArrayBundleEx.F90
