build time -- 2021-04-21 14:18:37
20210421 172042.017 INFO             PET0 !!!!!!!!!!!!!!!!!!!!!!!!!!!!!!!!!!!!!!!!!!!!!!!!!!!!!!
20210421 172042.017 INFO             PET0 !!! THE ESMF_LOG IS SET TO OUTPUT ALL LOG MESSAGES !!!
20210421 172042.017 INFO             PET0 !!!     THIS MAY CAUSE SLOWDOWN IN PERFORMANCE     !!!
20210421 172042.017 INFO             PET0 !!! FOR PRODUCTION RUNS, USE:                      !!!
20210421 172042.017 INFO             PET0 !!!                   ESMF_LOGKIND_Multi_On_Error  !!!
20210421 172042.017 INFO             PET0 !!!!!!!!!!!!!!!!!!!!!!!!!!!!!!!!!!!!!!!!!!!!!!!!!!!!!!
20210421 172042.017 INFO             PET0 Running with ESMF Version   : ESMF_8_2_0_beta_snapshot_04-7-g3098c96
20210421 172042.018 INFO             PET0 ESMF library build date/time: "Apr 21 2021" "14:17:11"
20210421 172042.018 INFO             PET0 ESMF library build location : /p/work1/mpotts/intel_2020.2_intelmpi_O_develop
20210421 172042.018 INFO             PET0 ESMF_COMM                   : intelmpi
20210421 172042.019 INFO             PET0 ESMF_MOAB                   : enabled
20210421 172042.019 INFO             PET0 ESMF_LAPACK                 : enabled
20210421 172042.019 INFO             PET0 ESMF_NETCDF                 : enabled
20210421 172042.019 INFO             PET0 ESMF_PNETCDF                : disabled
20210421 172042.019 INFO             PET0 ESMF_PIO                    : enabled
20210421 172042.019 INFO             PET0 ESMF_YAMLCPP                : enabled
20210421 172042.020 INFO             PET0 ESMF_FieldRedistStoreNF(): Just entered routine.
20210421 172042.021 INFO             PET0 ESMF_FieldRedistStoreNF(): Leaving routine.
20210421 172042.022 INFO             PET0 ESMF_FieldRedistStoreNF(): Just entered routine.
20210421 172042.023 INFO             PET0 ESMF_FieldRedistStoreNF(): Leaving routine.
20210421 172042.023 INFO             PET0 ESMF_FieldRedistStoreNF(): Just entered routine.
20210421 172042.023 INFO             PET0 ESMF_FieldRedistStoreNF(): Leaving routine.
20210421 172042.023 INFO             PET0  NUMBER_OF_PROCESSORS           4
20210421 172042.023 INFO             PET0  PASS  Example ESMF_FieldRedistEx, ESMF_FieldRedistEx.F90, line 521
20210421 172042.023 INFO             PET0 Finalizing ESMF
20210421 172042.017 INFO             PET1 !!!!!!!!!!!!!!!!!!!!!!!!!!!!!!!!!!!!!!!!!!!!!!!!!!!!!!
20210421 172042.017 INFO             PET1 !!! THE ESMF_LOG IS SET TO OUTPUT ALL LOG MESSAGES !!!
20210421 172042.017 INFO             PET1 !!!     THIS MAY CAUSE SLOWDOWN IN PERFORMANCE     !!!
20210421 172042.017 INFO             PET1 !!! FOR PRODUCTION RUNS, USE:                      !!!
20210421 172042.017 INFO             PET1 !!!                   ESMF_LOGKIND_Multi_On_Error  !!!
20210421 172042.017 INFO             PET1 !!!!!!!!!!!!!!!!!!!!!!!!!!!!!!!!!!!!!!!!!!!!!!!!!!!!!!
20210421 172042.017 INFO             PET1 Running with ESMF Version   : ESMF_8_2_0_beta_snapshot_04-7-g3098c96
20210421 172042.017 INFO             PET1 ESMF library build date/time: "Apr 21 2021" "14:17:11"
20210421 172042.017 INFO             PET1 ESMF library build location : /p/work1/mpotts/intel_2020.2_intelmpi_O_develop
20210421 172042.017 INFO             PET1 ESMF_COMM                   : intelmpi
20210421 172042.018 INFO             PET1 ESMF_MOAB                   : enabled
20210421 172042.018 INFO             PET1 ESMF_LAPACK                 : enabled
20210421 172042.018 INFO             PET1 ESMF_NETCDF                 : enabled
20210421 172042.018 INFO             PET1 ESMF_PNETCDF                : disabled
20210421 172042.018 INFO             PET1 ESMF_PIO                    : enabled
20210421 172042.018 INFO             PET1 ESMF_YAMLCPP                : enabled
20210421 172042.020 INFO             PET1 ESMF_FieldRedistStoreNF(): Just entered routine.
20210421 172042.021 INFO             PET1 ESMF_FieldRedistStoreNF(): Leaving routine.
20210421 172042.022 INFO             PET1 ESMF_FieldRedistStoreNF(): Just entered routine.
20210421 172042.023 INFO             PET1 ESMF_FieldRedistStoreNF(): Leaving routine.
20210421 172042.023 INFO             PET1 ESMF_FieldRedistStoreNF(): Just entered routine.
20210421 172042.023 INFO             PET1 ESMF_FieldRedistStoreNF(): Leaving routine.
20210421 172042.023 INFO             PET1  NUMBER_OF_PROCESSORS           4
20210421 172042.023 INFO             PET1  PASS  Example ESMF_FieldRedistEx, ESMF_FieldRedistEx.F90, line 521
20210421 172042.023 INFO             PET1 Finalizing ESMF
20210421 172042.018 INFO             PET2 !!!!!!!!!!!!!!!!!!!!!!!!!!!!!!!!!!!!!!!!!!!!!!!!!!!!!!
20210421 172042.018 INFO             PET2 !!! THE ESMF_LOG IS SET TO OUTPUT ALL LOG MESSAGES !!!
20210421 172042.018 INFO             PET2 !!!     THIS MAY CAUSE SLOWDOWN IN PERFORMANCE     !!!
20210421 172042.018 INFO             PET2 !!! FOR PRODUCTION RUNS, USE:                      !!!
20210421 172042.018 INFO             PET2 !!!                   ESMF_LOGKIND_Multi_On_Error  !!!
20210421 172042.018 INFO             PET2 !!!!!!!!!!!!!!!!!!!!!!!!!!!!!!!!!!!!!!!!!!!!!!!!!!!!!!
20210421 172042.018 INFO             PET2 Running with ESMF Version   : ESMF_8_2_0_beta_snapshot_04-7-g3098c96
20210421 172042.018 INFO             PET2 ESMF library build date/time: "Apr 21 2021" "14:17:11"
20210421 172042.018 INFO             PET2 ESMF library build location : /p/work1/mpotts/intel_2020.2_intelmpi_O_develop
20210421 172042.018 INFO             PET2 ESMF_COMM                   : intelmpi
20210421 172042.019 INFO             PET2 ESMF_MOAB                   : enabled
20210421 172042.019 INFO             PET2 ESMF_LAPACK                 : enabled
20210421 172042.019 INFO             PET2 ESMF_NETCDF                 : enabled
20210421 172042.019 INFO             PET2 ESMF_PNETCDF                : disabled
20210421 172042.019 INFO             PET2 ESMF_PIO                    : enabled
20210421 172042.019 INFO             PET2 ESMF_YAMLCPP                : enabled
20210421 172042.020 INFO             PET2 ESMF_FieldRedistStoreNF(): Just entered routine.
20210421 172042.021 INFO             PET2 ESMF_FieldRedistStoreNF(): Leaving routine.
20210421 172042.022 INFO             PET2 ESMF_FieldRedistStoreNF(): Just entered routine.
20210421 172042.023 INFO             PET2 ESMF_FieldRedistStoreNF(): Leaving routine.
20210421 172042.023 INFO             PET2 ESMF_FieldRedistStoreNF(): Just entered routine.
20210421 172042.023 INFO             PET2 ESMF_FieldRedistStoreNF(): Leaving routine.
20210421 172042.023 INFO             PET2  NUMBER_OF_PROCESSORS           4
20210421 172042.023 INFO             PET2  PASS  Example ESMF_FieldRedistEx, ESMF_FieldRedistEx.F90, line 521
20210421 172042.023 INFO             PET2 Finalizing ESMF
20210421 172042.017 INFO             PET3 !!!!!!!!!!!!!!!!!!!!!!!!!!!!!!!!!!!!!!!!!!!!!!!!!!!!!!
20210421 172042.017 INFO             PET3 !!! THE ESMF_LOG IS SET TO OUTPUT ALL LOG MESSAGES !!!
20210421 172042.017 INFO             PET3 !!!     THIS MAY CAUSE SLOWDOWN IN PERFORMANCE     !!!
20210421 172042.017 INFO             PET3 !!! FOR PRODUCTION RUNS, USE:                      !!!
20210421 172042.017 INFO             PET3 !!!                   ESMF_LOGKIND_Multi_On_Error  !!!
20210421 172042.017 INFO             PET3 !!!!!!!!!!!!!!!!!!!!!!!!!!!!!!!!!!!!!!!!!!!!!!!!!!!!!!
20210421 172042.017 INFO             PET3 Running with ESMF Version   : ESMF_8_2_0_beta_snapshot_04-7-g3098c96
20210421 172042.017 INFO             PET3 ESMF library build date/time: "Apr 21 2021" "14:17:11"
20210421 172042.017 INFO             PET3 ESMF library build location : /p/work1/mpotts/intel_2020.2_intelmpi_O_develop
20210421 172042.017 INFO             PET3 ESMF_COMM                   : intelmpi
20210421 172042.018 INFO             PET3 ESMF_MOAB                   : enabled
20210421 172042.018 INFO             PET3 ESMF_LAPACK                 : enabled
20210421 172042.018 INFO             PET3 ESMF_NETCDF                 : enabled
20210421 172042.018 INFO             PET3 ESMF_PNETCDF                : disabled
20210421 172042.018 INFO             PET3 ESMF_PIO                    : enabled
20210421 172042.018 INFO             PET3 ESMF_YAMLCPP                : enabled
20210421 172042.020 INFO             PET3 ESMF_FieldRedistStoreNF(): Just entered routine.
20210421 172042.021 INFO             PET3 ESMF_FieldRedistStoreNF(): Leaving routine.
20210421 172042.022 INFO             PET3 ESMF_FieldRedistStoreNF(): Just entered routine.
20210421 172042.023 INFO             PET3 ESMF_FieldRedistStoreNF(): Leaving routine.
20210421 172042.023 INFO             PET3 ESMF_FieldRedistStoreNF(): Just entered routine.
20210421 172042.023 INFO             PET3 ESMF_FieldRedistStoreNF(): Leaving routine.
20210421 172042.023 INFO             PET3  NUMBER_OF_PROCESSORS           4
20210421 172042.023 INFO             PET3  PASS  Example ESMF_FieldRedistEx, ESMF_FieldRedistEx.F90, line 521
20210421 172042.023 INFO             PET3 Finalizing ESMF
