20210322 064718.901 INFO             PET0 !!!!!!!!!!!!!!!!!!!!!!!!!!!!!!!!!!!!!!!!!!!!!!!!!!!!!!
20210322 064718.901 INFO             PET0 !!! THE ESMF_LOG IS SET TO OUTPUT ALL LOG MESSAGES !!!
20210322 064718.901 INFO             PET0 !!!     THIS MAY CAUSE SLOWDOWN IN PERFORMANCE     !!!
20210322 064718.901 INFO             PET0 !!! FOR PRODUCTION RUNS, USE:                      !!!
20210322 064718.901 INFO             PET0 !!!                   ESMF_LOGKIND_Multi_On_Error  !!!
20210322 064718.901 INFO             PET0 !!!!!!!!!!!!!!!!!!!!!!!!!!!!!!!!!!!!!!!!!!!!!!!!!!!!!!
20210322 064718.901 INFO             PET0 Running with ESMF Version   : ESMF_8_1_0_beta_snapshot_47-55-g845ba43dcd
20210322 064718.901 INFO             PET0 ESMF library build date/time: "Mar 22 2021" "05:58:57"
20210322 064718.901 INFO             PET0 ESMF library build location : /glade/scratch/mpotts/intel_18.0.5_intelmpi_g
20210322 064718.901 INFO             PET0 ESMF_COMM                   : intelmpi
20210322 064718.901 INFO             PET0 ESMF_MOAB                   : enabled
20210322 064718.901 INFO             PET0 ESMF_LAPACK                 : enabled
20210322 064718.901 INFO             PET0 ESMF_NETCDF                 : enabled
20210322 064718.901 INFO             PET0 ESMF_PNETCDF                : disabled
20210322 064718.901 INFO             PET0 ESMF_PIO                    : enabled
20210322 064718.901 INFO             PET0 ESMF_YAMLCPP                : enabled
20210322 064718.904 INFO             PET0 ESMF_FieldRedistStoreNF(): Just entered routine.
20210322 064718.906 INFO             PET0 ESMF_FieldRedistStoreNF(): Leaving routine.
20210322 064718.911 INFO             PET0 ESMF_FieldRedistStoreNF(): Just entered routine.
20210322 064718.913 INFO             PET0 ESMF_FieldRedistStoreNF(): Leaving routine.
20210322 064718.913 INFO             PET0 ESMF_FieldRedistStoreNF(): Just entered routine.
20210322 064718.914 INFO             PET0 ESMF_FieldRedistStoreNF(): Leaving routine.
20210322 064718.914 INFO             PET0  NUMBER_OF_PROCESSORS           4
20210322 064718.914 INFO             PET0  PASS  Example ESMF_FieldRedistEx, ESMF_FieldRedistEx.F90, line 521
20210322 064718.914 INFO             PET0 Finalizing ESMF
20210322 064718.901 INFO             PET1 !!!!!!!!!!!!!!!!!!!!!!!!!!!!!!!!!!!!!!!!!!!!!!!!!!!!!!
20210322 064718.901 INFO             PET1 !!! THE ESMF_LOG IS SET TO OUTPUT ALL LOG MESSAGES !!!
20210322 064718.901 INFO             PET1 !!!     THIS MAY CAUSE SLOWDOWN IN PERFORMANCE     !!!
20210322 064718.901 INFO             PET1 !!! FOR PRODUCTION RUNS, USE:                      !!!
20210322 064718.901 INFO             PET1 !!!                   ESMF_LOGKIND_Multi_On_Error  !!!
20210322 064718.901 INFO             PET1 !!!!!!!!!!!!!!!!!!!!!!!!!!!!!!!!!!!!!!!!!!!!!!!!!!!!!!
20210322 064718.901 INFO             PET1 Running with ESMF Version   : ESMF_8_1_0_beta_snapshot_47-55-g845ba43dcd
20210322 064718.901 INFO             PET1 ESMF library build date/time: "Mar 22 2021" "05:58:57"
20210322 064718.901 INFO             PET1 ESMF library build location : /glade/scratch/mpotts/intel_18.0.5_intelmpi_g
20210322 064718.901 INFO             PET1 ESMF_COMM                   : intelmpi
20210322 064718.902 INFO             PET1 ESMF_MOAB                   : enabled
20210322 064718.902 INFO             PET1 ESMF_LAPACK                 : enabled
20210322 064718.902 INFO             PET1 ESMF_NETCDF                 : enabled
20210322 064718.902 INFO             PET1 ESMF_PNETCDF                : disabled
20210322 064718.902 INFO             PET1 ESMF_PIO                    : enabled
20210322 064718.902 INFO             PET1 ESMF_YAMLCPP                : enabled
20210322 064718.904 INFO             PET1 ESMF_FieldRedistStoreNF(): Just entered routine.
20210322 064718.906 INFO             PET1 ESMF_FieldRedistStoreNF(): Leaving routine.
20210322 064718.911 INFO             PET1 ESMF_FieldRedistStoreNF(): Just entered routine.
20210322 064718.913 INFO             PET1 ESMF_FieldRedistStoreNF(): Leaving routine.
20210322 064718.913 INFO             PET1 ESMF_FieldRedistStoreNF(): Just entered routine.
20210322 064718.914 INFO             PET1 ESMF_FieldRedistStoreNF(): Leaving routine.
20210322 064718.914 INFO             PET1  NUMBER_OF_PROCESSORS           4
20210322 064718.914 INFO             PET1  PASS  Example ESMF_FieldRedistEx, ESMF_FieldRedistEx.F90, line 521
20210322 064718.914 INFO             PET1 Finalizing ESMF
20210322 064718.901 INFO             PET2 !!!!!!!!!!!!!!!!!!!!!!!!!!!!!!!!!!!!!!!!!!!!!!!!!!!!!!
20210322 064718.901 INFO             PET2 !!! THE ESMF_LOG IS SET TO OUTPUT ALL LOG MESSAGES !!!
20210322 064718.901 INFO             PET2 !!!     THIS MAY CAUSE SLOWDOWN IN PERFORMANCE     !!!
20210322 064718.901 INFO             PET2 !!! FOR PRODUCTION RUNS, USE:                      !!!
20210322 064718.901 INFO             PET2 !!!                   ESMF_LOGKIND_Multi_On_Error  !!!
20210322 064718.901 INFO             PET2 !!!!!!!!!!!!!!!!!!!!!!!!!!!!!!!!!!!!!!!!!!!!!!!!!!!!!!
20210322 064718.901 INFO             PET2 Running with ESMF Version   : ESMF_8_1_0_beta_snapshot_47-55-g845ba43dcd
20210322 064718.901 INFO             PET2 ESMF library build date/time: "Mar 22 2021" "05:58:57"
20210322 064718.901 INFO             PET2 ESMF library build location : /glade/scratch/mpotts/intel_18.0.5_intelmpi_g
20210322 064718.901 INFO             PET2 ESMF_COMM                   : intelmpi
20210322 064718.901 INFO             PET2 ESMF_MOAB                   : enabled
20210322 064718.901 INFO             PET2 ESMF_LAPACK                 : enabled
20210322 064718.901 INFO             PET2 ESMF_NETCDF                 : enabled
20210322 064718.901 INFO             PET2 ESMF_PNETCDF                : disabled
20210322 064718.901 INFO             PET2 ESMF_PIO                    : enabled
20210322 064718.901 INFO             PET2 ESMF_YAMLCPP                : enabled
20210322 064718.904 INFO             PET2 ESMF_FieldRedistStoreNF(): Just entered routine.
20210322 064718.906 INFO             PET2 ESMF_FieldRedistStoreNF(): Leaving routine.
20210322 064718.911 INFO             PET2 ESMF_FieldRedistStoreNF(): Just entered routine.
20210322 064718.913 INFO             PET2 ESMF_FieldRedistStoreNF(): Leaving routine.
20210322 064718.913 INFO             PET2 ESMF_FieldRedistStoreNF(): Just entered routine.
20210322 064718.914 INFO             PET2 ESMF_FieldRedistStoreNF(): Leaving routine.
20210322 064718.914 INFO             PET2  NUMBER_OF_PROCESSORS           4
20210322 064718.914 INFO             PET2  PASS  Example ESMF_FieldRedistEx, ESMF_FieldRedistEx.F90, line 521
20210322 064718.914 INFO             PET2 Finalizing ESMF
20210322 064718.901 INFO             PET3 !!!!!!!!!!!!!!!!!!!!!!!!!!!!!!!!!!!!!!!!!!!!!!!!!!!!!!
20210322 064718.901 INFO             PET3 !!! THE ESMF_LOG IS SET TO OUTPUT ALL LOG MESSAGES !!!
20210322 064718.901 INFO             PET3 !!!     THIS MAY CAUSE SLOWDOWN IN PERFORMANCE     !!!
20210322 064718.901 INFO             PET3 !!! FOR PRODUCTION RUNS, USE:                      !!!
20210322 064718.901 INFO             PET3 !!!                   ESMF_LOGKIND_Multi_On_Error  !!!
20210322 064718.901 INFO             PET3 !!!!!!!!!!!!!!!!!!!!!!!!!!!!!!!!!!!!!!!!!!!!!!!!!!!!!!
20210322 064718.901 INFO             PET3 Running with ESMF Version   : ESMF_8_1_0_beta_snapshot_47-55-g845ba43dcd
20210322 064718.901 INFO             PET3 ESMF library build date/time: "Mar 22 2021" "05:58:57"
20210322 064718.901 INFO             PET3 ESMF library build location : /glade/scratch/mpotts/intel_18.0.5_intelmpi_g
20210322 064718.901 INFO             PET3 ESMF_COMM                   : intelmpi
20210322 064718.901 INFO             PET3 ESMF_MOAB                   : enabled
20210322 064718.901 INFO             PET3 ESMF_LAPACK                 : enabled
20210322 064718.901 INFO             PET3 ESMF_NETCDF                 : enabled
20210322 064718.901 INFO             PET3 ESMF_PNETCDF                : disabled
20210322 064718.901 INFO             PET3 ESMF_PIO                    : enabled
20210322 064718.901 INFO             PET3 ESMF_YAMLCPP                : enabled
20210322 064718.904 INFO             PET3 ESMF_FieldRedistStoreNF(): Just entered routine.
20210322 064718.906 INFO             PET3 ESMF_FieldRedistStoreNF(): Leaving routine.
20210322 064718.911 INFO             PET3 ESMF_FieldRedistStoreNF(): Just entered routine.
20210322 064718.913 INFO             PET3 ESMF_FieldRedistStoreNF(): Leaving routine.
20210322 064718.913 INFO             PET3 ESMF_FieldRedistStoreNF(): Just entered routine.
20210322 064718.914 INFO             PET3 ESMF_FieldRedistStoreNF(): Leaving routine.
20210322 064718.914 INFO             PET3  NUMBER_OF_PROCESSORS           4
20210322 064718.914 INFO             PET3  PASS  Example ESMF_FieldRedistEx, ESMF_FieldRedistEx.F90, line 521
20210322 064718.914 INFO             PET3 Finalizing ESMF
