 
Installing ESMF:
 
mkdir -p /lustre/f2/dev/ncep/Mark.Potts/intel_2019.5_mpi_g/DEFAULTINSTALLDIR/include
cp -f /lustre/f2/dev/ncep/Mark.Potts/intel_2019.5_mpi_g/src/include/ESMC.h /lustre/f2/dev/ncep/Mark.Potts/intel_2019.5_mpi_g/DEFAULTINSTALLDIR/include
cp -f /lustre/f2/dev/ncep/Mark.Potts/intel_2019.5_mpi_g/src/include/ESMC_*.h /lustre/f2/dev/ncep/Mark.Potts/intel_2019.5_mpi_g/DEFAULTINSTALLDIR/include
cp -f /lustre/f2/dev/ncep/Mark.Potts/intel_2019.5_mpi_g/build_config/Unicos.intel.default/ESMC_Conf.h /lustre/f2/dev/ncep/Mark.Potts/intel_2019.5_mpi_g/DEFAULTINSTALLDIR/include
mkdir -p /lustre/f2/dev/ncep/Mark.Potts/intel_2019.5_mpi_g/DEFAULTINSTALLDIR/mod/modg/Unicos.intel.64.mpi.default
cp -f /lustre/f2/dev/ncep/Mark.Potts/intel_2019.5_mpi_g/mod/modg/Unicos.intel.64.mpi.default/*.mod /lustre/f2/dev/ncep/Mark.Potts/intel_2019.5_mpi_g/DEFAULTINSTALLDIR/mod/modg/Unicos.intel.64.mpi.default
mkdir -p /lustre/f2/dev/ncep/Mark.Potts/intel_2019.5_mpi_g/DEFAULTINSTALLDIR/lib/libg/Unicos.intel.64.mpi.default
cp -f /lustre/f2/dev/ncep/Mark.Potts/intel_2019.5_mpi_g/lib/libg/Unicos.intel.64.mpi.default/libesmf*.* /lustre/f2/dev/ncep/Mark.Potts/intel_2019.5_mpi_g/DEFAULTINSTALLDIR/lib/libg/Unicos.intel.64.mpi.default
make ESMF_PRELOADDIR=/lustre/f2/dev/ncep/Mark.Potts/intel_2019.5_mpi_g/DEFAULTINSTALLDIR/lib/libg/Unicos.intel.64.mpi.default build_preload_script
make[1]: Entering directory '/lustre/f2/dev/ncep/Mark.Potts/intel_2019.5_mpi_g'
chmod 755 /lustre/f2/dev/ncep/Mark.Potts/intel_2019.5_mpi_g/DEFAULTINSTALLDIR/lib/libg/Unicos.intel.64.mpi.default/preload.sh
make[1]: Leaving directory '/lustre/f2/dev/ncep/Mark.Potts/intel_2019.5_mpi_g'
ranlib /lustre/f2/dev/ncep/Mark.Potts/intel_2019.5_mpi_g/DEFAULTINSTALLDIR/lib/libg/Unicos.intel.64.mpi.default/libesmf*.a
make install_apps
make[1]: Entering directory '/lustre/f2/dev/ncep/Mark.Potts/intel_2019.5_mpi_g'
mkdir -p /lustre/f2/dev/ncep/Mark.Potts/intel_2019.5_mpi_g/DEFAULTINSTALLDIR/bin/bing/Unicos.intel.64.mpi.default
make build_apps ESMF_APPSDIR=/lustre/f2/dev/ncep/Mark.Potts/intel_2019.5_mpi_g/DEFAULTINSTALLDIR/bin/bing/Unicos.intel.64.mpi.default ESMF_LDIR=/lustre/f2/dev/ncep/Mark.Potts/intel_2019.5_mpi_g/DEFAULTINSTALLDIR/lib/libg/Unicos.intel.64.mpi.default ESMF_LIBDIR=/lustre/f2/dev/ncep/Mark.Potts/intel_2019.5_mpi_g/DEFAULTINSTALLDIR/lib/libg/Unicos.intel.64.mpi.default ESMF_MODDIR=/lustre/f2/dev/ncep/Mark.Potts/intel_2019.5_mpi_g/DEFAULTINSTALLDIR/mod/modg/Unicos.intel.64.mpi.default
make[2]: Entering directory '/lustre/f2/dev/ncep/Mark.Potts/intel_2019.5_mpi_g'
cd /lustre/f2/dev/ncep/Mark.Potts/intel_2019.5_mpi_g/src/apps; make ACTION=tree_build_apps tree
make[3]: Entering directory '/lustre/f2/dev/ncep/Mark.Potts/intel_2019.5_mpi_g/src/apps'
tree_build_apps in: /lustre/f2/dev/ncep/Mark.Potts/intel_2019.5_mpi_g/src/apps/ESMF_PrintInfo
make[4]: Entering directory '/lustre/f2/dev/ncep/Mark.Potts/intel_2019.5_mpi_g/src/apps/ESMF_PrintInfo'
make chkdir_locobj
make[5]: Entering directory '/lustre/f2/dev/ncep/Mark.Potts/intel_2019.5_mpi_g/src/apps/ESMF_PrintInfo'
Making directory /lustre/f2/dev/ncep/Mark.Potts/intel_2019.5_mpi_g/obj/objg/Unicos.intel.64.mpi.default/src/apps/ESMF_PrintInfo for apps output
make[5]: Leaving directory '/lustre/f2/dev/ncep/Mark.Potts/intel_2019.5_mpi_g/src/apps/ESMF_PrintInfo'
ftn -c -g -traceback -check arg_temp_created,bounds,format,output_conversion,stack,uninit -fPIC -assume realloc_lhs   -qopenmp -I/lustre/f2/dev/ncep/Mark.Potts/intel_2019.5_mpi_g/src/apps/ESMF_PrintInfo -I/lustre/f2/dev/ncep/Mark.Potts/intel_2019.5_mpi_g/build_config/Unicos.intel.default -I/lustre/f2/dev/ncep/Mark.Potts/intel_2019.5_mpi_g/src/Infrastructure -I/lustre/f2/dev/ncep/Mark.Potts/intel_2019.5_mpi_g/src/Superstructure -I/lustre/f2/dev/ncep/Mark.Potts/intel_2019.5_mpi_g/DEFAULTINSTALLDIR/mod/modg/Unicos.intel.64.mpi.default -I/lustre/f2/dev/ncep/Mark.Potts/intel_2019.5_mpi_g/src/include -I/opt/cray/pe/netcdf/4.6.3.2/include -I/opt/cray/pe/netcdf/4.6.3.2/INTEL/19.0/include  -DESMF_NO_INTEGER_1_BYTE -DESMF_NO_INTEGER_2_BYTE -DESMF_MOAB=1 -DESMF_LAPACK=1 -DESMF_LAPACK_INTERNAL=1 -DESMF_NO_ACC_SOFTWARE_STACK=1 -DESMF_NETCDF=1 -DESMF_YAMLCPP=1 -DESMF_YAML=1 -DESMF_PIO=1 -DESMF_MPIIO -DESMF_NO_OPENACC -DESMF_TESTEXHAUSTIVE -DESMF_BOPT_g -DESMF_TESTCOMPTUNNEL -DESMF_TESTWITHTHREADS -DS64=1 -DESMF_OS_Unicos=1 -DESMF_COMM=mpi -DESMF_DIR=/lustre/f2/dev/ncep/Mark.Potts/intel_2019.5_mpi_g ESMF_PrintInfo.F90 -o /lustre/f2/dev/ncep/Mark.Potts/intel_2019.5_mpi_g/obj/objg/Unicos.intel.64.mpi.default/src/apps/ESMF_PrintInfo/ESMF_PrintInfo.o
ifort: warning #10182: disabling optimization; runtime debug checks enabled
make chkdir_apps
make[5]: Entering directory '/lustre/f2/dev/ncep/Mark.Potts/intel_2019.5_mpi_g/src/apps/ESMF_PrintInfo'
make[5]: Leaving directory '/lustre/f2/dev/ncep/Mark.Potts/intel_2019.5_mpi_g/src/apps/ESMF_PrintInfo'
ftn -dynamic    -Wl,--no-as-needed  -qopenmp -L/lustre/f2/dev/ncep/Mark.Potts/intel_2019.5_mpi_g/DEFAULTINSTALLDIR/lib/libg/Unicos.intel.64.mpi.default -L/opt/cray/pe/netcdf/4.6.3.2/INTEL/19.0/lib  -Wl,-rpath,/lustre/f2/dev/ncep/Mark.Potts/intel_2019.5_mpi_g/DEFAULTINSTALLDIR/lib/libg/Unicos.intel.64.mpi.default -Wl,-rpath,/opt/cray/pe/netcdf/4.6.3.2/INTEL/19.0/lib -o /lustre/f2/dev/ncep/Mark.Potts/intel_2019.5_mpi_g/DEFAULTINSTALLDIR/bin/bing/Unicos.intel.64.mpi.default/ESMF_PrintInfo /lustre/f2/dev/ncep/Mark.Potts/intel_2019.5_mpi_g/obj/objg/Unicos.intel.64.mpi.default/src/apps/ESMF_PrintInfo/ESMF_PrintInfo.o -lesmf   -cxxlib -lrt -ldl
make[4]: Leaving directory '/lustre/f2/dev/ncep/Mark.Potts/intel_2019.5_mpi_g/src/apps/ESMF_PrintInfo'
tree_build_apps in: /lustre/f2/dev/ncep/Mark.Potts/intel_2019.5_mpi_g/src/apps/ESMF_PrintInfoC
make[4]: Entering directory '/lustre/f2/dev/ncep/Mark.Potts/intel_2019.5_mpi_g/src/apps/ESMF_PrintInfoC'
make chkdir_locobj
make[5]: Entering directory '/lustre/f2/dev/ncep/Mark.Potts/intel_2019.5_mpi_g/src/apps/ESMF_PrintInfoC'
Making directory /lustre/f2/dev/ncep/Mark.Potts/intel_2019.5_mpi_g/obj/objg/Unicos.intel.64.mpi.default/src/apps/ESMF_PrintInfoC for apps output
make[5]: Leaving directory '/lustre/f2/dev/ncep/Mark.Potts/intel_2019.5_mpi_g/src/apps/ESMF_PrintInfoC'
CC -c -std=c++11 -g -traceback -Wcheck -fPIC -pthread  -qopenmp -I/lustre/f2/dev/ncep/Mark.Potts/intel_2019.5_mpi_g/src/apps/ESMF_PrintInfoC -I/lustre/f2/dev/ncep/Mark.Potts/intel_2019.5_mpi_g/src/apps/ESMF_PrintInfoC/../include -I/lustre/f2/dev/ncep/Mark.Potts/intel_2019.5_mpi_g/build_config/Unicos.intel.default -I/lustre/f2/dev/ncep/Mark.Potts/intel_2019.5_mpi_g/src/Infrastructure -I/lustre/f2/dev/ncep/Mark.Potts/intel_2019.5_mpi_g/src/Superstructure -I/lustre/f2/dev/ncep/Mark.Potts/intel_2019.5_mpi_g/src/Infrastructure/stubs/pthread  -I/lustre/f2/dev/ncep/Mark.Potts/intel_2019.5_mpi_g/src/include  -I/opt/cray/pe/netcdf/4.6.3.2/include -I/lustre/f2/dev/ncep/Mark.Potts/intel_2019.5_mpi_g/src/prologue/yaml-cpp/include -DESMF_NO_INTEGER_1_BYTE -DESMF_NO_INTEGER_2_BYTE -DESMF_MOAB=1 -DESMF_LAPACK=1 -DESMF_LAPACK_INTERNAL=1 -DESMF_NO_ACC_SOFTWARE_STACK=1 -DESMF_NETCDF=1 -DESMF_YAMLCPP=1 -DESMF_YAML=1 -DESMF_PIO=1 -DESMF_MPIIO -DESMF_NO_OPENACC -DESMF_TESTEXHAUSTIVE -DESMF_BOPT_g -DESMF_TESTCOMPTUNNEL -DESMF_TESTWITHTHREADS -DS64=1 -DESMF_OS_Unicos=1 -DESMF_COMM=mpi -DESMF_DIR=/lustre/f2/dev/ncep/Mark.Potts/intel_2019.5_mpi_g -D__SDIR__='"src/apps/ESMF_PrintInfoC"' -DESMF_CXXSTD=11 -DESMF_NO_POSIXIPC ESMF_PrintInfoC.c -o /lustre/f2/dev/ncep/Mark.Potts/intel_2019.5_mpi_g/obj/objg/Unicos.intel.64.mpi.default/src/apps/ESMF_PrintInfoC/ESMF_PrintInfoC.o
make chkdir_apps
make[5]: Entering directory '/lustre/f2/dev/ncep/Mark.Potts/intel_2019.5_mpi_g/src/apps/ESMF_PrintInfoC'
make[5]: Leaving directory '/lustre/f2/dev/ncep/Mark.Potts/intel_2019.5_mpi_g/src/apps/ESMF_PrintInfoC'
CC -dynamic   -pthread -Wl,--no-as-needed  -qopenmp -L/lustre/f2/dev/ncep/Mark.Potts/intel_2019.5_mpi_g/DEFAULTINSTALLDIR/lib/libg/Unicos.intel.64.mpi.default -L/opt/cray/pe/netcdf/4.6.3.2/INTEL/19.0/lib -L/opt/intel/compilers_and_libraries_2019.5.281/linux/compiler/lib/intel64_lin/ -Wl,-rpath,/lustre/f2/dev/ncep/Mark.Potts/intel_2019.5_mpi_g/DEFAULTINSTALLDIR/lib/libg/Unicos.intel.64.mpi.default -Wl,-rpath,/opt/cray/pe/netcdf/4.6.3.2/INTEL/19.0/lib -o /lustre/f2/dev/ncep/Mark.Potts/intel_2019.5_mpi_g/DEFAULTINSTALLDIR/bin/bing/Unicos.intel.64.mpi.default/ESMF_PrintInfoC /lustre/f2/dev/ncep/Mark.Potts/intel_2019.5_mpi_g/obj/objg/Unicos.intel.64.mpi.default/src/apps/ESMF_PrintInfoC/ESMF_PrintInfoC.o -lesmf   -lrt -ldl
/usr/lib64/gcc/x86_64-suse-linux/7/../../../../x86_64-suse-linux/bin/ld: /lustre/f2/dev/ncep/Mark.Potts/intel_2019.5_mpi_g/DEFAULTINSTALLDIR/lib/libg/Unicos.intel.64.mpi.default/libesmf.so: undefined reference to `netcdf_mp_nf90_inquire_attribute_'
/usr/lib64/gcc/x86_64-suse-linux/7/../../../../x86_64-suse-linux/bin/ld: /lustre/f2/dev/ncep/Mark.Potts/intel_2019.5_mpi_g/DEFAULTINSTALLDIR/lib/libg/Unicos.intel.64.mpi.default/libesmf.so: undefined reference to `netcdf_mp_nf90_get_var_3d_fourbytereal_'
/usr/lib64/gcc/x86_64-suse-linux/7/../../../../x86_64-suse-linux/bin/ld: /lustre/f2/dev/ncep/Mark.Potts/intel_2019.5_mpi_g/DEFAULTINSTALLDIR/lib/libg/Unicos.intel.64.mpi.default/libesmf.so: undefined reference to `netcdf_mp_nf90_def_dim_'
/usr/lib64/gcc/x86_64-suse-linux/7/../../../../x86_64-suse-linux/bin/ld: /lustre/f2/dev/ncep/Mark.Potts/intel_2019.5_mpi_g/DEFAULTINSTALLDIR/lib/libg/Unicos.intel.64.mpi.default/libesmf.so: undefined reference to `netcdf_mp_nf90_get_var_5d_eightbytereal_'
/usr/lib64/gcc/x86_64-suse-linux/7/../../../../x86_64-suse-linux/bin/ld: /lustre/f2/dev/ncep/Mark.Potts/intel_2019.5_mpi_g/DEFAULTINSTALLDIR/lib/libg/Unicos.intel.64.mpi.default/libesmf.so: undefined reference to `netcdf_mp_nf90_put_var_text_'
/usr/lib64/gcc/x86_64-suse-linux/7/../../../../x86_64-suse-linux/bin/ld: /lustre/f2/dev/ncep/Mark.Potts/intel_2019.5_mpi_g/DEFAULTINSTALLDIR/lib/libg/Unicos.intel.64.mpi.default/libesmf.so: undefined reference to `netcdf_mp_nf90_put_att_one_eightbytereal_'
/usr/lib64/gcc/x86_64-suse-linux/7/../../../../x86_64-suse-linux/bin/ld: /lustre/f2/dev/ncep/Mark.Potts/intel_2019.5_mpi_g/DEFAULTINSTALLDIR/lib/libg/Unicos.intel.64.mpi.default/libesmf.so: undefined reference to `netcdf_mp_nf90_redef_'
/usr/lib64/gcc/x86_64-suse-linux/7/../../../../x86_64-suse-linux/bin/ld: /lustre/f2/dev/ncep/Mark.Potts/intel_2019.5_mpi_g/DEFAULTINSTALLDIR/lib/libg/Unicos.intel.64.mpi.default/libesmf.so: undefined reference to `netcdf_mp_nf90_put_var_5d_eightbytereal_'
/usr/lib64/gcc/x86_64-suse-linux/7/../../../../x86_64-suse-linux/bin/ld: /lustre/f2/dev/ncep/Mark.Potts/intel_2019.5_mpi_g/DEFAULTINSTALLDIR/lib/libg/Unicos.intel.64.mpi.default/libesmf.so: undefined reference to `netcdf_mp_nf90_put_var_3d_fourbytereal_'
/usr/lib64/gcc/x86_64-suse-linux/7/../../../../x86_64-suse-linux/bin/ld: /lustre/f2/dev/ncep/Mark.Potts/intel_2019.5_mpi_g/DEFAULTINSTALLDIR/lib/libg/Unicos.intel.64.mpi.default/libesmf.so: undefined reference to `netcdf_mp_nf90_put_var_eightbytereal_'
/usr/lib64/gcc/x86_64-suse-linux/7/../../../../x86_64-suse-linux/bin/ld: /lustre/f2/dev/ncep/Mark.Potts/intel_2019.5_mpi_g/DEFAULTINSTALLDIR/lib/libg/Unicos.intel.64.mpi.default/libesmf.so: undefined reference to `netcdf_mp_nf90_inq_dimid_'
/usr/lib64/gcc/x86_64-suse-linux/7/../../../../x86_64-suse-linux/bin/ld: /lustre/f2/dev/ncep/Mark.Potts/intel_2019.5_mpi_g/DEFAULTINSTALLDIR/lib/libg/Unicos.intel.64.mpi.default/libesmf.so: undefined reference to `netcdf_mp_nf90_put_att_eightbytereal_'
/usr/lib64/gcc/x86_64-suse-linux/7/../../../../x86_64-suse-linux/bin/ld: /lustre/f2/dev/ncep/Mark.Potts/intel_2019.5_mpi_g/DEFAULTINSTALLDIR/lib/libg/Unicos.intel.64.mpi.default/libesmf.so: undefined reference to `netcdf_mp_nf90_get_var_text_'
/usr/lib64/gcc/x86_64-suse-linux/7/../../../../x86_64-suse-linux/bin/ld: /lustre/f2/dev/ncep/Mark.Potts/intel_2019.5_mpi_g/DEFAULTINSTALLDIR/lib/libg/Unicos.intel.64.mpi.default/libesmf.so: undefined reference to `netcdf_mp_nf90_get_var_5d_text_'
/usr/lib64/gcc/x86_64-suse-linux/7/../../../../x86_64-suse-linux/bin/ld: /lustre/f2/dev/ncep/Mark.Potts/intel_2019.5_mpi_g/DEFAULTINSTALLDIR/lib/libg/Unicos.intel.64.mpi.default/libesmf.so: undefined reference to `netcdf_mp_nf90_create_'
/usr/lib64/gcc/x86_64-suse-linux/7/../../../../x86_64-suse-linux/bin/ld: /lustre/f2/dev/ncep/Mark.Potts/intel_2019.5_mpi_g/DEFAULTINSTALLDIR/lib/libg/Unicos.intel.64.mpi.default/libesmf.so: undefined reference to `netcdf_mp_nf90_inquire_'
/usr/lib64/gcc/x86_64-suse-linux/7/../../../../x86_64-suse-linux/bin/ld: /lustre/f2/dev/ncep/Mark.Potts/intel_2019.5_mpi_g/DEFAULTINSTALLDIR/lib/libg/Unicos.intel.64.mpi.default/libesmf.so: undefined reference to `netcdf_mp_nf90_put_att_text_'
/usr/lib64/gcc/x86_64-suse-linux/7/../../../../x86_64-suse-linux/bin/ld: /lustre/f2/dev/ncep/Mark.Potts/intel_2019.5_mpi_g/DEFAULTINSTALLDIR/lib/libg/Unicos.intel.64.mpi.default/libesmf.so: undefined reference to `netcdf_mp_nf90_strerror_'
/usr/lib64/gcc/x86_64-suse-linux/7/../../../../x86_64-suse-linux/bin/ld: /lustre/f2/dev/ncep/Mark.Potts/intel_2019.5_mpi_g/DEFAULTINSTALLDIR/lib/libg/Unicos.intel.64.mpi.default/libesmf.so: undefined reference to `netcdf_mp_nf90_set_fill_'
/usr/lib64/gcc/x86_64-suse-linux/7/../../../../x86_64-suse-linux/bin/ld: /lustre/f2/dev/ncep/Mark.Potts/intel_2019.5_mpi_g/DEFAULTINSTALLDIR/lib/libg/Unicos.intel.64.mpi.default/libesmf.so: undefined reference to `netcdf_mp_nf90_copy_att_'
/usr/lib64/gcc/x86_64-suse-linux/7/../../../../x86_64-suse-linux/bin/ld: /lustre/f2/dev/ncep/Mark.Potts/intel_2019.5_mpi_g/DEFAULTINSTALLDIR/lib/libg/Unicos.intel.64.mpi.default/libesmf.so: undefined reference to `netcdf_mp_nf90_get_att_text_'
/usr/lib64/gcc/x86_64-suse-linux/7/../../../../x86_64-suse-linux/bin/ld: /lustre/f2/dev/ncep/Mark.Potts/intel_2019.5_mpi_g/DEFAULTINSTALLDIR/lib/libg/Unicos.intel.64.mpi.default/libesmf.so: undefined reference to `netcdf_mp_nf90_put_var_fourbyteint_'
/usr/lib64/gcc/x86_64-suse-linux/7/../../../../x86_64-suse-linux/bin/ld: /lustre/f2/dev/ncep/Mark.Potts/intel_2019.5_mpi_g/DEFAULTINSTALLDIR/lib/libg/Unicos.intel.64.mpi.default/libesmf.so: undefined reference to `netcdf_mp_nf90_get_var_2d_text_'
/usr/lib64/gcc/x86_64-suse-linux/7/../../../../x86_64-suse-linux/bin/ld: /lustre/f2/dev/ncep/Mark.Potts/intel_2019.5_mpi_g/DEFAULTINSTALLDIR/lib/libg/Unicos.intel.64.mpi.default/libesmf.so: undefined reference to `netcdf_mp_nf90_put_var_3d_eightbytereal_'
/usr/lib64/gcc/x86_64-suse-linux/7/../../../../x86_64-suse-linux/bin/ld: /lustre/f2/dev/ncep/Mark.Potts/intel_2019.5_mpi_g/DEFAULTINSTALLDIR/lib/libg/Unicos.intel.64.mpi.default/libesmf.so: undefined reference to `netcdf_mp_nf90_get_var_fourbyteint_'
/usr/lib64/gcc/x86_64-suse-linux/7/../../../../x86_64-suse-linux/bin/ld: /lustre/f2/dev/ncep/Mark.Potts/intel_2019.5_mpi_g/DEFAULTINSTALLDIR/lib/libg/Unicos.intel.64.mpi.default/libesmf.so: undefined reference to `netcdf_mp_nf90_put_var_5d_fourbytereal_'
/usr/lib64/gcc/x86_64-suse-linux/7/../../../../x86_64-suse-linux/bin/ld: /lustre/f2/dev/ncep/Mark.Potts/intel_2019.5_mpi_g/DEFAULTINSTALLDIR/lib/libg/Unicos.intel.64.mpi.default/libesmf.so: undefined reference to `netcdf_mp_nf90_inq_attname_'
/usr/lib64/gcc/x86_64-suse-linux/7/../../../../x86_64-suse-linux/bin/ld: /lustre/f2/dev/ncep/Mark.Potts/intel_2019.5_mpi_g/DEFAULTINSTALLDIR/lib/libg/Unicos.intel.64.mpi.default/libesmf.so: undefined reference to `netcdf_mp_nf90_inquire_variable_'
/usr/lib64/gcc/x86_64-suse-linux/7/../../../../x86_64-suse-linux/bin/ld: /lustre/f2/dev/ncep/Mark.Potts/intel_2019.5_mpi_g/DEFAULTINSTALLDIR/lib/libg/Unicos.intel.64.mpi.default/libesmf.so: undefined reference to `netcdf_mp_nf90_put_var_2d_fourbytereal_'
/usr/lib64/gcc/x86_64-suse-linux/7/../../../../x86_64-suse-linux/bin/ld: /lustre/f2/dev/ncep/Mark.Potts/intel_2019.5_mpi_g/DEFAULTINSTALLDIR/lib/libg/Unicos.intel.64.mpi.default/libesmf.so: undefined reference to `netcdf_mp_nf90_inquire_dimension_'
/usr/lib64/gcc/x86_64-suse-linux/7/../../../../x86_64-suse-linux/bin/ld: /lustre/f2/dev/ncep/Mark.Potts/intel_2019.5_mpi_g/DEFAULTINSTALLDIR/lib/libg/Unicos.intel.64.mpi.default/libesmf.so: undefined reference to `netcdf_mp_nf90_get_var_4d_eightbytereal_'
/usr/lib64/gcc/x86_64-suse-linux/7/../../../../x86_64-suse-linux/bin/ld: /lustre/f2/dev/ncep/Mark.Potts/intel_2019.5_mpi_g/DEFAULTINSTALLDIR/lib/libg/Unicos.intel.64.mpi.default/libesmf.so: undefined reference to `netcdf_mp_nf90_put_var_4d_fourbyteint_'
/usr/lib64/gcc/x86_64-suse-linux/7/../../../../x86_64-suse-linux/bin/ld: /lustre/f2/dev/ncep/Mark.Potts/intel_2019.5_mpi_g/DEFAULTINSTALLDIR/lib/libg/Unicos.intel.64.mpi.default/libesmf.so: undefined reference to `netcdf_mp_nf90_put_var_1d_eightbytereal_'
/usr/lib64/gcc/x86_64-suse-linux/7/../../../../x86_64-suse-linux/bin/ld: /lustre/f2/dev/ncep/Mark.Potts/intel_2019.5_mpi_g/DEFAULTINSTALLDIR/lib/libg/Unicos.intel.64.mpi.default/libesmf.so: undefined reference to `netcdf_mp_nf90_put_var_4d_fourbytereal_'
/usr/lib64/gcc/x86_64-suse-linux/7/../../../../x86_64-suse-linux/bin/ld: /lustre/f2/dev/ncep/Mark.Potts/intel_2019.5_mpi_g/DEFAULTINSTALLDIR/lib/libg/Unicos.intel.64.mpi.default/libesmf.so: undefined reference to `netcdf_mp_nf90_put_var_fourbytereal_'
/usr/lib64/gcc/x86_64-suse-linux/7/../../../../x86_64-suse-linux/bin/ld: /lustre/f2/dev/ncep/Mark.Potts/intel_2019.5_mpi_g/DEFAULTINSTALLDIR/lib/libg/Unicos.intel.64.mpi.default/libesmf.so: undefined reference to `netcdf_mp_nf90_put_var_2d_text_'
/usr/lib64/gcc/x86_64-suse-linux/7/../../../../x86_64-suse-linux/bin/ld: /lustre/f2/dev/ncep/Mark.Potts/intel_2019.5_mpi_g/DEFAULTINSTALLDIR/lib/libg/Unicos.intel.64.mpi.default/libesmf.so: undefined reference to `netcdf_mp_nf90_get_var_3d_eightbyteint_'
/usr/lib64/gcc/x86_64-suse-linux/7/../../../../x86_64-suse-linux/bin/ld: /lustre/f2/dev/ncep/Mark.Potts/intel_2019.5_mpi_g/DEFAULTINSTALLDIR/lib/libg/Unicos.intel.64.mpi.default/libesmf.so: undefined reference to `netcdf_mp_nf90_put_var_5d_text_'
/usr/lib64/gcc/x86_64-suse-linux/7/../../../../x86_64-suse-linux/bin/ld: /lustre/f2/dev/ncep/Mark.Potts/intel_2019.5_mpi_g/DEFAULTINSTALLDIR/lib/libg/Unicos.intel.64.mpi.default/libesmf.so: undefined reference to `netcdf_mp_nf90_get_var_1d_text_'
/usr/lib64/gcc/x86_64-suse-linux/7/../../../../x86_64-suse-linux/bin/ld: /lustre/f2/dev/ncep/Mark.Potts/intel_2019.5_mpi_g/DEFAULTINSTALLDIR/lib/libg/Unicos.intel.64.mpi.default/libesmf.so: undefined reference to `netcdf_mp_nf90_put_var_1d_text_'
/usr/lib64/gcc/x86_64-suse-linux/7/../../../../x86_64-suse-linux/bin/ld: /lustre/f2/dev/ncep/Mark.Potts/intel_2019.5_mpi_g/DEFAULTINSTALLDIR/lib/libg/Unicos.intel.64.mpi.default/libesmf.so: undefined reference to `netcdf_mp_nf90_get_var_1d_eightbytereal_'
/usr/lib64/gcc/x86_64-suse-linux/7/../../../../x86_64-suse-linux/bin/ld: /lustre/f2/dev/ncep/Mark.Potts/intel_2019.5_mpi_g/DEFAULTINSTALLDIR/lib/libg/Unicos.intel.64.mpi.default/libesmf.so: undefined reference to `netcdf_mp_nf90_get_var_2d_eightbyteint_'
/usr/lib64/gcc/x86_64-suse-linux/7/../../../../x86_64-suse-linux/bin/ld: /lustre/f2/dev/ncep/Mark.Potts/intel_2019.5_mpi_g/DEFAULTINSTALLDIR/lib/libg/Unicos.intel.64.mpi.default/libesmf.so: undefined reference to `netcdf_mp_nf90_put_var_3d_fourbyteint_'
/usr/lib64/gcc/x86_64-suse-linux/7/../../../../x86_64-suse-linux/bin/ld: /lustre/f2/dev/ncep/Mark.Potts/intel_2019.5_mpi_g/DEFAULTINSTALLDIR/lib/libg/Unicos.intel.64.mpi.default/libesmf.so: undefined reference to `netcdf_mp_nf90_put_var_2d_eightbytereal_'
/usr/lib64/gcc/x86_64-suse-linux/7/../../../../x86_64-suse-linux/bin/ld: /lustre/f2/dev/ncep/Mark.Potts/intel_2019.5_mpi_g/DEFAULTINSTALLDIR/lib/libg/Unicos.intel.64.mpi.default/libesmf.so: undefined reference to `netcdf_mp_nf90_put_att_one_fourbytereal_'
/usr/lib64/gcc/x86_64-suse-linux/7/../../../../x86_64-suse-linux/bin/ld: /lustre/f2/dev/ncep/Mark.Potts/intel_2019.5_mpi_g/DEFAULTINSTALLDIR/lib/libg/Unicos.intel.64.mpi.default/libesmf.so: undefined reference to `netcdf_mp_nf90_put_att_one_fourbyteint_'
/usr/lib64/gcc/x86_64-suse-linux/7/../../../../x86_64-suse-linux/bin/ld: /lustre/f2/dev/ncep/Mark.Potts/intel_2019.5_mpi_g/DEFAULTINSTALLDIR/lib/libg/Unicos.intel.64.mpi.default/libesmf.so: undefined reference to `netcdf_mp_nf90_put_var_4d_text_'
/usr/lib64/gcc/x86_64-suse-linux/7/../../../../x86_64-suse-linux/bin/ld: /lustre/f2/dev/ncep/Mark.Potts/intel_2019.5_mpi_g/DEFAULTINSTALLDIR/lib/libg/Unicos.intel.64.mpi.default/libesmf.so: undefined reference to `netcdf_mp_nf90_put_var_1d_eightbyteint_'
/usr/lib64/gcc/x86_64-suse-linux/7/../../../../x86_64-suse-linux/bin/ld: /lustre/f2/dev/ncep/Mark.Potts/intel_2019.5_mpi_g/DEFAULTINSTALLDIR/lib/libg/Unicos.intel.64.mpi.default/libesmf.so: undefined reference to `netcdf_mp_nf90_put_var_1d_fourbytereal_'
/usr/lib64/gcc/x86_64-suse-linux/7/../../../../x86_64-suse-linux/bin/ld: /lustre/f2/dev/ncep/Mark.Potts/intel_2019.5_mpi_g/DEFAULTINSTALLDIR/lib/libg/Unicos.intel.64.mpi.default/libesmf.so: undefined reference to `netcdf_mp_nf90_get_var_4d_eightbyteint_'
/usr/lib64/gcc/x86_64-suse-linux/7/../../../../x86_64-suse-linux/bin/ld: /lustre/f2/dev/ncep/Mark.Potts/intel_2019.5_mpi_g/DEFAULTINSTALLDIR/lib/libg/Unicos.intel.64.mpi.default/libesmf.so: undefined reference to `netcdf_mp_nf90_put_var_4d_eightbyteint_'
/usr/lib64/gcc/x86_64-suse-linux/7/../../../../x86_64-suse-linux/bin/ld: /lustre/f2/dev/ncep/Mark.Potts/intel_2019.5_mpi_g/DEFAULTINSTALLDIR/lib/libg/Unicos.intel.64.mpi.default/libesmf.so: undefined reference to `netcdf_mp_nf90_get_var_2d_fourbyteint_'
/usr/lib64/gcc/x86_64-suse-linux/7/../../../../x86_64-suse-linux/bin/ld: /lustre/f2/dev/ncep/Mark.Potts/intel_2019.5_mpi_g/DEFAULTINSTALLDIR/lib/libg/Unicos.intel.64.mpi.default/libesmf.so: undefined reference to `netcdf_mp_nf90_get_var_1d_fourbyteint_'
/usr/lib64/gcc/x86_64-suse-linux/7/../../../../x86_64-suse-linux/bin/ld: /lustre/f2/dev/ncep/Mark.Potts/intel_2019.5_mpi_g/DEFAULTINSTALLDIR/lib/libg/Unicos.intel.64.mpi.default/libesmf.so: undefined reference to `netcdf_mp_nf90_get_var_1d_onebyteint_'
/usr/lib64/gcc/x86_64-suse-linux/7/../../../../x86_64-suse-linux/bin/ld: /lustre/f2/dev/ncep/Mark.Potts/intel_2019.5_mpi_g/DEFAULTINSTALLDIR/lib/libg/Unicos.intel.64.mpi.default/libesmf.so: undefined reference to `netcdf_mp_nf90_get_var_1d_eightbyteint_'
/usr/lib64/gcc/x86_64-suse-linux/7/../../../../x86_64-suse-linux/bin/ld: /lustre/f2/dev/ncep/Mark.Potts/intel_2019.5_mpi_g/DEFAULTINSTALLDIR/lib/libg/Unicos.intel.64.mpi.default/libesmf.so: undefined reference to `netcdf_mp_nf90_put_var_1d_fourbyteint_'
/usr/lib64/gcc/x86_64-suse-linux/7/../../../../x86_64-suse-linux/bin/ld: /lustre/f2/dev/ncep/Mark.Potts/intel_2019.5_mpi_g/DEFAULTINSTALLDIR/lib/libg/Unicos.intel.64.mpi.default/libesmf.so: undefined reference to `netcdf_mp_nf90_def_var_scalar_'
/usr/lib64/gcc/x86_64-suse-linux/7/../../../../x86_64-suse-linux/bin/ld: /lustre/f2/dev/ncep/Mark.Potts/intel_2019.5_mpi_g/DEFAULTINSTALLDIR/lib/libg/Unicos.intel.64.mpi.default/libesmf.so: undefined reference to `netcdf_mp_nf90_get_att_eightbytereal_'
/usr/lib64/gcc/x86_64-suse-linux/7/../../../../x86_64-suse-linux/bin/ld: /lustre/f2/dev/ncep/Mark.Potts/intel_2019.5_mpi_g/DEFAULTINSTALLDIR/lib/libg/Unicos.intel.64.mpi.default/libesmf.so: undefined reference to `netcdf_mp_nf90_get_var_eightbytereal_'
/usr/lib64/gcc/x86_64-suse-linux/7/../../../../x86_64-suse-linux/bin/ld: /lustre/f2/dev/ncep/Mark.Potts/intel_2019.5_mpi_g/DEFAULTINSTALLDIR/lib/libg/Unicos.intel.64.mpi.default/libesmf.so: undefined reference to `netcdf_mp_nf90_get_var_4d_text_'
/usr/lib64/gcc/x86_64-suse-linux/7/../../../../x86_64-suse-linux/bin/ld: /lustre/f2/dev/ncep/Mark.Potts/intel_2019.5_mpi_g/DEFAULTINSTALLDIR/lib/libg/Unicos.intel.64.mpi.default/libesmf.so: undefined reference to `netcdf_mp_nf90_get_var_fourbytereal_'
/usr/lib64/gcc/x86_64-suse-linux/7/../../../../x86_64-suse-linux/bin/ld: /lustre/f2/dev/ncep/Mark.Potts/intel_2019.5_mpi_g/DEFAULTINSTALLDIR/lib/libg/Unicos.intel.64.mpi.default/libesmf.so: undefined reference to `netcdf_mp_nf90_open_'
/usr/lib64/gcc/x86_64-suse-linux/7/../../../../x86_64-suse-linux/bin/ld: /lustre/f2/dev/ncep/Mark.Potts/intel_2019.5_mpi_g/DEFAULTINSTALLDIR/lib/libg/Unicos.intel.64.mpi.default/libesmf.so: undefined reference to `netcdf_mp_nf90_get_att_one_fourbytereal_'
/usr/lib64/gcc/x86_64-suse-linux/7/../../../../x86_64-suse-linux/bin/ld: /lustre/f2/dev/ncep/Mark.Potts/intel_2019.5_mpi_g/DEFAULTINSTALLDIR/lib/libg/Unicos.intel.64.mpi.default/libesmf.so: undefined reference to `netcdf_mp_nf90_put_var_2d_fourbyteint_'
/usr/lib64/gcc/x86_64-suse-linux/7/../../../../x86_64-suse-linux/bin/ld: /lustre/f2/dev/ncep/Mark.Potts/intel_2019.5_mpi_g/DEFAULTINSTALLDIR/lib/libg/Unicos.intel.64.mpi.default/libesmf.so: undefined reference to `netcdf_mp_nf90_put_att_fourbyteint_'
/usr/lib64/gcc/x86_64-suse-linux/7/../../../../x86_64-suse-linux/bin/ld: /lustre/f2/dev/ncep/Mark.Potts/intel_2019.5_mpi_g/DEFAULTINSTALLDIR/lib/libg/Unicos.intel.64.mpi.default/libesmf.so: undefined reference to `netcdf_mp_nf90_get_att_fourbytereal_'
/usr/lib64/gcc/x86_64-suse-linux/7/../../../../x86_64-suse-linux/bin/ld: /lustre/f2/dev/ncep/Mark.Potts/intel_2019.5_mpi_g/DEFAULTINSTALLDIR/lib/libg/Unicos.intel.64.mpi.default/libesmf.so: undefined reference to `netcdf_mp_nf90_get_var_2d_eightbytereal_'
/usr/lib64/gcc/x86_64-suse-linux/7/../../../../x86_64-suse-linux/bin/ld: /lustre/f2/dev/ncep/Mark.Potts/intel_2019.5_mpi_g/DEFAULTINSTALLDIR/lib/libg/Unicos.intel.64.mpi.default/libesmf.so: undefined reference to `netcdf_mp_nf90_get_var_4d_fourbyteint_'
/usr/lib64/gcc/x86_64-suse-linux/7/../../../../x86_64-suse-linux/bin/ld: /lustre/f2/dev/ncep/Mark.Potts/intel_2019.5_mpi_g/DEFAULTINSTALLDIR/lib/libg/Unicos.intel.64.mpi.default/libesmf.so: undefined reference to `netcdf_mp_nf90_put_var_3d_eightbyteint_'
/usr/lib64/gcc/x86_64-suse-linux/7/../../../../x86_64-suse-linux/bin/ld: /lustre/f2/dev/ncep/Mark.Potts/intel_2019.5_mpi_g/DEFAULTINSTALLDIR/lib/libg/Unicos.intel.64.mpi.default/libesmf.so: undefined reference to `nf_put_vars_text_'
/usr/lib64/gcc/x86_64-suse-linux/7/../../../../x86_64-suse-linux/bin/ld: /lustre/f2/dev/ncep/Mark.Potts/intel_2019.5_mpi_g/DEFAULTINSTALLDIR/lib/libg/Unicos.intel.64.mpi.default/libesmf.so: undefined reference to `netcdf_mp_nf90_get_att_one_eightbytereal_'
/usr/lib64/gcc/x86_64-suse-linux/7/../../../../x86_64-suse-linux/bin/ld: /lustre/f2/dev/ncep/Mark.Potts/intel_2019.5_mpi_g/DEFAULTINSTALLDIR/lib/libg/Unicos.intel.64.mpi.default/libesmf.so: undefined reference to `netcdf_mp_nf90_get_att_fourbyteint_'
/usr/lib64/gcc/x86_64-suse-linux/7/../../../../x86_64-suse-linux/bin/ld: /lustre/f2/dev/ncep/Mark.Potts/intel_2019.5_mpi_g/DEFAULTINSTALLDIR/lib/libg/Unicos.intel.64.mpi.default/libesmf.so: undefined reference to `netcdf_mp_nf90_close_'
/usr/lib64/gcc/x86_64-suse-linux/7/../../../../x86_64-suse-linux/bin/ld: /lustre/f2/dev/ncep/Mark.Potts/intel_2019.5_mpi_g/DEFAULTINSTALLDIR/lib/libg/Unicos.intel.64.mpi.default/libesmf.so: undefined reference to `netcdf_mp_nf90_get_var_1d_fourbytereal_'
/usr/lib64/gcc/x86_64-suse-linux/7/../../../../x86_64-suse-linux/bin/ld: /lustre/f2/dev/ncep/Mark.Potts/intel_2019.5_mpi_g/DEFAULTINSTALLDIR/lib/libg/Unicos.intel.64.mpi.default/libesmf.so: undefined reference to `netcdf_mp_nf90_get_var_5d_fourbytereal_'
/usr/lib64/gcc/x86_64-suse-linux/7/../../../../x86_64-suse-linux/bin/ld: /lustre/f2/dev/ncep/Mark.Potts/intel_2019.5_mpi_g/DEFAULTINSTALLDIR/lib/libg/Unicos.intel.64.mpi.default/libesmf.so: undefined reference to `netcdf_mp_nf90_sync_'
/usr/lib64/gcc/x86_64-suse-linux/7/../../../../x86_64-suse-linux/bin/ld: /lustre/f2/dev/ncep/Mark.Potts/intel_2019.5_mpi_g/DEFAULTINSTALLDIR/lib/libg/Unicos.intel.64.mpi.default/libesmf.so: undefined reference to `netcdf_mp_nf90_put_var_2d_eightbyteint_'
/usr/lib64/gcc/x86_64-suse-linux/7/../../../../x86_64-suse-linux/bin/ld: /lustre/f2/dev/ncep/Mark.Potts/intel_2019.5_mpi_g/DEFAULTINSTALLDIR/lib/libg/Unicos.intel.64.mpi.default/libesmf.so: undefined reference to `netcdf_mp_nf90_get_var_2d_fourbytereal_'
/usr/lib64/gcc/x86_64-suse-linux/7/../../../../x86_64-suse-linux/bin/ld: /lustre/f2/dev/ncep/Mark.Potts/intel_2019.5_mpi_g/DEFAULTINSTALLDIR/lib/libg/Unicos.intel.64.mpi.default/libesmf.so: undefined reference to `netcdf_mp_nf90_put_att_fourbytereal_'
/usr/lib64/gcc/x86_64-suse-linux/7/../../../../x86_64-suse-linux/bin/ld: /lustre/f2/dev/ncep/Mark.Potts/intel_2019.5_mpi_g/DEFAULTINSTALLDIR/lib/libg/Unicos.intel.64.mpi.default/libesmf.so: undefined reference to `netcdf_mp_nf90_get_var_3d_text_'
/usr/lib64/gcc/x86_64-suse-linux/7/../../../../x86_64-suse-linux/bin/ld: /lustre/f2/dev/ncep/Mark.Potts/intel_2019.5_mpi_g/DEFAULTINSTALLDIR/lib/libg/Unicos.intel.64.mpi.default/libesmf.so: undefined reference to `netcdf_mp_nf90_get_var_3d_fourbyteint_'
/usr/lib64/gcc/x86_64-suse-linux/7/../../../../x86_64-suse-linux/bin/ld: /lustre/f2/dev/ncep/Mark.Potts/intel_2019.5_mpi_g/DEFAULTINSTALLDIR/lib/libg/Unicos.intel.64.mpi.default/libesmf.so: undefined reference to `netcdf_mp_nf90_get_att_one_fourbyteint_'
/usr/lib64/gcc/x86_64-suse-linux/7/../../../../x86_64-suse-linux/bin/ld: /lustre/f2/dev/ncep/Mark.Potts/intel_2019.5_mpi_g/DEFAULTINSTALLDIR/lib/libg/Unicos.intel.64.mpi.default/libesmf.so: undefined reference to `netcdf_mp_nf90_def_var_manydims_'
/usr/lib64/gcc/x86_64-suse-linux/7/../../../../x86_64-suse-linux/bin/ld: /lustre/f2/dev/ncep/Mark.Potts/intel_2019.5_mpi_g/DEFAULTINSTALLDIR/lib/libg/Unicos.intel.64.mpi.default/libesmf.so: undefined reference to `netcdf_mp_nf90_put_var_5d_fourbyteint_'
/usr/lib64/gcc/x86_64-suse-linux/7/../../../../x86_64-suse-linux/bin/ld: /lustre/f2/dev/ncep/Mark.Potts/intel_2019.5_mpi_g/DEFAULTINSTALLDIR/lib/libg/Unicos.intel.64.mpi.default/libesmf.so: undefined reference to `netcdf_mp_nf90_get_var_3d_eightbytereal_'
/usr/lib64/gcc/x86_64-suse-linux/7/../../../../x86_64-suse-linux/bin/ld: /lustre/f2/dev/ncep/Mark.Potts/intel_2019.5_mpi_g/DEFAULTINSTALLDIR/lib/libg/Unicos.intel.64.mpi.default/libesmf.so: undefined reference to `netcdf_mp_nf90_put_var_4d_eightbytereal_'
/usr/lib64/gcc/x86_64-suse-linux/7/../../../../x86_64-suse-linux/bin/ld: /lustre/f2/dev/ncep/Mark.Potts/intel_2019.5_mpi_g/DEFAULTINSTALLDIR/lib/libg/Unicos.intel.64.mpi.default/libesmf.so: undefined reference to `netcdf_mp_nf90_get_var_5d_fourbyteint_'
/usr/lib64/gcc/x86_64-suse-linux/7/../../../../x86_64-suse-linux/bin/ld: /lustre/f2/dev/ncep/Mark.Potts/intel_2019.5_mpi_g/DEFAULTINSTALLDIR/lib/libg/Unicos.intel.64.mpi.default/libesmf.so: undefined reference to `netcdf_mp_nf90_get_var_4d_fourbytereal_'
/usr/lib64/gcc/x86_64-suse-linux/7/../../../../x86_64-suse-linux/bin/ld: /lustre/f2/dev/ncep/Mark.Potts/intel_2019.5_mpi_g/DEFAULTINSTALLDIR/lib/libg/Unicos.intel.64.mpi.default/libesmf.so: undefined reference to `netcdf_mp_nf90_inq_varid_'
/usr/lib64/gcc/x86_64-suse-linux/7/../../../../x86_64-suse-linux/bin/ld: /lustre/f2/dev/ncep/Mark.Potts/intel_2019.5_mpi_g/DEFAULTINSTALLDIR/lib/libg/Unicos.intel.64.mpi.default/libesmf.so: undefined reference to `netcdf_mp_nf90_put_var_3d_text_'
/usr/lib64/gcc/x86_64-suse-linux/7/../../../../x86_64-suse-linux/bin/ld: /lustre/f2/dev/ncep/Mark.Potts/intel_2019.5_mpi_g/DEFAULTINSTALLDIR/lib/libg/Unicos.intel.64.mpi.default/libesmf.so: undefined reference to `netcdf_mp_nf90_enddef_'
make[4]: *** [/lustre/f2/dev/ncep/Mark.Potts/intel_2019.5_mpi_g/build/common.mk:2434: /lustre/f2/dev/ncep/Mark.Potts/intel_2019.5_mpi_g/DEFAULTINSTALLDIR/bin/bing/Unicos.intel.64.mpi.default/ESMF_PrintInfoC] Error 1
make[4]: Leaving directory '/lustre/f2/dev/ncep/Mark.Potts/intel_2019.5_mpi_g/src/apps/ESMF_PrintInfoC'
make[3]: *** [/lustre/f2/dev/ncep/Mark.Potts/intel_2019.5_mpi_g/build/common.mk:3657: tree] Error 1
make[3]: Leaving directory '/lustre/f2/dev/ncep/Mark.Potts/intel_2019.5_mpi_g/src/apps'
make[2]: *** [/lustre/f2/dev/ncep/Mark.Potts/intel_2019.5_mpi_g/build/common.mk:2421: build_apps] Error 2
make[2]: Leaving directory '/lustre/f2/dev/ncep/Mark.Potts/intel_2019.5_mpi_g'
make[1]: *** [makefile:643: install_apps] Error 2
make[1]: Leaving directory '/lustre/f2/dev/ncep/Mark.Potts/intel_2019.5_mpi_g'
make: *** [makefile:682: install] Error 2
