build time -- 2021-04-21 20:22:18
20210421 204205.086 INFO             PET0 !!!!!!!!!!!!!!!!!!!!!!!!!!!!!!!!!!!!!!!!!!!!!!!!!!!!!!
20210421 204205.086 INFO             PET0 !!! THE ESMF_LOG IS SET TO OUTPUT ALL LOG MESSAGES !!!
20210421 204205.086 INFO             PET0 !!!     THIS MAY CAUSE SLOWDOWN IN PERFORMANCE     !!!
20210421 204205.086 INFO             PET0 !!! FOR PRODUCTION RUNS, USE:                      !!!
20210421 204205.086 INFO             PET0 !!!                   ESMF_LOGKIND_Multi_On_Error  !!!
20210421 204205.086 INFO             PET0 !!!!!!!!!!!!!!!!!!!!!!!!!!!!!!!!!!!!!!!!!!!!!!!!!!!!!!
20210421 204205.086 INFO             PET0 Running with ESMF Version   : 8.2.0 beta snapshot
20210421 204205.086 INFO             PET0 ESMF library build date/time: "Apr 21 2021" "20:21:06"
20210421 204205.086 INFO             PET0 ESMF library build location : /lfs/h1/emc/nceplibs/noscrub/Mark.Potts/esmf-test-scripts/intel_2019.3_mpi_O_develop
20210421 204205.086 INFO             PET0 ESMF_COMM                   : mpi
20210421 204205.098 INFO             PET0 ESMF_MOAB                   : enabled
20210421 204205.098 INFO             PET0 ESMF_LAPACK                 : enabled
20210421 204205.098 INFO             PET0 ESMF_NETCDF                 : enabled
20210421 204205.098 INFO             PET0 ESMF_PNETCDF                : disabled
20210421 204205.098 INFO             PET0 ESMF_PIO                    : enabled
20210421 204205.098 INFO             PET0 ESMF_YAMLCPP                : enabled
20210421 204205.102 INFO             PET0 ESMF_FieldRedistStoreNF(): Just entered routine.
20210421 204205.139 INFO             PET0 ESMF_FieldRedistStoreNF(): Leaving routine.
20210421 204205.142 INFO             PET0  NUMBER_OF_PROCESSORS           4
20210421 204205.142 INFO             PET0  PASS  Example ESMF_RHandleFromRHandleEx, ESMF_RHandleFromRHandleEx.F90, line 660
20210421 204205.142 INFO             PET0 Finalizing ESMF
20210421 204205.086 INFO             PET1 !!!!!!!!!!!!!!!!!!!!!!!!!!!!!!!!!!!!!!!!!!!!!!!!!!!!!!
20210421 204205.086 INFO             PET1 !!! THE ESMF_LOG IS SET TO OUTPUT ALL LOG MESSAGES !!!
20210421 204205.086 INFO             PET1 !!!     THIS MAY CAUSE SLOWDOWN IN PERFORMANCE     !!!
20210421 204205.086 INFO             PET1 !!! FOR PRODUCTION RUNS, USE:                      !!!
20210421 204205.086 INFO             PET1 !!!                   ESMF_LOGKIND_Multi_On_Error  !!!
20210421 204205.086 INFO             PET1 !!!!!!!!!!!!!!!!!!!!!!!!!!!!!!!!!!!!!!!!!!!!!!!!!!!!!!
20210421 204205.086 INFO             PET1 Running with ESMF Version   : 8.2.0 beta snapshot
20210421 204205.086 INFO             PET1 ESMF library build date/time: "Apr 21 2021" "20:21:06"
20210421 204205.086 INFO             PET1 ESMF library build location : /lfs/h1/emc/nceplibs/noscrub/Mark.Potts/esmf-test-scripts/intel_2019.3_mpi_O_develop
20210421 204205.086 INFO             PET1 ESMF_COMM                   : mpi
20210421 204205.098 INFO             PET1 ESMF_MOAB                   : enabled
20210421 204205.098 INFO             PET1 ESMF_LAPACK                 : enabled
20210421 204205.098 INFO             PET1 ESMF_NETCDF                 : enabled
20210421 204205.098 INFO             PET1 ESMF_PNETCDF                : disabled
20210421 204205.098 INFO             PET1 ESMF_PIO                    : enabled
20210421 204205.098 INFO             PET1 ESMF_YAMLCPP                : enabled
20210421 204205.102 INFO             PET1 ESMF_FieldRedistStoreNF(): Just entered routine.
20210421 204205.139 INFO             PET1 ESMF_FieldRedistStoreNF(): Leaving routine.
20210421 204205.142 INFO             PET1  NUMBER_OF_PROCESSORS           4
20210421 204205.142 INFO             PET1  PASS  Example ESMF_RHandleFromRHandleEx, ESMF_RHandleFromRHandleEx.F90, line 660
20210421 204205.142 INFO             PET1 Finalizing ESMF
20210421 204205.076 INFO             PET2 !!!!!!!!!!!!!!!!!!!!!!!!!!!!!!!!!!!!!!!!!!!!!!!!!!!!!!
20210421 204205.076 INFO             PET2 !!! THE ESMF_LOG IS SET TO OUTPUT ALL LOG MESSAGES !!!
20210421 204205.076 INFO             PET2 !!!     THIS MAY CAUSE SLOWDOWN IN PERFORMANCE     !!!
20210421 204205.076 INFO             PET2 !!! FOR PRODUCTION RUNS, USE:                      !!!
20210421 204205.076 INFO             PET2 !!!                   ESMF_LOGKIND_Multi_On_Error  !!!
20210421 204205.076 INFO             PET2 !!!!!!!!!!!!!!!!!!!!!!!!!!!!!!!!!!!!!!!!!!!!!!!!!!!!!!
20210421 204205.076 INFO             PET2 Running with ESMF Version   : 8.2.0 beta snapshot
20210421 204205.076 INFO             PET2 ESMF library build date/time: "Apr 21 2021" "20:21:06"
20210421 204205.076 INFO             PET2 ESMF library build location : /lfs/h1/emc/nceplibs/noscrub/Mark.Potts/esmf-test-scripts/intel_2019.3_mpi_O_develop
20210421 204205.076 INFO             PET2 ESMF_COMM                   : mpi
20210421 204205.085 INFO             PET2 ESMF_MOAB                   : enabled
20210421 204205.085 INFO             PET2 ESMF_LAPACK                 : enabled
20210421 204205.085 INFO             PET2 ESMF_NETCDF                 : enabled
20210421 204205.085 INFO             PET2 ESMF_PNETCDF                : disabled
20210421 204205.085 INFO             PET2 ESMF_PIO                    : enabled
20210421 204205.085 INFO             PET2 ESMF_YAMLCPP                : enabled
20210421 204205.102 INFO             PET2 ESMF_FieldRedistStoreNF(): Just entered routine.
20210421 204205.139 INFO             PET2 ESMF_FieldRedistStoreNF(): Leaving routine.
20210421 204205.140 INFO             PET2  NUMBER_OF_PROCESSORS           4
20210421 204205.141 INFO             PET2  PASS  Example ESMF_RHandleFromRHandleEx, ESMF_RHandleFromRHandleEx.F90, line 660
20210421 204205.141 INFO             PET2 Finalizing ESMF
20210421 204205.087 INFO             PET3 !!!!!!!!!!!!!!!!!!!!!!!!!!!!!!!!!!!!!!!!!!!!!!!!!!!!!!
20210421 204205.087 INFO             PET3 !!! THE ESMF_LOG IS SET TO OUTPUT ALL LOG MESSAGES !!!
20210421 204205.087 INFO             PET3 !!!     THIS MAY CAUSE SLOWDOWN IN PERFORMANCE     !!!
20210421 204205.087 INFO             PET3 !!! FOR PRODUCTION RUNS, USE:                      !!!
20210421 204205.087 INFO             PET3 !!!                   ESMF_LOGKIND_Multi_On_Error  !!!
20210421 204205.087 INFO             PET3 !!!!!!!!!!!!!!!!!!!!!!!!!!!!!!!!!!!!!!!!!!!!!!!!!!!!!!
20210421 204205.087 INFO             PET3 Running with ESMF Version   : 8.2.0 beta snapshot
20210421 204205.087 INFO             PET3 ESMF library build date/time: "Apr 21 2021" "20:21:06"
20210421 204205.087 INFO             PET3 ESMF library build location : /lfs/h1/emc/nceplibs/noscrub/Mark.Potts/esmf-test-scripts/intel_2019.3_mpi_O_develop
20210421 204205.087 INFO             PET3 ESMF_COMM                   : mpi
20210421 204205.096 INFO             PET3 ESMF_MOAB                   : enabled
20210421 204205.096 INFO             PET3 ESMF_LAPACK                 : enabled
20210421 204205.096 INFO             PET3 ESMF_NETCDF                 : enabled
20210421 204205.096 INFO             PET3 ESMF_PNETCDF                : disabled
20210421 204205.096 INFO             PET3 ESMF_PIO                    : enabled
20210421 204205.096 INFO             PET3 ESMF_YAMLCPP                : enabled
20210421 204205.102 INFO             PET3 ESMF_FieldRedistStoreNF(): Just entered routine.
20210421 204205.139 INFO             PET3 ESMF_FieldRedistStoreNF(): Leaving routine.
20210421 204205.142 INFO             PET3  NUMBER_OF_PROCESSORS           4
20210421 204205.142 INFO             PET3  PASS  Example ESMF_RHandleFromRHandleEx, ESMF_RHandleFromRHandleEx.F90, line 660
20210421 204205.142 INFO             PET3 Finalizing ESMF
