20210318 100043.453 INFO             PET0 !!!!!!!!!!!!!!!!!!!!!!!!!!!!!!!!!!!!!!!!!!!!!!!!!!!!!!
20210318 100043.453 INFO             PET0 !!! THE ESMF_LOG IS SET TO OUTPUT ALL LOG MESSAGES !!!
20210318 100043.453 INFO             PET0 !!!     THIS MAY CAUSE SLOWDOWN IN PERFORMANCE     !!!
20210318 100043.453 INFO             PET0 !!! FOR PRODUCTION RUNS, USE:                      !!!
20210318 100043.453 INFO             PET0 !!!                   ESMF_LOGKIND_Multi_On_Error  !!!
20210318 100043.453 INFO             PET0 !!!!!!!!!!!!!!!!!!!!!!!!!!!!!!!!!!!!!!!!!!!!!!!!!!!!!!
20210318 100043.453 INFO             PET0 Running with ESMF Version   : ESMF_8_1_0_beta_snapshot_47-46-g9f6043b
20210318 100043.453 INFO             PET0 ESMF library build date/time: "Mar 18 2021" "07:41:00"
20210318 100043.453 INFO             PET0 ESMF library build location : /p/work1/mpotts/intel_2020.2_intelmpi_g
20210318 100043.453 INFO             PET0 ESMF_COMM                   : intelmpi
20210318 100043.454 INFO             PET0 ESMF_MOAB                   : enabled
20210318 100043.454 INFO             PET0 ESMF_LAPACK                 : enabled
20210318 100043.454 INFO             PET0 ESMF_NETCDF                 : enabled
20210318 100043.454 INFO             PET0 ESMF_PNETCDF                : disabled
20210318 100043.454 INFO             PET0 ESMF_PIO                    : enabled
20210318 100043.454 INFO             PET0 ESMF_YAMLCPP                : enabled
20210318 100043.499 WARNING          PET0 ESMF_IOScrip.F90:4699 ESMF_EsmfGetElement Variable centerCoords in data/ne4np4-esmf.nc does not exist
20210318 100043.642 INFO             PET0  NUMBER_OF_PROCESSORS           4
20210318 100043.642 INFO             PET0  PASS  Example ESMF_MeshEx, ESMF_MeshEx.F90, line 1795
20210318 100043.642 INFO             PET0 Finalizing ESMF
20210318 100043.453 INFO             PET1 !!!!!!!!!!!!!!!!!!!!!!!!!!!!!!!!!!!!!!!!!!!!!!!!!!!!!!
20210318 100043.453 INFO             PET1 !!! THE ESMF_LOG IS SET TO OUTPUT ALL LOG MESSAGES !!!
20210318 100043.453 INFO             PET1 !!!     THIS MAY CAUSE SLOWDOWN IN PERFORMANCE     !!!
20210318 100043.453 INFO             PET1 !!! FOR PRODUCTION RUNS, USE:                      !!!
20210318 100043.453 INFO             PET1 !!!                   ESMF_LOGKIND_Multi_On_Error  !!!
20210318 100043.453 INFO             PET1 !!!!!!!!!!!!!!!!!!!!!!!!!!!!!!!!!!!!!!!!!!!!!!!!!!!!!!
20210318 100043.453 INFO             PET1 Running with ESMF Version   : ESMF_8_1_0_beta_snapshot_47-46-g9f6043b
20210318 100043.453 INFO             PET1 ESMF library build date/time: "Mar 18 2021" "07:41:00"
20210318 100043.453 INFO             PET1 ESMF library build location : /p/work1/mpotts/intel_2020.2_intelmpi_g
20210318 100043.453 INFO             PET1 ESMF_COMM                   : intelmpi
20210318 100043.454 INFO             PET1 ESMF_MOAB                   : enabled
20210318 100043.454 INFO             PET1 ESMF_LAPACK                 : enabled
20210318 100043.454 INFO             PET1 ESMF_NETCDF                 : enabled
20210318 100043.454 INFO             PET1 ESMF_PNETCDF                : disabled
20210318 100043.454 INFO             PET1 ESMF_PIO                    : enabled
20210318 100043.454 INFO             PET1 ESMF_YAMLCPP                : enabled
20210318 100043.501 WARNING          PET1 ESMF_IOScrip.F90:4699 ESMF_EsmfGetElement Variable centerCoords in data/ne4np4-esmf.nc does not exist
20210318 100043.642 INFO             PET1  NUMBER_OF_PROCESSORS           4
20210318 100043.642 INFO             PET1  PASS  Example ESMF_MeshEx, ESMF_MeshEx.F90, line 1795
20210318 100043.642 INFO             PET1 Finalizing ESMF
20210318 100043.453 INFO             PET2 !!!!!!!!!!!!!!!!!!!!!!!!!!!!!!!!!!!!!!!!!!!!!!!!!!!!!!
20210318 100043.453 INFO             PET2 !!! THE ESMF_LOG IS SET TO OUTPUT ALL LOG MESSAGES !!!
20210318 100043.453 INFO             PET2 !!!     THIS MAY CAUSE SLOWDOWN IN PERFORMANCE     !!!
20210318 100043.453 INFO             PET2 !!! FOR PRODUCTION RUNS, USE:                      !!!
20210318 100043.453 INFO             PET2 !!!                   ESMF_LOGKIND_Multi_On_Error  !!!
20210318 100043.453 INFO             PET2 !!!!!!!!!!!!!!!!!!!!!!!!!!!!!!!!!!!!!!!!!!!!!!!!!!!!!!
20210318 100043.453 INFO             PET2 Running with ESMF Version   : ESMF_8_1_0_beta_snapshot_47-46-g9f6043b
20210318 100043.453 INFO             PET2 ESMF library build date/time: "Mar 18 2021" "07:41:00"
20210318 100043.453 INFO             PET2 ESMF library build location : /p/work1/mpotts/intel_2020.2_intelmpi_g
20210318 100043.453 INFO             PET2 ESMF_COMM                   : intelmpi
20210318 100043.454 INFO             PET2 ESMF_MOAB                   : enabled
20210318 100043.454 INFO             PET2 ESMF_LAPACK                 : enabled
20210318 100043.454 INFO             PET2 ESMF_NETCDF                 : enabled
20210318 100043.454 INFO             PET2 ESMF_PNETCDF                : disabled
20210318 100043.454 INFO             PET2 ESMF_PIO                    : enabled
20210318 100043.454 INFO             PET2 ESMF_YAMLCPP                : enabled
20210318 100043.501 WARNING          PET2 ESMF_IOScrip.F90:4699 ESMF_EsmfGetElement Variable centerCoords in data/ne4np4-esmf.nc does not exist
20210318 100043.642 INFO             PET2  NUMBER_OF_PROCESSORS           4
20210318 100043.642 INFO             PET2  PASS  Example ESMF_MeshEx, ESMF_MeshEx.F90, line 1795
20210318 100043.642 INFO             PET2 Finalizing ESMF
20210318 100043.453 INFO             PET3 !!!!!!!!!!!!!!!!!!!!!!!!!!!!!!!!!!!!!!!!!!!!!!!!!!!!!!
20210318 100043.453 INFO             PET3 !!! THE ESMF_LOG IS SET TO OUTPUT ALL LOG MESSAGES !!!
20210318 100043.453 INFO             PET3 !!!     THIS MAY CAUSE SLOWDOWN IN PERFORMANCE     !!!
20210318 100043.453 INFO             PET3 !!! FOR PRODUCTION RUNS, USE:                      !!!
20210318 100043.453 INFO             PET3 !!!                   ESMF_LOGKIND_Multi_On_Error  !!!
20210318 100043.453 INFO             PET3 !!!!!!!!!!!!!!!!!!!!!!!!!!!!!!!!!!!!!!!!!!!!!!!!!!!!!!
20210318 100043.453 INFO             PET3 Running with ESMF Version   : ESMF_8_1_0_beta_snapshot_47-46-g9f6043b
20210318 100043.453 INFO             PET3 ESMF library build date/time: "Mar 18 2021" "07:41:00"
20210318 100043.453 INFO             PET3 ESMF library build location : /p/work1/mpotts/intel_2020.2_intelmpi_g
20210318 100043.453 INFO             PET3 ESMF_COMM                   : intelmpi
20210318 100043.454 INFO             PET3 ESMF_MOAB                   : enabled
20210318 100043.454 INFO             PET3 ESMF_LAPACK                 : enabled
20210318 100043.454 INFO             PET3 ESMF_NETCDF                 : enabled
20210318 100043.454 INFO             PET3 ESMF_PNETCDF                : disabled
20210318 100043.454 INFO             PET3 ESMF_PIO                    : enabled
20210318 100043.454 INFO             PET3 ESMF_YAMLCPP                : enabled
20210318 100043.501 WARNING          PET3 ESMF_IOScrip.F90:4699 ESMF_EsmfGetElement Variable centerCoords in data/ne4np4-esmf.nc does not exist
20210318 100043.642 INFO             PET3  NUMBER_OF_PROCESSORS           4
20210318 100043.642 INFO             PET3  PASS  Example ESMF_MeshEx, ESMF_MeshEx.F90, line 1795
20210318 100043.642 INFO             PET3 Finalizing ESMF
