20210307 160046.438 INFO             PET0 !!!!!!!!!!!!!!!!!!!!!!!!!!!!!!!!!!!!!!!!!!!!!!!!!!!!!!
20210307 160046.438 INFO             PET0 !!! THE ESMF_LOG IS SET TO OUTPUT ALL LOG MESSAGES !!!
20210307 160046.438 INFO             PET0 !!!     THIS MAY CAUSE SLOWDOWN IN PERFORMANCE     !!!
20210307 160046.438 INFO             PET0 !!! FOR PRODUCTION RUNS, USE:                      !!!
20210307 160046.438 INFO             PET0 !!!                   ESMF_LOGKIND_Multi_On_Error  !!!
20210307 160046.438 INFO             PET0 !!!!!!!!!!!!!!!!!!!!!!!!!!!!!!!!!!!!!!!!!!!!!!!!!!!!!!
20210307 160046.438 INFO             PET0 Running with ESMF Version   : ESMF_8_1_0_beta_snapshot_47-22-gffbbe59
20210307 160046.438 INFO             PET0 ESMF library build date/time: "Mar  7 2021" "15:31:02"
20210307 160046.438 INFO             PET0 ESMF library build location : /p/work1/mpotts/intel_2018.1_mpt_g
20210307 160046.438 INFO             PET0 ESMF_COMM                   : mpt
20210307 160046.439 INFO             PET0 ESMF_MOAB                   : enabled
20210307 160046.439 INFO             PET0 ESMF_LAPACK                 : enabled
20210307 160046.439 INFO             PET0 ESMF_NETCDF                 : enabled
20210307 160046.439 INFO             PET0 ESMF_PNETCDF                : disabled
20210307 160046.439 INFO             PET0 ESMF_PIO                    : enabled
20210307 160046.439 INFO             PET0 ESMF_YAMLCPP                : enabled
20210307 160046.454 INFO             PET0  NUMBER_OF_PROCESSORS           4
20210307 160046.454 INFO             PET0  PASS  Example ESMF_VMUserMpiCommMultiEx, ESMF_VMUserMpiCommMultiEx.F90, line 126
20210307 160046.454 INFO             PET0 Finalizing ESMF
20210307 160046.454 INFO             PET0 !!!!!!!!!!!!!!!!!!!!!!!!!!!!!!!!!!!!!!!!!!!!!!!!!!!!!!
20210307 160046.454 INFO             PET0 !!! THE ESMF_LOG IS SET TO OUTPUT ALL LOG MESSAGES !!!
20210307 160046.454 INFO             PET0 !!!     THIS MAY CAUSE SLOWDOWN IN PERFORMANCE     !!!
20210307 160046.454 INFO             PET0 !!! FOR PRODUCTION RUNS, USE:                      !!!
20210307 160046.454 INFO             PET0 !!!                   ESMF_LOGKIND_Multi_On_Error  !!!
20210307 160046.454 INFO             PET0 !!!!!!!!!!!!!!!!!!!!!!!!!!!!!!!!!!!!!!!!!!!!!!!!!!!!!!
20210307 160046.454 INFO             PET0 Running with ESMF Version   : ESMF_8_1_0_beta_snapshot_47-22-gffbbe59
20210307 160046.454 INFO             PET0 ESMF library build date/time: "Mar  7 2021" "15:31:02"
20210307 160046.454 INFO             PET0 ESMF library build location : /p/work1/mpotts/intel_2018.1_mpt_g
20210307 160046.454 INFO             PET0 ESMF_COMM                   : mpt
20210307 160046.455 INFO             PET0 ESMF_MOAB                   : enabled
20210307 160046.455 INFO             PET0 ESMF_LAPACK                 : enabled
20210307 160046.455 INFO             PET0 ESMF_NETCDF                 : enabled
20210307 160046.455 INFO             PET0 ESMF_PNETCDF                : disabled
20210307 160046.455 INFO             PET0 ESMF_PIO                    : enabled
20210307 160046.455 INFO             PET0 ESMF_YAMLCPP                : enabled
20210307 160046.455 INFO             PET0  NUMBER_OF_PROCESSORS           4
20210307 160046.455 INFO             PET0  PASS  Example ESMF_VMUserMpiCommMultiEx, ESMF_VMUserMpiCommMultiEx.F90, line 154
20210307 160046.455 INFO             PET0 Finalizing ESMF
20210307 160046.452 INFO             PET1 !!!!!!!!!!!!!!!!!!!!!!!!!!!!!!!!!!!!!!!!!!!!!!!!!!!!!!
20210307 160046.452 INFO             PET1 !!! THE ESMF_LOG IS SET TO OUTPUT ALL LOG MESSAGES !!!
20210307 160046.452 INFO             PET1 !!!     THIS MAY CAUSE SLOWDOWN IN PERFORMANCE     !!!
20210307 160046.452 INFO             PET1 !!! FOR PRODUCTION RUNS, USE:                      !!!
20210307 160046.452 INFO             PET1 !!!                   ESMF_LOGKIND_Multi_On_Error  !!!
20210307 160046.453 INFO             PET1 !!!!!!!!!!!!!!!!!!!!!!!!!!!!!!!!!!!!!!!!!!!!!!!!!!!!!!
20210307 160046.453 INFO             PET1 Running with ESMF Version   : ESMF_8_1_0_beta_snapshot_47-22-gffbbe59
20210307 160046.453 INFO             PET1 ESMF library build date/time: "Mar  7 2021" "15:31:02"
20210307 160046.453 INFO             PET1 ESMF library build location : /p/work1/mpotts/intel_2018.1_mpt_g
20210307 160046.453 INFO             PET1 ESMF_COMM                   : mpt
20210307 160046.454 INFO             PET1 ESMF_MOAB                   : enabled
20210307 160046.454 INFO             PET1 ESMF_LAPACK                 : enabled
20210307 160046.454 INFO             PET1 ESMF_NETCDF                 : enabled
20210307 160046.454 INFO             PET1 ESMF_PNETCDF                : disabled
20210307 160046.454 INFO             PET1 ESMF_PIO                    : enabled
20210307 160046.454 INFO             PET1 ESMF_YAMLCPP                : enabled
20210307 160046.454 INFO             PET1  NUMBER_OF_PROCESSORS           4
20210307 160046.454 INFO             PET1  PASS  Example ESMF_VMUserMpiCommMultiEx, ESMF_VMUserMpiCommMultiEx.F90, line 126
20210307 160046.454 INFO             PET1 Finalizing ESMF
20210307 160046.438 INFO             PET1 !!!!!!!!!!!!!!!!!!!!!!!!!!!!!!!!!!!!!!!!!!!!!!!!!!!!!!
20210307 160046.438 INFO             PET1 !!! THE ESMF_LOG IS SET TO OUTPUT ALL LOG MESSAGES !!!
20210307 160046.438 INFO             PET1 !!!     THIS MAY CAUSE SLOWDOWN IN PERFORMANCE     !!!
20210307 160046.438 INFO             PET1 !!! FOR PRODUCTION RUNS, USE:                      !!!
20210307 160046.438 INFO             PET1 !!!                   ESMF_LOGKIND_Multi_On_Error  !!!
20210307 160046.438 INFO             PET1 !!!!!!!!!!!!!!!!!!!!!!!!!!!!!!!!!!!!!!!!!!!!!!!!!!!!!!
20210307 160046.438 INFO             PET1 Running with ESMF Version   : ESMF_8_1_0_beta_snapshot_47-22-gffbbe59
20210307 160046.438 INFO             PET1 ESMF library build date/time: "Mar  7 2021" "15:31:02"
20210307 160046.438 INFO             PET1 ESMF library build location : /p/work1/mpotts/intel_2018.1_mpt_g
20210307 160046.438 INFO             PET1 ESMF_COMM                   : mpt
20210307 160046.439 INFO             PET1 ESMF_MOAB                   : enabled
20210307 160046.439 INFO             PET1 ESMF_LAPACK                 : enabled
20210307 160046.439 INFO             PET1 ESMF_NETCDF                 : enabled
20210307 160046.439 INFO             PET1 ESMF_PNETCDF                : disabled
20210307 160046.439 INFO             PET1 ESMF_PIO                    : enabled
20210307 160046.439 INFO             PET1 ESMF_YAMLCPP                : enabled
20210307 160046.467 INFO             PET1  NUMBER_OF_PROCESSORS           4
20210307 160046.467 INFO             PET1  PASS  Example ESMF_VMUserMpiCommMultiEx, ESMF_VMUserMpiCommMultiEx.F90, line 154
20210307 160046.467 INFO             PET1 Finalizing ESMF
