icpc: warning #10315: specifying -lm before files may supersede the Intel(R) math library and affect performance
ifort: command line warning #10006: ignoring unknown option '-fallow-argument-mismatch'
ifort: command line warning #10006: ignoring unknown option '-fallow-invalid-boz'
ifort: command line warning #10006: ignoring unknown option '-ffree-line-length-none'
ifort: command line warning #10006: ignoring unknown option '-print-file-name=libgfortran.so'
ifort: warning #10315: specifying -lm before files may supersede the Intel(R) math library and affect performance
/usr/lib64/gcc/x86_64-suse-linux/4.8/../../../../x86_64-suse-linux/bin/ld: /glade/u/apps/opt/intel/2019u5/compilers_and_libraries_2019.5.281/linux/compiler/lib/intel64_lin/for_main.o: in function `main':
for_main.c:(.text+0x2e): undefined reference to `MAIN__'
 
Installing ESMF:
 
mkdir -p /glade/scratch/mpotts/gfortran_10.1.0_openmpi_O/DEFAULTINSTALLDIR/include
cp -f /glade/scratch/mpotts/gfortran_10.1.0_openmpi_O/src/include/ESMC.h /glade/scratch/mpotts/gfortran_10.1.0_openmpi_O/DEFAULTINSTALLDIR/include
cp -f /glade/scratch/mpotts/gfortran_10.1.0_openmpi_O/src/include/ESMC_*.h /glade/scratch/mpotts/gfortran_10.1.0_openmpi_O/DEFAULTINSTALLDIR/include
cp -f /glade/scratch/mpotts/gfortran_10.1.0_openmpi_O/build_config/Linux.gfortran.default/ESMC_Conf.h /glade/scratch/mpotts/gfortran_10.1.0_openmpi_O/DEFAULTINSTALLDIR/include
mkdir -p /glade/scratch/mpotts/gfortran_10.1.0_openmpi_O/DEFAULTINSTALLDIR/mod/modO/Linux.gfortran.64.openmpi.default
cp -f /glade/scratch/mpotts/gfortran_10.1.0_openmpi_O/mod/modO/Linux.gfortran.64.openmpi.default/*.mod /glade/scratch/mpotts/gfortran_10.1.0_openmpi_O/DEFAULTINSTALLDIR/mod/modO/Linux.gfortran.64.openmpi.default
mkdir -p /glade/scratch/mpotts/gfortran_10.1.0_openmpi_O/DEFAULTINSTALLDIR/lib/libO/Linux.gfortran.64.openmpi.default
cp -f /glade/scratch/mpotts/gfortran_10.1.0_openmpi_O/lib/libO/Linux.gfortran.64.openmpi.default/libesmf*.* /glade/scratch/mpotts/gfortran_10.1.0_openmpi_O/DEFAULTINSTALLDIR/lib/libO/Linux.gfortran.64.openmpi.default
make ESMF_PRELOADDIR=/glade/scratch/mpotts/gfortran_10.1.0_openmpi_O/DEFAULTINSTALLDIR/lib/libO/Linux.gfortran.64.openmpi.default build_preload_script
make[1]: Entering directory '/glade/scratch/mpotts/gfortran_10.1.0_openmpi_O'
icpc: warning #10315: specifying -lm before files may supersede the Intel(R) math library and affect performance
ifort: command line warning #10006: ignoring unknown option '-fallow-argument-mismatch'
ifort: command line warning #10006: ignoring unknown option '-fallow-invalid-boz'
ifort: command line warning #10006: ignoring unknown option '-ffree-line-length-none'
ifort: command line warning #10006: ignoring unknown option '-print-file-name=libgfortran.so'
ifort: warning #10315: specifying -lm before files may supersede the Intel(R) math library and affect performance
/usr/lib64/gcc/x86_64-suse-linux/4.8/../../../../x86_64-suse-linux/bin/ld: /glade/u/apps/opt/intel/2019u5/compilers_and_libraries_2019.5.281/linux/compiler/lib/intel64_lin/for_main.o: in function `main':
for_main.c:(.text+0x2e): undefined reference to `MAIN__'
chmod 755 /glade/scratch/mpotts/gfortran_10.1.0_openmpi_O/DEFAULTINSTALLDIR/lib/libO/Linux.gfortran.64.openmpi.default/preload.sh
make[1]: Leaving directory '/glade/scratch/mpotts/gfortran_10.1.0_openmpi_O'
ranlib /glade/scratch/mpotts/gfortran_10.1.0_openmpi_O/DEFAULTINSTALLDIR/lib/libO/Linux.gfortran.64.openmpi.default/libesmf*.a
make install_apps
make[1]: Entering directory '/glade/scratch/mpotts/gfortran_10.1.0_openmpi_O'
icpc: warning #10315: specifying -lm before files may supersede the Intel(R) math library and affect performance
ifort: command line warning #10006: ignoring unknown option '-fallow-argument-mismatch'
ifort: command line warning #10006: ignoring unknown option '-fallow-invalid-boz'
ifort: command line warning #10006: ignoring unknown option '-ffree-line-length-none'
ifort: command line warning #10006: ignoring unknown option '-print-file-name=libgfortran.so'
ifort: warning #10315: specifying -lm before files may supersede the Intel(R) math library and affect performance
/usr/lib64/gcc/x86_64-suse-linux/4.8/../../../../x86_64-suse-linux/bin/ld: /glade/u/apps/opt/intel/2019u5/compilers_and_libraries_2019.5.281/linux/compiler/lib/intel64_lin/for_main.o: in function `main':
for_main.c:(.text+0x2e): undefined reference to `MAIN__'
mkdir -p /glade/scratch/mpotts/gfortran_10.1.0_openmpi_O/DEFAULTINSTALLDIR/bin/binO/Linux.gfortran.64.openmpi.default
make build_apps ESMF_APPSDIR=/glade/scratch/mpotts/gfortran_10.1.0_openmpi_O/DEFAULTINSTALLDIR/bin/binO/Linux.gfortran.64.openmpi.default ESMF_LDIR=/glade/scratch/mpotts/gfortran_10.1.0_openmpi_O/DEFAULTINSTALLDIR/lib/libO/Linux.gfortran.64.openmpi.default ESMF_LIBDIR=/glade/scratch/mpotts/gfortran_10.1.0_openmpi_O/DEFAULTINSTALLDIR/lib/libO/Linux.gfortran.64.openmpi.default ESMF_MODDIR=/glade/scratch/mpotts/gfortran_10.1.0_openmpi_O/DEFAULTINSTALLDIR/mod/modO/Linux.gfortran.64.openmpi.default
make[2]: Entering directory '/glade/scratch/mpotts/gfortran_10.1.0_openmpi_O'
icpc: warning #10315: specifying -lm before files may supersede the Intel(R) math library and affect performance
ifort: command line warning #10006: ignoring unknown option '-fallow-argument-mismatch'
ifort: command line warning #10006: ignoring unknown option '-fallow-invalid-boz'
ifort: command line warning #10006: ignoring unknown option '-ffree-line-length-none'
ifort: command line warning #10006: ignoring unknown option '-print-file-name=libgfortran.so'
ifort: warning #10315: specifying -lm before files may supersede the Intel(R) math library and affect performance
/usr/lib64/gcc/x86_64-suse-linux/4.8/../../../../x86_64-suse-linux/bin/ld: /glade/u/apps/opt/intel/2019u5/compilers_and_libraries_2019.5.281/linux/compiler/lib/intel64_lin/for_main.o: in function `main':
for_main.c:(.text+0x2e): undefined reference to `MAIN__'
cd /glade/scratch/mpotts/gfortran_10.1.0_openmpi_O/src/apps; make ACTION=tree_build_apps tree
make[3]: Entering directory '/glade/scratch/mpotts/gfortran_10.1.0_openmpi_O/src/apps'
icpc: warning #10315: specifying -lm before files may supersede the Intel(R) math library and affect performance
ifort: command line warning #10006: ignoring unknown option '-fallow-argument-mismatch'
ifort: command line warning #10006: ignoring unknown option '-fallow-invalid-boz'
ifort: command line warning #10006: ignoring unknown option '-ffree-line-length-none'
ifort: command line warning #10006: ignoring unknown option '-print-file-name=libgfortran.so'
ifort: warning #10315: specifying -lm before files may supersede the Intel(R) math library and affect performance
/usr/lib64/gcc/x86_64-suse-linux/4.8/../../../../x86_64-suse-linux/bin/ld: /glade/u/apps/opt/intel/2019u5/compilers_and_libraries_2019.5.281/linux/compiler/lib/intel64_lin/for_main.o: in function `main':
for_main.c:(.text+0x2e): undefined reference to `MAIN__'
tree_build_apps in: /glade/scratch/mpotts/gfortran_10.1.0_openmpi_O/src/apps/ESMF_PrintInfo
make[4]: Entering directory '/glade/scratch/mpotts/gfortran_10.1.0_openmpi_O/src/apps/ESMF_PrintInfo'
icpc: warning #10315: specifying -lm before files may supersede the Intel(R) math library and affect performance
ifort: command line warning #10006: ignoring unknown option '-fallow-argument-mismatch'
ifort: command line warning #10006: ignoring unknown option '-fallow-invalid-boz'
ifort: command line warning #10006: ignoring unknown option '-ffree-line-length-none'
ifort: command line warning #10006: ignoring unknown option '-print-file-name=libgfortran.so'
ifort: warning #10315: specifying -lm before files may supersede the Intel(R) math library and affect performance
/usr/lib64/gcc/x86_64-suse-linux/4.8/../../../../x86_64-suse-linux/bin/ld: /glade/u/apps/opt/intel/2019u5/compilers_and_libraries_2019.5.281/linux/compiler/lib/intel64_lin/for_main.o: in function `main':
for_main.c:(.text+0x2e): undefined reference to `MAIN__'
make chkdir_locobj
make[5]: Entering directory '/glade/scratch/mpotts/gfortran_10.1.0_openmpi_O/src/apps/ESMF_PrintInfo'
icpc: warning #10315: specifying -lm before files may supersede the Intel(R) math library and affect performance
ifort: command line warning #10006: ignoring unknown option '-fallow-argument-mismatch'
ifort: command line warning #10006: ignoring unknown option '-fallow-invalid-boz'
ifort: command line warning #10006: ignoring unknown option '-ffree-line-length-none'
ifort: command line warning #10006: ignoring unknown option '-print-file-name=libgfortran.so'
ifort: warning #10315: specifying -lm before files may supersede the Intel(R) math library and affect performance
/usr/lib64/gcc/x86_64-suse-linux/4.8/../../../../x86_64-suse-linux/bin/ld: /glade/u/apps/opt/intel/2019u5/compilers_and_libraries_2019.5.281/linux/compiler/lib/intel64_lin/for_main.o: in function `main':
for_main.c:(.text+0x2e): undefined reference to `MAIN__'
Making directory /glade/scratch/mpotts/gfortran_10.1.0_openmpi_O/obj/objO/Linux.gfortran.64.openmpi.default/src/apps/ESMF_PrintInfo for apps output
make[5]: Leaving directory '/glade/scratch/mpotts/gfortran_10.1.0_openmpi_O/src/apps/ESMF_PrintInfo'
mpif90 -c -fallow-argument-mismatch -fallow-invalid-boz -O -fPIC  -m64 -mcmodel=small -pthread -ffree-line-length-none  -fopenmp -I/glade/scratch/mpotts/gfortran_10.1.0_openmpi_O/src/apps/ESMF_PrintInfo -I/glade/scratch/mpotts/gfortran_10.1.0_openmpi_O/build_config/Linux.gfortran.default -I/glade/scratch/mpotts/gfortran_10.1.0_openmpi_O/src/Infrastructure -I/glade/scratch/mpotts/gfortran_10.1.0_openmpi_O/src/Superstructure -I/glade/scratch/mpotts/gfortran_10.1.0_openmpi_O/DEFAULTINSTALLDIR/mod/modO/Linux.gfortran.64.openmpi.default -I/glade/scratch/mpotts/gfortran_10.1.0_openmpi_O/src/include -I/glade/u/apps/ch/opt/netcdf/4.7.4/intel/19.0.5/include -I/glade/u/apps/ch/opt/netcdf/4.7.4/intel/19.0.5/include  -DESMF_NO_INTEGER_1_BYTE -DESMF_NO_INTEGER_2_BYTE -DESMFVERSIONGIT='"ESMF_8_1_0_beta_snapshot_47-22-gffbbe5951e"' -DESMF_MOAB=1 -DESMF_LAPACK=1 -DESMF_LAPACK_INTERNAL=1 -DESMF_NO_ACC_SOFTWARE_STACK=1 -DESMF_NETCDF=1 -DESMF_YAMLCPP=1 -DESMF_YAML=1 -DESMF_PIO=1 -DESMF_MPIIO -DESMF_NO_OPENACC -DESMF_TESTEXHAUSTIVE -DESMF_BOPT_O -DESMF_TESTCOMPTUNNEL -DESMF_TESTWITHTHREADS -DSx86_64_small=1 -DESMF_OS_Linux=1 -DESMF_COMM=openmpi -DESMF_DIR=/glade/scratch/mpotts/gfortran_10.1.0_openmpi_O ESMF_PrintInfo.F90 -o /glade/scratch/mpotts/gfortran_10.1.0_openmpi_O/obj/objO/Linux.gfortran.64.openmpi.default/src/apps/ESMF_PrintInfo/ESMF_PrintInfo.o
ifort: command line warning #10006: ignoring unknown option '-fallow-argument-mismatch'
ifort: command line warning #10006: ignoring unknown option '-fallow-invalid-boz'
ifort: command line warning #10006: ignoring unknown option '-ffree-line-length-none'
ls: cannot access '/glade/u/apps/ch/opt/ncarcompilers/0.5.0/intel/19.0.5/mpi/../lib*': No such file or directory
make chkdir_apps
make[5]: Entering directory '/glade/scratch/mpotts/gfortran_10.1.0_openmpi_O/src/apps/ESMF_PrintInfo'
icpc: warning #10315: specifying -lm before files may supersede the Intel(R) math library and affect performance
ifort: command line warning #10006: ignoring unknown option '-fallow-argument-mismatch'
ifort: command line warning #10006: ignoring unknown option '-fallow-invalid-boz'
ifort: command line warning #10006: ignoring unknown option '-ffree-line-length-none'
ifort: command line warning #10006: ignoring unknown option '-print-file-name=libgfortran.so'
ifort: warning #10315: specifying -lm before files may supersede the Intel(R) math library and affect performance
/usr/lib64/gcc/x86_64-suse-linux/4.8/../../../../x86_64-suse-linux/bin/ld: /glade/u/apps/opt/intel/2019u5/compilers_and_libraries_2019.5.281/linux/compiler/lib/intel64_lin/for_main.o: in function `main':
for_main.c:(.text+0x2e): undefined reference to `MAIN__'
make[5]: Leaving directory '/glade/scratch/mpotts/gfortran_10.1.0_openmpi_O/src/apps/ESMF_PrintInfo'
mpifort     -m64 -mcmodel=small -pthread -Wl,--no-as-needed  -fopenmp -L/glade/scratch/mpotts/gfortran_10.1.0_openmpi_O/DEFAULTINSTALLDIR/lib/libO/Linux.gfortran.64.openmpi.default -L/glade/u/apps/ch/opt/netcdf/4.7.4/intel/19.0.5/lib -L/glade/u/apps/ch/opt/netcdf/4.7.4/intel/19.0.5/lib -L/usr/lib64/gcc/x86_64-suse-linux/4.8/ -Wl,-rpath,/glade/scratch/mpotts/gfortran_10.1.0_openmpi_O/DEFAULTINSTALLDIR/lib/libO/Linux.gfortran.64.openmpi.default -Wl,-rpath,/glade/u/apps/ch/opt/netcdf/4.7.4/intel/19.0.5/lib -Wl,-rpath,/glade/u/apps/ch/opt/netcdf/4.7.4/intel/19.0.5/lib -Wl,-rpath,/usr/lib64/gcc/x86_64-suse-linux/4.8/ -o /glade/scratch/mpotts/gfortran_10.1.0_openmpi_O/DEFAULTINSTALLDIR/bin/binO/Linux.gfortran.64.openmpi.default/ESMF_PrintInfo /glade/scratch/mpotts/gfortran_10.1.0_openmpi_O/obj/objO/Linux.gfortran.64.openmpi.default/src/apps/ESMF_PrintInfo/ESMF_PrintInfo.o -lesmf   -lrt -lstdc++ -ldl -lnetcdf -lnetcdff
NCAR_ERROR: wrapper cannot locate path to mpifort
/glade/scratch/mpotts/gfortran_10.1.0_openmpi_O/build/common.mk:2437: recipe for target '/glade/scratch/mpotts/gfortran_10.1.0_openmpi_O/DEFAULTINSTALLDIR/bin/binO/Linux.gfortran.64.openmpi.default/ESMF_PrintInfo' failed
make[4]: *** [/glade/scratch/mpotts/gfortran_10.1.0_openmpi_O/DEFAULTINSTALLDIR/bin/binO/Linux.gfortran.64.openmpi.default/ESMF_PrintInfo] Error 1
make[4]: Leaving directory '/glade/scratch/mpotts/gfortran_10.1.0_openmpi_O/src/apps/ESMF_PrintInfo'
/glade/scratch/mpotts/gfortran_10.1.0_openmpi_O/build/common.mk:3657: recipe for target 'tree' failed
make[3]: *** [tree] Error 1
make[3]: Leaving directory '/glade/scratch/mpotts/gfortran_10.1.0_openmpi_O/src/apps'
/glade/scratch/mpotts/gfortran_10.1.0_openmpi_O/build/common.mk:2421: recipe for target 'build_apps' failed
make[2]: *** [build_apps] Error 2
make[2]: Leaving directory '/glade/scratch/mpotts/gfortran_10.1.0_openmpi_O'
makefile:642: recipe for target 'install_apps' failed
make[1]: *** [install_apps] Error 2
make[1]: Leaving directory '/glade/scratch/mpotts/gfortran_10.1.0_openmpi_O'
makefile:668: recipe for target 'install' failed
make: *** [install] Error 2
