build time -- 2021-04-21 19:10:53
 ESMF_LogOpenFile(): error opening file: PET0.VMUserMpiEx.Log, iostat =
          30
 ESMF_LogWrite(): ESMF_Log not open -- cannot ESMF_LogWrite().  Log message = 
 !!!!!!!!!!!!!!!!!!!!!!!!!!!!!!!!!!!!!!!!!!!!!!!!!!!!!!
 ESMF_FrameworkInternalInit: Error writing into the default log
 ESMF_Initialize: Error initializing framework
 ESMF_LogWrite(): ESMF_Log not open -- cannot ESMF_LogWrite().  Log message = 
 Finalizing ESMF
 ESMF_Finalize: Error writing into the default log
MPICH ERROR [Rank 0] [job id df7dc53f-6045-4f30-a1ca-a58830d3a486] [Wed Apr 21 19:29:12 2021] [nid001002] - Abort(1) (rank 0 in comm 496): application called MPI_Abort(comm=0x84000002, 1) - process 0

 ESMF_LogOpenFile(): error opening file: PET3.VMUserMpiEx.Log, iostat =
          30
 ESMF_LogWrite(): ESMF_Log not open -- cannot ESMF_LogWrite().  Log message = 
 !!!!!!!!!!!!!!!!!!!!!!!!!!!!!!!!!!!!!!!!!!!!!!!!!!!!!!
 ESMF_FrameworkInternalInit: Error writing into the default log
 ESMF_Initialize: Error initializing framework
 ESMF_LogWrite(): ESMF_Log not open -- cannot ESMF_LogWrite().  Log message = 
 Finalizing ESMF
 ESMF_Finalize: Error writing into the default log
MPICH ERROR [Rank 3] [job id df7dc53f-6045-4f30-a1ca-a58830d3a486] [Wed Apr 21 19:29:12 2021] [nid001002] - Abort(1) (rank 3 in comm 496): application called MPI_Abort(comm=0x84000001, 1) - process 3

 ESMF_LogOpenFile(): error opening file: PET1.VMUserMpiEx.Log, iostat =
          30
 ESMF_LogWrite(): ESMF_Log not open -- cannot ESMF_LogWrite().  Log message = 
 !!!!!!!!!!!!!!!!!!!!!!!!!!!!!!!!!!!!!!!!!!!!!!!!!!!!!!
 ESMF_FrameworkInternalInit: Error writing into the default log
 ESMF_Initialize: Error initializing framework
 ESMF_LogWrite(): ESMF_Log not open -- cannot ESMF_LogWrite().  Log message = 
 Finalizing ESMF
 ESMF_Finalize: Error writing into the default log
MPICH ERROR [Rank 1] [job id df7dc53f-6045-4f30-a1ca-a58830d3a486] [Wed Apr 21 19:29:12 2021] [nid001002] - Abort(1) (rank 1 in comm 496): application called MPI_Abort(comm=0x84000001, 1) - process 1

nid001002.acorn.wcoss2.ncep.noaa.gov: rank 1 exited with code 1
forrtl: error (78): process killed (SIGTERM)
Image              PC                Routine            Line        Source             
ESMF_VMUserMpiEx   000000000042C5DB  Unknown               Unknown  Unknown
libpthread-2.26.s  000014ADEEFD82D0  Unknown               Unknown  Unknown
libmpi_intel.so.1  000014ADF2C7FCD0  Unknown               Unknown  Unknown
libmpi_intel.so.1  000014ADF2D8A3CA  Unknown               Unknown  Unknown
libmpi_intel.so.1  000014ADF1033890  Unknown               Unknown  Unknown
libmpi_intel.so.1  000014ADF1033DCF  PMPI_Barrier          Unknown  Unknown
libesmf.so         000014ADF4DB0B74  c_esmc_vmbarrier_         344  ESMCI_VM_F.C
libesmf.so         000014ADF639F931  esmf_vmmod_mp_esm        3482  ESMF_VM.F90
libesmf.so         000014ADF5D9D103  esmf_initmod_mp_e         272  ESMF_Init.F90
ESMF_VMUserMpiEx   000000000040D3F6  MAIN__                     85  ESMF_VMUserMpiEx.F90
ESMF_VMUserMpiEx   000000000040D0D2  Unknown               Unknown  Unknown
libc-2.26.so       000014ADEEC2E34A  __libc_start_main     Unknown  Unknown
ESMF_VMUserMpiEx   000000000040CFEA  Unknown               Unknown  Unknown
forrtl: error (78): process killed (SIGTERM)
Image              PC                Routine            Line        Source             
ESMF_VMUserMpiEx   000000000042C5DB  Unknown               Unknown  Unknown
libpthread-2.26.s  000014FC37BA82D0  Unknown               Unknown  Unknown
libpthread-2.26.s  000014FC37BA6DEB  write                 Unknown  Unknown
librdmacm.so.1.3.  000014FC3336A3FC  rdma_get_cm_event     Unknown  Unknown
libfabric.so.1.14  000014FC341C0C53  Unknown               Unknown  Unknown
libfabric.so.1.14  000014FC341D0500  Unknown               Unknown  Unknown
libfabric.so.1.14  000014FC341D28CF  Unknown               Unknown  Unknown
libfabric.so.1.14  000014FC341D2A08  Unknown               Unknown  Unknown
libfabric.so.1.14  000014FC341D7642  Unknown               Unknown  Unknown
libmpi_intel.so.1  000014FC3BC445CE  Unknown               Unknown  Unknown
libmpi_intel.so.1  000014FC3BAFB91C  Unknown               Unknown  Unknown
libmpi_intel.so.1  000014FC3A0731C7  MPI_Abort             Unknown  Unknown
libesmf.so         000014FC3D9A2BEF  _ZN5ESMCI3VMK5abo         731  ESMCI_VMKernel.C
libesmf.so         000014FC3D9B1E37  _ZN5ESMCI2VM5abor        3471  ESMCI_VM.C
libesmf.so         000014FC3D989C23  c_esmc_vmabort_          1173  ESMCI_VM_F.C
libesmf.so         000014FC3EFA7DB8  esmf_vmmod_mp_esm        9312  ESMF_VM.F90
libesmf.so         000014FC3E971FCD  esmf_initmod_mp_e        1001  ESMF_Init.F90
ESMF_VMUserMpiEx   000000000040D447  MAIN__                     88  ESMF_VMUserMpiEx.F90
ESMF_VMUserMpiEx   000000000040D0D2  Unknown               Unknown  Unknown
libc-2.26.so       000014FC377FE34A  __libc_start_main     Unknown  Unknown
ESMF_VMUserMpiEx   000000000040CFEA  Unknown               Unknown  Unknown
