20210413 134324.175 INFO             PET0 !!!!!!!!!!!!!!!!!!!!!!!!!!!!!!!!!!!!!!!!!!!!!!!!!!!!!!
20210413 134324.175 INFO             PET0 !!! THE ESMF_LOG IS SET TO OUTPUT ALL LOG MESSAGES !!!
20210413 134324.175 INFO             PET0 !!!     THIS MAY CAUSE SLOWDOWN IN PERFORMANCE     !!!
20210413 134324.175 INFO             PET0 !!! FOR PRODUCTION RUNS, USE:                      !!!
20210413 134324.175 INFO             PET0 !!!                   ESMF_LOGKIND_Multi_On_Error  !!!
20210413 134324.175 INFO             PET0 !!!!!!!!!!!!!!!!!!!!!!!!!!!!!!!!!!!!!!!!!!!!!!!!!!!!!!
20210413 134324.175 INFO             PET0 Running with ESMF Version   : ESMF_8_2_0_beta_snapshot_04-7-g3098c96bb1
20210413 134324.175 INFO             PET0 ESMF library build date/time: "Apr 13 2021" "13:22:23"
20210413 134324.175 INFO             PET0 ESMF library build location : /lfs/h1/emc/ptmp/Mark.Potts/intel_2019.3_mpi_g
20210413 134324.175 INFO             PET0 ESMF_COMM                   : mpi
20210413 134324.184 INFO             PET0 ESMF_MOAB                   : enabled
20210413 134324.184 INFO             PET0 ESMF_LAPACK                 : enabled
20210413 134324.184 INFO             PET0 ESMF_NETCDF                 : enabled
20210413 134324.184 INFO             PET0 ESMF_PNETCDF                : disabled
20210413 134324.184 INFO             PET0 ESMF_PIO                    : enabled
20210413 134324.184 INFO             PET0 ESMF_YAMLCPP                : enabled
20210413 134324.198 INFO             PET0  NUMBER_OF_PROCESSORS           4
20210413 134324.198 INFO             PET0  PASS  Example ESMF_FieldCommEx, ESMF_FieldCommEx.F90, line 258
20210413 134324.198 INFO             PET0 Finalizing ESMF
20210413 134324.185 INFO             PET1 !!!!!!!!!!!!!!!!!!!!!!!!!!!!!!!!!!!!!!!!!!!!!!!!!!!!!!
20210413 134324.185 INFO             PET1 !!! THE ESMF_LOG IS SET TO OUTPUT ALL LOG MESSAGES !!!
20210413 134324.185 INFO             PET1 !!!     THIS MAY CAUSE SLOWDOWN IN PERFORMANCE     !!!
20210413 134324.185 INFO             PET1 !!! FOR PRODUCTION RUNS, USE:                      !!!
20210413 134324.185 INFO             PET1 !!!                   ESMF_LOGKIND_Multi_On_Error  !!!
20210413 134324.185 INFO             PET1 !!!!!!!!!!!!!!!!!!!!!!!!!!!!!!!!!!!!!!!!!!!!!!!!!!!!!!
20210413 134324.185 INFO             PET1 Running with ESMF Version   : ESMF_8_2_0_beta_snapshot_04-7-g3098c96bb1
20210413 134324.185 INFO             PET1 ESMF library build date/time: "Apr 13 2021" "13:22:23"
20210413 134324.185 INFO             PET1 ESMF library build location : /lfs/h1/emc/ptmp/Mark.Potts/intel_2019.3_mpi_g
20210413 134324.185 INFO             PET1 ESMF_COMM                   : mpi
20210413 134324.192 INFO             PET1 ESMF_MOAB                   : enabled
20210413 134324.192 INFO             PET1 ESMF_LAPACK                 : enabled
20210413 134324.192 INFO             PET1 ESMF_NETCDF                 : enabled
20210413 134324.192 INFO             PET1 ESMF_PNETCDF                : disabled
20210413 134324.192 INFO             PET1 ESMF_PIO                    : enabled
20210413 134324.192 INFO             PET1 ESMF_YAMLCPP                : enabled
20210413 134324.198 INFO             PET1  NUMBER_OF_PROCESSORS           4
20210413 134324.198 INFO             PET1  PASS  Example ESMF_FieldCommEx, ESMF_FieldCommEx.F90, line 258
20210413 134324.198 INFO             PET1 Finalizing ESMF
20210413 134324.185 INFO             PET2 !!!!!!!!!!!!!!!!!!!!!!!!!!!!!!!!!!!!!!!!!!!!!!!!!!!!!!
20210413 134324.185 INFO             PET2 !!! THE ESMF_LOG IS SET TO OUTPUT ALL LOG MESSAGES !!!
20210413 134324.185 INFO             PET2 !!!     THIS MAY CAUSE SLOWDOWN IN PERFORMANCE     !!!
20210413 134324.185 INFO             PET2 !!! FOR PRODUCTION RUNS, USE:                      !!!
20210413 134324.185 INFO             PET2 !!!                   ESMF_LOGKIND_Multi_On_Error  !!!
20210413 134324.185 INFO             PET2 !!!!!!!!!!!!!!!!!!!!!!!!!!!!!!!!!!!!!!!!!!!!!!!!!!!!!!
20210413 134324.185 INFO             PET2 Running with ESMF Version   : ESMF_8_2_0_beta_snapshot_04-7-g3098c96bb1
20210413 134324.185 INFO             PET2 ESMF library build date/time: "Apr 13 2021" "13:22:23"
20210413 134324.185 INFO             PET2 ESMF library build location : /lfs/h1/emc/ptmp/Mark.Potts/intel_2019.3_mpi_g
20210413 134324.185 INFO             PET2 ESMF_COMM                   : mpi
20210413 134324.186 INFO             PET2 ESMF_MOAB                   : enabled
20210413 134324.186 INFO             PET2 ESMF_LAPACK                 : enabled
20210413 134324.186 INFO             PET2 ESMF_NETCDF                 : enabled
20210413 134324.186 INFO             PET2 ESMF_PNETCDF                : disabled
20210413 134324.186 INFO             PET2 ESMF_PIO                    : enabled
20210413 134324.186 INFO             PET2 ESMF_YAMLCPP                : enabled
20210413 134324.198 INFO             PET2  NUMBER_OF_PROCESSORS           4
20210413 134324.198 INFO             PET2  PASS  Example ESMF_FieldCommEx, ESMF_FieldCommEx.F90, line 258
20210413 134324.198 INFO             PET2 Finalizing ESMF
20210413 134324.186 INFO             PET3 !!!!!!!!!!!!!!!!!!!!!!!!!!!!!!!!!!!!!!!!!!!!!!!!!!!!!!
20210413 134324.186 INFO             PET3 !!! THE ESMF_LOG IS SET TO OUTPUT ALL LOG MESSAGES !!!
20210413 134324.186 INFO             PET3 !!!     THIS MAY CAUSE SLOWDOWN IN PERFORMANCE     !!!
20210413 134324.186 INFO             PET3 !!! FOR PRODUCTION RUNS, USE:                      !!!
20210413 134324.186 INFO             PET3 !!!                   ESMF_LOGKIND_Multi_On_Error  !!!
20210413 134324.186 INFO             PET3 !!!!!!!!!!!!!!!!!!!!!!!!!!!!!!!!!!!!!!!!!!!!!!!!!!!!!!
20210413 134324.186 INFO             PET3 Running with ESMF Version   : ESMF_8_2_0_beta_snapshot_04-7-g3098c96bb1
20210413 134324.186 INFO             PET3 ESMF library build date/time: "Apr 13 2021" "13:22:23"
20210413 134324.186 INFO             PET3 ESMF library build location : /lfs/h1/emc/ptmp/Mark.Potts/intel_2019.3_mpi_g
20210413 134324.186 INFO             PET3 ESMF_COMM                   : mpi
20210413 134324.196 INFO             PET3 ESMF_MOAB                   : enabled
20210413 134324.196 INFO             PET3 ESMF_LAPACK                 : enabled
20210413 134324.196 INFO             PET3 ESMF_NETCDF                 : enabled
20210413 134324.196 INFO             PET3 ESMF_PNETCDF                : disabled
20210413 134324.196 INFO             PET3 ESMF_PIO                    : enabled
20210413 134324.196 INFO             PET3 ESMF_YAMLCPP                : enabled
20210413 134324.198 INFO             PET3  NUMBER_OF_PROCESSORS           4
20210413 134324.198 INFO             PET3  PASS  Example ESMF_FieldCommEx, ESMF_FieldCommEx.F90, line 258
20210413 134324.198 INFO             PET3 Finalizing ESMF
