build time -- 2021-04-21 19:10:53
 ESMF_LogOpenFile(): error opening file: PET0.VMUserMpiCommEx.Log, iostat =
          30
 ESMF_LogWrite(): ESMF_Log not open -- cannot ESMF_LogWrite().  Log message = 
 !!!!!!!!!!!!!!!!!!!!!!!!!!!!!!!!!!!!!!!!!!!!!!!!!!!!!!
 ESMF_FrameworkInternalInit: Error writing into the default log
 ESMF_Initialize: Error initializing framework
 ESMF_LogWrite(): ESMF_Log not open -- cannot ESMF_LogWrite().  Log message = 
 Finalizing ESMF
 ESMF_Finalize: Error writing into the default log
MPICH ERROR [Rank 0] [job id 5d80ed37-6c2c-4262-84c2-81e353c9b507] [Wed Apr 21 19:29:15 2021] [nid001002] - Abort(1) (rank 0 in comm 480): application called MPI_Abort(comm=0x84000005, 1) - process 0

 ESMF_LogOpenFile(): error opening file: PET1.VMUserMpiCommEx.Log, iostat =
          30
 ESMF_LogWrite(): ESMF_Log not open -- cannot ESMF_LogWrite().  Log message = 
 !!!!!!!!!!!!!!!!!!!!!!!!!!!!!!!!!!!!!!!!!!!!!!!!!!!!!!
 ESMF_FrameworkInternalInit: Error writing into the default log
 ESMF_Initialize: Error initializing framework
 ESMF_LogWrite(): ESMF_Log not open -- cannot ESMF_LogWrite().  Log message = 
 Finalizing ESMF
 ESMF_Finalize: Error writing into the default log
MPICH ERROR [Rank 1] [job id 5d80ed37-6c2c-4262-84c2-81e353c9b507] [Wed Apr 21 19:29:15 2021] [nid001002] - Abort(1) (rank 1 in comm 480): application called MPI_Abort(comm=0x84000003, 1) - process 1

nid001002.acorn.wcoss2.ncep.noaa.gov: rank 0 exited with code 1
forrtl: error (78): process killed (SIGTERM)
Image              PC                Routine            Line        Source             
ESMF_VMUserMpiCom  000000000042C90B  Unknown               Unknown  Unknown
libpthread-2.26.s  00001550197D72D0  Unknown               Unknown  Unknown
libfabric.so.1.14  0000155015DBEE80  Unknown               Unknown  Unknown
libfabric.so.1.14  0000155015DEBC88  Unknown               Unknown  Unknown
libfabric.so.1.14  0000155015E0AF72  Unknown               Unknown  Unknown
libfabric.so.1.14  0000155015E0B151  Unknown               Unknown  Unknown
libfabric.so.1.14  0000155015DBF54D  Unknown               Unknown  Unknown
libfabric.so.1.14  0000155015DBE85E  Unknown               Unknown  Unknown
libmpi_intel.so.1  000015501C4DC36D  Unknown               Unknown  Unknown
libmpi_intel.so.1  000015501D3AA42C  Unknown               Unknown  Unknown
libmpi_intel.so.1  000015501D3BF6D5  Unknown               Unknown  Unknown
libmpi_intel.so.1  000015501D2BFA32  Unknown               Unknown  Unknown
libmpi_intel.so.1  000015501B8326A1  Unknown               Unknown  Unknown
libmpi_intel.so.1  000015501B8327C8  Unknown               Unknown  Unknown
libmpi_intel.so.1  000015501D58935B  Unknown               Unknown  Unknown
libmpi_intel.so.1  000015501B832890  Unknown               Unknown  Unknown
libmpi_intel.so.1  000015501D5810B2  Unknown               Unknown  Unknown
libmpi_intel.so.1  000015501D3F39AB  Unknown               Unknown  Unknown
libmpi_intel.so.1  000015501D72C3AF  Unknown               Unknown  Unknown
libmpi_intel.so.1  000015501BCA355C  MPI_Finalize          Unknown  Unknown
libmpifort_intel.  000015501B3B5689  MPI_FINALIZE          Unknown  Unknown
ESMF_VMUserMpiCom  000000000040D8D9  MAIN__                    134  ESMF_VMUserMpiCommEx.F90
ESMF_VMUserMpiCom  000000000040D192  Unknown               Unknown  Unknown
libc-2.26.so       000015501942D34A  __libc_start_main     Unknown  Unknown
ESMF_VMUserMpiCom  000000000040D0AA  Unknown               Unknown  Unknown
forrtl: error (78): process killed (SIGTERM)
Image              PC                Routine            Line        Source             
ESMF_VMUserMpiCom  000000000042C90B  Unknown               Unknown  Unknown
libpthread-2.26.s  0000146987E332D0  Unknown               Unknown  Unknown
linux-vdso.so.1    00007FFDDD1E2B76  clock_gettime         Unknown  Unknown
libc-2.26.so       0000146987B6E836  __clock_gettime       Unknown  Unknown
libfabric.so.1.14  0000146984408A81  Unknown               Unknown  Unknown
libfabric.so.1.14  0000146984408AA9  Unknown               Unknown  Unknown
libfabric.so.1.14  000014698446700D  Unknown               Unknown  Unknown
libfabric.so.1.14  0000146984467151  Unknown               Unknown  Unknown
libfabric.so.1.14  000014698441B54D  Unknown               Unknown  Unknown
libfabric.so.1.14  000014698441A85E  Unknown               Unknown  Unknown
libmpi_intel.so.1  000014698AB3836D  Unknown               Unknown  Unknown
libmpi_intel.so.1  000014698BA0642C  Unknown               Unknown  Unknown
libmpi_intel.so.1  000014698BA1B6D5  Unknown               Unknown  Unknown
libmpi_intel.so.1  000014698B91BA32  Unknown               Unknown  Unknown
libmpi_intel.so.1  0000146989E8E6A1  Unknown               Unknown  Unknown
libmpi_intel.so.1  0000146989E8E7C8  Unknown               Unknown  Unknown
libmpi_intel.so.1  000014698BBE535B  Unknown               Unknown  Unknown
libmpi_intel.so.1  0000146989E8E890  Unknown               Unknown  Unknown
libmpi_intel.so.1  000014698BBDD0B2  Unknown               Unknown  Unknown
libmpi_intel.so.1  000014698BA4F9AB  Unknown               Unknown  Unknown
libmpi_intel.so.1  000014698BD883AF  Unknown               Unknown  Unknown
libmpi_intel.so.1  000014698A2FF55C  MPI_Finalize          Unknown  Unknown
libmpifort_intel.  0000146989A11689  MPI_FINALIZE          Unknown  Unknown
ESMF_VMUserMpiCom  000000000040D8D9  MAIN__                    134  ESMF_VMUserMpiCommEx.F90
ESMF_VMUserMpiCom  000000000040D192  Unknown               Unknown  Unknown
libc-2.26.so       0000146987A8934A  __libc_start_main     Unknown  Unknown
ESMF_VMUserMpiCom  000000000040D0AA  Unknown               Unknown  Unknown
