build time -- 2021-04-21 19:10:53
 ESMF_LogOpenFile(): error opening file: PET0.VMGetMPICommunicatorEx.Log
 , iostat =          30
 ESMF_LogWrite(): ESMF_Log not open -- cannot ESMF_LogWrite().  Log message = 
 !!!!!!!!!!!!!!!!!!!!!!!!!!!!!!!!!!!!!!!!!!!!!!!!!!!!!!
 ESMF_FrameworkInternalInit: Error writing into the default log
 ESMF_Initialize: Error initializing framework
 ESMF_LogWrite(): ESMF_Log not open -- cannot ESMF_LogWrite().  Log message = 
 Finalizing ESMF
 ESMF_Finalize: Error writing into the default log
MPICH ERROR [Rank 0] [job id b6f90b61-9785-4f37-b183-46598607c3f9] [Wed Apr 21 19:29:09 2021] [nid001002] - Abort(1) (rank 0 in comm 496): application called MPI_Abort(comm=0x84000002, 1) - process 0

 ESMF_LogOpenFile(): error opening file: PET1.VMGetMPICommunicatorEx.Log
 , iostat =          30
 ESMF_LogWrite(): ESMF_Log not open -- cannot ESMF_LogWrite().  Log message = 
 !!!!!!!!!!!!!!!!!!!!!!!!!!!!!!!!!!!!!!!!!!!!!!!!!!!!!!
 ESMF_FrameworkInternalInit: Error writing into the default log
 ESMF_Initialize: Error initializing framework
 ESMF_LogWrite(): ESMF_Log not open -- cannot ESMF_LogWrite().  Log message = 
 Finalizing ESMF
 ESMF_Finalize: Error writing into the default log
MPICH ERROR [Rank 1] [job id b6f90b61-9785-4f37-b183-46598607c3f9] [Wed Apr 21 19:29:09 2021] [nid001002] - Abort(1) (rank 1 in comm 496): application called MPI_Abort(comm=0x84000001, 1) - process 1

nid001002.acorn.wcoss2.ncep.noaa.gov: rank 1 exited with code 1
forrtl: error (78): process killed (SIGTERM)
Image              PC                Routine            Line        Source             
ESMF_VMGetMPIComm  000000000042C2FB  Unknown               Unknown  Unknown
libpthread-2.26.s  00001537D514B2D0  Unknown               Unknown  Unknown
libc-2.26.so       00001537D4E60667  __sched_yield         Unknown  Unknown
libmpi_intel.so.1  00001537D8E4DBED  Unknown               Unknown  Unknown
libmpi_intel.so.1  00001537D8EFD49F  Unknown               Unknown  Unknown
libmpi_intel.so.1  00001537D71A6890  Unknown               Unknown  Unknown
libmpi_intel.so.1  00001537D71A6DCF  PMPI_Barrier          Unknown  Unknown
libesmf.so         00001537DAF23B74  c_esmc_vmbarrier_         344  ESMCI_VM_F.C
libesmf.so         00001537DC512931  esmf_vmmod_mp_esm        3482  ESMF_VM.F90
libesmf.so         00001537DBF10103  esmf_initmod_mp_e         272  ESMF_Init.F90
ESMF_VMGetMPIComm  000000000040CFD0  MAIN__                     74  ESMF_VMGetMPICommunicatorEx.F90
ESMF_VMGetMPIComm  000000000040CD52  Unknown               Unknown  Unknown
libc-2.26.so       00001537D4DA134A  __libc_start_main     Unknown  Unknown
ESMF_VMGetMPIComm  000000000040CC6A  Unknown               Unknown  Unknown
forrtl: error (78): process killed (SIGTERM)
Image              PC                Routine            Line        Source             
ESMF_VMGetMPIComm  000000000042C2FB  Unknown               Unknown  Unknown
libpthread-2.26.s  00001513B3F452D0  Unknown               Unknown  Unknown
libpthread-2.26.s  00001513B3F43DEB  write                 Unknown  Unknown
librdmacm.so.1.3.  00001513AF7073FC  rdma_get_cm_event     Unknown  Unknown
libfabric.so.1.14  00001513B055DC53  Unknown               Unknown  Unknown
libfabric.so.1.14  00001513B056D500  Unknown               Unknown  Unknown
libfabric.so.1.14  00001513B056F8CF  Unknown               Unknown  Unknown
libfabric.so.1.14  00001513B056FA08  Unknown               Unknown  Unknown
libfabric.so.1.14  00001513B0574642  Unknown               Unknown  Unknown
libmpi_intel.so.1  00001513B7FE15CE  Unknown               Unknown  Unknown
libmpi_intel.so.1  00001513B7E9891C  Unknown               Unknown  Unknown
libmpi_intel.so.1  00001513B64101C7  MPI_Abort             Unknown  Unknown
libesmf.so         00001513B9D3FBEF  _ZN5ESMCI3VMK5abo         731  ESMCI_VMKernel.C
libesmf.so         00001513B9D4EE37  _ZN5ESMCI2VM5abor        3471  ESMCI_VM.C
libesmf.so         00001513B9D26C23  c_esmc_vmabort_          1173  ESMCI_VM_F.C
libesmf.so         00001513BB344DB8  esmf_vmmod_mp_esm        9312  ESMF_VM.F90
libesmf.so         00001513BAD0EFCD  esmf_initmod_mp_e        1001  ESMF_Init.F90
ESMF_VMGetMPIComm  000000000040D021  MAIN__                     76  ESMF_VMGetMPICommunicatorEx.F90
ESMF_VMGetMPIComm  000000000040CD52  Unknown               Unknown  Unknown
libc-2.26.so       00001513B3B9B34A  __libc_start_main     Unknown  Unknown
ESMF_VMGetMPIComm  000000000040CC6A  Unknown               Unknown  Unknown
forrtl: error (78): process killed (SIGTERM)
Image              PC                Routine            Line        Source             
ESMF_VMGetMPIComm  000000000042C2FB  Unknown               Unknown  Unknown
libpthread-2.26.s  0000146EFD8612D0  Unknown               Unknown  Unknown
libc-2.26.so       0000146EFD585AC7  ioctl                 Unknown  Unknown
libibverbs.so.1.1  0000146EF8E0B0B5  execute_ioctl         Unknown  Unknown
libibverbs.so.1.1  0000146EF8E0A243  Unknown               Unknown  Unknown
libibverbs.so.1.1  0000146EF8E0574F  ibv_cmd_reg_mr        Unknown  Unknown
libmlx5.so.1.14.3  0000146EF7089D6B  Unknown               Unknown  Unknown
libibverbs.so.1.1  0000146EF8E12751  ibv_reg_mr            Unknown  Unknown
libfabric.so.1.14  0000146EF9E78CFC  Unknown               Unknown  Unknown
libfabric.so.1.14  0000146EF9E51AC0  Unknown               Unknown  Unknown
libfabric.so.1.14  0000146EF9E78A4D  Unknown               Unknown  Unknown
libfabric.so.1.14  0000146EF9E889F4  Unknown               Unknown  Unknown
libfabric.so.1.14  0000146EF9E4DBD9  Unknown               Unknown  Unknown
libfabric.so.1.14  0000146EF9E8830D  Unknown               Unknown  Unknown
libfabric.so.1.14  0000146EF9E80C8A  Unknown               Unknown  Unknown
libfabric.so.1.14  0000146EF9E84FC8  Unknown               Unknown  Unknown
libfabric.so.1.14  0000146EF9E91936  Unknown               Unknown  Unknown
libfabric.so.1.14  0000146EF9E94D8C  Unknown               Unknown  Unknown
libfabric.so.1.14  0000146EF9E89860  Unknown               Unknown  Unknown
libfabric.so.1.14  0000146EF9E8AF3F  Unknown               Unknown  Unknown
libfabric.so.1.14  0000146EF9E8B8BB  Unknown               Unknown  Unknown
libfabric.so.1.14  0000146EF9E95032  Unknown               Unknown  Unknown
libfabric.so.1.14  0000146EF9E95151  Unknown               Unknown  Unknown
libfabric.so.1.14  0000146EF9E4954D  Unknown               Unknown  Unknown
libfabric.so.1.14  0000146EF9E4885E  Unknown               Unknown  Unknown
libmpi_intel.so.1  0000146F01560711  Unknown               Unknown  Unknown
libmpi_intel.so.1  0000146F0161349F  Unknown               Unknown  Unknown
libmpi_intel.so.1  0000146EFF8BC890  Unknown               Unknown  Unknown
libmpi_intel.so.1  0000146EFF8BCDCF  PMPI_Barrier          Unknown  Unknown
libesmf.so         0000146F03639B74  c_esmc_vmbarrier_         344  ESMCI_VM_F.C
libesmf.so         0000146F04C28931  esmf_vmmod_mp_esm        3482  ESMF_VM.F90
libesmf.so         0000146F04626103  esmf_initmod_mp_e         272  ESMF_Init.F90
ESMF_VMGetMPIComm  000000000040CFD0  MAIN__                     74  ESMF_VMGetMPICommunicatorEx.F90
ESMF_VMGetMPIComm  000000000040CD52  Unknown               Unknown  Unknown
libc-2.26.so       0000146EFD4B734A  __libc_start_main     Unknown  Unknown
ESMF_VMGetMPIComm  000000000040CC6A  Unknown               Unknown  Unknown
