build time -- 2021-04-21 19:10:53
  PASS  Example ESMF_LogErrEx, ESMF_LogErrEx.F90, line 186
  PASS  Example ESMF_LogErrEx, ESMF_LogErrEx.F90, line 186
  PASS  Example ESMF_LogErrEx, ESMF_LogErrEx.F90, line 186
 ESMF_LogOpenFile(): error opening file: PET3.TestLog.txt, iostat =          30
 ESMF_LogWrite(): ESMF_Log not open -- cannot ESMF_LogWrite().  Log message = 
 Log Write 2
MPICH ERROR [Rank 3] [job id 5670dd33-c5f8-4eb1-afc4-e5c8223ca1ed] [Wed Apr 21 19:29:05 2021] [nid001002] - Abort(1) (rank 3 in comm 496): application called MPI_Abort(comm=0x84000001, 1) - process 3

nid001002.acorn.wcoss2.ncep.noaa.gov: rank 0 exited with code 1
forrtl: error (78): process killed (SIGTERM)
Image              PC                Routine            Line        Source             
ESMF_LogErrEx      000000000042D22B  Unknown               Unknown  Unknown
libpthread-2.26.s  000014C64253C2D0  Unknown               Unknown  Unknown
libpthread-2.26.s  000014C64253ADEB  write                 Unknown  Unknown
librdmacm.so.1.3.  000014C63DCFE3FC  rdma_get_cm_event     Unknown  Unknown
libfabric.so.1.14  000014C63EB54C53  Unknown               Unknown  Unknown
libfabric.so.1.14  000014C63EB64500  Unknown               Unknown  Unknown
libfabric.so.1.14  000014C63EB668CF  Unknown               Unknown  Unknown
libfabric.so.1.14  000014C63EB66A08  Unknown               Unknown  Unknown
libfabric.so.1.14  000014C63EB6B642  Unknown               Unknown  Unknown
libmpi_intel.so.1  000014C6465D85CE  Unknown               Unknown  Unknown
libmpi_intel.so.1  000014C64648F91C  Unknown               Unknown  Unknown
libmpi_intel.so.1  000014C644A071C7  MPI_Abort             Unknown  Unknown
libesmf.so         000014C648336BEF  _ZN5ESMCI3VMK5abo         731  ESMCI_VMKernel.C
libesmf.so         000014C648345E37  _ZN5ESMCI2VM5abor        3471  ESMCI_VM.C
libesmf.so         000014C64831DC23  c_esmc_vmabort_          1173  ESMCI_VM_F.C
libesmf.so         000014C64993BDB8  esmf_vmmod_mp_esm        9312  ESMF_VM.F90
libesmf.so         000014C649305FCD  esmf_initmod_mp_e        1001  ESMF_Init.F90
ESMF_LogErrEx      000000000040DC43  MAIN__                    143  ESMF_LogErrEx.F90
ESMF_LogErrEx      000000000040D0D2  Unknown               Unknown  Unknown
libc-2.26.so       000014C64219234A  __libc_start_main     Unknown  Unknown
ESMF_LogErrEx      000000000040CFEA  Unknown               Unknown  Unknown
forrtl: error (78): process killed (SIGTERM)
Image              PC                Routine            Line        Source             
ESMF_LogErrEx      000000000042D22B  Unknown               Unknown  Unknown
libpthread-2.26.s  0000147853AE82D0  Unknown               Unknown  Unknown
libc-2.26.so       00001478537FD667  __sched_yield         Unknown  Unknown
libmpi_intel.so.1  00001478567FA2B9  Unknown               Unknown  Unknown
libmpi_intel.so.1  00001478576BB42C  Unknown               Unknown  Unknown
libmpi_intel.so.1  00001478576D06D5  Unknown               Unknown  Unknown
libmpi_intel.so.1  00001478575D0A32  Unknown               Unknown  Unknown
libmpi_intel.so.1  0000147855B436A1  Unknown               Unknown  Unknown
libmpi_intel.so.1  0000147855B437C8  Unknown               Unknown  Unknown
libmpi_intel.so.1  000014785789A35B  Unknown               Unknown  Unknown
libmpi_intel.so.1  0000147855B43890  Unknown               Unknown  Unknown
libmpi_intel.so.1  00001478578920B2  Unknown               Unknown  Unknown
libmpi_intel.so.1  00001478577049AB  Unknown               Unknown  Unknown
libmpi_intel.so.1  0000147857A3D3AF  Unknown               Unknown  Unknown
libmpi_intel.so.1  0000147855FB455C  MPI_Finalize          Unknown  Unknown
libesmf.so         00001478598CA66A  _ZN5ESMCI3VMK8fin         671  ESMCI_VMKernel.C
libesmf.so         00001478598E60B7  _ZN5ESMCI2VM8fina        3429  ESMCI_VM.C
libesmf.so         00001478598C32F2  c_esmc_vmfinalize        1162  ESMCI_VM_F.C
libesmf.so         000014785AEE7C86  esmf_vmmod_mp_esm        9265  ESMF_VM.F90
libesmf.so         000014785A8B234B  esmf_initmod_mp_e        1012  ESMF_Init.F90
ESMF_LogErrEx      000000000040E1EB  MAIN__                    191  ESMF_LogErrEx.F90
ESMF_LogErrEx      000000000040D0D2  Unknown               Unknown  Unknown
libc-2.26.so       000014785373E34A  __libc_start_main     Unknown  Unknown
ESMF_LogErrEx      000000000040CFEA  Unknown               Unknown  Unknown
forrtl: error (78): process killed (SIGTERM)
Image              PC                Routine            Line        Source             
ESMF_LogErrEx      000000000042D22B  Unknown               Unknown  Unknown
libpthread-2.26.s  000014633995F2D0  Unknown               Unknown  Unknown
libc-2.26.so       0000146339674667  __sched_yield         Unknown  Unknown
libmpi_intel.so.1  000014633C6712B9  Unknown               Unknown  Unknown
libmpi_intel.so.1  000014633D53242C  Unknown               Unknown  Unknown
libmpi_intel.so.1  000014633D5476D5  Unknown               Unknown  Unknown
libmpi_intel.so.1  000014633D447A32  Unknown               Unknown  Unknown
libmpi_intel.so.1  000014633B9BA6A1  Unknown               Unknown  Unknown
libmpi_intel.so.1  000014633B9BA7C8  Unknown               Unknown  Unknown
libmpi_intel.so.1  000014633D71135B  Unknown               Unknown  Unknown
libmpi_intel.so.1  000014633B9BA890  Unknown               Unknown  Unknown
libmpi_intel.so.1  000014633D7090B2  Unknown               Unknown  Unknown
libmpi_intel.so.1  000014633D57B9AB  Unknown               Unknown  Unknown
libmpi_intel.so.1  000014633D8B43AF  Unknown               Unknown  Unknown
libmpi_intel.so.1  000014633BE2B55C  MPI_Finalize          Unknown  Unknown
libesmf.so         000014633F74166A  _ZN5ESMCI3VMK8fin         671  ESMCI_VMKernel.C
libesmf.so         000014633F75D0B7  _ZN5ESMCI2VM8fina        3429  ESMCI_VM.C
libesmf.so         000014633F73A2F2  c_esmc_vmfinalize        1162  ESMCI_VM_F.C
libesmf.so         0000146340D5EC86  esmf_vmmod_mp_esm        9265  ESMF_VM.F90
libesmf.so         000014634072934B  esmf_initmod_mp_e        1012  ESMF_Init.F90
ESMF_LogErrEx      000000000040E1EB  MAIN__                    191  ESMF_LogErrEx.F90
ESMF_LogErrEx      000000000040D0D2  Unknown               Unknown  Unknown
libc-2.26.so       00001463395B534A  __libc_start_main     Unknown  Unknown
ESMF_LogErrEx      000000000040CFEA  Unknown               Unknown  Unknown
