20210409 013620.732 INFO             PET0 !!!!!!!!!!!!!!!!!!!!!!!!!!!!!!!!!!!!!!!!!!!!!!!!!!!!!!
20210409 013620.732 INFO             PET0 !!! THE ESMF_LOG IS SET TO OUTPUT ALL LOG MESSAGES !!!
20210409 013620.732 INFO             PET0 !!!     THIS MAY CAUSE SLOWDOWN IN PERFORMANCE     !!!
20210409 013620.732 INFO             PET0 !!! FOR PRODUCTION RUNS, USE:                      !!!
20210409 013620.732 INFO             PET0 !!!                   ESMF_LOGKIND_Multi_On_Error  !!!
20210409 013620.732 INFO             PET0 !!!!!!!!!!!!!!!!!!!!!!!!!!!!!!!!!!!!!!!!!!!!!!!!!!!!!!
20210409 013620.732 INFO             PET0 Running with ESMF Version   : ESMF_8_2_0_beta_snapshot_04-5-g9ad08a1743
20210409 013620.732 INFO             PET0 ESMF library build date/time: "Apr  9 2021" "01:09:29"
20210409 013620.732 INFO             PET0 ESMF library build location : /gpfsm/dnb04/projects/p98/mpotts/esmf/intel_2020_intelmpi_O
20210409 013620.732 INFO             PET0 ESMF_COMM                   : intelmpi
20210409 013620.732 INFO             PET0 ESMF_MOAB                   : enabled
20210409 013620.732 INFO             PET0 ESMF_LAPACK                 : enabled
20210409 013620.732 INFO             PET0 ESMF_NETCDF                 : enabled
20210409 013620.732 INFO             PET0 ESMF_PNETCDF                : disabled
20210409 013620.732 INFO             PET0 ESMF_PIO                    : enabled
20210409 013620.732 INFO             PET0 ESMF_YAMLCPP                : enabled
20210409 013620.758 INFO             PET0  NUMBER_OF_PROCESSORS           4
20210409 013620.758 INFO             PET0  PASS  Example ESMF_VMUserMpiCommMultiEx, ESMF_VMUserMpiCommMultiEx.F90, line 126
20210409 013620.758 INFO             PET0 Finalizing ESMF
20210409 013620.724 INFO             PET0 !!!!!!!!!!!!!!!!!!!!!!!!!!!!!!!!!!!!!!!!!!!!!!!!!!!!!!
20210409 013620.724 INFO             PET0 !!! THE ESMF_LOG IS SET TO OUTPUT ALL LOG MESSAGES !!!
20210409 013620.724 INFO             PET0 !!!     THIS MAY CAUSE SLOWDOWN IN PERFORMANCE     !!!
20210409 013620.724 INFO             PET0 !!! FOR PRODUCTION RUNS, USE:                      !!!
20210409 013620.724 INFO             PET0 !!!                   ESMF_LOGKIND_Multi_On_Error  !!!
20210409 013620.724 INFO             PET0 !!!!!!!!!!!!!!!!!!!!!!!!!!!!!!!!!!!!!!!!!!!!!!!!!!!!!!
20210409 013620.724 INFO             PET0 Running with ESMF Version   : ESMF_8_2_0_beta_snapshot_04-5-g9ad08a1743
20210409 013620.724 INFO             PET0 ESMF library build date/time: "Apr  9 2021" "01:09:29"
20210409 013620.724 INFO             PET0 ESMF library build location : /gpfsm/dnb04/projects/p98/mpotts/esmf/intel_2020_intelmpi_O
20210409 013620.724 INFO             PET0 ESMF_COMM                   : intelmpi
20210409 013620.725 INFO             PET0 ESMF_MOAB                   : enabled
20210409 013620.725 INFO             PET0 ESMF_LAPACK                 : enabled
20210409 013620.725 INFO             PET0 ESMF_NETCDF                 : enabled
20210409 013620.725 INFO             PET0 ESMF_PNETCDF                : disabled
20210409 013620.725 INFO             PET0 ESMF_PIO                    : enabled
20210409 013620.725 INFO             PET0 ESMF_YAMLCPP                : enabled
20210409 013620.742 INFO             PET0  NUMBER_OF_PROCESSORS           4
20210409 013620.742 INFO             PET0  PASS  Example ESMF_VMUserMpiCommMultiEx, ESMF_VMUserMpiCommMultiEx.F90, line 154
20210409 013620.742 INFO             PET0 Finalizing ESMF
20210409 013620.739 INFO             PET1 !!!!!!!!!!!!!!!!!!!!!!!!!!!!!!!!!!!!!!!!!!!!!!!!!!!!!!
20210409 013620.740 INFO             PET1 !!! THE ESMF_LOG IS SET TO OUTPUT ALL LOG MESSAGES !!!
20210409 013620.740 INFO             PET1 !!!     THIS MAY CAUSE SLOWDOWN IN PERFORMANCE     !!!
20210409 013620.740 INFO             PET1 !!! FOR PRODUCTION RUNS, USE:                      !!!
20210409 013620.740 INFO             PET1 !!!                   ESMF_LOGKIND_Multi_On_Error  !!!
20210409 013620.740 INFO             PET1 !!!!!!!!!!!!!!!!!!!!!!!!!!!!!!!!!!!!!!!!!!!!!!!!!!!!!!
20210409 013620.740 INFO             PET1 Running with ESMF Version   : ESMF_8_2_0_beta_snapshot_04-5-g9ad08a1743
20210409 013620.740 INFO             PET1 ESMF library build date/time: "Apr  9 2021" "01:09:29"
20210409 013620.740 INFO             PET1 ESMF library build location : /gpfsm/dnb04/projects/p98/mpotts/esmf/intel_2020_intelmpi_O
20210409 013620.740 INFO             PET1 ESMF_COMM                   : intelmpi
20210409 013620.750 INFO             PET1 ESMF_MOAB                   : enabled
20210409 013620.750 INFO             PET1 ESMF_LAPACK                 : enabled
20210409 013620.750 INFO             PET1 ESMF_NETCDF                 : enabled
20210409 013620.750 INFO             PET1 ESMF_PNETCDF                : disabled
20210409 013620.750 INFO             PET1 ESMF_PIO                    : enabled
20210409 013620.750 INFO             PET1 ESMF_YAMLCPP                : enabled
20210409 013620.762 INFO             PET1  NUMBER_OF_PROCESSORS           4
20210409 013620.762 INFO             PET1  PASS  Example ESMF_VMUserMpiCommMultiEx, ESMF_VMUserMpiCommMultiEx.F90, line 126
20210409 013620.762 INFO             PET1 Finalizing ESMF
20210409 013620.732 INFO             PET1 !!!!!!!!!!!!!!!!!!!!!!!!!!!!!!!!!!!!!!!!!!!!!!!!!!!!!!
20210409 013620.732 INFO             PET1 !!! THE ESMF_LOG IS SET TO OUTPUT ALL LOG MESSAGES !!!
20210409 013620.732 INFO             PET1 !!!     THIS MAY CAUSE SLOWDOWN IN PERFORMANCE     !!!
20210409 013620.732 INFO             PET1 !!! FOR PRODUCTION RUNS, USE:                      !!!
20210409 013620.732 INFO             PET1 !!!                   ESMF_LOGKIND_Multi_On_Error  !!!
20210409 013620.732 INFO             PET1 !!!!!!!!!!!!!!!!!!!!!!!!!!!!!!!!!!!!!!!!!!!!!!!!!!!!!!
20210409 013620.732 INFO             PET1 Running with ESMF Version   : ESMF_8_2_0_beta_snapshot_04-5-g9ad08a1743
20210409 013620.732 INFO             PET1 ESMF library build date/time: "Apr  9 2021" "01:09:29"
20210409 013620.732 INFO             PET1 ESMF library build location : /gpfsm/dnb04/projects/p98/mpotts/esmf/intel_2020_intelmpi_O
20210409 013620.732 INFO             PET1 ESMF_COMM                   : intelmpi
20210409 013620.732 INFO             PET1 ESMF_MOAB                   : enabled
20210409 013620.732 INFO             PET1 ESMF_LAPACK                 : enabled
20210409 013620.732 INFO             PET1 ESMF_NETCDF                 : enabled
20210409 013620.732 INFO             PET1 ESMF_PNETCDF                : disabled
20210409 013620.732 INFO             PET1 ESMF_PIO                    : enabled
20210409 013620.732 INFO             PET1 ESMF_YAMLCPP                : enabled
20210409 013620.738 INFO             PET1  NUMBER_OF_PROCESSORS           4
20210409 013620.738 INFO             PET1  PASS  Example ESMF_VMUserMpiCommMultiEx, ESMF_VMUserMpiCommMultiEx.F90, line 154
20210409 013620.738 INFO             PET1 Finalizing ESMF
