20210403 014937.037 INFO             PET0 !!!!!!!!!!!!!!!!!!!!!!!!!!!!!!!!!!!!!!!!!!!!!!!!!!!!!!
20210403 014937.037 INFO             PET0 !!! THE ESMF_LOG IS SET TO OUTPUT ALL LOG MESSAGES !!!
20210403 014937.037 INFO             PET0 !!!     THIS MAY CAUSE SLOWDOWN IN PERFORMANCE     !!!
20210403 014937.037 INFO             PET0 !!! FOR PRODUCTION RUNS, USE:                      !!!
20210403 014937.037 INFO             PET0 !!!                   ESMF_LOGKIND_Multi_On_Error  !!!
20210403 014937.037 INFO             PET0 !!!!!!!!!!!!!!!!!!!!!!!!!!!!!!!!!!!!!!!!!!!!!!!!!!!!!!
20210403 014937.037 INFO             PET0 Running with ESMF Version   : ESMF_8_2_0_beta_snapshot_04-2-g0bc8ad813f
20210403 014937.037 INFO             PET0 ESMF library build date/time: "Apr  3 2021" "01:17:05"
20210403 014937.037 INFO             PET0 ESMF library build location : /gpfsm/dnb04/projects/p98/mpotts/esmf/intel_2020_intelmpi_O
20210403 014937.037 INFO             PET0 ESMF_COMM                   : intelmpi
20210403 014937.038 INFO             PET0 ESMF_MOAB                   : enabled
20210403 014937.038 INFO             PET0 ESMF_LAPACK                 : enabled
20210403 014937.038 INFO             PET0 ESMF_NETCDF                 : enabled
20210403 014937.038 INFO             PET0 ESMF_PNETCDF                : disabled
20210403 014937.038 INFO             PET0 ESMF_PIO                    : enabled
20210403 014937.038 INFO             PET0 ESMF_YAMLCPP                : enabled
20210403 014937.039 INFO             PET0 ESMF_FieldRedistStoreNF(): Just entered routine.
20210403 014937.040 INFO             PET0 ESMF_FieldRedistStoreNF(): Leaving routine.
20210403 014937.042 INFO             PET0 ESMF_FieldRedistStoreNF(): Just entered routine.
20210403 014937.042 INFO             PET0 ESMF_FieldRedistStoreNF(): Leaving routine.
20210403 014937.042 INFO             PET0 ESMF_FieldRedistStoreNF(): Just entered routine.
20210403 014937.043 INFO             PET0 ESMF_FieldRedistStoreNF(): Leaving routine.
20210403 014937.043 INFO             PET0  NUMBER_OF_PROCESSORS           4
20210403 014937.043 INFO             PET0  PASS  Example ESMF_FieldRedistEx, ESMF_FieldRedistEx.F90, line 521
20210403 014937.043 INFO             PET0 Finalizing ESMF
20210403 014937.037 INFO             PET1 !!!!!!!!!!!!!!!!!!!!!!!!!!!!!!!!!!!!!!!!!!!!!!!!!!!!!!
20210403 014937.037 INFO             PET1 !!! THE ESMF_LOG IS SET TO OUTPUT ALL LOG MESSAGES !!!
20210403 014937.037 INFO             PET1 !!!     THIS MAY CAUSE SLOWDOWN IN PERFORMANCE     !!!
20210403 014937.037 INFO             PET1 !!! FOR PRODUCTION RUNS, USE:                      !!!
20210403 014937.037 INFO             PET1 !!!                   ESMF_LOGKIND_Multi_On_Error  !!!
20210403 014937.037 INFO             PET1 !!!!!!!!!!!!!!!!!!!!!!!!!!!!!!!!!!!!!!!!!!!!!!!!!!!!!!
20210403 014937.037 INFO             PET1 Running with ESMF Version   : ESMF_8_2_0_beta_snapshot_04-2-g0bc8ad813f
20210403 014937.037 INFO             PET1 ESMF library build date/time: "Apr  3 2021" "01:17:05"
20210403 014937.037 INFO             PET1 ESMF library build location : /gpfsm/dnb04/projects/p98/mpotts/esmf/intel_2020_intelmpi_O
20210403 014937.037 INFO             PET1 ESMF_COMM                   : intelmpi
20210403 014937.038 INFO             PET1 ESMF_MOAB                   : enabled
20210403 014937.038 INFO             PET1 ESMF_LAPACK                 : enabled
20210403 014937.038 INFO             PET1 ESMF_NETCDF                 : enabled
20210403 014937.038 INFO             PET1 ESMF_PNETCDF                : disabled
20210403 014937.038 INFO             PET1 ESMF_PIO                    : enabled
20210403 014937.038 INFO             PET1 ESMF_YAMLCPP                : enabled
20210403 014937.039 INFO             PET1 ESMF_FieldRedistStoreNF(): Just entered routine.
20210403 014937.040 INFO             PET1 ESMF_FieldRedistStoreNF(): Leaving routine.
20210403 014937.042 INFO             PET1 ESMF_FieldRedistStoreNF(): Just entered routine.
20210403 014937.042 INFO             PET1 ESMF_FieldRedistStoreNF(): Leaving routine.
20210403 014937.042 INFO             PET1 ESMF_FieldRedistStoreNF(): Just entered routine.
20210403 014937.043 INFO             PET1 ESMF_FieldRedistStoreNF(): Leaving routine.
20210403 014937.043 INFO             PET1  NUMBER_OF_PROCESSORS           4
20210403 014937.043 INFO             PET1  PASS  Example ESMF_FieldRedistEx, ESMF_FieldRedistEx.F90, line 521
20210403 014937.043 INFO             PET1 Finalizing ESMF
20210403 014937.037 INFO             PET2 !!!!!!!!!!!!!!!!!!!!!!!!!!!!!!!!!!!!!!!!!!!!!!!!!!!!!!
20210403 014937.037 INFO             PET2 !!! THE ESMF_LOG IS SET TO OUTPUT ALL LOG MESSAGES !!!
20210403 014937.037 INFO             PET2 !!!     THIS MAY CAUSE SLOWDOWN IN PERFORMANCE     !!!
20210403 014937.037 INFO             PET2 !!! FOR PRODUCTION RUNS, USE:                      !!!
20210403 014937.037 INFO             PET2 !!!                   ESMF_LOGKIND_Multi_On_Error  !!!
20210403 014937.037 INFO             PET2 !!!!!!!!!!!!!!!!!!!!!!!!!!!!!!!!!!!!!!!!!!!!!!!!!!!!!!
20210403 014937.037 INFO             PET2 Running with ESMF Version   : ESMF_8_2_0_beta_snapshot_04-2-g0bc8ad813f
20210403 014937.037 INFO             PET2 ESMF library build date/time: "Apr  3 2021" "01:17:05"
20210403 014937.037 INFO             PET2 ESMF library build location : /gpfsm/dnb04/projects/p98/mpotts/esmf/intel_2020_intelmpi_O
20210403 014937.037 INFO             PET2 ESMF_COMM                   : intelmpi
20210403 014937.038 INFO             PET2 ESMF_MOAB                   : enabled
20210403 014937.038 INFO             PET2 ESMF_LAPACK                 : enabled
20210403 014937.038 INFO             PET2 ESMF_NETCDF                 : enabled
20210403 014937.038 INFO             PET2 ESMF_PNETCDF                : disabled
20210403 014937.038 INFO             PET2 ESMF_PIO                    : enabled
20210403 014937.038 INFO             PET2 ESMF_YAMLCPP                : enabled
20210403 014937.039 INFO             PET2 ESMF_FieldRedistStoreNF(): Just entered routine.
20210403 014937.040 INFO             PET2 ESMF_FieldRedistStoreNF(): Leaving routine.
20210403 014937.042 INFO             PET2 ESMF_FieldRedistStoreNF(): Just entered routine.
20210403 014937.042 INFO             PET2 ESMF_FieldRedistStoreNF(): Leaving routine.
20210403 014937.042 INFO             PET2 ESMF_FieldRedistStoreNF(): Just entered routine.
20210403 014937.043 INFO             PET2 ESMF_FieldRedistStoreNF(): Leaving routine.
20210403 014937.043 INFO             PET2  NUMBER_OF_PROCESSORS           4
20210403 014937.043 INFO             PET2  PASS  Example ESMF_FieldRedistEx, ESMF_FieldRedistEx.F90, line 521
20210403 014937.043 INFO             PET2 Finalizing ESMF
20210403 014937.037 INFO             PET3 !!!!!!!!!!!!!!!!!!!!!!!!!!!!!!!!!!!!!!!!!!!!!!!!!!!!!!
20210403 014937.037 INFO             PET3 !!! THE ESMF_LOG IS SET TO OUTPUT ALL LOG MESSAGES !!!
20210403 014937.037 INFO             PET3 !!!     THIS MAY CAUSE SLOWDOWN IN PERFORMANCE     !!!
20210403 014937.037 INFO             PET3 !!! FOR PRODUCTION RUNS, USE:                      !!!
20210403 014937.037 INFO             PET3 !!!                   ESMF_LOGKIND_Multi_On_Error  !!!
20210403 014937.037 INFO             PET3 !!!!!!!!!!!!!!!!!!!!!!!!!!!!!!!!!!!!!!!!!!!!!!!!!!!!!!
20210403 014937.037 INFO             PET3 Running with ESMF Version   : ESMF_8_2_0_beta_snapshot_04-2-g0bc8ad813f
20210403 014937.037 INFO             PET3 ESMF library build date/time: "Apr  3 2021" "01:17:05"
20210403 014937.037 INFO             PET3 ESMF library build location : /gpfsm/dnb04/projects/p98/mpotts/esmf/intel_2020_intelmpi_O
20210403 014937.037 INFO             PET3 ESMF_COMM                   : intelmpi
20210403 014937.038 INFO             PET3 ESMF_MOAB                   : enabled
20210403 014937.038 INFO             PET3 ESMF_LAPACK                 : enabled
20210403 014937.038 INFO             PET3 ESMF_NETCDF                 : enabled
20210403 014937.038 INFO             PET3 ESMF_PNETCDF                : disabled
20210403 014937.038 INFO             PET3 ESMF_PIO                    : enabled
20210403 014937.038 INFO             PET3 ESMF_YAMLCPP                : enabled
20210403 014937.039 INFO             PET3 ESMF_FieldRedistStoreNF(): Just entered routine.
20210403 014937.040 INFO             PET3 ESMF_FieldRedistStoreNF(): Leaving routine.
20210403 014937.042 INFO             PET3 ESMF_FieldRedistStoreNF(): Just entered routine.
20210403 014937.042 INFO             PET3 ESMF_FieldRedistStoreNF(): Leaving routine.
20210403 014937.042 INFO             PET3 ESMF_FieldRedistStoreNF(): Just entered routine.
20210403 014937.043 INFO             PET3 ESMF_FieldRedistStoreNF(): Leaving routine.
20210403 014937.043 INFO             PET3  NUMBER_OF_PROCESSORS           4
20210403 014937.043 INFO             PET3  PASS  Example ESMF_FieldRedistEx, ESMF_FieldRedistEx.F90, line 521
20210403 014937.043 INFO             PET3 Finalizing ESMF
