20210331 070733.864 INFO             PET0 !!!!!!!!!!!!!!!!!!!!!!!!!!!!!!!!!!!!!!!!!!!!!!!!!!!!!!
20210331 070733.864 INFO             PET0 !!! THE ESMF_LOG IS SET TO OUTPUT ALL LOG MESSAGES !!!
20210331 070733.864 INFO             PET0 !!!     THIS MAY CAUSE SLOWDOWN IN PERFORMANCE     !!!
20210331 070733.864 INFO             PET0 !!! FOR PRODUCTION RUNS, USE:                      !!!
20210331 070733.864 INFO             PET0 !!!                   ESMF_LOGKIND_Multi_On_Error  !!!
20210331 070733.864 INFO             PET0 !!!!!!!!!!!!!!!!!!!!!!!!!!!!!!!!!!!!!!!!!!!!!!!!!!!!!!
20210331 070733.864 INFO             PET0 Running with ESMF Version   : ESMF_8_2_0_beta_snapshot_04
20210331 070733.864 INFO             PET0 ESMF library build date/time: "Mar 31 2021" "06:43:35"
20210331 070733.864 INFO             PET0 ESMF library build location : /p/work1/mpotts/gfortran_9.2.0_openmpi_g
20210331 070733.864 INFO             PET0 ESMF_COMM                   : openmpi
20210331 070733.865 INFO             PET0 ESMF_MOAB                   : enabled
20210331 070733.865 INFO             PET0 ESMF_LAPACK                 : enabled
20210331 070733.865 INFO             PET0 ESMF_NETCDF                 : disabled
20210331 070733.865 INFO             PET0 ESMF_PNETCDF                : disabled
20210331 070733.865 INFO             PET0 ESMF_PIO                    : enabled
20210331 070733.865 INFO             PET0 ESMF_YAMLCPP                : enabled
20210331 070733.870 INFO             PET0 ESMF_FieldRedistStoreNF(): Just entered routine.
20210331 070734.057 INFO             PET0 ESMF_FieldRedistStoreNF(): Leaving routine.
20210331 070734.065 INFO             PET0  NUMBER_OF_PROCESSORS           4
20210331 070734.065 INFO             PET0  PASS  Example ESMF_RHandleFromFileEx, ESMF_RHandleFromFileEx.F90, line 192
20210331 070734.065 INFO             PET0 Finalizing ESMF
20210331 070733.864 INFO             PET1 !!!!!!!!!!!!!!!!!!!!!!!!!!!!!!!!!!!!!!!!!!!!!!!!!!!!!!
20210331 070733.865 INFO             PET1 !!! THE ESMF_LOG IS SET TO OUTPUT ALL LOG MESSAGES !!!
20210331 070733.865 INFO             PET1 !!!     THIS MAY CAUSE SLOWDOWN IN PERFORMANCE     !!!
20210331 070733.865 INFO             PET1 !!! FOR PRODUCTION RUNS, USE:                      !!!
20210331 070733.865 INFO             PET1 !!!                   ESMF_LOGKIND_Multi_On_Error  !!!
20210331 070733.865 INFO             PET1 !!!!!!!!!!!!!!!!!!!!!!!!!!!!!!!!!!!!!!!!!!!!!!!!!!!!!!
20210331 070733.865 INFO             PET1 Running with ESMF Version   : ESMF_8_2_0_beta_snapshot_04
20210331 070733.865 INFO             PET1 ESMF library build date/time: "Mar 31 2021" "06:43:35"
20210331 070733.865 INFO             PET1 ESMF library build location : /p/work1/mpotts/gfortran_9.2.0_openmpi_g
20210331 070733.865 INFO             PET1 ESMF_COMM                   : openmpi
20210331 070733.865 INFO             PET1 ESMF_MOAB                   : enabled
20210331 070733.865 INFO             PET1 ESMF_LAPACK                 : enabled
20210331 070733.865 INFO             PET1 ESMF_NETCDF                 : disabled
20210331 070733.865 INFO             PET1 ESMF_PNETCDF                : disabled
20210331 070733.865 INFO             PET1 ESMF_PIO                    : enabled
20210331 070733.865 INFO             PET1 ESMF_YAMLCPP                : enabled
20210331 070733.869 INFO             PET1 ESMF_FieldRedistStoreNF(): Just entered routine.
20210331 070734.057 INFO             PET1 ESMF_FieldRedistStoreNF(): Leaving routine.
20210331 070734.065 INFO             PET1  NUMBER_OF_PROCESSORS           4
20210331 070734.065 INFO             PET1  PASS  Example ESMF_RHandleFromFileEx, ESMF_RHandleFromFileEx.F90, line 192
20210331 070734.065 INFO             PET1 Finalizing ESMF
20210331 070733.865 INFO             PET2 !!!!!!!!!!!!!!!!!!!!!!!!!!!!!!!!!!!!!!!!!!!!!!!!!!!!!!
20210331 070733.865 INFO             PET2 !!! THE ESMF_LOG IS SET TO OUTPUT ALL LOG MESSAGES !!!
20210331 070733.865 INFO             PET2 !!!     THIS MAY CAUSE SLOWDOWN IN PERFORMANCE     !!!
20210331 070733.865 INFO             PET2 !!! FOR PRODUCTION RUNS, USE:                      !!!
20210331 070733.865 INFO             PET2 !!!                   ESMF_LOGKIND_Multi_On_Error  !!!
20210331 070733.865 INFO             PET2 !!!!!!!!!!!!!!!!!!!!!!!!!!!!!!!!!!!!!!!!!!!!!!!!!!!!!!
20210331 070733.865 INFO             PET2 Running with ESMF Version   : ESMF_8_2_0_beta_snapshot_04
20210331 070733.865 INFO             PET2 ESMF library build date/time: "Mar 31 2021" "06:43:35"
20210331 070733.865 INFO             PET2 ESMF library build location : /p/work1/mpotts/gfortran_9.2.0_openmpi_g
20210331 070733.865 INFO             PET2 ESMF_COMM                   : openmpi
20210331 070733.865 INFO             PET2 ESMF_MOAB                   : enabled
20210331 070733.865 INFO             PET2 ESMF_LAPACK                 : enabled
20210331 070733.865 INFO             PET2 ESMF_NETCDF                 : disabled
20210331 070733.865 INFO             PET2 ESMF_PNETCDF                : disabled
20210331 070733.865 INFO             PET2 ESMF_PIO                    : enabled
20210331 070733.865 INFO             PET2 ESMF_YAMLCPP                : enabled
20210331 070733.869 INFO             PET2 ESMF_FieldRedistStoreNF(): Just entered routine.
20210331 070734.057 INFO             PET2 ESMF_FieldRedistStoreNF(): Leaving routine.
20210331 070734.065 INFO             PET2  NUMBER_OF_PROCESSORS           4
20210331 070734.065 INFO             PET2  PASS  Example ESMF_RHandleFromFileEx, ESMF_RHandleFromFileEx.F90, line 192
20210331 070734.065 INFO             PET2 Finalizing ESMF
20210331 070733.864 INFO             PET3 !!!!!!!!!!!!!!!!!!!!!!!!!!!!!!!!!!!!!!!!!!!!!!!!!!!!!!
20210331 070733.864 INFO             PET3 !!! THE ESMF_LOG IS SET TO OUTPUT ALL LOG MESSAGES !!!
20210331 070733.864 INFO             PET3 !!!     THIS MAY CAUSE SLOWDOWN IN PERFORMANCE     !!!
20210331 070733.864 INFO             PET3 !!! FOR PRODUCTION RUNS, USE:                      !!!
20210331 070733.864 INFO             PET3 !!!                   ESMF_LOGKIND_Multi_On_Error  !!!
20210331 070733.864 INFO             PET3 !!!!!!!!!!!!!!!!!!!!!!!!!!!!!!!!!!!!!!!!!!!!!!!!!!!!!!
20210331 070733.864 INFO             PET3 Running with ESMF Version   : ESMF_8_2_0_beta_snapshot_04
20210331 070733.864 INFO             PET3 ESMF library build date/time: "Mar 31 2021" "06:43:35"
20210331 070733.864 INFO             PET3 ESMF library build location : /p/work1/mpotts/gfortran_9.2.0_openmpi_g
20210331 070733.864 INFO             PET3 ESMF_COMM                   : openmpi
20210331 070733.865 INFO             PET3 ESMF_MOAB                   : enabled
20210331 070733.865 INFO             PET3 ESMF_LAPACK                 : enabled
20210331 070733.865 INFO             PET3 ESMF_NETCDF                 : disabled
20210331 070733.865 INFO             PET3 ESMF_PNETCDF                : disabled
20210331 070733.865 INFO             PET3 ESMF_PIO                    : enabled
20210331 070733.865 INFO             PET3 ESMF_YAMLCPP                : enabled
20210331 070733.870 INFO             PET3 ESMF_FieldRedistStoreNF(): Just entered routine.
20210331 070734.057 INFO             PET3 ESMF_FieldRedistStoreNF(): Leaving routine.
20210331 070734.065 INFO             PET3  NUMBER_OF_PROCESSORS           4
20210331 070734.065 INFO             PET3  PASS  Example ESMF_RHandleFromFileEx, ESMF_RHandleFromFileEx.F90, line 192
20210331 070734.065 INFO             PET3 Finalizing ESMF
