build time -- 2021-04-21 06:09:05
--------------------------------------------------------------------------
WARNING: Open MPI will create a shared memory backing file in a
directory that appears to be mounted on a network filesystem.
Creating the shared memory backup file on a network file system, such
as NFS or Lustre is not recommended -- it may cause excessive network
traffic to your file servers and/or cause shared memory traffic in
Open MPI to be much slower than expected.

You may want to check what the typical temporary directory is on your
node.  Possible sources of the location of this temporary directory
include the $TEMPDIR, $TEMP, and $TMP environment variables.

Note, too, that system administrators can set a list of filesystems
where Open MPI is disallowed from creating temporary files by setting
the MCA parameter "orte_no_session_dir".

  Local host: r3i1n8
  Filename:   /p/work1/tmp/mpotts/openmpi-sessions-10547@r3i1n8_0/19699/1/2/vader_segment.r3i1n8.2

You can set the MCA paramter shmem_mmap_enable_nfs_warning to 0 to
disable this message.
--------------------------------------------------------------------------
 localPET=           2  localDE=           0 : array(           1 ,           1 )=   0.0000000000000000     
 localPET=           2  localDE=           0 : array(           1 ,           2 )=   4.2439915829186759E-314
 localPET=           2  localDE=           0 : array(           2 ,           1 )=   4.2439915829186759E-314
 localPET=           0  localDE=           0 : array(           1 ,           1 )=   0.0000000000000000     
 localPET=           0  localDE=           0 : array(           1 ,           2 )=   4.2439915829186759E-314
 localPET=           0  localDE=           0 : array(           2 ,           1 )=   4.2439915829186759E-314
 localPET=           0  localDE=           0 : array(           2 ,           2 )=   2.1219957924474693E-314
 localPET=           1  localDE=           0 : array(           1 ,           1 )=   4.3597933599098287E-317
 localPET=           1  localDE=           0 : array(           1 ,           2 )=   1.0609978956308559E-313
 localPET=           1  localDE=           0 : array(           2 ,           1 )=   2.1219957914593380E-314
 localPET=           1  localDE=           0 : array(           2 ,           2 )=   1.0609978957296690E-313
 localPET=           1  localDE=           1 : array(           1 ,           1 )=   4.3614613255301888E-317
 localPET=           1  localDE=           1 : array(           2 ,           1 )=   2.3177898152655375E-310
 localPET=           3  localDE=           0 : array(           1 ,           1 )=   4.3540226731664029E-317
 localPET=           3  localDE=           0 : array(           1 ,           2 )=   6.0134700169990685E-154
 localPET=           3  localDE=           0 : array(           2 ,           1 )=   2.3177898152663280E-310
 localPET=           3  localDE=           0 : array(           2 ,           2 )=   6.1091634754708511E+223
 localPET=           2  localDE=           0 : array(           2 ,           2 )=   2.1219957924474693E-314
 localPET=           2  localDE=           0 : array(           3 ,           1 )=   4.2439915834127416E-314
 localPET=           2  localDE=           0 : array(           3 ,           2 )=   2.1219957919534036E-314
 localPET=           0  localDE=           0 : array(           3 ,           1 )=   4.2439915834127416E-314
 localPET=           0  localDE=           0 : array(           3 ,           2 )=   2.1219957919534036E-314
 localPET=           0  localDE=           1 : array(           1 ,           1 )=   4.3524969984520452E-317
 localPET=           0  localDE=           1 : array(           2 ,           1 )=   0.0000000000000000     
 localPET=           0  localDE=           1 : array(           3 ,           1 )=   0.0000000000000000     
 localPet:            3 DE            3  [           1           2 ]
 localPet:            2 DE            2  [           1           3 ]
 localPet:            1 DE            1  [           1           2 ]
 localPet:            1 DE            5  [           1           2 ]
 localPet:            0 DE            0  [           1           3 ]
 localPet:            0 DE            4  [           1           3 ]
  PASS  Example ESMF_ArrayEx, ESMF_ArrayEx.F90, line 1899
 PASS: ESMF_ArrayEx.F90
  PASS  Example ESMF_ArrayEx, ESMF_ArrayEx.F90, line 1899
 PASS: ESMF_ArrayEx.F90
  PASS  Example ESMF_ArrayEx, ESMF_ArrayEx.F90, line 1899
 PASS: ESMF_ArrayEx.F90
  PASS  Example ESMF_ArrayEx, ESMF_ArrayEx.F90, line 1899
 PASS: ESMF_ArrayEx.F90
[r3i1n8:193114] 5 more processes have sent help message help-opal-shmem-mmap.txt / mmap on nfs
[r3i1n8:193114] Set MCA parameter "orte_base_help_aggregate" to 0 to see all help / error messages
