20210411 051041.259 INFO             PET0 !!!!!!!!!!!!!!!!!!!!!!!!!!!!!!!!!!!!!!!!!!!!!!!!!!!!!!
20210411 051041.260 INFO             PET0 !!! THE ESMF_LOG IS SET TO OUTPUT ALL LOG MESSAGES !!!
20210411 051041.260 INFO             PET0 !!!     THIS MAY CAUSE SLOWDOWN IN PERFORMANCE     !!!
20210411 051041.260 INFO             PET0 !!! FOR PRODUCTION RUNS, USE:                      !!!
20210411 051041.260 INFO             PET0 !!!                   ESMF_LOGKIND_Multi_On_Error  !!!
20210411 051041.260 INFO             PET0 !!!!!!!!!!!!!!!!!!!!!!!!!!!!!!!!!!!!!!!!!!!!!!!!!!!!!!
20210411 051041.260 INFO             PET0 Running with ESMF Version   : ESMF_8_2_0_beta_snapshot_04-7-g3098c96bb1
20210411 051041.261 INFO             PET0 ESMF library build date/time: "Apr 11 2021" "03:53:54"
20210411 051041.261 INFO             PET0 ESMF library build location : /p/work/mpotts/intel_2017.5_mpi_O
20210411 051041.261 INFO             PET0 ESMF_COMM                   : mpi
20210411 051041.263 INFO             PET0 ESMF_MOAB                   : enabled
20210411 051041.263 INFO             PET0 ESMF_LAPACK                 : enabled
20210411 051041.263 INFO             PET0 ESMF_NETCDF                 : enabled
20210411 051041.263 INFO             PET0 ESMF_PNETCDF                : disabled
20210411 051041.263 INFO             PET0 ESMF_PIO                    : enabled
20210411 051041.263 INFO             PET0 ESMF_YAMLCPP                : enabled
20210411 051041.265 INFO             PET0 ESMF Tracing Enabled
20210411 051041.265 INFO             PET0 ESMF Profiling Enabled
20210411 051041.265 INFO             PET0 ESMF Trace/Profile clock: REALTIME
20210411 051041.307 INFO             PET0  NUMBER_OF_PROCESSORS           4
20210411 051041.307 INFO             PET0  PASS  Example ESMF_TraceEx, ESMF_TraceEx.F90, line 178
20210411 051041.307 INFO             PET0 Finalizing ESMF
20210411 051041.307 INFO             PET0 **************** Region Timings *******************
20210411 051041.307 INFO             PET0 Region              Count  Total (s)   Self (s)    Mean (s)    Min (s)     Max (s)
20210411 051041.307 INFO             PET0   [test] Run 1      5      0.0000      0.0000      0.0000      0.0000      0.0000
20210411 051041.307 INFO             PET0   [test] Final 1    1      0.0000      0.0000      0.0000      0.0000      0.0000
20210411 051041.308 INFO             PET0   [test] Init 1     1      0.0000      0.0000      0.0000      0.0000      0.0000
20210411 051041.259 INFO             PET1 !!!!!!!!!!!!!!!!!!!!!!!!!!!!!!!!!!!!!!!!!!!!!!!!!!!!!!
20210411 051041.260 INFO             PET1 !!! THE ESMF_LOG IS SET TO OUTPUT ALL LOG MESSAGES !!!
20210411 051041.260 INFO             PET1 !!!     THIS MAY CAUSE SLOWDOWN IN PERFORMANCE     !!!
20210411 051041.260 INFO             PET1 !!! FOR PRODUCTION RUNS, USE:                      !!!
20210411 051041.260 INFO             PET1 !!!                   ESMF_LOGKIND_Multi_On_Error  !!!
20210411 051041.260 INFO             PET1 !!!!!!!!!!!!!!!!!!!!!!!!!!!!!!!!!!!!!!!!!!!!!!!!!!!!!!
20210411 051041.260 INFO             PET1 Running with ESMF Version   : ESMF_8_2_0_beta_snapshot_04-7-g3098c96bb1
20210411 051041.261 INFO             PET1 ESMF library build date/time: "Apr 11 2021" "03:53:54"
20210411 051041.261 INFO             PET1 ESMF library build location : /p/work/mpotts/intel_2017.5_mpi_O
20210411 051041.261 INFO             PET1 ESMF_COMM                   : mpi
20210411 051041.263 INFO             PET1 ESMF_MOAB                   : enabled
20210411 051041.263 INFO             PET1 ESMF_LAPACK                 : enabled
20210411 051041.263 INFO             PET1 ESMF_NETCDF                 : enabled
20210411 051041.263 INFO             PET1 ESMF_PNETCDF                : disabled
20210411 051041.263 INFO             PET1 ESMF_PIO                    : enabled
20210411 051041.263 INFO             PET1 ESMF_YAMLCPP                : enabled
20210411 051041.265 INFO             PET1 ESMF Tracing Enabled
20210411 051041.265 INFO             PET1 ESMF Profiling Enabled
20210411 051041.265 INFO             PET1 ESMF Trace/Profile clock: REALTIME
20210411 051041.307 INFO             PET1  NUMBER_OF_PROCESSORS           4
20210411 051041.307 INFO             PET1  PASS  Example ESMF_TraceEx, ESMF_TraceEx.F90, line 178
20210411 051041.307 INFO             PET1 Finalizing ESMF
20210411 051041.307 INFO             PET1 **************** Region Timings *******************
20210411 051041.307 INFO             PET1 Region              Count  Total (s)   Self (s)    Mean (s)    Min (s)     Max (s)
20210411 051041.307 INFO             PET1   [test] Init 1     1      0.0001      0.0001      0.0001      0.0001      0.0001
20210411 051041.308 INFO             PET1   [test] Run 1      5      0.0001      0.0001      0.0000      0.0000      0.0000
20210411 051041.308 INFO             PET1   [test] Final 1    1      0.0000      0.0000      0.0000      0.0000      0.0000
20210411 051041.259 INFO             PET2 !!!!!!!!!!!!!!!!!!!!!!!!!!!!!!!!!!!!!!!!!!!!!!!!!!!!!!
20210411 051041.260 INFO             PET2 !!! THE ESMF_LOG IS SET TO OUTPUT ALL LOG MESSAGES !!!
20210411 051041.260 INFO             PET2 !!!     THIS MAY CAUSE SLOWDOWN IN PERFORMANCE     !!!
20210411 051041.260 INFO             PET2 !!! FOR PRODUCTION RUNS, USE:                      !!!
20210411 051041.260 INFO             PET2 !!!                   ESMF_LOGKIND_Multi_On_Error  !!!
20210411 051041.260 INFO             PET2 !!!!!!!!!!!!!!!!!!!!!!!!!!!!!!!!!!!!!!!!!!!!!!!!!!!!!!
20210411 051041.260 INFO             PET2 Running with ESMF Version   : ESMF_8_2_0_beta_snapshot_04-7-g3098c96bb1
20210411 051041.261 INFO             PET2 ESMF library build date/time: "Apr 11 2021" "03:53:54"
20210411 051041.261 INFO             PET2 ESMF library build location : /p/work/mpotts/intel_2017.5_mpi_O
20210411 051041.261 INFO             PET2 ESMF_COMM                   : mpi
20210411 051041.263 INFO             PET2 ESMF_MOAB                   : enabled
20210411 051041.263 INFO             PET2 ESMF_LAPACK                 : enabled
20210411 051041.263 INFO             PET2 ESMF_NETCDF                 : enabled
20210411 051041.263 INFO             PET2 ESMF_PNETCDF                : disabled
20210411 051041.263 INFO             PET2 ESMF_PIO                    : enabled
20210411 051041.263 INFO             PET2 ESMF_YAMLCPP                : enabled
20210411 051041.265 INFO             PET2 ESMF Tracing Enabled
20210411 051041.265 INFO             PET2 ESMF Profiling Enabled
20210411 051041.265 INFO             PET2 ESMF Trace/Profile clock: REALTIME
20210411 051041.307 INFO             PET2  NUMBER_OF_PROCESSORS           4
20210411 051041.307 INFO             PET2  PASS  Example ESMF_TraceEx, ESMF_TraceEx.F90, line 178
20210411 051041.307 INFO             PET2 Finalizing ESMF
20210411 051041.307 INFO             PET2 **************** Region Timings *******************
20210411 051041.307 INFO             PET2 Region              Count  Total (s)   Self (s)    Mean (s)    Min (s)     Max (s)
20210411 051041.307 INFO             PET2   [test] Init 1     1      0.0001      0.0001      0.0001      0.0001      0.0001
20210411 051041.308 INFO             PET2   [test] Run 1      5      0.0000      0.0000      0.0000      0.0000      0.0000
20210411 051041.308 INFO             PET2   [test] Final 1    1      0.0000      0.0000      0.0000      0.0000      0.0000
20210411 051041.259 INFO             PET3 !!!!!!!!!!!!!!!!!!!!!!!!!!!!!!!!!!!!!!!!!!!!!!!!!!!!!!
20210411 051041.260 INFO             PET3 !!! THE ESMF_LOG IS SET TO OUTPUT ALL LOG MESSAGES !!!
20210411 051041.260 INFO             PET3 !!!     THIS MAY CAUSE SLOWDOWN IN PERFORMANCE     !!!
20210411 051041.260 INFO             PET3 !!! FOR PRODUCTION RUNS, USE:                      !!!
20210411 051041.260 INFO             PET3 !!!                   ESMF_LOGKIND_Multi_On_Error  !!!
20210411 051041.260 INFO             PET3 !!!!!!!!!!!!!!!!!!!!!!!!!!!!!!!!!!!!!!!!!!!!!!!!!!!!!!
20210411 051041.260 INFO             PET3 Running with ESMF Version   : ESMF_8_2_0_beta_snapshot_04-7-g3098c96bb1
20210411 051041.261 INFO             PET3 ESMF library build date/time: "Apr 11 2021" "03:53:54"
20210411 051041.261 INFO             PET3 ESMF library build location : /p/work/mpotts/intel_2017.5_mpi_O
20210411 051041.261 INFO             PET3 ESMF_COMM                   : mpi
20210411 051041.263 INFO             PET3 ESMF_MOAB                   : enabled
20210411 051041.263 INFO             PET3 ESMF_LAPACK                 : enabled
20210411 051041.263 INFO             PET3 ESMF_NETCDF                 : enabled
20210411 051041.263 INFO             PET3 ESMF_PNETCDF                : disabled
20210411 051041.263 INFO             PET3 ESMF_PIO                    : enabled
20210411 051041.263 INFO             PET3 ESMF_YAMLCPP                : enabled
20210411 051041.265 INFO             PET3 ESMF Tracing Enabled
20210411 051041.265 INFO             PET3 ESMF Profiling Enabled
20210411 051041.265 INFO             PET3 ESMF Trace/Profile clock: REALTIME
20210411 051041.307 INFO             PET3  NUMBER_OF_PROCESSORS           4
20210411 051041.307 INFO             PET3  PASS  Example ESMF_TraceEx, ESMF_TraceEx.F90, line 178
20210411 051041.307 INFO             PET3 Finalizing ESMF
20210411 051041.307 INFO             PET3 **************** Region Timings *******************
20210411 051041.307 INFO             PET3 Region              Count  Total (s)   Self (s)    Mean (s)    Min (s)     Max (s)
20210411 051041.307 INFO             PET3   [test] Init 1     1      0.0001      0.0001      0.0001      0.0001      0.0001
20210411 051041.307 INFO             PET3   [test] Run 1      5      0.0000      0.0000      0.0000      0.0000      0.0000
20210411 051041.308 INFO             PET3   [test] Final 1    1      0.0000      0.0000      0.0000      0.0000      0.0000
