20210409 181551.206 INFO             PET0 !!!!!!!!!!!!!!!!!!!!!!!!!!!!!!!!!!!!!!!!!!!!!!!!!!!!!!
20210409 181551.206 INFO             PET0 !!! THE ESMF_LOG IS SET TO OUTPUT ALL LOG MESSAGES !!!
20210409 181551.206 INFO             PET0 !!!     THIS MAY CAUSE SLOWDOWN IN PERFORMANCE     !!!
20210409 181551.206 INFO             PET0 !!! FOR PRODUCTION RUNS, USE:                      !!!
20210409 181551.206 INFO             PET0 !!!                   ESMF_LOGKIND_Multi_On_Error  !!!
20210409 181551.206 INFO             PET0 !!!!!!!!!!!!!!!!!!!!!!!!!!!!!!!!!!!!!!!!!!!!!!!!!!!!!!
20210409 181551.206 INFO             PET0 Running with ESMF Version   : ESMF_8_2_0_beta_snapshot_04-5-g9ad08a1743
20210409 181551.206 INFO             PET0 ESMF library build date/time: "Apr  9 2021" "16:59:58"
20210409 181551.206 INFO             PET0 ESMF library build location : /p/work/mpotts/intel_2017.5_mpi_O
20210409 181551.206 INFO             PET0 ESMF_COMM                   : mpi
20210409 181551.209 INFO             PET0 ESMF_MOAB                   : enabled
20210409 181551.209 INFO             PET0 ESMF_LAPACK                 : enabled
20210409 181551.209 INFO             PET0 ESMF_NETCDF                 : enabled
20210409 181551.209 INFO             PET0 ESMF_PNETCDF                : disabled
20210409 181551.209 INFO             PET0 ESMF_PIO                    : enabled
20210409 181551.209 INFO             PET0 ESMF_YAMLCPP                : enabled
20210409 181551.229 INFO             PET0  NUMBER_OF_PROCESSORS           4
20210409 181551.229 INFO             PET0  PASS  Example ESMF_VMUserMpiCommMultiEx, ESMF_VMUserMpiCommMultiEx.F90, line 126
20210409 181551.229 INFO             PET0 Finalizing ESMF
20210409 181551.205 INFO             PET0 !!!!!!!!!!!!!!!!!!!!!!!!!!!!!!!!!!!!!!!!!!!!!!!!!!!!!!
20210409 181551.206 INFO             PET0 !!! THE ESMF_LOG IS SET TO OUTPUT ALL LOG MESSAGES !!!
20210409 181551.206 INFO             PET0 !!!     THIS MAY CAUSE SLOWDOWN IN PERFORMANCE     !!!
20210409 181551.206 INFO             PET0 !!! FOR PRODUCTION RUNS, USE:                      !!!
20210409 181551.206 INFO             PET0 !!!                   ESMF_LOGKIND_Multi_On_Error  !!!
20210409 181551.206 INFO             PET0 !!!!!!!!!!!!!!!!!!!!!!!!!!!!!!!!!!!!!!!!!!!!!!!!!!!!!!
20210409 181551.206 INFO             PET0 Running with ESMF Version   : ESMF_8_2_0_beta_snapshot_04-5-g9ad08a1743
20210409 181551.207 INFO             PET0 ESMF library build date/time: "Apr  9 2021" "16:59:58"
20210409 181551.207 INFO             PET0 ESMF library build location : /p/work/mpotts/intel_2017.5_mpi_O
20210409 181551.207 INFO             PET0 ESMF_COMM                   : mpi
20210409 181551.209 INFO             PET0 ESMF_MOAB                   : enabled
20210409 181551.209 INFO             PET0 ESMF_LAPACK                 : enabled
20210409 181551.209 INFO             PET0 ESMF_NETCDF                 : enabled
20210409 181551.209 INFO             PET0 ESMF_PNETCDF                : disabled
20210409 181551.209 INFO             PET0 ESMF_PIO                    : enabled
20210409 181551.209 INFO             PET0 ESMF_YAMLCPP                : enabled
20210409 181551.229 INFO             PET0  NUMBER_OF_PROCESSORS           4
20210409 181551.229 INFO             PET0  PASS  Example ESMF_VMUserMpiCommMultiEx, ESMF_VMUserMpiCommMultiEx.F90, line 154
20210409 181551.229 INFO             PET0 Finalizing ESMF
20210409 181551.206 INFO             PET1 !!!!!!!!!!!!!!!!!!!!!!!!!!!!!!!!!!!!!!!!!!!!!!!!!!!!!!
20210409 181551.206 INFO             PET1 !!! THE ESMF_LOG IS SET TO OUTPUT ALL LOG MESSAGES !!!
20210409 181551.206 INFO             PET1 !!!     THIS MAY CAUSE SLOWDOWN IN PERFORMANCE     !!!
20210409 181551.206 INFO             PET1 !!! FOR PRODUCTION RUNS, USE:                      !!!
20210409 181551.206 INFO             PET1 !!!                   ESMF_LOGKIND_Multi_On_Error  !!!
20210409 181551.206 INFO             PET1 !!!!!!!!!!!!!!!!!!!!!!!!!!!!!!!!!!!!!!!!!!!!!!!!!!!!!!
20210409 181551.206 INFO             PET1 Running with ESMF Version   : ESMF_8_2_0_beta_snapshot_04-5-g9ad08a1743
20210409 181551.206 INFO             PET1 ESMF library build date/time: "Apr  9 2021" "16:59:58"
20210409 181551.206 INFO             PET1 ESMF library build location : /p/work/mpotts/intel_2017.5_mpi_O
20210409 181551.206 INFO             PET1 ESMF_COMM                   : mpi
20210409 181551.208 INFO             PET1 ESMF_MOAB                   : enabled
20210409 181551.208 INFO             PET1 ESMF_LAPACK                 : enabled
20210409 181551.208 INFO             PET1 ESMF_NETCDF                 : enabled
20210409 181551.208 INFO             PET1 ESMF_PNETCDF                : disabled
20210409 181551.208 INFO             PET1 ESMF_PIO                    : enabled
20210409 181551.208 INFO             PET1 ESMF_YAMLCPP                : enabled
20210409 181551.229 INFO             PET1  NUMBER_OF_PROCESSORS           4
20210409 181551.229 INFO             PET1  PASS  Example ESMF_VMUserMpiCommMultiEx, ESMF_VMUserMpiCommMultiEx.F90, line 126
20210409 181551.229 INFO             PET1 Finalizing ESMF
20210409 181551.205 INFO             PET1 !!!!!!!!!!!!!!!!!!!!!!!!!!!!!!!!!!!!!!!!!!!!!!!!!!!!!!
20210409 181551.206 INFO             PET1 !!! THE ESMF_LOG IS SET TO OUTPUT ALL LOG MESSAGES !!!
20210409 181551.206 INFO             PET1 !!!     THIS MAY CAUSE SLOWDOWN IN PERFORMANCE     !!!
20210409 181551.206 INFO             PET1 !!! FOR PRODUCTION RUNS, USE:                      !!!
20210409 181551.206 INFO             PET1 !!!                   ESMF_LOGKIND_Multi_On_Error  !!!
20210409 181551.206 INFO             PET1 !!!!!!!!!!!!!!!!!!!!!!!!!!!!!!!!!!!!!!!!!!!!!!!!!!!!!!
20210409 181551.206 INFO             PET1 Running with ESMF Version   : ESMF_8_2_0_beta_snapshot_04-5-g9ad08a1743
20210409 181551.206 INFO             PET1 ESMF library build date/time: "Apr  9 2021" "16:59:58"
20210409 181551.206 INFO             PET1 ESMF library build location : /p/work/mpotts/intel_2017.5_mpi_O
20210409 181551.206 INFO             PET1 ESMF_COMM                   : mpi
20210409 181551.209 INFO             PET1 ESMF_MOAB                   : enabled
20210409 181551.209 INFO             PET1 ESMF_LAPACK                 : enabled
20210409 181551.209 INFO             PET1 ESMF_NETCDF                 : enabled
20210409 181551.209 INFO             PET1 ESMF_PNETCDF                : disabled
20210409 181551.209 INFO             PET1 ESMF_PIO                    : enabled
20210409 181551.209 INFO             PET1 ESMF_YAMLCPP                : enabled
20210409 181551.229 INFO             PET1  NUMBER_OF_PROCESSORS           4
20210409 181551.229 INFO             PET1  PASS  Example ESMF_VMUserMpiCommMultiEx, ESMF_VMUserMpiCommMultiEx.F90, line 154
20210409 181551.229 INFO             PET1 Finalizing ESMF
