20210409 181732.875 INFO             PET0 !!!!!!!!!!!!!!!!!!!!!!!!!!!!!!!!!!!!!!!!!!!!!!!!!!!!!!
20210409 181732.876 INFO             PET0 !!! THE ESMF_LOG IS SET TO OUTPUT ALL LOG MESSAGES !!!
20210409 181732.876 INFO             PET0 !!!     THIS MAY CAUSE SLOWDOWN IN PERFORMANCE     !!!
20210409 181732.876 INFO             PET0 !!! FOR PRODUCTION RUNS, USE:                      !!!
20210409 181732.876 INFO             PET0 !!!                   ESMF_LOGKIND_Multi_On_Error  !!!
20210409 181732.876 INFO             PET0 !!!!!!!!!!!!!!!!!!!!!!!!!!!!!!!!!!!!!!!!!!!!!!!!!!!!!!
20210409 181732.876 INFO             PET0 Running with ESMF Version   : ESMF_8_2_0_beta_snapshot_04-5-g9ad08a1743
20210409 181732.877 INFO             PET0 ESMF library build date/time: "Apr  9 2021" "16:59:58"
20210409 181732.877 INFO             PET0 ESMF library build location : /p/work/mpotts/intel_2017.5_mpi_O
20210409 181732.877 INFO             PET0 ESMF_COMM                   : mpi
20210409 181732.878 INFO             PET0 ESMF_MOAB                   : enabled
20210409 181732.878 INFO             PET0 ESMF_LAPACK                 : enabled
20210409 181732.878 INFO             PET0 ESMF_NETCDF                 : enabled
20210409 181732.878 INFO             PET0 ESMF_PNETCDF                : disabled
20210409 181732.878 INFO             PET0 ESMF_PIO                    : enabled
20210409 181732.878 INFO             PET0 ESMF_YAMLCPP                : enabled
20210409 181732.947 INFO             PET0  NUMBER_OF_PROCESSORS           4
20210409 181732.947 INFO             PET0  PASS  Example ESMF_ConfigOverviewEx, ESMF_ConfigOverviewEx.F90, line 415
20210409 181732.947 INFO             PET0 Finalizing ESMF
20210409 181732.875 INFO             PET1 !!!!!!!!!!!!!!!!!!!!!!!!!!!!!!!!!!!!!!!!!!!!!!!!!!!!!!
20210409 181732.876 INFO             PET1 !!! THE ESMF_LOG IS SET TO OUTPUT ALL LOG MESSAGES !!!
20210409 181732.876 INFO             PET1 !!!     THIS MAY CAUSE SLOWDOWN IN PERFORMANCE     !!!
20210409 181732.876 INFO             PET1 !!! FOR PRODUCTION RUNS, USE:                      !!!
20210409 181732.876 INFO             PET1 !!!                   ESMF_LOGKIND_Multi_On_Error  !!!
20210409 181732.876 INFO             PET1 !!!!!!!!!!!!!!!!!!!!!!!!!!!!!!!!!!!!!!!!!!!!!!!!!!!!!!
20210409 181732.876 INFO             PET1 Running with ESMF Version   : ESMF_8_2_0_beta_snapshot_04-5-g9ad08a1743
20210409 181732.877 INFO             PET1 ESMF library build date/time: "Apr  9 2021" "16:59:58"
20210409 181732.877 INFO             PET1 ESMF library build location : /p/work/mpotts/intel_2017.5_mpi_O
20210409 181732.877 INFO             PET1 ESMF_COMM                   : mpi
20210409 181732.880 INFO             PET1 ESMF_MOAB                   : enabled
20210409 181732.880 INFO             PET1 ESMF_LAPACK                 : enabled
20210409 181732.880 INFO             PET1 ESMF_NETCDF                 : enabled
20210409 181732.880 INFO             PET1 ESMF_PNETCDF                : disabled
20210409 181732.880 INFO             PET1 ESMF_PIO                    : enabled
20210409 181732.880 INFO             PET1 ESMF_YAMLCPP                : enabled
20210409 181732.947 INFO             PET1  NUMBER_OF_PROCESSORS           4
20210409 181732.947 INFO             PET1  PASS  Example ESMF_ConfigOverviewEx, ESMF_ConfigOverviewEx.F90, line 415
20210409 181732.947 INFO             PET1 Finalizing ESMF
20210409 181732.875 INFO             PET2 !!!!!!!!!!!!!!!!!!!!!!!!!!!!!!!!!!!!!!!!!!!!!!!!!!!!!!
20210409 181732.876 INFO             PET2 !!! THE ESMF_LOG IS SET TO OUTPUT ALL LOG MESSAGES !!!
20210409 181732.876 INFO             PET2 !!!     THIS MAY CAUSE SLOWDOWN IN PERFORMANCE     !!!
20210409 181732.876 INFO             PET2 !!! FOR PRODUCTION RUNS, USE:                      !!!
20210409 181732.876 INFO             PET2 !!!                   ESMF_LOGKIND_Multi_On_Error  !!!
20210409 181732.876 INFO             PET2 !!!!!!!!!!!!!!!!!!!!!!!!!!!!!!!!!!!!!!!!!!!!!!!!!!!!!!
20210409 181732.876 INFO             PET2 Running with ESMF Version   : ESMF_8_2_0_beta_snapshot_04-5-g9ad08a1743
20210409 181732.877 INFO             PET2 ESMF library build date/time: "Apr  9 2021" "16:59:58"
20210409 181732.877 INFO             PET2 ESMF library build location : /p/work/mpotts/intel_2017.5_mpi_O
20210409 181732.877 INFO             PET2 ESMF_COMM                   : mpi
20210409 181732.878 INFO             PET2 ESMF_MOAB                   : enabled
20210409 181732.878 INFO             PET2 ESMF_LAPACK                 : enabled
20210409 181732.878 INFO             PET2 ESMF_NETCDF                 : enabled
20210409 181732.878 INFO             PET2 ESMF_PNETCDF                : disabled
20210409 181732.878 INFO             PET2 ESMF_PIO                    : enabled
20210409 181732.878 INFO             PET2 ESMF_YAMLCPP                : enabled
20210409 181732.947 INFO             PET2  NUMBER_OF_PROCESSORS           4
20210409 181732.947 INFO             PET2  PASS  Example ESMF_ConfigOverviewEx, ESMF_ConfigOverviewEx.F90, line 415
20210409 181732.947 INFO             PET2 Finalizing ESMF
20210409 181732.875 INFO             PET3 !!!!!!!!!!!!!!!!!!!!!!!!!!!!!!!!!!!!!!!!!!!!!!!!!!!!!!
20210409 181732.876 INFO             PET3 !!! THE ESMF_LOG IS SET TO OUTPUT ALL LOG MESSAGES !!!
20210409 181732.876 INFO             PET3 !!!     THIS MAY CAUSE SLOWDOWN IN PERFORMANCE     !!!
20210409 181732.876 INFO             PET3 !!! FOR PRODUCTION RUNS, USE:                      !!!
20210409 181732.876 INFO             PET3 !!!                   ESMF_LOGKIND_Multi_On_Error  !!!
20210409 181732.876 INFO             PET3 !!!!!!!!!!!!!!!!!!!!!!!!!!!!!!!!!!!!!!!!!!!!!!!!!!!!!!
20210409 181732.876 INFO             PET3 Running with ESMF Version   : ESMF_8_2_0_beta_snapshot_04-5-g9ad08a1743
20210409 181732.877 INFO             PET3 ESMF library build date/time: "Apr  9 2021" "16:59:58"
20210409 181732.877 INFO             PET3 ESMF library build location : /p/work/mpotts/intel_2017.5_mpi_O
20210409 181732.877 INFO             PET3 ESMF_COMM                   : mpi
20210409 181732.878 INFO             PET3 ESMF_MOAB                   : enabled
20210409 181732.878 INFO             PET3 ESMF_LAPACK                 : enabled
20210409 181732.878 INFO             PET3 ESMF_NETCDF                 : enabled
20210409 181732.878 INFO             PET3 ESMF_PNETCDF                : disabled
20210409 181732.878 INFO             PET3 ESMF_PIO                    : enabled
20210409 181732.878 INFO             PET3 ESMF_YAMLCPP                : enabled
20210409 181732.947 INFO             PET3  NUMBER_OF_PROCESSORS           4
20210409 181732.947 INFO             PET3  PASS  Example ESMF_ConfigOverviewEx, ESMF_ConfigOverviewEx.F90, line 415
20210409 181732.947 INFO             PET3 Finalizing ESMF
