--- ESMCI::Array::print start ---
--- ESMCI::Array::print start ---
--- ESMCI::Array::print start ---
--- ESMCI::Array::print start ---
 Base name    = Array008
 Base name    = Array008
 Base name    = Array008
 Base name    = Array008
 Status: Base = Ready,  object = Ready
 Status: Base = Ready,  object = Ready
 Proxy        = no
 Status: Base = Ready,  object = Ready
 Proxy        = no
 Root Info (Attributes):
 Status: Base = Ready,  object = Ready
 Proxy        = no
 Root Info (Attributes):
 Root Info (Attributes):
 Proxy        = no
 Root Info (Attributes):
{}{}{}{}Array typekind/rank: Real*8 / 2 
Array typekind/rank: Real*8 / 2 
~ lower class' values ~
~ lower class' values ~
DistGrid dimCount = 2
deCount = 4
localDeCount = 1
Array typekind/rank: Real*8 / 2 
Array typekind/rank: Real*8 / 2 
~ lower class' values ~
DistGrid dimCount = 2
deCount = 4
localDeCount = 1
~ local data in LocalArray for DE 3 ~
DistGrid dimCount = 2
LocalArrayPrint: Array at address 0x10000083990:
deCount = 4
            rank = 2, typekind = 6, base_addr = 0x2aaadc067f00
~ local data in LocalArray for DE 1 ~
            dim[0] = 3  dim[1] = 10  
~ lower class' values ~
DistGrid dimCount = 2
deCount = 4
localDeCount = 1
~ local data in LocalArray for DE 2 ~
localDeCount = 1
LocalArrayPrint: Array at address 0x10000083990:
  Real, *8, Dim 2, Data values:
LocalArrayPrint: Array at address 0x10000083ae0:
~ local data in LocalArray for DE 0 ~
( 1, 1) =  513.58
LocalArrayPrint: Array at address 0x100000fe560:
            rank = 2, typekind = 6, base_addr = 0x2aaadc067f00
            rank = 2, typekind = 6, base_addr = 0x2aaadc067f00
            dim[0] = 3  dim[1] = 10  
  Real, *8, Dim 2, Data values:
            dim[0] = 3  dim[1] = 10  
( 2, 1) =  613.58
  Real, *8, Dim 2, Data values:
( 1, 1) =  513.58
            rank = 2, typekind = 6, base_addr = 0x2aaadc067f00
( 3, 1) =  713.58
            dim[0] = 3  dim[1] = 10  
( 2, 1) =  613.58
( 1, 1) =  1.2345
  Real, *8, Dim 2, Data values:
( 1, 2) =  514.814
( 3, 1) =  713.58
( 2, 1) =  1.2345
( 3, 1) =  1.2345
( 1, 2) =  1.2345
( 2, 2) =  1.2345
( 3, 2) =  1.2345
( 1, 3) =  1.2345
( 2, 3) =  1.2345
( 2, 2) =  614.814
( 1, 1) =  513.58
( 1, 2) =  514.814
( 3, 3) =  1.2345
( 3, 2) =  714.814
( 2, 1) =  613.58
( 2, 2) =  614.814
( 1, 4) =  1.2345
( 1, 3) =  516.048
( 3, 1) =  713.58
( 3, 2) =  714.814
  skipping to end ...
( 3, 7) =  1.2345
( 1, 8) =  1.2345
( 2, 8) =  1.2345
( 3, 8) =  1.2345
( 1, 9) =  1.2345
( 2, 9) =  1.2345
( 3, 9) =  1.2345
( 2, 3) =  616.048
( 1, 2) =  514.814
( 1, 3) =  516.048
( 1,10) =  1.2345
( 3, 3) =  716.048
( 2, 2) =  614.814
( 2, 3) =  616.048
( 2,10) =  1.2345
( 1, 4) =  517.283
  skipping to end ...
( 3, 2) =  714.814
( 3, 3) =  716.048
( 3,10) =  1.2345
( 3, 7) =  720.986
( 1, 3) =  516.048
( 1, 4) =  517.283
  skipping to end ...
dim 1: undistLBound[0]=1            undistUBound[0]=3
( 1, 8) =  522.221
( 2, 3) =  616.048
( 3, 7) =  720.986
dim 2: [0]: [1 [1 [1, 10] 10] 10]
--- ESMCI::Array::print end ---
( 2, 8) =  622.221
( 3, 3) =  716.048
( 1, 8) =  522.221
( 3, 8) =  722.221
( 1, 4) =  517.283
  skipping to end ...
( 2, 8) =  622.221
( 1, 9) =  523.456
( 3, 7) =  720.986
( 3, 8) =  722.221
( 2, 9) =  623.456
( 1, 8) =  522.221
( 1, 9) =  523.456
( 3, 9) =  723.456
( 2, 8) =  622.221
( 2, 9) =  623.456
( 1,10) =  524.69
( 3, 8) =  722.221
( 3, 9) =  723.456
( 2,10) =  624.69
( 1, 9) =  523.456
( 1,10) =  524.69
( 3,10) =  724.69
( 2, 9) =  623.456
( 2,10) =  624.69
dim 1: undistLBound[0]=1            undistUBound[0]=3
( 3, 9) =  723.456
( 3,10) =  724.69
dim 2: [0]: [1 [1 [1, 10] 10] 10]
--- ESMCI::Array::print end ---
( 1,10) =  524.69
dim 1: undistLBound[0]=1            undistUBound[0]=3
( 2,10) =  624.69
dim 2: [0]: [1 [1 [1, 10] 10] 10]
( 3,10) =  724.69
--- ESMCI::Array::print end ---
dim 1: undistLBound[0]=1            undistUBound[0]=3
dim 2: [0]: [1 [1 [1, 10] 10] 10]
--- ESMCI::Array::print end ---
 localPet =            2 myFarray2D2:   0.000000000000000E+000
 localPet =            3 myFarray2D2:   0.000000000000000E+000
 localPet =            1 myFarray2D2:   0.000000000000000E+000
  0.000000000000000E+000  0.000000000000000E+000  0.000000000000000E+000
  0.000000000000000E+000  0.000000000000000E+000  0.000000000000000E+000
  0.000000000000000E+000  0.000000000000000E+000  0.000000000000000E+000
  0.000000000000000E+000  0.000000000000000E+000  0.000000000000000E+000
  0.000000000000000E+000  0.000000000000000E+000  0.000000000000000E+000
  0.000000000000000E+000  0.000000000000000E+000  0.000000000000000E+000
  0.000000000000000E+000  0.000000000000000E+000  0.000000000000000E+000
  0.000000000000000E+000  0.000000000000000E+000  0.000000000000000E+000
  0.000000000000000E+000  0.000000000000000E+000  0.000000000000000E+000
  0.000000000000000E+000  0.000000000000000E+000  0.000000000000000E+000
  0.000000000000000E+000  0.000000000000000E+000  0.000000000000000E+000
  0.000000000000000E+000  0.000000000000000E+000  0.000000000000000E+000
  0.000000000000000E+000  0.000000000000000E+000  0.000000000000000E+000
  0.000000000000000E+000  0.000000000000000E+000  0.000000000000000E+000
  0.000000000000000E+000  0.000000000000000E+000  0.000000000000000E+000
  0.000000000000000E+000  0.000000000000000E+000  0.000000000000000E+000
  0.000000000000000E+000  0.000000000000000E+000
 localPet =            0 myFarray2D2:    513.579500000000     
  0.000000000000000E+000  0.000000000000000E+000  0.000000000000000E+000
   613.579500000000        713.579500000000        514.814000000000     
  0.000000000000000E+000  0.000000000000000E+000  0.000000000000000E+000
--- ESMCI::Array::print start ---
  0.000000000000000E+000  0.000000000000000E+000  0.000000000000000E+000
   614.814000000000        714.814000000000        516.048500000000     
  0.000000000000000E+000  0.000000000000000E+000  0.000000000000000E+000
  0.000000000000000E+000  0.000000000000000E+000  0.000000000000000E+000
  0.000000000000000E+000  0.000000000000000E+000
 Base name    = Array008
--- ESMCI::Array::print start ---
 Status: Base = Ready,  object = Ready
 Base name    = Array008
 Status: Base = Ready,  object = Ready
  0.000000000000000E+000  0.000000000000000E+000  0.000000000000000E+000
   616.048500000000        716.048500000000        517.283000000000     
 Proxy        = no
 Root Info (Attributes):
 Proxy        = no
{}  0.000000000000000E+000  0.000000000000000E+000  0.000000000000000E+000
  0.000000000000000E+000  0.000000000000000E+000  0.000000000000000E+000
  0.000000000000000E+000  0.000000000000000E+000  0.000000000000000E+000
  0.000000000000000E+000  0.000000000000000E+000  0.000000000000000E+000
   617.283000000000        717.283000000000        518.517500000000     
 Root Info (Attributes):
Array typekind/rank: Real*8 / 2 
~ lower class' values ~
DistGrid dimCount = 2
   618.517500000000        718.517500000000        519.752000000000     
  0.000000000000000E+000  0.000000000000000E+000  0.000000000000000E+000
{}deCount = 4
localDeCount = 1
~ local data in LocalArray for DE 2 ~
   619.752000000000        719.752000000000        520.986500000000     
  0.000000000000000E+000  0.000000000000000E+000
Array typekind/rank: Real*8 / 2 
--- ESMCI::Array::print start ---
~ lower class' values ~
DistGrid dimCount = 2
deCount = 4
localDeCount = 1
~ local data in LocalArray for DE 1 ~
LocalArrayPrint: Array at address 0x10000083990:
   620.986500000000        720.986500000000        522.221000000000     
 Base name    = Array008
LocalArrayPrint: Array at address 0x10000083ae0:
            rank = 2, typekind = 6, base_addr = 0x2aaadc067f00
   622.221000000000        722.221000000000        523.455500000000     
 Status: Base = Ready,  object = Ready
 Proxy        = no
 Root Info (Attributes):
            rank = 2, typekind = 6, base_addr = 0x2aaadc067f00
{}            dim[0] = 3  dim[1] = 10  
  Real, *8, Dim 2, Data values:
   623.455500000000        723.455500000000        524.690000000000     
            dim[0] = 3  dim[1] = 10  
  Real, *8, Dim 2, Data values:
Array typekind/rank: Real*8 / 2 
~ lower class' values ~
DistGrid dimCount = 2
deCount = 4
localDeCount = 1
~ local data in LocalArray for DE 3 ~
( 1, 1) =  513.58
   624.690000000000        724.690000000000     
( 1, 1) =  1.2345
--- ESMCI::Array::print start ---
LocalArrayPrint: Array at address 0x10000083990:
( 2, 1) =  613.58
( 2, 1) =  1.2345
( 3, 1) =  1.2345
( 1, 2) =  1.2345
( 2, 2) =  1.2345
( 3, 2) =  1.2345
( 1, 3) =  1.2345
( 2, 3) =  1.2345
( 3, 3) =  1.2345
 Base name    = Array008
            rank = 2, typekind = 6, base_addr = 0x2aaadc067f00
( 3, 1) =  713.58
( 1, 4) =  1.2345
  skipping to end ...
 Status: Base = Ready,  object = Ready
 Proxy        = no
 Root Info (Attributes):
            dim[0] = 3  dim[1] = 10  
  Real, *8, Dim 2, Data values:
( 1, 2) =  514.814
( 3, 7) =  1.2345
{}( 1, 1) =  5.4321
( 2, 2) =  614.814
( 1, 8) =  1.2345
( 2, 8) =  1.2345
( 3, 8) =  1.2345
( 1, 9) =  1.2345
( 2, 9) =  1.2345
( 3, 9) =  1.2345
( 1,10) =  1.2345
Array typekind/rank: Real*8 / 2 
~ lower class' values ~
DistGrid dimCount = 2
deCount = 4
localDeCount = 1
~ local data in LocalArray for DE 0 ~
( 2, 1) =  5.4321
( 3, 1) =  5.4321
( 1, 2) =  5.4321
( 2, 2) =  5.4321
( 3, 2) =  5.4321
( 1, 3) =  5.4321
( 3, 2) =  714.814
( 2,10) =  1.2345
LocalArrayPrint: Array at address 0x100000fe560:
            rank = 2, typekind = 6, base_addr = 0x2aaadc067f00
( 2, 3) =  5.4321
( 3, 3) =  5.4321
( 1, 4) =  5.4321
  skipping to end ...
( 1, 3) =  516.048
( 3,10) =  1.2345
            dim[0] = 3  dim[1] = 10  
  Real, *8, Dim 2, Data values:
( 3, 7) =  5.4321
( 1, 1) =  513.58
( 2, 3) =  616.048
dim 1: undistLBound[0]=1            undistUBound[0]=3
( 1, 8) =  5.4321
( 2, 8) =  5.4321
( 3, 8) =  5.4321
( 1, 9) =  5.4321
( 2, 9) =  5.4321
( 3, 9) =  5.4321
( 1,10) =  5.4321
( 2,10) =  5.4321
( 3,10) =  5.4321
( 2, 1) =  613.58
( 3, 3) =  716.048
dim 2: [0]: [1 [1 [1, 10] 10] 10]
--- ESMCI::Array::print end ---
dim 1: undistLBound[0]=1            undistUBound[0]=3
( 3, 1) =  713.58
( 1, 4) =  517.283
  skipping to end ...
dim 2: [0]: [1 [1 [1, 10] 10] 10]
--- ESMCI::Array::print end ---
( 1, 2) =  514.814
( 3, 7) =  720.986
( 2, 2) =  614.814
( 1, 8) =  522.221
( 3, 2) =  714.814
( 2, 8) =  622.221
( 1, 3) =  516.048
( 3, 8) =  722.221
( 2, 3) =  616.048
( 1, 9) =  523.456
( 3, 3) =  716.048
( 2, 9) =  623.456
( 1, 4) =  517.283
( 3, 9) =  723.456
  skipping to end ...
( 1,10) =  524.69
( 3, 7) =  720.986
( 2,10) =  624.69
( 1, 8) =  522.221
( 3,10) =  724.69
( 2, 8) =  622.221
dim 1: undistLBound[0]=1            undistUBound[0]=3
( 3, 8) =  722.221
dim 2: [0]: [1 [1 [1, 10] 10] 10]
( 1, 9) =  523.456
--- ESMCI::Array::print end ---
( 2, 9) =  623.456
( 3, 9) =  723.456
( 1,10) =  524.69
( 2,10) =  624.69
( 3,10) =  724.69
dim 1: undistLBound[0]=1            undistUBound[0]=3
dim 2: [0]: [1 [1 [1, 10] 10] 10]
--- ESMCI::Array::print end ---
 localPet =            1 myFarray2D2:   0.000000000000000E+000
 localPet =            3 myFarray2D2:   0.000000000000000E+000
 localPet =            2 myFarray2D2:   0.000000000000000E+000
  0.000000000000000E+000  0.000000000000000E+000  0.000000000000000E+000
  0.000000000000000E+000  0.000000000000000E+000  0.000000000000000E+000
  0.000000000000000E+000  0.000000000000000E+000  0.000000000000000E+000
  0.000000000000000E+000  0.000000000000000E+000  0.000000000000000E+000
  0.000000000000000E+000  0.000000000000000E+000  0.000000000000000E+000
  0.000000000000000E+000  0.000000000000000E+000  0.000000000000000E+000
  0.000000000000000E+000  0.000000000000000E+000  0.000000000000000E+000
  0.000000000000000E+000  0.000000000000000E+000  0.000000000000000E+000
  0.000000000000000E+000  0.000000000000000E+000  0.000000000000000E+000
  0.000000000000000E+000  0.000000000000000E+000  0.000000000000000E+000
  0.000000000000000E+000  0.000000000000000E+000  0.000000000000000E+000
  0.000000000000000E+000  0.000000000000000E+000  0.000000000000000E+000
  0.000000000000000E+000  0.000000000000000E+000  0.000000000000000E+000
 localPet =            0 myFarray2D2:    5.43209981918335     
  0.000000000000000E+000  0.000000000000000E+000  0.000000000000000E+000
  0.000000000000000E+000  0.000000000000000E+000  0.000000000000000E+000
  0.000000000000000E+000  0.000000000000000E+000  0.000000000000000E+000
  0.000000000000000E+000  0.000000000000000E+000  0.000000000000000E+000
  0.000000000000000E+000  0.000000000000000E+000  0.000000000000000E+000
  0.000000000000000E+000  0.000000000000000E+000  0.000000000000000E+000
  0.000000000000000E+000  0.000000000000000E+000  0.000000000000000E+000
  0.000000000000000E+000  0.000000000000000E+000
  0.000000000000000E+000  0.000000000000000E+000  0.000000000000000E+000
  0.000000000000000E+000  0.000000000000000E+000  0.000000000000000E+000
  0.000000000000000E+000  0.000000000000000E+000  0.000000000000000E+000
  0.000000000000000E+000  0.000000000000000E+000  0.000000000000000E+000
  0.000000000000000E+000  0.000000000000000E+000  0.000000000000000E+000
  0.000000000000000E+000  0.000000000000000E+000  0.000000000000000E+000
  0.000000000000000E+000  0.000000000000000E+000
  0.000000000000000E+000  0.000000000000000E+000  0.000000000000000E+000
   5.43209981918335        5.43209981918335        5.43209981918335     
  0.000000000000000E+000  0.000000000000000E+000
   5.43209981918335        5.43209981918335        5.43209981918335     
   5.43209981918335        5.43209981918335        5.43209981918335     
   5.43209981918335        5.43209981918335        5.43209981918335     
   5.43209981918335        5.43209981918335        5.43209981918335     
   5.43209981918335        5.43209981918335        5.43209981918335     
   5.43209981918335        5.43209981918335        5.43209981918335     
   5.43209981918335        5.43209981918335        5.43209981918335     
   5.43209981918335        5.43209981918335        5.43209981918335     
   5.43209981918335        5.43209981918335     
  PASS  Example ESMF_ArrayScatterGatherEx, ESMF_ArrayScatterGatherEx.F90, line 3
  PASS  Example ESMF_ArrayScatterGatherEx, ESMF_ArrayScatterGatherEx.F90, line 3
  PASS  Example ESMF_ArrayScatterGatherEx, ESMF_ArrayScatterGatherEx.F90, line 3
 28
 28
  PASS  Example ESMF_ArrayScatterGatherEx, ESMF_ArrayScatterGatherEx.F90, line 3
 28
 28
 PASS: ESMF_ArrayScatterGatherEx.F90
 PASS: ESMF_ArrayScatterGatherEx.F90
 PASS: ESMF_ArrayScatterGatherEx.F90
 PASS: ESMF_ArrayScatterGatherEx.F90
Application 24104728 resources: utime ~0s, stime ~1s, Rss ~16572, inblocks ~3344, outblocks ~32
