--- ESMCI::Array::print start ---
--- ESMCI::Array::print start ---
--- ESMCI::Array::print start ---
--- ESMCI::Array::print start ---
 Base name    = Array002
 Base name    = Array002
 Status: Base = Ready,  object = Ready
 Proxy        = no
 Base name    = Array002
 Root Info (Attributes):
 Base name    = Array002
 Status: Base = Ready,  object = Ready
 Status: Base = Ready,  object = Ready
 Proxy        = no
 Root Info (Attributes):
 Status: Base = Ready,  object = Ready
 Proxy        = no
 Proxy        = no
 Root Info (Attributes):
 Root Info (Attributes):
{}{}Array typekind/rank: Real*8 / 2 
~ lower class' values ~
DistGrid dimCount = 2
{}deCount = 4
{}localDeCount = 1
~ local data in LocalArray for DE 1 ~
Array typekind/rank: Real*8 / 2 
Array typekind/rank: Real*8 / 2 
~ lower class' values ~
~ lower class' values ~
Array typekind/rank: Real*8 / 2 
LocalArrayPrint: Array at address 0x10000081450:
DistGrid dimCount = 2
deCount = 4
localDeCount = 1
~ local data in LocalArray for DE 0 ~
DistGrid dimCount = 2
LocalArrayPrint: Array at address 0x100000fbed0:
~ lower class' values ~
DistGrid dimCount = 2
deCount = 4
localDeCount = 1
~ local data in LocalArray for DE 3 ~
            rank = 2, typekind = 6, base_addr = 0x2aaadc073fe0
deCount = 4
localDeCount = 1
~ local data in LocalArray for DE 2 ~
            rank = 2, typekind = 6, base_addr = 0x2aaadc073fe0
LocalArrayPrint: Array at address 0x10000081450:
            dim[0] = 2  dim[1] = 2  
  Real, *8, Dim 2, Data values:
            dim[0] = 2  dim[1] = 2  
LocalArrayPrint: Array at address 0x10000081450:
            rank = 2, typekind = 6, base_addr = 0x2aaadc073fe0
  Real, *8, Dim 2, Data values:
            dim[0] = 2  dim[1] = 2  
( 1, 1) =  100
            rank = 2, typekind = 6, base_addr = 0x2aaadc073fe0
  Real, *8, Dim 2, Data values:
            dim[0] = 2  dim[1] = 2  
( 2, 1) =  100
( 1, 1) =  101
  Real, *8, Dim 2, Data values:
( 1, 2) =  100
( 2, 2) =  100
( 1, 1) =  103
( 2, 1) =  101
( 1, 1) =  102
dim 1: [0]: [1 [1 [1, 2] 2] 2]
( 2, 1) =  103
( 1, 2) =  101
( 2, 2) =  101
( 2, 1) =  102
dim 2: [1]: [1 [1 [1, 2] 2] 2]
--- ESMCI::Array::print end ---
( 1, 2) =  103
--- ESMCI::Array::print start ---
dim 1: [0]: [1 [1 [1, 2] 2] 2]
( 1, 2) =  102
( 2, 2) =  102
 Base name    = Array003
 Status: Base = Ready,  object = Ready
 Proxy        = no
 Root Info (Attributes):
( 2, 2) =  103
{}dim 1: [0]: [1 [1 [1, 2] 2] 2]
Array typekind/rank: Real*8 / 2 
~ lower class' values ~
DistGrid dimCount = 2
deCount = 4
localDeCount = 1
~ local data in LocalArray for DE 0 ~
LocalArrayPrint: Array at address 0x100000fc9a0:
dim 2: [1]: [1 [1 [1, 2] 2] 2]
--- ESMCI::Array::print end ---
dim 1: [0]: [1 [1 [1, 2] 2] 2]
--- ESMCI::Array::print start ---
dim 2: [1]: [1 [1 [1, 2] 2] 2]
 Base name    = Array003
 Status: Base = Ready,  object = Ready
 Proxy        = no
 Root Info (Attributes):
dim 2: [1]: [1 [1 [1, 2] 2] 2]
{}            rank = 2, typekind = 6, base_addr = 0x2aaadc073fc0
--- ESMCI::Array::print end ---
--- ESMCI::Array::print end ---
--- ESMCI::Array::print start ---
Array typekind/rank: Real*8 / 2 
--- ESMCI::Array::print start ---
~ lower class' values ~
DistGrid dimCount = 2
deCount = 4
localDeCount = 1
~ local data in LocalArray for DE 1 ~
LocalArrayPrint: Array at address 0x10000081f20:
            dim[0] = 2  dim[1] = 2  
  Real, *8, Dim 2, Data values:
 Base name    = Array003
 Status: Base = Ready,  object = Ready
 Proxy        = no
 Root Info (Attributes):
 Base name    = Array003
{}            rank = 2, typekind = 6, base_addr = 0x2aaadc073fc0
( 1, 1) =  200
 Status: Base = Ready,  object = Ready
 Proxy        = no
 Root Info (Attributes):
Array typekind/rank: Real*8 / 2 
{}            dim[0] = 2  dim[1] = 2  
  Real, *8, Dim 2, Data values:
( 2, 1) =  200
~ lower class' values ~
DistGrid dimCount = 2
deCount = 4
localDeCount = 1
~ local data in LocalArray for DE 2 ~
LocalArrayPrint: Array at address 0x10000081f20:
Array typekind/rank: Real*8 / 2 
~ lower class' values ~
DistGrid dimCount = 2
deCount = 4
localDeCount = 1
~ local data in LocalArray for DE 3 ~
LocalArrayPrint: Array at address 0x10000081f20:
( 1, 1) =  201
( 1, 2) =  200
            rank = 2, typekind = 6, base_addr = 0x2aaadc073fc0
            rank = 2, typekind = 6, base_addr = 0x2aaadc073fc0
( 2, 1) =  201
( 2, 2) =  200
            dim[0] = 2  dim[1] = 2  
  Real, *8, Dim 2, Data values:
            dim[0] = 2  dim[1] = 2  
  Real, *8, Dim 2, Data values:
( 1, 2) =  201
dim 1: [0]: [1 [1 [1, 2] 2] 2]
( 1, 1) =  202
( 1, 1) =  203
( 2, 2) =  201
dim 2: [1]: [1 [1 [1, 2] 2] 2]
--- ESMCI::Array::print end ---
( 2, 1) =  202
( 2, 1) =  203
dim 1: [0]: [1 [1 [1, 2] 2] 2]
--- ESMCI::Array::print start ---
 Base name    = Array004
 Status: Base = Ready,  object = Ready
 Proxy        = no
 Root Info (Attributes):
( 1, 2) =  202
( 1, 2) =  203
dim 2: [1]: [1 [1 [1, 2] 2] 2]
--- ESMCI::Array::print end ---
{}Array typekind/rank: Real*8 / 2 
~ lower class' values ~
DistGrid dimCount = 2
deCount = 4
localDeCount = 1
( 2, 2) =  202
( 2, 2) =  203
--- ESMCI::Array::print start ---
 Base name    = Array004
 Status: Base = Ready,  object = Ready
 Proxy        = no
 Root Info (Attributes):
~ local data in LocalArray for DE 0 ~
dim 1: [0]: [1 [1 [1, 2] 2] 2]
LocalArrayPrint: Array at address 0x100000fd510:
dim 1: [0]: [1 [1 [1, 2] 2] 2]
{}dim 2: [1]: [1 [1 [1, 2] 2] 2]
--- ESMCI::Array::print end ---
            rank = 2, typekind = 6, base_addr = 0x2aaadc067f80
dim 2: [1]: [1 [1 [1, 2] 2] 2]
--- ESMCI::Array::print end ---
Array typekind/rank: Real*8 / 2 
~ lower class' values ~
DistGrid dimCount = 2
deCount = 4
localDeCount = 1
~ local data in LocalArray for DE 1 ~
LocalArrayPrint: Array at address 0x10000082a90:
            rank = 2, typekind = 6, base_addr = 0x2aaadc067f80
--- ESMCI::Array::print start ---
 Base name    = Array004
 Status: Base = Ready,  object = Ready
 Proxy        = no
 Root Info (Attributes):
            dim[0] = 4  dim[1] = 4  
--- ESMCI::Array::print start ---
 Base name    = Array004
 Status: Base = Ready,  object = Ready
 Proxy        = no
 Root Info (Attributes):
            dim[0] = 4  dim[1] = 4  
  Real, *8, Dim 2, Data values:
{}  Real, *8, Dim 2, Data values:
{}( 0, 0) =  301
Array typekind/rank: Real*8 / 2 
~ lower class' values ~
DistGrid dimCount = 2
deCount = 4
localDeCount = 1
~ local data in LocalArray for DE 2 ~
LocalArrayPrint: Array at address 0x10000082a90:
            rank = 2, typekind = 6, base_addr = 0x2aaadc067f80
( 0, 0) =  300
Array typekind/rank: Real*8 / 2 
~ lower class' values ~
DistGrid dimCount = 2
deCount = 4
localDeCount = 1
~ local data in LocalArray for DE 3 ~
LocalArrayPrint: Array at address 0x10000082a90:
            rank = 2, typekind = 6, base_addr = 0x2aaadc067f80
( 1, 0) =  301
            dim[0] = 4  dim[1] = 4  
  Real, *8, Dim 2, Data values:
( 1, 0) =  300
            dim[0] = 4  dim[1] = 4  
  Real, *8, Dim 2, Data values:
( 2, 0) =  301
( 0, 0) =  302
( 2, 0) =  300
( 3, 0) =  300
( 0, 0) =  300
( 3, 0) =  301
( 1, 0) =  300
( 0, 1) =  300
( 1, 0) =  301
( 0, 1) =  300
( 2, 0) =  300
( 1, 1) =  300
( 2, 0) =  301
( 1, 1) =  301
( 3, 0) =  301
( 2, 1) =  300
( 3, 0) =  303
( 2, 1) =  301
( 0, 1) =  302
( 3, 1) =  301
( 0, 1) =  302
( 3, 1) =  301
( 1, 1) =  302
( 0, 2) =  300
( 1, 1) =  303
( 0, 2) =  300
( 2, 1) =  302
( 1, 2) =  300
( 2, 1) =  303
( 1, 2) =  301
( 3, 1) =  303
( 2, 2) =  300
( 3, 1) =  303
( 2, 2) =  301
( 0, 2) =  302
( 3, 2) =  301
( 0, 2) =  302
( 3, 2) =  301
( 1, 2) =  302
( 0, 3) =  300
( 1, 2) =  303
( 0, 3) =  302
( 2, 2) =  302
( 1, 3) =  302
( 2, 2) =  303
( 1, 3) =  303
( 3, 2) =  303
( 2, 3) =  302
( 3, 2) =  303
( 2, 3) =  303
( 0, 3) =  302
( 3, 3) =  303
( 0, 3) =  303
( 3, 3) =  301
( 1, 3) =  302
dim 1: [0]: [0 [1 [1, 2] 2] 3]
( 1, 3) =  303
dim 1: [0]: [0 [1 [1, 2] 2] 3]
dim 2: [1]: [0 [1 [1, 2] 2] 3]
--- ESMCI::Array::print end ---
( 2, 3) =  302
dim 2: [1]: [0 [1 [1, 2] 2] 3]
--- ESMCI::Array::print end ---
( 2, 3) =  303
--- ESMCI::Array::print start ---
 Base name    = Array005
 Status: Base = Ready,  object = Ready
 Proxy        = no
 Root Info (Attributes):
( 3, 3) =  302
--- ESMCI::Array::print start ---
 Base name    = Array005
 Status: Base = Ready,  object = Ready
 Proxy        = no
 Root Info (Attributes):
( 3, 3) =  303
{}dim 1: [0]: [0 [1 [1, 2] 2] 3]
dim 2: [1]: [0 [1 [1, 2] 2] 3]
--- ESMCI::Array::print end ---
{}Array typekind/rank: Real*8 / 2 
~ lower class' values ~
DistGrid dimCount = 2
deCount = 4
localDeCount = 1
dim 1: [0]: [0 [1 [1, 2] 2] 3]
dim 2: [1]: [0 [1 [1, 2] 2] 3]
--- ESMCI::Array::print end ---
Array typekind/rank: Real*8 / 2 
~ lower class' values ~
DistGrid dimCount = 2
deCount = 4
localDeCount = 1
~ local data in LocalArray for DE 1 ~
LocalArrayPrint: Array at address 0x100000837b0:
            rank = 2, typekind = 6, base_addr = 0x2aaadc067f00
--- ESMCI::Array::print start ---
 Base name    = Array005
 Status: Base = Ready,  object = Ready
 Proxy        = no
 Root Info (Attributes):
~ local data in LocalArray for DE 0 ~
LocalArrayPrint: Array at address 0x100000fe210:
            rank = 2, typekind = 6, base_addr = 0x2aaadc067f00
--- ESMCI::Array::print start ---
 Base name    = Array005
 Status: Base = Ready,  object = Ready
 Proxy        = no
 Root Info (Attributes):
            dim[0] = 4  dim[1] = 4  
  Real, *8, Dim 2, Data values:
{}Array typekind/rank: Real*8 / 2 
~ lower class' values ~
DistGrid dimCount = 2
deCount = 4
localDeCount = 1
~ local data in LocalArray for DE 2 ~
LocalArrayPrint: Array at address 0x100000837d0:
            rank = 2, typekind = 6, base_addr = 0x2aaadc067f00
            dim[0] = 4  dim[1] = 4  
  Real, *8, Dim 2, Data values:
{}( 0, 0) =  401
            dim[0] = 4  dim[1] = 4  
  Real, *8, Dim 2, Data values:
( 0, 0) =  400
( 1, 0) =  400
( 2, 0) =  400
( 3, 0) =  400
( 0, 1) =  400
( 1, 1) =  400
( 2, 1) =  400
( 3, 1) =  401
Array typekind/rank: Real*8 / 2 
~ lower class' values ~
DistGrid dimCount = 2
deCount = 4
localDeCount = 1
~ local data in LocalArray for DE 3 ~
LocalArrayPrint: Array at address 0x100000837d0:
            rank = 2, typekind = 6, base_addr = 0x2aaadc067f00
( 1, 0) =  401
( 0, 0) =  402
( 0, 2) =  400
            dim[0] = 4  dim[1] = 4  
  Real, *8, Dim 2, Data values:
( 2, 0) =  401
( 1, 0) =  400
( 1, 2) =  400
( 0, 0) =  400
( 3, 0) =  401
( 2, 0) =  400
( 2, 2) =  400
( 1, 0) =  401
( 0, 1) =  400
( 1, 1) =  401
( 2, 1) =  401
( 3, 1) =  401
( 0, 2) =  400
( 1, 2) =  401
( 2, 2) =  401
( 3, 2) =  401
( 3, 0) =  401
( 3, 2) =  401
( 2, 0) =  401
( 0, 3) =  402
( 0, 1) =  402
( 0, 3) =  400
( 3, 0) =  403
( 1, 3) =  403
( 1, 1) =  402
( 1, 3) =  402
( 0, 1) =  402
( 2, 3) =  403
( 3, 3) =  401
dim 1: [0]: [0 [1 [1, 2] 2] 3]
dim 2: [1]: [0 [1 [1, 2] 2] 3]
--- ESMCI::Array::print end ---
( 2, 1) =  402
( 2, 3) =  402
( 1, 1) =  403
--- ESMCI::Array::print start ---
 Base name    = Array006
 Status: Base = Ready,  object = Ready
 Proxy        = no
 Root Info (Attributes):
( 3, 1) =  403
( 3, 3) =  403
( 2, 1) =  403
{}( 0, 2) =  402
( 1, 2) =  402
( 2, 2) =  402
( 3, 2) =  403
( 0, 3) =  402
( 1, 3) =  402
( 2, 3) =  402
( 3, 3) =  402
dim 1: [0]: [0 [1 [1, 2] 2] 3]
dim 1: [0]: [0 [1 [1, 2] 2] 3]
( 3, 1) =  403
Array typekind/rank: Real*8 / 2 
~ lower class' values ~
DistGrid dimCount = 2
deCount = 4
localDeCount = 1
~ local data in LocalArray for DE 1 ~
LocalArrayPrint: Array at address 0x10000084410:
            rank = 2, typekind = 6, base_addr = 0x2aaadc06ffa0
dim 2: [1]: [0 [1 [1, 2] 2] 3]
--- ESMCI::Array::print end ---
dim 2: [1]: [0 [1 [1, 2] 2] 3]
--- ESMCI::Array::print end ---
( 0, 2) =  402
            dim[0] = 4  dim[1] = 3  
  Real, *8, Dim 2, Data values:
--- ESMCI::Array::print start ---
 Base name    = Array006
 Status: Base = Ready,  object = Ready
 Proxy        = no
 Root Info (Attributes):
--- ESMCI::Array::print start ---
 Base name    = Array006
 Status: Base = Ready,  object = Ready
 Proxy        = no
 Root Info (Attributes):
( 1, 2) =  403
( 0, 0) =  501
{}Array typekind/rank: Real*8 / 2 
~ lower class' values ~
DistGrid dimCount = 2
deCount = 4
localDeCount = 1
{}( 2, 2) =  403
( 1, 0) =  501
~ local data in LocalArray for DE 2 ~
Array typekind/rank: Real*8 / 2 
~ lower class' values ~
DistGrid dimCount = 2
deCount = 4
localDeCount = 1
~ local data in LocalArray for DE 0 ~
LocalArrayPrint: Array at address 0x100000fee70:
            rank = 2, typekind = 6, base_addr = 0x2aaadc06ffa0
( 3, 2) =  403
( 2, 0) =  501
LocalArrayPrint: Array at address 0x10000084430:
            dim[0] = 4  dim[1] = 3  
  Real, *8, Dim 2, Data values:
( 0, 3) =  403
( 3, 0) =  501
            rank = 2, typekind = 6, base_addr = 0x2aaadc06ffa0
( 0, 0) =  500
( 1, 3) =  403
( 0, 1) =  500
            dim[0] = 4  dim[1] = 3  
  Real, *8, Dim 2, Data values:
( 1, 0) =  500
( 2, 3) =  403
( 1, 1) =  501
( 0, 0) =  502
( 2, 0) =  500
( 3, 3) =  403
( 2, 1) =  501
( 3, 1) =  501
( 0, 2) =  500
( 1, 2) =  501
( 2, 2) =  501
( 3, 2) =  501
dim 1: [0]: [0 [1 [1, 2] 2] 3]
dim 2: [1]: [0 [1 [1, 2] 2] 2]
--- ESMCI::Array::print end ---
( 1, 0) =  500
( 3, 0) =  500
dim 1: [0]: [0 [1 [1, 2] 2] 3]
( 2, 0) =  500
( 3, 0) =  501
( 0, 1) =  500
dim 2: [1]: [0 [1 [1, 2] 2] 3]
--- ESMCI::Array::print end ---
( 0, 1) =  502
( 1, 1) =  502
( 2, 1) =  502
( 3, 1) =  503
( 0, 2) =  502
( 1, 2) =  502
( 2, 2) =  502
( 1, 1) =  500
--- ESMCI::Array::print start ---
( 3, 2) =  503
( 2, 1) =  500
( 3, 1) =  501
 Base name    = Array006
( 0, 2) =  500
dim 1: [0]: [0 [1 [1, 2] 2] 3]
dim 2: [1]: [0 [1 [1, 2] 2] 2]
--- ESMCI::Array::print end ---
 Status: Base = Ready,  object = Ready
 Proxy        = no
 Root Info (Attributes):
( 1, 2) =  500
{}Array typekind/rank: Real*8 / 2 
( 2, 2) =  500
~ lower class' values ~
( 3, 2) =  501
DistGrid dimCount = 2
dim 1: [0]: [0 [1 [1, 2] 2] 3]
deCount = 4
dim 2: [1]: [0 [1 [1, 2] 2] 2]
localDeCount = 1
--- ESMCI::Array::print end ---
~ local data in LocalArray for DE 3 ~
LocalArrayPrint: Array at address 0x10000084430:
            rank = 2, typekind = 6, base_addr = 0x2aaadc06ffa0
            dim[0] = 4  dim[1] = 3  
  Real, *8, Dim 2, Data values:
( 0, 0) =  500
( 1, 0) =  501
( 2, 0) =  501
( 3, 0) =  503
( 0, 1) =  502
( 1, 1) =  503
( 2, 1) =  503
( 3, 1) =  503
( 0, 2) =  502
( 1, 2) =  503
( 2, 2) =  503
( 3, 2) =  503
dim 1: [0]: [0 [1 [1, 2] 2] 3]
dim 2: [1]: [0 [1 [1, 2] 2] 2]
--- ESMCI::Array::print end ---
  PASS  Example ESMF_ArrayBundleHaloEx, ESMF_ArrayBundleHaloEx.F90, line 172
  PASS  Example ESMF_ArrayBundleHaloEx, ESMF_ArrayBundleHaloEx.F90, line 172
  PASS  Example ESMF_ArrayBundleHaloEx, ESMF_ArrayBundleHaloEx.F90, line 172
  PASS  Example ESMF_ArrayBundleHaloEx, ESMF_ArrayBundleHaloEx.F90, line 172
 PASS: ESMF_ArrayBundleHaloEx.F90
 PASS: ESMF_ArrayBundleHaloEx.F90
 PASS: ESMF_ArrayBundleHaloEx.F90
 PASS: ESMF_ArrayBundleHaloEx.F90
Application 23960152 resources: utime ~0s, stime ~1s, Rss ~16968, inblocks ~3360, outblocks ~32
