 recvData for PET            1 :            0
 recvData for PET            1 :            0
 recvData for PET            2 :            0
 recvData for PET            1 :            0
 recvData for PET            2 :            0
 recvData for PET            1 :            0
 recvData for PET            2 :            0
 recvData for PET            1 :            0
 recvData for PET            2 :            0
 recvData for PET            1 :            0
 recvData for PET            2 :            0
 recvData for PET            1 :            0
 recvData for PET            2 :            0
 recvData for PET            1 :            0
 recvData for PET            2 :            0
 recvData for PET            1 :            0
 recvData for PET            2 :            0
 recvData for PET            1 :            0
 recvData for PET            2 :            0
 recvData for PET            1 :            0
 recvData for PET            2 :            0
 recvData for PET            1 :            0
 recvData for PET            2 :            0
 recvData for PET            1 :            0
 recvData for PET            2 :            0
 recvData for PET            1 :            0
 recvData for PET            2 :            0
 recvData for PET            1 :            0
 recvData for PET            2 :            0
 recvData for PET            1 :            0
 recvData for PET            2 :            0
 recvData for PET            1 :            0
 recvData for PET            2 :            0
 recvData for PET            1 :            0
 recvData for PET            2 :            0
 recvData for PET            1 :            0
 recvData for PET            2 :            0
 recvData for PET            1 :            0
 recvData for PET            2 :            0
 recvData for PET            1 :            0
 recvData for PET            2 :            0
 recvData for PET            1 :            0
 recvData for PET            2 :            0
 recvData for PET            1 :            0
 recvData for PET            2 :            0
 recvData for PET            1 :            0
 recvData for PET            2 :            0
 recvData for PET            1 :            0
 recvData for PET            2 :            0
 recvData for PET            1 :            0
 recvData for PET            2 :            0
 recvData for PET            1 :            0
 recvData for PET            2 :            0
 recvData for PET            1 :            0
 recvData for PET            2 :            0
 recvData for PET            1 :            0
 recvData for PET            2 :            0
 recvData for PET            1 :            0
 recvData for PET            2 :            0
 recvData for PET            1 :            0
 recvData for PET            2 :            0
 recvData for PET            1 :            0
 recvData for PET            2 :            0
 recvData for PET            1 :            0
 recvData for PET            2 :            0
 recvData for PET            1 :            0
 recvData for PET            2 :            0
 recvData for PET            1 :            0
 recvData for PET            2 :            0
 recvData for PET            1 :            0
 recvData for PET            2 :            0
 recvData for PET            1 :            0
 recvData for PET            2 :            0
 recvData for PET            1 :            0
 recvData for PET            2 :            0
 recvData for PET            1 :            0
 recvData for PET            2 :            0
 recvData for PET            1 :            0
 recvData for PET            2 :            0
 recvData for PET            2 :            0
  PASS  Example ESMF_VMHigherRankDataEx, ESMF_VMHigherRankDataEx.F90, line 140
 recvData for PET            0 :            0
 recvData for PET            3 :            1
 recvData for PET            3 :            2
  PASS  Example ESMF_VMHigherRankDataEx, ESMF_VMHigherRankDataEx.F90, line 140
 recvData for PET            0 :            0
 recvData for PET            3 :            3
 recvData for PET            0 :            0
 recvData for PET            3 :            4
 recvData for PET            0 :            0
 recvData for PET            3 :            5
 recvData for PET            0 :            0
 recvData for PET            3 :            6
 recvData for PET            0 :            0
 recvData for PET            3 :            7
 recvData for PET            0 :            0
 recvData for PET            3 :            8
 recvData for PET            0 :            0
 recvData for PET            3 :            9
 recvData for PET            0 :            0
 recvData for PET            3 :           10
 recvData for PET            0 :            0
 recvData for PET            3 :            0
 recvData for PET            0 :            0
 recvData for PET            3 :            0
 recvData for PET            0 :            0
 recvData for PET            3 :            0
 recvData for PET            0 :            0
 recvData for PET            3 :            0
 recvData for PET            0 :            0
 recvData for PET            3 :            0
 recvData for PET            0 :            0
 recvData for PET            3 :            0
 recvData for PET            0 :            0
 recvData for PET            3 :            0
 recvData for PET            0 :            0
 recvData for PET            3 :            0
 recvData for PET            0 :            0
 recvData for PET            3 :            0
 recvData for PET            0 :            0
 recvData for PET            3 :            0
 recvData for PET            0 :            0
 recvData for PET            3 :            0
 recvData for PET            0 :            0
 recvData for PET            3 :            0
 recvData for PET            0 :            0
 recvData for PET            3 :            0
 recvData for PET            0 :            0
 recvData for PET            3 :            0
 recvData for PET            0 :            0
 recvData for PET            3 :            0
 recvData for PET            3 :            0
 recvData for PET            0 :            0
 recvData for PET            3 :            0
 recvData for PET            0 :            0
 recvData for PET            3 :            0
 recvData for PET            0 :            0
 recvData for PET            3 :            0
 recvData for PET            0 :            0
 recvData for PET            3 :            0
 recvData for PET            0 :            0
 recvData for PET            3 :            0
 recvData for PET            0 :            0
 recvData for PET            3 :            0
 recvData for PET            0 :            0
 recvData for PET            3 :            0
 recvData for PET            0 :            0
 recvData for PET            3 :            0
 recvData for PET            0 :            0
 recvData for PET            3 :            0
 recvData for PET            0 :            0
 recvData for PET            3 :            0
 recvData for PET            0 :            0
 recvData for PET            3 :            0
 recvData for PET            0 :            0
 recvData for PET            3 :            0
 recvData for PET            0 :            0
 recvData for PET            3 :            0
 recvData for PET            0 :            0
 recvData for PET            3 :            0
 recvData for PET            0 :            0
 recvData for PET            0 :            0
  PASS  Example ESMF_VMHigherRankDataEx, ESMF_VMHigherRankDataEx.F90, line 140
  PASS  Example ESMF_VMHigherRankDataEx, ESMF_VMHigherRankDataEx.F90, line 140
 PASS: ESMF_VMHigherRankDataEx.F90
 PASS: ESMF_VMHigherRankDataEx.F90
 PASS: ESMF_VMHigherRankDataEx.F90
 PASS: ESMF_VMHigherRankDataEx.F90
Application 24104650 resources: utime ~0s, stime ~1s, Rss ~15728, inblocks ~3368, outblocks ~32
