 data array1:
 data array1:
           0  array1:            1
           0  array1:            2
           2  array1:          201
           2  array1:          202
 data array1:
           3  array1:          301
 data array1:
           3  array1:          302
           1  array1:          101
           1  array1:          102
 Global sum:
 Global sum:
 Global sum:
 Global sum:
           0  result:         1212
           3  result:         1212
           2  result:         1212
           1  result:         1212
  PASS  Example ESMF_VMAllFullReduceEx, ESMF_VMAllFullReduceEx.F90, line 113
  PASS  Example ESMF_VMAllFullReduceEx, ESMF_VMAllFullReduceEx.F90, line 113
  PASS  Example ESMF_VMAllFullReduceEx, ESMF_VMAllFullReduceEx.F90, line 113
  PASS  Example ESMF_VMAllFullReduceEx, ESMF_VMAllFullReduceEx.F90, line 113
 PASS: ESMF_VMAllFullReduceEx.F90
 PASS: ESMF_VMAllFullReduceEx.F90
 PASS: ESMF_VMAllFullReduceEx.F90
 PASS: ESMF_VMAllFullReduceEx.F90
Application 23921200 resources: utime ~0s, stime ~1s, Rss ~15680, inblocks ~3372, outblocks ~32
