20210405 102257.615 INFO             PET0 !!!!!!!!!!!!!!!!!!!!!!!!!!!!!!!!!!!!!!!!!!!!!!!!!!!!!!
20210405 102257.621 INFO             PET0 !!! THE ESMF_LOG IS SET TO OUTPUT ALL LOG MESSAGES !!!
20210405 102257.621 INFO             PET0 !!!     THIS MAY CAUSE SLOWDOWN IN PERFORMANCE     !!!
20210405 102257.621 INFO             PET0 !!! FOR PRODUCTION RUNS, USE:                      !!!
20210405 102257.621 INFO             PET0 !!!                   ESMF_LOGKIND_Multi_On_Error  !!!
20210405 102257.621 INFO             PET0 !!!!!!!!!!!!!!!!!!!!!!!!!!!!!!!!!!!!!!!!!!!!!!!!!!!!!!
20210405 102257.621 INFO             PET0 Running with ESMF Version   : ESMF_8_2_0_beta_snapshot_04-2-g0bc8ad813f
20210405 102257.622 INFO             PET0 ESMF library build date/time: "Apr  5 2021" "08:56:45"
20210405 102257.622 INFO             PET0 ESMF library build location : /p/work/mpotts/intel_2017.5_mpi_O
20210405 102257.622 INFO             PET0 ESMF_COMM                   : mpi
20210405 102257.624 INFO             PET0 ESMF_MOAB                   : enabled
20210405 102257.624 INFO             PET0 ESMF_LAPACK                 : enabled
20210405 102257.624 INFO             PET0 ESMF_NETCDF                 : enabled
20210405 102257.624 INFO             PET0 ESMF_PNETCDF                : disabled
20210405 102257.624 INFO             PET0 ESMF_PIO                    : enabled
20210405 102257.624 INFO             PET0 ESMF_YAMLCPP                : enabled
20210405 102257.651 INFO             PET0  NUMBER_OF_PROCESSORS           4
20210405 102257.651 INFO             PET0  PASS  Example ESMF_VMUserMpiEx, ESMF_VMUserMpiEx.F90, line 96
20210405 102257.651 INFO             PET0 Finalizing ESMF
20210405 102257.616 INFO             PET1 !!!!!!!!!!!!!!!!!!!!!!!!!!!!!!!!!!!!!!!!!!!!!!!!!!!!!!
20210405 102257.621 INFO             PET1 !!! THE ESMF_LOG IS SET TO OUTPUT ALL LOG MESSAGES !!!
20210405 102257.621 INFO             PET1 !!!     THIS MAY CAUSE SLOWDOWN IN PERFORMANCE     !!!
20210405 102257.621 INFO             PET1 !!! FOR PRODUCTION RUNS, USE:                      !!!
20210405 102257.621 INFO             PET1 !!!                   ESMF_LOGKIND_Multi_On_Error  !!!
20210405 102257.621 INFO             PET1 !!!!!!!!!!!!!!!!!!!!!!!!!!!!!!!!!!!!!!!!!!!!!!!!!!!!!!
20210405 102257.621 INFO             PET1 Running with ESMF Version   : ESMF_8_2_0_beta_snapshot_04-2-g0bc8ad813f
20210405 102257.622 INFO             PET1 ESMF library build date/time: "Apr  5 2021" "08:56:45"
20210405 102257.622 INFO             PET1 ESMF library build location : /p/work/mpotts/intel_2017.5_mpi_O
20210405 102257.622 INFO             PET1 ESMF_COMM                   : mpi
20210405 102257.624 INFO             PET1 ESMF_MOAB                   : enabled
20210405 102257.624 INFO             PET1 ESMF_LAPACK                 : enabled
20210405 102257.624 INFO             PET1 ESMF_NETCDF                 : enabled
20210405 102257.624 INFO             PET1 ESMF_PNETCDF                : disabled
20210405 102257.624 INFO             PET1 ESMF_PIO                    : enabled
20210405 102257.624 INFO             PET1 ESMF_YAMLCPP                : enabled
20210405 102257.651 INFO             PET1  NUMBER_OF_PROCESSORS           4
20210405 102257.651 INFO             PET1  PASS  Example ESMF_VMUserMpiEx, ESMF_VMUserMpiEx.F90, line 96
20210405 102257.651 INFO             PET1 Finalizing ESMF
20210405 102257.616 INFO             PET2 !!!!!!!!!!!!!!!!!!!!!!!!!!!!!!!!!!!!!!!!!!!!!!!!!!!!!!
20210405 102257.621 INFO             PET2 !!! THE ESMF_LOG IS SET TO OUTPUT ALL LOG MESSAGES !!!
20210405 102257.621 INFO             PET2 !!!     THIS MAY CAUSE SLOWDOWN IN PERFORMANCE     !!!
20210405 102257.621 INFO             PET2 !!! FOR PRODUCTION RUNS, USE:                      !!!
20210405 102257.621 INFO             PET2 !!!                   ESMF_LOGKIND_Multi_On_Error  !!!
20210405 102257.621 INFO             PET2 !!!!!!!!!!!!!!!!!!!!!!!!!!!!!!!!!!!!!!!!!!!!!!!!!!!!!!
20210405 102257.621 INFO             PET2 Running with ESMF Version   : ESMF_8_2_0_beta_snapshot_04-2-g0bc8ad813f
20210405 102257.622 INFO             PET2 ESMF library build date/time: "Apr  5 2021" "08:56:45"
20210405 102257.622 INFO             PET2 ESMF library build location : /p/work/mpotts/intel_2017.5_mpi_O
20210405 102257.622 INFO             PET2 ESMF_COMM                   : mpi
20210405 102257.624 INFO             PET2 ESMF_MOAB                   : enabled
20210405 102257.624 INFO             PET2 ESMF_LAPACK                 : enabled
20210405 102257.624 INFO             PET2 ESMF_NETCDF                 : enabled
20210405 102257.624 INFO             PET2 ESMF_PNETCDF                : disabled
20210405 102257.624 INFO             PET2 ESMF_PIO                    : enabled
20210405 102257.624 INFO             PET2 ESMF_YAMLCPP                : enabled
20210405 102257.651 INFO             PET2  NUMBER_OF_PROCESSORS           4
20210405 102257.651 INFO             PET2  PASS  Example ESMF_VMUserMpiEx, ESMF_VMUserMpiEx.F90, line 96
20210405 102257.651 INFO             PET2 Finalizing ESMF
20210405 102257.616 INFO             PET3 !!!!!!!!!!!!!!!!!!!!!!!!!!!!!!!!!!!!!!!!!!!!!!!!!!!!!!
20210405 102257.621 INFO             PET3 !!! THE ESMF_LOG IS SET TO OUTPUT ALL LOG MESSAGES !!!
20210405 102257.621 INFO             PET3 !!!     THIS MAY CAUSE SLOWDOWN IN PERFORMANCE     !!!
20210405 102257.621 INFO             PET3 !!! FOR PRODUCTION RUNS, USE:                      !!!
20210405 102257.621 INFO             PET3 !!!                   ESMF_LOGKIND_Multi_On_Error  !!!
20210405 102257.621 INFO             PET3 !!!!!!!!!!!!!!!!!!!!!!!!!!!!!!!!!!!!!!!!!!!!!!!!!!!!!!
20210405 102257.621 INFO             PET3 Running with ESMF Version   : ESMF_8_2_0_beta_snapshot_04-2-g0bc8ad813f
20210405 102257.622 INFO             PET3 ESMF library build date/time: "Apr  5 2021" "08:56:45"
20210405 102257.622 INFO             PET3 ESMF library build location : /p/work/mpotts/intel_2017.5_mpi_O
20210405 102257.622 INFO             PET3 ESMF_COMM                   : mpi
20210405 102257.624 INFO             PET3 ESMF_MOAB                   : enabled
20210405 102257.624 INFO             PET3 ESMF_LAPACK                 : enabled
20210405 102257.624 INFO             PET3 ESMF_NETCDF                 : enabled
20210405 102257.624 INFO             PET3 ESMF_PNETCDF                : disabled
20210405 102257.624 INFO             PET3 ESMF_PIO                    : enabled
20210405 102257.624 INFO             PET3 ESMF_YAMLCPP                : enabled
20210405 102257.651 INFO             PET3  NUMBER_OF_PROCESSORS           4
20210405 102257.651 INFO             PET3  PASS  Example ESMF_VMUserMpiEx, ESMF_VMUserMpiEx.F90, line 96
20210405 102257.651 INFO             PET3 Finalizing ESMF
