 contents before scatter/gather:
           0  array1:            1
           0  array1:            2
           0  array1:            3
 contents before scatter/gather:
           0  array1:            4
           0  array1:            5
           0  array1:            6
           0  array1:            7
           0  array1:            8
 contents before scatter/gather:
 contents before scatter/gather:
           2  array1:          201
           3  array1:          301
           1  array1:          101
           2  array1:          202
           3  array1:          302
           1  array1:          102
           2  array1:          203
           3  array1:          303
           3  array1:          304
           3  array1:          305
           3  array1:          306
           1  array1:          103
           2  array1:          204
           3  array1:          307
           1  array1:          104
           1  array1:          105
           1  array1:          106
           2  array1:          205
           3  array1:          308
           1  array1:          107
           1  array1:          108
           2  array1:          206
           2  array1:          207
           2  array1:          208
 scatter result:
           0  array2:            1
           0  array2:            2
 gather result:
           0  array1:            1
           0  array1:            2
           0  array1:            3
           0  array1:            4
           0  array1:            5
           0  array1:            6
           0  array1:            7
           0  array1:            8
 scatter result:
 scatter result:
 scatter result:
           2  array2:            5
           1  array2:            3
           1  array2:            4
 gather result:
           3  array2:            7
           2  array2:            6
           3  array2:            8
 gather result:
           2  array1:          201
           2  array1:          202
           2  array1:          203
           2  array1:          204
           1  array1:          101
 gather result:
           2  array1:          205
           2  array1:          206
           2  array1:          207
           1  array1:          102
           3  array1:            1
           2  array1:          208
           1  array1:          103
           1  array1:          104
           1  array1:          105
           3  array1:            2
           1  array1:          106
           3  array1:            3
           1  array1:          107
           3  array1:            4
           1  array1:          108
           3  array1:            5
           3  array1:            6
           3  array1:            7
           3  array1:            8
  PASS  Example ESMF_VMScatterVMGatherEx, ESMF_VMScatterVMGatherEx.F90, line 120
  PASS  Example ESMF_VMScatterVMGatherEx, ESMF_VMScatterVMGatherEx.F90, line 120
  PASS  Example ESMF_VMScatterVMGatherEx, ESMF_VMScatterVMGatherEx.F90, line 120
  PASS  Example ESMF_VMScatterVMGatherEx, ESMF_VMScatterVMGatherEx.F90, line 120
 PASS: ESMF_VMScatterVMGatherEx.F90
 PASS: ESMF_VMScatterVMGatherEx.F90
 PASS: ESMF_VMScatterVMGatherEx.F90
 PASS: ESMF_VMScatterVMGatherEx.F90
Application 23960011 resources: utime ~0s, stime ~1s, Rss ~15640, inblocks ~3352, outblocks ~32
