build time -- 2021-04-23 11:01:38.395534
20210423 111423.445 INFO             PET0 !!!!!!!!!!!!!!!!!!!!!!!!!!!!!!!!!!!!!!!!!!!!!!!!!!!!!!
20210423 111423.445 INFO             PET0 !!! THE ESMF_LOG IS SET TO OUTPUT ALL LOG MESSAGES !!!
20210423 111423.445 INFO             PET0 !!!     THIS MAY CAUSE SLOWDOWN IN PERFORMANCE     !!!
20210423 111423.445 INFO             PET0 !!! FOR PRODUCTION RUNS, USE:                      !!!
20210423 111423.445 INFO             PET0 !!!                   ESMF_LOGKIND_Multi_On_Error  !!!
20210423 111423.445 INFO             PET0 !!!!!!!!!!!!!!!!!!!!!!!!!!!!!!!!!!!!!!!!!!!!!!!!!!!!!!
20210423 111423.445 INFO             PET0 Running with ESMF Version   : ESMF_8_1_1
20210423 111423.445 INFO             PET0 ESMF library build date/time: "Apr 23 2021" "11:00:53"
20210423 111423.445 INFO             PET0 ESMF library build location : /home/mpotts/gfortran_9.3.0_openmpi_g_patch_8.1.1
20210423 111423.445 INFO             PET0 ESMF_COMM                   : openmpi
20210423 111423.445 INFO             PET0 ESMF_MOAB                   : enabled
20210423 111423.445 INFO             PET0 ESMF_LAPACK                 : enabled
20210423 111423.445 INFO             PET0 ESMF_NETCDF                 : enabled
20210423 111423.445 INFO             PET0 ESMF_PNETCDF                : disabled
20210423 111423.445 INFO             PET0 ESMF_PIO                    : enabled
20210423 111423.445 INFO             PET0 ESMF_YAMLCPP                : enabled
20210423 111423.445 INFO             PET0 Log Write 2
20210423 111423.445 ERROR            PET0 Invalid object  - Convergence failure
20210423 111423.445 ERROR            PET0 ESMCI_Fraction.C:1444 ESMCI::Fraction::validate() must have non-zero denominator.
20210423 111423.445 ERROR            PET0 ESMCI_Time.C:838 ESMCI::Time::syncToRealTime() Wrong argument specified  - ; calkindflag is JULIANDAY, MODJULIANDAY or NOCALENDAR.
20210423 111423.445 ERROR            PET0 ESMF_Time.F90:1485 ESMF_TimeSyncToRealTime() Wrong argument specified  - Internal subroutine call returned Error
20210423 111423.445 ERROR            PET0 Wrong argument specified  - getting wall clock time
20210423 111423.445 INFO             PET0  NUMBER_OF_PROCESSORS           4
20210423 111423.445 INFO             PET0  PASS  Example ESMF_LogErrEx, ESMF_LogErrEx.F90, line 186
20210423 111423.445 INFO             PET0 Finalizing ESMF
20210423 111423.445 INFO             PET1 !!!!!!!!!!!!!!!!!!!!!!!!!!!!!!!!!!!!!!!!!!!!!!!!!!!!!!
20210423 111423.445 INFO             PET1 !!! THE ESMF_LOG IS SET TO OUTPUT ALL LOG MESSAGES !!!
20210423 111423.445 INFO             PET1 !!!     THIS MAY CAUSE SLOWDOWN IN PERFORMANCE     !!!
20210423 111423.445 INFO             PET1 !!! FOR PRODUCTION RUNS, USE:                      !!!
20210423 111423.445 INFO             PET1 !!!                   ESMF_LOGKIND_Multi_On_Error  !!!
20210423 111423.445 INFO             PET1 !!!!!!!!!!!!!!!!!!!!!!!!!!!!!!!!!!!!!!!!!!!!!!!!!!!!!!
20210423 111423.445 INFO             PET1 Running with ESMF Version   : ESMF_8_1_1
20210423 111423.445 INFO             PET1 ESMF library build date/time: "Apr 23 2021" "11:00:53"
20210423 111423.445 INFO             PET1 ESMF library build location : /home/mpotts/gfortran_9.3.0_openmpi_g_patch_8.1.1
20210423 111423.445 INFO             PET1 ESMF_COMM                   : openmpi
20210423 111423.445 INFO             PET1 ESMF_MOAB                   : enabled
20210423 111423.445 INFO             PET1 ESMF_LAPACK                 : enabled
20210423 111423.445 INFO             PET1 ESMF_NETCDF                 : enabled
20210423 111423.445 INFO             PET1 ESMF_PNETCDF                : disabled
20210423 111423.445 INFO             PET1 ESMF_PIO                    : enabled
20210423 111423.445 INFO             PET1 ESMF_YAMLCPP                : enabled
20210423 111423.445 INFO             PET1 Log Write 2
20210423 111423.445 ERROR            PET1 Invalid object  - Convergence failure
20210423 111423.445 ERROR            PET1 ESMCI_Fraction.C:1444 ESMCI::Fraction::validate() must have non-zero denominator.
20210423 111423.445 ERROR            PET1 ESMCI_Time.C:838 ESMCI::Time::syncToRealTime() Wrong argument specified  - ; calkindflag is JULIANDAY, MODJULIANDAY or NOCALENDAR.
20210423 111423.445 ERROR            PET1 ESMF_Time.F90:1485 ESMF_TimeSyncToRealTime() Wrong argument specified  - Internal subroutine call returned Error
20210423 111423.445 ERROR            PET1 Wrong argument specified  - getting wall clock time
20210423 111423.445 INFO             PET1  NUMBER_OF_PROCESSORS           4
20210423 111423.445 INFO             PET1  PASS  Example ESMF_LogErrEx, ESMF_LogErrEx.F90, line 186
20210423 111423.445 INFO             PET1 Finalizing ESMF
20210423 111423.445 INFO             PET2 !!!!!!!!!!!!!!!!!!!!!!!!!!!!!!!!!!!!!!!!!!!!!!!!!!!!!!
20210423 111423.445 INFO             PET2 !!! THE ESMF_LOG IS SET TO OUTPUT ALL LOG MESSAGES !!!
20210423 111423.445 INFO             PET2 !!!     THIS MAY CAUSE SLOWDOWN IN PERFORMANCE     !!!
20210423 111423.445 INFO             PET2 !!! FOR PRODUCTION RUNS, USE:                      !!!
20210423 111423.445 INFO             PET2 !!!                   ESMF_LOGKIND_Multi_On_Error  !!!
20210423 111423.445 INFO             PET2 !!!!!!!!!!!!!!!!!!!!!!!!!!!!!!!!!!!!!!!!!!!!!!!!!!!!!!
20210423 111423.445 INFO             PET2 Running with ESMF Version   : ESMF_8_1_1
20210423 111423.445 INFO             PET2 ESMF library build date/time: "Apr 23 2021" "11:00:53"
20210423 111423.445 INFO             PET2 ESMF library build location : /home/mpotts/gfortran_9.3.0_openmpi_g_patch_8.1.1
20210423 111423.445 INFO             PET2 ESMF_COMM                   : openmpi
20210423 111423.445 INFO             PET2 ESMF_MOAB                   : enabled
20210423 111423.445 INFO             PET2 ESMF_LAPACK                 : enabled
20210423 111423.445 INFO             PET2 ESMF_NETCDF                 : enabled
20210423 111423.445 INFO             PET2 ESMF_PNETCDF                : disabled
20210423 111423.445 INFO             PET2 ESMF_PIO                    : enabled
20210423 111423.445 INFO             PET2 ESMF_YAMLCPP                : enabled
20210423 111423.445 INFO             PET2 Log Write 2
20210423 111423.445 ERROR            PET2 Invalid object  - Convergence failure
20210423 111423.445 ERROR            PET2 ESMCI_Fraction.C:1444 ESMCI::Fraction::validate() must have non-zero denominator.
20210423 111423.445 ERROR            PET2 ESMCI_Time.C:838 ESMCI::Time::syncToRealTime() Wrong argument specified  - ; calkindflag is JULIANDAY, MODJULIANDAY or NOCALENDAR.
20210423 111423.445 ERROR            PET2 ESMF_Time.F90:1485 ESMF_TimeSyncToRealTime() Wrong argument specified  - Internal subroutine call returned Error
20210423 111423.445 ERROR            PET2 Wrong argument specified  - getting wall clock time
20210423 111423.445 INFO             PET2  NUMBER_OF_PROCESSORS           4
20210423 111423.445 INFO             PET2  PASS  Example ESMF_LogErrEx, ESMF_LogErrEx.F90, line 186
20210423 111423.445 INFO             PET2 Finalizing ESMF
20210423 111423.445 INFO             PET3 !!!!!!!!!!!!!!!!!!!!!!!!!!!!!!!!!!!!!!!!!!!!!!!!!!!!!!
20210423 111423.445 INFO             PET3 !!! THE ESMF_LOG IS SET TO OUTPUT ALL LOG MESSAGES !!!
20210423 111423.445 INFO             PET3 !!!     THIS MAY CAUSE SLOWDOWN IN PERFORMANCE     !!!
20210423 111423.445 INFO             PET3 !!! FOR PRODUCTION RUNS, USE:                      !!!
20210423 111423.445 INFO             PET3 !!!                   ESMF_LOGKIND_Multi_On_Error  !!!
20210423 111423.445 INFO             PET3 !!!!!!!!!!!!!!!!!!!!!!!!!!!!!!!!!!!!!!!!!!!!!!!!!!!!!!
20210423 111423.445 INFO             PET3 Running with ESMF Version   : ESMF_8_1_1
20210423 111423.445 INFO             PET3 ESMF library build date/time: "Apr 23 2021" "11:00:53"
20210423 111423.445 INFO             PET3 ESMF library build location : /home/mpotts/gfortran_9.3.0_openmpi_g_patch_8.1.1
20210423 111423.445 INFO             PET3 ESMF_COMM                   : openmpi
20210423 111423.445 INFO             PET3 ESMF_MOAB                   : enabled
20210423 111423.445 INFO             PET3 ESMF_LAPACK                 : enabled
20210423 111423.445 INFO             PET3 ESMF_NETCDF                 : enabled
20210423 111423.445 INFO             PET3 ESMF_PNETCDF                : disabled
20210423 111423.445 INFO             PET3 ESMF_PIO                    : enabled
20210423 111423.445 INFO             PET3 ESMF_YAMLCPP                : enabled
20210423 111423.445 INFO             PET3 Log Write 2
20210423 111423.445 ERROR            PET3 Invalid object  - Convergence failure
20210423 111423.445 ERROR            PET3 ESMCI_Fraction.C:1444 ESMCI::Fraction::validate() must have non-zero denominator.
20210423 111423.445 ERROR            PET3 ESMCI_Time.C:838 ESMCI::Time::syncToRealTime() Wrong argument specified  - ; calkindflag is JULIANDAY, MODJULIANDAY or NOCALENDAR.
20210423 111423.445 ERROR            PET3 ESMF_Time.F90:1485 ESMF_TimeSyncToRealTime() Wrong argument specified  - Internal subroutine call returned Error
20210423 111423.445 ERROR            PET3 Wrong argument specified  - getting wall clock time
20210423 111423.445 INFO             PET3  NUMBER_OF_PROCESSORS           4
20210423 111423.445 INFO             PET3  PASS  Example ESMF_LogErrEx, ESMF_LogErrEx.F90, line 186
20210423 111423.445 INFO             PET3 Finalizing ESMF
