20210313 091208.644 INFO             PET0 !!!!!!!!!!!!!!!!!!!!!!!!!!!!!!!!!!!!!!!!!!!!!!!!!!!!!!
20210313 091208.644 INFO             PET0 !!! THE ESMF_LOG IS SET TO OUTPUT ALL LOG MESSAGES !!!
20210313 091208.644 INFO             PET0 !!!     THIS MAY CAUSE SLOWDOWN IN PERFORMANCE     !!!
20210313 091208.644 INFO             PET0 !!! FOR PRODUCTION RUNS, USE:                      !!!
20210313 091208.644 INFO             PET0 !!!                   ESMF_LOGKIND_Multi_On_Error  !!!
20210313 091208.644 INFO             PET0 !!!!!!!!!!!!!!!!!!!!!!!!!!!!!!!!!!!!!!!!!!!!!!!!!!!!!!
20210313 091208.644 INFO             PET0 Running with ESMF Version   : ESMF_8_1_0_beta_snapshot_47-35-g10f0a3f927
20210313 091208.644 INFO             PET0 ESMF library build date/time: "Mar 13 2021" "08:44:36"
20210313 091208.644 INFO             PET0 ESMF library build location : /glade/scratch/mpotts/gfortran_7.4.0_openmpi_g
20210313 091208.644 INFO             PET0 ESMF_COMM                   : openmpi
20210313 091208.644 INFO             PET0 ESMF_MOAB                   : enabled
20210313 091208.644 INFO             PET0 ESMF_LAPACK                 : enabled
20210313 091208.644 INFO             PET0 ESMF_NETCDF                 : enabled
20210313 091208.644 INFO             PET0 ESMF_PNETCDF                : disabled
20210313 091208.644 INFO             PET0 ESMF_PIO                    : enabled
20210313 091208.644 INFO             PET0 ESMF_YAMLCPP                : enabled
20210313 091208.644 INFO             PET0  NUMBER_OF_PROCESSORS           4
20210313 091208.644 INFO             PET0  PASS  Example ESMF_VMUserMpiCommMultiEx, ESMF_VMUserMpiCommMultiEx.F90, line 126
20210313 091208.644 INFO             PET0 Finalizing ESMF
20210313 091208.629 INFO             PET0 !!!!!!!!!!!!!!!!!!!!!!!!!!!!!!!!!!!!!!!!!!!!!!!!!!!!!!
20210313 091208.629 INFO             PET0 !!! THE ESMF_LOG IS SET TO OUTPUT ALL LOG MESSAGES !!!
20210313 091208.629 INFO             PET0 !!!     THIS MAY CAUSE SLOWDOWN IN PERFORMANCE     !!!
20210313 091208.629 INFO             PET0 !!! FOR PRODUCTION RUNS, USE:                      !!!
20210313 091208.629 INFO             PET0 !!!                   ESMF_LOGKIND_Multi_On_Error  !!!
20210313 091208.629 INFO             PET0 !!!!!!!!!!!!!!!!!!!!!!!!!!!!!!!!!!!!!!!!!!!!!!!!!!!!!!
20210313 091208.629 INFO             PET0 Running with ESMF Version   : ESMF_8_1_0_beta_snapshot_47-35-g10f0a3f927
20210313 091208.629 INFO             PET0 ESMF library build date/time: "Mar 13 2021" "08:44:36"
20210313 091208.629 INFO             PET0 ESMF library build location : /glade/scratch/mpotts/gfortran_7.4.0_openmpi_g
20210313 091208.629 INFO             PET0 ESMF_COMM                   : openmpi
20210313 091208.629 INFO             PET0 ESMF_MOAB                   : enabled
20210313 091208.629 INFO             PET0 ESMF_LAPACK                 : enabled
20210313 091208.629 INFO             PET0 ESMF_NETCDF                 : enabled
20210313 091208.629 INFO             PET0 ESMF_PNETCDF                : disabled
20210313 091208.629 INFO             PET0 ESMF_PIO                    : enabled
20210313 091208.629 INFO             PET0 ESMF_YAMLCPP                : enabled
20210313 091208.645 INFO             PET0  NUMBER_OF_PROCESSORS           4
20210313 091208.645 INFO             PET0  PASS  Example ESMF_VMUserMpiCommMultiEx, ESMF_VMUserMpiCommMultiEx.F90, line 154
20210313 091208.645 INFO             PET0 Finalizing ESMF
20210313 091208.628 INFO             PET1 !!!!!!!!!!!!!!!!!!!!!!!!!!!!!!!!!!!!!!!!!!!!!!!!!!!!!!
20210313 091208.628 INFO             PET1 !!! THE ESMF_LOG IS SET TO OUTPUT ALL LOG MESSAGES !!!
20210313 091208.628 INFO             PET1 !!!     THIS MAY CAUSE SLOWDOWN IN PERFORMANCE     !!!
20210313 091208.628 INFO             PET1 !!! FOR PRODUCTION RUNS, USE:                      !!!
20210313 091208.628 INFO             PET1 !!!                   ESMF_LOGKIND_Multi_On_Error  !!!
20210313 091208.628 INFO             PET1 !!!!!!!!!!!!!!!!!!!!!!!!!!!!!!!!!!!!!!!!!!!!!!!!!!!!!!
20210313 091208.628 INFO             PET1 Running with ESMF Version   : ESMF_8_1_0_beta_snapshot_47-35-g10f0a3f927
20210313 091208.628 INFO             PET1 ESMF library build date/time: "Mar 13 2021" "08:44:36"
20210313 091208.628 INFO             PET1 ESMF library build location : /glade/scratch/mpotts/gfortran_7.4.0_openmpi_g
20210313 091208.628 INFO             PET1 ESMF_COMM                   : openmpi
20210313 091208.628 INFO             PET1 ESMF_MOAB                   : enabled
20210313 091208.628 INFO             PET1 ESMF_LAPACK                 : enabled
20210313 091208.628 INFO             PET1 ESMF_NETCDF                 : enabled
20210313 091208.628 INFO             PET1 ESMF_PNETCDF                : disabled
20210313 091208.628 INFO             PET1 ESMF_PIO                    : enabled
20210313 091208.628 INFO             PET1 ESMF_YAMLCPP                : enabled
20210313 091208.645 INFO             PET1  NUMBER_OF_PROCESSORS           4
20210313 091208.645 INFO             PET1  PASS  Example ESMF_VMUserMpiCommMultiEx, ESMF_VMUserMpiCommMultiEx.F90, line 126
20210313 091208.645 INFO             PET1 Finalizing ESMF
20210313 091208.644 INFO             PET1 !!!!!!!!!!!!!!!!!!!!!!!!!!!!!!!!!!!!!!!!!!!!!!!!!!!!!!
20210313 091208.644 INFO             PET1 !!! THE ESMF_LOG IS SET TO OUTPUT ALL LOG MESSAGES !!!
20210313 091208.644 INFO             PET1 !!!     THIS MAY CAUSE SLOWDOWN IN PERFORMANCE     !!!
20210313 091208.644 INFO             PET1 !!! FOR PRODUCTION RUNS, USE:                      !!!
20210313 091208.644 INFO             PET1 !!!                   ESMF_LOGKIND_Multi_On_Error  !!!
20210313 091208.644 INFO             PET1 !!!!!!!!!!!!!!!!!!!!!!!!!!!!!!!!!!!!!!!!!!!!!!!!!!!!!!
20210313 091208.644 INFO             PET1 Running with ESMF Version   : ESMF_8_1_0_beta_snapshot_47-35-g10f0a3f927
20210313 091208.644 INFO             PET1 ESMF library build date/time: "Mar 13 2021" "08:44:36"
20210313 091208.644 INFO             PET1 ESMF library build location : /glade/scratch/mpotts/gfortran_7.4.0_openmpi_g
20210313 091208.644 INFO             PET1 ESMF_COMM                   : openmpi
20210313 091208.644 INFO             PET1 ESMF_MOAB                   : enabled
20210313 091208.644 INFO             PET1 ESMF_LAPACK                 : enabled
20210313 091208.644 INFO             PET1 ESMF_NETCDF                 : enabled
20210313 091208.644 INFO             PET1 ESMF_PNETCDF                : disabled
20210313 091208.644 INFO             PET1 ESMF_PIO                    : enabled
20210313 091208.645 INFO             PET1 ESMF_YAMLCPP                : enabled
20210313 091208.645 INFO             PET1  NUMBER_OF_PROCESSORS           4
20210313 091208.645 INFO             PET1  PASS  Example ESMF_VMUserMpiCommMultiEx, ESMF_VMUserMpiCommMultiEx.F90, line 154
20210313 091208.645 INFO             PET1 Finalizing ESMF
