--- ESMCI::ArrayBundle::print start ---
ArrayBundle: MyArrayBundle
arrayCount = 3
Container::print() multipmap:item=0 key=AonFly value=0x7f9e24804e00
Container::print() multipmap:item=1 key=Array002 value=0x7f9e24803600
Container::print() multipmap:item=2 key=Array003 value=0x7f9e24803c00
Container::print()      list:item=0 key=Array002 value=0x7f9e24803600
Container::print()      list:item=1 key=Array003 value=0x7f9e24803c00
Container::print()      list:item=2 key=AonFly value=0x7f9e24804e00
--- ESMCI::ArrayBundle::print end ---
--- ESMCI::ArrayBundle::print start ---
ArrayBundle: MyArrayBundle
arrayCount = 3
Container::print() multipmap:item=0 key=AonFly value=0x7ff55e007a00
Container::print() multipmap:item=1 key=Array002 value=0x7ff55e006200
Container::print() multipmap:item=2 key=Array003 value=0x7ff55e006800
Container::print()      list:item=0 key=Array002 value=0x7ff55e006200
Container::print()      list:item=1 key=Array003 value=0x7ff55e006800
Container::print()      list:item=2 key=AonFly value=0x7ff55e007a00
--- ESMCI::ArrayBundle::print end ---
--- ESMCI::Array::print start ---
 Base name    = AonFly
 Status: Base = Ready,  object = Ready
--- ESMCI::ArrayBundle::print start ---
ArrayBundle: MyArrayBundle
arrayCount = 3
Container::print() multipmap:item=0 key=AonFly value=0x7fcb35812000
Container::print() multipmap:item=1 key=Array002 value=0x7fcb35810800
Container::print() multipmap:item=2 key=Array003 value=0x7fcb35810e00
Container::print()      list:item=0 key=Array002 value=0x7fcb35810800
Container::print()      list:item=1 key=Array003 value=0x7fcb35810e00
Container::print()      list:item=2 key=AonFly value=0x7fcb35812000
--- ESMCI::ArrayBundle::print end ---
--- ESMCI::Array::print start ---
 Base name    = AonFly
 Status: Base = Ready,  object = Ready
 Proxy        = no
--- ESMCI::ArrayBundle::print start ---
ArrayBundle: MyArrayBundle
arrayCount = 3
Container::print() multipmap:item=0 key=AonFly value=0x7fb1a7004800
Container::print() multipmap:item=1 key=Array002 value=0x7fb1a7003000
Container::print() multipmap:item=2 key=Array003 value=0x7fb1a7003600
Container::print()      list:item=0 key=Array002 value=0x7fb1a7003000
Container::print()      list:item=1 key=Array003 value=0x7fb1a7003600
Container::print()      list:item=2 key=AonFly value=0x7fb1a7004800
--- ESMCI::ArrayBundle::print end ---
--- ESMCI::Array::print start ---
 Base name    = AonFly
 Status: Base = Ready,  object = Ready
 Proxy        = no
 Root Info (Attributes):
--- ESMCI::Array::print start ---
 Base name    = AonFly
 Status: Base = Ready,  object = Ready
 Proxy        = no
 Root Info (Attributes):
 Proxy        = no
 Root Info (Attributes):
 Root Info (Attributes):
{}Array typekind/rank: Real*4 / 2 
~ lower class' values ~
DistGrid dimCount = 2
deCount = 6
localDeCount = 1
~ local data in LocalArray for DE 3 ~
LocalArrayPrint: Array at address 0x7fb1b5d033a0:
            rank = 2, typekind = 5, base_addr = 0x7fb1b5d02d40
            dim[0] = 2  dim[1] = 2  
  Real, *4, Dim 2, Data values:
( 1, 1) =  0
( 2, 1) =  -1.0842e-19
( 1, 2) =  0
( 2, 2) =  -1.0842e-19
dim 1: [0]: [1 [1 [1, 2] 2] 2]
dim 2: [1]: [1 [1 [1, 2] 2] 2]
--- ESMCI::Array::print end ---
--- ESMCI::Array::print start ---
 Base name    = Array002
{}Array typekind/rank: Real*4 / 2 
~ lower class' values ~
DistGrid dimCount = 2
deCount = 6
localDeCount = 2
~ local data in LocalArray for DE 0 ~
LocalArrayPrint: Array at address 0x7f9e33d0cc40:
            rank = 2, typekind = 5, base_addr = 0x7f9e33d0c270
            dim[0] = 3  dim[1] = 2  
  Real, *4, Dim 2, Data values:
( 1, 1) =  0
( 2, 1) =  -2
( 3, 1) =  0
( 1, 2) =  -2
( 2, 2) =  9.68576e-08
( 3, 2) =  4.57804e-41
dim 1: [0]: [1 [1 [1, 3] 3] 3]
dim 2: [1]: [1 [1 [1, 2] 2] 2]
~ local data in LocalArray for DE 4 ~
LocalArrayPrint: Array at address 0x7f9e33d0cf70:
{}Array typekind/rank: Real*4 / 2 
~ lower class' values ~
DistGrid dimCount = 2
deCount = 6
localDeCount = 2
~ local data in LocalArray for DE 1 ~
LocalArrayPrint: Array at address 0x7ff56d60da30:
            rank = 2, typekind = 5, base_addr = 0x7ff56d60d070
            dim[0] = 2  dim[1] = 2  
  Real, *4, Dim 2, Data values:
( 1, 1) =  0
( 2, 1) =  1.0842e-19
( 1, 2) =  0
( 2, 2) =  1.0842e-19
dim 1: [0]: [1 [1 [1, 2] 2] 2]
dim 2: [1]: [1 [1 [1, 2] 2] 2]
~ local data in LocalArray for DE 5 ~
LocalArrayPrint: Array at address 0x7ff56d60dd60:
            rank = 2, typekind = 5, base_addr = 0x7ff56d60d080
            dim[0] = 2  dim[1] = 1  
  Real, *4, Dim 2, Data values:
{}Array typekind/rank: Real*4 / 2 
~ lower class' values ~
DistGrid dimCount = 2
deCount = 6
localDeCount = 1
~ local data in LocalArray for DE 2 ~
LocalArrayPrint: Array at address 0x7fcb45627ca0:
            rank = 2, typekind = 5, base_addr = 0x7fcb45627630
            dim[0] = 3  dim[1] = 2  
  Real, *4, Dim 2, Data values:
( 1, 1) =  0
( 2, 1) =  -8.58993e+09
( 3, 1) =  0
( 1, 2) =  -8.58993e+09
( 2, 2) =  3616
( 3, 2) =  4.58435e-41
dim 1: [0]: [1 [1 [1, 3] 3] 3]
dim 2: [1]: [1 [1 [1, 2] 2] 2]
--- ESMCI::Array::print end ---
--- ESMCI::Array::print start ---
 Base name    = Array002
            rank = 2, typekind = 5, base_addr = 0x7f9e33d0c290
            dim[0] = 3  dim[1] = 1  
  Real, *4, Dim 2, Data values:
( 1, 1) =  0
( 2, 1) =  -2
( 3, 1) =  0
dim 1: [0]: [1 [1 [1, 3] 3] 3]
dim 2: [1]: [1 [1 [1, 1] 1] 1]
--- ESMCI::Array::print end ---
--- ESMCI::Array::print start ---
 Base name    = Array002
 Status: Base = Ready,  object = Ready
 Proxy        = no
 Root Info (Attributes):
{}Array typekind/rank: Real*8 / 2 
~ lower class' values ~
DistGrid dimCount = 2
deCount = 6
( 1, 1) =  0
( 2, 1) =  1.0842e-19
dim 1: [0]: [1 [1 [1, 2] 2] 2]
dim 2: [1]: [1 [1 [1, 1] 1] 1]
--- ESMCI::Array::print end ---
--- ESMCI::Array::print start ---
 Base name    = Array002
 Status: Base = Ready,  object = Ready
 Proxy        = no
 Root Info (Attributes):
{}Array typekind/rank: Real*8 / 2 
~ lower class' values ~
DistGrid dimCount = 2
deCount = 6
localDeCount = 2
~ local data in LocalArray for DE 1 ~
LocalArrayPrint: Array at address 0x7ff56d60b1e0:
 Status: Base = Ready,  object = Ready
 Proxy        = no
 Root Info (Attributes):
{}Array typekind/rank: Real*8 / 2 
~ lower class' values ~
DistGrid dimCount = 2
deCount = 6
localDeCount = 1
~ local data in LocalArray for DE 2 ~
LocalArrayPrint: Array at address 0x7fcb45626160:
            rank = 2, typekind = 6, base_addr = 0x7fcb45625e70
            dim[0] = 3  dim[1] = 2  
  Real, *8, Dim 2, Data values:
( 1, 1) =  -2.31584e+77
( 2, 1) =  -2.31584e+77
 Status: Base = Ready,  object = Ready
 Proxy        = no
 Root Info (Attributes):
{}Array typekind/rank: Real*8 / 2 
~ lower class' values ~
DistGrid dimCount = 2
deCount = 6
localDeCount = 1
~ local data in LocalArray for DE 3 ~
LocalArrayPrint: Array at address 0x7fb1b5d018a0:
            rank = 2, typekind = 6, base_addr = 0x7fb1b5d011d0
            dim[0] = 2  dim[1] = 2  
  Real, *8, Dim 2, Data values:
( 1, 1) =  -1.49167e-154
( 2, 1) =  -1.49167e-154
( 1, 2) =  2.122e-314
( 2, 2) =  4.17203e-309
dim 1: [0]: [1 [1 [1, 2] 2] 2]
dim 2: [1]: [1 [1 [1, 2] 2] 2]
--- ESMCI::Array::print end ---
localDeCount = 2
~ local data in LocalArray for DE 0 ~
LocalArrayPrint: Array at address 0x7f9e33d0a380:
            rank = 2, typekind = 6, base_addr = 0x7f9e33d0a030
            dim[0] = 3  dim[1] = 2  
  Real, *8, Dim 2, Data values:
( 1, 1) =  -2
( 2, 1) =  -2
( 3, 1) =  2.122e-314
( 1, 2) =  4.17203e-309
( 2, 2) =  6.9326e-310
( 3, 2) =  6.9326e-310
dim 1: [0]: [1 [1 [1, 3] 3] 3]
dim 2: [1]: [1 [1 [1, 2] 2] 2]
~ local data in LocalArray for DE 4 ~
LocalArrayPrint: Array at address 0x7f9e33d0a6b0:
            rank = 2, typekind = 6, base_addr = 0x7f9e33d0a060
            dim[0] = 3  dim[1] = 1  
  Real, *8, Dim 2, Data values:
( 1, 1) =  -2
( 2, 1) =  -2
( 3, 1) =  -2
            rank = 2, typekind = 6, base_addr = 0x7ff56d60ae90
            dim[0] = 2  dim[1] = 2  
  Real, *8, Dim 2, Data values:
( 1, 1) =  1.49167e-154
( 2, 1) =  1.49167e-154
( 1, 2) =  2.122e-314
( 2, 2) =  4.17203e-309
dim 1: [0]: [1 [1 [1, 2] 2] 2]
dim 2: [1]: [1 [1 [1, 2] 2] 2]
~ local data in LocalArray for DE 5 ~
LocalArrayPrint: Array at address 0x7ff56d60b510:
            rank = 2, typekind = 6, base_addr = 0x7ff56d60aeb0
            dim[0] = 2  dim[1] = 1  
  Real, *8, Dim 2, Data values:
( 1, 1) =  1.49167e-154
( 2, 1) =  1.49167e-154
dim 1: [0]: [1 [1 [1, 2] 2] 2]
dim 2: [1]: [1 [1 [1, 1] 1] 1]
--- ESMCI::Array::print end ---
--- ESMCI::Array::print start ---
 Base name    = Array003
( 3, 1) =  2.122e-314
( 1, 2) =  4.17203e-309
( 2, 2) =  6.94217e-310
( 3, 2) =  6.94217e-310
dim 1: [0]: [1 [1 [1, 3] 3] 3]
dim 2: [1]: [1 [1 [1, 2] 2] 2]
--- ESMCI::Array::print end ---
--- ESMCI::Array::print start ---
 Base name    = Array003
 Status: Base = Ready,  object = Ready
 Proxy        = no
 Root Info (Attributes):
{}Array typekind/rank: Real*8 / 2 
~ lower class' values ~
DistGrid dimCount = 2
deCount = 6
localDeCount = 1
~ local data in LocalArray for DE 2 ~
LocalArrayPrint: Array at address 0x7fcb45626640:
            rank = 2, typekind = 6, base_addr = 0x7fcb45622040
--- ESMCI::Array::print start ---
 Base name    = Array003
 Status: Base = Ready,  object = Ready
 Proxy        = no
 Root Info (Attributes):
{}Array typekind/rank: Real*8 / 2 
~ lower class' values ~
DistGrid dimCount = 2
deCount = 6
localDeCount = 1
~ local data in LocalArray for DE 3 ~
LocalArrayPrint: Array at address 0x7fb1b5d01d70:
            rank = 2, typekind = 6, base_addr = 0x7fb1b5d00be0
            dim[0] = 2  dim[1] = 2  
  Real, *8, Dim 2, Data values:
( 1, 1) =  -1.49167e-154
( 2, 1) =  -1.49167e-154
( 1, 2) =  -1.49167e-154
( 2, 2) =  -1.49167e-154
dim 1: [0]: [1 [1 [1, 2] 2] 2]
dim 2: [1]: [1 [1 [1, 2] 2] 2]
--- ESMCI::Array::print end ---
dim 1: [0]: [1 [1 [1, 3] 3] 3]
dim 2: [1]: [1 [1 [1, 1] 1] 1]
--- ESMCI::Array::print end ---
--- ESMCI::Array::print start ---
 Base name    = Array003
 Status: Base = Ready,  object = Ready
 Proxy        = no
 Root Info (Attributes):
{}Array typekind/rank: Real*8 / 2 
~ lower class' values ~
DistGrid dimCount = 2
deCount = 6
localDeCount = 2
~ local data in LocalArray for DE 0 ~
LocalArrayPrint: Array at address 0x7f9e33d0aba0:
            rank = 2, typekind = 6, base_addr = 0x7f9e33d09fb0
            dim[0] = 3  dim[1] = 2  
  Real, *8, Dim 2, Data values:
 Status: Base = Ready,  object = Ready
 Proxy        = no
 Root Info (Attributes):
{}Array typekind/rank: Real*8 / 2 
~ lower class' values ~
DistGrid dimCount = 2
deCount = 6
localDeCount = 2
~ local data in LocalArray for DE 1 ~
LocalArrayPrint: Array at address 0x7ff56d60b9e0:
            rank = 2, typekind = 6, base_addr = 0x7ff56d60ae10
            dim[0] = 2  dim[1] = 2  
  Real, *8, Dim 2, Data values:
( 1, 1) =  1.49167e-154
( 2, 1) =  1.49167e-154
( 1, 2) =  1.49167e-154
( 2, 2) =  1.49167e-154
dim 1: [0]: [1 [1 [1, 2] 2] 2]
            dim[0] = 3  dim[1] = 2  
  Real, *8, Dim 2, Data values:
( 1, 1) =  -2.31584e+77
( 2, 1) =  -2.31584e+77
( 3, 1) =  -2.31584e+77
( 1, 2) =  -2.31584e+77
( 2, 2) =  -2.31584e+77
( 3, 2) =  -2.31584e+77
dim 1: [0]: [1 [1 [1, 3] 3] 3]
dim 2: [1]: [1 [1 [1, 2] 2] 2]
--- ESMCI::Array::print end ---
( 1, 1) =  -2
( 2, 1) =  -2
( 3, 1) =  -2
( 1, 2) =  -2
( 2, 2) =  -2
( 3, 2) =  -2
dim 1: [0]: [1 [1 [1, 3] 3] 3]
dim 2: [1]: [1 [1 [1, 2] 2] 2]
~ local data in LocalArray for DE 4 ~
LocalArrayPrint: Array at address 0x7f9e33d0aed0:
            rank = 2, typekind = 6, base_addr = 0x7f9e33d0b200
            dim[0] = 3  dim[1] = 1  
  Real, *8, Dim 2, Data values:
( 1, 1) =  0
( 2, 1) =  0
( 3, 1) =  0
dim 1: [0]: [1 [1 [1, 3] 3] 3]
dim 2: [1]: [1 [1 [1, 2] 2] 2]
~ local data in LocalArray for DE 5 ~
LocalArrayPrint: Array at address 0x7ff56d60bd10:
            rank = 2, typekind = 6, base_addr = 0x7ff56d60ae30
            dim[0] = 2  dim[1] = 1  
  Real, *8, Dim 2, Data values:
( 1, 1) =  1.49167e-154
( 2, 1) =  1.49167e-154
dim 1: [0]: [1 [1 [1, 2] 2] 2]
dim 2: [1]: [1 [1 [1, 1] 1] 1]
--- ESMCI::Array::print end ---
  PASS  Example ESMF_ArrayBundleEx, ESMF_ArrayBundleEx.F90, line 267
dim 2: [1]: [1 [1 [1, 1] 1] 1]
--- ESMCI::Array::print end ---
  PASS  Example ESMF_ArrayBundleEx, ESMF_ArrayBundleEx.F90, line 267
  PASS  Example ESMF_ArrayBundleEx, ESMF_ArrayBundleEx.F90, line 267
  PASS  Example ESMF_ArrayBundleEx, ESMF_ArrayBundleEx.F90, line 267
 PASS: ESMF_ArrayBundleEx.F90
 PASS: ESMF_ArrayBundleEx.F90
 PASS: ESMF_ArrayBundleEx.F90
 PASS: ESMF_ArrayBundleEx.F90
