20210412 030039.844 INFO             PET0 !!!!!!!!!!!!!!!!!!!!!!!!!!!!!!!!!!!!!!!!!!!!!!!!!!!!!!
20210412 030039.845 INFO             PET0 !!! THE ESMF_LOG IS SET TO OUTPUT ALL LOG MESSAGES !!!
20210412 030039.845 INFO             PET0 !!!     THIS MAY CAUSE SLOWDOWN IN PERFORMANCE     !!!
20210412 030039.845 INFO             PET0 !!! FOR PRODUCTION RUNS, USE:                      !!!
20210412 030039.845 INFO             PET0 !!!                   ESMF_LOGKIND_Multi_On_Error  !!!
20210412 030039.845 INFO             PET0 !!!!!!!!!!!!!!!!!!!!!!!!!!!!!!!!!!!!!!!!!!!!!!!!!!!!!!
20210412 030039.845 INFO             PET0 Running with ESMF Version   : ESMF_8_2_0_beta_snapshot_04-7-g3098c96
20210412 030039.845 INFO             PET0 ESMF library build date/time: "Apr 12 2021" "02:29:36"
20210412 030039.845 INFO             PET0 ESMF library build location : /work/noaa/da/mpotts/sandbox/intel_2020_intelmpi_g
20210412 030039.845 INFO             PET0 ESMF_COMM                   : intelmpi
20210412 030039.847 INFO             PET0 ESMF_MOAB                   : enabled
20210412 030039.847 INFO             PET0 ESMF_LAPACK                 : enabled
20210412 030039.847 INFO             PET0 ESMF_NETCDF                 : enabled
20210412 030039.847 INFO             PET0 ESMF_PNETCDF                : disabled
20210412 030039.847 INFO             PET0 ESMF_PIO                    : enabled
20210412 030039.847 INFO             PET0 ESMF_YAMLCPP                : enabled
20210412 030039.877 INFO             PET0  NUMBER_OF_PROCESSORS           4
20210412 030039.877 INFO             PET0  PASS  Example ESMF_VMUserMpiCommMultiEx, ESMF_VMUserMpiCommMultiEx.F90, line 126
20210412 030039.877 INFO             PET0 Finalizing ESMF
20210412 030039.846 INFO             PET0 !!!!!!!!!!!!!!!!!!!!!!!!!!!!!!!!!!!!!!!!!!!!!!!!!!!!!!
20210412 030039.846 INFO             PET0 !!! THE ESMF_LOG IS SET TO OUTPUT ALL LOG MESSAGES !!!
20210412 030039.846 INFO             PET0 !!!     THIS MAY CAUSE SLOWDOWN IN PERFORMANCE     !!!
20210412 030039.846 INFO             PET0 !!! FOR PRODUCTION RUNS, USE:                      !!!
20210412 030039.846 INFO             PET0 !!!                   ESMF_LOGKIND_Multi_On_Error  !!!
20210412 030039.846 INFO             PET0 !!!!!!!!!!!!!!!!!!!!!!!!!!!!!!!!!!!!!!!!!!!!!!!!!!!!!!
20210412 030039.846 INFO             PET0 Running with ESMF Version   : ESMF_8_2_0_beta_snapshot_04-7-g3098c96
20210412 030039.846 INFO             PET0 ESMF library build date/time: "Apr 12 2021" "02:29:36"
20210412 030039.846 INFO             PET0 ESMF library build location : /work/noaa/da/mpotts/sandbox/intel_2020_intelmpi_g
20210412 030039.846 INFO             PET0 ESMF_COMM                   : intelmpi
20210412 030039.858 INFO             PET0 ESMF_MOAB                   : enabled
20210412 030039.858 INFO             PET0 ESMF_LAPACK                 : enabled
20210412 030039.858 INFO             PET0 ESMF_NETCDF                 : enabled
20210412 030039.858 INFO             PET0 ESMF_PNETCDF                : disabled
20210412 030039.858 INFO             PET0 ESMF_PIO                    : enabled
20210412 030039.858 INFO             PET0 ESMF_YAMLCPP                : enabled
20210412 030039.858 INFO             PET0  NUMBER_OF_PROCESSORS           4
20210412 030039.858 INFO             PET0  PASS  Example ESMF_VMUserMpiCommMultiEx, ESMF_VMUserMpiCommMultiEx.F90, line 154
20210412 030039.858 INFO             PET0 Finalizing ESMF
20210412 030039.846 INFO             PET1 !!!!!!!!!!!!!!!!!!!!!!!!!!!!!!!!!!!!!!!!!!!!!!!!!!!!!!
20210412 030039.846 INFO             PET1 !!! THE ESMF_LOG IS SET TO OUTPUT ALL LOG MESSAGES !!!
20210412 030039.846 INFO             PET1 !!!     THIS MAY CAUSE SLOWDOWN IN PERFORMANCE     !!!
20210412 030039.846 INFO             PET1 !!! FOR PRODUCTION RUNS, USE:                      !!!
20210412 030039.846 INFO             PET1 !!!                   ESMF_LOGKIND_Multi_On_Error  !!!
20210412 030039.846 INFO             PET1 !!!!!!!!!!!!!!!!!!!!!!!!!!!!!!!!!!!!!!!!!!!!!!!!!!!!!!
20210412 030039.846 INFO             PET1 Running with ESMF Version   : ESMF_8_2_0_beta_snapshot_04-7-g3098c96
20210412 030039.846 INFO             PET1 ESMF library build date/time: "Apr 12 2021" "02:29:36"
20210412 030039.846 INFO             PET1 ESMF library build location : /work/noaa/da/mpotts/sandbox/intel_2020_intelmpi_g
20210412 030039.846 INFO             PET1 ESMF_COMM                   : intelmpi
20210412 030039.858 INFO             PET1 ESMF_MOAB                   : enabled
20210412 030039.858 INFO             PET1 ESMF_LAPACK                 : enabled
20210412 030039.858 INFO             PET1 ESMF_NETCDF                 : enabled
20210412 030039.858 INFO             PET1 ESMF_PNETCDF                : disabled
20210412 030039.858 INFO             PET1 ESMF_PIO                    : enabled
20210412 030039.858 INFO             PET1 ESMF_YAMLCPP                : enabled
20210412 030039.858 INFO             PET1  NUMBER_OF_PROCESSORS           4
20210412 030039.858 INFO             PET1  PASS  Example ESMF_VMUserMpiCommMultiEx, ESMF_VMUserMpiCommMultiEx.F90, line 126
20210412 030039.859 INFO             PET1 Finalizing ESMF
20210412 030039.844 INFO             PET1 !!!!!!!!!!!!!!!!!!!!!!!!!!!!!!!!!!!!!!!!!!!!!!!!!!!!!!
20210412 030039.844 INFO             PET1 !!! THE ESMF_LOG IS SET TO OUTPUT ALL LOG MESSAGES !!!
20210412 030039.844 INFO             PET1 !!!     THIS MAY CAUSE SLOWDOWN IN PERFORMANCE     !!!
20210412 030039.844 INFO             PET1 !!! FOR PRODUCTION RUNS, USE:                      !!!
20210412 030039.844 INFO             PET1 !!!                   ESMF_LOGKIND_Multi_On_Error  !!!
20210412 030039.844 INFO             PET1 !!!!!!!!!!!!!!!!!!!!!!!!!!!!!!!!!!!!!!!!!!!!!!!!!!!!!!
20210412 030039.844 INFO             PET1 Running with ESMF Version   : ESMF_8_2_0_beta_snapshot_04-7-g3098c96
20210412 030039.844 INFO             PET1 ESMF library build date/time: "Apr 12 2021" "02:29:36"
20210412 030039.844 INFO             PET1 ESMF library build location : /work/noaa/da/mpotts/sandbox/intel_2020_intelmpi_g
20210412 030039.844 INFO             PET1 ESMF_COMM                   : intelmpi
20210412 030039.847 INFO             PET1 ESMF_MOAB                   : enabled
20210412 030039.847 INFO             PET1 ESMF_LAPACK                 : enabled
20210412 030039.847 INFO             PET1 ESMF_NETCDF                 : enabled
20210412 030039.847 INFO             PET1 ESMF_PNETCDF                : disabled
20210412 030039.847 INFO             PET1 ESMF_PIO                    : enabled
20210412 030039.847 INFO             PET1 ESMF_YAMLCPP                : enabled
20210412 030039.858 INFO             PET1  NUMBER_OF_PROCESSORS           4
20210412 030039.859 INFO             PET1  PASS  Example ESMF_VMUserMpiCommMultiEx, ESMF_VMUserMpiCommMultiEx.F90, line 154
20210412 030039.859 INFO             PET1 Finalizing ESMF
