20210411 031557.278 INFO             PET0 !!!!!!!!!!!!!!!!!!!!!!!!!!!!!!!!!!!!!!!!!!!!!!!!!!!!!!
20210411 031557.278 INFO             PET0 !!! THE ESMF_LOG IS SET TO OUTPUT ALL LOG MESSAGES !!!
20210411 031557.278 INFO             PET0 !!!     THIS MAY CAUSE SLOWDOWN IN PERFORMANCE     !!!
20210411 031557.278 INFO             PET0 !!! FOR PRODUCTION RUNS, USE:                      !!!
20210411 031557.278 INFO             PET0 !!!                   ESMF_LOGKIND_Multi_On_Error  !!!
20210411 031557.278 INFO             PET0 !!!!!!!!!!!!!!!!!!!!!!!!!!!!!!!!!!!!!!!!!!!!!!!!!!!!!!
20210411 031557.278 INFO             PET0 Running with ESMF Version   : ESMF_8_2_0_beta_snapshot_04-7-g3098c96
20210411 031557.278 INFO             PET0 ESMF library build date/time: "Apr 11 2021" "02:37:34"
20210411 031557.278 INFO             PET0 ESMF library build location : /work/noaa/da/mpotts/sandbox/intel_2020_intelmpi_g
20210411 031557.278 INFO             PET0 ESMF_COMM                   : intelmpi
20210411 031557.281 INFO             PET0 ESMF_MOAB                   : enabled
20210411 031557.281 INFO             PET0 ESMF_LAPACK                 : enabled
20210411 031557.281 INFO             PET0 ESMF_NETCDF                 : enabled
20210411 031557.281 INFO             PET0 ESMF_PNETCDF                : disabled
20210411 031557.281 INFO             PET0 ESMF_PIO                    : enabled
20210411 031557.281 INFO             PET0 ESMF_YAMLCPP                : enabled
20210411 031557.289 INFO             PET0 ESMF_FieldRedistStoreNF(): Just entered routine.
20210411 031557.292 INFO             PET0 ESMF_FieldRedistStoreNF(): Leaving routine.
20210411 031557.298 INFO             PET0 ESMF_FieldRedistStoreNF(): Just entered routine.
20210411 031557.299 INFO             PET0 ESMF_FieldRedistStoreNF(): Leaving routine.
20210411 031557.299 INFO             PET0 ESMF_FieldRedistStoreNF(): Just entered routine.
20210411 031557.300 INFO             PET0 ESMF_FieldRedistStoreNF(): Leaving routine.
20210411 031557.301 INFO             PET0  NUMBER_OF_PROCESSORS           4
20210411 031557.301 INFO             PET0  PASS  Example ESMF_FieldRedistEx, ESMF_FieldRedistEx.F90, line 521
20210411 031557.301 INFO             PET0 Finalizing ESMF
20210411 031557.279 INFO             PET1 !!!!!!!!!!!!!!!!!!!!!!!!!!!!!!!!!!!!!!!!!!!!!!!!!!!!!!
20210411 031557.279 INFO             PET1 !!! THE ESMF_LOG IS SET TO OUTPUT ALL LOG MESSAGES !!!
20210411 031557.279 INFO             PET1 !!!     THIS MAY CAUSE SLOWDOWN IN PERFORMANCE     !!!
20210411 031557.279 INFO             PET1 !!! FOR PRODUCTION RUNS, USE:                      !!!
20210411 031557.279 INFO             PET1 !!!                   ESMF_LOGKIND_Multi_On_Error  !!!
20210411 031557.279 INFO             PET1 !!!!!!!!!!!!!!!!!!!!!!!!!!!!!!!!!!!!!!!!!!!!!!!!!!!!!!
20210411 031557.279 INFO             PET1 Running with ESMF Version   : ESMF_8_2_0_beta_snapshot_04-7-g3098c96
20210411 031557.279 INFO             PET1 ESMF library build date/time: "Apr 11 2021" "02:37:34"
20210411 031557.279 INFO             PET1 ESMF library build location : /work/noaa/da/mpotts/sandbox/intel_2020_intelmpi_g
20210411 031557.279 INFO             PET1 ESMF_COMM                   : intelmpi
20210411 031557.280 INFO             PET1 ESMF_MOAB                   : enabled
20210411 031557.280 INFO             PET1 ESMF_LAPACK                 : enabled
20210411 031557.280 INFO             PET1 ESMF_NETCDF                 : enabled
20210411 031557.280 INFO             PET1 ESMF_PNETCDF                : disabled
20210411 031557.280 INFO             PET1 ESMF_PIO                    : enabled
20210411 031557.280 INFO             PET1 ESMF_YAMLCPP                : enabled
20210411 031557.289 INFO             PET1 ESMF_FieldRedistStoreNF(): Just entered routine.
20210411 031557.292 INFO             PET1 ESMF_FieldRedistStoreNF(): Leaving routine.
20210411 031557.298 INFO             PET1 ESMF_FieldRedistStoreNF(): Just entered routine.
20210411 031557.299 INFO             PET1 ESMF_FieldRedistStoreNF(): Leaving routine.
20210411 031557.299 INFO             PET1 ESMF_FieldRedistStoreNF(): Just entered routine.
20210411 031557.300 INFO             PET1 ESMF_FieldRedistStoreNF(): Leaving routine.
20210411 031557.301 INFO             PET1  NUMBER_OF_PROCESSORS           4
20210411 031557.301 INFO             PET1  PASS  Example ESMF_FieldRedistEx, ESMF_FieldRedistEx.F90, line 521
20210411 031557.301 INFO             PET1 Finalizing ESMF
20210411 031557.278 INFO             PET2 !!!!!!!!!!!!!!!!!!!!!!!!!!!!!!!!!!!!!!!!!!!!!!!!!!!!!!
20210411 031557.278 INFO             PET2 !!! THE ESMF_LOG IS SET TO OUTPUT ALL LOG MESSAGES !!!
20210411 031557.278 INFO             PET2 !!!     THIS MAY CAUSE SLOWDOWN IN PERFORMANCE     !!!
20210411 031557.278 INFO             PET2 !!! FOR PRODUCTION RUNS, USE:                      !!!
20210411 031557.278 INFO             PET2 !!!                   ESMF_LOGKIND_Multi_On_Error  !!!
20210411 031557.278 INFO             PET2 !!!!!!!!!!!!!!!!!!!!!!!!!!!!!!!!!!!!!!!!!!!!!!!!!!!!!!
20210411 031557.278 INFO             PET2 Running with ESMF Version   : ESMF_8_2_0_beta_snapshot_04-7-g3098c96
20210411 031557.278 INFO             PET2 ESMF library build date/time: "Apr 11 2021" "02:37:34"
20210411 031557.278 INFO             PET2 ESMF library build location : /work/noaa/da/mpotts/sandbox/intel_2020_intelmpi_g
20210411 031557.278 INFO             PET2 ESMF_COMM                   : intelmpi
20210411 031557.279 INFO             PET2 ESMF_MOAB                   : enabled
20210411 031557.279 INFO             PET2 ESMF_LAPACK                 : enabled
20210411 031557.279 INFO             PET2 ESMF_NETCDF                 : enabled
20210411 031557.279 INFO             PET2 ESMF_PNETCDF                : disabled
20210411 031557.279 INFO             PET2 ESMF_PIO                    : enabled
20210411 031557.279 INFO             PET2 ESMF_YAMLCPP                : enabled
20210411 031557.289 INFO             PET2 ESMF_FieldRedistStoreNF(): Just entered routine.
20210411 031557.292 INFO             PET2 ESMF_FieldRedistStoreNF(): Leaving routine.
20210411 031557.298 INFO             PET2 ESMF_FieldRedistStoreNF(): Just entered routine.
20210411 031557.299 INFO             PET2 ESMF_FieldRedistStoreNF(): Leaving routine.
20210411 031557.299 INFO             PET2 ESMF_FieldRedistStoreNF(): Just entered routine.
20210411 031557.300 INFO             PET2 ESMF_FieldRedistStoreNF(): Leaving routine.
20210411 031557.301 INFO             PET2  NUMBER_OF_PROCESSORS           4
20210411 031557.301 INFO             PET2  PASS  Example ESMF_FieldRedistEx, ESMF_FieldRedistEx.F90, line 521
20210411 031557.301 INFO             PET2 Finalizing ESMF
20210411 031557.281 INFO             PET3 !!!!!!!!!!!!!!!!!!!!!!!!!!!!!!!!!!!!!!!!!!!!!!!!!!!!!!
20210411 031557.281 INFO             PET3 !!! THE ESMF_LOG IS SET TO OUTPUT ALL LOG MESSAGES !!!
20210411 031557.281 INFO             PET3 !!!     THIS MAY CAUSE SLOWDOWN IN PERFORMANCE     !!!
20210411 031557.281 INFO             PET3 !!! FOR PRODUCTION RUNS, USE:                      !!!
20210411 031557.281 INFO             PET3 !!!                   ESMF_LOGKIND_Multi_On_Error  !!!
20210411 031557.281 INFO             PET3 !!!!!!!!!!!!!!!!!!!!!!!!!!!!!!!!!!!!!!!!!!!!!!!!!!!!!!
20210411 031557.281 INFO             PET3 Running with ESMF Version   : ESMF_8_2_0_beta_snapshot_04-7-g3098c96
20210411 031557.281 INFO             PET3 ESMF library build date/time: "Apr 11 2021" "02:37:34"
20210411 031557.281 INFO             PET3 ESMF library build location : /work/noaa/da/mpotts/sandbox/intel_2020_intelmpi_g
20210411 031557.281 INFO             PET3 ESMF_COMM                   : intelmpi
20210411 031557.287 INFO             PET3 ESMF_MOAB                   : enabled
20210411 031557.287 INFO             PET3 ESMF_LAPACK                 : enabled
20210411 031557.287 INFO             PET3 ESMF_NETCDF                 : enabled
20210411 031557.287 INFO             PET3 ESMF_PNETCDF                : disabled
20210411 031557.287 INFO             PET3 ESMF_PIO                    : enabled
20210411 031557.287 INFO             PET3 ESMF_YAMLCPP                : enabled
20210411 031557.289 INFO             PET3 ESMF_FieldRedistStoreNF(): Just entered routine.
20210411 031557.292 INFO             PET3 ESMF_FieldRedistStoreNF(): Leaving routine.
20210411 031557.298 INFO             PET3 ESMF_FieldRedistStoreNF(): Just entered routine.
20210411 031557.299 INFO             PET3 ESMF_FieldRedistStoreNF(): Leaving routine.
20210411 031557.299 INFO             PET3 ESMF_FieldRedistStoreNF(): Just entered routine.
20210411 031557.300 INFO             PET3 ESMF_FieldRedistStoreNF(): Leaving routine.
20210411 031557.301 INFO             PET3  NUMBER_OF_PROCESSORS           4
20210411 031557.301 INFO             PET3  PASS  Example ESMF_FieldRedistEx, ESMF_FieldRedistEx.F90, line 521
20210411 031557.301 INFO             PET3 Finalizing ESMF
