20210307 143126.997 INFO             PET0 !!!!!!!!!!!!!!!!!!!!!!!!!!!!!!!!!!!!!!!!!!!!!!!!!!!!!!
20210307 143126.997 INFO             PET0 !!! THE ESMF_LOG IS SET TO OUTPUT ALL LOG MESSAGES !!!
20210307 143126.997 INFO             PET0 !!!     THIS MAY CAUSE SLOWDOWN IN PERFORMANCE     !!!
20210307 143126.997 INFO             PET0 !!! FOR PRODUCTION RUNS, USE:                      !!!
20210307 143126.997 INFO             PET0 !!!                   ESMF_LOGKIND_Multi_On_Error  !!!
20210307 143126.997 INFO             PET0 !!!!!!!!!!!!!!!!!!!!!!!!!!!!!!!!!!!!!!!!!!!!!!!!!!!!!!
20210307 143126.997 INFO             PET0 Running with ESMF Version   : 8.1.0 beta snapshot
20210307 143126.997 INFO             PET0 ESMF library build date/time: "Mar  7 2021" "13:52:03"
20210307 143126.997 INFO             PET0 ESMF library build location : /lustre/f2/dev/ncep/Mark.Potts/intel_2019.5_mpi_O
20210307 143126.997 INFO             PET0 ESMF_COMM                   : mpi
20210307 143126.998 INFO             PET0 ESMF_MOAB                   : enabled
20210307 143126.998 INFO             PET0 ESMF_LAPACK                 : enabled
20210307 143126.998 INFO             PET0 ESMF_NETCDF                 : enabled
20210307 143126.998 INFO             PET0 ESMF_PNETCDF                : disabled
20210307 143126.998 INFO             PET0 ESMF_PIO                    : enabled
20210307 143126.998 INFO             PET0 ESMF_YAMLCPP                : enabled
20210307 143127.024 INFO             PET0  NUMBER_OF_PROCESSORS           4
20210307 143127.024 INFO             PET0  PASS  Example ESMF_StateReadWriteEx, ESMF_StateReadWriteEx.F90, line 185
20210307 143127.024 INFO             PET0 Finalizing ESMF
20210307 143126.954 INFO             PET1 !!!!!!!!!!!!!!!!!!!!!!!!!!!!!!!!!!!!!!!!!!!!!!!!!!!!!!
20210307 143126.954 INFO             PET1 !!! THE ESMF_LOG IS SET TO OUTPUT ALL LOG MESSAGES !!!
20210307 143126.954 INFO             PET1 !!!     THIS MAY CAUSE SLOWDOWN IN PERFORMANCE     !!!
20210307 143126.954 INFO             PET1 !!! FOR PRODUCTION RUNS, USE:                      !!!
20210307 143126.954 INFO             PET1 !!!                   ESMF_LOGKIND_Multi_On_Error  !!!
20210307 143126.954 INFO             PET1 !!!!!!!!!!!!!!!!!!!!!!!!!!!!!!!!!!!!!!!!!!!!!!!!!!!!!!
20210307 143126.954 INFO             PET1 Running with ESMF Version   : 8.1.0 beta snapshot
20210307 143126.954 INFO             PET1 ESMF library build date/time: "Mar  7 2021" "13:52:03"
20210307 143126.954 INFO             PET1 ESMF library build location : /lustre/f2/dev/ncep/Mark.Potts/intel_2019.5_mpi_O
20210307 143126.954 INFO             PET1 ESMF_COMM                   : mpi
20210307 143126.955 INFO             PET1 ESMF_MOAB                   : enabled
20210307 143126.955 INFO             PET1 ESMF_LAPACK                 : enabled
20210307 143126.955 INFO             PET1 ESMF_NETCDF                 : enabled
20210307 143126.955 INFO             PET1 ESMF_PNETCDF                : disabled
20210307 143126.955 INFO             PET1 ESMF_PIO                    : enabled
20210307 143126.955 INFO             PET1 ESMF_YAMLCPP                : enabled
20210307 143126.999 INFO             PET1  NUMBER_OF_PROCESSORS           4
20210307 143126.999 INFO             PET1  PASS  Example ESMF_StateReadWriteEx, ESMF_StateReadWriteEx.F90, line 185
20210307 143126.999 INFO             PET1 Finalizing ESMF
20210307 143126.956 INFO             PET2 !!!!!!!!!!!!!!!!!!!!!!!!!!!!!!!!!!!!!!!!!!!!!!!!!!!!!!
20210307 143126.956 INFO             PET2 !!! THE ESMF_LOG IS SET TO OUTPUT ALL LOG MESSAGES !!!
20210307 143126.956 INFO             PET2 !!!     THIS MAY CAUSE SLOWDOWN IN PERFORMANCE     !!!
20210307 143126.956 INFO             PET2 !!! FOR PRODUCTION RUNS, USE:                      !!!
20210307 143126.956 INFO             PET2 !!!                   ESMF_LOGKIND_Multi_On_Error  !!!
20210307 143126.956 INFO             PET2 !!!!!!!!!!!!!!!!!!!!!!!!!!!!!!!!!!!!!!!!!!!!!!!!!!!!!!
20210307 143126.956 INFO             PET2 Running with ESMF Version   : 8.1.0 beta snapshot
20210307 143126.956 INFO             PET2 ESMF library build date/time: "Mar  7 2021" "13:52:03"
20210307 143126.956 INFO             PET2 ESMF library build location : /lustre/f2/dev/ncep/Mark.Potts/intel_2019.5_mpi_O
20210307 143126.956 INFO             PET2 ESMF_COMM                   : mpi
20210307 143126.957 INFO             PET2 ESMF_MOAB                   : enabled
20210307 143126.957 INFO             PET2 ESMF_LAPACK                 : enabled
20210307 143126.957 INFO             PET2 ESMF_NETCDF                 : enabled
20210307 143126.957 INFO             PET2 ESMF_PNETCDF                : disabled
20210307 143126.957 INFO             PET2 ESMF_PIO                    : enabled
20210307 143126.957 INFO             PET2 ESMF_YAMLCPP                : enabled
20210307 143126.999 INFO             PET2  NUMBER_OF_PROCESSORS           4
20210307 143126.999 INFO             PET2  PASS  Example ESMF_StateReadWriteEx, ESMF_StateReadWriteEx.F90, line 185
20210307 143126.999 INFO             PET2 Finalizing ESMF
20210307 143126.958 INFO             PET3 !!!!!!!!!!!!!!!!!!!!!!!!!!!!!!!!!!!!!!!!!!!!!!!!!!!!!!
20210307 143126.958 INFO             PET3 !!! THE ESMF_LOG IS SET TO OUTPUT ALL LOG MESSAGES !!!
20210307 143126.958 INFO             PET3 !!!     THIS MAY CAUSE SLOWDOWN IN PERFORMANCE     !!!
20210307 143126.958 INFO             PET3 !!! FOR PRODUCTION RUNS, USE:                      !!!
20210307 143126.958 INFO             PET3 !!!                   ESMF_LOGKIND_Multi_On_Error  !!!
20210307 143126.958 INFO             PET3 !!!!!!!!!!!!!!!!!!!!!!!!!!!!!!!!!!!!!!!!!!!!!!!!!!!!!!
20210307 143126.958 INFO             PET3 Running with ESMF Version   : 8.1.0 beta snapshot
20210307 143126.958 INFO             PET3 ESMF library build date/time: "Mar  7 2021" "13:52:03"
20210307 143126.958 INFO             PET3 ESMF library build location : /lustre/f2/dev/ncep/Mark.Potts/intel_2019.5_mpi_O
20210307 143126.958 INFO             PET3 ESMF_COMM                   : mpi
20210307 143126.959 INFO             PET3 ESMF_MOAB                   : enabled
20210307 143126.959 INFO             PET3 ESMF_LAPACK                 : enabled
20210307 143126.959 INFO             PET3 ESMF_NETCDF                 : enabled
20210307 143126.959 INFO             PET3 ESMF_PNETCDF                : disabled
20210307 143126.959 INFO             PET3 ESMF_PIO                    : enabled
20210307 143126.959 INFO             PET3 ESMF_YAMLCPP                : enabled
20210307 143126.999 INFO             PET3  NUMBER_OF_PROCESSORS           4
20210307 143126.999 INFO             PET3  PASS  Example ESMF_StateReadWriteEx, ESMF_StateReadWriteEx.F90, line 185
20210307 143126.999 INFO             PET3 Finalizing ESMF
