20210317 113404.686 INFO             PET0 !!!!!!!!!!!!!!!!!!!!!!!!!!!!!!!!!!!!!!!!!!!!!!!!!!!!!!
20210317 113404.687 INFO             PET0 !!! THE ESMF_LOG IS SET TO OUTPUT ALL LOG MESSAGES !!!
20210317 113404.687 INFO             PET0 !!!     THIS MAY CAUSE SLOWDOWN IN PERFORMANCE     !!!
20210317 113404.687 INFO             PET0 !!! FOR PRODUCTION RUNS, USE:                      !!!
20210317 113404.687 INFO             PET0 !!!                   ESMF_LOGKIND_Multi_On_Error  !!!
20210317 113404.687 INFO             PET0 !!!!!!!!!!!!!!!!!!!!!!!!!!!!!!!!!!!!!!!!!!!!!!!!!!!!!!
20210317 113404.687 INFO             PET0 Running with ESMF Version   : ESMF_8_1_0_beta_snapshot_47
20210317 113404.687 INFO             PET0 ESMF library build date/time: "Mar  2 2021" "16:28:39"
20210317 113404.687 INFO             PET0 ESMF library build location : /Users/mpotts/hpc-stack/pkg/ESMF_8_1_0_beta_snapshot_47
20210317 113404.687 INFO             PET0 ESMF_COMM                   : mpich3
20210317 113404.687 INFO             PET0 ESMF_MOAB                   : enabled
20210317 113404.688 INFO             PET0 ESMF_LAPACK                 : enabled
20210317 113404.688 INFO             PET0 ESMF_NETCDF                 : enabled
20210317 113404.688 INFO             PET0 ESMF_PNETCDF                : disabled
20210317 113404.688 INFO             PET0 ESMF_PIO                    : enabled
20210317 113404.688 INFO             PET0 ESMF_YAMLCPP                : enabled
20210317 113404.693 INFO             PET0 ESMF_FieldRedistStoreNF(): Just entered routine.
20210317 113405.237 INFO             PET0 ESMF_FieldRedistStoreNF(): Leaving routine.
20210317 113405.249 INFO             PET0  NUMBER_OF_PROCESSORS           4
20210317 113405.249 INFO             PET0  PASS  Example ESMF_RHandleFromFileEx, ESMF_RHandleFromFileEx.F90, line 192
20210317 113405.249 INFO             PET0 Finalizing ESMF
20210317 113404.686 INFO             PET1 !!!!!!!!!!!!!!!!!!!!!!!!!!!!!!!!!!!!!!!!!!!!!!!!!!!!!!
20210317 113404.687 INFO             PET1 !!! THE ESMF_LOG IS SET TO OUTPUT ALL LOG MESSAGES !!!
20210317 113404.687 INFO             PET1 !!!     THIS MAY CAUSE SLOWDOWN IN PERFORMANCE     !!!
20210317 113404.687 INFO             PET1 !!! FOR PRODUCTION RUNS, USE:                      !!!
20210317 113404.687 INFO             PET1 !!!                   ESMF_LOGKIND_Multi_On_Error  !!!
20210317 113404.687 INFO             PET1 !!!!!!!!!!!!!!!!!!!!!!!!!!!!!!!!!!!!!!!!!!!!!!!!!!!!!!
20210317 113404.687 INFO             PET1 Running with ESMF Version   : ESMF_8_1_0_beta_snapshot_47
20210317 113404.687 INFO             PET1 ESMF library build date/time: "Mar  2 2021" "16:28:39"
20210317 113404.687 INFO             PET1 ESMF library build location : /Users/mpotts/hpc-stack/pkg/ESMF_8_1_0_beta_snapshot_47
20210317 113404.687 INFO             PET1 ESMF_COMM                   : mpich3
20210317 113404.687 INFO             PET1 ESMF_MOAB                   : enabled
20210317 113404.687 INFO             PET1 ESMF_LAPACK                 : enabled
20210317 113404.687 INFO             PET1 ESMF_NETCDF                 : enabled
20210317 113404.687 INFO             PET1 ESMF_PNETCDF                : disabled
20210317 113404.687 INFO             PET1 ESMF_PIO                    : enabled
20210317 113404.687 INFO             PET1 ESMF_YAMLCPP                : enabled
20210317 113404.691 INFO             PET1 ESMF_FieldRedistStoreNF(): Just entered routine.
20210317 113405.238 INFO             PET1 ESMF_FieldRedistStoreNF(): Leaving routine.
20210317 113405.248 INFO             PET1  NUMBER_OF_PROCESSORS           4
20210317 113405.248 INFO             PET1  PASS  Example ESMF_RHandleFromFileEx, ESMF_RHandleFromFileEx.F90, line 192
20210317 113405.248 INFO             PET1 Finalizing ESMF
20210317 113404.686 INFO             PET2 !!!!!!!!!!!!!!!!!!!!!!!!!!!!!!!!!!!!!!!!!!!!!!!!!!!!!!
20210317 113404.687 INFO             PET2 !!! THE ESMF_LOG IS SET TO OUTPUT ALL LOG MESSAGES !!!
20210317 113404.687 INFO             PET2 !!!     THIS MAY CAUSE SLOWDOWN IN PERFORMANCE     !!!
20210317 113404.687 INFO             PET2 !!! FOR PRODUCTION RUNS, USE:                      !!!
20210317 113404.687 INFO             PET2 !!!                   ESMF_LOGKIND_Multi_On_Error  !!!
20210317 113404.687 INFO             PET2 !!!!!!!!!!!!!!!!!!!!!!!!!!!!!!!!!!!!!!!!!!!!!!!!!!!!!!
20210317 113404.687 INFO             PET2 Running with ESMF Version   : ESMF_8_1_0_beta_snapshot_47
20210317 113404.687 INFO             PET2 ESMF library build date/time: "Mar  2 2021" "16:28:39"
20210317 113404.687 INFO             PET2 ESMF library build location : /Users/mpotts/hpc-stack/pkg/ESMF_8_1_0_beta_snapshot_47
20210317 113404.687 INFO             PET2 ESMF_COMM                   : mpich3
20210317 113404.687 INFO             PET2 ESMF_MOAB                   : enabled
20210317 113404.687 INFO             PET2 ESMF_LAPACK                 : enabled
20210317 113404.687 INFO             PET2 ESMF_NETCDF                 : enabled
20210317 113404.687 INFO             PET2 ESMF_PNETCDF                : disabled
20210317 113404.687 INFO             PET2 ESMF_PIO                    : enabled
20210317 113404.687 INFO             PET2 ESMF_YAMLCPP                : enabled
20210317 113404.691 INFO             PET2 ESMF_FieldRedistStoreNF(): Just entered routine.
20210317 113405.237 INFO             PET2 ESMF_FieldRedistStoreNF(): Leaving routine.
20210317 113405.248 INFO             PET2  NUMBER_OF_PROCESSORS           4
20210317 113405.248 INFO             PET2  PASS  Example ESMF_RHandleFromFileEx, ESMF_RHandleFromFileEx.F90, line 192
20210317 113405.248 INFO             PET2 Finalizing ESMF
20210317 113404.686 INFO             PET3 !!!!!!!!!!!!!!!!!!!!!!!!!!!!!!!!!!!!!!!!!!!!!!!!!!!!!!
20210317 113404.687 INFO             PET3 !!! THE ESMF_LOG IS SET TO OUTPUT ALL LOG MESSAGES !!!
20210317 113404.687 INFO             PET3 !!!     THIS MAY CAUSE SLOWDOWN IN PERFORMANCE     !!!
20210317 113404.687 INFO             PET3 !!! FOR PRODUCTION RUNS, USE:                      !!!
20210317 113404.687 INFO             PET3 !!!                   ESMF_LOGKIND_Multi_On_Error  !!!
20210317 113404.687 INFO             PET3 !!!!!!!!!!!!!!!!!!!!!!!!!!!!!!!!!!!!!!!!!!!!!!!!!!!!!!
20210317 113404.687 INFO             PET3 Running with ESMF Version   : ESMF_8_1_0_beta_snapshot_47
20210317 113404.687 INFO             PET3 ESMF library build date/time: "Mar  2 2021" "16:28:39"
20210317 113404.687 INFO             PET3 ESMF library build location : /Users/mpotts/hpc-stack/pkg/ESMF_8_1_0_beta_snapshot_47
20210317 113404.687 INFO             PET3 ESMF_COMM                   : mpich3
20210317 113404.687 INFO             PET3 ESMF_MOAB                   : enabled
20210317 113404.687 INFO             PET3 ESMF_LAPACK                 : enabled
20210317 113404.687 INFO             PET3 ESMF_NETCDF                 : enabled
20210317 113404.687 INFO             PET3 ESMF_PNETCDF                : disabled
20210317 113404.687 INFO             PET3 ESMF_PIO                    : enabled
20210317 113404.687 INFO             PET3 ESMF_YAMLCPP                : enabled
20210317 113404.693 INFO             PET3 ESMF_FieldRedistStoreNF(): Just entered routine.
20210317 113405.237 INFO             PET3 ESMF_FieldRedistStoreNF(): Leaving routine.
20210317 113405.249 INFO             PET3  NUMBER_OF_PROCESSORS           4
20210317 113405.249 INFO             PET3  PASS  Example ESMF_RHandleFromFileEx, ESMF_RHandleFromFileEx.F90, line 192
20210317 113405.249 INFO             PET3 Finalizing ESMF
