make: /lfs/h1/emc/ptmp/Mark.Potts/intel_2019.3_mpi_g/nc-config: Command not found
make: /lfs/h1/emc/ptmp/Mark.Potts/intel_2019.3_mpi_g/nc-config: Command not found
make: /lfs/h1/emc/ptmp/Mark.Potts/intel_2019.3_mpi_g/nc-config: Command not found
make: /lfs/h1/emc/ptmp/Mark.Potts/intel_2019.3_mpi_g/nc-config: Command not found
/lfs/h1/emc/ptmp/Mark.Potts/intel_2019.3_mpi_g/scripts/nfconfigtest: line 3: /bin/nf-config: No such file or directory
/lfs/h1/emc/ptmp/Mark.Potts/intel_2019.3_mpi_g/scripts/nfconfigtest: line 4: [: =: unary operator expected
/lfs/h1/emc/ptmp/Mark.Potts/intel_2019.3_mpi_g/scripts/nfconfigtest: line 3: /bin/nf-config: No such file or directory
/lfs/h1/emc/ptmp/Mark.Potts/intel_2019.3_mpi_g/scripts/nfconfigtest: line 4: [: =: unary operator expected
/lfs/h1/emc/ptmp/Mark.Potts/intel_2019.3_mpi_g/scripts/nfconfigtest: line 3: /bin/nf-config: No such file or directory
/lfs/h1/emc/ptmp/Mark.Potts/intel_2019.3_mpi_g/scripts/nfconfigtest: line 4: [: =: unary operator expected
 
Installing ESMF:
 
mkdir -p /lfs/h1/emc/ptmp/Mark.Potts/intel_2019.3_mpi_g/DEFAULTINSTALLDIR/include
cp -f /lfs/h1/emc/ptmp/Mark.Potts/intel_2019.3_mpi_g/src/include/ESMC.h /lfs/h1/emc/ptmp/Mark.Potts/intel_2019.3_mpi_g/DEFAULTINSTALLDIR/include
cp -f /lfs/h1/emc/ptmp/Mark.Potts/intel_2019.3_mpi_g/src/include/ESMC_*.h /lfs/h1/emc/ptmp/Mark.Potts/intel_2019.3_mpi_g/DEFAULTINSTALLDIR/include
cp -f /lfs/h1/emc/ptmp/Mark.Potts/intel_2019.3_mpi_g/build_config/Linux.intel.default/ESMC_Conf.h /lfs/h1/emc/ptmp/Mark.Potts/intel_2019.3_mpi_g/DEFAULTINSTALLDIR/include
mkdir -p /lfs/h1/emc/ptmp/Mark.Potts/intel_2019.3_mpi_g/DEFAULTINSTALLDIR/mod/modg/Linux.intel.64.mpi.default
cp -f /lfs/h1/emc/ptmp/Mark.Potts/intel_2019.3_mpi_g/mod/modg/Linux.intel.64.mpi.default/*.mod /lfs/h1/emc/ptmp/Mark.Potts/intel_2019.3_mpi_g/DEFAULTINSTALLDIR/mod/modg/Linux.intel.64.mpi.default
mkdir -p /lfs/h1/emc/ptmp/Mark.Potts/intel_2019.3_mpi_g/DEFAULTINSTALLDIR/lib/libg/Linux.intel.64.mpi.default
cp -f /lfs/h1/emc/ptmp/Mark.Potts/intel_2019.3_mpi_g/lib/libg/Linux.intel.64.mpi.default/libesmf*.* /lfs/h1/emc/ptmp/Mark.Potts/intel_2019.3_mpi_g/DEFAULTINSTALLDIR/lib/libg/Linux.intel.64.mpi.default
make ESMF_PRELOADDIR=/lfs/h1/emc/ptmp/Mark.Potts/intel_2019.3_mpi_g/DEFAULTINSTALLDIR/lib/libg/Linux.intel.64.mpi.default build_preload_script
make[1]: Entering directory '/lfs/h1/emc/ptmp/Mark.Potts/intel_2019.3_mpi_g'
chmod 755 /lfs/h1/emc/ptmp/Mark.Potts/intel_2019.3_mpi_g/DEFAULTINSTALLDIR/lib/libg/Linux.intel.64.mpi.default/preload.sh
make[1]: Leaving directory '/lfs/h1/emc/ptmp/Mark.Potts/intel_2019.3_mpi_g'
ranlib /lfs/h1/emc/ptmp/Mark.Potts/intel_2019.3_mpi_g/DEFAULTINSTALLDIR/lib/libg/Linux.intel.64.mpi.default/libesmf*.a
make install_apps
make[1]: Entering directory '/lfs/h1/emc/ptmp/Mark.Potts/intel_2019.3_mpi_g'
mkdir -p /lfs/h1/emc/ptmp/Mark.Potts/intel_2019.3_mpi_g/DEFAULTINSTALLDIR/bin/bing/Linux.intel.64.mpi.default
make build_apps ESMF_APPSDIR=/lfs/h1/emc/ptmp/Mark.Potts/intel_2019.3_mpi_g/DEFAULTINSTALLDIR/bin/bing/Linux.intel.64.mpi.default ESMF_LDIR=/lfs/h1/emc/ptmp/Mark.Potts/intel_2019.3_mpi_g/DEFAULTINSTALLDIR/lib/libg/Linux.intel.64.mpi.default ESMF_LIBDIR=/lfs/h1/emc/ptmp/Mark.Potts/intel_2019.3_mpi_g/DEFAULTINSTALLDIR/lib/libg/Linux.intel.64.mpi.default ESMF_MODDIR=/lfs/h1/emc/ptmp/Mark.Potts/intel_2019.3_mpi_g/DEFAULTINSTALLDIR/mod/modg/Linux.intel.64.mpi.default
make[2]: Entering directory '/lfs/h1/emc/ptmp/Mark.Potts/intel_2019.3_mpi_g'
cd /lfs/h1/emc/ptmp/Mark.Potts/intel_2019.3_mpi_g/src/apps; make ACTION=tree_build_apps tree
make[3]: Entering directory '/lfs/h1/emc/ptmp/Mark.Potts/intel_2019.3_mpi_g/src/apps'
tree_build_apps in: /lfs/h1/emc/ptmp/Mark.Potts/intel_2019.3_mpi_g/src/apps/ESMF_PrintInfo
make[4]: Entering directory '/lfs/h1/emc/ptmp/Mark.Potts/intel_2019.3_mpi_g/src/apps/ESMF_PrintInfo'
make chkdir_locobj
make[5]: Entering directory '/lfs/h1/emc/ptmp/Mark.Potts/intel_2019.3_mpi_g/src/apps/ESMF_PrintInfo'
Making directory /lfs/h1/emc/ptmp/Mark.Potts/intel_2019.3_mpi_g/obj/objg/Linux.intel.64.mpi.default/src/apps/ESMF_PrintInfo for apps output
make[5]: Leaving directory '/lfs/h1/emc/ptmp/Mark.Potts/intel_2019.3_mpi_g/src/apps/ESMF_PrintInfo'
ftn -c -g -traceback -check arg_temp_created,bounds,format,output_conversion,stack,uninit -fPIC -assume realloc_lhs -m64 -mcmodel=small -pthread -threads  -qopenmp -I/lfs/h1/emc/ptmp/Mark.Potts/intel_2019.3_mpi_g/src/apps/ESMF_PrintInfo -I/lfs/h1/emc/ptmp/Mark.Potts/intel_2019.3_mpi_g/build_config/Linux.intel.default -I/lfs/h1/emc/ptmp/Mark.Potts/intel_2019.3_mpi_g/src/Infrastructure -I/lfs/h1/emc/ptmp/Mark.Potts/intel_2019.3_mpi_g/src/Superstructure -I/lfs/h1/emc/ptmp/Mark.Potts/intel_2019.3_mpi_g/DEFAULTINSTALLDIR/mod/modg/Linux.intel.64.mpi.default -I/lfs/h1/emc/ptmp/Mark.Potts/intel_2019.3_mpi_g/src/include   -DESMF_NO_INTEGER_1_BYTE -DESMF_NO_INTEGER_2_BYTE -DESMFVERSIONGIT='"ESMF_8_2_0_beta_snapshot_04-7-g3098c96bb1"' -DESMF_MOAB=1 -DESMF_LAPACK=1 -DESMF_LAPACK_INTERNAL=1 -DESMF_NO_ACC_SOFTWARE_STACK=1 -DESMF_NETCDF=1 -DESMF_YAMLCPP=1 -DESMF_YAML=1 -DESMF_PIO=1 -DESMF_MPIIO -DESMF_NO_OPENACC -DESMF_TESTEXHAUSTIVE -DESMF_BOPT_g -DESMF_TESTCOMPTUNNEL -DESMF_TESTWITHTHREADS -DSx86_64_small=1 -DESMF_OS_Linux=1 -DESMF_COMM=mpi -DESMF_DIR=/lfs/h1/emc/ptmp/Mark.Potts/intel_2019.3_mpi_g ESMF_PrintInfo.F90 -o /lfs/h1/emc/ptmp/Mark.Potts/intel_2019.3_mpi_g/obj/objg/Linux.intel.64.mpi.default/src/apps/ESMF_PrintInfo/ESMF_PrintInfo.o
ifort: warning #10182: disabling optimization; runtime debug checks enabled
make chkdir_apps
make[5]: Entering directory '/lfs/h1/emc/ptmp/Mark.Potts/intel_2019.3_mpi_g/src/apps/ESMF_PrintInfo'
make[5]: Leaving directory '/lfs/h1/emc/ptmp/Mark.Potts/intel_2019.3_mpi_g/src/apps/ESMF_PrintInfo'
ftn    -m64 -mcmodel=small -pthread -threads -Wl,--no-as-needed  -qopenmp -L/lfs/h1/emc/ptmp/Mark.Potts/intel_2019.3_mpi_g/DEFAULTINSTALLDIR/lib/libg/Linux.intel.64.mpi.default   -Wl,-rpath,/lfs/h1/emc/ptmp/Mark.Potts/intel_2019.3_mpi_g/DEFAULTINSTALLDIR/lib/libg/Linux.intel.64.mpi.default  -o /lfs/h1/emc/ptmp/Mark.Potts/intel_2019.3_mpi_g/DEFAULTINSTALLDIR/bin/bing/Linux.intel.64.mpi.default/ESMF_PrintInfo /lfs/h1/emc/ptmp/Mark.Potts/intel_2019.3_mpi_g/obj/objg/Linux.intel.64.mpi.default/src/apps/ESMF_PrintInfo/ESMF_PrintInfo.o -lesmf  -lmpi -lfmpich -cxxlib -lrt -ldl -lnetcdff
make[4]: Leaving directory '/lfs/h1/emc/ptmp/Mark.Potts/intel_2019.3_mpi_g/src/apps/ESMF_PrintInfo'
tree_build_apps in: /lfs/h1/emc/ptmp/Mark.Potts/intel_2019.3_mpi_g/src/apps/ESMF_PrintInfoC
make[4]: Entering directory '/lfs/h1/emc/ptmp/Mark.Potts/intel_2019.3_mpi_g/src/apps/ESMF_PrintInfoC'
make chkdir_locobj
make[5]: Entering directory '/lfs/h1/emc/ptmp/Mark.Potts/intel_2019.3_mpi_g/src/apps/ESMF_PrintInfoC'
Making directory /lfs/h1/emc/ptmp/Mark.Potts/intel_2019.3_mpi_g/obj/objg/Linux.intel.64.mpi.default/src/apps/ESMF_PrintInfoC for apps output
make[5]: Leaving directory '/lfs/h1/emc/ptmp/Mark.Potts/intel_2019.3_mpi_g/src/apps/ESMF_PrintInfoC'
CC -c -std=c++11 -g -traceback -Wcheck -fPIC -m64 -mcmodel=small -pthread  -qopenmp -I/lfs/h1/emc/ptmp/Mark.Potts/intel_2019.3_mpi_g/src/apps/ESMF_PrintInfoC -I/lfs/h1/emc/ptmp/Mark.Potts/intel_2019.3_mpi_g/src/apps/ESMF_PrintInfoC/../include -I/lfs/h1/emc/ptmp/Mark.Potts/intel_2019.3_mpi_g/build_config/Linux.intel.default -I/lfs/h1/emc/ptmp/Mark.Potts/intel_2019.3_mpi_g/src/Infrastructure -I/lfs/h1/emc/ptmp/Mark.Potts/intel_2019.3_mpi_g/src/Superstructure -I/lfs/h1/emc/ptmp/Mark.Potts/intel_2019.3_mpi_g/src/Infrastructure/stubs/pthread  -I/lfs/h1/emc/ptmp/Mark.Potts/intel_2019.3_mpi_g/src/include   -I/lfs/h1/emc/ptmp/Mark.Potts/intel_2019.3_mpi_g/src/prologue/yaml-cpp/include -fPIC -DESMF_NO_INTEGER_1_BYTE -DESMF_NO_INTEGER_2_BYTE -DESMFVERSIONGIT='"ESMF_8_2_0_beta_snapshot_04-7-g3098c96bb1"' -DESMF_MOAB=1 -DESMF_LAPACK=1 -DESMF_LAPACK_INTERNAL=1 -DESMF_NO_ACC_SOFTWARE_STACK=1 -DESMF_NETCDF=1 -DESMF_YAMLCPP=1 -DESMF_YAML=1 -DESMF_PIO=1 -DESMF_MPIIO -DESMF_NO_OPENACC -DESMF_TESTEXHAUSTIVE -DESMF_BOPT_g -DESMF_TESTCOMPTUNNEL -DESMF_TESTWITHTHREADS -DSx86_64_small=1 -DESMF_OS_Linux=1 -DESMF_COMM=mpi -DESMF_DIR=/lfs/h1/emc/ptmp/Mark.Potts/intel_2019.3_mpi_g -D__SDIR__='""' -DESMF_CXXSTD=11 -DESMF_NO_INTEGER_1_BYTE -DESMF_NO_INTEGER_2_BYTE -DESMFVERSIONGIT='"ESMF_8_2_0_beta_snapshot_04-7-g3098c96bb1"' -DESMF_MOAB=1 -DESMF_LAPACK=1 -DESMF_LAPACK_INTERNAL=1 -DESMF_NO_ACC_SOFTWARE_STACK=1 -DESMF_NETCDF=1 -DESMF_YAMLCPP=1 -DESMF_YAML=1 -DESMF_PIO=1 -DESMF_MPIIO -DESMF_NO_OPENACC -DESMF_TESTEXHAUSTIVE -DESMF_BOPT_g -DESMF_TESTCOMPTUNNEL -DESMF_TESTWITHTHREADS -DSx86_64_small=1 -DESMF_OS_Linux=1 -DESMF_COMM=mpi -DESMF_DIR=/lfs/h1/emc/ptmp/Mark.Potts/intel_2019.3_mpi_g -D__SDIR__='""' -DESMF_CXXSTD=11 -DESMF_NO_INTEGER_1_BYTE -DESMF_NO_INTEGER_2_BYTE -DESMFVERSIONGIT='"ESMF_8_2_0_beta_snapshot_04-7-g3098c96bb1"' -DESMF_MOAB=1 -DESMF_LAPACK=1 -DESMF_LAPACK_INTERNAL=1 -DESMF_NO_ACC_SOFTWARE_STACK=1 -DESMF_NETCDF=1 -DESMF_YAMLCPP=1 -DESMF_YAML=1 -DESMF_PIO=1 -DESMF_MPIIO -DESMF_NO_OPENACC -DESMF_TESTEXHAUSTIVE -DESMF_BOPT_g -DESMF_TESTCOMPTUNNEL -DESMF_TESTWITHTHREADS -DSx86_64_small=1 -DESMF_OS_Linux=1 -DESMF_COMM=mpi -DESMF_DIR=/lfs/h1/emc/ptmp/Mark.Potts/intel_2019.3_mpi_g -D__SDIR__='""' -DESMF_CXXSTD=11 -DESMF_NO_INTEGER_1_BYTE -DESMF_NO_INTEGER_2_BYTE -DESMFVERSIONGIT='"ESMF_8_2_0_beta_snapshot_04-7-g3098c96bb1"' -DESMF_MOAB=1 -DESMF_LAPACK=1 -DESMF_LAPACK_INTERNAL=1 -DESMF_NO_ACC_SOFTWARE_STACK=1 -DESMF_NETCDF=1 -DESMF_YAMLCPP=1 -DESMF_YAML=1 -DESMF_PIO=1 -DESMF_MPIIO -DESMF_NO_OPENACC -DESMF_TESTEXHAUSTIVE -DESMF_BOPT_g -DESMF_TESTCOMPTUNNEL -DESMF_TESTWITHTHREADS -DSx86_64_small=1 -DESMF_OS_Linux=1 -DESMF_COMM=mpi -DESMF_DIR=/lfs/h1/emc/ptmp/Mark.Potts/intel_2019.3_mpi_g -D__SDIR__='"src/apps"' -DESMF_CXXSTD=11 -DESMF_NO_INTEGER_1_BYTE -DESMF_NO_INTEGER_2_BYTE -DESMFVERSIONGIT='"ESMF_8_2_0_beta_snapshot_04-7-g3098c96bb1"' -DESMF_MOAB=1 -DESMF_LAPACK=1 -DESMF_LAPACK_INTERNAL=1 -DESMF_NO_ACC_SOFTWARE_STACK=1 -DESMF_NETCDF=1 -DESMF_YAMLCPP=1 -DESMF_YAML=1 -DESMF_PIO=1 -DESMF_MPIIO -DESMF_NO_OPENACC -DESMF_TESTEXHAUSTIVE -DESMF_BOPT_g -DESMF_TESTCOMPTUNNEL -DESMF_TESTWITHTHREADS -DSx86_64_small=1 -DESMF_OS_Linux=1 -DESMF_COMM=mpi -DESMF_DIR=/lfs/h1/emc/ptmp/Mark.Potts/intel_2019.3_mpi_g -D__SDIR__='"src/apps/ESMF_PrintInfoC"' -DESMF_CXXSTD=11 ESMF_PrintInfoC.c -o /lfs/h1/emc/ptmp/Mark.Potts/intel_2019.3_mpi_g/obj/objg/Linux.intel.64.mpi.default/src/apps/ESMF_PrintInfoC/ESMF_PrintInfoC.o
make chkdir_apps
make[5]: Entering directory '/lfs/h1/emc/ptmp/Mark.Potts/intel_2019.3_mpi_g/src/apps/ESMF_PrintInfoC'
make[5]: Leaving directory '/lfs/h1/emc/ptmp/Mark.Potts/intel_2019.3_mpi_g/src/apps/ESMF_PrintInfoC'
CC  -fPIC -lnetcdff -lnetcdff  -m64 -mcmodel=small -pthread -Wl,--no-as-needed  -qopenmp -L/lfs/h1/emc/ptmp/Mark.Potts/intel_2019.3_mpi_g/DEFAULTINSTALLDIR/lib/libg/Linux.intel.64.mpi.default  -L/apps/prod/intel/compilers_and_libraries_2020.4.304/linux/compiler/lib/intel64_lin/ -Wl,-rpath,/lfs/h1/emc/ptmp/Mark.Potts/intel_2019.3_mpi_g/DEFAULTINSTALLDIR/lib/libg/Linux.intel.64.mpi.default  -Wl,-rpath,/apps/prod/intel/compilers_and_libraries_2020.4.304/linux/compiler/lib/intel64_lin/ -o /lfs/h1/emc/ptmp/Mark.Potts/intel_2019.3_mpi_g/DEFAULTINSTALLDIR/bin/bing/Linux.intel.64.mpi.default/ESMF_PrintInfoC /lfs/h1/emc/ptmp/Mark.Potts/intel_2019.3_mpi_g/obj/objg/Linux.intel.64.mpi.default/src/apps/ESMF_PrintInfoC/ESMF_PrintInfoC.o -lesmf  -lmpi -lfmpich -lsci_intel_mpi_mp -lsci_intel_mp -ldl -ldsmml -limf -lm -lpthread -lifport -lifcoremt -limf -lsvml -lm -lipgo -liomp5 -lintlc -lpthread -lsvml -ldl -lgcc -lgcc_s -lirc_s -ldl -lrt -ldl -lnetcdff
make[4]: Leaving directory '/lfs/h1/emc/ptmp/Mark.Potts/intel_2019.3_mpi_g/src/apps/ESMF_PrintInfoC'
tree_build_apps in: /lfs/h1/emc/ptmp/Mark.Potts/intel_2019.3_mpi_g/src/apps/ESMF_RegridWeightGen
make[4]: Entering directory '/lfs/h1/emc/ptmp/Mark.Potts/intel_2019.3_mpi_g/src/apps/ESMF_RegridWeightGen'
make chkdir_locobj
make[5]: Entering directory '/lfs/h1/emc/ptmp/Mark.Potts/intel_2019.3_mpi_g/src/apps/ESMF_RegridWeightGen'
Making directory /lfs/h1/emc/ptmp/Mark.Potts/intel_2019.3_mpi_g/obj/objg/Linux.intel.64.mpi.default/src/apps/ESMF_RegridWeightGen for apps output
make[5]: Leaving directory '/lfs/h1/emc/ptmp/Mark.Potts/intel_2019.3_mpi_g/src/apps/ESMF_RegridWeightGen'
ftn -c -g -traceback -check arg_temp_created,bounds,format,output_conversion,stack,uninit -fPIC -assume realloc_lhs -m64 -mcmodel=small -pthread -threads  -qopenmp -I/lfs/h1/emc/ptmp/Mark.Potts/intel_2019.3_mpi_g/src/apps/ESMF_RegridWeightGen -I/lfs/h1/emc/ptmp/Mark.Potts/intel_2019.3_mpi_g/build_config/Linux.intel.default -I/lfs/h1/emc/ptmp/Mark.Potts/intel_2019.3_mpi_g/src/Infrastructure -I/lfs/h1/emc/ptmp/Mark.Potts/intel_2019.3_mpi_g/src/Superstructure -I/lfs/h1/emc/ptmp/Mark.Potts/intel_2019.3_mpi_g/DEFAULTINSTALLDIR/mod/modg/Linux.intel.64.mpi.default -I/lfs/h1/emc/ptmp/Mark.Potts/intel_2019.3_mpi_g/src/include   -DESMF_NO_INTEGER_1_BYTE -DESMF_NO_INTEGER_2_BYTE -DESMFVERSIONGIT='"ESMF_8_2_0_beta_snapshot_04-7-g3098c96bb1"' -DESMF_MOAB=1 -DESMF_LAPACK=1 -DESMF_LAPACK_INTERNAL=1 -DESMF_NO_ACC_SOFTWARE_STACK=1 -DESMF_NETCDF=1 -DESMF_YAMLCPP=1 -DESMF_YAML=1 -DESMF_PIO=1 -DESMF_MPIIO -DESMF_NO_OPENACC -DESMF_TESTEXHAUSTIVE -DESMF_BOPT_g -DESMF_TESTCOMPTUNNEL -DESMF_TESTWITHTHREADS -DSx86_64_small=1 -DESMF_OS_Linux=1 -DESMF_COMM=mpi -DESMF_DIR=/lfs/h1/emc/ptmp/Mark.Potts/intel_2019.3_mpi_g ESMF_RegridWeightGen.F90 -o /lfs/h1/emc/ptmp/Mark.Potts/intel_2019.3_mpi_g/obj/objg/Linux.intel.64.mpi.default/src/apps/ESMF_RegridWeightGen/ESMF_RegridWeightGen.o
ifort: warning #10182: disabling optimization; runtime debug checks enabled
make chkdir_apps
make[5]: Entering directory '/lfs/h1/emc/ptmp/Mark.Potts/intel_2019.3_mpi_g/src/apps/ESMF_RegridWeightGen'
make[5]: Leaving directory '/lfs/h1/emc/ptmp/Mark.Potts/intel_2019.3_mpi_g/src/apps/ESMF_RegridWeightGen'
ftn    -m64 -mcmodel=small -pthread -threads -Wl,--no-as-needed  -qopenmp -L/lfs/h1/emc/ptmp/Mark.Potts/intel_2019.3_mpi_g/DEFAULTINSTALLDIR/lib/libg/Linux.intel.64.mpi.default   -Wl,-rpath,/lfs/h1/emc/ptmp/Mark.Potts/intel_2019.3_mpi_g/DEFAULTINSTALLDIR/lib/libg/Linux.intel.64.mpi.default  -o /lfs/h1/emc/ptmp/Mark.Potts/intel_2019.3_mpi_g/DEFAULTINSTALLDIR/bin/bing/Linux.intel.64.mpi.default/ESMF_RegridWeightGen /lfs/h1/emc/ptmp/Mark.Potts/intel_2019.3_mpi_g/obj/objg/Linux.intel.64.mpi.default/src/apps/ESMF_RegridWeightGen/ESMF_RegridWeightGen.o -lesmf  -lmpi -lfmpich -cxxlib -lrt -ldl -lnetcdff
make[4]: Leaving directory '/lfs/h1/emc/ptmp/Mark.Potts/intel_2019.3_mpi_g/src/apps/ESMF_RegridWeightGen'
tree_build_apps in: /lfs/h1/emc/ptmp/Mark.Potts/intel_2019.3_mpi_g/src/apps/ESMF_WebServController
make[4]: Entering directory '/lfs/h1/emc/ptmp/Mark.Potts/intel_2019.3_mpi_g/src/apps/ESMF_WebServController'
make chkdir_locobj
make[5]: Entering directory '/lfs/h1/emc/ptmp/Mark.Potts/intel_2019.3_mpi_g/src/apps/ESMF_WebServController'
Making directory /lfs/h1/emc/ptmp/Mark.Potts/intel_2019.3_mpi_g/obj/objg/Linux.intel.64.mpi.default/src/apps/ESMF_WebServController for apps output
make[5]: Leaving directory '/lfs/h1/emc/ptmp/Mark.Potts/intel_2019.3_mpi_g/src/apps/ESMF_WebServController'
CC -c -std=c++11 -g -traceback -Wcheck -fPIC -m64 -mcmodel=small -pthread  -qopenmp -I/lfs/h1/emc/ptmp/Mark.Potts/intel_2019.3_mpi_g/src/apps/ESMF_WebServController -I/lfs/h1/emc/ptmp/Mark.Potts/intel_2019.3_mpi_g/src/apps/ESMF_WebServController/../include -I/lfs/h1/emc/ptmp/Mark.Potts/intel_2019.3_mpi_g/build_config/Linux.intel.default -I/lfs/h1/emc/ptmp/Mark.Potts/intel_2019.3_mpi_g/src/Infrastructure -I/lfs/h1/emc/ptmp/Mark.Potts/intel_2019.3_mpi_g/src/Superstructure -I/lfs/h1/emc/ptmp/Mark.Potts/intel_2019.3_mpi_g/src/Infrastructure/stubs/pthread  -I/lfs/h1/emc/ptmp/Mark.Potts/intel_2019.3_mpi_g/src/include   -I/lfs/h1/emc/ptmp/Mark.Potts/intel_2019.3_mpi_g/src/prologue/yaml-cpp/include -fPIC -DESMF_NO_INTEGER_1_BYTE -DESMF_NO_INTEGER_2_BYTE -DESMFVERSIONGIT='"ESMF_8_2_0_beta_snapshot_04-7-g3098c96bb1"' -DESMF_MOAB=1 -DESMF_LAPACK=1 -DESMF_LAPACK_INTERNAL=1 -DESMF_NO_ACC_SOFTWARE_STACK=1 -DESMF_NETCDF=1 -DESMF_YAMLCPP=1 -DESMF_YAML=1 -DESMF_PIO=1 -DESMF_MPIIO -DESMF_NO_OPENACC -DESMF_TESTEXHAUSTIVE -DESMF_BOPT_g -DESMF_TESTCOMPTUNNEL -DESMF_TESTWITHTHREADS -DSx86_64_small=1 -DESMF_OS_Linux=1 -DESMF_COMM=mpi -DESMF_DIR=/lfs/h1/emc/ptmp/Mark.Potts/intel_2019.3_mpi_g -D__SDIR__='""' -DESMF_CXXSTD=11 -DESMF_NO_INTEGER_1_BYTE -DESMF_NO_INTEGER_2_BYTE -DESMFVERSIONGIT='"ESMF_8_2_0_beta_snapshot_04-7-g3098c96bb1"' -DESMF_MOAB=1 -DESMF_LAPACK=1 -DESMF_LAPACK_INTERNAL=1 -DESMF_NO_ACC_SOFTWARE_STACK=1 -DESMF_NETCDF=1 -DESMF_YAMLCPP=1 -DESMF_YAML=1 -DESMF_PIO=1 -DESMF_MPIIO -DESMF_NO_OPENACC -DESMF_TESTEXHAUSTIVE -DESMF_BOPT_g -DESMF_TESTCOMPTUNNEL -DESMF_TESTWITHTHREADS -DSx86_64_small=1 -DESMF_OS_Linux=1 -DESMF_COMM=mpi -DESMF_DIR=/lfs/h1/emc/ptmp/Mark.Potts/intel_2019.3_mpi_g -D__SDIR__='""' -DESMF_CXXSTD=11 -DESMF_NO_INTEGER_1_BYTE -DESMF_NO_INTEGER_2_BYTE -DESMFVERSIONGIT='"ESMF_8_2_0_beta_snapshot_04-7-g3098c96bb1"' -DESMF_MOAB=1 -DESMF_LAPACK=1 -DESMF_LAPACK_INTERNAL=1 -DESMF_NO_ACC_SOFTWARE_STACK=1 -DESMF_NETCDF=1 -DESMF_YAMLCPP=1 -DESMF_YAML=1 -DESMF_PIO=1 -DESMF_MPIIO -DESMF_NO_OPENACC -DESMF_TESTEXHAUSTIVE -DESMF_BOPT_g -DESMF_TESTCOMPTUNNEL -DESMF_TESTWITHTHREADS -DSx86_64_small=1 -DESMF_OS_Linux=1 -DESMF_COMM=mpi -DESMF_DIR=/lfs/h1/emc/ptmp/Mark.Potts/intel_2019.3_mpi_g -D__SDIR__='""' -DESMF_CXXSTD=11 -DESMF_NO_INTEGER_1_BYTE -DESMF_NO_INTEGER_2_BYTE -DESMFVERSIONGIT='"ESMF_8_2_0_beta_snapshot_04-7-g3098c96bb1"' -DESMF_MOAB=1 -DESMF_LAPACK=1 -DESMF_LAPACK_INTERNAL=1 -DESMF_NO_ACC_SOFTWARE_STACK=1 -DESMF_NETCDF=1 -DESMF_YAMLCPP=1 -DESMF_YAML=1 -DESMF_PIO=1 -DESMF_MPIIO -DESMF_NO_OPENACC -DESMF_TESTEXHAUSTIVE -DESMF_BOPT_g -DESMF_TESTCOMPTUNNEL -DESMF_TESTWITHTHREADS -DSx86_64_small=1 -DESMF_OS_Linux=1 -DESMF_COMM=mpi -DESMF_DIR=/lfs/h1/emc/ptmp/Mark.Potts/intel_2019.3_mpi_g -D__SDIR__='"src/apps"' -DESMF_CXXSTD=11 -DESMF_NO_INTEGER_1_BYTE -DESMF_NO_INTEGER_2_BYTE -DESMFVERSIONGIT='"ESMF_8_2_0_beta_snapshot_04-7-g3098c96bb1"' -DESMF_MOAB=1 -DESMF_LAPACK=1 -DESMF_LAPACK_INTERNAL=1 -DESMF_NO_ACC_SOFTWARE_STACK=1 -DESMF_NETCDF=1 -DESMF_YAMLCPP=1 -DESMF_YAML=1 -DESMF_PIO=1 -DESMF_MPIIO -DESMF_NO_OPENACC -DESMF_TESTEXHAUSTIVE -DESMF_BOPT_g -DESMF_TESTCOMPTUNNEL -DESMF_TESTWITHTHREADS -DSx86_64_small=1 -DESMF_OS_Linux=1 -DESMF_COMM=mpi -DESMF_DIR=/lfs/h1/emc/ptmp/Mark.Potts/intel_2019.3_mpi_g -D__SDIR__='"src/apps/ESMF_WebServController"' -DESMF_CXXSTD=11 ESMF_WebServController.C -o /lfs/h1/emc/ptmp/Mark.Potts/intel_2019.3_mpi_g/obj/objg/Linux.intel.64.mpi.default/src/apps/ESMF_WebServController/ESMF_WebServController.o
make chkdir_apps
make[5]: Entering directory '/lfs/h1/emc/ptmp/Mark.Potts/intel_2019.3_mpi_g/src/apps/ESMF_WebServController'
make[5]: Leaving directory '/lfs/h1/emc/ptmp/Mark.Potts/intel_2019.3_mpi_g/src/apps/ESMF_WebServController'
CC  -fPIC -lnetcdff -lnetcdff  -m64 -mcmodel=small -pthread -Wl,--no-as-needed  -qopenmp -L/lfs/h1/emc/ptmp/Mark.Potts/intel_2019.3_mpi_g/DEFAULTINSTALLDIR/lib/libg/Linux.intel.64.mpi.default  -L/apps/prod/intel/compilers_and_libraries_2020.4.304/linux/compiler/lib/intel64_lin/ -Wl,-rpath,/lfs/h1/emc/ptmp/Mark.Potts/intel_2019.3_mpi_g/DEFAULTINSTALLDIR/lib/libg/Linux.intel.64.mpi.default  -Wl,-rpath,/apps/prod/intel/compilers_and_libraries_2020.4.304/linux/compiler/lib/intel64_lin/ -o /lfs/h1/emc/ptmp/Mark.Potts/intel_2019.3_mpi_g/DEFAULTINSTALLDIR/bin/bing/Linux.intel.64.mpi.default/ESMF_WebServController /lfs/h1/emc/ptmp/Mark.Potts/intel_2019.3_mpi_g/obj/objg/Linux.intel.64.mpi.default/src/apps/ESMF_WebServController/ESMF_WebServController.o -lesmf  -lmpi -lfmpich -lsci_intel_mpi_mp -lsci_intel_mp -ldl -ldsmml -limf -lm -lpthread -lifport -lifcoremt -limf -lsvml -lm -lipgo -liomp5 -lintlc -lpthread -lsvml -ldl -lgcc -lgcc_s -lirc_s -ldl -lrt -ldl -lnetcdff
make[4]: Leaving directory '/lfs/h1/emc/ptmp/Mark.Potts/intel_2019.3_mpi_g/src/apps/ESMF_WebServController'
tree_build_apps in: /lfs/h1/emc/ptmp/Mark.Potts/intel_2019.3_mpi_g/src/apps/ESMF_Scrip2Unstruct
make[4]: Entering directory '/lfs/h1/emc/ptmp/Mark.Potts/intel_2019.3_mpi_g/src/apps/ESMF_Scrip2Unstruct'
make chkdir_locobj
make[5]: Entering directory '/lfs/h1/emc/ptmp/Mark.Potts/intel_2019.3_mpi_g/src/apps/ESMF_Scrip2Unstruct'
Making directory /lfs/h1/emc/ptmp/Mark.Potts/intel_2019.3_mpi_g/obj/objg/Linux.intel.64.mpi.default/src/apps/ESMF_Scrip2Unstruct for apps output
make[5]: Leaving directory '/lfs/h1/emc/ptmp/Mark.Potts/intel_2019.3_mpi_g/src/apps/ESMF_Scrip2Unstruct'
CC -c -std=c++11 -g -traceback -Wcheck -fPIC -m64 -mcmodel=small -pthread  -qopenmp -I/lfs/h1/emc/ptmp/Mark.Potts/intel_2019.3_mpi_g/src/apps/ESMF_Scrip2Unstruct -I/lfs/h1/emc/ptmp/Mark.Potts/intel_2019.3_mpi_g/src/apps/ESMF_Scrip2Unstruct/../include -I/lfs/h1/emc/ptmp/Mark.Potts/intel_2019.3_mpi_g/build_config/Linux.intel.default -I/lfs/h1/emc/ptmp/Mark.Potts/intel_2019.3_mpi_g/src/Infrastructure -I/lfs/h1/emc/ptmp/Mark.Potts/intel_2019.3_mpi_g/src/Superstructure -I/lfs/h1/emc/ptmp/Mark.Potts/intel_2019.3_mpi_g/src/Infrastructure/stubs/pthread  -I/lfs/h1/emc/ptmp/Mark.Potts/intel_2019.3_mpi_g/src/include   -I/lfs/h1/emc/ptmp/Mark.Potts/intel_2019.3_mpi_g/src/prologue/yaml-cpp/include -fPIC -DESMF_NO_INTEGER_1_BYTE -DESMF_NO_INTEGER_2_BYTE -DESMFVERSIONGIT='"ESMF_8_2_0_beta_snapshot_04-7-g3098c96bb1"' -DESMF_MOAB=1 -DESMF_LAPACK=1 -DESMF_LAPACK_INTERNAL=1 -DESMF_NO_ACC_SOFTWARE_STACK=1 -DESMF_NETCDF=1 -DESMF_YAMLCPP=1 -DESMF_YAML=1 -DESMF_PIO=1 -DESMF_MPIIO -DESMF_NO_OPENACC -DESMF_TESTEXHAUSTIVE -DESMF_BOPT_g -DESMF_TESTCOMPTUNNEL -DESMF_TESTWITHTHREADS -DSx86_64_small=1 -DESMF_OS_Linux=1 -DESMF_COMM=mpi -DESMF_DIR=/lfs/h1/emc/ptmp/Mark.Potts/intel_2019.3_mpi_g -D__SDIR__='""' -DESMF_CXXSTD=11 -DESMF_NO_INTEGER_1_BYTE -DESMF_NO_INTEGER_2_BYTE -DESMFVERSIONGIT='"ESMF_8_2_0_beta_snapshot_04-7-g3098c96bb1"' -DESMF_MOAB=1 -DESMF_LAPACK=1 -DESMF_LAPACK_INTERNAL=1 -DESMF_NO_ACC_SOFTWARE_STACK=1 -DESMF_NETCDF=1 -DESMF_YAMLCPP=1 -DESMF_YAML=1 -DESMF_PIO=1 -DESMF_MPIIO -DESMF_NO_OPENACC -DESMF_TESTEXHAUSTIVE -DESMF_BOPT_g -DESMF_TESTCOMPTUNNEL -DESMF_TESTWITHTHREADS -DSx86_64_small=1 -DESMF_OS_Linux=1 -DESMF_COMM=mpi -DESMF_DIR=/lfs/h1/emc/ptmp/Mark.Potts/intel_2019.3_mpi_g -D__SDIR__='""' -DESMF_CXXSTD=11 -DESMF_NO_INTEGER_1_BYTE -DESMF_NO_INTEGER_2_BYTE -DESMFVERSIONGIT='"ESMF_8_2_0_beta_snapshot_04-7-g3098c96bb1"' -DESMF_MOAB=1 -DESMF_LAPACK=1 -DESMF_LAPACK_INTERNAL=1 -DESMF_NO_ACC_SOFTWARE_STACK=1 -DESMF_NETCDF=1 -DESMF_YAMLCPP=1 -DESMF_YAML=1 -DESMF_PIO=1 -DESMF_MPIIO -DESMF_NO_OPENACC -DESMF_TESTEXHAUSTIVE -DESMF_BOPT_g -DESMF_TESTCOMPTUNNEL -DESMF_TESTWITHTHREADS -DSx86_64_small=1 -DESMF_OS_Linux=1 -DESMF_COMM=mpi -DESMF_DIR=/lfs/h1/emc/ptmp/Mark.Potts/intel_2019.3_mpi_g -D__SDIR__='""' -DESMF_CXXSTD=11 -DESMF_NO_INTEGER_1_BYTE -DESMF_NO_INTEGER_2_BYTE -DESMFVERSIONGIT='"ESMF_8_2_0_beta_snapshot_04-7-g3098c96bb1"' -DESMF_MOAB=1 -DESMF_LAPACK=1 -DESMF_LAPACK_INTERNAL=1 -DESMF_NO_ACC_SOFTWARE_STACK=1 -DESMF_NETCDF=1 -DESMF_YAMLCPP=1 -DESMF_YAML=1 -DESMF_PIO=1 -DESMF_MPIIO -DESMF_NO_OPENACC -DESMF_TESTEXHAUSTIVE -DESMF_BOPT_g -DESMF_TESTCOMPTUNNEL -DESMF_TESTWITHTHREADS -DSx86_64_small=1 -DESMF_OS_Linux=1 -DESMF_COMM=mpi -DESMF_DIR=/lfs/h1/emc/ptmp/Mark.Potts/intel_2019.3_mpi_g -D__SDIR__='"src/apps"' -DESMF_CXXSTD=11 -DESMF_NO_INTEGER_1_BYTE -DESMF_NO_INTEGER_2_BYTE -DESMFVERSIONGIT='"ESMF_8_2_0_beta_snapshot_04-7-g3098c96bb1"' -DESMF_MOAB=1 -DESMF_LAPACK=1 -DESMF_LAPACK_INTERNAL=1 -DESMF_NO_ACC_SOFTWARE_STACK=1 -DESMF_NETCDF=1 -DESMF_YAMLCPP=1 -DESMF_YAML=1 -DESMF_PIO=1 -DESMF_MPIIO -DESMF_NO_OPENACC -DESMF_TESTEXHAUSTIVE -DESMF_BOPT_g -DESMF_TESTCOMPTUNNEL -DESMF_TESTWITHTHREADS -DSx86_64_small=1 -DESMF_OS_Linux=1 -DESMF_COMM=mpi -DESMF_DIR=/lfs/h1/emc/ptmp/Mark.Potts/intel_2019.3_mpi_g -D__SDIR__='"src/apps/ESMF_Scrip2Unstruct"' -DESMF_CXXSTD=11 ESMF_Scrip2Unstruct.C -o /lfs/h1/emc/ptmp/Mark.Potts/intel_2019.3_mpi_g/obj/objg/Linux.intel.64.mpi.default/src/apps/ESMF_Scrip2Unstruct/ESMF_Scrip2Unstruct.o
ESMF_Scrip2Unstruct.C(582): warning #2259: non-pointer conversion from "int" to "char" may lose significant bits
      units[i]=tolower(units[i]);
              ^

ESMF_Scrip2Unstruct.C(839): warning #2259: non-pointer conversion from "int" to "char" may lose significant bits
  	    units[i]=tolower(units[i]);
  	            ^

ESMF_Scrip2Unstruct.C(968): warning #2259: non-pointer conversion from "int" to "char" may lose significant bits
        units[i]=tolower(units[i]);
                ^

make chkdir_apps
make[5]: Entering directory '/lfs/h1/emc/ptmp/Mark.Potts/intel_2019.3_mpi_g/src/apps/ESMF_Scrip2Unstruct'
make[5]: Leaving directory '/lfs/h1/emc/ptmp/Mark.Potts/intel_2019.3_mpi_g/src/apps/ESMF_Scrip2Unstruct'
CC  -fPIC -lnetcdff -lnetcdff  -m64 -mcmodel=small -pthread -Wl,--no-as-needed  -qopenmp -L/lfs/h1/emc/ptmp/Mark.Potts/intel_2019.3_mpi_g/DEFAULTINSTALLDIR/lib/libg/Linux.intel.64.mpi.default  -L/apps/prod/intel/compilers_and_libraries_2020.4.304/linux/compiler/lib/intel64_lin/ -Wl,-rpath,/lfs/h1/emc/ptmp/Mark.Potts/intel_2019.3_mpi_g/DEFAULTINSTALLDIR/lib/libg/Linux.intel.64.mpi.default  -Wl,-rpath,/apps/prod/intel/compilers_and_libraries_2020.4.304/linux/compiler/lib/intel64_lin/ -o /lfs/h1/emc/ptmp/Mark.Potts/intel_2019.3_mpi_g/DEFAULTINSTALLDIR/bin/bing/Linux.intel.64.mpi.default/ESMF_Scrip2Unstruct /lfs/h1/emc/ptmp/Mark.Potts/intel_2019.3_mpi_g/obj/objg/Linux.intel.64.mpi.default/src/apps/ESMF_Scrip2Unstruct/ESMF_Scrip2Unstruct.o -lesmf  -lmpi -lfmpich -lsci_intel_mpi_mp -lsci_intel_mp -ldl -ldsmml -limf -lm -lpthread -lifport -lifcoremt -limf -lsvml -lm -lipgo -liomp5 -lintlc -lpthread -lsvml -ldl -lgcc -lgcc_s -lirc_s -ldl -lrt -ldl -lnetcdff
make[4]: Leaving directory '/lfs/h1/emc/ptmp/Mark.Potts/intel_2019.3_mpi_g/src/apps/ESMF_Scrip2Unstruct'
tree_build_apps in: /lfs/h1/emc/ptmp/Mark.Potts/intel_2019.3_mpi_g/src/apps/ESMF_Regrid
make[4]: Entering directory '/lfs/h1/emc/ptmp/Mark.Potts/intel_2019.3_mpi_g/src/apps/ESMF_Regrid'
make chkdir_locobj
make[5]: Entering directory '/lfs/h1/emc/ptmp/Mark.Potts/intel_2019.3_mpi_g/src/apps/ESMF_Regrid'
Making directory /lfs/h1/emc/ptmp/Mark.Potts/intel_2019.3_mpi_g/obj/objg/Linux.intel.64.mpi.default/src/apps/ESMF_Regrid for apps output
make[5]: Leaving directory '/lfs/h1/emc/ptmp/Mark.Potts/intel_2019.3_mpi_g/src/apps/ESMF_Regrid'
ftn -c -g -traceback -check arg_temp_created,bounds,format,output_conversion,stack,uninit -fPIC -assume realloc_lhs -m64 -mcmodel=small -pthread -threads  -qopenmp -I/lfs/h1/emc/ptmp/Mark.Potts/intel_2019.3_mpi_g/src/apps/ESMF_Regrid -I/lfs/h1/emc/ptmp/Mark.Potts/intel_2019.3_mpi_g/build_config/Linux.intel.default -I/lfs/h1/emc/ptmp/Mark.Potts/intel_2019.3_mpi_g/src/Infrastructure -I/lfs/h1/emc/ptmp/Mark.Potts/intel_2019.3_mpi_g/src/Superstructure -I/lfs/h1/emc/ptmp/Mark.Potts/intel_2019.3_mpi_g/DEFAULTINSTALLDIR/mod/modg/Linux.intel.64.mpi.default -I/lfs/h1/emc/ptmp/Mark.Potts/intel_2019.3_mpi_g/src/include   -DESMF_NO_INTEGER_1_BYTE -DESMF_NO_INTEGER_2_BYTE -DESMFVERSIONGIT='"ESMF_8_2_0_beta_snapshot_04-7-g3098c96bb1"' -DESMF_MOAB=1 -DESMF_LAPACK=1 -DESMF_LAPACK_INTERNAL=1 -DESMF_NO_ACC_SOFTWARE_STACK=1 -DESMF_NETCDF=1 -DESMF_YAMLCPP=1 -DESMF_YAML=1 -DESMF_PIO=1 -DESMF_MPIIO -DESMF_NO_OPENACC -DESMF_TESTEXHAUSTIVE -DESMF_BOPT_g -DESMF_TESTCOMPTUNNEL -DESMF_TESTWITHTHREADS -DSx86_64_small=1 -DESMF_OS_Linux=1 -DESMF_COMM=mpi -DESMF_DIR=/lfs/h1/emc/ptmp/Mark.Potts/intel_2019.3_mpi_g ESMF_Regrid.F90 -o /lfs/h1/emc/ptmp/Mark.Potts/intel_2019.3_mpi_g/obj/objg/Linux.intel.64.mpi.default/src/apps/ESMF_Regrid/ESMF_Regrid.o
ifort: warning #10182: disabling optimization; runtime debug checks enabled
make chkdir_apps
make[5]: Entering directory '/lfs/h1/emc/ptmp/Mark.Potts/intel_2019.3_mpi_g/src/apps/ESMF_Regrid'
make[5]: Leaving directory '/lfs/h1/emc/ptmp/Mark.Potts/intel_2019.3_mpi_g/src/apps/ESMF_Regrid'
ftn    -m64 -mcmodel=small -pthread -threads -Wl,--no-as-needed  -qopenmp -L/lfs/h1/emc/ptmp/Mark.Potts/intel_2019.3_mpi_g/DEFAULTINSTALLDIR/lib/libg/Linux.intel.64.mpi.default   -Wl,-rpath,/lfs/h1/emc/ptmp/Mark.Potts/intel_2019.3_mpi_g/DEFAULTINSTALLDIR/lib/libg/Linux.intel.64.mpi.default  -o /lfs/h1/emc/ptmp/Mark.Potts/intel_2019.3_mpi_g/DEFAULTINSTALLDIR/bin/bing/Linux.intel.64.mpi.default/ESMF_Regrid /lfs/h1/emc/ptmp/Mark.Potts/intel_2019.3_mpi_g/obj/objg/Linux.intel.64.mpi.default/src/apps/ESMF_Regrid/ESMF_Regrid.o -lesmf  -lmpi -lfmpich -cxxlib -lrt -ldl -lnetcdff
make[4]: Leaving directory '/lfs/h1/emc/ptmp/Mark.Potts/intel_2019.3_mpi_g/src/apps/ESMF_Regrid'
make[3]: Leaving directory '/lfs/h1/emc/ptmp/Mark.Potts/intel_2019.3_mpi_g/src/apps'
ESMF apps built successfully.
make[2]: Leaving directory '/lfs/h1/emc/ptmp/Mark.Potts/intel_2019.3_mpi_g'
make[1]: Leaving directory '/lfs/h1/emc/ptmp/Mark.Potts/intel_2019.3_mpi_g'
mkdir -p /lfs/h1/emc/ptmp/Mark.Potts/intel_2019.3_mpi_g/DEFAULTINSTALLDIR/doc
make install_info_mk
make[1]: Entering directory '/lfs/h1/emc/ptmp/Mark.Potts/intel_2019.3_mpi_g'
make info_mk ESMF_APPSDIR=/lfs/h1/emc/ptmp/Mark.Potts/intel_2019.3_mpi_g/DEFAULTINSTALLDIR/bin/bing/Linux.intel.64.mpi.default ESMF_LDIR=/lfs/h1/emc/ptmp/Mark.Potts/intel_2019.3_mpi_g/DEFAULTINSTALLDIR/lib/libg/Linux.intel.64.mpi.default ESMF_LIBDIR=/lfs/h1/emc/ptmp/Mark.Potts/intel_2019.3_mpi_g/DEFAULTINSTALLDIR/lib/libg/Linux.intel.64.mpi.default ESMF_MODDIR=/lfs/h1/emc/ptmp/Mark.Potts/intel_2019.3_mpi_g/DEFAULTINSTALLDIR/mod/modg/Linux.intel.64.mpi.default ESMF_INCDIR=/lfs/h1/emc/ptmp/Mark.Potts/intel_2019.3_mpi_g/DEFAULTINSTALLDIR/include
make[2]: Entering directory '/lfs/h1/emc/ptmp/Mark.Potts/intel_2019.3_mpi_g'
make[2]: Leaving directory '/lfs/h1/emc/ptmp/Mark.Potts/intel_2019.3_mpi_g'
make[1]: Leaving directory '/lfs/h1/emc/ptmp/Mark.Potts/intel_2019.3_mpi_g'
 
ESMF installation complete.
 
