20210328 073723.495 INFO             PET0 !!!!!!!!!!!!!!!!!!!!!!!!!!!!!!!!!!!!!!!!!!!!!!!!!!!!!!
20210328 073723.495 INFO             PET0 !!! THE ESMF_LOG IS SET TO OUTPUT ALL LOG MESSAGES !!!
20210328 073723.495 INFO             PET0 !!!     THIS MAY CAUSE SLOWDOWN IN PERFORMANCE     !!!
20210328 073723.495 INFO             PET0 !!! FOR PRODUCTION RUNS, USE:                      !!!
20210328 073723.495 INFO             PET0 !!!                   ESMF_LOGKIND_Multi_On_Error  !!!
20210328 073723.495 INFO             PET0 !!!!!!!!!!!!!!!!!!!!!!!!!!!!!!!!!!!!!!!!!!!!!!!!!!!!!!
20210328 073723.495 INFO             PET0 Running with ESMF Version   : ESMF_8_2_0_beta_snapshot_03-5-ge9acbec
20210328 073723.495 INFO             PET0 ESMF library build date/time: "Mar 28 2021" "07:04:27"
20210328 073723.495 INFO             PET0 ESMF library build location : /p/work1/mpotts/intel_2020.2_intelmpi_g
20210328 073723.495 INFO             PET0 ESMF_COMM                   : intelmpi
20210328 073723.496 INFO             PET0 ESMF_MOAB                   : enabled
20210328 073723.496 INFO             PET0 ESMF_LAPACK                 : enabled
20210328 073723.496 INFO             PET0 ESMF_NETCDF                 : enabled
20210328 073723.496 INFO             PET0 ESMF_PNETCDF                : disabled
20210328 073723.496 INFO             PET0 ESMF_PIO                    : enabled
20210328 073723.496 INFO             PET0 ESMF_YAMLCPP                : enabled
20210328 073723.522 INFO             PET0  NUMBER_OF_PROCESSORS           4
20210328 073723.522 INFO             PET0  PASS  Example ESMF_VMUserMpiCommMultiEx, ESMF_VMUserMpiCommMultiEx.F90, line 126
20210328 073723.522 INFO             PET0 Finalizing ESMF
20210328 073723.509 INFO             PET0 !!!!!!!!!!!!!!!!!!!!!!!!!!!!!!!!!!!!!!!!!!!!!!!!!!!!!!
20210328 073723.509 INFO             PET0 !!! THE ESMF_LOG IS SET TO OUTPUT ALL LOG MESSAGES !!!
20210328 073723.509 INFO             PET0 !!!     THIS MAY CAUSE SLOWDOWN IN PERFORMANCE     !!!
20210328 073723.509 INFO             PET0 !!! FOR PRODUCTION RUNS, USE:                      !!!
20210328 073723.509 INFO             PET0 !!!                   ESMF_LOGKIND_Multi_On_Error  !!!
20210328 073723.509 INFO             PET0 !!!!!!!!!!!!!!!!!!!!!!!!!!!!!!!!!!!!!!!!!!!!!!!!!!!!!!
20210328 073723.509 INFO             PET0 Running with ESMF Version   : ESMF_8_2_0_beta_snapshot_03-5-ge9acbec
20210328 073723.509 INFO             PET0 ESMF library build date/time: "Mar 28 2021" "07:04:27"
20210328 073723.509 INFO             PET0 ESMF library build location : /p/work1/mpotts/intel_2020.2_intelmpi_g
20210328 073723.509 INFO             PET0 ESMF_COMM                   : intelmpi
20210328 073723.521 INFO             PET0 ESMF_MOAB                   : enabled
20210328 073723.521 INFO             PET0 ESMF_LAPACK                 : enabled
20210328 073723.521 INFO             PET0 ESMF_NETCDF                 : enabled
20210328 073723.521 INFO             PET0 ESMF_PNETCDF                : disabled
20210328 073723.521 INFO             PET0 ESMF_PIO                    : enabled
20210328 073723.521 INFO             PET0 ESMF_YAMLCPP                : enabled
20210328 073723.521 INFO             PET0  NUMBER_OF_PROCESSORS           4
20210328 073723.521 INFO             PET0  PASS  Example ESMF_VMUserMpiCommMultiEx, ESMF_VMUserMpiCommMultiEx.F90, line 154
20210328 073723.521 INFO             PET0 Finalizing ESMF
20210328 073723.510 INFO             PET1 !!!!!!!!!!!!!!!!!!!!!!!!!!!!!!!!!!!!!!!!!!!!!!!!!!!!!!
20210328 073723.510 INFO             PET1 !!! THE ESMF_LOG IS SET TO OUTPUT ALL LOG MESSAGES !!!
20210328 073723.510 INFO             PET1 !!!     THIS MAY CAUSE SLOWDOWN IN PERFORMANCE     !!!
20210328 073723.510 INFO             PET1 !!! FOR PRODUCTION RUNS, USE:                      !!!
20210328 073723.510 INFO             PET1 !!!                   ESMF_LOGKIND_Multi_On_Error  !!!
20210328 073723.510 INFO             PET1 !!!!!!!!!!!!!!!!!!!!!!!!!!!!!!!!!!!!!!!!!!!!!!!!!!!!!!
20210328 073723.510 INFO             PET1 Running with ESMF Version   : ESMF_8_2_0_beta_snapshot_03-5-ge9acbec
20210328 073723.510 INFO             PET1 ESMF library build date/time: "Mar 28 2021" "07:04:27"
20210328 073723.510 INFO             PET1 ESMF library build location : /p/work1/mpotts/intel_2020.2_intelmpi_g
20210328 073723.510 INFO             PET1 ESMF_COMM                   : intelmpi
20210328 073723.521 INFO             PET1 ESMF_MOAB                   : enabled
20210328 073723.521 INFO             PET1 ESMF_LAPACK                 : enabled
20210328 073723.521 INFO             PET1 ESMF_NETCDF                 : enabled
20210328 073723.521 INFO             PET1 ESMF_PNETCDF                : disabled
20210328 073723.521 INFO             PET1 ESMF_PIO                    : enabled
20210328 073723.521 INFO             PET1 ESMF_YAMLCPP                : enabled
20210328 073723.521 INFO             PET1  NUMBER_OF_PROCESSORS           4
20210328 073723.521 INFO             PET1  PASS  Example ESMF_VMUserMpiCommMultiEx, ESMF_VMUserMpiCommMultiEx.F90, line 126
20210328 073723.521 INFO             PET1 Finalizing ESMF
20210328 073723.495 INFO             PET1 !!!!!!!!!!!!!!!!!!!!!!!!!!!!!!!!!!!!!!!!!!!!!!!!!!!!!!
20210328 073723.495 INFO             PET1 !!! THE ESMF_LOG IS SET TO OUTPUT ALL LOG MESSAGES !!!
20210328 073723.495 INFO             PET1 !!!     THIS MAY CAUSE SLOWDOWN IN PERFORMANCE     !!!
20210328 073723.495 INFO             PET1 !!! FOR PRODUCTION RUNS, USE:                      !!!
20210328 073723.495 INFO             PET1 !!!                   ESMF_LOGKIND_Multi_On_Error  !!!
20210328 073723.495 INFO             PET1 !!!!!!!!!!!!!!!!!!!!!!!!!!!!!!!!!!!!!!!!!!!!!!!!!!!!!!
20210328 073723.495 INFO             PET1 Running with ESMF Version   : ESMF_8_2_0_beta_snapshot_03-5-ge9acbec
20210328 073723.495 INFO             PET1 ESMF library build date/time: "Mar 28 2021" "07:04:27"
20210328 073723.495 INFO             PET1 ESMF library build location : /p/work1/mpotts/intel_2020.2_intelmpi_g
20210328 073723.495 INFO             PET1 ESMF_COMM                   : intelmpi
20210328 073723.497 INFO             PET1 ESMF_MOAB                   : enabled
20210328 073723.497 INFO             PET1 ESMF_LAPACK                 : enabled
20210328 073723.497 INFO             PET1 ESMF_NETCDF                 : enabled
20210328 073723.497 INFO             PET1 ESMF_PNETCDF                : disabled
20210328 073723.497 INFO             PET1 ESMF_PIO                    : enabled
20210328 073723.497 INFO             PET1 ESMF_YAMLCPP                : enabled
20210328 073723.522 INFO             PET1  NUMBER_OF_PROCESSORS           4
20210328 073723.522 INFO             PET1  PASS  Example ESMF_VMUserMpiCommMultiEx, ESMF_VMUserMpiCommMultiEx.F90, line 154
20210328 073723.534 INFO             PET1 Finalizing ESMF
