20210406 042710.102 INFO             PET0 !!!!!!!!!!!!!!!!!!!!!!!!!!!!!!!!!!!!!!!!!!!!!!!!!!!!!!
20210406 042710.112 INFO             PET0 !!! THE ESMF_LOG IS SET TO OUTPUT ALL LOG MESSAGES !!!
20210406 042710.112 INFO             PET0 !!!     THIS MAY CAUSE SLOWDOWN IN PERFORMANCE     !!!
20210406 042710.113 INFO             PET0 !!! FOR PRODUCTION RUNS, USE:                      !!!
20210406 042710.113 INFO             PET0 !!!                   ESMF_LOGKIND_Multi_On_Error  !!!
20210406 042710.113 INFO             PET0 !!!!!!!!!!!!!!!!!!!!!!!!!!!!!!!!!!!!!!!!!!!!!!!!!!!!!!
20210406 042710.113 INFO             PET0 Running with ESMF Version   : ESMF_8_2_0_beta_snapshot_04-4-g1f99987f5f
20210406 042710.114 INFO             PET0 ESMF library build date/time: "Apr  6 2021" "03:09:48"
20210406 042710.114 INFO             PET0 ESMF library build location : /p/work/mpotts/intel_2017.5_mpi_g
20210406 042710.114 INFO             PET0 ESMF_COMM                   : mpi
20210406 042710.121 INFO             PET0 ESMF_MOAB                   : enabled
20210406 042710.121 INFO             PET0 ESMF_LAPACK                 : enabled
20210406 042710.121 INFO             PET0 ESMF_NETCDF                 : enabled
20210406 042710.121 INFO             PET0 ESMF_PNETCDF                : disabled
20210406 042710.121 INFO             PET0 ESMF_PIO                    : enabled
20210406 042710.121 INFO             PET0 ESMF_YAMLCPP                : enabled
20210406 042710.200 INFO             PET0  NUMBER_OF_PROCESSORS           4
20210406 042710.200 INFO             PET0  PASS  Example ESMF_ArrayArbHaloEx, ESMF_ArrayArbHaloEx.F90, line 650
20210406 042710.200 INFO             PET0 Finalizing ESMF
20210406 042710.102 INFO             PET1 !!!!!!!!!!!!!!!!!!!!!!!!!!!!!!!!!!!!!!!!!!!!!!!!!!!!!!
20210406 042710.112 INFO             PET1 !!! THE ESMF_LOG IS SET TO OUTPUT ALL LOG MESSAGES !!!
20210406 042710.112 INFO             PET1 !!!     THIS MAY CAUSE SLOWDOWN IN PERFORMANCE     !!!
20210406 042710.113 INFO             PET1 !!! FOR PRODUCTION RUNS, USE:                      !!!
20210406 042710.113 INFO             PET1 !!!                   ESMF_LOGKIND_Multi_On_Error  !!!
20210406 042710.113 INFO             PET1 !!!!!!!!!!!!!!!!!!!!!!!!!!!!!!!!!!!!!!!!!!!!!!!!!!!!!!
20210406 042710.113 INFO             PET1 Running with ESMF Version   : ESMF_8_2_0_beta_snapshot_04-4-g1f99987f5f
20210406 042710.114 INFO             PET1 ESMF library build date/time: "Apr  6 2021" "03:09:48"
20210406 042710.114 INFO             PET1 ESMF library build location : /p/work/mpotts/intel_2017.5_mpi_g
20210406 042710.114 INFO             PET1 ESMF_COMM                   : mpi
20210406 042710.120 INFO             PET1 ESMF_MOAB                   : enabled
20210406 042710.121 INFO             PET1 ESMF_LAPACK                 : enabled
20210406 042710.121 INFO             PET1 ESMF_NETCDF                 : enabled
20210406 042710.121 INFO             PET1 ESMF_PNETCDF                : disabled
20210406 042710.121 INFO             PET1 ESMF_PIO                    : enabled
20210406 042710.121 INFO             PET1 ESMF_YAMLCPP                : enabled
20210406 042710.200 INFO             PET1  NUMBER_OF_PROCESSORS           4
20210406 042710.200 INFO             PET1  PASS  Example ESMF_ArrayArbHaloEx, ESMF_ArrayArbHaloEx.F90, line 650
20210406 042710.200 INFO             PET1 Finalizing ESMF
20210406 042710.103 INFO             PET2 !!!!!!!!!!!!!!!!!!!!!!!!!!!!!!!!!!!!!!!!!!!!!!!!!!!!!!
20210406 042710.112 INFO             PET2 !!! THE ESMF_LOG IS SET TO OUTPUT ALL LOG MESSAGES !!!
20210406 042710.112 INFO             PET2 !!!     THIS MAY CAUSE SLOWDOWN IN PERFORMANCE     !!!
20210406 042710.113 INFO             PET2 !!! FOR PRODUCTION RUNS, USE:                      !!!
20210406 042710.113 INFO             PET2 !!!                   ESMF_LOGKIND_Multi_On_Error  !!!
20210406 042710.113 INFO             PET2 !!!!!!!!!!!!!!!!!!!!!!!!!!!!!!!!!!!!!!!!!!!!!!!!!!!!!!
20210406 042710.113 INFO             PET2 Running with ESMF Version   : ESMF_8_2_0_beta_snapshot_04-4-g1f99987f5f
20210406 042710.114 INFO             PET2 ESMF library build date/time: "Apr  6 2021" "03:09:48"
20210406 042710.114 INFO             PET2 ESMF library build location : /p/work/mpotts/intel_2017.5_mpi_g
20210406 042710.114 INFO             PET2 ESMF_COMM                   : mpi
20210406 042710.121 INFO             PET2 ESMF_MOAB                   : enabled
20210406 042710.121 INFO             PET2 ESMF_LAPACK                 : enabled
20210406 042710.121 INFO             PET2 ESMF_NETCDF                 : enabled
20210406 042710.121 INFO             PET2 ESMF_PNETCDF                : disabled
20210406 042710.121 INFO             PET2 ESMF_PIO                    : enabled
20210406 042710.121 INFO             PET2 ESMF_YAMLCPP                : enabled
20210406 042710.200 INFO             PET2  NUMBER_OF_PROCESSORS           4
20210406 042710.200 INFO             PET2  PASS  Example ESMF_ArrayArbHaloEx, ESMF_ArrayArbHaloEx.F90, line 650
20210406 042710.200 INFO             PET2 Finalizing ESMF
20210406 042710.103 INFO             PET3 !!!!!!!!!!!!!!!!!!!!!!!!!!!!!!!!!!!!!!!!!!!!!!!!!!!!!!
20210406 042710.112 INFO             PET3 !!! THE ESMF_LOG IS SET TO OUTPUT ALL LOG MESSAGES !!!
20210406 042710.112 INFO             PET3 !!!     THIS MAY CAUSE SLOWDOWN IN PERFORMANCE     !!!
20210406 042710.113 INFO             PET3 !!! FOR PRODUCTION RUNS, USE:                      !!!
20210406 042710.113 INFO             PET3 !!!                   ESMF_LOGKIND_Multi_On_Error  !!!
20210406 042710.113 INFO             PET3 !!!!!!!!!!!!!!!!!!!!!!!!!!!!!!!!!!!!!!!!!!!!!!!!!!!!!!
20210406 042710.113 INFO             PET3 Running with ESMF Version   : ESMF_8_2_0_beta_snapshot_04-4-g1f99987f5f
20210406 042710.114 INFO             PET3 ESMF library build date/time: "Apr  6 2021" "03:09:48"
20210406 042710.114 INFO             PET3 ESMF library build location : /p/work/mpotts/intel_2017.5_mpi_g
20210406 042710.114 INFO             PET3 ESMF_COMM                   : mpi
20210406 042710.121 INFO             PET3 ESMF_MOAB                   : enabled
20210406 042710.121 INFO             PET3 ESMF_LAPACK                 : enabled
20210406 042710.121 INFO             PET3 ESMF_NETCDF                 : enabled
20210406 042710.121 INFO             PET3 ESMF_PNETCDF                : disabled
20210406 042710.121 INFO             PET3 ESMF_PIO                    : enabled
20210406 042710.121 INFO             PET3 ESMF_YAMLCPP                : enabled
20210406 042710.200 INFO             PET3  NUMBER_OF_PROCESSORS           4
20210406 042710.200 INFO             PET3  PASS  Example ESMF_ArrayArbHaloEx, ESMF_ArrayArbHaloEx.F90, line 650
20210406 042710.200 INFO             PET3 Finalizing ESMF
