--- ESMCI::ArrayBundle::print start ---
--- ESMCI::ArrayBundle::print start ---
--- ESMCI::ArrayBundle::print start ---
--- ESMCI::ArrayBundle::print start ---
ArrayBundle: MyArrayBundle
ArrayBundle: MyArrayBundle
arrayCount = 3
arrayCount = 3
ArrayBundle: MyArrayBundle
ArrayBundle: MyArrayBundle
arrayCount = 3
arrayCount = 3
Container::print() multipmap:item=0 key=AonFly value=0x10000085e00
Container::print() multipmap:item=0 key=AonFly value=0x10000084be0
Container::print() multipmap:item=0 key=AonFly value=0x10000100890
Container::print() multipmap:item=0 key=AonFly value=0x10000084be0
Container::print() multipmap:item=1 key=Array002 value=0x10000081860
Container::print() multipmap:item=1 key=Array002 value=0x10000081860
Container::print() multipmap:item=1 key=Array002 value=0x100000fc790
Container::print() multipmap:item=2 key=Array003 value=0x100000fd550
Container::print() multipmap:item=1 key=Array002 value=0x10000081d00
Container::print()      list:item=0 key=Array002 value=0x100000fc790
Container::print() multipmap:item=2 key=Array003 value=0x100000822f0
Container::print() multipmap:item=2 key=Array003 value=0x10000082ac0
Container::print() multipmap:item=2 key=Array003 value=0x100000822f0
Container::print()      list:item=0 key=Array002 value=0x10000081860
Container::print()      list:item=0 key=Array002 value=0x10000081d00
Container::print()      list:item=0 key=Array002 value=0x10000081860
Container::print()      list:item=1 key=Array003 value=0x10000082ac0
Container::print()      list:item=1 key=Array003 value=0x100000fd550
Container::print()      list:item=2 key=AonFly value=0x10000085e00
Container::print()      list:item=2 key=AonFly value=0x10000100890
--- ESMCI::ArrayBundle::print end ---
Container::print()      list:item=1 key=Array003 value=0x100000822f0
Container::print()      list:item=2 key=AonFly value=0x10000084be0
--- ESMCI::ArrayBundle::print end ---
Container::print()      list:item=1 key=Array003 value=0x100000822f0
Container::print()      list:item=2 key=AonFly value=0x10000084be0
--- ESMCI::ArrayBundle::print end ---
--- ESMCI::ArrayBundle::print end ---
--- ESMCI::Array::print start ---
--- ESMCI::Array::print start ---
--- ESMCI::Array::print start ---
 Base name    = AonFly
 Base name    = AonFly
 Base name    = AonFly
--- ESMCI::Array::print start ---
 Status: Base = Ready,  object = Ready
 Status: Base = Ready,  object = Ready
 Proxy        = no
 Proxy        = no
 Base name    = AonFly
 Status: Base = Ready,  object = Ready
 Status: Base = Ready,  object = Ready
 Proxy        = no
 Root Info (Attributes):
 Root Info (Attributes):
 Root Info (Attributes):
 Proxy        = no
 Root Info (Attributes):
{}{}{}{}Array typekind/rank: Real*4 / 2 
Array typekind/rank: Real*4 / 2 
~ lower class' values ~
~ lower class' values ~
DistGrid dimCount = 2
deCount = 6
localDeCount = 1
~ local data in LocalArray for DE 3 ~
Array typekind/rank: Real*4 / 2 
Array typekind/rank: Real*4 / 2 
~ lower class' values ~
DistGrid dimCount = 2
deCount = 6
localDeCount = 1
~ local data in LocalArray for DE 2 ~
DistGrid dimCount = 2
deCount = 6
localDeCount = 2
~ local data in LocalArray for DE 0 ~
LocalArrayPrint: Array at address 0x100000848b0:
~ lower class' values ~
LocalArrayPrint: Array at address 0x100000848b0:
LocalArrayPrint: Array at address 0x10000100230:
            rank = 2, typekind = 5, base_addr = 0x2aaade4e3f60
DistGrid dimCount = 2
            dim[0] = 2  dim[1] = 2  
            rank = 2, typekind = 5, base_addr = 0x2aaade4e3fc0
  Real, *4, Dim 2, Data values:
            rank = 2, typekind = 5, base_addr = 0x2aaade4e3f40
deCount = 6
( 1, 1) =  0
            dim[0] = 3  dim[1] = 2  
( 2, 1) =  0
            dim[0] = 3  dim[1] = 2  
( 1, 2) =  0
localDeCount = 2
  Real, *4, Dim 2, Data values:
  Real, *4, Dim 2, Data values:
( 2, 2) =  0
~ local data in LocalArray for DE 1 ~
dim 1: [0]: [1 [1 [1, 2] 2] 2]
( 1, 1) =  0
LocalArrayPrint: Array at address 0x100000857a0:
( 2, 1) =  0
            rank = 2, typekind = 5, base_addr = 0x2aaade4e3ee0
( 1, 1) =  0
( 2, 1) =  0
            dim[0] = 2  dim[1] = 2  
( 3, 1) =  7.47217e-40
dim 2: [1]: [1 [1 [1, 2] 2] 2]
  Real, *4, Dim 2, Data values:
( 3, 1) =  0
( 1, 1) =  0
( 2, 1) =  0
( 1, 2) =  0
( 2, 2) =  0
( 1, 2) =  3.58732e-43
( 2, 2) =  0
( 3, 2) =  0
--- ESMCI::Array::print end ---
( 1, 2) =  0
( 2, 2) =  0
( 3, 2) =  0
dim 1: [0]: [1 [1 [1, 2] 2] 2]
dim 1: [0]: [1 [1 [1, 3] 3] 3]
dim 2: [1]: [1 [1 [1, 2] 2] 2]
--- ESMCI::Array::print end ---
--- ESMCI::Array::print start ---
--- ESMCI::Array::print start ---
 Base name    = Array002
 Status: Base = Ready,  object = Ready
 Proxy        = no
 Root Info (Attributes):
dim 1: [0]: [1 [1 [1, 3] 3] 3]
{}dim 2: [1]: [1 [1 [1, 2] 2] 2]
 Base name    = Array002
dim 2: [1]: [1 [1 [1, 2] 2] 2]
 Status: Base = Ready,  object = Ready
~ local data in LocalArray for DE 4 ~
LocalArrayPrint: Array at address 0x10000100560:
Array typekind/rank: Real*8 / 2 
~ lower class' values ~
DistGrid dimCount = 2
deCount = 6
localDeCount = 1
~ local data in LocalArray for DE 2 ~
LocalArrayPrint: Array at address 0x10000081530:
~ local data in LocalArray for DE 5 ~
LocalArrayPrint: Array at address 0x10000085ad0:
 Proxy        = no
            rank = 2, typekind = 5, base_addr = 0x2aaade4e3f20
            rank = 2, typekind = 6, base_addr = 0x2aaade503d40
            rank = 2, typekind = 5, base_addr = 0x2aaade4e3ec0
 Root Info (Attributes):
            dim[0] = 3  dim[1] = 1  
  Real, *4, Dim 2, Data values:
{}            dim[0] = 3  dim[1] = 2  
Array typekind/rank: Real*8 / 2 
            dim[0] = 2  dim[1] = 1  
  Real, *4, Dim 2, Data values:
( 1, 1) =  0
( 2, 1) =  0
dim 1: [0]: [1 [1 [1, 2] 2] 2]
dim 2: [1]: [1 [1 [1, 1] 1] 1]
--- ESMCI::Array::print end ---
( 1, 1) =  0
--- ESMCI::Array::print start ---
( 2, 1) =  0
  Real, *8, Dim 2, Data values:
~ lower class' values ~
( 3, 1) =  0
dim 1: [0]: [1 [1 [1, 3] 3] 3]
dim 2: [1]: [1 [1 [1, 1] 1] 1]
--- ESMCI::Array::print end ---
 Base name    = Array002
--- ESMCI::Array::print start ---
( 1, 1) =  2.31783e-310
DistGrid dimCount = 2
 Base name    = Array002
 Status: Base = Ready,  object = Ready
 Proxy        = no
 Root Info (Attributes):
 Status: Base = Ready,  object = Ready
{} Proxy        = no
 Root Info (Attributes):
( 2, 1) =  6.01347e-154
{}deCount = 6
Array typekind/rank: Real*8 / 2 
~ lower class' values ~
DistGrid dimCount = 2
deCount = 6
localDeCount = 2
~ local data in LocalArray for DE 1 ~
LocalArrayPrint: Array at address 0x100000816a0:
            rank = 2, typekind = 6, base_addr = 0x2aaade4e3fc0
            dim[0] = 2  dim[1] = 2  
Array typekind/rank: Real*8 / 2 
  Real, *8, Dim 2, Data values:
( 3, 1) =  6.01347e-154
localDeCount = 1
~ lower class' values ~
( 1, 1) =  0
( 2, 1) =  0
( 1, 2) =  0
( 2, 2) =  0
( 1, 2) =  6.10916e+223
~ local data in LocalArray for DE 3 ~
DistGrid dimCount = 2
deCount = 6
localDeCount = 2
~ local data in LocalArray for DE 0 ~
dim 1: [0]: [1 [1 [1, 2] 2] 2]
dim 2: [1]: [1 [1 [1, 2] 2] 2]
~ local data in LocalArray for DE 5 ~
LocalArrayPrint: Array at address 0x100000819d0:
            rank = 2, typekind = 6, base_addr = 0x2aaade4e3fa0
( 2, 2) =  6.01386e-154
( 3, 2) =  6.01347e-154
LocalArrayPrint: Array at address 0x10000081530:
LocalArrayPrint: Array at address 0x100000fc130:
            rank = 2, typekind = 6, base_addr = 0x2aaade4e3fc0
            dim[0] = 2  dim[1] = 1  
            dim[0] = 2  dim[1] = 2  
  Real, *8, Dim 2, Data values:
dim 1: [0]: [1 [1 [1, 3] 3] 3]
( 1, 1) =  0
( 2, 1) =  0
dim 1: [0]: [1 [1 [1, 2] 2] 2]
dim 2: [1]: [1 [1 [1, 1] 1] 1]
--- ESMCI::Array::print end ---
            rank = 2, typekind = 6, base_addr = 0x2aaade503d40
            dim[0] = 3  dim[1] = 2  
  Real, *8, Dim 2, Data values:
  Real, *8, Dim 2, Data values:
dim 2: [1]: [1 [1 [1, 2] 2] 2]
( 1, 1) =  0
--- ESMCI::Array::print start ---
( 2, 1) =  0
( 1, 1) =  2.31783e-310
( 1, 2) =  0
--- ESMCI::Array::print end ---
( 2, 2) =  0
--- ESMCI::Array::print start ---
 Base name    = Array003
 Status: Base = Ready,  object = Ready
 Proxy        = no
 Root Info (Attributes):
 Base name    = Array003
 Status: Base = Ready,  object = Ready
 Proxy        = no
( 2, 1) =  6.01347e-154
dim 1: [0]: [1 [1 [1, 2] 2] 2]
{}dim 2: [1]: [1 [1 [1, 2] 2] 2]
Array typekind/rank: Real*8 / 2 
~ lower class' values ~
DistGrid dimCount = 2
 Root Info (Attributes):
( 3, 1) =  6.01347e-154
--- ESMCI::Array::print end ---
deCount = 6
localDeCount = 1
--- ESMCI::Array::print start ---
{}( 1, 2) =  6.10916e+223
Array typekind/rank: Real*8 / 2 
~ local data in LocalArray for DE 2 ~
LocalArrayPrint: Array at address 0x10000081fc0:
            rank = 2, typekind = 6, base_addr = 0x2aaade503d00
 Base name    = Array003
 Status: Base = Ready,  object = Ready
 Proxy        = no
 Root Info (Attributes):
~ lower class' values ~
( 2, 2) =  6.01386e-154
            dim[0] = 3  dim[1] = 2  
  Real, *8, Dim 2, Data values:
{}Array typekind/rank: Real*8 / 2 
~ lower class' values ~
DistGrid dimCount = 2
deCount = 6
localDeCount = 1
DistGrid dimCount = 2
( 3, 2) =  6.01347e-154
( 1, 1) =  2.31783e-310
( 2, 1) =  6.01347e-154
( 3, 1) =  6.01347e-154
~ local data in LocalArray for DE 3 ~
deCount = 6
dim 1: [0]: [1 [1 [1, 3] 3] 3]
dim 2: [1]: [1 [1 [1, 2] 2] 2]
~ local data in LocalArray for DE 4 ~
LocalArrayPrint: Array at address 0x100000fc460:
            rank = 2, typekind = 6, base_addr = 0x2aaade4e3fc0
( 1, 2) =  6.10916e+223
LocalArrayPrint: Array at address 0x10000081fc0:
localDeCount = 2
            rank = 2, typekind = 6, base_addr = 0x2aaade4e3fa0
            dim[0] = 3  dim[1] = 1  
  Real, *8, Dim 2, Data values:
( 2, 2) =  9.77069e+199
~ local data in LocalArray for DE 1 ~
            dim[0] = 2  dim[1] = 2  
( 1, 1) =  0
( 2, 1) =  0
( 3, 1) =  0
( 3, 2) =  6.99178e+228
dim 1: [0]: [1 [1 [1, 3] 3] 3]
LocalArrayPrint: Array at address 0x10000082460:
  Real, *8, Dim 2, Data values:
            rank = 2, typekind = 6, base_addr = 0x2aaade4e3f80
( 1, 1) =  0
dim 1: [0]: [1 [1 [1, 3] 3] 3]
( 2, 1) =  0
dim 2: [1]: [1 [1 [1, 2] 2] 2]
( 1, 2) =  0
            dim[0] = 2  dim[1] = 2  
( 2, 2) =  0
dim 2: [1]: [1 [1 [1, 1] 1] 1]
dim 1: [0]: [1 [1 [1, 2] 2] 2]
--- ESMCI::Array::print end ---
dim 2: [1]: [1 [1 [1, 2] 2] 2]
  Real, *8, Dim 2, Data values:
--- ESMCI::Array::print end ---
( 1, 1) =  0
--- ESMCI::Array::print start ---
( 2, 1) =  0
--- ESMCI::Array::print end ---
 Base name    = Array003
( 1, 2) =  0
( 2, 2) =  0
 Status: Base = Ready,  object = Ready
dim 1: [0]: [1 [1 [1, 2] 2] 2]
 Proxy        = no
 Root Info (Attributes):
dim 2: [1]: [1 [1 [1, 2] 2] 2]
{}~ local data in LocalArray for DE 5 ~
Array typekind/rank: Real*8 / 2 
LocalArrayPrint: Array at address 0x10000082790:
~ lower class' values ~
DistGrid dimCount = 2
            rank = 2, typekind = 6, base_addr = 0x2aaade4e3f60
deCount = 6
localDeCount = 2
            dim[0] = 2  dim[1] = 1  
~ local data in LocalArray for DE 0 ~
  Real, *8, Dim 2, Data values:
LocalArrayPrint: Array at address 0x100000fcef0:
            rank = 2, typekind = 6, base_addr = 0x2aaade503d00
( 1, 1) =  0
            dim[0] = 3  dim[1] = 2  
( 2, 1) =  0
  Real, *8, Dim 2, Data values:
( 1, 1) =  2.31783e-310
dim 1: [0]: [1 [1 [1, 2] 2] 2]
( 2, 1) =  6.01347e-154
( 3, 1) =  6.01347e-154
dim 2: [1]: [1 [1 [1, 1] 1] 1]
--- ESMCI::Array::print end ---
( 1, 2) =  6.10916e+223
( 2, 2) =  9.77069e+199
( 3, 2) =  6.99178e+228
dim 1: [0]: [1 [1 [1, 3] 3] 3]
dim 2: [1]: [1 [1 [1, 2] 2] 2]
~ local data in LocalArray for DE 4 ~
LocalArrayPrint: Array at address 0x100000fd220:
            rank = 2, typekind = 6, base_addr = 0x2aaade4e3fa0
            dim[0] = 3  dim[1] = 1  
  Real, *8, Dim 2, Data values:
( 1, 1) =  0
( 2, 1) =  0
( 3, 1) =  0
dim 1: [0]: [1 [1 [1, 3] 3] 3]
dim 2: [1]: [1 [1 [1, 1] 1] 1]
--- ESMCI::Array::print end ---
  PASS  Example ESMF_ArrayBundleEx, ESMF_ArrayBundleEx.F90, line 267
  PASS  Example ESMF_ArrayBundleEx, ESMF_ArrayBundleEx.F90, line 267
  PASS  Example ESMF_ArrayBundleEx, ESMF_ArrayBundleEx.F90, line 267
  PASS  Example ESMF_ArrayBundleEx, ESMF_ArrayBundleEx.F90, line 267
 PASS: ESMF_ArrayBundleEx.F90
 PASS: ESMF_ArrayBundleEx.F90
 PASS: ESMF_ArrayBundleEx.F90
 PASS: ESMF_ArrayBundleEx.F90
Application 23921231 resources: utime ~0s, stime ~1s, Rss ~31888, inblocks ~3352, outblocks ~32
