--- ESMCI::Array::print start ---
--- ESMCI::Array::print start ---
--- ESMCI::Array::print start ---
--- ESMCI::Array::print start ---
 Base name    = Array008
 Base name    = Array008
 Base name    = Array008
 Base name    = Array008
 Status: Base = Ready,  object = Ready
 Proxy        = no
 Root Info (Attributes):
 Status: Base = Ready,  object = Ready
 Proxy        = no
 Root Info (Attributes):
 Status: Base = Ready,  object = Ready
 Proxy        = no
 Root Info (Attributes):
 Status: Base = Ready,  object = Ready
 Proxy        = no
 Root Info (Attributes):
{}{}{}Array typekind/rank: Real*8 / 2 
~ lower class' values ~
Array typekind/rank: Real*8 / 2 
DistGrid dimCount = 2
deCount = 4
localDeCount = 1
Array typekind/rank: Real*8 / 2 
~ lower class' values ~
DistGrid dimCount = 2
deCount = 4
localDeCount = 1
~ local data in LocalArray for DE 3 ~
~ lower class' values ~
DistGrid dimCount = 2
deCount = 4
localDeCount = 1
~ local data in LocalArray for DE 0 ~
{}LocalArrayPrint: Array at address 0x100000839f0:
            rank = 2, typekind = 6, base_addr = 0x2aaade4d7f00
~ local data in LocalArray for DE 2 ~
LocalArrayPrint: Array at address 0x100000fe5c0:
LocalArrayPrint: Array at address 0x100000839f0:
            rank = 2, typekind = 6, base_addr = 0x2aaade4d7f00
            rank = 2, typekind = 6, base_addr = 0x2aaade4d7f00
Array typekind/rank: Real*8 / 2 
~ lower class' values ~
DistGrid dimCount = 2
deCount = 4
localDeCount = 1
~ local data in LocalArray for DE 1 ~
LocalArrayPrint: Array at address 0x10000083b40:
            rank = 2, typekind = 6, base_addr = 0x2aaade4d7f00
            dim[0] = 3  dim[1] = 10  
            dim[0] = 3  dim[1] = 10  
  Real, *8, Dim 2, Data values:
  Real, *8, Dim 2, Data values:
( 1, 1) =  1.2345
( 1, 1) =  513.58
( 2, 1) =  613.58
( 2, 1) =  1.2345
( 3, 1) =  713.58
( 3, 1) =  1.2345
            dim[0] = 3  dim[1] = 10  
( 1, 2) =  1.2345
( 1, 2) =  514.814
            dim[0] = 3  dim[1] = 10  
( 2, 2) =  614.814
  Real, *8, Dim 2, Data values:
  Real, *8, Dim 2, Data values:
( 2, 2) =  1.2345
( 1, 1) =  513.58
( 3, 2) =  714.814
( 3, 2) =  1.2345
( 1, 1) =  513.58
( 1, 3) =  1.2345
( 2, 1) =  613.58
( 2, 3) =  1.2345
( 1, 3) =  516.048
( 3, 3) =  1.2345
( 2, 1) =  613.58
( 1, 4) =  1.2345
( 3, 1) =  713.58
( 2, 3) =  616.048
( 3, 3) =  716.048
( 1, 4) =  517.283
  skipping to end ...
( 3, 1) =  713.58
  skipping to end ...
( 1, 2) =  514.814
( 3, 7) =  1.2345
( 3, 7) =  720.986
( 1, 8) =  1.2345
( 1, 2) =  514.814
( 2, 8) =  1.2345
( 2, 2) =  614.814
( 3, 8) =  1.2345
( 1, 8) =  522.221
( 1, 9) =  1.2345
( 2, 2) =  614.814
( 2, 9) =  1.2345
( 3, 2) =  714.814
( 3, 9) =  1.2345
( 2, 8) =  622.221
( 1,10) =  1.2345
( 3, 2) =  714.814
( 1, 3) =  516.048
( 3, 8) =  722.221
( 2,10) =  1.2345
( 3,10) =  1.2345
( 1, 3) =  516.048
( 2, 3) =  616.048
( 1, 9) =  523.456
dim 1: undistLBound[0]=1            undistUBound[0]=3
dim 2: [0]: [1 [1 [1, 10] 10] 10]
--- ESMCI::Array::print end ---
( 2, 3) =  616.048
( 3, 3) =  716.048
( 2, 9) =  623.456
( 3, 3) =  716.048
( 1, 4) =  517.283
  skipping to end ...
( 3, 9) =  723.456
( 1, 4) =  517.283
  skipping to end ...
( 3, 7) =  720.986
( 1,10) =  524.69
( 3, 7) =  720.986
( 1, 8) =  522.221
( 2,10) =  624.69
( 1, 8) =  522.221
( 2, 8) =  622.221
( 3,10) =  724.69
( 2, 8) =  622.221
( 3, 8) =  722.221
dim 1: undistLBound[0]=1            undistUBound[0]=3
( 3, 8) =  722.221
( 1, 9) =  523.456
dim 2: [0]: [1 [1 [1, 10] 10] 10]
--- ESMCI::Array::print end ---
( 1, 9) =  523.456
( 2, 9) =  623.456
( 2, 9) =  623.456
( 3, 9) =  723.456
( 3, 9) =  723.456
( 1,10) =  524.69
( 1,10) =  524.69
( 2,10) =  624.69
( 2,10) =  624.69
( 3,10) =  724.69
( 3,10) =  724.69
dim 1: undistLBound[0]=1            undistUBound[0]=3
dim 1: undistLBound[0]=1            undistUBound[0]=3
dim 2: [0]: [1 [1 [1, 10] 10] 10]
dim 2: [0]: [1 [1 [1, 10] 10] 10]
--- ESMCI::Array::print end ---
--- ESMCI::Array::print end ---
 localPet =            3 myFarray2D2:   0.000000000000000E+000
  0.000000000000000E+000  0.000000000000000E+000  0.000000000000000E+000
 localPet =            2 myFarray2D2:   0.000000000000000E+000
  0.000000000000000E+000  0.000000000000000E+000  0.000000000000000E+000
  0.000000000000000E+000  0.000000000000000E+000  0.000000000000000E+000
  0.000000000000000E+000  0.000000000000000E+000  0.000000000000000E+000
 localPet =            1 myFarray2D2:   0.000000000000000E+000
  0.000000000000000E+000  0.000000000000000E+000  0.000000000000000E+000
  0.000000000000000E+000  0.000000000000000E+000  0.000000000000000E+000
  0.000000000000000E+000  0.000000000000000E+000  0.000000000000000E+000
  0.000000000000000E+000  0.000000000000000E+000  0.000000000000000E+000
 localPet =            0 myFarray2D2:    513.579500000000     
  0.000000000000000E+000  0.000000000000000E+000  0.000000000000000E+000
  0.000000000000000E+000  0.000000000000000E+000  0.000000000000000E+000
  0.000000000000000E+000  0.000000000000000E+000  0.000000000000000E+000
  0.000000000000000E+000  0.000000000000000E+000  0.000000000000000E+000
  0.000000000000000E+000  0.000000000000000E+000  0.000000000000000E+000
  0.000000000000000E+000  0.000000000000000E+000  0.000000000000000E+000
  0.000000000000000E+000  0.000000000000000E+000  0.000000000000000E+000
  0.000000000000000E+000  0.000000000000000E+000  0.000000000000000E+000
  0.000000000000000E+000  0.000000000000000E+000  0.000000000000000E+000
   613.579500000000        713.579500000000        514.814000000000     
  0.000000000000000E+000  0.000000000000000E+000  0.000000000000000E+000
   614.814000000000        714.814000000000        516.048500000000     
  0.000000000000000E+000  0.000000000000000E+000  0.000000000000000E+000
   616.048500000000        716.048500000000        517.283000000000     
  0.000000000000000E+000  0.000000000000000E+000  0.000000000000000E+000
  0.000000000000000E+000  0.000000000000000E+000
  0.000000000000000E+000  0.000000000000000E+000  0.000000000000000E+000
   617.283000000000        717.283000000000        518.517500000000     
  0.000000000000000E+000  0.000000000000000E+000  0.000000000000000E+000
   618.517500000000        718.517500000000        519.752000000000     
--- ESMCI::Array::print start ---
   619.752000000000        719.752000000000        520.986500000000     
 Base name    = Array008
  0.000000000000000E+000  0.000000000000000E+000  0.000000000000000E+000
  0.000000000000000E+000  0.000000000000000E+000  0.000000000000000E+000
  0.000000000000000E+000  0.000000000000000E+000  0.000000000000000E+000
  0.000000000000000E+000  0.000000000000000E+000  0.000000000000000E+000
  0.000000000000000E+000  0.000000000000000E+000
   620.986500000000        720.986500000000        522.221000000000     
--- ESMCI::Array::print start ---
 Status: Base = Ready,  object = Ready
  0.000000000000000E+000  0.000000000000000E+000  0.000000000000000E+000
   622.221000000000        722.221000000000        523.455500000000     
 Base name    = Array008
 Proxy        = no
  0.000000000000000E+000  0.000000000000000E+000
   623.455500000000        723.455500000000        524.690000000000     
--- ESMCI::Array::print start ---
 Status: Base = Ready,  object = Ready
 Proxy        = no
 Root Info (Attributes):
 Root Info (Attributes):
   624.690000000000        724.690000000000     
 Base name    = Array008
--- ESMCI::Array::print start ---
{} Status: Base = Ready,  object = Ready
 Proxy        = no
 Root Info (Attributes):
{}{}Array typekind/rank: Real*8 / 2 
Array typekind/rank: Real*8 / 2 
~ lower class' values ~
DistGrid dimCount = 2
deCount = 4
localDeCount = 1
~ local data in LocalArray for DE 3 ~
 Base name    = Array008
Array typekind/rank: Real*8 / 2 
~ lower class' values ~
DistGrid dimCount = 2
deCount = 4
localDeCount = 1
~ local data in LocalArray for DE 2 ~
~ lower class' values ~
LocalArrayPrint: Array at address 0x100000839f0:
 Status: Base = Ready,  object = Ready
 Proxy        = no
LocalArrayPrint: Array at address 0x100000839f0:
DistGrid dimCount = 2
            rank = 2, typekind = 6, base_addr = 0x2aaade4d7f00
            rank = 2, typekind = 6, base_addr = 0x2aaade4d7f00
 Root Info (Attributes):
            dim[0] = 3  dim[1] = 10  
deCount = 4
{}localDeCount = 1
Array typekind/rank: Real*8 / 2 
~ local data in LocalArray for DE 1 ~
            dim[0] = 3  dim[1] = 10  
LocalArrayPrint: Array at address 0x10000083b40:
  Real, *8, Dim 2, Data values:
            rank = 2, typekind = 6, base_addr = 0x2aaade4d7f00
  Real, *8, Dim 2, Data values:
            dim[0] = 3  dim[1] = 10  
~ lower class' values ~
DistGrid dimCount = 2
deCount = 4
localDeCount = 1
( 1, 1) =  5.4321
( 2, 1) =  5.4321
( 3, 1) =  5.4321
( 1, 2) =  5.4321
( 2, 2) =  5.4321
( 3, 2) =  5.4321
( 1, 3) =  5.4321
( 2, 3) =  5.4321
( 3, 3) =  5.4321
( 1, 4) =  5.4321
( 1, 1) =  513.58
  Real, *8, Dim 2, Data values:
~ local data in LocalArray for DE 0 ~
( 1, 1) =  1.2345
  skipping to end ...
( 2, 1) =  1.2345
( 2, 1) =  613.58
( 3, 1) =  1.2345
LocalArrayPrint: Array at address 0x100000fe5c0:
( 1, 2) =  1.2345
( 3, 7) =  5.4321
( 2, 2) =  1.2345
( 3, 1) =  713.58
( 3, 2) =  1.2345
            rank = 2, typekind = 6, base_addr = 0x2aaade4d7f00
( 1, 3) =  1.2345
( 1, 8) =  5.4321
( 2, 3) =  1.2345
( 1, 2) =  514.814
            dim[0] = 3  dim[1] = 10  
  Real, *8, Dim 2, Data values:
( 2, 8) =  5.4321
( 3, 8) =  5.4321
( 1, 9) =  5.4321
( 2, 9) =  5.4321
( 3, 9) =  5.4321
( 3, 3) =  1.2345
( 2, 2) =  614.814
( 1, 4) =  1.2345
( 1, 1) =  513.58
( 1,10) =  5.4321
( 2,10) =  5.4321
( 3,10) =  5.4321
( 3, 2) =  714.814
  skipping to end ...
( 2, 1) =  613.58
( 3, 7) =  1.2345
dim 1: undistLBound[0]=1            undistUBound[0]=3
( 1, 8) =  1.2345
( 1, 3) =  516.048
( 2, 8) =  1.2345
( 3, 1) =  713.58
( 3, 8) =  1.2345
dim 2: [0]: [1 [1 [1, 10] 10] 10]
( 1, 9) =  1.2345
--- ESMCI::Array::print end ---
( 2, 9) =  1.2345
( 2, 3) =  616.048
( 3, 9) =  1.2345
( 1, 2) =  514.814
( 1,10) =  1.2345
( 3, 3) =  716.048
( 2,10) =  1.2345
( 2, 2) =  614.814
( 1, 4) =  517.283
( 3,10) =  1.2345
( 3, 2) =  714.814
  skipping to end ...
( 1, 3) =  516.048
dim 1: undistLBound[0]=1            undistUBound[0]=3
( 3, 7) =  720.986
dim 2: [0]: [1 [1 [1, 10] 10] 10]
--- ESMCI::Array::print end ---
( 2, 3) =  616.048
( 1, 8) =  522.221
( 3, 3) =  716.048
( 2, 8) =  622.221
( 1, 4) =  517.283
( 3, 8) =  722.221
  skipping to end ...
( 1, 9) =  523.456
( 3, 7) =  720.986
( 2, 9) =  623.456
( 1, 8) =  522.221
( 3, 9) =  723.456
( 2, 8) =  622.221
( 1,10) =  524.69
( 3, 8) =  722.221
( 2,10) =  624.69
( 1, 9) =  523.456
( 3,10) =  724.69
( 2, 9) =  623.456
dim 1: undistLBound[0]=1            undistUBound[0]=3
( 3, 9) =  723.456
dim 2: [0]: [1 [1 [1, 10] 10] 10]
( 1,10) =  524.69
--- ESMCI::Array::print end ---
( 2,10) =  624.69
( 3,10) =  724.69
dim 1: undistLBound[0]=1            undistUBound[0]=3
dim 2: [0]: [1 [1 [1, 10] 10] 10]
--- ESMCI::Array::print end ---
 localPet =            2 myFarray2D2:   0.000000000000000E+000
 localPet =            3 myFarray2D2:   0.000000000000000E+000
 localPet =            1 myFarray2D2:   0.000000000000000E+000
  0.000000000000000E+000  0.000000000000000E+000  0.000000000000000E+000
  0.000000000000000E+000  0.000000000000000E+000  0.000000000000000E+000
  0.000000000000000E+000  0.000000000000000E+000  0.000000000000000E+000
  0.000000000000000E+000  0.000000000000000E+000  0.000000000000000E+000
  0.000000000000000E+000  0.000000000000000E+000  0.000000000000000E+000
  0.000000000000000E+000  0.000000000000000E+000  0.000000000000000E+000
  0.000000000000000E+000  0.000000000000000E+000  0.000000000000000E+000
  0.000000000000000E+000  0.000000000000000E+000  0.000000000000000E+000
  0.000000000000000E+000  0.000000000000000E+000  0.000000000000000E+000
  0.000000000000000E+000  0.000000000000000E+000  0.000000000000000E+000
  0.000000000000000E+000  0.000000000000000E+000  0.000000000000000E+000
  0.000000000000000E+000  0.000000000000000E+000  0.000000000000000E+000
  0.000000000000000E+000  0.000000000000000E+000  0.000000000000000E+000
  0.000000000000000E+000  0.000000000000000E+000  0.000000000000000E+000
  0.000000000000000E+000  0.000000000000000E+000  0.000000000000000E+000
  0.000000000000000E+000  0.000000000000000E+000
  0.000000000000000E+000  0.000000000000000E+000  0.000000000000000E+000
 localPet =            0 myFarray2D2:    5.43209981918335     
  0.000000000000000E+000  0.000000000000000E+000  0.000000000000000E+000
  0.000000000000000E+000  0.000000000000000E+000  0.000000000000000E+000
   5.43209981918335        5.43209981918335        5.43209981918335     
  0.000000000000000E+000  0.000000000000000E+000  0.000000000000000E+000
   5.43209981918335        5.43209981918335        5.43209981918335     
  0.000000000000000E+000  0.000000000000000E+000  0.000000000000000E+000
  0.000000000000000E+000  0.000000000000000E+000  0.000000000000000E+000
   5.43209981918335        5.43209981918335        5.43209981918335     
  0.000000000000000E+000  0.000000000000000E+000  0.000000000000000E+000
  0.000000000000000E+000  0.000000000000000E+000  0.000000000000000E+000
  0.000000000000000E+000  0.000000000000000E+000
   5.43209981918335        5.43209981918335        5.43209981918335     
  0.000000000000000E+000  0.000000000000000E+000  0.000000000000000E+000
   5.43209981918335        5.43209981918335        5.43209981918335     
  0.000000000000000E+000  0.000000000000000E+000  0.000000000000000E+000
   5.43209981918335        5.43209981918335        5.43209981918335     
  0.000000000000000E+000  0.000000000000000E+000  0.000000000000000E+000
   5.43209981918335        5.43209981918335        5.43209981918335     
   5.43209981918335        5.43209981918335        5.43209981918335     
  0.000000000000000E+000  0.000000000000000E+000  0.000000000000000E+000
   5.43209981918335        5.43209981918335        5.43209981918335     
  0.000000000000000E+000  0.000000000000000E+000
   5.43209981918335        5.43209981918335     
  PASS  Example ESMF_ArrayScatterGatherEx, ESMF_ArrayScatterGatherEx.F90, line 3
 28
  PASS  Example ESMF_ArrayScatterGatherEx, ESMF_ArrayScatterGatherEx.F90, line 3
  PASS  Example ESMF_ArrayScatterGatherEx, ESMF_ArrayScatterGatherEx.F90, line 3
 28
 28
  PASS  Example ESMF_ArrayScatterGatherEx, ESMF_ArrayScatterGatherEx.F90, line 3
 28
 PASS: ESMF_ArrayScatterGatherEx.F90
 PASS: ESMF_ArrayScatterGatherEx.F90
 PASS: ESMF_ArrayScatterGatherEx.F90
 PASS: ESMF_ArrayScatterGatherEx.F90
Application 23921207 resources: utime ~0s, stime ~1s, Rss ~32072, inblocks ~3360, outblocks ~32
