 FieldBundle example 1 returned
 FieldBundle example 1 returned
 FieldBundle example 1 returned
 FieldBundle example 1 returned
 FieldBundle example 2 returned, fieldcount =           1
 FieldBundle example 2 returned, fieldcount =           1
 FieldBundle example 2 returned, fieldcount =           1
 FieldBundle example 2 returned, fieldcount =           1
 FieldBundle example 3 returned, fieldcount =           3
 FieldBundle example 3 returned, fieldcount =           3
 FieldBundle example 3 returned, fieldcount =           3
 FieldBundle example 3 returned, fieldcount =           3
 FieldBundle example 4 returned, field names = pressure, pressure
 FieldBundle name = atmosphere data
 heat flux                                                                      
                                                                                
                                                                                
                    
 FieldBundle example 4 returned, field names = pressure, pressure
 FieldBundle name = atmosphere data
 pressure                                                                       
 FieldBundle example 4 returned, field names = pressure, pressure
 FieldBundle example 4 returned, field names = pressure, pressure
                                                                                
 FieldBundle name = atmosphere data
 FieldBundle name = atmosphere data
                                                                                
 heat flux                                                                      
                    
                                                                                
                                                                                
 heat flux                                                                      
                    
 temperature                                                                    
                                                                                
 heat flux                                                                      
                                                                                
                    
                                                                                
                                                                                
                                                                                
 temperature                                                                    
                                                                                
                                                                                
                    
 pressure                                                                       
 pressure                                                                       
                    
                                                                                
                    
                                                                                
 pressure                                                                       
                                                                                
                                                                                
                                                                                
                    
 pressure                                                                       
 temperature                                                                    
                                                                                
                                                                                
                    
                                                                                
 temperature                                                                    
                                                                                
                                                                                
                    
                                                                                
                                                                                
                    
                                                                                
 temperature                                                                    
                                                                                
                                                                                
                    
                    
 temperature                                                                    
                                                                                
                                                                                
                    
                    
 pressure                                                                       
 heat flux                                                                      
                                                                                
                                                                                
                    
 temperature                                                                    
                                                                                
                                                                                
                    
                                                                                
 pressure                                                                       
                                                                                
                                                                                
                    
 temperature                                                                    
 heat flux                                                                      
                                                                                
                                                                                
                    
                                                                                
 pressure                                                                       
                    
                                                                                
                                                                                
                    
                                                                                
                                                                                
                    
 heat flux                                                                      
 heat flux                                                                      
                                                                                
                                                                                
                                                                                
                                                                                
                    
                    
  PASS  Example ESMF_FieldBundleCreateEx, ESMF_FieldBundleCreateEx.F90, line 561
  PASS  Example ESMF_FieldBundleCreateEx, ESMF_FieldBundleCreateEx.F90, line 561
 PASS: ESMF_FieldBundleCreateEx.F90
  PASS  Example ESMF_FieldBundleCreateEx, ESMF_FieldBundleCreateEx.F90, line 561
  PASS  Example ESMF_FieldBundleCreateEx, ESMF_FieldBundleCreateEx.F90, line 561
 PASS: ESMF_FieldBundleCreateEx.F90
 PASS: ESMF_FieldBundleCreateEx.F90
 PASS: ESMF_FieldBundleCreateEx.F90
Application 23811269 resources: utime ~0s, stime ~1s, Rss ~33436, inblocks ~3352, outblocks ~32
