--- ESMCI::Array::print start ---
--- ESMCI::Array::print start ---
--- ESMCI::Array::print start ---
--- ESMCI::Array::print start ---
 Base name    = Array002
 Base name    = Array002
 Base name    = Array002
 Base name    = Array002
 Status: Base = Ready,  object = Ready
 Status: Base = Ready,  object = Ready
 Status: Base = Ready,  object = Ready
 Proxy        = no
 Root Info (Attributes):
 Status: Base = Ready,  object = Ready
 Proxy        = no
 Root Info (Attributes):
 Proxy        = no
 Root Info (Attributes):
 Proxy        = no
 Root Info (Attributes):
{}{}{}Array typekind/rank: Real*8 / 2 
{}Array typekind/rank: Real*8 / 2 
~ lower class' values ~
Array typekind/rank: Real*8 / 2 
~ lower class' values ~
DistGrid dimCount = 2
deCount = 4
~ lower class' values ~
localDeCount = 1
Array typekind/rank: Real*8 / 2 
~ lower class' values ~
DistGrid dimCount = 2
deCount = 4
localDeCount = 1
~ local data in LocalArray for DE 3 ~
DistGrid dimCount = 2
deCount = 4
localDeCount = 1
~ local data in LocalArray for DE 0 ~
DistGrid dimCount = 2
deCount = 4
~ local data in LocalArray for DE 2 ~
LocalArrayPrint: Array at address 0x10000081020:
LocalArrayPrint: Array at address 0x100000fbaa0:
localDeCount = 1
~ local data in LocalArray for DE 1 ~
LocalArrayPrint: Array at address 0x10000081020:
            rank = 2, typekind = 6, base_addr = 0x2aaade4e7fe0
            rank = 2, typekind = 6, base_addr = 0x2aaade4e7fe0
LocalArrayPrint: Array at address 0x10000081020:
            rank = 2, typekind = 6, base_addr = 0x2aaade4e7fe0
            rank = 2, typekind = 6, base_addr = 0x2aaade4e7fe0
            dim[0] = 2  dim[1] = 2  
            dim[0] = 2  dim[1] = 2  
            dim[0] = 2  dim[1] = 2  
            dim[0] = 2  dim[1] = 2  
  Real, *8, Dim 2, Data values:
  Real, *8, Dim 2, Data values:
  Real, *8, Dim 2, Data values:
  Real, *8, Dim 2, Data values:
( 1, 1) =  102
( 1, 1) =  103
( 1, 1) =  100
( 2, 1) =  102
( 1, 1) =  101
( 2, 1) =  103
( 2, 1) =  100
( 1, 2) =  100
( 2, 2) =  100
( 1, 2) =  102
( 2, 1) =  101
( 1, 2) =  101
( 2, 2) =  101
( 1, 2) =  103
dim 1: [0]: [1 [1 [1, 2] 2] 2]
( 2, 2) =  102
dim 1: [0]: [1 [1 [1, 2] 2] 2]
( 2, 2) =  103
dim 2: [1]: [1 [1 [1, 2] 2] 2]
--- ESMCI::Array::print end ---
dim 1: [0]: [1 [1 [1, 2] 2] 2]
--- ESMCI::Array::print start ---
dim 2: [1]: [1 [1 [1, 2] 2] 2]
--- ESMCI::Array::print end ---
dim 1: [0]: [1 [1 [1, 2] 2] 2]
--- ESMCI::Array::print start ---
 Base name    = Array003
 Status: Base = Ready,  object = Ready
 Proxy        = no
 Root Info (Attributes):
dim 2: [1]: [1 [1 [1, 2] 2] 2]
{} Base name    = Array003
 Status: Base = Ready,  object = Ready
 Proxy        = no
 Root Info (Attributes):
dim 2: [1]: [1 [1 [1, 2] 2] 2]
{}--- ESMCI::Array::print end ---
Array typekind/rank: Real*8 / 2 
--- ESMCI::Array::print end ---
--- ESMCI::Array::print start ---
--- ESMCI::Array::print start ---
 Base name    = Array003
Array typekind/rank: Real*8 / 2 
~ lower class' values ~
DistGrid dimCount = 2
deCount = 4
localDeCount = 1
~ local data in LocalArray for DE 1 ~
LocalArrayPrint: Array at address 0x10000081af0:
~ lower class' values ~
DistGrid dimCount = 2
deCount = 4
localDeCount = 1
~ local data in LocalArray for DE 0 ~
LocalArrayPrint: Array at address 0x100000fc570:
 Base name    = Array003
 Status: Base = Ready,  object = Ready
 Proxy        = no
 Root Info (Attributes):
 Status: Base = Ready,  object = Ready
 Proxy        = no
 Root Info (Attributes):
            rank = 2, typekind = 6, base_addr = 0x2aaade4e7fc0
{}            rank = 2, typekind = 6, base_addr = 0x2aaade4e7fc0
{}            dim[0] = 2  dim[1] = 2  
  Real, *8, Dim 2, Data values:
Array typekind/rank: Real*8 / 2 
~ lower class' values ~
DistGrid dimCount = 2
deCount = 4
localDeCount = 1
~ local data in LocalArray for DE 2 ~
LocalArrayPrint: Array at address 0x10000081af0:
            dim[0] = 2  dim[1] = 2  
  Real, *8, Dim 2, Data values:
Array typekind/rank: Real*8 / 2 
~ lower class' values ~
DistGrid dimCount = 2
deCount = 4
localDeCount = 1
~ local data in LocalArray for DE 3 ~
LocalArrayPrint: Array at address 0x10000081af0:
( 1, 1) =  201
( 2, 1) =  201
( 1, 2) =  201
( 2, 2) =  201
            rank = 2, typekind = 6, base_addr = 0x2aaade4e7fc0
( 1, 1) =  200
( 2, 1) =  200
            rank = 2, typekind = 6, base_addr = 0x2aaade4e7fc0
dim 1: [0]: [1 [1 [1, 2] 2] 2]
dim 2: [1]: [1 [1 [1, 2] 2] 2]
--- ESMCI::Array::print end ---
            dim[0] = 2  dim[1] = 2  
  Real, *8, Dim 2, Data values:
( 1, 2) =  200
            dim[0] = 2  dim[1] = 2  
  Real, *8, Dim 2, Data values:
--- ESMCI::Array::print start ---
 Base name    = Array004
 Status: Base = Ready,  object = Ready
 Proxy        = no
 Root Info (Attributes):
( 1, 1) =  202
( 2, 2) =  200
dim 1: [0]: [1 [1 [1, 2] 2] 2]
dim 2: [1]: [1 [1 [1, 2] 2] 2]
--- ESMCI::Array::print end ---
( 1, 1) =  203
{}( 2, 1) =  202
--- ESMCI::Array::print start ---
 Base name    = Array004
 Status: Base = Ready,  object = Ready
 Proxy        = no
 Root Info (Attributes):
( 2, 1) =  203
Array typekind/rank: Real*8 / 2 
~ lower class' values ~
DistGrid dimCount = 2
deCount = 4
localDeCount = 1
~ local data in LocalArray for DE 1 ~
LocalArrayPrint: Array at address 0x10000082660:
            rank = 2, typekind = 6, base_addr = 0x2aaade4dbf80
( 1, 2) =  202
{}Array typekind/rank: Real*8 / 2 
~ lower class' values ~
DistGrid dimCount = 2
deCount = 4
localDeCount = 1
~ local data in LocalArray for DE 0 ~
LocalArrayPrint: Array at address 0x100000fd0e0:
( 1, 2) =  203
            dim[0] = 4  dim[1] = 4  
  Real, *8, Dim 2, Data values:
( 2, 2) =  202
            rank = 2, typekind = 6, base_addr = 0x2aaade4dbf80
( 2, 2) =  203
( 0, 0) =  301
dim 1: [0]: [1 [1 [1, 2] 2] 2]
dim 2: [1]: [1 [1 [1, 2] 2] 2]
--- ESMCI::Array::print end ---
            dim[0] = 4  dim[1] = 4  
  Real, *8, Dim 2, Data values:
dim 1: [0]: [1 [1 [1, 2] 2] 2]
dim 2: [1]: [1 [1 [1, 2] 2] 2]
--- ESMCI::Array::print end ---
( 1, 0) =  301
--- ESMCI::Array::print start ---
 Base name    = Array004
( 0, 0) =  300
--- ESMCI::Array::print start ---
 Base name    = Array004
 Status: Base = Ready,  object = Ready
 Proxy        = no
 Root Info (Attributes):
( 2, 0) =  301
( 3, 0) =  301
 Status: Base = Ready,  object = Ready
 Proxy        = no
 Root Info (Attributes):
( 1, 0) =  300
{}Array typekind/rank: Real*8 / 2 
~ lower class' values ~
DistGrid dimCount = 2
deCount = 4
localDeCount = 1
~ local data in LocalArray for DE 3 ~
LocalArrayPrint: Array at address 0x10000082660:
            rank = 2, typekind = 6, base_addr = 0x2aaade4dbf80
( 0, 1) =  300
{}( 2, 0) =  300
            dim[0] = 4  dim[1] = 4  
  Real, *8, Dim 2, Data values:
( 1, 1) =  301
( 2, 1) =  301
( 3, 1) =  301
( 0, 2) =  300
( 1, 2) =  301
( 2, 2) =  301
( 3, 2) =  301
( 0, 3) =  302
( 1, 3) =  303
Array typekind/rank: Real*8 / 2 
~ lower class' values ~
DistGrid dimCount = 2
deCount = 4
( 3, 0) =  300
( 0, 0) =  300
( 2, 3) =  303
localDeCount = 1
~ local data in LocalArray for DE 2 ~
LocalArrayPrint: Array at address 0x10000082660:
            rank = 2, typekind = 6, base_addr = 0x2aaade4dbf80
( 0, 1) =  300
( 1, 0) =  301
( 3, 3) =  301
            dim[0] = 4  dim[1] = 4  
  Real, *8, Dim 2, Data values:
( 0, 0) =  302
( 1, 1) =  300
( 2, 0) =  301
dim 1: [0]: [0 [1 [1, 2] 2] 3]
dim 2: [1]: [0 [1 [1, 2] 2] 3]
--- ESMCI::Array::print end ---
( 1, 0) =  300
( 2, 1) =  300
( 3, 1) =  301
( 3, 0) =  303
--- ESMCI::Array::print start ---
 Base name    = Array005
 Status: Base = Ready,  object = Ready
 Proxy        = no
( 2, 0) =  300
( 0, 1) =  302
 Root Info (Attributes):
( 0, 2) =  300
( 3, 0) =  301
( 1, 1) =  303
{}( 1, 2) =  300
( 0, 1) =  302
( 2, 1) =  303
Array typekind/rank: Real*8 / 2 
~ lower class' values ~
DistGrid dimCount = 2
deCount = 4
localDeCount = 1
~ local data in LocalArray for DE 1 ~
LocalArrayPrint: Array at address 0x10000083380:
            rank = 2, typekind = 6, base_addr = 0x2aaade4dbf00
( 2, 2) =  300
( 1, 1) =  302
( 3, 1) =  303
            dim[0] = 4  dim[1] = 4  
  Real, *8, Dim 2, Data values:
( 3, 2) =  301
( 0, 3) =  300
( 2, 1) =  302
( 0, 2) =  302
( 0, 0) =  401
( 1, 3) =  302
( 2, 3) =  302
( 3, 3) =  303
( 3, 1) =  303
( 1, 2) =  303
( 1, 0) =  401
( 2, 0) =  401
( 3, 0) =  401
( 0, 1) =  400
( 1, 1) =  401
( 2, 1) =  401
( 3, 1) =  401
( 0, 2) =  400
( 1, 2) =  401
dim 1: [0]: [0 [1 [1, 2] 2] 3]
( 0, 2) =  302
( 2, 2) =  303
( 2, 2) =  401
dim 2: [1]: [0 [1 [1, 2] 2] 3]
--- ESMCI::Array::print end ---
( 1, 2) =  302
( 3, 2) =  303
( 3, 2) =  401
--- ESMCI::Array::print start ---
 Base name    = Array005
 Status: Base = Ready,  object = Ready
 Proxy        = no
 Root Info (Attributes):
( 2, 2) =  302
( 0, 3) =  303
( 0, 3) =  402
{}( 3, 2) =  303
( 1, 3) =  303
( 1, 3) =  403
Array typekind/rank: Real*8 / 2 
~ lower class' values ~
DistGrid dimCount = 2
deCount = 4
localDeCount = 1
~ local data in LocalArray for DE 0 ~
( 0, 3) =  302
( 2, 3) =  303
( 2, 3) =  403
( 3, 3) =  401
dim 1: [0]: [0 [1 [1, 2] 2] 3]
dim 2: [1]: [0 [1 [1, 2] 2] 3]
--- ESMCI::Array::print end ---
LocalArrayPrint: Array at address 0x100000fdde0:
( 1, 3) =  302
( 2, 3) =  302
( 3, 3) =  302
( 3, 3) =  303
--- ESMCI::Array::print start ---
 Base name    = Array006
 Status: Base = Ready,  object = Ready
 Proxy        = no
 Root Info (Attributes):
            rank = 2, typekind = 6, base_addr = 0x2aaade4dbf00
dim 1: [0]: [0 [1 [1, 2] 2] 3]
dim 2: [1]: [0 [1 [1, 2] 2] 3]
--- ESMCI::Array::print end ---
dim 1: [0]: [0 [1 [1, 2] 2] 3]
dim 2: [1]: [0 [1 [1, 2] 2] 3]
--- ESMCI::Array::print end ---
{}            dim[0] = 4  dim[1] = 4  
  Real, *8, Dim 2, Data values:
--- ESMCI::Array::print start ---
 Base name    = Array005
 Status: Base = Ready,  object = Ready
 Proxy        = no
 Root Info (Attributes):
--- ESMCI::Array::print start ---
 Base name    = Array005
 Status: Base = Ready,  object = Ready
 Proxy        = no
 Root Info (Attributes):
Array typekind/rank: Real*8 / 2 
~ lower class' values ~
DistGrid dimCount = 2
deCount = 4
localDeCount = 1
~ local data in LocalArray for DE 1 ~
LocalArrayPrint: Array at address 0x10000083fe0:
            rank = 2, typekind = 6, base_addr = 0x2aaade4e3fa0
( 0, 0) =  400
{}Array typekind/rank: Real*8 / 2 
~ lower class' values ~
DistGrid dimCount = 2
deCount = 4
localDeCount = 1
~ local data in LocalArray for DE 2 ~
LocalArrayPrint: Array at address 0x100000833a0:
            rank = 2, typekind = 6, base_addr = 0x2aaade4dbf00
{}Array typekind/rank: Real*8 / 2 
~ lower class' values ~
            dim[0] = 4  dim[1] = 3  
  Real, *8, Dim 2, Data values:
( 1, 0) =  400
( 2, 0) =  400
( 3, 0) =  400
( 0, 1) =  400
( 1, 1) =  400
( 2, 1) =  400
            dim[0] = 4  dim[1] = 4  
  Real, *8, Dim 2, Data values:
DistGrid dimCount = 2
deCount = 4
localDeCount = 1
~ local data in LocalArray for DE 3 ~
LocalArrayPrint: Array at address 0x100000833a0:
            rank = 2, typekind = 6, base_addr = 0x2aaade4dbf00
( 0, 0) =  501
( 3, 1) =  401
( 0, 2) =  400
( 1, 2) =  400
( 2, 2) =  400
( 3, 2) =  401
( 0, 0) =  402
            dim[0] = 4  dim[1] = 4  
  Real, *8, Dim 2, Data values:
( 1, 0) =  501
( 0, 3) =  400
( 1, 0) =  400
( 0, 0) =  400
( 2, 0) =  501
( 1, 3) =  402
( 2, 0) =  400
( 1, 0) =  401
( 3, 0) =  501
( 2, 3) =  402
( 3, 0) =  401
( 2, 0) =  401
( 0, 1) =  500
( 3, 3) =  403
( 0, 1) =  402
( 1, 1) =  402
( 2, 1) =  402
( 3, 1) =  403
( 0, 2) =  402
( 1, 2) =  402
( 2, 2) =  402
( 3, 2) =  403
( 3, 0) =  403
( 1, 1) =  501
dim 1: [0]: [0 [1 [1, 2] 2] 3]
dim 2: [1]: [0 [1 [1, 2] 2] 3]
--- ESMCI::Array::print end ---
( 0, 3) =  402
( 0, 1) =  402
( 1, 1) =  403
( 2, 1) =  403
( 2, 1) =  501
( 3, 1) =  501
( 0, 2) =  500
( 1, 2) =  501
( 2, 2) =  501
( 3, 2) =  501
--- ESMCI::Array::print start ---
 Base name    = Array006
 Status: Base = Ready,  object = Ready
 Proxy        = no
 Root Info (Attributes):
( 1, 3) =  402
( 3, 1) =  403
dim 1: [0]: [0 [1 [1, 2] 2] 3]
{}( 2, 3) =  402
( 0, 2) =  402
dim 2: [1]: [0 [1 [1, 2] 2] 2]
--- ESMCI::Array::print end ---
Array typekind/rank: Real*8 / 2 
~ lower class' values ~
DistGrid dimCount = 2
deCount = 4
localDeCount = 1
~ local data in LocalArray for DE 0 ~
LocalArrayPrint: Array at address 0x100000fea40:
            rank = 2, typekind = 6, base_addr = 0x2aaade4e3fa0
( 3, 3) =  402
dim 1: [0]: [0 [1 [1, 2] 2] 3]
dim 2: [1]: [0 [1 [1, 2] 2] 3]
--- ESMCI::Array::print end ---
( 1, 2) =  403
( 2, 2) =  403
( 3, 2) =  403
            dim[0] = 4  dim[1] = 3  
  Real, *8, Dim 2, Data values:
--- ESMCI::Array::print start ---
 Base name    = Array006
 Status: Base = Ready,  object = Ready
 Proxy        = no
 Root Info (Attributes):
( 0, 3) =  403
( 0, 0) =  500
{}( 1, 3) =  403
( 2, 3) =  403
( 1, 0) =  500
Array typekind/rank: Real*8 / 2 
~ lower class' values ~
DistGrid dimCount = 2
deCount = 4
localDeCount = 1
~ local data in LocalArray for DE 2 ~
( 3, 3) =  403
( 2, 0) =  500
LocalArrayPrint: Array at address 0x10000084000:
dim 1: [0]: [0 [1 [1, 2] 2] 3]
dim 2: [1]: [0 [1 [1, 2] 2] 3]
--- ESMCI::Array::print end ---
( 3, 0) =  500
            rank = 2, typekind = 6, base_addr = 0x2aaade4e3fa0
--- ESMCI::Array::print start ---
 Base name    = Array006
 Status: Base = Ready,  object = Ready
 Proxy        = no
 Root Info (Attributes):
( 0, 1) =  500
            dim[0] = 4  dim[1] = 3  
  Real, *8, Dim 2, Data values:
{}( 1, 1) =  500
( 0, 0) =  502
Array typekind/rank: Real*8 / 2 
~ lower class' values ~
DistGrid dimCount = 2
deCount = 4
localDeCount = 1
~ local data in LocalArray for DE 3 ~
( 2, 1) =  500
( 1, 0) =  500
LocalArrayPrint: Array at address 0x10000084000:
( 3, 1) =  501
( 0, 2) =  500
( 1, 2) =  500
( 2, 2) =  500
( 2, 0) =  500
            rank = 2, typekind = 6, base_addr = 0x2aaade4e3fa0
( 3, 2) =  501
( 3, 0) =  501
( 0, 1) =  502
( 1, 1) =  502
            dim[0] = 4  dim[1] = 3  
  Real, *8, Dim 2, Data values:
dim 1: [0]: [0 [1 [1, 2] 2] 3]
dim 2: [1]: [0 [1 [1, 2] 2] 2]
--- ESMCI::Array::print end ---
( 2, 1) =  502
( 0, 0) =  500
( 3, 1) =  503
( 1, 0) =  501
( 0, 2) =  502
( 2, 0) =  501
( 1, 2) =  502
( 3, 0) =  503
( 2, 2) =  502
( 0, 1) =  502
( 3, 2) =  503
( 1, 1) =  503
dim 1: [0]: [0 [1 [1, 2] 2] 3]
( 2, 1) =  503
dim 2: [1]: [0 [1 [1, 2] 2] 2]
( 3, 1) =  503
--- ESMCI::Array::print end ---
( 0, 2) =  502
( 1, 2) =  503
( 2, 2) =  503
( 3, 2) =  503
dim 1: [0]: [0 [1 [1, 2] 2] 3]
dim 2: [1]: [0 [1 [1, 2] 2] 2]
--- ESMCI::Array::print end ---
  PASS  Example ESMF_ArrayBundleHaloEx, ESMF_ArrayBundleHaloEx.F90, line 172
  PASS  Example ESMF_ArrayBundleHaloEx, ESMF_ArrayBundleHaloEx.F90, line 172
  PASS  Example ESMF_ArrayBundleHaloEx, ESMF_ArrayBundleHaloEx.F90, line 172
  PASS  Example ESMF_ArrayBundleHaloEx, ESMF_ArrayBundleHaloEx.F90, line 172
 PASS: ESMF_ArrayBundleHaloEx.F90
 PASS: ESMF_ArrayBundleHaloEx.F90
 PASS: ESMF_ArrayBundleHaloEx.F90
 PASS: ESMF_ArrayBundleHaloEx.F90
Application 24188753 resources: utime ~0s, stime ~1s, Rss ~31788, inblocks ~3354, outblocks ~32
