 User Comp1 Register starting
 User Comp1 Register starting
 User Comp1 Register starting
 User Comp1 Register starting
 Registered Initialize, Run, and Finalize routines
 User Comp1 Register returning
 Registered Initialize, Run, and Finalize routines
 Registered Initialize, Run, and Finalize routines
 User Comp1 Register returning
 User Comp1 Register returning
 Registered Initialize, Run, and Finalize routines
 User Comp1 Register returning
  PASS  Example ESMF_WebServicesEx, ESMF_WebServicesEx.F90, line 227
  PASS  Example ESMF_WebServicesEx, ESMF_WebServicesEx.F90, line 227
  PASS  Example ESMF_WebServicesEx, ESMF_WebServicesEx.F90, line 227
  PASS  Example ESMF_WebServicesEx, ESMF_WebServicesEx.F90, line 227
 PASS: ESMF_WebServicesEx.F90
 PASS: ESMF_WebServicesEx.F90
 PASS: ESMF_WebServicesEx.F90
 PASS: ESMF_WebServicesEx.F90
Application 24188829 resources: utime ~0s, stime ~1s, Rss ~30988, inblocks ~3320, outblocks ~32
