20210330 122734.847 INFO             PET0 !!!!!!!!!!!!!!!!!!!!!!!!!!!!!!!!!!!!!!!!!!!!!!!!!!!!!!
20210330 122734.855 INFO             PET0 !!! THE ESMF_LOG IS SET TO OUTPUT ALL LOG MESSAGES !!!
20210330 122734.855 INFO             PET0 !!!     THIS MAY CAUSE SLOWDOWN IN PERFORMANCE     !!!
20210330 122734.856 INFO             PET0 !!! FOR PRODUCTION RUNS, USE:                      !!!
20210330 122734.856 INFO             PET0 !!!                   ESMF_LOGKIND_Multi_On_Error  !!!
20210330 122734.856 INFO             PET0 !!!!!!!!!!!!!!!!!!!!!!!!!!!!!!!!!!!!!!!!!!!!!!!!!!!!!!
20210330 122734.856 INFO             PET0 Running with ESMF Version   : ESMF_8_2_0_beta_snapshot_03-5-ge9acbec5cb
20210330 122734.857 INFO             PET0 ESMF library build date/time: "Mar 30 2021" "03:07:57"
20210330 122734.857 INFO             PET0 ESMF library build location : /p/work/mpotts/intel_2017.5_mpi_g
20210330 122734.857 INFO             PET0 ESMF_COMM                   : mpi
20210330 122734.862 INFO             PET0 ESMF_MOAB                   : enabled
20210330 122734.862 INFO             PET0 ESMF_LAPACK                 : enabled
20210330 122734.862 INFO             PET0 ESMF_NETCDF                 : enabled
20210330 122734.862 INFO             PET0 ESMF_PNETCDF                : disabled
20210330 122734.862 INFO             PET0 ESMF_PIO                    : enabled
20210330 122734.862 INFO             PET0 ESMF_YAMLCPP                : enabled
20210330 122734.950 INFO             PET0  NUMBER_OF_PROCESSORS           4
20210330 122734.950 INFO             PET0  PASS  Example ESMF_StateReadWriteEx, ESMF_StateReadWriteEx.F90, line 185
20210330 122734.950 INFO             PET0 Finalizing ESMF
20210330 122734.847 INFO             PET1 !!!!!!!!!!!!!!!!!!!!!!!!!!!!!!!!!!!!!!!!!!!!!!!!!!!!!!
20210330 122734.855 INFO             PET1 !!! THE ESMF_LOG IS SET TO OUTPUT ALL LOG MESSAGES !!!
20210330 122734.855 INFO             PET1 !!!     THIS MAY CAUSE SLOWDOWN IN PERFORMANCE     !!!
20210330 122734.856 INFO             PET1 !!! FOR PRODUCTION RUNS, USE:                      !!!
20210330 122734.856 INFO             PET1 !!!                   ESMF_LOGKIND_Multi_On_Error  !!!
20210330 122734.856 INFO             PET1 !!!!!!!!!!!!!!!!!!!!!!!!!!!!!!!!!!!!!!!!!!!!!!!!!!!!!!
20210330 122734.856 INFO             PET1 Running with ESMF Version   : ESMF_8_2_0_beta_snapshot_03-5-ge9acbec5cb
20210330 122734.857 INFO             PET1 ESMF library build date/time: "Mar 30 2021" "03:07:57"
20210330 122734.857 INFO             PET1 ESMF library build location : /p/work/mpotts/intel_2017.5_mpi_g
20210330 122734.857 INFO             PET1 ESMF_COMM                   : mpi
20210330 122734.862 INFO             PET1 ESMF_MOAB                   : enabled
20210330 122734.862 INFO             PET1 ESMF_LAPACK                 : enabled
20210330 122734.862 INFO             PET1 ESMF_NETCDF                 : enabled
20210330 122734.862 INFO             PET1 ESMF_PNETCDF                : disabled
20210330 122734.862 INFO             PET1 ESMF_PIO                    : enabled
20210330 122734.862 INFO             PET1 ESMF_YAMLCPP                : enabled
20210330 122734.873 INFO             PET1  NUMBER_OF_PROCESSORS           4
20210330 122734.873 INFO             PET1  PASS  Example ESMF_StateReadWriteEx, ESMF_StateReadWriteEx.F90, line 185
20210330 122734.873 INFO             PET1 Finalizing ESMF
20210330 122734.847 INFO             PET2 !!!!!!!!!!!!!!!!!!!!!!!!!!!!!!!!!!!!!!!!!!!!!!!!!!!!!!
20210330 122734.855 INFO             PET2 !!! THE ESMF_LOG IS SET TO OUTPUT ALL LOG MESSAGES !!!
20210330 122734.855 INFO             PET2 !!!     THIS MAY CAUSE SLOWDOWN IN PERFORMANCE     !!!
20210330 122734.856 INFO             PET2 !!! FOR PRODUCTION RUNS, USE:                      !!!
20210330 122734.856 INFO             PET2 !!!                   ESMF_LOGKIND_Multi_On_Error  !!!
20210330 122734.856 INFO             PET2 !!!!!!!!!!!!!!!!!!!!!!!!!!!!!!!!!!!!!!!!!!!!!!!!!!!!!!
20210330 122734.856 INFO             PET2 Running with ESMF Version   : ESMF_8_2_0_beta_snapshot_03-5-ge9acbec5cb
20210330 122734.857 INFO             PET2 ESMF library build date/time: "Mar 30 2021" "03:07:57"
20210330 122734.857 INFO             PET2 ESMF library build location : /p/work/mpotts/intel_2017.5_mpi_g
20210330 122734.857 INFO             PET2 ESMF_COMM                   : mpi
20210330 122734.862 INFO             PET2 ESMF_MOAB                   : enabled
20210330 122734.862 INFO             PET2 ESMF_LAPACK                 : enabled
20210330 122734.862 INFO             PET2 ESMF_NETCDF                 : enabled
20210330 122734.862 INFO             PET2 ESMF_PNETCDF                : disabled
20210330 122734.863 INFO             PET2 ESMF_PIO                    : enabled
20210330 122734.863 INFO             PET2 ESMF_YAMLCPP                : enabled
20210330 122734.873 INFO             PET2  NUMBER_OF_PROCESSORS           4
20210330 122734.873 INFO             PET2  PASS  Example ESMF_StateReadWriteEx, ESMF_StateReadWriteEx.F90, line 185
20210330 122734.873 INFO             PET2 Finalizing ESMF
20210330 122734.847 INFO             PET3 !!!!!!!!!!!!!!!!!!!!!!!!!!!!!!!!!!!!!!!!!!!!!!!!!!!!!!
20210330 122734.855 INFO             PET3 !!! THE ESMF_LOG IS SET TO OUTPUT ALL LOG MESSAGES !!!
20210330 122734.855 INFO             PET3 !!!     THIS MAY CAUSE SLOWDOWN IN PERFORMANCE     !!!
20210330 122734.856 INFO             PET3 !!! FOR PRODUCTION RUNS, USE:                      !!!
20210330 122734.856 INFO             PET3 !!!                   ESMF_LOGKIND_Multi_On_Error  !!!
20210330 122734.856 INFO             PET3 !!!!!!!!!!!!!!!!!!!!!!!!!!!!!!!!!!!!!!!!!!!!!!!!!!!!!!
20210330 122734.856 INFO             PET3 Running with ESMF Version   : ESMF_8_2_0_beta_snapshot_03-5-ge9acbec5cb
20210330 122734.857 INFO             PET3 ESMF library build date/time: "Mar 30 2021" "03:07:57"
20210330 122734.857 INFO             PET3 ESMF library build location : /p/work/mpotts/intel_2017.5_mpi_g
20210330 122734.857 INFO             PET3 ESMF_COMM                   : mpi
20210330 122734.862 INFO             PET3 ESMF_MOAB                   : enabled
20210330 122734.862 INFO             PET3 ESMF_LAPACK                 : enabled
20210330 122734.862 INFO             PET3 ESMF_NETCDF                 : enabled
20210330 122734.862 INFO             PET3 ESMF_PNETCDF                : disabled
20210330 122734.862 INFO             PET3 ESMF_PIO                    : enabled
20210330 122734.862 INFO             PET3 ESMF_YAMLCPP                : enabled
20210330 122734.873 INFO             PET3  NUMBER_OF_PROCESSORS           4
20210330 122734.873 INFO             PET3  PASS  Example ESMF_StateReadWriteEx, ESMF_StateReadWriteEx.F90, line 185
20210330 122734.873 INFO             PET3 Finalizing ESMF
