 localPET=           3  localDE=           0 : array(           1 ,           1 
 )=  3.458459520888726E-323
 localPET=           3  localDE=           0 : array(           1 ,           2 
 )=  2.964393875047479E-323
 localPET=           3  localDE=           0 : array(           2 ,           1 
 localPET=           0  localDE=           0 : array(           1 ,           1 
 )=   2.00000000000000     
 localPET=           0  localDE=           0 : array(           1 ,           2 
 )=   2.00000000000000     
 localPET=           0  localDE=           0 : array(           2 ,           1 
 )=   2.00000000000000     
 localPET=           0  localDE=           0 : array(           2 ,           2 
 )=   2.00000000000000     
 localPET=           1  localDE=           0 : array(           1 ,           1 
 )=  3.458459520888726E-323
 localPET=           1  localDE=           0 : array(           1 ,           2 
 )=  2.964393875047479E-323
 localPET=           1  localDE=           0 : array(           2 ,           1 
 )=  0.000000000000000E+000
 localPET=           1  localDE=           0 : array(           2 ,           2 
 )=  0.000000000000000E+000
 localPET=           1  localDE=           1 : array(           1 ,           1 
 )=  1.976262583364986E-323
 localPET=           1  localDE=           1 : array(           2 ,           1 
 )=  0.000000000000000E+000
 )=  0.000000000000000E+000
 localPET=           3  localDE=           0 : array(           2 ,           2 
 )=  0.000000000000000E+000
 localPET=           0  localDE=           0 : array(           3 ,           1 
 )=   2.00000000000000     
 localPET=           0  localDE=           0 : array(           3 ,           2 
 )=   2.00000000000000     
 localPET=           0  localDE=           1 : array(           1 ,           1 
 )=   2.00000000000000     
 localPET=           0  localDE=           1 : array(           2 ,           1 
 )=   2.00000000000000     
 localPET=           0  localDE=           1 : array(           3 ,           1 
 )=  2.121995800352520E-314
 localPET=           2  localDE=           0 : array(           1 ,           1 
 )=  0.000000000000000E+000
 localPET=           2  localDE=           0 : array(           1 ,           2 
 )=  0.000000000000000E+000
 localPET=           2  localDE=           0 : array(           2 ,           1 
 )=  0.000000000000000E+000
 localPET=           2  localDE=           0 : array(           2 ,           2 
 )=  0.000000000000000E+000
 localPET=           2  localDE=           0 : array(           3 ,           1 
 )=  0.000000000000000E+000
 localPET=           2  localDE=           0 : array(           3 ,           2 
 )=  0.000000000000000E+000
 localPet:            3 DE            3  [           1           2 ]
 localPet:            1 DE            1  [           1           2 ]
 localPet:            1 DE            5  [           1           2 ]
 localPet:            2 DE            2  [           1           3 ]
 localPet:            0 DE            0  [           1           3 ]
 localPet:            0 DE            4  [           1           3 ]
  PASS  Example ESMF_ArrayEx, ESMF_ArrayEx.F90, line 1899
 PASS: ESMF_ArrayEx.F90
  PASS  Example ESMF_ArrayEx, ESMF_ArrayEx.F90, line 1899
 PASS: ESMF_ArrayEx.F90
  PASS  Example ESMF_ArrayEx, ESMF_ArrayEx.F90, line 1899
 PASS: ESMF_ArrayEx.F90
  PASS  Example ESMF_ArrayEx, ESMF_ArrayEx.F90, line 1899
 PASS: ESMF_ArrayEx.F90
