20210324 030351.158 INFO             PET0 !!!!!!!!!!!!!!!!!!!!!!!!!!!!!!!!!!!!!!!!!!!!!!!!!!!!!!
20210324 030351.159 INFO             PET0 !!! THE ESMF_LOG IS SET TO OUTPUT ALL LOG MESSAGES !!!
20210324 030351.159 INFO             PET0 !!!     THIS MAY CAUSE SLOWDOWN IN PERFORMANCE     !!!
20210324 030351.159 INFO             PET0 !!! FOR PRODUCTION RUNS, USE:                      !!!
20210324 030351.159 INFO             PET0 !!!                   ESMF_LOGKIND_Multi_On_Error  !!!
20210324 030351.159 INFO             PET0 !!!!!!!!!!!!!!!!!!!!!!!!!!!!!!!!!!!!!!!!!!!!!!!!!!!!!!
20210324 030351.159 INFO             PET0 Running with ESMF Version   : ESMF_8_1_0
20210324 030351.159 INFO             PET0 ESMF library build date/time: "Mar 24 2021" "02:30:42"
20210324 030351.159 INFO             PET0 ESMF library build location : /work/noaa/da/mpotts/sandbox/intel_2020_intelmpi_g
20210324 030351.159 INFO             PET0 ESMF_COMM                   : intelmpi
20210324 030351.160 INFO             PET0 ESMF_MOAB                   : enabled
20210324 030351.160 INFO             PET0 ESMF_LAPACK                 : enabled
20210324 030351.160 INFO             PET0 ESMF_NETCDF                 : enabled
20210324 030351.160 INFO             PET0 ESMF_PNETCDF                : disabled
20210324 030351.160 INFO             PET0 ESMF_PIO                    : enabled
20210324 030351.160 INFO             PET0 ESMF_YAMLCPP                : enabled
20210324 030351.160 INFO             PET0  NUMBER_OF_PROCESSORS           4
20210324 030351.160 INFO             PET0  PASS  Example ESMF_VMUserMpiCommMultiEx, ESMF_VMUserMpiCommMultiEx.F90, line 126
20210324 030351.160 INFO             PET0 Finalizing ESMF
20210324 030351.162 INFO             PET0 !!!!!!!!!!!!!!!!!!!!!!!!!!!!!!!!!!!!!!!!!!!!!!!!!!!!!!
20210324 030351.162 INFO             PET0 !!! THE ESMF_LOG IS SET TO OUTPUT ALL LOG MESSAGES !!!
20210324 030351.162 INFO             PET0 !!!     THIS MAY CAUSE SLOWDOWN IN PERFORMANCE     !!!
20210324 030351.162 INFO             PET0 !!! FOR PRODUCTION RUNS, USE:                      !!!
20210324 030351.162 INFO             PET0 !!!                   ESMF_LOGKIND_Multi_On_Error  !!!
20210324 030351.162 INFO             PET0 !!!!!!!!!!!!!!!!!!!!!!!!!!!!!!!!!!!!!!!!!!!!!!!!!!!!!!
20210324 030351.162 INFO             PET0 Running with ESMF Version   : ESMF_8_1_0
20210324 030351.162 INFO             PET0 ESMF library build date/time: "Mar 24 2021" "02:30:42"
20210324 030351.162 INFO             PET0 ESMF library build location : /work/noaa/da/mpotts/sandbox/intel_2020_intelmpi_g
20210324 030351.162 INFO             PET0 ESMF_COMM                   : intelmpi
20210324 030351.163 INFO             PET0 ESMF_MOAB                   : enabled
20210324 030351.163 INFO             PET0 ESMF_LAPACK                 : enabled
20210324 030351.163 INFO             PET0 ESMF_NETCDF                 : enabled
20210324 030351.163 INFO             PET0 ESMF_PNETCDF                : disabled
20210324 030351.163 INFO             PET0 ESMF_PIO                    : enabled
20210324 030351.163 INFO             PET0 ESMF_YAMLCPP                : enabled
20210324 030351.184 INFO             PET0  NUMBER_OF_PROCESSORS           4
20210324 030351.184 INFO             PET0  PASS  Example ESMF_VMUserMpiCommMultiEx, ESMF_VMUserMpiCommMultiEx.F90, line 154
20210324 030351.184 INFO             PET0 Finalizing ESMF
20210324 030351.155 INFO             PET1 !!!!!!!!!!!!!!!!!!!!!!!!!!!!!!!!!!!!!!!!!!!!!!!!!!!!!!
20210324 030351.155 INFO             PET1 !!! THE ESMF_LOG IS SET TO OUTPUT ALL LOG MESSAGES !!!
20210324 030351.155 INFO             PET1 !!!     THIS MAY CAUSE SLOWDOWN IN PERFORMANCE     !!!
20210324 030351.155 INFO             PET1 !!! FOR PRODUCTION RUNS, USE:                      !!!
20210324 030351.155 INFO             PET1 !!!                   ESMF_LOGKIND_Multi_On_Error  !!!
20210324 030351.155 INFO             PET1 !!!!!!!!!!!!!!!!!!!!!!!!!!!!!!!!!!!!!!!!!!!!!!!!!!!!!!
20210324 030351.155 INFO             PET1 Running with ESMF Version   : ESMF_8_1_0
20210324 030351.155 INFO             PET1 ESMF library build date/time: "Mar 24 2021" "02:30:42"
20210324 030351.155 INFO             PET1 ESMF library build location : /work/noaa/da/mpotts/sandbox/intel_2020_intelmpi_g
20210324 030351.155 INFO             PET1 ESMF_COMM                   : intelmpi
20210324 030351.157 INFO             PET1 ESMF_MOAB                   : enabled
20210324 030351.157 INFO             PET1 ESMF_LAPACK                 : enabled
20210324 030351.157 INFO             PET1 ESMF_NETCDF                 : enabled
20210324 030351.157 INFO             PET1 ESMF_PNETCDF                : disabled
20210324 030351.157 INFO             PET1 ESMF_PIO                    : enabled
20210324 030351.157 INFO             PET1 ESMF_YAMLCPP                : enabled
20210324 030351.160 INFO             PET1  NUMBER_OF_PROCESSORS           4
20210324 030351.160 INFO             PET1  PASS  Example ESMF_VMUserMpiCommMultiEx, ESMF_VMUserMpiCommMultiEx.F90, line 126
20210324 030351.160 INFO             PET1 Finalizing ESMF
20210324 030351.171 INFO             PET1 !!!!!!!!!!!!!!!!!!!!!!!!!!!!!!!!!!!!!!!!!!!!!!!!!!!!!!
20210324 030351.172 INFO             PET1 !!! THE ESMF_LOG IS SET TO OUTPUT ALL LOG MESSAGES !!!
20210324 030351.172 INFO             PET1 !!!     THIS MAY CAUSE SLOWDOWN IN PERFORMANCE     !!!
20210324 030351.172 INFO             PET1 !!! FOR PRODUCTION RUNS, USE:                      !!!
20210324 030351.172 INFO             PET1 !!!                   ESMF_LOGKIND_Multi_On_Error  !!!
20210324 030351.172 INFO             PET1 !!!!!!!!!!!!!!!!!!!!!!!!!!!!!!!!!!!!!!!!!!!!!!!!!!!!!!
20210324 030351.172 INFO             PET1 Running with ESMF Version   : ESMF_8_1_0
20210324 030351.172 INFO             PET1 ESMF library build date/time: "Mar 24 2021" "02:30:42"
20210324 030351.172 INFO             PET1 ESMF library build location : /work/noaa/da/mpotts/sandbox/intel_2020_intelmpi_g
20210324 030351.172 INFO             PET1 ESMF_COMM                   : intelmpi
20210324 030351.173 INFO             PET1 ESMF_MOAB                   : enabled
20210324 030351.173 INFO             PET1 ESMF_LAPACK                 : enabled
20210324 030351.173 INFO             PET1 ESMF_NETCDF                 : enabled
20210324 030351.173 INFO             PET1 ESMF_PNETCDF                : disabled
20210324 030351.173 INFO             PET1 ESMF_PIO                    : enabled
20210324 030351.173 INFO             PET1 ESMF_YAMLCPP                : enabled
20210324 030351.196 INFO             PET1  NUMBER_OF_PROCESSORS           4
20210324 030351.196 INFO             PET1  PASS  Example ESMF_VMUserMpiCommMultiEx, ESMF_VMUserMpiCommMultiEx.F90, line 154
20210324 030351.196 INFO             PET1 Finalizing ESMF
