--------------------------------------------------------------------------
WARNING: Open MPI will create a shared memory backing file in a
directory that appears to be mounted on a network filesystem.
Creating the shared memory backup file on a network file system, such
as NFS or Lustre is not recommended -- it may cause excessive network
traffic to your file servers and/or cause shared memory traffic in
Open MPI to be much slower than expected.

You may want to check what the typical temporary directory is on your
node.  Possible sources of the location of this temporary directory
include the $TEMPDIR, $TEMP, and $TMP environment variables.

Note, too, that system administrators can set a list of filesystems
where Open MPI is disallowed from creating temporary files by setting
the MCA parameter "orte_no_session_dir".

  Local host: r1i0n33
  Filename:   /p/work1/tmp/mpotts/openmpi-sessions-10547@r1i0n33_0/26154/1/shared_mem_pool.r1i0n33

You can set the MCA paramter shmem_mmap_enable_nfs_warning to 0 to
disable this message.
--------------------------------------------------------------------------
           0 -           1           1 -           3           1 -   0.00000000       0.00000000       1.30000007    
           1 -           1           2 -           3           2 -   0.00000000       0.00000000       0.00000000    
  PASS  Example ESMF_FieldSMMEx, ESMF_FieldSMMEx.F90, line 419
           2 -           1           3 -           3           3 -   0.00000000       2.25000000       0.00000000    
  PASS  Example ESMF_FieldSMMEx, ESMF_FieldSMMEx.F90, line 419
           3 -           1           4 -           3           4 -   0.00000000       0.00000000       3.09999990    
  PASS  Example ESMF_FieldSMMEx, ESMF_FieldSMMEx.F90, line 419
  PASS  Example ESMF_FieldSMMEx, ESMF_FieldSMMEx.F90, line 419
 PASS: ESMF_FieldSMMEx.F90
 PASS: ESMF_FieldSMMEx.F90
 PASS: ESMF_FieldSMMEx.F90
 PASS: ESMF_FieldSMMEx.F90
[r1i0n33:273489] 5 more processes have sent help message help-opal-shmem-mmap.txt / mmap on nfs
[r1i0n33:273489] Set MCA parameter "orte_base_help_aggregate" to 0 to see all help / error messages
