20210409 064017.643 INFO             PET0 !!!!!!!!!!!!!!!!!!!!!!!!!!!!!!!!!!!!!!!!!!!!!!!!!!!!!!
20210409 064017.643 INFO             PET0 !!! THE ESMF_LOG IS SET TO OUTPUT ALL LOG MESSAGES !!!
20210409 064017.643 INFO             PET0 !!!     THIS MAY CAUSE SLOWDOWN IN PERFORMANCE     !!!
20210409 064017.643 INFO             PET0 !!! FOR PRODUCTION RUNS, USE:                      !!!
20210409 064017.643 INFO             PET0 !!!                   ESMF_LOGKIND_Multi_On_Error  !!!
20210409 064017.643 INFO             PET0 !!!!!!!!!!!!!!!!!!!!!!!!!!!!!!!!!!!!!!!!!!!!!!!!!!!!!!
20210409 064017.643 INFO             PET0 Running with ESMF Version   : ESMF_8_2_0_beta_snapshot_04-5-g9ad08a1
20210409 064017.643 INFO             PET0 ESMF library build date/time: "Apr  9 2021" "06:17:58"
20210409 064017.643 INFO             PET0 ESMF library build location : /p/work1/mpotts/gfortran_9.2.0_openmpi_O
20210409 064017.643 INFO             PET0 ESMF_COMM                   : openmpi
20210409 064017.644 INFO             PET0 ESMF_MOAB                   : enabled
20210409 064017.644 INFO             PET0 ESMF_LAPACK                 : enabled
20210409 064017.644 INFO             PET0 ESMF_NETCDF                 : disabled
20210409 064017.644 INFO             PET0 ESMF_PNETCDF                : disabled
20210409 064017.644 INFO             PET0 ESMF_PIO                    : enabled
20210409 064017.644 INFO             PET0 ESMF_YAMLCPP                : enabled
20210409 064017.645 DEBUG            PET0 ESMCI_CompTunnel.C:1063 ESMCI::ServiceLoop() ServiceLoop: entering with port argument: 61010 and timeout: 20
20210409 064017.645 DEBUG            PET0 ESMCI_CompTunnel.C:345 ESMCI::CompTunnel::negotiate() negotiate socketBased actual: port=61010, timeout=20
20210409 064019.646 DEBUG            PET0 ESMCI_CompTunnel.C:476 ESMCI::CompTunnel::negotiate() finished socketBased negotiate() on actual component side
20210409 064019.646 DEBUG            PET0 ESMCI_CompTunnel.C:872 ESMCI::CompTunnel::dual2actual() dual2actual() socketBased (actual side)...
20210409 064019.646 DEBUG            PET0 ESMCI_CompTunnel.C:872 ESMCI::CompTunnel::dual2actual() dual2actual() socketBased (actual side)...
20210409 064019.686 DEBUG            PET0 ESMCI_CompTunnel.C:1122 ESMCI::ServiceLoop() ServiceLoop: received method: InitializeIC and phase: 1
20210409 064019.686 INFO             PET0 Actual Component Initialize
20210409 064019.686 DEBUG            PET0 ESMCI_CompTunnel.C:957 ESMCI::CompTunnel::actual2dual() actual2dual() socketBased (actual side)...
20210409 064019.686 DEBUG            PET0 ESMCI_CompTunnel.C:872 ESMCI::CompTunnel::dual2actual() dual2actual() socketBased (actual side)...
20210409 064019.686 DEBUG            PET0 ESMCI_CompTunnel.C:872 ESMCI::CompTunnel::dual2actual() dual2actual() socketBased (actual side)...
20210409 064019.726 DEBUG            PET0 ESMCI_CompTunnel.C:1122 ESMCI::ServiceLoop() ServiceLoop: received method: RunIC and phase: 1
20210409 064019.726 INFO             PET0 Actual Component Run
20210409 064019.726 DEBUG            PET0 ESMCI_CompTunnel.C:957 ESMCI::CompTunnel::actual2dual() actual2dual() socketBased (actual side)...
20210409 064019.726 DEBUG            PET0 ESMCI_CompTunnel.C:872 ESMCI::CompTunnel::dual2actual() dual2actual() socketBased (actual side)...
20210409 064019.726 DEBUG            PET0 ESMCI_CompTunnel.C:872 ESMCI::CompTunnel::dual2actual() dual2actual() socketBased (actual side)...
20210409 064019.766 DEBUG            PET0 ESMCI_CompTunnel.C:1122 ESMCI::ServiceLoop() ServiceLoop: received method: FinalizeIC and phase: 1
20210409 064019.766 INFO             PET0 Actual Component Finalize
20210409 064019.766 DEBUG            PET0 ESMCI_CompTunnel.C:957 ESMCI::CompTunnel::actual2dual() actual2dual() socketBased (actual side)...
20210409 064019.766 DEBUG            PET0 ESMCI_CompTunnel.C:872 ESMCI::CompTunnel::dual2actual() dual2actual() socketBased (actual side)...
20210409 064019.766 DEBUG            PET0 ESMCI_CompTunnel.C:872 ESMCI::CompTunnel::dual2actual() dual2actual() socketBased (actual side)...
20210409 064019.806 DEBUG            PET0 ESMCI_CompTunnel.C:1122 ESMCI::ServiceLoop() ServiceLoop: received method: InitializeIC and phase: 1
20210409 064019.806 INFO             PET0 Actual Component Initialize
20210409 064019.806 DEBUG            PET0 ESMCI_CompTunnel.C:957 ESMCI::CompTunnel::actual2dual() actual2dual() socketBased (actual side)...
20210409 064019.806 DEBUG            PET0 ESMCI_CompTunnel.C:872 ESMCI::CompTunnel::dual2actual() dual2actual() socketBased (actual side)...
20210409 064019.806 DEBUG            PET0 ESMCI_CompTunnel.C:872 ESMCI::CompTunnel::dual2actual() dual2actual() socketBased (actual side)...
20210409 064019.846 DEBUG            PET0 ESMCI_CompTunnel.C:1122 ESMCI::ServiceLoop() ServiceLoop: received method: InitializeIC and phase: 1
20210409 064019.846 INFO             PET0 Actual Component Initialize
20210409 064019.846 DEBUG            PET0 ESMCI_CompTunnel.C:957 ESMCI::CompTunnel::actual2dual() actual2dual() socketBased (actual side)...
20210409 064019.846 DEBUG            PET0 ESMCI_CompTunnel.C:872 ESMCI::CompTunnel::dual2actual() dual2actual() socketBased (actual side)...
20210409 064019.846 DEBUG            PET0 ESMCI_CompTunnel.C:872 ESMCI::CompTunnel::dual2actual() dual2actual() socketBased (actual side)...
20210409 064019.886 DEBUG            PET0 ESMCI_CompTunnel.C:1122 ESMCI::ServiceLoop() ServiceLoop: received method: RunIC and phase: 1
20210409 064019.886 INFO             PET0 Actual Component Run
20210409 064019.886 DEBUG            PET0 ESMCI_CompTunnel.C:957 ESMCI::CompTunnel::actual2dual() actual2dual() socketBased (actual side)...
20210409 064019.886 DEBUG            PET0 ESMCI_CompTunnel.C:872 ESMCI::CompTunnel::dual2actual() dual2actual() socketBased (actual side)...
20210409 064019.886 DEBUG            PET0 ESMCI_CompTunnel.C:872 ESMCI::CompTunnel::dual2actual() dual2actual() socketBased (actual side)...
20210409 064019.926 DEBUG            PET0 ESMCI_CompTunnel.C:1122 ESMCI::ServiceLoop() ServiceLoop: received method: None and phase: 1
20210409 064019.926 DEBUG            PET0 ESMCI_CompTunnel.C:957 ESMCI::CompTunnel::actual2dual() actual2dual() socketBased (actual side)...
20210409 064019.926 DEBUG            PET0 ESMCI_CompTunnel.C:1153 ESMCI::ServiceLoop() ServiceLoop: exiting
20210409 064019.926 INFO             PET0  NUMBER_OF_PROCESSORS           6
20210409 064019.926 INFO             PET0  PASS  Example ESMF_CompTunnelEx, ESMF_CompTunnelEx.F90, line 549
20210409 064019.926 INFO             PET0 Finalizing ESMF
20210409 064017.643 INFO             PET1 !!!!!!!!!!!!!!!!!!!!!!!!!!!!!!!!!!!!!!!!!!!!!!!!!!!!!!
20210409 064017.643 INFO             PET1 !!! THE ESMF_LOG IS SET TO OUTPUT ALL LOG MESSAGES !!!
20210409 064017.643 INFO             PET1 !!!     THIS MAY CAUSE SLOWDOWN IN PERFORMANCE     !!!
20210409 064017.643 INFO             PET1 !!! FOR PRODUCTION RUNS, USE:                      !!!
20210409 064017.643 INFO             PET1 !!!                   ESMF_LOGKIND_Multi_On_Error  !!!
20210409 064017.643 INFO             PET1 !!!!!!!!!!!!!!!!!!!!!!!!!!!!!!!!!!!!!!!!!!!!!!!!!!!!!!
20210409 064017.643 INFO             PET1 Running with ESMF Version   : ESMF_8_2_0_beta_snapshot_04-5-g9ad08a1
20210409 064017.643 INFO             PET1 ESMF library build date/time: "Apr  9 2021" "06:17:58"
20210409 064017.643 INFO             PET1 ESMF library build location : /p/work1/mpotts/gfortran_9.2.0_openmpi_O
20210409 064017.643 INFO             PET1 ESMF_COMM                   : openmpi
20210409 064017.644 INFO             PET1 ESMF_MOAB                   : enabled
20210409 064017.644 INFO             PET1 ESMF_LAPACK                 : enabled
20210409 064017.644 INFO             PET1 ESMF_NETCDF                 : disabled
20210409 064017.644 INFO             PET1 ESMF_PNETCDF                : disabled
20210409 064017.644 INFO             PET1 ESMF_PIO                    : enabled
20210409 064017.644 INFO             PET1 ESMF_YAMLCPP                : enabled
20210409 064017.645 DEBUG            PET1 ESMCI_CompTunnel.C:1063 ESMCI::ServiceLoop() ServiceLoop: entering with port argument: 61010 and timeout: 20
20210409 064019.646 DEBUG            PET1 ESMCI_CompTunnel.C:476 ESMCI::CompTunnel::negotiate() finished socketBased negotiate() on actual component side
20210409 064019.646 DEBUG            PET1 ESMCI_CompTunnel.C:872 ESMCI::CompTunnel::dual2actual() dual2actual() socketBased (actual side)...
20210409 064019.646 DEBUG            PET1 ESMCI_CompTunnel.C:872 ESMCI::CompTunnel::dual2actual() dual2actual() socketBased (actual side)...
20210409 064019.686 DEBUG            PET1 ESMCI_CompTunnel.C:1122 ESMCI::ServiceLoop() ServiceLoop: received method: InitializeIC and phase: 1
20210409 064019.686 INFO             PET1 Actual Component Initialize
20210409 064019.686 DEBUG            PET1 ESMCI_CompTunnel.C:957 ESMCI::CompTunnel::actual2dual() actual2dual() socketBased (actual side)...
20210409 064019.686 DEBUG            PET1 ESMCI_CompTunnel.C:872 ESMCI::CompTunnel::dual2actual() dual2actual() socketBased (actual side)...
20210409 064019.686 DEBUG            PET1 ESMCI_CompTunnel.C:872 ESMCI::CompTunnel::dual2actual() dual2actual() socketBased (actual side)...
20210409 064019.726 DEBUG            PET1 ESMCI_CompTunnel.C:1122 ESMCI::ServiceLoop() ServiceLoop: received method: RunIC and phase: 1
20210409 064019.726 INFO             PET1 Actual Component Run
20210409 064019.726 DEBUG            PET1 ESMCI_CompTunnel.C:957 ESMCI::CompTunnel::actual2dual() actual2dual() socketBased (actual side)...
20210409 064019.726 DEBUG            PET1 ESMCI_CompTunnel.C:872 ESMCI::CompTunnel::dual2actual() dual2actual() socketBased (actual side)...
20210409 064019.726 DEBUG            PET1 ESMCI_CompTunnel.C:872 ESMCI::CompTunnel::dual2actual() dual2actual() socketBased (actual side)...
20210409 064019.766 DEBUG            PET1 ESMCI_CompTunnel.C:1122 ESMCI::ServiceLoop() ServiceLoop: received method: FinalizeIC and phase: 1
20210409 064019.766 INFO             PET1 Actual Component Finalize
20210409 064019.766 DEBUG            PET1 ESMCI_CompTunnel.C:957 ESMCI::CompTunnel::actual2dual() actual2dual() socketBased (actual side)...
20210409 064019.766 DEBUG            PET1 ESMCI_CompTunnel.C:872 ESMCI::CompTunnel::dual2actual() dual2actual() socketBased (actual side)...
20210409 064019.766 DEBUG            PET1 ESMCI_CompTunnel.C:872 ESMCI::CompTunnel::dual2actual() dual2actual() socketBased (actual side)...
20210409 064019.806 DEBUG            PET1 ESMCI_CompTunnel.C:1122 ESMCI::ServiceLoop() ServiceLoop: received method: InitializeIC and phase: 1
20210409 064019.806 INFO             PET1 Actual Component Initialize
20210409 064019.806 DEBUG            PET1 ESMCI_CompTunnel.C:957 ESMCI::CompTunnel::actual2dual() actual2dual() socketBased (actual side)...
20210409 064019.806 DEBUG            PET1 ESMCI_CompTunnel.C:872 ESMCI::CompTunnel::dual2actual() dual2actual() socketBased (actual side)...
20210409 064019.806 DEBUG            PET1 ESMCI_CompTunnel.C:872 ESMCI::CompTunnel::dual2actual() dual2actual() socketBased (actual side)...
20210409 064019.846 DEBUG            PET1 ESMCI_CompTunnel.C:1122 ESMCI::ServiceLoop() ServiceLoop: received method: InitializeIC and phase: 1
20210409 064019.846 INFO             PET1 Actual Component Initialize
20210409 064019.846 DEBUG            PET1 ESMCI_CompTunnel.C:957 ESMCI::CompTunnel::actual2dual() actual2dual() socketBased (actual side)...
20210409 064019.846 DEBUG            PET1 ESMCI_CompTunnel.C:872 ESMCI::CompTunnel::dual2actual() dual2actual() socketBased (actual side)...
20210409 064019.846 DEBUG            PET1 ESMCI_CompTunnel.C:872 ESMCI::CompTunnel::dual2actual() dual2actual() socketBased (actual side)...
20210409 064019.886 DEBUG            PET1 ESMCI_CompTunnel.C:1122 ESMCI::ServiceLoop() ServiceLoop: received method: RunIC and phase: 1
20210409 064019.886 INFO             PET1 Actual Component Run
20210409 064019.886 DEBUG            PET1 ESMCI_CompTunnel.C:957 ESMCI::CompTunnel::actual2dual() actual2dual() socketBased (actual side)...
20210409 064019.886 DEBUG            PET1 ESMCI_CompTunnel.C:872 ESMCI::CompTunnel::dual2actual() dual2actual() socketBased (actual side)...
20210409 064019.886 DEBUG            PET1 ESMCI_CompTunnel.C:872 ESMCI::CompTunnel::dual2actual() dual2actual() socketBased (actual side)...
20210409 064019.926 DEBUG            PET1 ESMCI_CompTunnel.C:1122 ESMCI::ServiceLoop() ServiceLoop: received method: None and phase: 1
20210409 064019.926 DEBUG            PET1 ESMCI_CompTunnel.C:957 ESMCI::CompTunnel::actual2dual() actual2dual() socketBased (actual side)...
20210409 064019.926 DEBUG            PET1 ESMCI_CompTunnel.C:1153 ESMCI::ServiceLoop() ServiceLoop: exiting
20210409 064019.926 INFO             PET1  NUMBER_OF_PROCESSORS           6
20210409 064019.926 INFO             PET1  PASS  Example ESMF_CompTunnelEx, ESMF_CompTunnelEx.F90, line 549
20210409 064019.926 INFO             PET1 Finalizing ESMF
20210409 064017.643 INFO             PET2 !!!!!!!!!!!!!!!!!!!!!!!!!!!!!!!!!!!!!!!!!!!!!!!!!!!!!!
20210409 064017.643 INFO             PET2 !!! THE ESMF_LOG IS SET TO OUTPUT ALL LOG MESSAGES !!!
20210409 064017.643 INFO             PET2 !!!     THIS MAY CAUSE SLOWDOWN IN PERFORMANCE     !!!
20210409 064017.643 INFO             PET2 !!! FOR PRODUCTION RUNS, USE:                      !!!
20210409 064017.643 INFO             PET2 !!!                   ESMF_LOGKIND_Multi_On_Error  !!!
20210409 064017.643 INFO             PET2 !!!!!!!!!!!!!!!!!!!!!!!!!!!!!!!!!!!!!!!!!!!!!!!!!!!!!!
20210409 064017.643 INFO             PET2 Running with ESMF Version   : ESMF_8_2_0_beta_snapshot_04-5-g9ad08a1
20210409 064017.643 INFO             PET2 ESMF library build date/time: "Apr  9 2021" "06:17:58"
20210409 064017.643 INFO             PET2 ESMF library build location : /p/work1/mpotts/gfortran_9.2.0_openmpi_O
20210409 064017.643 INFO             PET2 ESMF_COMM                   : openmpi
20210409 064017.644 INFO             PET2 ESMF_MOAB                   : enabled
20210409 064017.644 INFO             PET2 ESMF_LAPACK                 : enabled
20210409 064017.644 INFO             PET2 ESMF_NETCDF                 : disabled
20210409 064017.644 INFO             PET2 ESMF_PNETCDF                : disabled
20210409 064017.644 INFO             PET2 ESMF_PIO                    : enabled
20210409 064017.644 INFO             PET2 ESMF_YAMLCPP                : enabled
20210409 064017.645 DEBUG            PET2 ESMCI_CompTunnel.C:1063 ESMCI::ServiceLoop() ServiceLoop: entering with port argument: 61010 and timeout: 20
20210409 064019.646 DEBUG            PET2 ESMCI_CompTunnel.C:476 ESMCI::CompTunnel::negotiate() finished socketBased negotiate() on actual component side
20210409 064019.646 DEBUG            PET2 ESMCI_CompTunnel.C:872 ESMCI::CompTunnel::dual2actual() dual2actual() socketBased (actual side)...
20210409 064019.646 DEBUG            PET2 ESMCI_CompTunnel.C:872 ESMCI::CompTunnel::dual2actual() dual2actual() socketBased (actual side)...
20210409 064019.686 DEBUG            PET2 ESMCI_CompTunnel.C:1122 ESMCI::ServiceLoop() ServiceLoop: received method: InitializeIC and phase: 1
20210409 064019.686 INFO             PET2 Actual Component Initialize
20210409 064019.686 DEBUG            PET2 ESMCI_CompTunnel.C:957 ESMCI::CompTunnel::actual2dual() actual2dual() socketBased (actual side)...
20210409 064019.686 DEBUG            PET2 ESMCI_CompTunnel.C:872 ESMCI::CompTunnel::dual2actual() dual2actual() socketBased (actual side)...
20210409 064019.686 DEBUG            PET2 ESMCI_CompTunnel.C:872 ESMCI::CompTunnel::dual2actual() dual2actual() socketBased (actual side)...
20210409 064019.726 DEBUG            PET2 ESMCI_CompTunnel.C:1122 ESMCI::ServiceLoop() ServiceLoop: received method: RunIC and phase: 1
20210409 064019.726 INFO             PET2 Actual Component Run
20210409 064019.726 DEBUG            PET2 ESMCI_CompTunnel.C:957 ESMCI::CompTunnel::actual2dual() actual2dual() socketBased (actual side)...
20210409 064019.726 DEBUG            PET2 ESMCI_CompTunnel.C:872 ESMCI::CompTunnel::dual2actual() dual2actual() socketBased (actual side)...
20210409 064019.726 DEBUG            PET2 ESMCI_CompTunnel.C:872 ESMCI::CompTunnel::dual2actual() dual2actual() socketBased (actual side)...
20210409 064019.766 DEBUG            PET2 ESMCI_CompTunnel.C:1122 ESMCI::ServiceLoop() ServiceLoop: received method: FinalizeIC and phase: 1
20210409 064019.766 INFO             PET2 Actual Component Finalize
20210409 064019.766 DEBUG            PET2 ESMCI_CompTunnel.C:957 ESMCI::CompTunnel::actual2dual() actual2dual() socketBased (actual side)...
20210409 064019.766 DEBUG            PET2 ESMCI_CompTunnel.C:872 ESMCI::CompTunnel::dual2actual() dual2actual() socketBased (actual side)...
20210409 064019.766 DEBUG            PET2 ESMCI_CompTunnel.C:872 ESMCI::CompTunnel::dual2actual() dual2actual() socketBased (actual side)...
20210409 064019.806 DEBUG            PET2 ESMCI_CompTunnel.C:1122 ESMCI::ServiceLoop() ServiceLoop: received method: InitializeIC and phase: 1
20210409 064019.806 INFO             PET2 Actual Component Initialize
20210409 064019.806 DEBUG            PET2 ESMCI_CompTunnel.C:957 ESMCI::CompTunnel::actual2dual() actual2dual() socketBased (actual side)...
20210409 064019.806 DEBUG            PET2 ESMCI_CompTunnel.C:872 ESMCI::CompTunnel::dual2actual() dual2actual() socketBased (actual side)...
20210409 064019.806 DEBUG            PET2 ESMCI_CompTunnel.C:872 ESMCI::CompTunnel::dual2actual() dual2actual() socketBased (actual side)...
20210409 064019.846 DEBUG            PET2 ESMCI_CompTunnel.C:1122 ESMCI::ServiceLoop() ServiceLoop: received method: InitializeIC and phase: 1
20210409 064019.846 INFO             PET2 Actual Component Initialize
20210409 064019.846 DEBUG            PET2 ESMCI_CompTunnel.C:957 ESMCI::CompTunnel::actual2dual() actual2dual() socketBased (actual side)...
20210409 064019.846 DEBUG            PET2 ESMCI_CompTunnel.C:872 ESMCI::CompTunnel::dual2actual() dual2actual() socketBased (actual side)...
20210409 064019.846 DEBUG            PET2 ESMCI_CompTunnel.C:872 ESMCI::CompTunnel::dual2actual() dual2actual() socketBased (actual side)...
20210409 064019.886 DEBUG            PET2 ESMCI_CompTunnel.C:1122 ESMCI::ServiceLoop() ServiceLoop: received method: RunIC and phase: 1
20210409 064019.886 INFO             PET2 Actual Component Run
20210409 064019.886 DEBUG            PET2 ESMCI_CompTunnel.C:957 ESMCI::CompTunnel::actual2dual() actual2dual() socketBased (actual side)...
20210409 064019.886 DEBUG            PET2 ESMCI_CompTunnel.C:872 ESMCI::CompTunnel::dual2actual() dual2actual() socketBased (actual side)...
20210409 064019.886 DEBUG            PET2 ESMCI_CompTunnel.C:872 ESMCI::CompTunnel::dual2actual() dual2actual() socketBased (actual side)...
20210409 064019.926 DEBUG            PET2 ESMCI_CompTunnel.C:1122 ESMCI::ServiceLoop() ServiceLoop: received method: None and phase: 1
20210409 064019.926 DEBUG            PET2 ESMCI_CompTunnel.C:957 ESMCI::CompTunnel::actual2dual() actual2dual() socketBased (actual side)...
20210409 064019.926 DEBUG            PET2 ESMCI_CompTunnel.C:1153 ESMCI::ServiceLoop() ServiceLoop: exiting
20210409 064019.926 INFO             PET2  NUMBER_OF_PROCESSORS           6
20210409 064019.926 INFO             PET2  PASS  Example ESMF_CompTunnelEx, ESMF_CompTunnelEx.F90, line 549
20210409 064019.926 INFO             PET2 Finalizing ESMF
20210409 064017.644 INFO             PET3 !!!!!!!!!!!!!!!!!!!!!!!!!!!!!!!!!!!!!!!!!!!!!!!!!!!!!!
20210409 064017.644 INFO             PET3 !!! THE ESMF_LOG IS SET TO OUTPUT ALL LOG MESSAGES !!!
20210409 064017.644 INFO             PET3 !!!     THIS MAY CAUSE SLOWDOWN IN PERFORMANCE     !!!
20210409 064017.644 INFO             PET3 !!! FOR PRODUCTION RUNS, USE:                      !!!
20210409 064017.644 INFO             PET3 !!!                   ESMF_LOGKIND_Multi_On_Error  !!!
20210409 064017.644 INFO             PET3 !!!!!!!!!!!!!!!!!!!!!!!!!!!!!!!!!!!!!!!!!!!!!!!!!!!!!!
20210409 064017.644 INFO             PET3 Running with ESMF Version   : ESMF_8_2_0_beta_snapshot_04-5-g9ad08a1
20210409 064017.644 INFO             PET3 ESMF library build date/time: "Apr  9 2021" "06:17:58"
20210409 064017.644 INFO             PET3 ESMF library build location : /p/work1/mpotts/gfortran_9.2.0_openmpi_O
20210409 064017.644 INFO             PET3 ESMF_COMM                   : openmpi
20210409 064017.645 INFO             PET3 ESMF_MOAB                   : enabled
20210409 064017.645 INFO             PET3 ESMF_LAPACK                 : enabled
20210409 064017.645 INFO             PET3 ESMF_NETCDF                 : disabled
20210409 064017.645 INFO             PET3 ESMF_PNETCDF                : disabled
20210409 064017.645 INFO             PET3 ESMF_PIO                    : enabled
20210409 064017.645 INFO             PET3 ESMF_YAMLCPP                : enabled
20210409 064017.645 DEBUG            PET3 ESMCI_CompTunnel.C:1063 ESMCI::ServiceLoop() ServiceLoop: entering with port argument: 61011 and timeout: 2
20210409 064017.645 DEBUG            PET3 ESMCI_CompTunnel.C:345 ESMCI::CompTunnel::negotiate() negotiate socketBased actual: port=61011, timeout=2
20210409 064019.645 ERROR            PET3 ESMCI_CompTunnel.C:354 ESMCI::CompTunnel::negotiate() Timeout reached  - - No client connected, time out!
20210409 064019.645 ERROR            PET3 ESMCI_CompTunnel.C:1099 ESMCI::ServiceLoop() Timeout reached  - Internal subroutine call returned Error
20210409 064019.646 DEBUG            PET3 ESMCI_CompTunnel.C:577 ESMCI::CompTunnel::negotiate() finished socketBased negotiate() on dual component side
20210409 064019.646 DEBUG            PET3 ESMCI_CompTunnel.C:841 ESMCI::CompTunnel::dual2actual() dual2actual() socketBased (dual side)...
20210409 064019.646 DEBUG            PET3 ESMCI_CompTunnel.C:841 ESMCI::CompTunnel::dual2actual() dual2actual() socketBased (dual side)...
20210409 064019.646 DEBUG            PET3 ESMCI_CompTunnel.C:988 ESMCI::CompTunnel::actual2dual() actual2dual() socketBased (dual side)...
20210409 064019.686 DEBUG            PET3 ESMCI_CompTunnel.C:841 ESMCI::CompTunnel::dual2actual() dual2actual() socketBased (dual side)...
20210409 064019.686 DEBUG            PET3 ESMCI_CompTunnel.C:841 ESMCI::CompTunnel::dual2actual() dual2actual() socketBased (dual side)...
20210409 064019.686 DEBUG            PET3 ESMCI_CompTunnel.C:988 ESMCI::CompTunnel::actual2dual() actual2dual() socketBased (dual side)...
20210409 064019.726 DEBUG            PET3 ESMCI_CompTunnel.C:841 ESMCI::CompTunnel::dual2actual() dual2actual() socketBased (dual side)...
20210409 064019.726 DEBUG            PET3 ESMCI_CompTunnel.C:841 ESMCI::CompTunnel::dual2actual() dual2actual() socketBased (dual side)...
20210409 064019.726 DEBUG            PET3 ESMCI_CompTunnel.C:988 ESMCI::CompTunnel::actual2dual() actual2dual() socketBased (dual side)...
20210409 064019.766 DEBUG            PET3 ESMCI_CompTunnel.C:841 ESMCI::CompTunnel::dual2actual() dual2actual() socketBased (dual side)...
20210409 064019.766 DEBUG            PET3 ESMCI_CompTunnel.C:841 ESMCI::CompTunnel::dual2actual() dual2actual() socketBased (dual side)...
20210409 064019.766 DEBUG            PET3 ESMCI_CompTunnel.C:988 ESMCI::CompTunnel::actual2dual() actual2dual() socketBased (dual side)...
20210409 064019.806 DEBUG            PET3 ESMCI_CompTunnel.C:841 ESMCI::CompTunnel::dual2actual() dual2actual() socketBased (dual side)...
20210409 064019.806 DEBUG            PET3 ESMCI_CompTunnel.C:841 ESMCI::CompTunnel::dual2actual() dual2actual() socketBased (dual side)...
20210409 064019.806 DEBUG            PET3 ESMCI_CompTunnel.C:988 ESMCI::CompTunnel::actual2dual() actual2dual() socketBased (dual side)...
20210409 064019.846 DEBUG            PET3 ESMCI_CompTunnel.C:841 ESMCI::CompTunnel::dual2actual() dual2actual() socketBased (dual side)...
20210409 064019.846 DEBUG            PET3 ESMCI_CompTunnel.C:841 ESMCI::CompTunnel::dual2actual() dual2actual() socketBased (dual side)...
20210409 064019.846 DEBUG            PET3 ESMCI_CompTunnel.C:988 ESMCI::CompTunnel::actual2dual() actual2dual() socketBased (dual side)...
20210409 064019.886 DEBUG            PET3 ESMCI_CompTunnel.C:841 ESMCI::CompTunnel::dual2actual() dual2actual() socketBased (dual side)...
20210409 064019.886 DEBUG            PET3 ESMCI_CompTunnel.C:841 ESMCI::CompTunnel::dual2actual() dual2actual() socketBased (dual side)...
20210409 064019.886 DEBUG            PET3 ESMCI_CompTunnel.C:988 ESMCI::CompTunnel::actual2dual() actual2dual() socketBased (dual side)...
20210409 064019.926 INFO             PET3  NUMBER_OF_PROCESSORS           6
20210409 064019.926 INFO             PET3  PASS  Example ESMF_CompTunnelEx, ESMF_CompTunnelEx.F90, line 549
20210409 064019.926 INFO             PET3 Finalizing ESMF
20210409 064017.643 INFO             PET4 !!!!!!!!!!!!!!!!!!!!!!!!!!!!!!!!!!!!!!!!!!!!!!!!!!!!!!
20210409 064017.643 INFO             PET4 !!! THE ESMF_LOG IS SET TO OUTPUT ALL LOG MESSAGES !!!
20210409 064017.643 INFO             PET4 !!!     THIS MAY CAUSE SLOWDOWN IN PERFORMANCE     !!!
20210409 064017.643 INFO             PET4 !!! FOR PRODUCTION RUNS, USE:                      !!!
20210409 064017.643 INFO             PET4 !!!                   ESMF_LOGKIND_Multi_On_Error  !!!
20210409 064017.643 INFO             PET4 !!!!!!!!!!!!!!!!!!!!!!!!!!!!!!!!!!!!!!!!!!!!!!!!!!!!!!
20210409 064017.643 INFO             PET4 Running with ESMF Version   : ESMF_8_2_0_beta_snapshot_04-5-g9ad08a1
20210409 064017.643 INFO             PET4 ESMF library build date/time: "Apr  9 2021" "06:17:58"
20210409 064017.643 INFO             PET4 ESMF library build location : /p/work1/mpotts/gfortran_9.2.0_openmpi_O
20210409 064017.643 INFO             PET4 ESMF_COMM                   : openmpi
20210409 064017.644 INFO             PET4 ESMF_MOAB                   : enabled
20210409 064017.644 INFO             PET4 ESMF_LAPACK                 : enabled
20210409 064017.644 INFO             PET4 ESMF_NETCDF                 : disabled
20210409 064017.644 INFO             PET4 ESMF_PNETCDF                : disabled
20210409 064017.644 INFO             PET4 ESMF_PIO                    : enabled
20210409 064017.644 INFO             PET4 ESMF_YAMLCPP                : enabled
20210409 064017.645 DEBUG            PET4 ESMCI_CompTunnel.C:1063 ESMCI::ServiceLoop() ServiceLoop: entering with port argument: 61011 and timeout: 2
20210409 064019.645 ERROR            PET4 ESMCI_CompTunnel.C:1099 ESMCI::ServiceLoop() Timeout reached  - Internal subroutine call returned Error
20210409 064019.645 DEBUG            PET4 ESMCI_CompTunnel.C:483 ESMCI::CompTunnel::negotiate() negotiate socketBased dual: port=61010, timeout=10
20210409 064019.646 DEBUG            PET4 ESMCI_CompTunnel.C:577 ESMCI::CompTunnel::negotiate() finished socketBased negotiate() on dual component side
20210409 064019.646 DEBUG            PET4 ESMCI_CompTunnel.C:841 ESMCI::CompTunnel::dual2actual() dual2actual() socketBased (dual side)...
20210409 064019.646 DEBUG            PET4 ESMCI_CompTunnel.C:841 ESMCI::CompTunnel::dual2actual() dual2actual() socketBased (dual side)...
20210409 064019.646 DEBUG            PET4 ESMCI_CompTunnel.C:988 ESMCI::CompTunnel::actual2dual() actual2dual() socketBased (dual side)...
20210409 064019.686 DEBUG            PET4 ESMCI_CompTunnel.C:841 ESMCI::CompTunnel::dual2actual() dual2actual() socketBased (dual side)...
20210409 064019.686 DEBUG            PET4 ESMCI_CompTunnel.C:841 ESMCI::CompTunnel::dual2actual() dual2actual() socketBased (dual side)...
20210409 064019.686 DEBUG            PET4 ESMCI_CompTunnel.C:988 ESMCI::CompTunnel::actual2dual() actual2dual() socketBased (dual side)...
20210409 064019.726 DEBUG            PET4 ESMCI_CompTunnel.C:841 ESMCI::CompTunnel::dual2actual() dual2actual() socketBased (dual side)...
20210409 064019.726 DEBUG            PET4 ESMCI_CompTunnel.C:841 ESMCI::CompTunnel::dual2actual() dual2actual() socketBased (dual side)...
20210409 064019.726 DEBUG            PET4 ESMCI_CompTunnel.C:988 ESMCI::CompTunnel::actual2dual() actual2dual() socketBased (dual side)...
20210409 064019.766 DEBUG            PET4 ESMCI_CompTunnel.C:841 ESMCI::CompTunnel::dual2actual() dual2actual() socketBased (dual side)...
20210409 064019.766 DEBUG            PET4 ESMCI_CompTunnel.C:841 ESMCI::CompTunnel::dual2actual() dual2actual() socketBased (dual side)...
20210409 064019.766 DEBUG            PET4 ESMCI_CompTunnel.C:988 ESMCI::CompTunnel::actual2dual() actual2dual() socketBased (dual side)...
20210409 064019.806 DEBUG            PET4 ESMCI_CompTunnel.C:841 ESMCI::CompTunnel::dual2actual() dual2actual() socketBased (dual side)...
20210409 064019.806 DEBUG            PET4 ESMCI_CompTunnel.C:841 ESMCI::CompTunnel::dual2actual() dual2actual() socketBased (dual side)...
20210409 064019.806 DEBUG            PET4 ESMCI_CompTunnel.C:988 ESMCI::CompTunnel::actual2dual() actual2dual() socketBased (dual side)...
20210409 064019.846 DEBUG            PET4 ESMCI_CompTunnel.C:841 ESMCI::CompTunnel::dual2actual() dual2actual() socketBased (dual side)...
20210409 064019.846 DEBUG            PET4 ESMCI_CompTunnel.C:841 ESMCI::CompTunnel::dual2actual() dual2actual() socketBased (dual side)...
20210409 064019.846 DEBUG            PET4 ESMCI_CompTunnel.C:988 ESMCI::CompTunnel::actual2dual() actual2dual() socketBased (dual side)...
20210409 064019.886 DEBUG            PET4 ESMCI_CompTunnel.C:841 ESMCI::CompTunnel::dual2actual() dual2actual() socketBased (dual side)...
20210409 064019.886 DEBUG            PET4 ESMCI_CompTunnel.C:841 ESMCI::CompTunnel::dual2actual() dual2actual() socketBased (dual side)...
20210409 064019.886 DEBUG            PET4 ESMCI_CompTunnel.C:988 ESMCI::CompTunnel::actual2dual() actual2dual() socketBased (dual side)...
20210409 064019.926 INFO             PET4  NUMBER_OF_PROCESSORS           6
20210409 064019.926 INFO             PET4  PASS  Example ESMF_CompTunnelEx, ESMF_CompTunnelEx.F90, line 549
20210409 064019.926 INFO             PET4 Finalizing ESMF
20210409 064017.644 INFO             PET5 !!!!!!!!!!!!!!!!!!!!!!!!!!!!!!!!!!!!!!!!!!!!!!!!!!!!!!
20210409 064017.644 INFO             PET5 !!! THE ESMF_LOG IS SET TO OUTPUT ALL LOG MESSAGES !!!
20210409 064017.644 INFO             PET5 !!!     THIS MAY CAUSE SLOWDOWN IN PERFORMANCE     !!!
20210409 064017.644 INFO             PET5 !!! FOR PRODUCTION RUNS, USE:                      !!!
20210409 064017.644 INFO             PET5 !!!                   ESMF_LOGKIND_Multi_On_Error  !!!
20210409 064017.644 INFO             PET5 !!!!!!!!!!!!!!!!!!!!!!!!!!!!!!!!!!!!!!!!!!!!!!!!!!!!!!
20210409 064017.644 INFO             PET5 Running with ESMF Version   : ESMF_8_2_0_beta_snapshot_04-5-g9ad08a1
20210409 064017.644 INFO             PET5 ESMF library build date/time: "Apr  9 2021" "06:17:58"
20210409 064017.644 INFO             PET5 ESMF library build location : /p/work1/mpotts/gfortran_9.2.0_openmpi_O
20210409 064017.644 INFO             PET5 ESMF_COMM                   : openmpi
20210409 064017.644 INFO             PET5 ESMF_MOAB                   : enabled
20210409 064017.644 INFO             PET5 ESMF_LAPACK                 : enabled
20210409 064017.644 INFO             PET5 ESMF_NETCDF                 : disabled
20210409 064017.644 INFO             PET5 ESMF_PNETCDF                : disabled
20210409 064017.644 INFO             PET5 ESMF_PIO                    : enabled
20210409 064017.644 INFO             PET5 ESMF_YAMLCPP                : enabled
20210409 064017.645 DEBUG            PET5 ESMCI_CompTunnel.C:1063 ESMCI::ServiceLoop() ServiceLoop: entering with port argument: 61011 and timeout: 2
20210409 064019.645 ERROR            PET5 ESMCI_CompTunnel.C:1099 ESMCI::ServiceLoop() Timeout reached  - Internal subroutine call returned Error
20210409 064019.646 DEBUG            PET5 ESMCI_CompTunnel.C:577 ESMCI::CompTunnel::negotiate() finished socketBased negotiate() on dual component side
20210409 064019.646 DEBUG            PET5 ESMCI_CompTunnel.C:841 ESMCI::CompTunnel::dual2actual() dual2actual() socketBased (dual side)...
20210409 064019.646 DEBUG            PET5 ESMCI_CompTunnel.C:841 ESMCI::CompTunnel::dual2actual() dual2actual() socketBased (dual side)...
20210409 064019.646 DEBUG            PET5 ESMCI_CompTunnel.C:988 ESMCI::CompTunnel::actual2dual() actual2dual() socketBased (dual side)...
20210409 064019.686 DEBUG            PET5 ESMCI_CompTunnel.C:841 ESMCI::CompTunnel::dual2actual() dual2actual() socketBased (dual side)...
20210409 064019.686 DEBUG            PET5 ESMCI_CompTunnel.C:841 ESMCI::CompTunnel::dual2actual() dual2actual() socketBased (dual side)...
20210409 064019.686 DEBUG            PET5 ESMCI_CompTunnel.C:988 ESMCI::CompTunnel::actual2dual() actual2dual() socketBased (dual side)...
20210409 064019.726 DEBUG            PET5 ESMCI_CompTunnel.C:841 ESMCI::CompTunnel::dual2actual() dual2actual() socketBased (dual side)...
20210409 064019.726 DEBUG            PET5 ESMCI_CompTunnel.C:841 ESMCI::CompTunnel::dual2actual() dual2actual() socketBased (dual side)...
20210409 064019.726 DEBUG            PET5 ESMCI_CompTunnel.C:988 ESMCI::CompTunnel::actual2dual() actual2dual() socketBased (dual side)...
20210409 064019.766 DEBUG            PET5 ESMCI_CompTunnel.C:841 ESMCI::CompTunnel::dual2actual() dual2actual() socketBased (dual side)...
20210409 064019.766 DEBUG            PET5 ESMCI_CompTunnel.C:841 ESMCI::CompTunnel::dual2actual() dual2actual() socketBased (dual side)...
20210409 064019.766 DEBUG            PET5 ESMCI_CompTunnel.C:988 ESMCI::CompTunnel::actual2dual() actual2dual() socketBased (dual side)...
20210409 064019.806 DEBUG            PET5 ESMCI_CompTunnel.C:841 ESMCI::CompTunnel::dual2actual() dual2actual() socketBased (dual side)...
20210409 064019.806 DEBUG            PET5 ESMCI_CompTunnel.C:841 ESMCI::CompTunnel::dual2actual() dual2actual() socketBased (dual side)...
20210409 064019.806 DEBUG            PET5 ESMCI_CompTunnel.C:988 ESMCI::CompTunnel::actual2dual() actual2dual() socketBased (dual side)...
20210409 064019.846 DEBUG            PET5 ESMCI_CompTunnel.C:841 ESMCI::CompTunnel::dual2actual() dual2actual() socketBased (dual side)...
20210409 064019.846 DEBUG            PET5 ESMCI_CompTunnel.C:841 ESMCI::CompTunnel::dual2actual() dual2actual() socketBased (dual side)...
20210409 064019.846 DEBUG            PET5 ESMCI_CompTunnel.C:988 ESMCI::CompTunnel::actual2dual() actual2dual() socketBased (dual side)...
20210409 064019.886 DEBUG            PET5 ESMCI_CompTunnel.C:841 ESMCI::CompTunnel::dual2actual() dual2actual() socketBased (dual side)...
20210409 064019.886 DEBUG            PET5 ESMCI_CompTunnel.C:841 ESMCI::CompTunnel::dual2actual() dual2actual() socketBased (dual side)...
20210409 064019.886 DEBUG            PET5 ESMCI_CompTunnel.C:988 ESMCI::CompTunnel::actual2dual() actual2dual() socketBased (dual side)...
20210409 064019.926 INFO             PET5  NUMBER_OF_PROCESSORS           6
20210409 064019.926 INFO             PET5  PASS  Example ESMF_CompTunnelEx, ESMF_CompTunnelEx.F90, line 549
20210409 064019.926 INFO             PET5 Finalizing ESMF
