20210315 061226.902 INFO             PET0 !!!!!!!!!!!!!!!!!!!!!!!!!!!!!!!!!!!!!!!!!!!!!!!!!!!!!!
20210315 061226.902 INFO             PET0 !!! THE ESMF_LOG IS SET TO OUTPUT ALL LOG MESSAGES !!!
20210315 061226.902 INFO             PET0 !!!     THIS MAY CAUSE SLOWDOWN IN PERFORMANCE     !!!
20210315 061226.902 INFO             PET0 !!! FOR PRODUCTION RUNS, USE:                      !!!
20210315 061226.902 INFO             PET0 !!!                   ESMF_LOGKIND_Multi_On_Error  !!!
20210315 061226.902 INFO             PET0 !!!!!!!!!!!!!!!!!!!!!!!!!!!!!!!!!!!!!!!!!!!!!!!!!!!!!!
20210315 061226.902 INFO             PET0 Running with ESMF Version   : ESMF_8_1_0_beta_snapshot_47-37-g8a4a23e
20210315 061226.902 INFO             PET0 ESMF library build date/time: "Mar 15 2021" "05:50:16"
20210315 061226.902 INFO             PET0 ESMF library build location : /p/work1/mpotts/gfortran_9.2.0_openmpi_g
20210315 061226.902 INFO             PET0 ESMF_COMM                   : openmpi
20210315 061226.903 INFO             PET0 ESMF_MOAB                   : enabled
20210315 061226.903 INFO             PET0 ESMF_LAPACK                 : enabled
20210315 061226.903 INFO             PET0 ESMF_NETCDF                 : disabled
20210315 061226.903 INFO             PET0 ESMF_PNETCDF                : disabled
20210315 061226.903 INFO             PET0 ESMF_PIO                    : enabled
20210315 061226.903 INFO             PET0 ESMF_YAMLCPP                : enabled
20210315 061226.907 INFO             PET0 ESMF_FieldRedistStoreNF(): Just entered routine.
20210315 061227.100 INFO             PET0 ESMF_FieldRedistStoreNF(): Leaving routine.
20210315 061227.107 INFO             PET0  NUMBER_OF_PROCESSORS           4
20210315 061227.107 INFO             PET0  PASS  Example ESMF_RHandleFromFileEx, ESMF_RHandleFromFileEx.F90, line 192
20210315 061227.107 INFO             PET0 Finalizing ESMF
20210315 061226.902 INFO             PET1 !!!!!!!!!!!!!!!!!!!!!!!!!!!!!!!!!!!!!!!!!!!!!!!!!!!!!!
20210315 061226.902 INFO             PET1 !!! THE ESMF_LOG IS SET TO OUTPUT ALL LOG MESSAGES !!!
20210315 061226.902 INFO             PET1 !!!     THIS MAY CAUSE SLOWDOWN IN PERFORMANCE     !!!
20210315 061226.902 INFO             PET1 !!! FOR PRODUCTION RUNS, USE:                      !!!
20210315 061226.902 INFO             PET1 !!!                   ESMF_LOGKIND_Multi_On_Error  !!!
20210315 061226.902 INFO             PET1 !!!!!!!!!!!!!!!!!!!!!!!!!!!!!!!!!!!!!!!!!!!!!!!!!!!!!!
20210315 061226.902 INFO             PET1 Running with ESMF Version   : ESMF_8_1_0_beta_snapshot_47-37-g8a4a23e
20210315 061226.902 INFO             PET1 ESMF library build date/time: "Mar 15 2021" "05:50:16"
20210315 061226.902 INFO             PET1 ESMF library build location : /p/work1/mpotts/gfortran_9.2.0_openmpi_g
20210315 061226.902 INFO             PET1 ESMF_COMM                   : openmpi
20210315 061226.903 INFO             PET1 ESMF_MOAB                   : enabled
20210315 061226.903 INFO             PET1 ESMF_LAPACK                 : enabled
20210315 061226.903 INFO             PET1 ESMF_NETCDF                 : disabled
20210315 061226.903 INFO             PET1 ESMF_PNETCDF                : disabled
20210315 061226.903 INFO             PET1 ESMF_PIO                    : enabled
20210315 061226.903 INFO             PET1 ESMF_YAMLCPP                : enabled
20210315 061226.906 INFO             PET1 ESMF_FieldRedistStoreNF(): Just entered routine.
20210315 061227.100 INFO             PET1 ESMF_FieldRedistStoreNF(): Leaving routine.
20210315 061227.107 INFO             PET1  NUMBER_OF_PROCESSORS           4
20210315 061227.107 INFO             PET1  PASS  Example ESMF_RHandleFromFileEx, ESMF_RHandleFromFileEx.F90, line 192
20210315 061227.107 INFO             PET1 Finalizing ESMF
20210315 061226.902 INFO             PET2 !!!!!!!!!!!!!!!!!!!!!!!!!!!!!!!!!!!!!!!!!!!!!!!!!!!!!!
20210315 061226.902 INFO             PET2 !!! THE ESMF_LOG IS SET TO OUTPUT ALL LOG MESSAGES !!!
20210315 061226.902 INFO             PET2 !!!     THIS MAY CAUSE SLOWDOWN IN PERFORMANCE     !!!
20210315 061226.902 INFO             PET2 !!! FOR PRODUCTION RUNS, USE:                      !!!
20210315 061226.902 INFO             PET2 !!!                   ESMF_LOGKIND_Multi_On_Error  !!!
20210315 061226.902 INFO             PET2 !!!!!!!!!!!!!!!!!!!!!!!!!!!!!!!!!!!!!!!!!!!!!!!!!!!!!!
20210315 061226.902 INFO             PET2 Running with ESMF Version   : ESMF_8_1_0_beta_snapshot_47-37-g8a4a23e
20210315 061226.902 INFO             PET2 ESMF library build date/time: "Mar 15 2021" "05:50:16"
20210315 061226.902 INFO             PET2 ESMF library build location : /p/work1/mpotts/gfortran_9.2.0_openmpi_g
20210315 061226.902 INFO             PET2 ESMF_COMM                   : openmpi
20210315 061226.902 INFO             PET2 ESMF_MOAB                   : enabled
20210315 061226.902 INFO             PET2 ESMF_LAPACK                 : enabled
20210315 061226.902 INFO             PET2 ESMF_NETCDF                 : disabled
20210315 061226.902 INFO             PET2 ESMF_PNETCDF                : disabled
20210315 061226.902 INFO             PET2 ESMF_PIO                    : enabled
20210315 061226.902 INFO             PET2 ESMF_YAMLCPP                : enabled
20210315 061226.906 INFO             PET2 ESMF_FieldRedistStoreNF(): Just entered routine.
20210315 061227.100 INFO             PET2 ESMF_FieldRedistStoreNF(): Leaving routine.
20210315 061227.107 INFO             PET2  NUMBER_OF_PROCESSORS           4
20210315 061227.107 INFO             PET2  PASS  Example ESMF_RHandleFromFileEx, ESMF_RHandleFromFileEx.F90, line 192
20210315 061227.107 INFO             PET2 Finalizing ESMF
20210315 061226.902 INFO             PET3 !!!!!!!!!!!!!!!!!!!!!!!!!!!!!!!!!!!!!!!!!!!!!!!!!!!!!!
20210315 061226.902 INFO             PET3 !!! THE ESMF_LOG IS SET TO OUTPUT ALL LOG MESSAGES !!!
20210315 061226.902 INFO             PET3 !!!     THIS MAY CAUSE SLOWDOWN IN PERFORMANCE     !!!
20210315 061226.902 INFO             PET3 !!! FOR PRODUCTION RUNS, USE:                      !!!
20210315 061226.902 INFO             PET3 !!!                   ESMF_LOGKIND_Multi_On_Error  !!!
20210315 061226.902 INFO             PET3 !!!!!!!!!!!!!!!!!!!!!!!!!!!!!!!!!!!!!!!!!!!!!!!!!!!!!!
20210315 061226.902 INFO             PET3 Running with ESMF Version   : ESMF_8_1_0_beta_snapshot_47-37-g8a4a23e
20210315 061226.902 INFO             PET3 ESMF library build date/time: "Mar 15 2021" "05:50:16"
20210315 061226.902 INFO             PET3 ESMF library build location : /p/work1/mpotts/gfortran_9.2.0_openmpi_g
20210315 061226.902 INFO             PET3 ESMF_COMM                   : openmpi
20210315 061226.903 INFO             PET3 ESMF_MOAB                   : enabled
20210315 061226.903 INFO             PET3 ESMF_LAPACK                 : enabled
20210315 061226.903 INFO             PET3 ESMF_NETCDF                 : disabled
20210315 061226.903 INFO             PET3 ESMF_PNETCDF                : disabled
20210315 061226.903 INFO             PET3 ESMF_PIO                    : enabled
20210315 061226.903 INFO             PET3 ESMF_YAMLCPP                : enabled
20210315 061226.907 INFO             PET3 ESMF_FieldRedistStoreNF(): Just entered routine.
20210315 061227.100 INFO             PET3 ESMF_FieldRedistStoreNF(): Leaving routine.
20210315 061227.107 INFO             PET3  NUMBER_OF_PROCESSORS           4
20210315 061227.107 INFO             PET3  PASS  Example ESMF_RHandleFromFileEx, ESMF_RHandleFromFileEx.F90, line 192
20210315 061227.107 INFO             PET3 Finalizing ESMF
