build time -- 2021-04-22 11:19:02.296122
20210422 113143.608 INFO             PET0 !!!!!!!!!!!!!!!!!!!!!!!!!!!!!!!!!!!!!!!!!!!!!!!!!!!!!!
20210422 113143.608 INFO             PET0 !!! THE ESMF_LOG IS SET TO OUTPUT ALL LOG MESSAGES !!!
20210422 113143.608 INFO             PET0 !!!     THIS MAY CAUSE SLOWDOWN IN PERFORMANCE     !!!
20210422 113143.608 INFO             PET0 !!! FOR PRODUCTION RUNS, USE:                      !!!
20210422 113143.608 INFO             PET0 !!!                   ESMF_LOGKIND_Multi_On_Error  !!!
20210422 113143.608 INFO             PET0 !!!!!!!!!!!!!!!!!!!!!!!!!!!!!!!!!!!!!!!!!!!!!!!!!!!!!!
20210422 113143.608 INFO             PET0 Running with ESMF Version   : ESMF_8_2_0_beta_snapshot_05
20210422 113143.608 INFO             PET0 ESMF library build date/time: "Apr 22 2021" "11:18:17"
20210422 113143.608 INFO             PET0 ESMF library build location : /home/mpotts/gfortran_9.3.0_openmpi_g_develop
20210422 113143.608 INFO             PET0 ESMF_COMM                   : openmpi
20210422 113143.608 INFO             PET0 ESMF_MOAB                   : enabled
20210422 113143.608 INFO             PET0 ESMF_LAPACK                 : enabled
20210422 113143.608 INFO             PET0 ESMF_NETCDF                 : enabled
20210422 113143.608 INFO             PET0 ESMF_PNETCDF                : disabled
20210422 113143.608 INFO             PET0 ESMF_PIO                    : enabled
20210422 113143.608 INFO             PET0 ESMF_YAMLCPP                : enabled
20210422 113143.608 INFO             PET0  NUMBER_OF_PROCESSORS           1
20210422 113143.608 INFO             PET0  PASS  Example ESMF_AlarmEx, ESMF_AlarmEx.F90, line 244
20210422 113143.608 INFO             PET0 Finalizing ESMF
