 localPET=           0  localDE=           0 : array(           1 ,           1 )=   2.0000000000000000     
 localPET=           0  localDE=           0 : array(           1 ,           2 )=   1.4945765261486311E-154
 localPET=           0  localDE=           0 : array(           2 ,           1 )=   2.0000000000000000     
 localPET=           0  localDE=           0 : array(           2 ,           2 )=   2.0000000000000031     
 localPET=           0  localDE=           0 : array(           3 ,           1 )=   2.0000000000000075     
 localPET=           0  localDE=           0 : array(           3 ,           2 )=   2.0000000000000000     
 localPET=           0  localDE=           1 : array(           1 ,           1 )=   2.0000000000000000     
 localPET=           0  localDE=           1 : array(           2 ,           1 )=   2.0000000000000000     
 localPET=           0  localDE=           1 : array(           3 ,           1 )=   2.1219957919534036E-314
 localPET=           1  localDE=           0 : array(           1 ,           1 )=   1.7272337110188889E-077
 localPET=           1  localDE=           0 : array(           1 ,           2 )=   1.9762625833649862E-323
 localPET=           1  localDE=           0 : array(           2 ,           1 )=   1.7272337110188889E-077
 localPET=           1  localDE=           0 : array(           2 ,           2 )=   1.7272337110188889E-077
 localPET=           1  localDE=           1 : array(           1 ,           1 )=   1.7272337110188889E-077
 localPET=           1  localDE=           1 : array(           2 ,           1 )=   1.7272337110188889E-077
 localPET=           2  localDE=           0 : array(           1 ,           1 )=   1.7272337110188889E-077
 localPET=           2  localDE=           0 : array(           1 ,           2 )=   1.7272337110188889E-077
 localPET=           2  localDE=           0 : array(           2 ,           1 )=   1.7272337110188889E-077
 localPET=           2  localDE=           0 : array(           2 ,           2 )=   1.7272337110188908E-077
 localPET=           2  localDE=           0 : array(           3 ,           1 )=   1.7272337110188912E-077
 localPET=           2  localDE=           0 : array(           3 ,           2 )=   1.7272337110188889E-077
 localPET=           3  localDE=           0 : array(           1 ,           1 )=  -2.6815615859885194E+154
 localPET=           3  localDE=           0 : array(           1 ,           2 )=  -2.6815615859885236E+154
 localPET=           3  localDE=           0 : array(           2 ,           1 )=  -2.6815615859885194E+154
 localPET=           3  localDE=           0 : array(           2 ,           2 )=  -2.6815615859885194E+154
 localPet:            2 DE            2  [           1           3 ]
 localPet:            3 DE            3  [           1           2 ]
 localPet:            1 DE            1  [           1           2 ]
 localPet:            1 DE            5  [           1           2 ]
 localPet:            0 DE            0  [           1           3 ]
 localPet:            0 DE            4  [           1           3 ]
  PASS  Example ESMF_ArrayEx, ESMF_ArrayEx.F90, line 1899
 PASS: ESMF_ArrayEx.F90
  PASS  Example ESMF_ArrayEx, ESMF_ArrayEx.F90, line 1899
 PASS: ESMF_ArrayEx.F90
  PASS  Example ESMF_ArrayEx, ESMF_ArrayEx.F90, line 1899
 PASS: ESMF_ArrayEx.F90
  PASS  Example ESMF_ArrayEx, ESMF_ArrayEx.F90, line 1899
 PASS: ESMF_ArrayEx.F90
