20210405 065005.387 INFO             PET0 !!!!!!!!!!!!!!!!!!!!!!!!!!!!!!!!!!!!!!!!!!!!!!!!!!!!!!
20210405 065005.387 INFO             PET0 !!! THE ESMF_LOG IS SET TO OUTPUT ALL LOG MESSAGES !!!
20210405 065005.387 INFO             PET0 !!!     THIS MAY CAUSE SLOWDOWN IN PERFORMANCE     !!!
20210405 065005.387 INFO             PET0 !!! FOR PRODUCTION RUNS, USE:                      !!!
20210405 065005.387 INFO             PET0 !!!                   ESMF_LOGKIND_Multi_On_Error  !!!
20210405 065005.387 INFO             PET0 !!!!!!!!!!!!!!!!!!!!!!!!!!!!!!!!!!!!!!!!!!!!!!!!!!!!!!
20210405 065005.387 INFO             PET0 Running with ESMF Version   : ESMF_8_2_0_beta_snapshot_04-2-g0bc8ad813f
20210405 065005.387 INFO             PET0 ESMF library build date/time: "Apr  5 2021" "05:59:54"
20210405 065005.387 INFO             PET0 ESMF library build location : /glade/scratch/mpotts/intel_18.0.5_openmpi_O
20210405 065005.387 INFO             PET0 ESMF_COMM                   : openmpi
20210405 065005.387 INFO             PET0 ESMF_MOAB                   : enabled
20210405 065005.387 INFO             PET0 ESMF_LAPACK                 : enabled
20210405 065005.387 INFO             PET0 ESMF_NETCDF                 : enabled
20210405 065005.387 INFO             PET0 ESMF_PNETCDF                : disabled
20210405 065005.387 INFO             PET0 ESMF_PIO                    : enabled
20210405 065005.387 INFO             PET0 ESMF_YAMLCPP                : enabled
20210405 065005.413 INFO             PET0  NUMBER_OF_PROCESSORS           4
20210405 065005.413 INFO             PET0  PASS  Example ESMF_VMUserMpiCommMultiEx, ESMF_VMUserMpiCommMultiEx.F90, line 126
20210405 065005.413 INFO             PET0 Finalizing ESMF
20210405 065005.414 INFO             PET0 !!!!!!!!!!!!!!!!!!!!!!!!!!!!!!!!!!!!!!!!!!!!!!!!!!!!!!
20210405 065005.414 INFO             PET0 !!! THE ESMF_LOG IS SET TO OUTPUT ALL LOG MESSAGES !!!
20210405 065005.414 INFO             PET0 !!!     THIS MAY CAUSE SLOWDOWN IN PERFORMANCE     !!!
20210405 065005.414 INFO             PET0 !!! FOR PRODUCTION RUNS, USE:                      !!!
20210405 065005.414 INFO             PET0 !!!                   ESMF_LOGKIND_Multi_On_Error  !!!
20210405 065005.414 INFO             PET0 !!!!!!!!!!!!!!!!!!!!!!!!!!!!!!!!!!!!!!!!!!!!!!!!!!!!!!
20210405 065005.414 INFO             PET0 Running with ESMF Version   : ESMF_8_2_0_beta_snapshot_04-2-g0bc8ad813f
20210405 065005.414 INFO             PET0 ESMF library build date/time: "Apr  5 2021" "05:59:54"
20210405 065005.414 INFO             PET0 ESMF library build location : /glade/scratch/mpotts/intel_18.0.5_openmpi_O
20210405 065005.414 INFO             PET0 ESMF_COMM                   : openmpi
20210405 065005.414 INFO             PET0 ESMF_MOAB                   : enabled
20210405 065005.414 INFO             PET0 ESMF_LAPACK                 : enabled
20210405 065005.414 INFO             PET0 ESMF_NETCDF                 : enabled
20210405 065005.414 INFO             PET0 ESMF_PNETCDF                : disabled
20210405 065005.414 INFO             PET0 ESMF_PIO                    : enabled
20210405 065005.414 INFO             PET0 ESMF_YAMLCPP                : enabled
20210405 065005.414 INFO             PET0  NUMBER_OF_PROCESSORS           4
20210405 065005.414 INFO             PET0  PASS  Example ESMF_VMUserMpiCommMultiEx, ESMF_VMUserMpiCommMultiEx.F90, line 154
20210405 065005.414 INFO             PET0 Finalizing ESMF
20210405 065005.401 INFO             PET1 !!!!!!!!!!!!!!!!!!!!!!!!!!!!!!!!!!!!!!!!!!!!!!!!!!!!!!
20210405 065005.402 INFO             PET1 !!! THE ESMF_LOG IS SET TO OUTPUT ALL LOG MESSAGES !!!
20210405 065005.402 INFO             PET1 !!!     THIS MAY CAUSE SLOWDOWN IN PERFORMANCE     !!!
20210405 065005.402 INFO             PET1 !!! FOR PRODUCTION RUNS, USE:                      !!!
20210405 065005.402 INFO             PET1 !!!                   ESMF_LOGKIND_Multi_On_Error  !!!
20210405 065005.402 INFO             PET1 !!!!!!!!!!!!!!!!!!!!!!!!!!!!!!!!!!!!!!!!!!!!!!!!!!!!!!
20210405 065005.402 INFO             PET1 Running with ESMF Version   : ESMF_8_2_0_beta_snapshot_04-2-g0bc8ad813f
20210405 065005.402 INFO             PET1 ESMF library build date/time: "Apr  5 2021" "05:59:54"
20210405 065005.402 INFO             PET1 ESMF library build location : /glade/scratch/mpotts/intel_18.0.5_openmpi_O
20210405 065005.402 INFO             PET1 ESMF_COMM                   : openmpi
20210405 065005.413 INFO             PET1 ESMF_MOAB                   : enabled
20210405 065005.413 INFO             PET1 ESMF_LAPACK                 : enabled
20210405 065005.413 INFO             PET1 ESMF_NETCDF                 : enabled
20210405 065005.413 INFO             PET1 ESMF_PNETCDF                : disabled
20210405 065005.413 INFO             PET1 ESMF_PIO                    : enabled
20210405 065005.413 INFO             PET1 ESMF_YAMLCPP                : enabled
20210405 065005.413 INFO             PET1  NUMBER_OF_PROCESSORS           4
20210405 065005.413 INFO             PET1  PASS  Example ESMF_VMUserMpiCommMultiEx, ESMF_VMUserMpiCommMultiEx.F90, line 126
20210405 065005.413 INFO             PET1 Finalizing ESMF
20210405 065005.386 INFO             PET1 !!!!!!!!!!!!!!!!!!!!!!!!!!!!!!!!!!!!!!!!!!!!!!!!!!!!!!
20210405 065005.386 INFO             PET1 !!! THE ESMF_LOG IS SET TO OUTPUT ALL LOG MESSAGES !!!
20210405 065005.386 INFO             PET1 !!!     THIS MAY CAUSE SLOWDOWN IN PERFORMANCE     !!!
20210405 065005.386 INFO             PET1 !!! FOR PRODUCTION RUNS, USE:                      !!!
20210405 065005.386 INFO             PET1 !!!                   ESMF_LOGKIND_Multi_On_Error  !!!
20210405 065005.386 INFO             PET1 !!!!!!!!!!!!!!!!!!!!!!!!!!!!!!!!!!!!!!!!!!!!!!!!!!!!!!
20210405 065005.386 INFO             PET1 Running with ESMF Version   : ESMF_8_2_0_beta_snapshot_04-2-g0bc8ad813f
20210405 065005.386 INFO             PET1 ESMF library build date/time: "Apr  5 2021" "05:59:54"
20210405 065005.386 INFO             PET1 ESMF library build location : /glade/scratch/mpotts/intel_18.0.5_openmpi_O
20210405 065005.386 INFO             PET1 ESMF_COMM                   : openmpi
20210405 065005.386 INFO             PET1 ESMF_MOAB                   : enabled
20210405 065005.386 INFO             PET1 ESMF_LAPACK                 : enabled
20210405 065005.386 INFO             PET1 ESMF_NETCDF                 : enabled
20210405 065005.386 INFO             PET1 ESMF_PNETCDF                : disabled
20210405 065005.386 INFO             PET1 ESMF_PIO                    : enabled
20210405 065005.386 INFO             PET1 ESMF_YAMLCPP                : enabled
20210405 065005.414 INFO             PET1  NUMBER_OF_PROCESSORS           4
20210405 065005.414 INFO             PET1  PASS  Example ESMF_VMUserMpiCommMultiEx, ESMF_VMUserMpiCommMultiEx.F90, line 154
20210405 065005.414 INFO             PET1 Finalizing ESMF
