build time -- 2021-04-21 11:28:32
20210421 120344.925 INFO             PET0 !!!!!!!!!!!!!!!!!!!!!!!!!!!!!!!!!!!!!!!!!!!!!!!!!!!!!!
20210421 120344.925 INFO             PET0 !!! THE ESMF_LOG IS SET TO OUTPUT ALL LOG MESSAGES !!!
20210421 120344.925 INFO             PET0 !!!     THIS MAY CAUSE SLOWDOWN IN PERFORMANCE     !!!
20210421 120344.925 INFO             PET0 !!! FOR PRODUCTION RUNS, USE:                      !!!
20210421 120344.925 INFO             PET0 !!!                   ESMF_LOGKIND_Multi_On_Error  !!!
20210421 120344.925 INFO             PET0 !!!!!!!!!!!!!!!!!!!!!!!!!!!!!!!!!!!!!!!!!!!!!!!!!!!!!!
20210421 120344.925 INFO             PET0 Running with ESMF Version   : 8.2.0 beta snapshot
20210421 120344.925 INFO             PET0 ESMF library build date/time: "Apr 21 2021" "11:26:23"
20210421 120344.925 INFO             PET0 ESMF library build location : /lustre/f2/dev/ncep/Mark.Potts/intel_2019.5_mpiuni_g_develop
20210421 120344.925 INFO             PET0 ESMF_COMM                   : mpiuni
20210421 120344.926 INFO             PET0 ESMF_MOAB                   : enabled
20210421 120344.926 INFO             PET0 ESMF_LAPACK                 : enabled
20210421 120344.926 INFO             PET0 ESMF_NETCDF                 : enabled
20210421 120344.926 INFO             PET0 ESMF_PNETCDF                : disabled
20210421 120344.926 INFO             PET0 ESMF_PIO                    : disabled
20210421 120344.926 INFO             PET0 ESMF_YAMLCPP                : enabled
20210421 120344.927 INFO             PET0  NUMBER_OF_PROCESSORS           1
20210421 120344.927 INFO             PET0  PASS  Example ESMF_TimeEx, ESMF_TimeEx.F90, line 141
20210421 120344.927 INFO             PET0 Finalizing ESMF
