Tue Apr 13 05:09:11 2021: [unset]:_pmi_alps_init:alps_get_placement_info returned with error -1
Tue Apr 13 05:09:11 2021: [unset]:_pmi_init:_pmi_alps_init returned -1
--- ESMCI::VM::print() start ---
--- ESMCI::VMId::print() start ---
  vmKeyWidth = 1
  vmKey=0x80000000
  localID = 1
--- ESMCI::VMId::print() end ---
--- VMK::print() start ---
vm located at: 0x83b860
npets = 1, mypet=0
  pth_mutex =		 0x83d400
  pth_finish_count =	 0x83d3b0
MPI_Comm_size: 1
MPI_Comm_rank in local MPI communicator: 0
MPI_Comm_rank in MPI_COMM_WORLD: 0
MPI thread level support: 2
mpi_mutex_flag: 1
mpionly: 0
nothreadsflag: 1
  lpid[0]=0, tid[0]=0, vas[0]=0, ncpet[0]=1, nadevs[0]=0, cid[0][0]=0
ncores = 1
  cpuid[0]=0, ssiid[0]=0
--- VMK::print() end ---
--- ESMCI::VM::print() end ---
--- ESMCI::VM::print() start ---
--- ESMCI::VMId::print() start ---
  vmKeyWidth = 1
  vmKey=0x80000000
  localID = 1
--- ESMCI::VMId::print() end ---
--- VMK::print() start ---
vm located at: 0x83b860
npets = 1, mypet=0
  pth_mutex =		 0x83d400
  pth_finish_count =	 0x83d3b0
MPI_Comm_size: 1
MPI_Comm_rank in local MPI communicator: 0
MPI_Comm_rank in MPI_COMM_WORLD: 0
MPI thread level support: 2
mpi_mutex_flag: 1
mpionly: 0
nothreadsflag: 1
  lpid[0]=0, tid[0]=0, vas[0]=0, ncpet[0]=1, nadevs[0]=0, cid[0][0]=0
ncores = 1
  cpuid[0]=0, ssiid[0]=0
--- VMK::print() end ---
--- ESMCI::VM::print() end ---
--- ESMCI::VM::print() start ---
--- ESMCI::VMId::print() start ---
  vmKeyWidth = 1
  vmKey=0x80000000
  localID = 1
--- ESMCI::VMId::print() end ---
--- VMK::print() start ---
vm located at: 0x83b860
npets = 1, mypet=0
  pth_mutex =		 0x83d400
  pth_finish_count =	 0x83d3b0
MPI_Comm_size: 1
MPI_Comm_rank in local MPI communicator: 0
MPI_Comm_rank in MPI_COMM_WORLD: 0
MPI thread level support: 2
mpi_mutex_flag: 1
mpionly: 0
nothreadsflag: 1
  lpid[0]=0, tid[0]=0, vas[0]=0, ncpet[0]=1, nadevs[0]=0, cid[0][0]=0
ncores = 1
  cpuid[0]=0, ssiid[0]=0
--- VMK::print() end ---
--- ESMCI::VM::print() end ---
  PASS  Example ESMF_VMComponentEx, ESMF_VMComponentEx.F90, line 197
 PASS: ESMF_VMComponentEx.F90
