20210419 010602.774 INFO             PET0 !!!!!!!!!!!!!!!!!!!!!!!!!!!!!!!!!!!!!!!!!!!!!!!!!!!!!!
20210419 010602.774 INFO             PET0 !!! THE ESMF_LOG IS SET TO OUTPUT ALL LOG MESSAGES !!!
20210419 010602.774 INFO             PET0 !!!     THIS MAY CAUSE SLOWDOWN IN PERFORMANCE     !!!
20210419 010602.774 INFO             PET0 !!! FOR PRODUCTION RUNS, USE:                      !!!
20210419 010602.774 INFO             PET0 !!!                   ESMF_LOGKIND_Multi_On_Error  !!!
20210419 010602.774 INFO             PET0 !!!!!!!!!!!!!!!!!!!!!!!!!!!!!!!!!!!!!!!!!!!!!!!!!!!!!!
20210419 010602.774 INFO             PET0 Running with ESMF Version   : 8.2.0 beta snapshot
20210419 010602.774 INFO             PET0 ESMF library build date/time: "Apr 19 2021" "00:35:55"
20210419 010602.774 INFO             PET0 ESMF library build location : /lustre/f2/dev/ncep/Mark.Potts/intel_2019.5_mpiuni_g_develop
20210419 010602.774 INFO             PET0 ESMF_COMM                   : mpiuni
20210419 010602.775 INFO             PET0 ESMF_MOAB                   : enabled
20210419 010602.775 INFO             PET0 ESMF_LAPACK                 : enabled
20210419 010602.775 INFO             PET0 ESMF_NETCDF                 : enabled
20210419 010602.775 INFO             PET0 ESMF_PNETCDF                : disabled
20210419 010602.775 INFO             PET0 ESMF_PIO                    : disabled
20210419 010602.775 INFO             PET0 ESMF_YAMLCPP                : enabled
20210419 010602.775 INFO             PET0 Log Write 2
20210419 010602.775 ERROR            PET0 Invalid object  - Convergence failure
20210419 010602.775 ERROR            PET0 ESMCI_Fraction.C:1444 ESMCI::Fraction::validate() must have non-zero denominator.
20210419 010602.775 ERROR            PET0 ESMCI_Time.C:838 ESMCI::Time::syncToRealTime() Wrong argument specified  - ; calkindflag is JULIANDAY, MODJULIANDAY or NOCALENDAR.
20210419 010602.775 ERROR            PET0 ESMF_Time.F90:1485 ESMF_TimeSyncToRealTime() Wrong argument specified  - Internal subroutine call returned Error
20210419 010602.775 ERROR            PET0 Wrong argument specified  - getting wall clock time
20210419 010602.793 INFO             PET0  NUMBER_OF_PROCESSORS           1
20210419 010602.793 INFO             PET0  PASS  Example ESMF_LogErrEx, ESMF_LogErrEx.F90, line 186
20210419 010602.793 INFO             PET0 Finalizing ESMF
