2021-04-19 00:37:45
20210419 010619.605 INFO             PET0 !!!!!!!!!!!!!!!!!!!!!!!!!!!!!!!!!!!!!!!!!!!!!!!!!!!!!!
20210419 010619.605 INFO             PET0 !!! THE ESMF_LOG IS SET TO OUTPUT ALL LOG MESSAGES !!!
20210419 010619.605 INFO             PET0 !!!     THIS MAY CAUSE SLOWDOWN IN PERFORMANCE     !!!
20210419 010619.605 INFO             PET0 !!! FOR PRODUCTION RUNS, USE:                      !!!
20210419 010619.605 INFO             PET0 !!!                   ESMF_LOGKIND_Multi_On_Error  !!!
20210419 010619.605 INFO             PET0 !!!!!!!!!!!!!!!!!!!!!!!!!!!!!!!!!!!!!!!!!!!!!!!!!!!!!!
20210419 010619.605 INFO             PET0 Running with ESMF Version   : 8.2.0 beta snapshot
20210419 010619.605 INFO             PET0 ESMF library build date/time: "Apr 19 2021" "00:35:55"
20210419 010619.605 INFO             PET0 ESMF library build location : /lustre/f2/dev/ncep/Mark.Potts/intel_2019.5_mpiuni_g_develop
20210419 010619.605 INFO             PET0 ESMF_COMM                   : mpiuni
20210419 010619.606 INFO             PET0 ESMF_MOAB                   : enabled
20210419 010619.606 INFO             PET0 ESMF_LAPACK                 : enabled
20210419 010619.606 INFO             PET0 ESMF_NETCDF                 : enabled
20210419 010619.606 INFO             PET0 ESMF_PNETCDF                : disabled
20210419 010619.606 INFO             PET0 ESMF_PIO                    : disabled
20210419 010619.606 INFO             PET0 ESMF_YAMLCPP                : enabled
20210419 010619.606 INFO             PET0  NUMBER_OF_PROCESSORS           1
20210419 010619.607 INFO             PET0  PASS  Example ESMF_TimeIntervalEx, ESMF_TimeIntervalEx.F90, line 176
20210419 010619.607 INFO             PET0 Finalizing ESMF
