20210408 055959.479 INFO             PET0 !!!!!!!!!!!!!!!!!!!!!!!!!!!!!!!!!!!!!!!!!!!!!!!!!!!!!!
20210408 055959.479 INFO             PET0 !!! THE ESMF_LOG IS SET TO OUTPUT ALL LOG MESSAGES !!!
20210408 055959.479 INFO             PET0 !!!     THIS MAY CAUSE SLOWDOWN IN PERFORMANCE     !!!
20210408 055959.479 INFO             PET0 !!! FOR PRODUCTION RUNS, USE:                      !!!
20210408 055959.479 INFO             PET0 !!!                   ESMF_LOGKIND_Multi_On_Error  !!!
20210408 055959.479 INFO             PET0 !!!!!!!!!!!!!!!!!!!!!!!!!!!!!!!!!!!!!!!!!!!!!!!!!!!!!!
20210408 055959.479 INFO             PET0 Running with ESMF Version   : 8.2.0 beta snapshot
20210408 055959.479 INFO             PET0 ESMF library build date/time: "Apr  8 2021" "04:30:28"
20210408 055959.479 INFO             PET0 ESMF library build location : /lustre/f2/dev/ncep/Mark.Potts/gfortran_8.3.0_mpi_g
20210408 055959.479 INFO             PET0 ESMF_COMM                   : mpi
20210408 055959.480 INFO             PET0 ESMF_MOAB                   : enabled
20210408 055959.480 INFO             PET0 ESMF_LAPACK                 : enabled
20210408 055959.480 INFO             PET0 ESMF_NETCDF                 : enabled
20210408 055959.480 INFO             PET0 ESMF_PNETCDF                : disabled
20210408 055959.480 INFO             PET0 ESMF_PIO                    : enabled
20210408 055959.480 INFO             PET0 ESMF_YAMLCPP                : enabled
20210408 055959.517 INFO             PET0  NUMBER_OF_PROCESSORS           4
20210408 055959.517 INFO             PET0  PASS  Example ESMF_VMUserMpiCommMultiEx, ESMF_VMUserMpiCommMultiEx.F90, line 126
20210408 055959.517 INFO             PET0 Finalizing ESMF
20210408 055959.517 INFO             PET0 !!!!!!!!!!!!!!!!!!!!!!!!!!!!!!!!!!!!!!!!!!!!!!!!!!!!!!
20210408 055959.517 INFO             PET0 !!! THE ESMF_LOG IS SET TO OUTPUT ALL LOG MESSAGES !!!
20210408 055959.517 INFO             PET0 !!!     THIS MAY CAUSE SLOWDOWN IN PERFORMANCE     !!!
20210408 055959.517 INFO             PET0 !!! FOR PRODUCTION RUNS, USE:                      !!!
20210408 055959.517 INFO             PET0 !!!                   ESMF_LOGKIND_Multi_On_Error  !!!
20210408 055959.517 INFO             PET0 !!!!!!!!!!!!!!!!!!!!!!!!!!!!!!!!!!!!!!!!!!!!!!!!!!!!!!
20210408 055959.517 INFO             PET0 Running with ESMF Version   : 8.2.0 beta snapshot
20210408 055959.517 INFO             PET0 ESMF library build date/time: "Apr  8 2021" "04:30:28"
20210408 055959.517 INFO             PET0 ESMF library build location : /lustre/f2/dev/ncep/Mark.Potts/gfortran_8.3.0_mpi_g
20210408 055959.517 INFO             PET0 ESMF_COMM                   : mpi
20210408 055959.517 INFO             PET0 ESMF_MOAB                   : enabled
20210408 055959.517 INFO             PET0 ESMF_LAPACK                 : enabled
20210408 055959.517 INFO             PET0 ESMF_NETCDF                 : enabled
20210408 055959.517 INFO             PET0 ESMF_PNETCDF                : disabled
20210408 055959.517 INFO             PET0 ESMF_PIO                    : enabled
20210408 055959.517 INFO             PET0 ESMF_YAMLCPP                : enabled
20210408 055959.517 INFO             PET0  NUMBER_OF_PROCESSORS           4
20210408 055959.517 INFO             PET0  PASS  Example ESMF_VMUserMpiCommMultiEx, ESMF_VMUserMpiCommMultiEx.F90, line 154
20210408 055959.517 INFO             PET0 Finalizing ESMF
20210408 055959.510 INFO             PET1 !!!!!!!!!!!!!!!!!!!!!!!!!!!!!!!!!!!!!!!!!!!!!!!!!!!!!!
20210408 055959.510 INFO             PET1 !!! THE ESMF_LOG IS SET TO OUTPUT ALL LOG MESSAGES !!!
20210408 055959.510 INFO             PET1 !!!     THIS MAY CAUSE SLOWDOWN IN PERFORMANCE     !!!
20210408 055959.510 INFO             PET1 !!! FOR PRODUCTION RUNS, USE:                      !!!
20210408 055959.510 INFO             PET1 !!!                   ESMF_LOGKIND_Multi_On_Error  !!!
20210408 055959.510 INFO             PET1 !!!!!!!!!!!!!!!!!!!!!!!!!!!!!!!!!!!!!!!!!!!!!!!!!!!!!!
20210408 055959.510 INFO             PET1 Running with ESMF Version   : 8.2.0 beta snapshot
20210408 055959.510 INFO             PET1 ESMF library build date/time: "Apr  8 2021" "04:30:28"
20210408 055959.510 INFO             PET1 ESMF library build location : /lustre/f2/dev/ncep/Mark.Potts/gfortran_8.3.0_mpi_g
20210408 055959.510 INFO             PET1 ESMF_COMM                   : mpi
20210408 055959.517 INFO             PET1 ESMF_MOAB                   : enabled
20210408 055959.517 INFO             PET1 ESMF_LAPACK                 : enabled
20210408 055959.517 INFO             PET1 ESMF_NETCDF                 : enabled
20210408 055959.517 INFO             PET1 ESMF_PNETCDF                : disabled
20210408 055959.517 INFO             PET1 ESMF_PIO                    : enabled
20210408 055959.517 INFO             PET1 ESMF_YAMLCPP                : enabled
20210408 055959.517 INFO             PET1  NUMBER_OF_PROCESSORS           4
20210408 055959.517 INFO             PET1  PASS  Example ESMF_VMUserMpiCommMultiEx, ESMF_VMUserMpiCommMultiEx.F90, line 126
20210408 055959.517 INFO             PET1 Finalizing ESMF
20210408 055959.494 INFO             PET1 !!!!!!!!!!!!!!!!!!!!!!!!!!!!!!!!!!!!!!!!!!!!!!!!!!!!!!
20210408 055959.494 INFO             PET1 !!! THE ESMF_LOG IS SET TO OUTPUT ALL LOG MESSAGES !!!
20210408 055959.494 INFO             PET1 !!!     THIS MAY CAUSE SLOWDOWN IN PERFORMANCE     !!!
20210408 055959.494 INFO             PET1 !!! FOR PRODUCTION RUNS, USE:                      !!!
20210408 055959.494 INFO             PET1 !!!                   ESMF_LOGKIND_Multi_On_Error  !!!
20210408 055959.494 INFO             PET1 !!!!!!!!!!!!!!!!!!!!!!!!!!!!!!!!!!!!!!!!!!!!!!!!!!!!!!
20210408 055959.494 INFO             PET1 Running with ESMF Version   : 8.2.0 beta snapshot
20210408 055959.494 INFO             PET1 ESMF library build date/time: "Apr  8 2021" "04:30:28"
20210408 055959.494 INFO             PET1 ESMF library build location : /lustre/f2/dev/ncep/Mark.Potts/gfortran_8.3.0_mpi_g
20210408 055959.494 INFO             PET1 ESMF_COMM                   : mpi
20210408 055959.494 INFO             PET1 ESMF_MOAB                   : enabled
20210408 055959.494 INFO             PET1 ESMF_LAPACK                 : enabled
20210408 055959.494 INFO             PET1 ESMF_NETCDF                 : enabled
20210408 055959.494 INFO             PET1 ESMF_PNETCDF                : disabled
20210408 055959.494 INFO             PET1 ESMF_PIO                    : enabled
20210408 055959.494 INFO             PET1 ESMF_YAMLCPP                : enabled
20210408 055959.517 INFO             PET1  NUMBER_OF_PROCESSORS           4
20210408 055959.517 INFO             PET1  PASS  Example ESMF_VMUserMpiCommMultiEx, ESMF_VMUserMpiCommMultiEx.F90, line 154
20210408 055959.517 INFO             PET1 Finalizing ESMF
