20210410 055612.749 INFO             PET0 !!!!!!!!!!!!!!!!!!!!!!!!!!!!!!!!!!!!!!!!!!!!!!!!!!!!!!
20210410 055612.749 INFO             PET0 !!! THE ESMF_LOG IS SET TO OUTPUT ALL LOG MESSAGES !!!
20210410 055612.749 INFO             PET0 !!!     THIS MAY CAUSE SLOWDOWN IN PERFORMANCE     !!!
20210410 055612.749 INFO             PET0 !!! FOR PRODUCTION RUNS, USE:                      !!!
20210410 055612.749 INFO             PET0 !!!                   ESMF_LOGKIND_Multi_On_Error  !!!
20210410 055612.749 INFO             PET0 !!!!!!!!!!!!!!!!!!!!!!!!!!!!!!!!!!!!!!!!!!!!!!!!!!!!!!
20210410 055612.749 INFO             PET0 Running with ESMF Version   : 8.2.0 beta snapshot
20210410 055612.749 INFO             PET0 ESMF library build date/time: "Apr 10 2021" "04:27:18"
20210410 055612.749 INFO             PET0 ESMF library build location : /lustre/f2/dev/ncep/Mark.Potts/gfortran_8.3.0_mpi_g
20210410 055612.749 INFO             PET0 ESMF_COMM                   : mpi
20210410 055612.750 INFO             PET0 ESMF_MOAB                   : enabled
20210410 055612.750 INFO             PET0 ESMF_LAPACK                 : enabled
20210410 055612.750 INFO             PET0 ESMF_NETCDF                 : enabled
20210410 055612.750 INFO             PET0 ESMF_PNETCDF                : disabled
20210410 055612.750 INFO             PET0 ESMF_PIO                    : enabled
20210410 055612.750 INFO             PET0 ESMF_YAMLCPP                : enabled
20210410 055615.434 INFO             PET0  NUMBER_OF_PROCESSORS           4
20210410 055615.434 INFO             PET0  PASS  Example ESMF_FieldEx, ESMF_FieldEx.F90, line 996
20210410 055615.434 INFO             PET0 Finalizing ESMF
20210410 055612.745 INFO             PET1 !!!!!!!!!!!!!!!!!!!!!!!!!!!!!!!!!!!!!!!!!!!!!!!!!!!!!!
20210410 055612.745 INFO             PET1 !!! THE ESMF_LOG IS SET TO OUTPUT ALL LOG MESSAGES !!!
20210410 055612.745 INFO             PET1 !!!     THIS MAY CAUSE SLOWDOWN IN PERFORMANCE     !!!
20210410 055612.745 INFO             PET1 !!! FOR PRODUCTION RUNS, USE:                      !!!
20210410 055612.745 INFO             PET1 !!!                   ESMF_LOGKIND_Multi_On_Error  !!!
20210410 055612.745 INFO             PET1 !!!!!!!!!!!!!!!!!!!!!!!!!!!!!!!!!!!!!!!!!!!!!!!!!!!!!!
20210410 055612.745 INFO             PET1 Running with ESMF Version   : 8.2.0 beta snapshot
20210410 055612.745 INFO             PET1 ESMF library build date/time: "Apr 10 2021" "04:27:18"
20210410 055612.745 INFO             PET1 ESMF library build location : /lustre/f2/dev/ncep/Mark.Potts/gfortran_8.3.0_mpi_g
20210410 055612.745 INFO             PET1 ESMF_COMM                   : mpi
20210410 055612.746 INFO             PET1 ESMF_MOAB                   : enabled
20210410 055612.746 INFO             PET1 ESMF_LAPACK                 : enabled
20210410 055612.746 INFO             PET1 ESMF_NETCDF                 : enabled
20210410 055612.746 INFO             PET1 ESMF_PNETCDF                : disabled
20210410 055612.746 INFO             PET1 ESMF_PIO                    : enabled
20210410 055612.746 INFO             PET1 ESMF_YAMLCPP                : enabled
20210410 055615.434 INFO             PET1  NUMBER_OF_PROCESSORS           4
20210410 055615.434 INFO             PET1  PASS  Example ESMF_FieldEx, ESMF_FieldEx.F90, line 996
20210410 055615.434 INFO             PET1 Finalizing ESMF
20210410 055612.743 INFO             PET2 !!!!!!!!!!!!!!!!!!!!!!!!!!!!!!!!!!!!!!!!!!!!!!!!!!!!!!
20210410 055612.744 INFO             PET2 !!! THE ESMF_LOG IS SET TO OUTPUT ALL LOG MESSAGES !!!
20210410 055612.744 INFO             PET2 !!!     THIS MAY CAUSE SLOWDOWN IN PERFORMANCE     !!!
20210410 055612.744 INFO             PET2 !!! FOR PRODUCTION RUNS, USE:                      !!!
20210410 055612.744 INFO             PET2 !!!                   ESMF_LOGKIND_Multi_On_Error  !!!
20210410 055612.744 INFO             PET2 !!!!!!!!!!!!!!!!!!!!!!!!!!!!!!!!!!!!!!!!!!!!!!!!!!!!!!
20210410 055612.744 INFO             PET2 Running with ESMF Version   : 8.2.0 beta snapshot
20210410 055612.744 INFO             PET2 ESMF library build date/time: "Apr 10 2021" "04:27:18"
20210410 055612.744 INFO             PET2 ESMF library build location : /lustre/f2/dev/ncep/Mark.Potts/gfortran_8.3.0_mpi_g
20210410 055612.744 INFO             PET2 ESMF_COMM                   : mpi
20210410 055612.745 INFO             PET2 ESMF_MOAB                   : enabled
20210410 055612.745 INFO             PET2 ESMF_LAPACK                 : enabled
20210410 055612.745 INFO             PET2 ESMF_NETCDF                 : enabled
20210410 055612.745 INFO             PET2 ESMF_PNETCDF                : disabled
20210410 055612.745 INFO             PET2 ESMF_PIO                    : enabled
20210410 055612.745 INFO             PET2 ESMF_YAMLCPP                : enabled
20210410 055615.434 INFO             PET2  NUMBER_OF_PROCESSORS           4
20210410 055615.434 INFO             PET2  PASS  Example ESMF_FieldEx, ESMF_FieldEx.F90, line 996
20210410 055615.434 INFO             PET2 Finalizing ESMF
20210410 055612.745 INFO             PET3 !!!!!!!!!!!!!!!!!!!!!!!!!!!!!!!!!!!!!!!!!!!!!!!!!!!!!!
20210410 055612.745 INFO             PET3 !!! THE ESMF_LOG IS SET TO OUTPUT ALL LOG MESSAGES !!!
20210410 055612.745 INFO             PET3 !!!     THIS MAY CAUSE SLOWDOWN IN PERFORMANCE     !!!
20210410 055612.745 INFO             PET3 !!! FOR PRODUCTION RUNS, USE:                      !!!
20210410 055612.745 INFO             PET3 !!!                   ESMF_LOGKIND_Multi_On_Error  !!!
20210410 055612.745 INFO             PET3 !!!!!!!!!!!!!!!!!!!!!!!!!!!!!!!!!!!!!!!!!!!!!!!!!!!!!!
20210410 055612.745 INFO             PET3 Running with ESMF Version   : 8.2.0 beta snapshot
20210410 055612.745 INFO             PET3 ESMF library build date/time: "Apr 10 2021" "04:27:18"
20210410 055612.745 INFO             PET3 ESMF library build location : /lustre/f2/dev/ncep/Mark.Potts/gfortran_8.3.0_mpi_g
20210410 055612.745 INFO             PET3 ESMF_COMM                   : mpi
20210410 055612.745 INFO             PET3 ESMF_MOAB                   : enabled
20210410 055612.745 INFO             PET3 ESMF_LAPACK                 : enabled
20210410 055612.745 INFO             PET3 ESMF_NETCDF                 : enabled
20210410 055612.745 INFO             PET3 ESMF_PNETCDF                : disabled
20210410 055612.745 INFO             PET3 ESMF_PIO                    : enabled
20210410 055612.745 INFO             PET3 ESMF_YAMLCPP                : enabled
20210410 055615.434 INFO             PET3  NUMBER_OF_PROCESSORS           4
20210410 055615.434 INFO             PET3  PASS  Example ESMF_FieldEx, ESMF_FieldEx.F90, line 996
20210410 055615.434 INFO             PET3 Finalizing ESMF
