20210401 054949.656 INFO             PET0 !!!!!!!!!!!!!!!!!!!!!!!!!!!!!!!!!!!!!!!!!!!!!!!!!!!!!!
20210401 054949.657 INFO             PET0 !!! THE ESMF_LOG IS SET TO OUTPUT ALL LOG MESSAGES !!!
20210401 054949.657 INFO             PET0 !!!     THIS MAY CAUSE SLOWDOWN IN PERFORMANCE     !!!
20210401 054949.657 INFO             PET0 !!! FOR PRODUCTION RUNS, USE:                      !!!
20210401 054949.657 INFO             PET0 !!!                   ESMF_LOGKIND_Multi_On_Error  !!!
20210401 054949.657 INFO             PET0 !!!!!!!!!!!!!!!!!!!!!!!!!!!!!!!!!!!!!!!!!!!!!!!!!!!!!!
20210401 054949.657 INFO             PET0 Running with ESMF Version   : 8.2.0 beta snapshot
20210401 054949.657 INFO             PET0 ESMF library build date/time: "Apr  1 2021" "04:27:57"
20210401 054949.657 INFO             PET0 ESMF library build location : /lustre/f2/dev/ncep/Mark.Potts/gfortran_8.3.0_mpi_g
20210401 054949.657 INFO             PET0 ESMF_COMM                   : mpi
20210401 054949.657 INFO             PET0 ESMF_MOAB                   : enabled
20210401 054949.657 INFO             PET0 ESMF_LAPACK                 : enabled
20210401 054949.657 INFO             PET0 ESMF_NETCDF                 : enabled
20210401 054949.657 INFO             PET0 ESMF_PNETCDF                : disabled
20210401 054949.657 INFO             PET0 ESMF_PIO                    : enabled
20210401 054949.657 INFO             PET0 ESMF_YAMLCPP                : enabled
20210401 054949.668 INFO             PET0 ESMF_FieldRedistStoreNF(): Just entered routine.
20210401 054949.863 INFO             PET0 ESMF_FieldRedistStoreNF(): Leaving routine.
20210401 054949.885 INFO             PET0  NUMBER_OF_PROCESSORS           4
20210401 054949.885 INFO             PET0  PASS  Example ESMF_RHandleFromFileEx, ESMF_RHandleFromFileEx.F90, line 192
20210401 054949.885 INFO             PET0 Finalizing ESMF
20210401 054949.664 INFO             PET1 !!!!!!!!!!!!!!!!!!!!!!!!!!!!!!!!!!!!!!!!!!!!!!!!!!!!!!
20210401 054949.664 INFO             PET1 !!! THE ESMF_LOG IS SET TO OUTPUT ALL LOG MESSAGES !!!
20210401 054949.664 INFO             PET1 !!!     THIS MAY CAUSE SLOWDOWN IN PERFORMANCE     !!!
20210401 054949.664 INFO             PET1 !!! FOR PRODUCTION RUNS, USE:                      !!!
20210401 054949.664 INFO             PET1 !!!                   ESMF_LOGKIND_Multi_On_Error  !!!
20210401 054949.664 INFO             PET1 !!!!!!!!!!!!!!!!!!!!!!!!!!!!!!!!!!!!!!!!!!!!!!!!!!!!!!
20210401 054949.664 INFO             PET1 Running with ESMF Version   : 8.2.0 beta snapshot
20210401 054949.664 INFO             PET1 ESMF library build date/time: "Apr  1 2021" "04:27:57"
20210401 054949.664 INFO             PET1 ESMF library build location : /lustre/f2/dev/ncep/Mark.Potts/gfortran_8.3.0_mpi_g
20210401 054949.664 INFO             PET1 ESMF_COMM                   : mpi
20210401 054949.664 INFO             PET1 ESMF_MOAB                   : enabled
20210401 054949.664 INFO             PET1 ESMF_LAPACK                 : enabled
20210401 054949.664 INFO             PET1 ESMF_NETCDF                 : enabled
20210401 054949.664 INFO             PET1 ESMF_PNETCDF                : disabled
20210401 054949.664 INFO             PET1 ESMF_PIO                    : enabled
20210401 054949.664 INFO             PET1 ESMF_YAMLCPP                : enabled
20210401 054949.667 INFO             PET1 ESMF_FieldRedistStoreNF(): Just entered routine.
20210401 054949.863 INFO             PET1 ESMF_FieldRedistStoreNF(): Leaving routine.
20210401 054949.885 INFO             PET1  NUMBER_OF_PROCESSORS           4
20210401 054949.885 INFO             PET1  PASS  Example ESMF_RHandleFromFileEx, ESMF_RHandleFromFileEx.F90, line 192
20210401 054949.885 INFO             PET1 Finalizing ESMF
20210401 054949.664 INFO             PET2 !!!!!!!!!!!!!!!!!!!!!!!!!!!!!!!!!!!!!!!!!!!!!!!!!!!!!!
20210401 054949.664 INFO             PET2 !!! THE ESMF_LOG IS SET TO OUTPUT ALL LOG MESSAGES !!!
20210401 054949.664 INFO             PET2 !!!     THIS MAY CAUSE SLOWDOWN IN PERFORMANCE     !!!
20210401 054949.664 INFO             PET2 !!! FOR PRODUCTION RUNS, USE:                      !!!
20210401 054949.664 INFO             PET2 !!!                   ESMF_LOGKIND_Multi_On_Error  !!!
20210401 054949.664 INFO             PET2 !!!!!!!!!!!!!!!!!!!!!!!!!!!!!!!!!!!!!!!!!!!!!!!!!!!!!!
20210401 054949.664 INFO             PET2 Running with ESMF Version   : 8.2.0 beta snapshot
20210401 054949.664 INFO             PET2 ESMF library build date/time: "Apr  1 2021" "04:27:57"
20210401 054949.664 INFO             PET2 ESMF library build location : /lustre/f2/dev/ncep/Mark.Potts/gfortran_8.3.0_mpi_g
20210401 054949.664 INFO             PET2 ESMF_COMM                   : mpi
20210401 054949.665 INFO             PET2 ESMF_MOAB                   : enabled
20210401 054949.665 INFO             PET2 ESMF_LAPACK                 : enabled
20210401 054949.665 INFO             PET2 ESMF_NETCDF                 : enabled
20210401 054949.665 INFO             PET2 ESMF_PNETCDF                : disabled
20210401 054949.665 INFO             PET2 ESMF_PIO                    : enabled
20210401 054949.665 INFO             PET2 ESMF_YAMLCPP                : enabled
20210401 054949.667 INFO             PET2 ESMF_FieldRedistStoreNF(): Just entered routine.
20210401 054949.863 INFO             PET2 ESMF_FieldRedistStoreNF(): Leaving routine.
20210401 054949.885 INFO             PET2  NUMBER_OF_PROCESSORS           4
20210401 054949.885 INFO             PET2  PASS  Example ESMF_RHandleFromFileEx, ESMF_RHandleFromFileEx.F90, line 192
20210401 054949.885 INFO             PET2 Finalizing ESMF
20210401 054949.659 INFO             PET3 !!!!!!!!!!!!!!!!!!!!!!!!!!!!!!!!!!!!!!!!!!!!!!!!!!!!!!
20210401 054949.659 INFO             PET3 !!! THE ESMF_LOG IS SET TO OUTPUT ALL LOG MESSAGES !!!
20210401 054949.659 INFO             PET3 !!!     THIS MAY CAUSE SLOWDOWN IN PERFORMANCE     !!!
20210401 054949.659 INFO             PET3 !!! FOR PRODUCTION RUNS, USE:                      !!!
20210401 054949.659 INFO             PET3 !!!                   ESMF_LOGKIND_Multi_On_Error  !!!
20210401 054949.659 INFO             PET3 !!!!!!!!!!!!!!!!!!!!!!!!!!!!!!!!!!!!!!!!!!!!!!!!!!!!!!
20210401 054949.659 INFO             PET3 Running with ESMF Version   : 8.2.0 beta snapshot
20210401 054949.659 INFO             PET3 ESMF library build date/time: "Apr  1 2021" "04:27:57"
20210401 054949.659 INFO             PET3 ESMF library build location : /lustre/f2/dev/ncep/Mark.Potts/gfortran_8.3.0_mpi_g
20210401 054949.659 INFO             PET3 ESMF_COMM                   : mpi
20210401 054949.660 INFO             PET3 ESMF_MOAB                   : enabled
20210401 054949.660 INFO             PET3 ESMF_LAPACK                 : enabled
20210401 054949.660 INFO             PET3 ESMF_NETCDF                 : enabled
20210401 054949.660 INFO             PET3 ESMF_PNETCDF                : disabled
20210401 054949.660 INFO             PET3 ESMF_PIO                    : enabled
20210401 054949.660 INFO             PET3 ESMF_YAMLCPP                : enabled
20210401 054949.668 INFO             PET3 ESMF_FieldRedistStoreNF(): Just entered routine.
20210401 054949.863 INFO             PET3 ESMF_FieldRedistStoreNF(): Leaving routine.
20210401 054949.885 INFO             PET3  NUMBER_OF_PROCESSORS           4
20210401 054949.885 INFO             PET3  PASS  Example ESMF_RHandleFromFileEx, ESMF_RHandleFromFileEx.F90, line 192
20210401 054949.885 INFO             PET3 Finalizing ESMF
