20210412 055419.470 INFO             PET0 !!!!!!!!!!!!!!!!!!!!!!!!!!!!!!!!!!!!!!!!!!!!!!!!!!!!!!
20210412 055419.488 INFO             PET0 !!! THE ESMF_LOG IS SET TO OUTPUT ALL LOG MESSAGES !!!
20210412 055419.488 INFO             PET0 !!!     THIS MAY CAUSE SLOWDOWN IN PERFORMANCE     !!!
20210412 055419.488 INFO             PET0 !!! FOR PRODUCTION RUNS, USE:                      !!!
20210412 055419.489 INFO             PET0 !!!                   ESMF_LOGKIND_Multi_On_Error  !!!
20210412 055419.489 INFO             PET0 !!!!!!!!!!!!!!!!!!!!!!!!!!!!!!!!!!!!!!!!!!!!!!!!!!!!!!
20210412 055419.489 INFO             PET0 Running with ESMF Version   : 8.2.0 beta snapshot
20210412 055419.489 INFO             PET0 ESMF library build date/time: "Apr 12 2021" "04:28:20"
20210412 055419.489 INFO             PET0 ESMF library build location : /lustre/f2/dev/ncep/Mark.Potts/gfortran_8.3.0_mpi_g
20210412 055419.489 INFO             PET0 ESMF_COMM                   : mpi
20210412 055419.490 INFO             PET0 ESMF_MOAB                   : enabled
20210412 055419.490 INFO             PET0 ESMF_LAPACK                 : enabled
20210412 055419.490 INFO             PET0 ESMF_NETCDF                 : enabled
20210412 055419.490 INFO             PET0 ESMF_PNETCDF                : disabled
20210412 055419.490 INFO             PET0 ESMF_PIO                    : enabled
20210412 055419.490 INFO             PET0 ESMF_YAMLCPP                : enabled
20210412 055419.585 INFO             PET0 ESMF_FieldRedistStoreNF(): Just entered routine.
20210412 055419.611 INFO             PET0 ESMF_FieldRedistStoreNF(): Leaving routine.
20210412 055419.659 INFO             PET0 ESMF_FieldRedistStoreNF(): Just entered routine.
20210412 055419.660 INFO             PET0 ESMF_FieldRedistStoreNF(): Leaving routine.
20210412 055419.660 INFO             PET0 ESMF_FieldRedistStoreNF(): Just entered routine.
20210412 055419.661 INFO             PET0 ESMF_FieldRedistStoreNF(): Leaving routine.
20210412 055419.663 INFO             PET0  NUMBER_OF_PROCESSORS           4
20210412 055419.664 INFO             PET0  PASS  Example ESMF_FieldRedistEx, ESMF_FieldRedistEx.F90, line 521
20210412 055419.664 INFO             PET0 Finalizing ESMF
20210412 055419.478 INFO             PET1 !!!!!!!!!!!!!!!!!!!!!!!!!!!!!!!!!!!!!!!!!!!!!!!!!!!!!!
20210412 055419.488 INFO             PET1 !!! THE ESMF_LOG IS SET TO OUTPUT ALL LOG MESSAGES !!!
20210412 055419.488 INFO             PET1 !!!     THIS MAY CAUSE SLOWDOWN IN PERFORMANCE     !!!
20210412 055419.488 INFO             PET1 !!! FOR PRODUCTION RUNS, USE:                      !!!
20210412 055419.489 INFO             PET1 !!!                   ESMF_LOGKIND_Multi_On_Error  !!!
20210412 055419.489 INFO             PET1 !!!!!!!!!!!!!!!!!!!!!!!!!!!!!!!!!!!!!!!!!!!!!!!!!!!!!!
20210412 055419.489 INFO             PET1 Running with ESMF Version   : 8.2.0 beta snapshot
20210412 055419.489 INFO             PET1 ESMF library build date/time: "Apr 12 2021" "04:28:20"
20210412 055419.489 INFO             PET1 ESMF library build location : /lustre/f2/dev/ncep/Mark.Potts/gfortran_8.3.0_mpi_g
20210412 055419.489 INFO             PET1 ESMF_COMM                   : mpi
20210412 055419.490 INFO             PET1 ESMF_MOAB                   : enabled
20210412 055419.490 INFO             PET1 ESMF_LAPACK                 : enabled
20210412 055419.490 INFO             PET1 ESMF_NETCDF                 : enabled
20210412 055419.490 INFO             PET1 ESMF_PNETCDF                : disabled
20210412 055419.490 INFO             PET1 ESMF_PIO                    : enabled
20210412 055419.490 INFO             PET1 ESMF_YAMLCPP                : enabled
20210412 055419.585 INFO             PET1 ESMF_FieldRedistStoreNF(): Just entered routine.
20210412 055419.611 INFO             PET1 ESMF_FieldRedistStoreNF(): Leaving routine.
20210412 055419.659 INFO             PET1 ESMF_FieldRedistStoreNF(): Just entered routine.
20210412 055419.660 INFO             PET1 ESMF_FieldRedistStoreNF(): Leaving routine.
20210412 055419.660 INFO             PET1 ESMF_FieldRedistStoreNF(): Just entered routine.
20210412 055419.661 INFO             PET1 ESMF_FieldRedistStoreNF(): Leaving routine.
20210412 055419.663 INFO             PET1  NUMBER_OF_PROCESSORS           4
20210412 055419.664 INFO             PET1  PASS  Example ESMF_FieldRedistEx, ESMF_FieldRedistEx.F90, line 521
20210412 055419.664 INFO             PET1 Finalizing ESMF
20210412 055419.474 INFO             PET2 !!!!!!!!!!!!!!!!!!!!!!!!!!!!!!!!!!!!!!!!!!!!!!!!!!!!!!
20210412 055419.488 INFO             PET2 !!! THE ESMF_LOG IS SET TO OUTPUT ALL LOG MESSAGES !!!
20210412 055419.488 INFO             PET2 !!!     THIS MAY CAUSE SLOWDOWN IN PERFORMANCE     !!!
20210412 055419.488 INFO             PET2 !!! FOR PRODUCTION RUNS, USE:                      !!!
20210412 055419.489 INFO             PET2 !!!                   ESMF_LOGKIND_Multi_On_Error  !!!
20210412 055419.489 INFO             PET2 !!!!!!!!!!!!!!!!!!!!!!!!!!!!!!!!!!!!!!!!!!!!!!!!!!!!!!
20210412 055419.489 INFO             PET2 Running with ESMF Version   : 8.2.0 beta snapshot
20210412 055419.489 INFO             PET2 ESMF library build date/time: "Apr 12 2021" "04:28:20"
20210412 055419.489 INFO             PET2 ESMF library build location : /lustre/f2/dev/ncep/Mark.Potts/gfortran_8.3.0_mpi_g
20210412 055419.489 INFO             PET2 ESMF_COMM                   : mpi
20210412 055419.490 INFO             PET2 ESMF_MOAB                   : enabled
20210412 055419.490 INFO             PET2 ESMF_LAPACK                 : enabled
20210412 055419.490 INFO             PET2 ESMF_NETCDF                 : enabled
20210412 055419.490 INFO             PET2 ESMF_PNETCDF                : disabled
20210412 055419.490 INFO             PET2 ESMF_PIO                    : enabled
20210412 055419.490 INFO             PET2 ESMF_YAMLCPP                : enabled
20210412 055419.585 INFO             PET2 ESMF_FieldRedistStoreNF(): Just entered routine.
20210412 055419.611 INFO             PET2 ESMF_FieldRedistStoreNF(): Leaving routine.
20210412 055419.659 INFO             PET2 ESMF_FieldRedistStoreNF(): Just entered routine.
20210412 055419.660 INFO             PET2 ESMF_FieldRedistStoreNF(): Leaving routine.
20210412 055419.660 INFO             PET2 ESMF_FieldRedistStoreNF(): Just entered routine.
20210412 055419.661 INFO             PET2 ESMF_FieldRedistStoreNF(): Leaving routine.
20210412 055419.663 INFO             PET2  NUMBER_OF_PROCESSORS           4
20210412 055419.664 INFO             PET2  PASS  Example ESMF_FieldRedistEx, ESMF_FieldRedistEx.F90, line 521
20210412 055419.664 INFO             PET2 Finalizing ESMF
20210412 055419.482 INFO             PET3 !!!!!!!!!!!!!!!!!!!!!!!!!!!!!!!!!!!!!!!!!!!!!!!!!!!!!!
20210412 055419.488 INFO             PET3 !!! THE ESMF_LOG IS SET TO OUTPUT ALL LOG MESSAGES !!!
20210412 055419.488 INFO             PET3 !!!     THIS MAY CAUSE SLOWDOWN IN PERFORMANCE     !!!
20210412 055419.488 INFO             PET3 !!! FOR PRODUCTION RUNS, USE:                      !!!
20210412 055419.489 INFO             PET3 !!!                   ESMF_LOGKIND_Multi_On_Error  !!!
20210412 055419.489 INFO             PET3 !!!!!!!!!!!!!!!!!!!!!!!!!!!!!!!!!!!!!!!!!!!!!!!!!!!!!!
20210412 055419.489 INFO             PET3 Running with ESMF Version   : 8.2.0 beta snapshot
20210412 055419.489 INFO             PET3 ESMF library build date/time: "Apr 12 2021" "04:28:20"
20210412 055419.489 INFO             PET3 ESMF library build location : /lustre/f2/dev/ncep/Mark.Potts/gfortran_8.3.0_mpi_g
20210412 055419.489 INFO             PET3 ESMF_COMM                   : mpi
20210412 055419.490 INFO             PET3 ESMF_MOAB                   : enabled
20210412 055419.490 INFO             PET3 ESMF_LAPACK                 : enabled
20210412 055419.490 INFO             PET3 ESMF_NETCDF                 : enabled
20210412 055419.490 INFO             PET3 ESMF_PNETCDF                : disabled
20210412 055419.490 INFO             PET3 ESMF_PIO                    : enabled
20210412 055419.490 INFO             PET3 ESMF_YAMLCPP                : enabled
20210412 055419.585 INFO             PET3 ESMF_FieldRedistStoreNF(): Just entered routine.
20210412 055419.611 INFO             PET3 ESMF_FieldRedistStoreNF(): Leaving routine.
20210412 055419.659 INFO             PET3 ESMF_FieldRedistStoreNF(): Just entered routine.
20210412 055419.660 INFO             PET3 ESMF_FieldRedistStoreNF(): Leaving routine.
20210412 055419.660 INFO             PET3 ESMF_FieldRedistStoreNF(): Just entered routine.
20210412 055419.661 INFO             PET3 ESMF_FieldRedistStoreNF(): Leaving routine.
20210412 055419.663 INFO             PET3  NUMBER_OF_PROCESSORS           4
20210412 055419.664 INFO             PET3  PASS  Example ESMF_FieldRedistEx, ESMF_FieldRedistEx.F90, line 521
20210412 055419.664 INFO             PET3 Finalizing ESMF
