20210304 101742.933 INFO             PET0 !!!!!!!!!!!!!!!!!!!!!!!!!!!!!!!!!!!!!!!!!!!!!!!!!!!!!!
20210304 101742.948 INFO             PET0 !!! THE ESMF_LOG IS SET TO OUTPUT ALL LOG MESSAGES !!!
20210304 101742.948 INFO             PET0 !!!     THIS MAY CAUSE SLOWDOWN IN PERFORMANCE     !!!
20210304 101742.948 INFO             PET0 !!! FOR PRODUCTION RUNS, USE:                      !!!
20210304 101742.948 INFO             PET0 !!!                   ESMF_LOGKIND_Multi_On_Error  !!!
20210304 101742.948 INFO             PET0 !!!!!!!!!!!!!!!!!!!!!!!!!!!!!!!!!!!!!!!!!!!!!!!!!!!!!!
20210304 101742.948 INFO             PET0 Running with ESMF Version   : ESMF_8_1_0_beta_snapshot_47-21-gd58a3bea22
20210304 101742.949 INFO             PET0 ESMF library build date/time: "Mar  4 2021" "09:51:08"
20210304 101742.949 INFO             PET0 ESMF library build location : /gpfsm/dnb04/projects/p98/mpotts/esmf/gfortran_8.3.0_intelmpi_g
20210304 101742.949 INFO             PET0 ESMF_COMM                   : intelmpi
20210304 101742.950 INFO             PET0 ESMF_MOAB                   : enabled
20210304 101742.950 INFO             PET0 ESMF_LAPACK                 : enabled
20210304 101742.950 INFO             PET0 ESMF_NETCDF                 : disabled
20210304 101742.950 INFO             PET0 ESMF_PNETCDF                : disabled
20210304 101742.950 INFO             PET0 ESMF_PIO                    : enabled
20210304 101742.950 INFO             PET0 ESMF_YAMLCPP                : enabled
20210304 101742.957 INFO             PET0 Log Write 2
20210304 101742.957 ERROR            PET0 Invalid object  - Convergence failure
20210304 101742.957 ERROR            PET0 ESMCI_Fraction.C:1444 ESMCI::Fraction::validate() must have non-zero denominator.
20210304 101742.958 ERROR            PET0 ESMCI_Time.C:838 ESMCI::Time::syncToRealTime() Wrong argument specified  - ; calkindflag is JULIANDAY, MODJULIANDAY or NOCALENDAR.
20210304 101742.958 ERROR            PET0 ESMF_Time.F90:1485 ESMF_TimeSyncToRealTime() Wrong argument specified  - Internal subroutine call returned Error
20210304 101742.958 ERROR            PET0 Wrong argument specified  - getting wall clock time
20210304 101742.958 INFO             PET0  NUMBER_OF_PROCESSORS           4
20210304 101742.958 INFO             PET0  PASS  Example ESMF_LogErrEx, ESMF_LogErrEx.F90, line 186
20210304 101742.958 INFO             PET0 Finalizing ESMF
20210304 101742.932 INFO             PET1 !!!!!!!!!!!!!!!!!!!!!!!!!!!!!!!!!!!!!!!!!!!!!!!!!!!!!!
20210304 101742.948 INFO             PET1 !!! THE ESMF_LOG IS SET TO OUTPUT ALL LOG MESSAGES !!!
20210304 101742.948 INFO             PET1 !!!     THIS MAY CAUSE SLOWDOWN IN PERFORMANCE     !!!
20210304 101742.948 INFO             PET1 !!! FOR PRODUCTION RUNS, USE:                      !!!
20210304 101742.948 INFO             PET1 !!!                   ESMF_LOGKIND_Multi_On_Error  !!!
20210304 101742.948 INFO             PET1 !!!!!!!!!!!!!!!!!!!!!!!!!!!!!!!!!!!!!!!!!!!!!!!!!!!!!!
20210304 101742.948 INFO             PET1 Running with ESMF Version   : ESMF_8_1_0_beta_snapshot_47-21-gd58a3bea22
20210304 101742.949 INFO             PET1 ESMF library build date/time: "Mar  4 2021" "09:51:08"
20210304 101742.949 INFO             PET1 ESMF library build location : /gpfsm/dnb04/projects/p98/mpotts/esmf/gfortran_8.3.0_intelmpi_g
20210304 101742.949 INFO             PET1 ESMF_COMM                   : intelmpi
20210304 101742.950 INFO             PET1 ESMF_MOAB                   : enabled
20210304 101742.950 INFO             PET1 ESMF_LAPACK                 : enabled
20210304 101742.950 INFO             PET1 ESMF_NETCDF                 : disabled
20210304 101742.950 INFO             PET1 ESMF_PNETCDF                : disabled
20210304 101742.950 INFO             PET1 ESMF_PIO                    : enabled
20210304 101742.950 INFO             PET1 ESMF_YAMLCPP                : enabled
20210304 101742.957 INFO             PET1 Log Write 2
20210304 101742.957 ERROR            PET1 Invalid object  - Convergence failure
20210304 101742.957 ERROR            PET1 ESMCI_Fraction.C:1444 ESMCI::Fraction::validate() must have non-zero denominator.
20210304 101742.958 ERROR            PET1 ESMCI_Time.C:838 ESMCI::Time::syncToRealTime() Wrong argument specified  - ; calkindflag is JULIANDAY, MODJULIANDAY or NOCALENDAR.
20210304 101742.958 ERROR            PET1 ESMF_Time.F90:1485 ESMF_TimeSyncToRealTime() Wrong argument specified  - Internal subroutine call returned Error
20210304 101742.958 ERROR            PET1 Wrong argument specified  - getting wall clock time
20210304 101742.959 INFO             PET1  NUMBER_OF_PROCESSORS           4
20210304 101742.959 INFO             PET1  PASS  Example ESMF_LogErrEx, ESMF_LogErrEx.F90, line 186
20210304 101742.959 INFO             PET1 Finalizing ESMF
20210304 101742.933 INFO             PET2 !!!!!!!!!!!!!!!!!!!!!!!!!!!!!!!!!!!!!!!!!!!!!!!!!!!!!!
20210304 101742.948 INFO             PET2 !!! THE ESMF_LOG IS SET TO OUTPUT ALL LOG MESSAGES !!!
20210304 101742.948 INFO             PET2 !!!     THIS MAY CAUSE SLOWDOWN IN PERFORMANCE     !!!
20210304 101742.948 INFO             PET2 !!! FOR PRODUCTION RUNS, USE:                      !!!
20210304 101742.948 INFO             PET2 !!!                   ESMF_LOGKIND_Multi_On_Error  !!!
20210304 101742.948 INFO             PET2 !!!!!!!!!!!!!!!!!!!!!!!!!!!!!!!!!!!!!!!!!!!!!!!!!!!!!!
20210304 101742.948 INFO             PET2 Running with ESMF Version   : ESMF_8_1_0_beta_snapshot_47-21-gd58a3bea22
20210304 101742.949 INFO             PET2 ESMF library build date/time: "Mar  4 2021" "09:51:08"
20210304 101742.949 INFO             PET2 ESMF library build location : /gpfsm/dnb04/projects/p98/mpotts/esmf/gfortran_8.3.0_intelmpi_g
20210304 101742.949 INFO             PET2 ESMF_COMM                   : intelmpi
20210304 101742.950 INFO             PET2 ESMF_MOAB                   : enabled
20210304 101742.950 INFO             PET2 ESMF_LAPACK                 : enabled
20210304 101742.950 INFO             PET2 ESMF_NETCDF                 : disabled
20210304 101742.950 INFO             PET2 ESMF_PNETCDF                : disabled
20210304 101742.950 INFO             PET2 ESMF_PIO                    : enabled
20210304 101742.950 INFO             PET2 ESMF_YAMLCPP                : enabled
20210304 101742.957 INFO             PET2 Log Write 2
20210304 101742.957 ERROR            PET2 Invalid object  - Convergence failure
20210304 101742.957 ERROR            PET2 ESMCI_Fraction.C:1444 ESMCI::Fraction::validate() must have non-zero denominator.
20210304 101742.958 ERROR            PET2 ESMCI_Time.C:838 ESMCI::Time::syncToRealTime() Wrong argument specified  - ; calkindflag is JULIANDAY, MODJULIANDAY or NOCALENDAR.
20210304 101742.958 ERROR            PET2 ESMF_Time.F90:1485 ESMF_TimeSyncToRealTime() Wrong argument specified  - Internal subroutine call returned Error
20210304 101742.958 ERROR            PET2 Wrong argument specified  - getting wall clock time
20210304 101742.958 INFO             PET2  NUMBER_OF_PROCESSORS           4
20210304 101742.958 INFO             PET2  PASS  Example ESMF_LogErrEx, ESMF_LogErrEx.F90, line 186
20210304 101742.958 INFO             PET2 Finalizing ESMF
20210304 101742.932 INFO             PET3 !!!!!!!!!!!!!!!!!!!!!!!!!!!!!!!!!!!!!!!!!!!!!!!!!!!!!!
20210304 101742.948 INFO             PET3 !!! THE ESMF_LOG IS SET TO OUTPUT ALL LOG MESSAGES !!!
20210304 101742.948 INFO             PET3 !!!     THIS MAY CAUSE SLOWDOWN IN PERFORMANCE     !!!
20210304 101742.948 INFO             PET3 !!! FOR PRODUCTION RUNS, USE:                      !!!
20210304 101742.948 INFO             PET3 !!!                   ESMF_LOGKIND_Multi_On_Error  !!!
20210304 101742.948 INFO             PET3 !!!!!!!!!!!!!!!!!!!!!!!!!!!!!!!!!!!!!!!!!!!!!!!!!!!!!!
20210304 101742.948 INFO             PET3 Running with ESMF Version   : ESMF_8_1_0_beta_snapshot_47-21-gd58a3bea22
20210304 101742.949 INFO             PET3 ESMF library build date/time: "Mar  4 2021" "09:51:08"
20210304 101742.949 INFO             PET3 ESMF library build location : /gpfsm/dnb04/projects/p98/mpotts/esmf/gfortran_8.3.0_intelmpi_g
20210304 101742.949 INFO             PET3 ESMF_COMM                   : intelmpi
20210304 101742.950 INFO             PET3 ESMF_MOAB                   : enabled
20210304 101742.950 INFO             PET3 ESMF_LAPACK                 : enabled
20210304 101742.950 INFO             PET3 ESMF_NETCDF                 : disabled
20210304 101742.950 INFO             PET3 ESMF_PNETCDF                : disabled
20210304 101742.950 INFO             PET3 ESMF_PIO                    : enabled
20210304 101742.950 INFO             PET3 ESMF_YAMLCPP                : enabled
20210304 101742.957 INFO             PET3 Log Write 2
20210304 101742.957 ERROR            PET3 Invalid object  - Convergence failure
20210304 101742.957 ERROR            PET3 ESMCI_Fraction.C:1444 ESMCI::Fraction::validate() must have non-zero denominator.
20210304 101742.958 ERROR            PET3 ESMCI_Time.C:838 ESMCI::Time::syncToRealTime() Wrong argument specified  - ; calkindflag is JULIANDAY, MODJULIANDAY or NOCALENDAR.
20210304 101742.958 ERROR            PET3 ESMF_Time.F90:1485 ESMF_TimeSyncToRealTime() Wrong argument specified  - Internal subroutine call returned Error
20210304 101742.958 ERROR            PET3 Wrong argument specified  - getting wall clock time
20210304 101742.958 INFO             PET3  NUMBER_OF_PROCESSORS           4
20210304 101742.958 INFO             PET3  PASS  Example ESMF_LogErrEx, ESMF_LogErrEx.F90, line 186
20210304 101742.958 INFO             PET3 Finalizing ESMF
