 
Installing ESMF:
 
mkdir -p /project/esmf/bh_python/intel_20.0.1_mpiuni_g/DEFAULTINSTALLDIR/include
cp -f /project/esmf/bh_python/intel_20.0.1_mpiuni_g/src/include/ESMC.h /project/esmf/bh_python/intel_20.0.1_mpiuni_g/DEFAULTINSTALLDIR/include
cp -f /project/esmf/bh_python/intel_20.0.1_mpiuni_g/src/include/ESMC_*.h /project/esmf/bh_python/intel_20.0.1_mpiuni_g/DEFAULTINSTALLDIR/include
cp -f /project/esmf/bh_python/intel_20.0.1_mpiuni_g/build_config/Linux.intel.default/ESMC_Conf.h /project/esmf/bh_python/intel_20.0.1_mpiuni_g/DEFAULTINSTALLDIR/include
mkdir -p /project/esmf/bh_python/intel_20.0.1_mpiuni_g/DEFAULTINSTALLDIR/mod/modg/Linux.intel.64.mpiuni.default
cp -f /project/esmf/bh_python/intel_20.0.1_mpiuni_g/mod/modg/Linux.intel.64.mpiuni.default/*.mod /project/esmf/bh_python/intel_20.0.1_mpiuni_g/DEFAULTINSTALLDIR/mod/modg/Linux.intel.64.mpiuni.default
mkdir -p /project/esmf/bh_python/intel_20.0.1_mpiuni_g/DEFAULTINSTALLDIR/lib/libg/Linux.intel.64.mpiuni.default
cp -f /project/esmf/bh_python/intel_20.0.1_mpiuni_g/lib/libg/Linux.intel.64.mpiuni.default/libesmf*.* /project/esmf/bh_python/intel_20.0.1_mpiuni_g/DEFAULTINSTALLDIR/lib/libg/Linux.intel.64.mpiuni.default
make ESMF_PRELOADDIR=/project/esmf/bh_python/intel_20.0.1_mpiuni_g/DEFAULTINSTALLDIR/lib/libg/Linux.intel.64.mpiuni.default build_preload_script
make[1]: Entering directory `/project/esmf/bh_python/intel_20.0.1_mpiuni_g'
chmod 755 /project/esmf/bh_python/intel_20.0.1_mpiuni_g/DEFAULTINSTALLDIR/lib/libg/Linux.intel.64.mpiuni.default/preload.sh
make[1]: Leaving directory `/project/esmf/bh_python/intel_20.0.1_mpiuni_g'
ranlib /project/esmf/bh_python/intel_20.0.1_mpiuni_g/DEFAULTINSTALLDIR/lib/libg/Linux.intel.64.mpiuni.default/libesmf*.a
make install_apps
make[1]: Entering directory `/project/esmf/bh_python/intel_20.0.1_mpiuni_g'
mkdir -p /project/esmf/bh_python/intel_20.0.1_mpiuni_g/DEFAULTINSTALLDIR/bin/bing/Linux.intel.64.mpiuni.default
make build_apps ESMF_APPSDIR=/project/esmf/bh_python/intel_20.0.1_mpiuni_g/DEFAULTINSTALLDIR/bin/bing/Linux.intel.64.mpiuni.default ESMF_LDIR=/project/esmf/bh_python/intel_20.0.1_mpiuni_g/DEFAULTINSTALLDIR/lib/libg/Linux.intel.64.mpiuni.default ESMF_LIBDIR=/project/esmf/bh_python/intel_20.0.1_mpiuni_g/DEFAULTINSTALLDIR/lib/libg/Linux.intel.64.mpiuni.default ESMF_MODDIR=/project/esmf/bh_python/intel_20.0.1_mpiuni_g/DEFAULTINSTALLDIR/mod/modg/Linux.intel.64.mpiuni.default
make[2]: Entering directory `/project/esmf/bh_python/intel_20.0.1_mpiuni_g'
cd /project/esmf/bh_python/intel_20.0.1_mpiuni_g/src/apps; make ACTION=tree_build_apps tree
make[3]: Entering directory `/project/esmf/bh_python/intel_20.0.1_mpiuni_g/src/apps'
tree_build_apps in: /project/esmf/bh_python/intel_20.0.1_mpiuni_g/src/apps/ESMF_PrintInfo
make[4]: Entering directory `/project/esmf/bh_python/intel_20.0.1_mpiuni_g/src/apps/ESMF_PrintInfo'
make chkdir_locobj
make[5]: Entering directory `/project/esmf/bh_python/intel_20.0.1_mpiuni_g/src/apps/ESMF_PrintInfo'
Making directory /project/esmf/bh_python/intel_20.0.1_mpiuni_g/obj/objg/Linux.intel.64.mpiuni.default/src/apps/ESMF_PrintInfo for apps output
make[5]: Leaving directory `/project/esmf/bh_python/intel_20.0.1_mpiuni_g/src/apps/ESMF_PrintInfo'
ifort -c -g -traceback -check arg_temp_created,bounds,format,output_conversion,stack,uninit -fPIC -assume realloc_lhs -m64 -mcmodel=small -pthread -threads  -qopenmp -I/project/esmf/bh_python/intel_20.0.1_mpiuni_g/src/apps/ESMF_PrintInfo -I/project/esmf/bh_python/intel_20.0.1_mpiuni_g/build_config/Linux.intel.default -I/project/esmf/bh_python/intel_20.0.1_mpiuni_g/src/Infrastructure -I/project/esmf/bh_python/intel_20.0.1_mpiuni_g/src/Superstructure -I/project/esmf/bh_python/intel_20.0.1_mpiuni_g/DEFAULTINSTALLDIR/mod/modg/Linux.intel.64.mpiuni.default -I/project/esmf/bh_python/intel_20.0.1_mpiuni_g/src/include -I/usr/local/netcdf-c-4.6.1-f-4.4.4-intel-cluster-18.0.3/include -I/usr/local/netcdf-c-4.6.1-f-4.4.4-intel-cluster-18.0.3/include  -DESMF_NO_INTEGER_1_BYTE -DESMF_NO_INTEGER_2_BYTE -DESMFVERSIONGIT='"ESMF_8_1_0_beta_snapshot_47-21-gd58a3bea22"' -DESMF_MOAB=1 -DESMF_LAPACK=1 -DESMF_LAPACK_INTERNAL=1 -DESMF_NO_ACC_SOFTWARE_STACK=1 -DESMF_NETCDF=1 -DESMF_YAMLCPP=1 -DESMF_YAML=1 -DESMF_NO_OPENACC -DESMF_TESTEXHAUSTIVE -DESMF_BOPT_g -DESMF_TESTCOMPTUNNEL -DESMF_TESTWITHTHREADS -DSx86_64_small=1 -DESMF_OS_Linux=1 -DESMF_COMM=mpiuni -DESMF_DIR=/project/esmf/bh_python/intel_20.0.1_mpiuni_g -DESMF_MPIUNI ESMF_PrintInfo.F90 -o /project/esmf/bh_python/intel_20.0.1_mpiuni_g/obj/objg/Linux.intel.64.mpiuni.default/src/apps/ESMF_PrintInfo/ESMF_PrintInfo.o
make chkdir_apps
make[5]: Entering directory `/project/esmf/bh_python/intel_20.0.1_mpiuni_g/src/apps/ESMF_PrintInfo'
make[5]: Leaving directory `/project/esmf/bh_python/intel_20.0.1_mpiuni_g/src/apps/ESMF_PrintInfo'
ifort    -m64 -mcmodel=small -pthread -threads -Wl,--no-as-needed  -qopenmp -L/project/esmf/bh_python/intel_20.0.1_mpiuni_g/DEFAULTINSTALLDIR/lib/libg/Linux.intel.64.mpiuni.default -L/usr/local/netcdf-c-4.6.1-f-4.4.4-intel-cluster-18.0.3/lib -L/usr/local/netcdf-c-4.6.1-f-4.4.4-intel-cluster-18.0.3/lib -L/usr/local/hdf5-1.8.20-intel-cluster-18.03/lib -L/usr/local/netcdf-c-4.6.1-f-4.4.4-intel-cluster-18.0.3/lib  -Wl,-rpath,/project/esmf/bh_python/intel_20.0.1_mpiuni_g/DEFAULTINSTALLDIR/lib/libg/Linux.intel.64.mpiuni.default -Wl,-rpath,/usr/local/netcdf-c-4.6.1-f-4.4.4-intel-cluster-18.0.3/lib -Wl,-rpath,/usr/local/netcdf-c-4.6.1-f-4.4.4-intel-cluster-18.0.3/lib -Wl,-rpath,/usr/local/hdf5-1.8.20-intel-cluster-18.03/lib -Wl,-rpath,/usr/local/netcdf-c-4.6.1-f-4.4.4-intel-cluster-18.0.3/lib -o /project/esmf/bh_python/intel_20.0.1_mpiuni_g/DEFAULTINSTALLDIR/bin/bing/Linux.intel.64.mpiuni.default/ESMF_PrintInfo /project/esmf/bh_python/intel_20.0.1_mpiuni_g/obj/objg/Linux.intel.64.mpiuni.default/src/apps/ESMF_PrintInfo/ESMF_PrintInfo.o -lesmf  -cxxlib -lrt -ldl -lnetcdf -lnetcdff -lnetcdf -lnetcdf
make[4]: Leaving directory `/project/esmf/bh_python/intel_20.0.1_mpiuni_g/src/apps/ESMF_PrintInfo'
tree_build_apps in: /project/esmf/bh_python/intel_20.0.1_mpiuni_g/src/apps/ESMF_PrintInfoC
make[4]: Entering directory `/project/esmf/bh_python/intel_20.0.1_mpiuni_g/src/apps/ESMF_PrintInfoC'
make chkdir_locobj
make[5]: Entering directory `/project/esmf/bh_python/intel_20.0.1_mpiuni_g/src/apps/ESMF_PrintInfoC'
Making directory /project/esmf/bh_python/intel_20.0.1_mpiuni_g/obj/objg/Linux.intel.64.mpiuni.default/src/apps/ESMF_PrintInfoC for apps output
make[5]: Leaving directory `/project/esmf/bh_python/intel_20.0.1_mpiuni_g/src/apps/ESMF_PrintInfoC'
icpc -c -std=c++11 -g -traceback -Wcheck -fPIC -m64 -mcmodel=small -pthread  -qopenmp -I/project/esmf/bh_python/intel_20.0.1_mpiuni_g/src/apps/ESMF_PrintInfoC -I/project/esmf/bh_python/intel_20.0.1_mpiuni_g/src/apps/ESMF_PrintInfoC/../include -I/project/esmf/bh_python/intel_20.0.1_mpiuni_g/build_config/Linux.intel.default -I/project/esmf/bh_python/intel_20.0.1_mpiuni_g/src/Infrastructure -I/project/esmf/bh_python/intel_20.0.1_mpiuni_g/src/Superstructure -I/project/esmf/bh_python/intel_20.0.1_mpiuni_g/src/Infrastructure/stubs/pthread  -I/project/esmf/bh_python/intel_20.0.1_mpiuni_g/src/include  -I/usr/local/netcdf-c-4.6.1-f-4.4.4-intel-cluster-18.0.3/include -I/project/esmf/bh_python/intel_20.0.1_mpiuni_g/src/Infrastructure/stubs/mpiuni -I/project/esmf/bh_python/intel_20.0.1_mpiuni_g/src/prologue/yaml-cpp/include -DESMF_NO_INTEGER_1_BYTE -DESMF_NO_INTEGER_2_BYTE -DESMFVERSIONGIT='"ESMF_8_1_0_beta_snapshot_47-21-gd58a3bea22"' -DESMF_MOAB=1 -DESMF_LAPACK=1 -DESMF_LAPACK_INTERNAL=1 -DESMF_NO_ACC_SOFTWARE_STACK=1 -DESMF_NETCDF=1 -DESMF_YAMLCPP=1 -DESMF_YAML=1 -DESMF_NO_OPENACC -DESMF_TESTEXHAUSTIVE -DESMF_BOPT_g -DESMF_TESTCOMPTUNNEL -DESMF_TESTWITHTHREADS -DSx86_64_small=1 -DESMF_OS_Linux=1 -DESMF_COMM=mpiuni -DESMF_DIR=/project/esmf/bh_python/intel_20.0.1_mpiuni_g -D__SDIR__='"src/apps/ESMF_PrintInfoC"' -DESMF_CXXSTD=11 -DESMF_MPIUNI ESMF_PrintInfoC.c -o /project/esmf/bh_python/intel_20.0.1_mpiuni_g/obj/objg/Linux.intel.64.mpiuni.default/src/apps/ESMF_PrintInfoC/ESMF_PrintInfoC.o
make chkdir_apps
make[5]: Entering directory `/project/esmf/bh_python/intel_20.0.1_mpiuni_g/src/apps/ESMF_PrintInfoC'
make[5]: Leaving directory `/project/esmf/bh_python/intel_20.0.1_mpiuni_g/src/apps/ESMF_PrintInfoC'
icpc    -m64 -mcmodel=small -pthread -Wl,--no-as-needed  -qopenmp -L/project/esmf/bh_python/intel_20.0.1_mpiuni_g/DEFAULTINSTALLDIR/lib/libg/Linux.intel.64.mpiuni.default -L/usr/local/netcdf-c-4.6.1-f-4.4.4-intel-cluster-18.0.3/lib -L/usr/local/netcdf-c-4.6.1-f-4.4.4-intel-cluster-18.0.3/lib -L/usr/local/hdf5-1.8.20-intel-cluster-18.03/lib -L/usr/local/netcdf-c-4.6.1-f-4.4.4-intel-cluster-18.0.3/lib -L/usr/local/intel-cluster-20.0.1/compilers_and_libraries_2020.0.166/linux/compiler/lib/intel64_lin/ -Wl,-rpath,/project/esmf/bh_python/intel_20.0.1_mpiuni_g/DEFAULTINSTALLDIR/lib/libg/Linux.intel.64.mpiuni.default -Wl,-rpath,/usr/local/netcdf-c-4.6.1-f-4.4.4-intel-cluster-18.0.3/lib -Wl,-rpath,/usr/local/netcdf-c-4.6.1-f-4.4.4-intel-cluster-18.0.3/lib -Wl,-rpath,/usr/local/hdf5-1.8.20-intel-cluster-18.03/lib -Wl,-rpath,/usr/local/netcdf-c-4.6.1-f-4.4.4-intel-cluster-18.0.3/lib -Wl,-rpath,/usr/local/intel-cluster-20.0.1/compilers_and_libraries_2020.0.166/linux/compiler/lib/intel64_lin/ -o /project/esmf/bh_python/intel_20.0.1_mpiuni_g/DEFAULTINSTALLDIR/bin/bing/Linux.intel.64.mpiuni.default/ESMF_PrintInfoC /project/esmf/bh_python/intel_20.0.1_mpiuni_g/obj/objg/Linux.intel.64.mpiuni.default/src/apps/ESMF_PrintInfoC/ESMF_PrintInfoC.o -lesmf  -lifport -lifcoremt -limf -lsvml -lm -lipgo -liomp5 -lintlc -lpthread -lsvml -ldl -lgcc -lgcc_s -lirc_s -ldl -lrt -ldl -lnetcdf -lnetcdff -lnetcdf -lnetcdf
make[4]: Leaving directory `/project/esmf/bh_python/intel_20.0.1_mpiuni_g/src/apps/ESMF_PrintInfoC'
tree_build_apps in: /project/esmf/bh_python/intel_20.0.1_mpiuni_g/src/apps/ESMF_RegridWeightGen
make[4]: Entering directory `/project/esmf/bh_python/intel_20.0.1_mpiuni_g/src/apps/ESMF_RegridWeightGen'
make chkdir_locobj
make[5]: Entering directory `/project/esmf/bh_python/intel_20.0.1_mpiuni_g/src/apps/ESMF_RegridWeightGen'
Making directory /project/esmf/bh_python/intel_20.0.1_mpiuni_g/obj/objg/Linux.intel.64.mpiuni.default/src/apps/ESMF_RegridWeightGen for apps output
make[5]: Leaving directory `/project/esmf/bh_python/intel_20.0.1_mpiuni_g/src/apps/ESMF_RegridWeightGen'
ifort -c -g -traceback -check arg_temp_created,bounds,format,output_conversion,stack,uninit -fPIC -assume realloc_lhs -m64 -mcmodel=small -pthread -threads  -qopenmp -I/project/esmf/bh_python/intel_20.0.1_mpiuni_g/src/apps/ESMF_RegridWeightGen -I/project/esmf/bh_python/intel_20.0.1_mpiuni_g/build_config/Linux.intel.default -I/project/esmf/bh_python/intel_20.0.1_mpiuni_g/src/Infrastructure -I/project/esmf/bh_python/intel_20.0.1_mpiuni_g/src/Superstructure -I/project/esmf/bh_python/intel_20.0.1_mpiuni_g/DEFAULTINSTALLDIR/mod/modg/Linux.intel.64.mpiuni.default -I/project/esmf/bh_python/intel_20.0.1_mpiuni_g/src/include -I/usr/local/netcdf-c-4.6.1-f-4.4.4-intel-cluster-18.0.3/include -I/usr/local/netcdf-c-4.6.1-f-4.4.4-intel-cluster-18.0.3/include  -DESMF_NO_INTEGER_1_BYTE -DESMF_NO_INTEGER_2_BYTE -DESMFVERSIONGIT='"ESMF_8_1_0_beta_snapshot_47-21-gd58a3bea22"' -DESMF_MOAB=1 -DESMF_LAPACK=1 -DESMF_LAPACK_INTERNAL=1 -DESMF_NO_ACC_SOFTWARE_STACK=1 -DESMF_NETCDF=1 -DESMF_YAMLCPP=1 -DESMF_YAML=1 -DESMF_NO_OPENACC -DESMF_TESTEXHAUSTIVE -DESMF_BOPT_g -DESMF_TESTCOMPTUNNEL -DESMF_TESTWITHTHREADS -DSx86_64_small=1 -DESMF_OS_Linux=1 -DESMF_COMM=mpiuni -DESMF_DIR=/project/esmf/bh_python/intel_20.0.1_mpiuni_g -DESMF_MPIUNI ESMF_RegridWeightGen.F90 -o /project/esmf/bh_python/intel_20.0.1_mpiuni_g/obj/objg/Linux.intel.64.mpiuni.default/src/apps/ESMF_RegridWeightGen/ESMF_RegridWeightGen.o
make chkdir_apps
make[5]: Entering directory `/project/esmf/bh_python/intel_20.0.1_mpiuni_g/src/apps/ESMF_RegridWeightGen'
make[5]: Leaving directory `/project/esmf/bh_python/intel_20.0.1_mpiuni_g/src/apps/ESMF_RegridWeightGen'
ifort    -m64 -mcmodel=small -pthread -threads -Wl,--no-as-needed  -qopenmp -L/project/esmf/bh_python/intel_20.0.1_mpiuni_g/DEFAULTINSTALLDIR/lib/libg/Linux.intel.64.mpiuni.default -L/usr/local/netcdf-c-4.6.1-f-4.4.4-intel-cluster-18.0.3/lib -L/usr/local/netcdf-c-4.6.1-f-4.4.4-intel-cluster-18.0.3/lib -L/usr/local/hdf5-1.8.20-intel-cluster-18.03/lib -L/usr/local/netcdf-c-4.6.1-f-4.4.4-intel-cluster-18.0.3/lib  -Wl,-rpath,/project/esmf/bh_python/intel_20.0.1_mpiuni_g/DEFAULTINSTALLDIR/lib/libg/Linux.intel.64.mpiuni.default -Wl,-rpath,/usr/local/netcdf-c-4.6.1-f-4.4.4-intel-cluster-18.0.3/lib -Wl,-rpath,/usr/local/netcdf-c-4.6.1-f-4.4.4-intel-cluster-18.0.3/lib -Wl,-rpath,/usr/local/hdf5-1.8.20-intel-cluster-18.03/lib -Wl,-rpath,/usr/local/netcdf-c-4.6.1-f-4.4.4-intel-cluster-18.0.3/lib -o /project/esmf/bh_python/intel_20.0.1_mpiuni_g/DEFAULTINSTALLDIR/bin/bing/Linux.intel.64.mpiuni.default/ESMF_RegridWeightGen /project/esmf/bh_python/intel_20.0.1_mpiuni_g/obj/objg/Linux.intel.64.mpiuni.default/src/apps/ESMF_RegridWeightGen/ESMF_RegridWeightGen.o -lesmf  -cxxlib -lrt -ldl -lnetcdf -lnetcdff -lnetcdf -lnetcdf
make[4]: Leaving directory `/project/esmf/bh_python/intel_20.0.1_mpiuni_g/src/apps/ESMF_RegridWeightGen'
tree_build_apps in: /project/esmf/bh_python/intel_20.0.1_mpiuni_g/src/apps/ESMF_WebServController
make[4]: Entering directory `/project/esmf/bh_python/intel_20.0.1_mpiuni_g/src/apps/ESMF_WebServController'
make chkdir_locobj
make[5]: Entering directory `/project/esmf/bh_python/intel_20.0.1_mpiuni_g/src/apps/ESMF_WebServController'
Making directory /project/esmf/bh_python/intel_20.0.1_mpiuni_g/obj/objg/Linux.intel.64.mpiuni.default/src/apps/ESMF_WebServController for apps output
make[5]: Leaving directory `/project/esmf/bh_python/intel_20.0.1_mpiuni_g/src/apps/ESMF_WebServController'
icpc -c -std=c++11 -g -traceback -Wcheck -fPIC -m64 -mcmodel=small -pthread  -qopenmp -I/project/esmf/bh_python/intel_20.0.1_mpiuni_g/src/apps/ESMF_WebServController -I/project/esmf/bh_python/intel_20.0.1_mpiuni_g/src/apps/ESMF_WebServController/../include -I/project/esmf/bh_python/intel_20.0.1_mpiuni_g/build_config/Linux.intel.default -I/project/esmf/bh_python/intel_20.0.1_mpiuni_g/src/Infrastructure -I/project/esmf/bh_python/intel_20.0.1_mpiuni_g/src/Superstructure -I/project/esmf/bh_python/intel_20.0.1_mpiuni_g/src/Infrastructure/stubs/pthread  -I/project/esmf/bh_python/intel_20.0.1_mpiuni_g/src/include  -I/usr/local/netcdf-c-4.6.1-f-4.4.4-intel-cluster-18.0.3/include -I/project/esmf/bh_python/intel_20.0.1_mpiuni_g/src/Infrastructure/stubs/mpiuni -I/project/esmf/bh_python/intel_20.0.1_mpiuni_g/src/prologue/yaml-cpp/include -DESMF_NO_INTEGER_1_BYTE -DESMF_NO_INTEGER_2_BYTE -DESMFVERSIONGIT='"ESMF_8_1_0_beta_snapshot_47-21-gd58a3bea22"' -DESMF_MOAB=1 -DESMF_LAPACK=1 -DESMF_LAPACK_INTERNAL=1 -DESMF_NO_ACC_SOFTWARE_STACK=1 -DESMF_NETCDF=1 -DESMF_YAMLCPP=1 -DESMF_YAML=1 -DESMF_NO_OPENACC -DESMF_TESTEXHAUSTIVE -DESMF_BOPT_g -DESMF_TESTCOMPTUNNEL -DESMF_TESTWITHTHREADS -DSx86_64_small=1 -DESMF_OS_Linux=1 -DESMF_COMM=mpiuni -DESMF_DIR=/project/esmf/bh_python/intel_20.0.1_mpiuni_g -D__SDIR__='"src/apps/ESMF_WebServController"' -DESMF_CXXSTD=11 -DESMF_MPIUNI ESMF_WebServController.C -o /project/esmf/bh_python/intel_20.0.1_mpiuni_g/obj/objg/Linux.intel.64.mpiuni.default/src/apps/ESMF_WebServController/ESMF_WebServController.o
make chkdir_apps
make[5]: Entering directory `/project/esmf/bh_python/intel_20.0.1_mpiuni_g/src/apps/ESMF_WebServController'
make[5]: Leaving directory `/project/esmf/bh_python/intel_20.0.1_mpiuni_g/src/apps/ESMF_WebServController'
icpc    -m64 -mcmodel=small -pthread -Wl,--no-as-needed  -qopenmp -L/project/esmf/bh_python/intel_20.0.1_mpiuni_g/DEFAULTINSTALLDIR/lib/libg/Linux.intel.64.mpiuni.default -L/usr/local/netcdf-c-4.6.1-f-4.4.4-intel-cluster-18.0.3/lib -L/usr/local/netcdf-c-4.6.1-f-4.4.4-intel-cluster-18.0.3/lib -L/usr/local/hdf5-1.8.20-intel-cluster-18.03/lib -L/usr/local/netcdf-c-4.6.1-f-4.4.4-intel-cluster-18.0.3/lib -L/usr/local/intel-cluster-20.0.1/compilers_and_libraries_2020.0.166/linux/compiler/lib/intel64_lin/ -Wl,-rpath,/project/esmf/bh_python/intel_20.0.1_mpiuni_g/DEFAULTINSTALLDIR/lib/libg/Linux.intel.64.mpiuni.default -Wl,-rpath,/usr/local/netcdf-c-4.6.1-f-4.4.4-intel-cluster-18.0.3/lib -Wl,-rpath,/usr/local/netcdf-c-4.6.1-f-4.4.4-intel-cluster-18.0.3/lib -Wl,-rpath,/usr/local/hdf5-1.8.20-intel-cluster-18.03/lib -Wl,-rpath,/usr/local/netcdf-c-4.6.1-f-4.4.4-intel-cluster-18.0.3/lib -Wl,-rpath,/usr/local/intel-cluster-20.0.1/compilers_and_libraries_2020.0.166/linux/compiler/lib/intel64_lin/ -o /project/esmf/bh_python/intel_20.0.1_mpiuni_g/DEFAULTINSTALLDIR/bin/bing/Linux.intel.64.mpiuni.default/ESMF_WebServController /project/esmf/bh_python/intel_20.0.1_mpiuni_g/obj/objg/Linux.intel.64.mpiuni.default/src/apps/ESMF_WebServController/ESMF_WebServController.o -lesmf  -lifport -lifcoremt -limf -lsvml -lm -lipgo -liomp5 -lintlc -lpthread -lsvml -ldl -lgcc -lgcc_s -lirc_s -ldl -lrt -ldl -lnetcdf -lnetcdff -lnetcdf -lnetcdf
make[4]: Leaving directory `/project/esmf/bh_python/intel_20.0.1_mpiuni_g/src/apps/ESMF_WebServController'
tree_build_apps in: /project/esmf/bh_python/intel_20.0.1_mpiuni_g/src/apps/ESMF_Scrip2Unstruct
make[4]: Entering directory `/project/esmf/bh_python/intel_20.0.1_mpiuni_g/src/apps/ESMF_Scrip2Unstruct'
make chkdir_locobj
make[5]: Entering directory `/project/esmf/bh_python/intel_20.0.1_mpiuni_g/src/apps/ESMF_Scrip2Unstruct'
Making directory /project/esmf/bh_python/intel_20.0.1_mpiuni_g/obj/objg/Linux.intel.64.mpiuni.default/src/apps/ESMF_Scrip2Unstruct for apps output
make[5]: Leaving directory `/project/esmf/bh_python/intel_20.0.1_mpiuni_g/src/apps/ESMF_Scrip2Unstruct'
icpc -c -std=c++11 -g -traceback -Wcheck -fPIC -m64 -mcmodel=small -pthread  -qopenmp -I/project/esmf/bh_python/intel_20.0.1_mpiuni_g/src/apps/ESMF_Scrip2Unstruct -I/project/esmf/bh_python/intel_20.0.1_mpiuni_g/src/apps/ESMF_Scrip2Unstruct/../include -I/project/esmf/bh_python/intel_20.0.1_mpiuni_g/build_config/Linux.intel.default -I/project/esmf/bh_python/intel_20.0.1_mpiuni_g/src/Infrastructure -I/project/esmf/bh_python/intel_20.0.1_mpiuni_g/src/Superstructure -I/project/esmf/bh_python/intel_20.0.1_mpiuni_g/src/Infrastructure/stubs/pthread  -I/project/esmf/bh_python/intel_20.0.1_mpiuni_g/src/include  -I/usr/local/netcdf-c-4.6.1-f-4.4.4-intel-cluster-18.0.3/include -I/project/esmf/bh_python/intel_20.0.1_mpiuni_g/src/Infrastructure/stubs/mpiuni -I/project/esmf/bh_python/intel_20.0.1_mpiuni_g/src/prologue/yaml-cpp/include -DESMF_NO_INTEGER_1_BYTE -DESMF_NO_INTEGER_2_BYTE -DESMFVERSIONGIT='"ESMF_8_1_0_beta_snapshot_47-21-gd58a3bea22"' -DESMF_MOAB=1 -DESMF_LAPACK=1 -DESMF_LAPACK_INTERNAL=1 -DESMF_NO_ACC_SOFTWARE_STACK=1 -DESMF_NETCDF=1 -DESMF_YAMLCPP=1 -DESMF_YAML=1 -DESMF_NO_OPENACC -DESMF_TESTEXHAUSTIVE -DESMF_BOPT_g -DESMF_TESTCOMPTUNNEL -DESMF_TESTWITHTHREADS -DSx86_64_small=1 -DESMF_OS_Linux=1 -DESMF_COMM=mpiuni -DESMF_DIR=/project/esmf/bh_python/intel_20.0.1_mpiuni_g -D__SDIR__='"src/apps/ESMF_Scrip2Unstruct"' -DESMF_CXXSTD=11 -DESMF_MPIUNI ESMF_Scrip2Unstruct.C -o /project/esmf/bh_python/intel_20.0.1_mpiuni_g/obj/objg/Linux.intel.64.mpiuni.default/src/apps/ESMF_Scrip2Unstruct/ESMF_Scrip2Unstruct.o
ESMF_Scrip2Unstruct.C(582): warning #2259: non-pointer conversion from "int" to "char" may lose significant bits
      units[i]=tolower(units[i]);
              ^

ESMF_Scrip2Unstruct.C(839): warning #2259: non-pointer conversion from "int" to "char" may lose significant bits
  	    units[i]=tolower(units[i]);
  	            ^

ESMF_Scrip2Unstruct.C(968): warning #2259: non-pointer conversion from "int" to "char" may lose significant bits
        units[i]=tolower(units[i]);
                ^

make chkdir_apps
make[5]: Entering directory `/project/esmf/bh_python/intel_20.0.1_mpiuni_g/src/apps/ESMF_Scrip2Unstruct'
make[5]: Leaving directory `/project/esmf/bh_python/intel_20.0.1_mpiuni_g/src/apps/ESMF_Scrip2Unstruct'
icpc    -m64 -mcmodel=small -pthread -Wl,--no-as-needed  -qopenmp -L/project/esmf/bh_python/intel_20.0.1_mpiuni_g/DEFAULTINSTALLDIR/lib/libg/Linux.intel.64.mpiuni.default -L/usr/local/netcdf-c-4.6.1-f-4.4.4-intel-cluster-18.0.3/lib -L/usr/local/netcdf-c-4.6.1-f-4.4.4-intel-cluster-18.0.3/lib -L/usr/local/hdf5-1.8.20-intel-cluster-18.03/lib -L/usr/local/netcdf-c-4.6.1-f-4.4.4-intel-cluster-18.0.3/lib -L/usr/local/intel-cluster-20.0.1/compilers_and_libraries_2020.0.166/linux/compiler/lib/intel64_lin/ -Wl,-rpath,/project/esmf/bh_python/intel_20.0.1_mpiuni_g/DEFAULTINSTALLDIR/lib/libg/Linux.intel.64.mpiuni.default -Wl,-rpath,/usr/local/netcdf-c-4.6.1-f-4.4.4-intel-cluster-18.0.3/lib -Wl,-rpath,/usr/local/netcdf-c-4.6.1-f-4.4.4-intel-cluster-18.0.3/lib -Wl,-rpath,/usr/local/hdf5-1.8.20-intel-cluster-18.03/lib -Wl,-rpath,/usr/local/netcdf-c-4.6.1-f-4.4.4-intel-cluster-18.0.3/lib -Wl,-rpath,/usr/local/intel-cluster-20.0.1/compilers_and_libraries_2020.0.166/linux/compiler/lib/intel64_lin/ -o /project/esmf/bh_python/intel_20.0.1_mpiuni_g/DEFAULTINSTALLDIR/bin/bing/Linux.intel.64.mpiuni.default/ESMF_Scrip2Unstruct /project/esmf/bh_python/intel_20.0.1_mpiuni_g/obj/objg/Linux.intel.64.mpiuni.default/src/apps/ESMF_Scrip2Unstruct/ESMF_Scrip2Unstruct.o -lesmf  -lifport -lifcoremt -limf -lsvml -lm -lipgo -liomp5 -lintlc -lpthread -lsvml -ldl -lgcc -lgcc_s -lirc_s -ldl -lrt -ldl -lnetcdf -lnetcdff -lnetcdf -lnetcdf
make[4]: Leaving directory `/project/esmf/bh_python/intel_20.0.1_mpiuni_g/src/apps/ESMF_Scrip2Unstruct'
tree_build_apps in: /project/esmf/bh_python/intel_20.0.1_mpiuni_g/src/apps/ESMF_Regrid
make[4]: Entering directory `/project/esmf/bh_python/intel_20.0.1_mpiuni_g/src/apps/ESMF_Regrid'
make chkdir_locobj
make[5]: Entering directory `/project/esmf/bh_python/intel_20.0.1_mpiuni_g/src/apps/ESMF_Regrid'
Making directory /project/esmf/bh_python/intel_20.0.1_mpiuni_g/obj/objg/Linux.intel.64.mpiuni.default/src/apps/ESMF_Regrid for apps output
make[5]: Leaving directory `/project/esmf/bh_python/intel_20.0.1_mpiuni_g/src/apps/ESMF_Regrid'
ifort -c -g -traceback -check arg_temp_created,bounds,format,output_conversion,stack,uninit -fPIC -assume realloc_lhs -m64 -mcmodel=small -pthread -threads  -qopenmp -I/project/esmf/bh_python/intel_20.0.1_mpiuni_g/src/apps/ESMF_Regrid -I/project/esmf/bh_python/intel_20.0.1_mpiuni_g/build_config/Linux.intel.default -I/project/esmf/bh_python/intel_20.0.1_mpiuni_g/src/Infrastructure -I/project/esmf/bh_python/intel_20.0.1_mpiuni_g/src/Superstructure -I/project/esmf/bh_python/intel_20.0.1_mpiuni_g/DEFAULTINSTALLDIR/mod/modg/Linux.intel.64.mpiuni.default -I/project/esmf/bh_python/intel_20.0.1_mpiuni_g/src/include -I/usr/local/netcdf-c-4.6.1-f-4.4.4-intel-cluster-18.0.3/include -I/usr/local/netcdf-c-4.6.1-f-4.4.4-intel-cluster-18.0.3/include  -DESMF_NO_INTEGER_1_BYTE -DESMF_NO_INTEGER_2_BYTE -DESMFVERSIONGIT='"ESMF_8_1_0_beta_snapshot_47-21-gd58a3bea22"' -DESMF_MOAB=1 -DESMF_LAPACK=1 -DESMF_LAPACK_INTERNAL=1 -DESMF_NO_ACC_SOFTWARE_STACK=1 -DESMF_NETCDF=1 -DESMF_YAMLCPP=1 -DESMF_YAML=1 -DESMF_NO_OPENACC -DESMF_TESTEXHAUSTIVE -DESMF_BOPT_g -DESMF_TESTCOMPTUNNEL -DESMF_TESTWITHTHREADS -DSx86_64_small=1 -DESMF_OS_Linux=1 -DESMF_COMM=mpiuni -DESMF_DIR=/project/esmf/bh_python/intel_20.0.1_mpiuni_g -DESMF_MPIUNI ESMF_Regrid.F90 -o /project/esmf/bh_python/intel_20.0.1_mpiuni_g/obj/objg/Linux.intel.64.mpiuni.default/src/apps/ESMF_Regrid/ESMF_Regrid.o
make chkdir_apps
make[5]: Entering directory `/project/esmf/bh_python/intel_20.0.1_mpiuni_g/src/apps/ESMF_Regrid'
make[5]: Leaving directory `/project/esmf/bh_python/intel_20.0.1_mpiuni_g/src/apps/ESMF_Regrid'
ifort    -m64 -mcmodel=small -pthread -threads -Wl,--no-as-needed  -qopenmp -L/project/esmf/bh_python/intel_20.0.1_mpiuni_g/DEFAULTINSTALLDIR/lib/libg/Linux.intel.64.mpiuni.default -L/usr/local/netcdf-c-4.6.1-f-4.4.4-intel-cluster-18.0.3/lib -L/usr/local/netcdf-c-4.6.1-f-4.4.4-intel-cluster-18.0.3/lib -L/usr/local/hdf5-1.8.20-intel-cluster-18.03/lib -L/usr/local/netcdf-c-4.6.1-f-4.4.4-intel-cluster-18.0.3/lib  -Wl,-rpath,/project/esmf/bh_python/intel_20.0.1_mpiuni_g/DEFAULTINSTALLDIR/lib/libg/Linux.intel.64.mpiuni.default -Wl,-rpath,/usr/local/netcdf-c-4.6.1-f-4.4.4-intel-cluster-18.0.3/lib -Wl,-rpath,/usr/local/netcdf-c-4.6.1-f-4.4.4-intel-cluster-18.0.3/lib -Wl,-rpath,/usr/local/hdf5-1.8.20-intel-cluster-18.03/lib -Wl,-rpath,/usr/local/netcdf-c-4.6.1-f-4.4.4-intel-cluster-18.0.3/lib -o /project/esmf/bh_python/intel_20.0.1_mpiuni_g/DEFAULTINSTALLDIR/bin/bing/Linux.intel.64.mpiuni.default/ESMF_Regrid /project/esmf/bh_python/intel_20.0.1_mpiuni_g/obj/objg/Linux.intel.64.mpiuni.default/src/apps/ESMF_Regrid/ESMF_Regrid.o -lesmf  -cxxlib -lrt -ldl -lnetcdf -lnetcdff -lnetcdf -lnetcdf
make[4]: Leaving directory `/project/esmf/bh_python/intel_20.0.1_mpiuni_g/src/apps/ESMF_Regrid'
make[3]: Leaving directory `/project/esmf/bh_python/intel_20.0.1_mpiuni_g/src/apps'
ESMF apps built successfully.
make[2]: Leaving directory `/project/esmf/bh_python/intel_20.0.1_mpiuni_g'
make[1]: Leaving directory `/project/esmf/bh_python/intel_20.0.1_mpiuni_g'
mkdir -p /project/esmf/bh_python/intel_20.0.1_mpiuni_g/DEFAULTINSTALLDIR/doc
make install_info_mk
make[1]: Entering directory `/project/esmf/bh_python/intel_20.0.1_mpiuni_g'
make info_mk ESMF_APPSDIR=/project/esmf/bh_python/intel_20.0.1_mpiuni_g/DEFAULTINSTALLDIR/bin/bing/Linux.intel.64.mpiuni.default ESMF_LDIR=/project/esmf/bh_python/intel_20.0.1_mpiuni_g/DEFAULTINSTALLDIR/lib/libg/Linux.intel.64.mpiuni.default ESMF_LIBDIR=/project/esmf/bh_python/intel_20.0.1_mpiuni_g/DEFAULTINSTALLDIR/lib/libg/Linux.intel.64.mpiuni.default ESMF_MODDIR=/project/esmf/bh_python/intel_20.0.1_mpiuni_g/DEFAULTINSTALLDIR/mod/modg/Linux.intel.64.mpiuni.default ESMF_INCDIR=/project/esmf/bh_python/intel_20.0.1_mpiuni_g/DEFAULTINSTALLDIR/include
make[2]: Entering directory `/project/esmf/bh_python/intel_20.0.1_mpiuni_g'
make[2]: Leaving directory `/project/esmf/bh_python/intel_20.0.1_mpiuni_g'
make[1]: Leaving directory `/project/esmf/bh_python/intel_20.0.1_mpiuni_g'
 
ESMF installation complete.
 
