20210304 062702.935 INFO             PET0 !!!!!!!!!!!!!!!!!!!!!!!!!!!!!!!!!!!!!!!!!!!!!!!!!!!!!!
20210304 062702.935 INFO             PET0 !!! THE ESMF_LOG IS SET TO OUTPUT ALL LOG MESSAGES !!!
20210304 062702.935 INFO             PET0 !!!     THIS MAY CAUSE SLOWDOWN IN PERFORMANCE     !!!
20210304 062702.935 INFO             PET0 !!! FOR PRODUCTION RUNS, USE:                      !!!
20210304 062702.935 INFO             PET0 !!!                   ESMF_LOGKIND_Multi_On_Error  !!!
20210304 062702.935 INFO             PET0 !!!!!!!!!!!!!!!!!!!!!!!!!!!!!!!!!!!!!!!!!!!!!!!!!!!!!!
20210304 062702.935 INFO             PET0 Running with ESMF Version   : ESMF_8_1_0_beta_snapshot_47-21-gd58a3be
20210304 062702.935 INFO             PET0 ESMF library build date/time: "Mar  4 2021" "06:07:55"
20210304 062702.935 INFO             PET0 ESMF library build location : /glade/scratch/mpotts/gfortran_10.1.0_openmpi_O
20210304 062702.935 INFO             PET0 ESMF_COMM                   : openmpi
20210304 062702.935 INFO             PET0 ESMF_MOAB                   : enabled
20210304 062702.935 INFO             PET0 ESMF_LAPACK                 : enabled
20210304 062702.935 INFO             PET0 ESMF_NETCDF                 : enabled
20210304 062702.935 INFO             PET0 ESMF_PNETCDF                : disabled
20210304 062702.935 INFO             PET0 ESMF_PIO                    : enabled
20210304 062702.935 INFO             PET0 ESMF_YAMLCPP                : enabled
20210304 062702.962 INFO             PET0  NUMBER_OF_PROCESSORS           4
20210304 062702.962 INFO             PET0  PASS  Example ESMF_RHandleDynamicMaskingEx, ESMF_RHandleDynamicMaskingEx.F90, line 1116
20210304 062702.962 INFO             PET0 Finalizing ESMF
20210304 062702.935 INFO             PET1 !!!!!!!!!!!!!!!!!!!!!!!!!!!!!!!!!!!!!!!!!!!!!!!!!!!!!!
20210304 062702.935 INFO             PET1 !!! THE ESMF_LOG IS SET TO OUTPUT ALL LOG MESSAGES !!!
20210304 062702.935 INFO             PET1 !!!     THIS MAY CAUSE SLOWDOWN IN PERFORMANCE     !!!
20210304 062702.935 INFO             PET1 !!! FOR PRODUCTION RUNS, USE:                      !!!
20210304 062702.935 INFO             PET1 !!!                   ESMF_LOGKIND_Multi_On_Error  !!!
20210304 062702.935 INFO             PET1 !!!!!!!!!!!!!!!!!!!!!!!!!!!!!!!!!!!!!!!!!!!!!!!!!!!!!!
20210304 062702.935 INFO             PET1 Running with ESMF Version   : ESMF_8_1_0_beta_snapshot_47-21-gd58a3be
20210304 062702.935 INFO             PET1 ESMF library build date/time: "Mar  4 2021" "06:07:55"
20210304 062702.935 INFO             PET1 ESMF library build location : /glade/scratch/mpotts/gfortran_10.1.0_openmpi_O
20210304 062702.935 INFO             PET1 ESMF_COMM                   : openmpi
20210304 062702.935 INFO             PET1 ESMF_MOAB                   : enabled
20210304 062702.935 INFO             PET1 ESMF_LAPACK                 : enabled
20210304 062702.935 INFO             PET1 ESMF_NETCDF                 : enabled
20210304 062702.935 INFO             PET1 ESMF_PNETCDF                : disabled
20210304 062702.935 INFO             PET1 ESMF_PIO                    : enabled
20210304 062702.935 INFO             PET1 ESMF_YAMLCPP                : enabled
20210304 062702.962 INFO             PET1  NUMBER_OF_PROCESSORS           4
20210304 062702.962 INFO             PET1  PASS  Example ESMF_RHandleDynamicMaskingEx, ESMF_RHandleDynamicMaskingEx.F90, line 1116
20210304 062702.962 INFO             PET1 Finalizing ESMF
20210304 062702.935 INFO             PET2 !!!!!!!!!!!!!!!!!!!!!!!!!!!!!!!!!!!!!!!!!!!!!!!!!!!!!!
20210304 062702.935 INFO             PET2 !!! THE ESMF_LOG IS SET TO OUTPUT ALL LOG MESSAGES !!!
20210304 062702.935 INFO             PET2 !!!     THIS MAY CAUSE SLOWDOWN IN PERFORMANCE     !!!
20210304 062702.935 INFO             PET2 !!! FOR PRODUCTION RUNS, USE:                      !!!
20210304 062702.935 INFO             PET2 !!!                   ESMF_LOGKIND_Multi_On_Error  !!!
20210304 062702.935 INFO             PET2 !!!!!!!!!!!!!!!!!!!!!!!!!!!!!!!!!!!!!!!!!!!!!!!!!!!!!!
20210304 062702.935 INFO             PET2 Running with ESMF Version   : ESMF_8_1_0_beta_snapshot_47-21-gd58a3be
20210304 062702.935 INFO             PET2 ESMF library build date/time: "Mar  4 2021" "06:07:55"
20210304 062702.935 INFO             PET2 ESMF library build location : /glade/scratch/mpotts/gfortran_10.1.0_openmpi_O
20210304 062702.935 INFO             PET2 ESMF_COMM                   : openmpi
20210304 062702.935 INFO             PET2 ESMF_MOAB                   : enabled
20210304 062702.935 INFO             PET2 ESMF_LAPACK                 : enabled
20210304 062702.935 INFO             PET2 ESMF_NETCDF                 : enabled
20210304 062702.935 INFO             PET2 ESMF_PNETCDF                : disabled
20210304 062702.935 INFO             PET2 ESMF_PIO                    : enabled
20210304 062702.935 INFO             PET2 ESMF_YAMLCPP                : enabled
20210304 062702.962 INFO             PET2  NUMBER_OF_PROCESSORS           4
20210304 062702.962 INFO             PET2  PASS  Example ESMF_RHandleDynamicMaskingEx, ESMF_RHandleDynamicMaskingEx.F90, line 1116
20210304 062702.962 INFO             PET2 Finalizing ESMF
20210304 062702.935 INFO             PET3 !!!!!!!!!!!!!!!!!!!!!!!!!!!!!!!!!!!!!!!!!!!!!!!!!!!!!!
20210304 062702.935 INFO             PET3 !!! THE ESMF_LOG IS SET TO OUTPUT ALL LOG MESSAGES !!!
20210304 062702.935 INFO             PET3 !!!     THIS MAY CAUSE SLOWDOWN IN PERFORMANCE     !!!
20210304 062702.935 INFO             PET3 !!! FOR PRODUCTION RUNS, USE:                      !!!
20210304 062702.935 INFO             PET3 !!!                   ESMF_LOGKIND_Multi_On_Error  !!!
20210304 062702.935 INFO             PET3 !!!!!!!!!!!!!!!!!!!!!!!!!!!!!!!!!!!!!!!!!!!!!!!!!!!!!!
20210304 062702.935 INFO             PET3 Running with ESMF Version   : ESMF_8_1_0_beta_snapshot_47-21-gd58a3be
20210304 062702.935 INFO             PET3 ESMF library build date/time: "Mar  4 2021" "06:07:55"
20210304 062702.935 INFO             PET3 ESMF library build location : /glade/scratch/mpotts/gfortran_10.1.0_openmpi_O
20210304 062702.935 INFO             PET3 ESMF_COMM                   : openmpi
20210304 062702.935 INFO             PET3 ESMF_MOAB                   : enabled
20210304 062702.935 INFO             PET3 ESMF_LAPACK                 : enabled
20210304 062702.935 INFO             PET3 ESMF_NETCDF                 : enabled
20210304 062702.935 INFO             PET3 ESMF_PNETCDF                : disabled
20210304 062702.935 INFO             PET3 ESMF_PIO                    : enabled
20210304 062702.935 INFO             PET3 ESMF_YAMLCPP                : enabled
20210304 062702.962 INFO             PET3  NUMBER_OF_PROCESSORS           4
20210304 062702.962 INFO             PET3  PASS  Example ESMF_RHandleDynamicMaskingEx, ESMF_RHandleDynamicMaskingEx.F90, line 1116
20210304 062702.962 INFO             PET3 Finalizing ESMF
