 
Installing ESMF:
 
mkdir -p /p/work1/mpotts/gfortran_7.3.0_mpt_O/DEFAULTINSTALLDIR/include
cp -f /p/work1/mpotts/gfortran_7.3.0_mpt_O/src/include/ESMC.h /p/work1/mpotts/gfortran_7.3.0_mpt_O/DEFAULTINSTALLDIR/include
cp -f /p/work1/mpotts/gfortran_7.3.0_mpt_O/src/include/ESMC_*.h /p/work1/mpotts/gfortran_7.3.0_mpt_O/DEFAULTINSTALLDIR/include
cp -f /p/work1/mpotts/gfortran_7.3.0_mpt_O/build_config/Linux.gfortran.default/ESMC_Conf.h /p/work1/mpotts/gfortran_7.3.0_mpt_O/DEFAULTINSTALLDIR/include
mkdir -p /p/work1/mpotts/gfortran_7.3.0_mpt_O/DEFAULTINSTALLDIR/mod/modO/Linux.gfortran.64.mpt.default
cp -f /p/work1/mpotts/gfortran_7.3.0_mpt_O/mod/modO/Linux.gfortran.64.mpt.default/*.mod /p/work1/mpotts/gfortran_7.3.0_mpt_O/DEFAULTINSTALLDIR/mod/modO/Linux.gfortran.64.mpt.default
mkdir -p /p/work1/mpotts/gfortran_7.3.0_mpt_O/DEFAULTINSTALLDIR/lib/libO/Linux.gfortran.64.mpt.default
cp -f /p/work1/mpotts/gfortran_7.3.0_mpt_O/lib/libO/Linux.gfortran.64.mpt.default/libesmf*.* /p/work1/mpotts/gfortran_7.3.0_mpt_O/DEFAULTINSTALLDIR/lib/libO/Linux.gfortran.64.mpt.default
make ESMF_PRELOADDIR=/p/work1/mpotts/gfortran_7.3.0_mpt_O/DEFAULTINSTALLDIR/lib/libO/Linux.gfortran.64.mpt.default build_preload_script
make[1]: Entering directory `/p/work1/mpotts/gfortran_7.3.0_mpt_O'
chmod 755 /p/work1/mpotts/gfortran_7.3.0_mpt_O/DEFAULTINSTALLDIR/lib/libO/Linux.gfortran.64.mpt.default/preload.sh
make[1]: Leaving directory `/p/work1/mpotts/gfortran_7.3.0_mpt_O'
ranlib /p/work1/mpotts/gfortran_7.3.0_mpt_O/DEFAULTINSTALLDIR/lib/libO/Linux.gfortran.64.mpt.default/libesmf*.a
make install_apps
make[1]: Entering directory `/p/work1/mpotts/gfortran_7.3.0_mpt_O'
mkdir -p /p/work1/mpotts/gfortran_7.3.0_mpt_O/DEFAULTINSTALLDIR/bin/binO/Linux.gfortran.64.mpt.default
make build_apps ESMF_APPSDIR=/p/work1/mpotts/gfortran_7.3.0_mpt_O/DEFAULTINSTALLDIR/bin/binO/Linux.gfortran.64.mpt.default ESMF_LDIR=/p/work1/mpotts/gfortran_7.3.0_mpt_O/DEFAULTINSTALLDIR/lib/libO/Linux.gfortran.64.mpt.default ESMF_LIBDIR=/p/work1/mpotts/gfortran_7.3.0_mpt_O/DEFAULTINSTALLDIR/lib/libO/Linux.gfortran.64.mpt.default ESMF_MODDIR=/p/work1/mpotts/gfortran_7.3.0_mpt_O/DEFAULTINSTALLDIR/mod/modO/Linux.gfortran.64.mpt.default
make[2]: Entering directory `/p/work1/mpotts/gfortran_7.3.0_mpt_O'
cd /p/work1/mpotts/gfortran_7.3.0_mpt_O/src/apps; make ACTION=tree_build_apps tree
make[3]: Entering directory `/p/work1/mpotts/gfortran_7.3.0_mpt_O/src/apps'
tree_build_apps in: /p/work1/mpotts/gfortran_7.3.0_mpt_O/src/apps/ESMF_PrintInfo
make[4]: Entering directory `/p/work1/mpotts/gfortran_7.3.0_mpt_O/src/apps/ESMF_PrintInfo'
make chkdir_locobj
make[5]: Entering directory `/p/work1/mpotts/gfortran_7.3.0_mpt_O/src/apps/ESMF_PrintInfo'
Making directory /p/work1/mpotts/gfortran_7.3.0_mpt_O/obj/objO/Linux.gfortran.64.mpt.default/src/apps/ESMF_PrintInfo for apps output
make[5]: Leaving directory `/p/work1/mpotts/gfortran_7.3.0_mpt_O/src/apps/ESMF_PrintInfo'
mpif90 -c -O -fPIC  -m64 -mcmodel=small -pthread -ffree-line-length-none  -fopenmp -I/p/work1/mpotts/gfortran_7.3.0_mpt_O/src/apps/ESMF_PrintInfo -I/p/work1/mpotts/gfortran_7.3.0_mpt_O/build_config/Linux.gfortran.default -I/p/work1/mpotts/gfortran_7.3.0_mpt_O/src/Infrastructure -I/p/work1/mpotts/gfortran_7.3.0_mpt_O/src/Superstructure -I/p/work1/mpotts/gfortran_7.3.0_mpt_O/DEFAULTINSTALLDIR/mod/modO/Linux.gfortran.64.mpt.default -I/p/work1/mpotts/gfortran_7.3.0_mpt_O/src/include   -DESMF_NO_INTEGER_1_BYTE -DESMF_NO_INTEGER_2_BYTE -DESMFVERSIONGIT='"ESMF_8_1_0_beta_snapshot_47-22-gffbbe59"' -DESMF_MOAB=1 -DESMF_LAPACK=1 -DESMF_LAPACK_INTERNAL=1 -DESMF_NO_ACC_SOFTWARE_STACK=1 -DESMF_YAMLCPP=1 -DESMF_YAML=1 -DESMF_PIO=1 -DESMF_MPIIO -DESMF_NO_OPENACC -DESMF_TESTEXHAUSTIVE -DESMF_BOPT_O -DESMF_TESTCOMPTUNNEL -DESMF_TESTWITHTHREADS -DSx86_64_small=1 -DESMF_OS_Linux=1 -DESMF_COMM=mpt -DESMF_DIR=/p/work1/mpotts/gfortran_7.3.0_mpt_O ESMF_PrintInfo.F90 -o /p/work1/mpotts/gfortran_7.3.0_mpt_O/obj/objO/Linux.gfortran.64.mpt.default/src/apps/ESMF_PrintInfo/ESMF_PrintInfo.o
make chkdir_apps
make[5]: Entering directory `/p/work1/mpotts/gfortran_7.3.0_mpt_O/src/apps/ESMF_PrintInfo'
make[5]: Leaving directory `/p/work1/mpotts/gfortran_7.3.0_mpt_O/src/apps/ESMF_PrintInfo'
mpif90     -m64 -mcmodel=small -pthread -Wl,--no-as-needed  -fopenmp -L/p/work1/mpotts/gfortran_7.3.0_mpt_O/DEFAULTINSTALLDIR/lib/libO/Linux.gfortran.64.mpt.default  -L/p/app/gnu/7.3.0/lib/gcc/x86_64-pc-linux-gnu/7.3.0/../../../../lib64/ -Wl,-rpath,/p/work1/mpotts/gfortran_7.3.0_mpt_O/DEFAULTINSTALLDIR/lib/libO/Linux.gfortran.64.mpt.default  -Wl,-rpath,/p/app/gnu/7.3.0/lib/gcc/x86_64-pc-linux-gnu/7.3.0/../../../../lib64/ -o /p/work1/mpotts/gfortran_7.3.0_mpt_O/DEFAULTINSTALLDIR/bin/binO/Linux.gfortran.64.mpt.default/ESMF_PrintInfo /p/work1/mpotts/gfortran_7.3.0_mpt_O/obj/objO/Linux.gfortran.64.mpt.default/src/apps/ESMF_PrintInfo/ESMF_PrintInfo.o -lesmf  -lmpi++ -lrt -lstdc++ -ldl
/p/work1/mpotts/gfortran_7.3.0_mpt_O/DEFAULTINSTALLDIR/lib/libO/Linux.gfortran.64.mpt.default/libesmf.so: undefined reference to `__netcdf_MOD_nf90_get_var_eightbytereal'
/p/work1/mpotts/gfortran_7.3.0_mpt_O/DEFAULTINSTALLDIR/lib/libO/Linux.gfortran.64.mpt.default/libesmf.so: undefined reference to `__netcdf_MOD_nf90_copy_att'
/p/work1/mpotts/gfortran_7.3.0_mpt_O/DEFAULTINSTALLDIR/lib/libO/Linux.gfortran.64.mpt.default/libesmf.so: undefined reference to `__netcdf_MOD_nf90_get_var_3d_text'
/p/work1/mpotts/gfortran_7.3.0_mpt_O/DEFAULTINSTALLDIR/lib/libO/Linux.gfortran.64.mpt.default/libesmf.so: undefined reference to `__netcdf_MOD_nf90_put_var_2d_eightbytereal'
/p/work1/mpotts/gfortran_7.3.0_mpt_O/DEFAULTINSTALLDIR/lib/libO/Linux.gfortran.64.mpt.default/libesmf.so: undefined reference to `__netcdf_MOD_nf90_put_var_3d_eightbytereal'
/p/work1/mpotts/gfortran_7.3.0_mpt_O/DEFAULTINSTALLDIR/lib/libO/Linux.gfortran.64.mpt.default/libesmf.so: undefined reference to `__netcdf_MOD_nf90_put_att_text'
/p/work1/mpotts/gfortran_7.3.0_mpt_O/DEFAULTINSTALLDIR/lib/libO/Linux.gfortran.64.mpt.default/libesmf.so: undefined reference to `nc_put_att_double'
/p/work1/mpotts/gfortran_7.3.0_mpt_O/DEFAULTINSTALLDIR/lib/libO/Linux.gfortran.64.mpt.default/libesmf.so: undefined reference to `__netcdf_MOD_nf90_put_var_4d_fourbytereal'
/p/work1/mpotts/gfortran_7.3.0_mpt_O/DEFAULTINSTALLDIR/lib/libO/Linux.gfortran.64.mpt.default/libesmf.so: undefined reference to `nc_inq_natts'
/p/work1/mpotts/gfortran_7.3.0_mpt_O/DEFAULTINSTALLDIR/lib/libO/Linux.gfortran.64.mpt.default/libesmf.so: undefined reference to `__netcdf_MOD_nf90_open'
/p/work1/mpotts/gfortran_7.3.0_mpt_O/DEFAULTINSTALLDIR/lib/libO/Linux.gfortran.64.mpt.default/libesmf.so: undefined reference to `nc_strerror'
/p/work1/mpotts/gfortran_7.3.0_mpt_O/DEFAULTINSTALLDIR/lib/libO/Linux.gfortran.64.mpt.default/libesmf.so: undefined reference to `nc_def_var'
/p/work1/mpotts/gfortran_7.3.0_mpt_O/DEFAULTINSTALLDIR/lib/libO/Linux.gfortran.64.mpt.default/libesmf.so: undefined reference to `__netcdf_MOD_nf90_get_var_3d_fourbytereal'
/p/work1/mpotts/gfortran_7.3.0_mpt_O/DEFAULTINSTALLDIR/lib/libO/Linux.gfortran.64.mpt.default/libesmf.so: undefined reference to `nc_get_att_double'
/p/work1/mpotts/gfortran_7.3.0_mpt_O/DEFAULTINSTALLDIR/lib/libO/Linux.gfortran.64.mpt.default/libesmf.so: undefined reference to `__netcdf_MOD_nf90_get_var_fourbytereal'
/p/work1/mpotts/gfortran_7.3.0_mpt_O/DEFAULTINSTALLDIR/lib/libO/Linux.gfortran.64.mpt.default/libesmf.so: undefined reference to `__netcdf_MOD_nf90_put_var_eightbytereal'
/p/work1/mpotts/gfortran_7.3.0_mpt_O/DEFAULTINSTALLDIR/lib/libO/Linux.gfortran.64.mpt.default/libesmf.so: undefined reference to `__netcdf_MOD_nf90_def_dim'
/p/work1/mpotts/gfortran_7.3.0_mpt_O/DEFAULTINSTALLDIR/lib/libO/Linux.gfortran.64.mpt.default/libesmf.so: undefined reference to `__netcdf_MOD_nf90_get_var_1d_fourbytereal'
/p/work1/mpotts/gfortran_7.3.0_mpt_O/DEFAULTINSTALLDIR/lib/libO/Linux.gfortran.64.mpt.default/libesmf.so: undefined reference to `__netcdf_MOD_nf90_def_var_manydims'
/p/work1/mpotts/gfortran_7.3.0_mpt_O/DEFAULTINSTALLDIR/lib/libO/Linux.gfortran.64.mpt.default/libesmf.so: undefined reference to `__netcdf_MOD_nf90_get_var_1d_fourbyteint'
/p/work1/mpotts/gfortran_7.3.0_mpt_O/DEFAULTINSTALLDIR/lib/libO/Linux.gfortran.64.mpt.default/libesmf.so: undefined reference to `__netcdf_MOD_nf90_put_var_4d_eightbytereal'
/p/work1/mpotts/gfortran_7.3.0_mpt_O/DEFAULTINSTALLDIR/lib/libO/Linux.gfortran.64.mpt.default/libesmf.so: undefined reference to `__netcdf_MOD_nf90_inquire'
/p/work1/mpotts/gfortran_7.3.0_mpt_O/DEFAULTINSTALLDIR/lib/libO/Linux.gfortran.64.mpt.default/libesmf.so: undefined reference to `__netcdf_MOD_nf90_inquire_dimension'
/p/work1/mpotts/gfortran_7.3.0_mpt_O/DEFAULTINSTALLDIR/lib/libO/Linux.gfortran.64.mpt.default/libesmf.so: undefined reference to `nc_inq_att'
/p/work1/mpotts/gfortran_7.3.0_mpt_O/DEFAULTINSTALLDIR/lib/libO/Linux.gfortran.64.mpt.default/libesmf.so: undefined reference to `__netcdf_MOD_nf90_put_var_2d_fourbyteint'
/p/work1/mpotts/gfortran_7.3.0_mpt_O/DEFAULTINSTALLDIR/lib/libO/Linux.gfortran.64.mpt.default/libesmf.so: undefined reference to `__netcdf_MOD_nf90_put_var_1d_text'
/p/work1/mpotts/gfortran_7.3.0_mpt_O/DEFAULTINSTALLDIR/lib/libO/Linux.gfortran.64.mpt.default/libesmf.so: undefined reference to `__netcdf_MOD_nf90_put_var_3d_text'
/p/work1/mpotts/gfortran_7.3.0_mpt_O/DEFAULTINSTALLDIR/lib/libO/Linux.gfortran.64.mpt.default/libesmf.so: undefined reference to `__netcdf_MOD_nf90_inq_attname'
/p/work1/mpotts/gfortran_7.3.0_mpt_O/DEFAULTINSTALLDIR/lib/libO/Linux.gfortran.64.mpt.default/libesmf.so: undefined reference to `__netcdf_MOD_nf90_create'
/p/work1/mpotts/gfortran_7.3.0_mpt_O/DEFAULTINSTALLDIR/lib/libO/Linux.gfortran.64.mpt.default/libesmf.so: undefined reference to `__netcdf_MOD_nf90_get_var_3d_fourbyteint'
/p/work1/mpotts/gfortran_7.3.0_mpt_O/DEFAULTINSTALLDIR/lib/libO/Linux.gfortran.64.mpt.default/libesmf.so: undefined reference to `__netcdf_MOD_nf90_inq_dimid'
/p/work1/mpotts/gfortran_7.3.0_mpt_O/DEFAULTINSTALLDIR/lib/libO/Linux.gfortran.64.mpt.default/libesmf.so: undefined reference to `nc_def_dim'
/p/work1/mpotts/gfortran_7.3.0_mpt_O/DEFAULTINSTALLDIR/lib/libO/Linux.gfortran.64.mpt.default/libesmf.so: undefined reference to `__netcdf_MOD_nf90_get_var_1d_text'
/p/work1/mpotts/gfortran_7.3.0_mpt_O/DEFAULTINSTALLDIR/lib/libO/Linux.gfortran.64.mpt.default/libesmf.so: undefined reference to `__netcdf_MOD_nf90_put_var_1d_fourbyteint'
/p/work1/mpotts/gfortran_7.3.0_mpt_O/DEFAULTINSTALLDIR/lib/libO/Linux.gfortran.64.mpt.default/libesmf.so: undefined reference to `__netcdf_MOD_nf90_get_att_one_eightbytereal'
/p/work1/mpotts/gfortran_7.3.0_mpt_O/DEFAULTINSTALLDIR/lib/libO/Linux.gfortran.64.mpt.default/libesmf.so: undefined reference to `__netcdf_MOD_nf90_put_var_4d_fourbyteint'
/p/work1/mpotts/gfortran_7.3.0_mpt_O/DEFAULTINSTALLDIR/lib/libO/Linux.gfortran.64.mpt.default/libesmf.so: undefined reference to `__netcdf_MOD_nf90_inquire_variable'
/p/work1/mpotts/gfortran_7.3.0_mpt_O/DEFAULTINSTALLDIR/lib/libO/Linux.gfortran.64.mpt.default/libesmf.so: undefined reference to `nc_redef'
/p/work1/mpotts/gfortran_7.3.0_mpt_O/DEFAULTINSTALLDIR/lib/libO/Linux.gfortran.64.mpt.default/libesmf.so: undefined reference to `__netcdf_MOD_nf90_get_att_text'
/p/work1/mpotts/gfortran_7.3.0_mpt_O/DEFAULTINSTALLDIR/lib/libO/Linux.gfortran.64.mpt.default/libesmf.so: undefined reference to `__netcdf_MOD_nf90_put_var_5d_fourbytereal'
/p/work1/mpotts/gfortran_7.3.0_mpt_O/DEFAULTINSTALLDIR/lib/libO/Linux.gfortran.64.mpt.default/libesmf.so: undefined reference to `__netcdf_MOD_nf90_put_var_1d_fourbytereal'
/p/work1/mpotts/gfortran_7.3.0_mpt_O/DEFAULTINSTALLDIR/lib/libO/Linux.gfortran.64.mpt.default/libesmf.so: undefined reference to `nc_put_att_long'
/p/work1/mpotts/gfortran_7.3.0_mpt_O/DEFAULTINSTALLDIR/lib/libO/Linux.gfortran.64.mpt.default/libesmf.so: undefined reference to `nc_put_att_text'
/p/work1/mpotts/gfortran_7.3.0_mpt_O/DEFAULTINSTALLDIR/lib/libO/Linux.gfortran.64.mpt.default/libesmf.so: undefined reference to `nc_get_att_int'
/p/work1/mpotts/gfortran_7.3.0_mpt_O/DEFAULTINSTALLDIR/lib/libO/Linux.gfortran.64.mpt.default/libesmf.so: undefined reference to `nc_inq_var'
/p/work1/mpotts/gfortran_7.3.0_mpt_O/DEFAULTINSTALLDIR/lib/libO/Linux.gfortran.64.mpt.default/libesmf.so: undefined reference to `__netcdf_MOD_nf90_get_var_2d_fourbyteint'
/p/work1/mpotts/gfortran_7.3.0_mpt_O/DEFAULTINSTALLDIR/lib/libO/Linux.gfortran.64.mpt.default/libesmf.so: undefined reference to `nc_close'
/p/work1/mpotts/gfortran_7.3.0_mpt_O/DEFAULTINSTALLDIR/lib/libO/Linux.gfortran.64.mpt.default/libesmf.so: undefined reference to `nc_enddef'
/p/work1/mpotts/gfortran_7.3.0_mpt_O/DEFAULTINSTALLDIR/lib/libO/Linux.gfortran.64.mpt.default/libesmf.so: undefined reference to `__netcdf_MOD_nf90_def_var_scalar'
/p/work1/mpotts/gfortran_7.3.0_mpt_O/DEFAULTINSTALLDIR/lib/libO/Linux.gfortran.64.mpt.default/libesmf.so: undefined reference to `__netcdf_MOD_nf90_put_var_5d_text'
/p/work1/mpotts/gfortran_7.3.0_mpt_O/DEFAULTINSTALLDIR/lib/libO/Linux.gfortran.64.mpt.default/libesmf.so: undefined reference to `__netcdf_MOD_nf90_put_var_3d_fourbyteint'
/p/work1/mpotts/gfortran_7.3.0_mpt_O/DEFAULTINSTALLDIR/lib/libO/Linux.gfortran.64.mpt.default/libesmf.so: undefined reference to `__netcdf_MOD_nf90_put_var_text'
/p/work1/mpotts/gfortran_7.3.0_mpt_O/DEFAULTINSTALLDIR/lib/libO/Linux.gfortran.64.mpt.default/libesmf.so: undefined reference to `__netcdf_MOD_nf90_get_var_fourbyteint'
/p/work1/mpotts/gfortran_7.3.0_mpt_O/DEFAULTINSTALLDIR/lib/libO/Linux.gfortran.64.mpt.default/libesmf.so: undefined reference to `__netcdf_MOD_nf90_get_var_3d_eightbytereal'
/p/work1/mpotts/gfortran_7.3.0_mpt_O/DEFAULTINSTALLDIR/lib/libO/Linux.gfortran.64.mpt.default/libesmf.so: undefined reference to `nc_set_fill'
/p/work1/mpotts/gfortran_7.3.0_mpt_O/DEFAULTINSTALLDIR/lib/libO/Linux.gfortran.64.mpt.default/libesmf.so: undefined reference to `nc_sync'
/p/work1/mpotts/gfortran_7.3.0_mpt_O/DEFAULTINSTALLDIR/lib/libO/Linux.gfortran.64.mpt.default/libesmf.so: undefined reference to `__netcdf_MOD_nf90_get_var_5d_fourbyteint'
/p/work1/mpotts/gfortran_7.3.0_mpt_O/DEFAULTINSTALLDIR/lib/libO/Linux.gfortran.64.mpt.default/libesmf.so: undefined reference to `__netcdf_MOD_nf90_get_var_5d_text'
/p/work1/mpotts/gfortran_7.3.0_mpt_O/DEFAULTINSTALLDIR/lib/libO/Linux.gfortran.64.mpt.default/libesmf.so: undefined reference to `__netcdf_MOD_nf90_put_var_fourbytereal'
/p/work1/mpotts/gfortran_7.3.0_mpt_O/DEFAULTINSTALLDIR/lib/libO/Linux.gfortran.64.mpt.default/libesmf.so: undefined reference to `__netcdf_MOD_nf90_redef'
/p/work1/mpotts/gfortran_7.3.0_mpt_O/DEFAULTINSTALLDIR/lib/libO/Linux.gfortran.64.mpt.default/libesmf.so: undefined reference to `nc_inq_dimlen'
/p/work1/mpotts/gfortran_7.3.0_mpt_O/DEFAULTINSTALLDIR/lib/libO/Linux.gfortran.64.mpt.default/libesmf.so: undefined reference to `nc_inq_ndims'
/p/work1/mpotts/gfortran_7.3.0_mpt_O/DEFAULTINSTALLDIR/lib/libO/Linux.gfortran.64.mpt.default/libesmf.so: undefined reference to `__netcdf_MOD_nf90_inq_varid'
/p/work1/mpotts/gfortran_7.3.0_mpt_O/DEFAULTINSTALLDIR/lib/libO/Linux.gfortran.64.mpt.default/libesmf.so: undefined reference to `__netcdf_MOD_nf90_put_var_fourbyteint'
/p/work1/mpotts/gfortran_7.3.0_mpt_O/DEFAULTINSTALLDIR/lib/libO/Linux.gfortran.64.mpt.default/libesmf.so: undefined reference to `nc_put_var_float'
/p/work1/mpotts/gfortran_7.3.0_mpt_O/DEFAULTINSTALLDIR/lib/libO/Linux.gfortran.64.mpt.default/libesmf.so: undefined reference to `__netcdf_MOD_nf90_put_var_2d_text'
/p/work1/mpotts/gfortran_7.3.0_mpt_O/DEFAULTINSTALLDIR/lib/libO/Linux.gfortran.64.mpt.default/libesmf.so: undefined reference to `nc_put_var_int'
/p/work1/mpotts/gfortran_7.3.0_mpt_O/DEFAULTINSTALLDIR/lib/libO/Linux.gfortran.64.mpt.default/libesmf.so: undefined reference to `__netcdf_MOD_nf90_get_var_1d_eightbytereal'
/p/work1/mpotts/gfortran_7.3.0_mpt_O/DEFAULTINSTALLDIR/lib/libO/Linux.gfortran.64.mpt.default/libesmf.so: undefined reference to `__netcdf_MOD_nf90_put_var_3d_fourbytereal'
/p/work1/mpotts/gfortran_7.3.0_mpt_O/DEFAULTINSTALLDIR/lib/libO/Linux.gfortran.64.mpt.default/libesmf.so: undefined reference to `nc_get_att_text'
/p/work1/mpotts/gfortran_7.3.0_mpt_O/DEFAULTINSTALLDIR/lib/libO/Linux.gfortran.64.mpt.default/libesmf.so: undefined reference to `__netcdf_MOD_nf90_put_var_4d_text'
/p/work1/mpotts/gfortran_7.3.0_mpt_O/DEFAULTINSTALLDIR/lib/libO/Linux.gfortran.64.mpt.default/libesmf.so: undefined reference to `__netcdf_MOD_nf90_enddef'
/p/work1/mpotts/gfortran_7.3.0_mpt_O/DEFAULTINSTALLDIR/lib/libO/Linux.gfortran.64.mpt.default/libesmf.so: undefined reference to `__netcdf_MOD_nf90_get_var_text'
/p/work1/mpotts/gfortran_7.3.0_mpt_O/DEFAULTINSTALLDIR/lib/libO/Linux.gfortran.64.mpt.default/libesmf.so: undefined reference to `nc_create'
/p/work1/mpotts/gfortran_7.3.0_mpt_O/DEFAULTINSTALLDIR/lib/libO/Linux.gfortran.64.mpt.default/libesmf.so: undefined reference to `nc_inq_attname'
/p/work1/mpotts/gfortran_7.3.0_mpt_O/DEFAULTINSTALLDIR/lib/libO/Linux.gfortran.64.mpt.default/libesmf.so: undefined reference to `nc_put_var_text'
/p/work1/mpotts/gfortran_7.3.0_mpt_O/DEFAULTINSTALLDIR/lib/libO/Linux.gfortran.64.mpt.default/libesmf.so: undefined reference to `__netcdf_MOD_nf90_get_var_2d_eightbytereal'
/p/work1/mpotts/gfortran_7.3.0_mpt_O/DEFAULTINSTALLDIR/lib/libO/Linux.gfortran.64.mpt.default/libesmf.so: undefined reference to `nc_get_vara'
/p/work1/mpotts/gfortran_7.3.0_mpt_O/DEFAULTINSTALLDIR/lib/libO/Linux.gfortran.64.mpt.default/libesmf.so: undefined reference to `nc_inq_nvars'
/p/work1/mpotts/gfortran_7.3.0_mpt_O/DEFAULTINSTALLDIR/lib/libO/Linux.gfortran.64.mpt.default/libesmf.so: undefined reference to `nc_inq_dimname'
/p/work1/mpotts/gfortran_7.3.0_mpt_O/DEFAULTINSTALLDIR/lib/libO/Linux.gfortran.64.mpt.default/libesmf.so: undefined reference to `nc_put_var_short'
/p/work1/mpotts/gfortran_7.3.0_mpt_O/DEFAULTINSTALLDIR/lib/libO/Linux.gfortran.64.mpt.default/libesmf.so: undefined reference to `nc_get_att_float'
/p/work1/mpotts/gfortran_7.3.0_mpt_O/DEFAULTINSTALLDIR/lib/libO/Linux.gfortran.64.mpt.default/libesmf.so: undefined reference to `__netcdf_MOD_nf90_get_var_4d_fourbyteint'
/p/work1/mpotts/gfortran_7.3.0_mpt_O/DEFAULTINSTALLDIR/lib/libO/Linux.gfortran.64.mpt.default/libesmf.so: undefined reference to `__netcdf_MOD_nf90_get_var_5d_eightbytereal'
/p/work1/mpotts/gfortran_7.3.0_mpt_O/DEFAULTINSTALLDIR/lib/libO/Linux.gfortran.64.mpt.default/libesmf.so: undefined reference to `__netcdf_MOD_nf90_put_var_1d_eightbytereal'
/p/work1/mpotts/gfortran_7.3.0_mpt_O/DEFAULTINSTALLDIR/lib/libO/Linux.gfortran.64.mpt.default/libesmf.so: undefined reference to `__netcdf_MOD_nf90_get_var_5d_fourbytereal'
/p/work1/mpotts/gfortran_7.3.0_mpt_O/DEFAULTINSTALLDIR/lib/libO/Linux.gfortran.64.mpt.default/libesmf.so: undefined reference to `nf_put_vars_text_'
/p/work1/mpotts/gfortran_7.3.0_mpt_O/DEFAULTINSTALLDIR/lib/libO/Linux.gfortran.64.mpt.default/libesmf.so: undefined reference to `__netcdf_MOD_nf90_get_var_2d_fourbytereal'
/p/work1/mpotts/gfortran_7.3.0_mpt_O/DEFAULTINSTALLDIR/lib/libO/Linux.gfortran.64.mpt.default/libesmf.so: undefined reference to `nc_put_var_uchar'
/p/work1/mpotts/gfortran_7.3.0_mpt_O/DEFAULTINSTALLDIR/lib/libO/Linux.gfortran.64.mpt.default/libesmf.so: undefined reference to `__netcdf_MOD_nf90_get_var_4d_fourbytereal'
/p/work1/mpotts/gfortran_7.3.0_mpt_O/DEFAULTINSTALLDIR/lib/libO/Linux.gfortran.64.mpt.default/libesmf.so: undefined reference to `__netcdf_MOD_nf90_get_var_4d_eightbytereal'
/p/work1/mpotts/gfortran_7.3.0_mpt_O/DEFAULTINSTALLDIR/lib/libO/Linux.gfortran.64.mpt.default/libesmf.so: undefined reference to `nc_put_var_double'
/p/work1/mpotts/gfortran_7.3.0_mpt_O/DEFAULTINSTALLDIR/lib/libO/Linux.gfortran.64.mpt.default/libesmf.so: undefined reference to `nc_open'
/p/work1/mpotts/gfortran_7.3.0_mpt_O/DEFAULTINSTALLDIR/lib/libO/Linux.gfortran.64.mpt.default/libesmf.so: undefined reference to `__netcdf_MOD_nf90_get_var_2d_text'
/p/work1/mpotts/gfortran_7.3.0_mpt_O/DEFAULTINSTALLDIR/lib/libO/Linux.gfortran.64.mpt.default/libesmf.so: undefined reference to `__netcdf_MOD_nf90_get_var_4d_text'
/p/work1/mpotts/gfortran_7.3.0_mpt_O/DEFAULTINSTALLDIR/lib/libO/Linux.gfortran.64.mpt.default/libesmf.so: undefined reference to `__netcdf_MOD_nf90_put_var_5d_eightbytereal'
/p/work1/mpotts/gfortran_7.3.0_mpt_O/DEFAULTINSTALLDIR/lib/libO/Linux.gfortran.64.mpt.default/libesmf.so: undefined reference to `__netcdf_MOD_nf90_strerror'
/p/work1/mpotts/gfortran_7.3.0_mpt_O/DEFAULTINSTALLDIR/lib/libO/Linux.gfortran.64.mpt.default/libesmf.so: undefined reference to `__netcdf_MOD_nf90_put_var_5d_fourbyteint'
/p/work1/mpotts/gfortran_7.3.0_mpt_O/DEFAULTINSTALLDIR/lib/libO/Linux.gfortran.64.mpt.default/libesmf.so: undefined reference to `__netcdf_MOD_nf90_put_var_2d_fourbytereal'
/p/work1/mpotts/gfortran_7.3.0_mpt_O/DEFAULTINSTALLDIR/lib/libO/Linux.gfortran.64.mpt.default/libesmf.so: undefined reference to `__netcdf_MOD_nf90_inquire_attribute'
/p/work1/mpotts/gfortran_7.3.0_mpt_O/DEFAULTINSTALLDIR/lib/libO/Linux.gfortran.64.mpt.default/libesmf.so: undefined reference to `__netcdf_MOD_nf90_close'
collect2: error: ld returned 1 exit status
make[4]: *** [/p/work1/mpotts/gfortran_7.3.0_mpt_O/DEFAULTINSTALLDIR/bin/binO/Linux.gfortran.64.mpt.default/ESMF_PrintInfo] Error 1
make[4]: Leaving directory `/p/work1/mpotts/gfortran_7.3.0_mpt_O/src/apps/ESMF_PrintInfo'
make[3]: *** [tree] Error 1
make[3]: Leaving directory `/p/work1/mpotts/gfortran_7.3.0_mpt_O/src/apps'
make[2]: *** [build_apps] Error 2
make[2]: Leaving directory `/p/work1/mpotts/gfortran_7.3.0_mpt_O'
make[1]: *** [install_apps] Error 2
make[1]: Leaving directory `/p/work1/mpotts/gfortran_7.3.0_mpt_O'
make: *** [install] Error 2
