20210312 050034.983 INFO             PET0 !!!!!!!!!!!!!!!!!!!!!!!!!!!!!!!!!!!!!!!!!!!!!!!!!!!!!!
20210312 050034.983 INFO             PET0 !!! THE ESMF_LOG IS SET TO OUTPUT ALL LOG MESSAGES !!!
20210312 050034.983 INFO             PET0 !!!     THIS MAY CAUSE SLOWDOWN IN PERFORMANCE     !!!
20210312 050034.983 INFO             PET0 !!! FOR PRODUCTION RUNS, USE:                      !!!
20210312 050034.983 INFO             PET0 !!!                   ESMF_LOGKIND_Multi_On_Error  !!!
20210312 050034.983 INFO             PET0 !!!!!!!!!!!!!!!!!!!!!!!!!!!!!!!!!!!!!!!!!!!!!!!!!!!!!!
20210312 050034.983 INFO             PET0 Running with ESMF Version   : 8.1.0 beta snapshot
20210312 050034.983 INFO             PET0 ESMF library build date/time: "Mar 12 2021" "04:26:55"
20210312 050034.983 INFO             PET0 ESMF library build location : /lustre/f2/dev/ncep/Mark.Potts/intel_2019.5_mpiuni_g
20210312 050034.983 INFO             PET0 ESMF_COMM                   : mpiuni
20210312 050034.984 INFO             PET0 ESMF_MOAB                   : enabled
20210312 050034.984 INFO             PET0 ESMF_LAPACK                 : enabled
20210312 050034.984 INFO             PET0 ESMF_NETCDF                 : enabled
20210312 050034.984 INFO             PET0 ESMF_PNETCDF                : disabled
20210312 050034.984 INFO             PET0 ESMF_PIO                    : disabled
20210312 050034.984 INFO             PET0 ESMF_YAMLCPP                : enabled
20210312 050035.028 INFO             PET0 Completing mirrored field: sea_surface_temperature
20210312 050035.029 INFO             PET0 Completing mirrored field: air_pressure_at_sea_level
20210312 050035.030 INFO             PET0 Completing mirrored field: surface_net_downward_shortwave_flux
20210312 050035.040 WARNING          PET0 ATM: Field 'sst' in the importState is not at the expected time. StandardName: sea_surface_temperature
20210312 050035.040 ERROR            PET0 ATM:src/addon/NUOPC/src/NUOPC_ModelBase.F90:3056 Invalid argument  - NUOPC INCOMPATIBILITY DETECTED: Import Fields not at current time
20210312 050035.040 ERROR            PET0 ATM:src/addon/NUOPC/src/NUOPC_ModelBase.F90:2756 Invalid argument  - Passing error in return code
20210312 050035.040 ERROR            PET0 Driver:src/addon/NUOPC/src/NUOPC_Driver.F90:3324 Invalid argument  - Phase 'RunPhase1' Run for modelComp 1 did not return ESMF_SUCCESS
20210312 050035.040 ERROR            PET0 Driver:src/addon/NUOPC/src/NUOPC_Driver.F90:3586 Invalid argument  - Passing error in return code
20210312 050035.040 ERROR            PET0 Driver:src/addon/NUOPC/src/NUOPC_Driver.F90:3239 Invalid argument  - Passing error in return code
20210312 050035.041 INFO             PET0  NUMBER_OF_PROCESSORS           1
20210312 050035.041 INFO             PET0  PASS  Example ESMF_NUOPCAtmModelEx, ESMF_NUOPCAtmModelEx.F90, line 1032
20210312 050035.041 INFO             PET0 Finalizing ESMF
