20210313 045918.663 INFO             PET0 !!!!!!!!!!!!!!!!!!!!!!!!!!!!!!!!!!!!!!!!!!!!!!!!!!!!!!
20210313 045918.663 INFO             PET0 !!! THE ESMF_LOG IS SET TO OUTPUT ALL LOG MESSAGES !!!
20210313 045918.663 INFO             PET0 !!!     THIS MAY CAUSE SLOWDOWN IN PERFORMANCE     !!!
20210313 045918.663 INFO             PET0 !!! FOR PRODUCTION RUNS, USE:                      !!!
20210313 045918.663 INFO             PET0 !!!                   ESMF_LOGKIND_Multi_On_Error  !!!
20210313 045918.663 INFO             PET0 !!!!!!!!!!!!!!!!!!!!!!!!!!!!!!!!!!!!!!!!!!!!!!!!!!!!!!
20210313 045918.663 INFO             PET0 Running with ESMF Version   : 8.1.0 beta snapshot
20210313 045918.663 INFO             PET0 ESMF library build date/time: "Mar 13 2021" "04:26:33"
20210313 045918.663 INFO             PET0 ESMF library build location : /lustre/f2/dev/ncep/Mark.Potts/intel_2019.5_mpiuni_g
20210313 045918.663 INFO             PET0 ESMF_COMM                   : mpiuni
20210313 045918.664 INFO             PET0 ESMF_MOAB                   : enabled
20210313 045918.664 INFO             PET0 ESMF_LAPACK                 : enabled
20210313 045918.664 INFO             PET0 ESMF_NETCDF                 : enabled
20210313 045918.664 INFO             PET0 ESMF_PNETCDF                : disabled
20210313 045918.664 INFO             PET0 ESMF_PIO                    : disabled
20210313 045918.664 INFO             PET0 ESMF_YAMLCPP                : enabled
20210313 045918.664 INFO             PET0 ESMF Tracing Enabled
20210313 045918.664 INFO             PET0 ESMF Profiling Enabled
20210313 045918.664 INFO             PET0 ESMF Trace/Profile clock: REALTIME
20210313 045918.680 INFO             PET0  NUMBER_OF_PROCESSORS           1
20210313 045918.680 INFO             PET0  PASS  Example ESMF_TraceEx, ESMF_TraceEx.F90, line 178
20210313 045918.680 INFO             PET0 Finalizing ESMF
20210313 045918.680 INFO             PET0 **************** Region Timings *******************
20210313 045918.680 INFO             PET0 Region              Count  Total (s)   Self (s)    Mean (s)    Min (s)     Max (s)
20210313 045918.680 INFO             PET0   [test] Run 1      5      0.0000      0.0000      0.0000      0.0000      0.0000
20210313 045918.680 INFO             PET0   [test] Init 1     1      0.0000      0.0000      0.0000      0.0000      0.0000
20210313 045918.680 INFO             PET0   [test] Final 1    1      0.0000      0.0000      0.0000      0.0000      0.0000
