forrtl: severe (174): SIGSEGV, segmentation fault occurred
Image              PC                Routine            Line        Source             
ESMF_MeshEx        00000001045F67A4  for__signal_handl     Unknown  Unknown
libsystem_platfor  00007FFF6A61FB5D  _sigtramp             Unknown  Unknown
libmpi.40.dylib    0000000106E3C2A1  MPI_Comm_rank         Unknown  Unknown
libesmf.dylib      000000010519CCD3  _ZN5ESMCI3VMK4ini     Unknown  Unknown
libesmf.dylib      000000010517B051  _ZN5ESMCI2VM10ini     Unknown  Unknown
libesmf.dylib      00000001051A64D3  c_esmc_vminitiali     Unknown  Unknown
libesmf.dylib      0000000105985360  esmf_vmmod_mp_esm     Unknown  Unknown
libesmf.dylib      000000010581B1DB  esmf_initmod_mp_e     Unknown  Unknown
ESMF_MeshEx        00000001045C493C  MAIN__                Unknown  Unknown
ESMF_MeshEx        00000001045C461E  main                  Unknown  Unknown
forrtl: severe (174): SIGSEGV, segmentation fault occurred
Image              PC                Routine            Line        Source             
ESMF_MeshEx        000000010B1C97A4  for__signal_handl     Unknown  Unknown
libsystem_platfor  00007FFF6A61FB5D  _sigtramp             Unknown  Unknown
libmpi.40.dylib    000000010DA042A1  MPI_Comm_rank         Unknown  Unknown
libesmf.dylib      000000010BD6CCD3  _ZN5ESMCI3VMK4ini     Unknown  Unknown
libesmf.dylib      000000010BD4B051  _ZN5ESMCI2VM10ini     Unknown  Unknown
libesmf.dylib      000000010BD764D3  c_esmc_vminitiali     Unknown  Unknown
libesmf.dylib      000000010C555360  esmf_vmmod_mp_esm     Unknown  Unknown
libesmf.dylib      000000010C3EB1DB  esmf_initmod_mp_e     Unknown  Unknown
ESMF_MeshEx        000000010B19793C  MAIN__                Unknown  Unknown
ESMF_MeshEx        000000010B19761E  main                  Unknown  Unknown
forrtl: severe (174): SIGSEGV, segmentation fault occurred
Image              PC                Routine            Line        Source             
ESMF_MeshEx        000000010A76A7A4  for__signal_handl     Unknown  Unknown
libsystem_platfor  00007FFF6A61FB5D  _sigtramp             Unknown  Unknown
libmpi.40.dylib    000000010CFA62A1  MPI_Comm_rank         Unknown  Unknown
libesmf.dylib      000000010B30ACD3  _ZN5ESMCI3VMK4ini     Unknown  Unknown
libesmf.dylib      000000010B2E9051  _ZN5ESMCI2VM10ini     Unknown  Unknown
libesmf.dylib      000000010B3144D3  c_esmc_vminitiali     Unknown  Unknown
libesmf.dylib      000000010BAF3360  esmf_vmmod_mp_esm     Unknown  Unknown
libesmf.dylib      000000010B9891DB  esmf_initmod_mp_e     Unknown  Unknown
ESMF_MeshEx        000000010A73893C  MAIN__                Unknown  Unknown
ESMF_MeshEx        000000010A73861E  main                  Unknown  Unknown
forrtl: severe (174): SIGSEGV, segmentation fault occurred
Image              PC                Routine            Line        Source             
ESMF_MeshEx        00000001030E67A4  for__signal_handl     Unknown  Unknown
libsystem_platfor  00007FFF6A61FB5D  _sigtramp             Unknown  Unknown
libmpi.40.dylib    00000001059332A1  MPI_Comm_rank         Unknown  Unknown
libesmf.dylib      0000000103C8CCD3  _ZN5ESMCI3VMK4ini     Unknown  Unknown
libesmf.dylib      0000000103C6B051  _ZN5ESMCI2VM10ini     Unknown  Unknown
libesmf.dylib      0000000103C964D3  c_esmc_vminitiali     Unknown  Unknown
libesmf.dylib      0000000104475360  esmf_vmmod_mp_esm     Unknown  Unknown
libesmf.dylib      000000010430B1DB  esmf_initmod_mp_e     Unknown  Unknown
ESMF_MeshEx        00000001030B493C  MAIN__                Unknown  Unknown
ESMF_MeshEx        00000001030B461E  main                  Unknown  Unknown
