forrtl: severe (174): SIGSEGV, segmentation fault occurred
Image              PC                Routine            Line        Source             
ESMF_ArrayBundleE  000000010754BF74  for__signal_handl     Unknown  Unknown
libsystem_platfor  00007FFF6A61FB5D  _sigtramp             Unknown  Unknown
libmpi.40.dylib    00000001079362A1  MPI_Comm_rank         Unknown  Unknown
libesmf.dylib      0000000109B2ECD3  _ZN5ESMCI3VMK4ini     Unknown  Unknown
libesmf.dylib      0000000109B0D051  _ZN5ESMCI2VM10ini     Unknown  Unknown
libesmf.dylib      0000000109B384D3  c_esmc_vminitiali     Unknown  Unknown
libesmf.dylib      000000010A317360  esmf_vmmod_mp_esm     Unknown  Unknown
libesmf.dylib      000000010A1AD1DB  esmf_initmod_mp_e     Unknown  Unknown
ESMF_ArrayBundleE  00000001075254D3  MAIN__                Unknown  Unknown
ESMF_ArrayBundleE  00000001075252BE  main                  Unknown  Unknown
forrtl: severe (174): SIGSEGV, segmentation fault occurred
Image              PC                Routine            Line        Source             
ESMF_ArrayBundleE  0000000103571F74  for__signal_handl     Unknown  Unknown
libsystem_platfor  00007FFF6A61FB5D  _sigtramp             Unknown  Unknown
libmpi.40.dylib    0000000105DAC2A1  MPI_Comm_rank         Unknown  Unknown
libesmf.dylib      0000000104111CD3  _ZN5ESMCI3VMK4ini     Unknown  Unknown
libesmf.dylib      00000001040F0051  _ZN5ESMCI2VM10ini     Unknown  Unknown
libesmf.dylib      000000010411B4D3  c_esmc_vminitiali     Unknown  Unknown
libesmf.dylib      00000001048FA360  esmf_vmmod_mp_esm     Unknown  Unknown
libesmf.dylib      00000001047901DB  esmf_initmod_mp_e     Unknown  Unknown
ESMF_ArrayBundleE  000000010354B4D3  MAIN__                Unknown  Unknown
ESMF_ArrayBundleE  000000010354B2BE  main                  Unknown  Unknown
forrtl: severe (174): SIGSEGV, segmentation fault occurred
Image              PC                Routine            Line        Source             
ESMF_ArrayBundleE  0000000100D5DF74  for__signal_handl     Unknown  Unknown
libsystem_platfor  00007FFF6A61FB5D  _sigtramp             Unknown  Unknown
libmpi.40.dylib    00000001035A22A1  MPI_Comm_rank         Unknown  Unknown
libesmf.dylib      0000000101902CD3  _ZN5ESMCI3VMK4ini     Unknown  Unknown
libesmf.dylib      00000001018E1051  _ZN5ESMCI2VM10ini     Unknown  Unknown
libesmf.dylib      000000010190C4D3  c_esmc_vminitiali     Unknown  Unknown
libesmf.dylib      00000001020EB360  esmf_vmmod_mp_esm     Unknown  Unknown
libesmf.dylib      0000000101F811DB  esmf_initmod_mp_e     Unknown  Unknown
ESMF_ArrayBundleE  0000000100D374D3  MAIN__                Unknown  Unknown
ESMF_ArrayBundleE  0000000100D372BE  main                  Unknown  Unknown
forrtl: severe (174): SIGSEGV, segmentation fault occurred
Image              PC                Routine            Line        Source             
ESMF_ArrayBundleE  000000010FB3CF74  for__signal_handl     Unknown  Unknown
libsystem_platfor  00007FFF6A61FB5D  _sigtramp             Unknown  Unknown
libmpi.40.dylib    000000010FF272A1  MPI_Comm_rank         Unknown  Unknown
libesmf.dylib      0000000110BEECD3  _ZN5ESMCI3VMK4ini     Unknown  Unknown
libesmf.dylib      0000000110BCD051  _ZN5ESMCI2VM10ini     Unknown  Unknown
libesmf.dylib      0000000110BF84D3  c_esmc_vminitiali     Unknown  Unknown
libesmf.dylib      00000001113D7360  esmf_vmmod_mp_esm     Unknown  Unknown
libesmf.dylib      000000011126D1DB  esmf_initmod_mp_e     Unknown  Unknown
ESMF_ArrayBundleE  000000010FB164D3  MAIN__                Unknown  Unknown
ESMF_ArrayBundleE  000000010FB162BE  main                  Unknown  Unknown
