forrtl: severe (174): SIGSEGV, segmentation fault occurred
Image              PC                Routine            Line        Source             
ESMF_RHandleBitFo  0000000102DB74B4  for__signal_handl     Unknown  Unknown
libsystem_platfor  00007FFF6A61FB5D  _sigtramp             Unknown  Unknown
libmpi.40.dylib    00000001055FC2A1  MPI_Comm_rank         Unknown  Unknown
libesmf.dylib      000000010395DCD3  _ZN5ESMCI3VMK4ini     Unknown  Unknown
libesmf.dylib      000000010393C051  _ZN5ESMCI2VM10ini     Unknown  Unknown
libesmf.dylib      00000001039674D3  c_esmc_vminitiali     Unknown  Unknown
libesmf.dylib      0000000104146360  esmf_vmmod_mp_esm     Unknown  Unknown
libesmf.dylib      0000000103FDC1DB  esmf_initmod_mp_e     Unknown  Unknown
ESMF_RHandleBitFo  0000000102D8D384  MAIN__                Unknown  Unknown
ESMF_RHandleBitFo  0000000102D8D17E  main                  Unknown  Unknown
forrtl: severe (174): SIGSEGV, segmentation fault occurred
Image              PC                Routine            Line        Source             
ESMF_RHandleBitFo  0000000102BA84B4  for__signal_handl     Unknown  Unknown
libsystem_platfor  00007FFF6A61FB5D  _sigtramp             Unknown  Unknown
libmpi.40.dylib    00000001053EC2A1  MPI_Comm_rank         Unknown  Unknown
libesmf.dylib      0000000103750CD3  _ZN5ESMCI3VMK4ini     Unknown  Unknown
libesmf.dylib      000000010372F051  _ZN5ESMCI2VM10ini     Unknown  Unknown
libesmf.dylib      000000010375A4D3  c_esmc_vminitiali     Unknown  Unknown
libesmf.dylib      0000000103F39360  esmf_vmmod_mp_esm     Unknown  Unknown
libesmf.dylib      0000000103DCF1DB  esmf_initmod_mp_e     Unknown  Unknown
ESMF_RHandleBitFo  0000000102B7E384  MAIN__                Unknown  Unknown
ESMF_RHandleBitFo  0000000102B7E17E  main                  Unknown  Unknown
forrtl: severe (174): SIGSEGV, segmentation fault occurred
Image              PC                Routine            Line        Source             
ESMF_RHandleBitFo  000000010ED254B4  for__signal_handl     Unknown  Unknown
libsystem_platfor  00007FFF6A61FB5D  _sigtramp             Unknown  Unknown
libmpi.40.dylib    000000011156F2A1  MPI_Comm_rank         Unknown  Unknown
libesmf.dylib      000000010F8CFCD3  _ZN5ESMCI3VMK4ini     Unknown  Unknown
libesmf.dylib      000000010F8AE051  _ZN5ESMCI2VM10ini     Unknown  Unknown
libesmf.dylib      000000010F8D94D3  c_esmc_vminitiali     Unknown  Unknown
libesmf.dylib      00000001100B8360  esmf_vmmod_mp_esm     Unknown  Unknown
libesmf.dylib      000000010FF4E1DB  esmf_initmod_mp_e     Unknown  Unknown
ESMF_RHandleBitFo  000000010ECFB384  MAIN__                Unknown  Unknown
ESMF_RHandleBitFo  000000010ECFB17E  main                  Unknown  Unknown
forrtl: severe (174): SIGSEGV, segmentation fault occurred
Image              PC                Routine            Line        Source             
ESMF_RHandleBitFo  0000000107C4B4B4  for__signal_handl     Unknown  Unknown
libsystem_platfor  00007FFF6A61FB5D  _sigtramp             Unknown  Unknown
libmpi.40.dylib    000000010A4912A1  MPI_Comm_rank         Unknown  Unknown
libesmf.dylib      00000001087F1CD3  _ZN5ESMCI3VMK4ini     Unknown  Unknown
libesmf.dylib      00000001087D0051  _ZN5ESMCI2VM10ini     Unknown  Unknown
libesmf.dylib      00000001087FB4D3  c_esmc_vminitiali     Unknown  Unknown
libesmf.dylib      0000000108FDA360  esmf_vmmod_mp_esm     Unknown  Unknown
libesmf.dylib      0000000108E701DB  esmf_initmod_mp_e     Unknown  Unknown
ESMF_RHandleBitFo  0000000107C21384  MAIN__                Unknown  Unknown
ESMF_RHandleBitFo  0000000107C2117E  main                  Unknown  Unknown
