forrtl: severe (174): SIGSEGV, segmentation fault occurred
Image              PC                Routine            Line        Source             
ESMF_NUOPCBasicMo  000000010E61B994  for__signal_handl     Unknown  Unknown
libsystem_platfor  00007FFF6A61FB5D  _sigtramp             Unknown  Unknown
libmpi.40.dylib    0000000110F842A1  MPI_Comm_rank         Unknown  Unknown
libesmf.dylib      000000010F1BFCD3  _ZN5ESMCI3VMK4ini     Unknown  Unknown
libesmf.dylib      000000010F19E051  _ZN5ESMCI2VM10ini     Unknown  Unknown
libesmf.dylib      000000010F1C94D3  c_esmc_vminitiali     Unknown  Unknown
libesmf.dylib      000000010F9A8360  esmf_vmmod_mp_esm     Unknown  Unknown
libesmf.dylib      000000010F83E1DB  esmf_initmod_mp_e     Unknown  Unknown
ESMF_NUOPCBasicMo  000000010E5F5031  MAIN__                Unknown  Unknown
ESMF_NUOPCBasicMo  000000010E5F4E9E  main                  Unknown  Unknown
forrtl: severe (174): SIGSEGV, segmentation fault occurred
Image              PC                Routine            Line        Source             
ESMF_NUOPCBasicMo  0000000105011994  for__signal_handl     Unknown  Unknown
libsystem_platfor  00007FFF6A61FB5D  _sigtramp             Unknown  Unknown
libmpi.40.dylib    00000001078542A1  MPI_Comm_rank         Unknown  Unknown
libesmf.dylib      0000000105BB7CD3  _ZN5ESMCI3VMK4ini     Unknown  Unknown
libesmf.dylib      0000000105B96051  _ZN5ESMCI2VM10ini     Unknown  Unknown
libesmf.dylib      0000000105BC14D3  c_esmc_vminitiali     Unknown  Unknown
libesmf.dylib      00000001063A0360  esmf_vmmod_mp_esm     Unknown  Unknown
libesmf.dylib      00000001062361DB  esmf_initmod_mp_e     Unknown  Unknown
ESMF_NUOPCBasicMo  0000000104FEB031  MAIN__                Unknown  Unknown
ESMF_NUOPCBasicMo  0000000104FEAE9E  main                  Unknown  Unknown
forrtl: severe (174): SIGSEGV, segmentation fault occurred
Image              PC                Routine            Line        Source             
ESMF_NUOPCBasicMo  000000010D5C2994  for__signal_handl     Unknown  Unknown
libsystem_platfor  00007FFF6A61FB5D  _sigtramp             Unknown  Unknown
libmpi.40.dylib    000000010FE032A1  MPI_Comm_rank         Unknown  Unknown
libesmf.dylib      000000010E164CD3  _ZN5ESMCI3VMK4ini     Unknown  Unknown
libesmf.dylib      000000010E143051  _ZN5ESMCI2VM10ini     Unknown  Unknown
libesmf.dylib      000000010E16E4D3  c_esmc_vminitiali     Unknown  Unknown
libesmf.dylib      000000010E94D360  esmf_vmmod_mp_esm     Unknown  Unknown
libesmf.dylib      000000010E7E31DB  esmf_initmod_mp_e     Unknown  Unknown
ESMF_NUOPCBasicMo  000000010D59C031  MAIN__                Unknown  Unknown
ESMF_NUOPCBasicMo  000000010D59BE9E  main                  Unknown  Unknown
forrtl: severe (174): SIGSEGV, segmentation fault occurred
Image              PC                Routine            Line        Source             
ESMF_NUOPCBasicMo  000000010080D994  for__signal_handl     Unknown  Unknown
libsystem_platfor  00007FFF6A61FB5D  _sigtramp             Unknown  Unknown
libmpi.40.dylib    00000001030502A1  MPI_Comm_rank         Unknown  Unknown
libesmf.dylib      00000001013B1CD3  _ZN5ESMCI3VMK4ini     Unknown  Unknown
libesmf.dylib      0000000101390051  _ZN5ESMCI2VM10ini     Unknown  Unknown
libesmf.dylib      00000001013BB4D3  c_esmc_vminitiali     Unknown  Unknown
libesmf.dylib      0000000101B9A360  esmf_vmmod_mp_esm     Unknown  Unknown
libesmf.dylib      0000000101A301DB  esmf_initmod_mp_e     Unknown  Unknown
ESMF_NUOPCBasicMo  00000001007E7031  MAIN__                Unknown  Unknown
ESMF_NUOPCBasicMo  00000001007E6E9E  main                  Unknown  Unknown
