forrtl: severe (174): SIGSEGV, segmentation fault occurred
Image              PC                Routine            Line        Source             
ESMF_ArrayScatter  000000010826CF14  for__signal_handl     Unknown  Unknown
libsystem_platfor  00007FFF6A61FB5D  _sigtramp             Unknown  Unknown
libmpi.40.dylib    000000010AAB42A1  MPI_Comm_rank         Unknown  Unknown
libesmf.dylib      0000000108E10CD3  _ZN5ESMCI3VMK4ini     Unknown  Unknown
libesmf.dylib      0000000108DEF051  _ZN5ESMCI2VM10ini     Unknown  Unknown
libesmf.dylib      0000000108E1A4D3  c_esmc_vminitiali     Unknown  Unknown
libesmf.dylib      00000001095F9360  esmf_vmmod_mp_esm     Unknown  Unknown
libesmf.dylib      000000010948F1DB  esmf_initmod_mp_e     Unknown  Unknown
ESMF_ArrayScatter  00000001082467C4  MAIN__                Unknown  Unknown
ESMF_ArrayScatter  000000010824655E  main                  Unknown  Unknown
forrtl: severe (174): SIGSEGV, segmentation fault occurred
Image              PC                Routine            Line        Source             
ESMF_ArrayScatter  0000000106749F14  for__signal_handl     Unknown  Unknown
libsystem_platfor  00007FFF6A61FB5D  _sigtramp             Unknown  Unknown
libmpi.40.dylib    0000000106B342A1  MPI_Comm_rank         Unknown  Unknown
libesmf.dylib      0000000107958CD3  _ZN5ESMCI3VMK4ini     Unknown  Unknown
libesmf.dylib      0000000107937051  _ZN5ESMCI2VM10ini     Unknown  Unknown
libesmf.dylib      00000001079624D3  c_esmc_vminitiali     Unknown  Unknown
libesmf.dylib      0000000108141360  esmf_vmmod_mp_esm     Unknown  Unknown
libesmf.dylib      0000000107FD71DB  esmf_initmod_mp_e     Unknown  Unknown
ESMF_ArrayScatter  00000001067237C4  MAIN__                Unknown  Unknown
ESMF_ArrayScatter  000000010672355E  main                  Unknown  Unknown
forrtl: severe (174): SIGSEGV, segmentation fault occurred
Image              PC                Routine            Line        Source             
ESMF_ArrayScatter  0000000104A16F14  for__signal_handl     Unknown  Unknown
libsystem_platfor  00007FFF6A61FB5D  _sigtramp             Unknown  Unknown
libmpi.40.dylib    00000001072552A1  MPI_Comm_rank         Unknown  Unknown
libesmf.dylib      00000001055B9CD3  _ZN5ESMCI3VMK4ini     Unknown  Unknown
libesmf.dylib      0000000105598051  _ZN5ESMCI2VM10ini     Unknown  Unknown
libesmf.dylib      00000001055C34D3  c_esmc_vminitiali     Unknown  Unknown
libesmf.dylib      0000000105DA2360  esmf_vmmod_mp_esm     Unknown  Unknown
libesmf.dylib      0000000105C381DB  esmf_initmod_mp_e     Unknown  Unknown
ESMF_ArrayScatter  00000001049F07C4  MAIN__                Unknown  Unknown
ESMF_ArrayScatter  00000001049F055E  main                  Unknown  Unknown
forrtl: severe (174): SIGSEGV, segmentation fault occurred
Image              PC                Routine            Line        Source             
ESMF_ArrayScatter  000000010804AF14  for__signal_handl     Unknown  Unknown
libsystem_platfor  00007FFF6A61FB5D  _sigtramp             Unknown  Unknown
libmpi.40.dylib    000000010A8892A1  MPI_Comm_rank         Unknown  Unknown
libesmf.dylib      0000000108BEBCD3  _ZN5ESMCI3VMK4ini     Unknown  Unknown
libesmf.dylib      0000000108BCA051  _ZN5ESMCI2VM10ini     Unknown  Unknown
libesmf.dylib      0000000108BF54D3  c_esmc_vminitiali     Unknown  Unknown
libesmf.dylib      00000001093D4360  esmf_vmmod_mp_esm     Unknown  Unknown
libesmf.dylib      000000010926A1DB  esmf_initmod_mp_e     Unknown  Unknown
ESMF_ArrayScatter  00000001080247C4  MAIN__                Unknown  Unknown
ESMF_ArrayScatter  000000010802455E  main                  Unknown  Unknown
