 seqIndexOffset=         1099511627776
 seqIndexOffset=         1099511627776
 seqIndexOffset=         1099511627776
 seqIndexOffset=         1099511627776
forrtl: severe (174): SIGSEGV, segmentation fault occurred
Image              PC                Routine            Line        Source             
ESMF_ArrayArbHalo  000000010DF75EF4  for__signal_handl     Unknown  Unknown
libsystem_platfor  00007FFF6A61FB5D  _sigtramp             Unknown  Unknown
libmpi.40.dylib    00000001107AE2A1  MPI_Comm_rank         Unknown  Unknown
libesmf.dylib      000000010EB19CD3  _ZN5ESMCI3VMK4ini     Unknown  Unknown
libesmf.dylib      000000010EAF8051  _ZN5ESMCI2VM10ini     Unknown  Unknown
libesmf.dylib      000000010EB234D3  c_esmc_vminitiali     Unknown  Unknown
libesmf.dylib      000000010F302360  esmf_vmmod_mp_esm     Unknown  Unknown
libesmf.dylib      000000010F1981DB  esmf_initmod_mp_e     Unknown  Unknown
ESMF_ArrayArbHalo  000000010DF4D49C  MAIN__                Unknown  Unknown
ESMF_ArrayArbHalo  000000010DF4D23E  main                  Unknown  Unknown
forrtl: severe (174): SIGSEGV, segmentation fault occurred
Image              PC                Routine            Line        Source             
ESMF_ArrayArbHalo  0000000102389EF4  for__signal_handl     Unknown  Unknown
libsystem_platfor  00007FFF6A61FB5D  _sigtramp             Unknown  Unknown
libmpi.40.dylib    00000001027742A1  MPI_Comm_rank         Unknown  Unknown
libesmf.dylib      0000000104A05CD3  _ZN5ESMCI3VMK4ini     Unknown  Unknown
libesmf.dylib      00000001049E4051  _ZN5ESMCI2VM10ini     Unknown  Unknown
libesmf.dylib      0000000104A0F4D3  c_esmc_vminitiali     Unknown  Unknown
libesmf.dylib      00000001051EE360  esmf_vmmod_mp_esm     Unknown  Unknown
libesmf.dylib      00000001050841DB  esmf_initmod_mp_e     Unknown  Unknown
ESMF_ArrayArbHalo  000000010236149C  MAIN__                Unknown  Unknown
ESMF_ArrayArbHalo  000000010236123E  main                  Unknown  Unknown
forrtl: severe (174): SIGSEGV, segmentation fault occurred
Image              PC                Routine            Line        Source             
ESMF_ArrayArbHalo  0000000107F54EF4  for__signal_handl     Unknown  Unknown
libsystem_platfor  00007FFF6A61FB5D  _sigtramp             Unknown  Unknown
libmpi.40.dylib    000000010A7932A1  MPI_Comm_rank         Unknown  Unknown
libesmf.dylib      0000000108AF9CD3  _ZN5ESMCI3VMK4ini     Unknown  Unknown
libesmf.dylib      0000000108AD8051  _ZN5ESMCI2VM10ini     Unknown  Unknown
libesmf.dylib      0000000108B034D3  c_esmc_vminitiali     Unknown  Unknown
libesmf.dylib      00000001092E2360  esmf_vmmod_mp_esm     Unknown  Unknown
libesmf.dylib      00000001091781DB  esmf_initmod_mp_e     Unknown  Unknown
ESMF_ArrayArbHalo  0000000107F2C49C  MAIN__                Unknown  Unknown
ESMF_ArrayArbHalo  0000000107F2C23E  main                  Unknown  Unknown
forrtl: severe (174): SIGSEGV, segmentation fault occurred
Image              PC                Routine            Line        Source             
ESMF_ArrayArbHalo  0000000101DE0EF4  for__signal_handl     Unknown  Unknown
libsystem_platfor  00007FFF6A61FB5D  _sigtramp             Unknown  Unknown
libmpi.40.dylib    00000001046162A1  MPI_Comm_rank         Unknown  Unknown
libesmf.dylib      0000000102983CD3  _ZN5ESMCI3VMK4ini     Unknown  Unknown
libesmf.dylib      0000000102962051  _ZN5ESMCI2VM10ini     Unknown  Unknown
libesmf.dylib      000000010298D4D3  c_esmc_vminitiali     Unknown  Unknown
libesmf.dylib      000000010316C360  esmf_vmmod_mp_esm     Unknown  Unknown
libesmf.dylib      00000001030021DB  esmf_initmod_mp_e     Unknown  Unknown
ESMF_ArrayArbHalo  0000000101DB849C  MAIN__                Unknown  Unknown
ESMF_ArrayArbHalo  0000000101DB823E  main                  Unknown  Unknown
