forrtl: severe (174): SIGSEGV, segmentation fault occurred
Image              PC                Routine            Line        Source             
ESMF_StateReconci  0000000108E9C624  for__signal_handl     Unknown  Unknown
libsystem_platfor  00007FFF6A61FB5D  _sigtramp             Unknown  Unknown
libmpi.40.dylib    000000010B6DF2A1  MPI_Comm_rank         Unknown  Unknown
libesmf.dylib      0000000109A43CD3  _ZN5ESMCI3VMK4ini     Unknown  Unknown
libesmf.dylib      0000000109A22051  _ZN5ESMCI2VM10ini     Unknown  Unknown
libesmf.dylib      0000000109A4D4D3  c_esmc_vminitiali     Unknown  Unknown
libesmf.dylib      000000010A22C360  esmf_vmmod_mp_esm     Unknown  Unknown
libesmf.dylib      000000010A0C21DB  esmf_initmod_mp_e     Unknown  Unknown
ESMF_StateReconci  0000000108E75DE0  MAIN__                Unknown  Unknown
ESMF_StateReconci  0000000108E75BEE  main                  Unknown  Unknown
forrtl: severe (174): SIGSEGV, segmentation fault occurred
Image              PC                Routine            Line        Source             
ESMF_StateReconci  000000010C763624  for__signal_handl     Unknown  Unknown
libsystem_platfor  00007FFF6A61FB5D  _sigtramp             Unknown  Unknown
libmpi.40.dylib    000000010EF9A2A1  MPI_Comm_rank         Unknown  Unknown
libesmf.dylib      000000010D304CD3  _ZN5ESMCI3VMK4ini     Unknown  Unknown
libesmf.dylib      000000010D2E3051  _ZN5ESMCI2VM10ini     Unknown  Unknown
libesmf.dylib      000000010D30E4D3  c_esmc_vminitiali     Unknown  Unknown
libesmf.dylib      000000010DAED360  esmf_vmmod_mp_esm     Unknown  Unknown
libesmf.dylib      000000010D9831DB  esmf_initmod_mp_e     Unknown  Unknown
ESMF_StateReconci  000000010C73CDE0  MAIN__                Unknown  Unknown
ESMF_StateReconci  000000010C73CBEE  main                  Unknown  Unknown
forrtl: severe (174): SIGSEGV, segmentation fault occurred
Image              PC                Routine            Line        Source             
ESMF_StateReconci  000000010F856624  for__signal_handl     Unknown  Unknown
libsystem_platfor  00007FFF6A61FB5D  _sigtramp             Unknown  Unknown
libmpi.40.dylib    000000011208C2A1  MPI_Comm_rank         Unknown  Unknown
libesmf.dylib      00000001103F6CD3  _ZN5ESMCI3VMK4ini     Unknown  Unknown
libesmf.dylib      00000001103D5051  _ZN5ESMCI2VM10ini     Unknown  Unknown
libesmf.dylib      00000001104004D3  c_esmc_vminitiali     Unknown  Unknown
libesmf.dylib      0000000110BDF360  esmf_vmmod_mp_esm     Unknown  Unknown
libesmf.dylib      0000000110A751DB  esmf_initmod_mp_e     Unknown  Unknown
ESMF_StateReconci  000000010F82FDE0  MAIN__                Unknown  Unknown
ESMF_StateReconci  000000010F82FBEE  main                  Unknown  Unknown
forrtl: severe (174): SIGSEGV, segmentation fault occurred
Image              PC                Routine            Line        Source             
ESMF_StateReconci  0000000107EE4624  for__signal_handl     Unknown  Unknown
libsystem_platfor  00007FFF6A61FB5D  _sigtramp             Unknown  Unknown
libmpi.40.dylib    00000001082D02A1  MPI_Comm_rank         Unknown  Unknown
libesmf.dylib      0000000109005CD3  _ZN5ESMCI3VMK4ini     Unknown  Unknown
libesmf.dylib      0000000108FE4051  _ZN5ESMCI2VM10ini     Unknown  Unknown
libesmf.dylib      000000010900F4D3  c_esmc_vminitiali     Unknown  Unknown
libesmf.dylib      00000001097EE360  esmf_vmmod_mp_esm     Unknown  Unknown
libesmf.dylib      00000001096841DB  esmf_initmod_mp_e     Unknown  Unknown
ESMF_StateReconci  0000000107EBDDE0  MAIN__                Unknown  Unknown
ESMF_StateReconci  0000000107EBDBEE  main                  Unknown  Unknown
