forrtl: severe (174): SIGSEGV, segmentation fault occurred
Image              PC                Routine            Line        Source             
ESMF_NUOPCAtmMode  000000010939D214  for__signal_handl     Unknown  Unknown
libsystem_platfor  00007FFF6A61FB5D  _sigtramp             Unknown  Unknown
libmpi.40.dylib    000000010BBDF2A1  MPI_Comm_rank         Unknown  Unknown
libesmf.dylib      0000000109F43CD3  _ZN5ESMCI3VMK4ini     Unknown  Unknown
libesmf.dylib      0000000109F22051  _ZN5ESMCI2VM10ini     Unknown  Unknown
libesmf.dylib      0000000109F4D4D3  c_esmc_vminitiali     Unknown  Unknown
libesmf.dylib      000000010A72C360  esmf_vmmod_mp_esm     Unknown  Unknown
libesmf.dylib      000000010A5C21DB  esmf_initmod_mp_e     Unknown  Unknown
ESMF_NUOPCAtmMode  00000001093752C4  MAIN__                Unknown  Unknown
ESMF_NUOPCAtmMode  00000001093750FE  main                  Unknown  Unknown
forrtl: severe (174): SIGSEGV, segmentation fault occurred
Image              PC                Routine            Line        Source             
ESMF_NUOPCAtmMode  0000000105B0E214  for__signal_handl     Unknown  Unknown
libsystem_platfor  00007FFF6A61FB5D  _sigtramp             Unknown  Unknown
libmpi.40.dylib    000000010834E2A1  MPI_Comm_rank         Unknown  Unknown
libesmf.dylib      00000001066B7CD3  _ZN5ESMCI3VMK4ini     Unknown  Unknown
libesmf.dylib      0000000106696051  _ZN5ESMCI2VM10ini     Unknown  Unknown
libesmf.dylib      00000001066C14D3  c_esmc_vminitiali     Unknown  Unknown
libesmf.dylib      0000000106EA0360  esmf_vmmod_mp_esm     Unknown  Unknown
libesmf.dylib      0000000106D361DB  esmf_initmod_mp_e     Unknown  Unknown
ESMF_NUOPCAtmMode  0000000105AE62C4  MAIN__                Unknown  Unknown
ESMF_NUOPCAtmMode  0000000105AE60FE  main                  Unknown  Unknown
forrtl: severe (174): SIGSEGV, segmentation fault occurred
Image              PC                Routine            Line        Source             
ESMF_NUOPCAtmMode  0000000103F12214  for__signal_handl     Unknown  Unknown
libsystem_platfor  00007FFF6A61FB5D  _sigtramp             Unknown  Unknown
libmpi.40.dylib    00000001067572A1  MPI_Comm_rank         Unknown  Unknown
libesmf.dylib      0000000104ABACD3  _ZN5ESMCI3VMK4ini     Unknown  Unknown
libesmf.dylib      0000000104A99051  _ZN5ESMCI2VM10ini     Unknown  Unknown
libesmf.dylib      0000000104AC44D3  c_esmc_vminitiali     Unknown  Unknown
libesmf.dylib      00000001052A3360  esmf_vmmod_mp_esm     Unknown  Unknown
libesmf.dylib      00000001051391DB  esmf_initmod_mp_e     Unknown  Unknown
ESMF_NUOPCAtmMode  0000000103EEA2C4  MAIN__                Unknown  Unknown
ESMF_NUOPCAtmMode  0000000103EEA0FE  main                  Unknown  Unknown
forrtl: severe (174): SIGSEGV, segmentation fault occurred
Image              PC                Routine            Line        Source             
ESMF_NUOPCAtmMode  000000010A414214  for__signal_handl     Unknown  Unknown
libsystem_platfor  00007FFF6A61FB5D  _sigtramp             Unknown  Unknown
libmpi.40.dylib    000000010CC512A1  MPI_Comm_rank         Unknown  Unknown
libesmf.dylib      000000010AFB6CD3  _ZN5ESMCI3VMK4ini     Unknown  Unknown
libesmf.dylib      000000010AF95051  _ZN5ESMCI2VM10ini     Unknown  Unknown
libesmf.dylib      000000010AFC04D3  c_esmc_vminitiali     Unknown  Unknown
libesmf.dylib      000000010B79F360  esmf_vmmod_mp_esm     Unknown  Unknown
libesmf.dylib      000000010B6351DB  esmf_initmod_mp_e     Unknown  Unknown
ESMF_NUOPCAtmMode  000000010A3EC2C4  MAIN__                Unknown  Unknown
ESMF_NUOPCAtmMode  000000010A3EC0FE  main                  Unknown  Unknown
