forrtl: severe (174): SIGSEGV, segmentation fault occurred
Image              PC                Routine            Line        Source             
ESMF_ConfigOvervi  0000000101C83BA4  for__signal_handl     Unknown  Unknown
libsystem_platfor  00007FFF6A61FB5D  _sigtramp             Unknown  Unknown
libmpi.40.dylib    00000001044C82A1  MPI_Comm_rank         Unknown  Unknown
libesmf.dylib      0000000102828CD3  _ZN5ESMCI3VMK4ini     Unknown  Unknown
libesmf.dylib      0000000102807051  _ZN5ESMCI2VM10ini     Unknown  Unknown
libesmf.dylib      00000001028324D3  c_esmc_vminitiali     Unknown  Unknown
libesmf.dylib      0000000103011360  esmf_vmmod_mp_esm     Unknown  Unknown
libesmf.dylib      0000000102EA71DB  esmf_initmod_mp_e     Unknown  Unknown
ESMF_ConfigOvervi  0000000101C5C7CC  MAIN__                Unknown  Unknown
ESMF_ConfigOvervi  0000000101C5C61E  main                  Unknown  Unknown
forrtl: severe (174): SIGSEGV, segmentation fault occurred
Image              PC                Routine            Line        Source             
ESMF_ConfigOvervi  000000010828DBA4  for__signal_handl     Unknown  Unknown
libsystem_platfor  00007FFF6A61FB5D  _sigtramp             Unknown  Unknown
libmpi.40.dylib    000000010AAC92A1  MPI_Comm_rank         Unknown  Unknown
libesmf.dylib      0000000108E2FCD3  _ZN5ESMCI3VMK4ini     Unknown  Unknown
libesmf.dylib      0000000108E0E051  _ZN5ESMCI2VM10ini     Unknown  Unknown
libesmf.dylib      0000000108E394D3  c_esmc_vminitiali     Unknown  Unknown
libesmf.dylib      0000000109618360  esmf_vmmod_mp_esm     Unknown  Unknown
libesmf.dylib      00000001094AE1DB  esmf_initmod_mp_e     Unknown  Unknown
ESMF_ConfigOvervi  00000001082667CC  MAIN__                Unknown  Unknown
ESMF_ConfigOvervi  000000010826661E  main                  Unknown  Unknown
forrtl: severe (174): SIGSEGV, segmentation fault occurred
Image              PC                Routine            Line        Source             
ESMF_ConfigOvervi  0000000105AF9BA4  for__signal_handl     Unknown  Unknown
libsystem_platfor  00007FFF6A61FB5D  _sigtramp             Unknown  Unknown
libmpi.40.dylib    00000001083472A1  MPI_Comm_rank         Unknown  Unknown
libesmf.dylib      00000001066A2CD3  _ZN5ESMCI3VMK4ini     Unknown  Unknown
libesmf.dylib      0000000106681051  _ZN5ESMCI2VM10ini     Unknown  Unknown
libesmf.dylib      00000001066AC4D3  c_esmc_vminitiali     Unknown  Unknown
libesmf.dylib      0000000106E8B360  esmf_vmmod_mp_esm     Unknown  Unknown
libesmf.dylib      0000000106D211DB  esmf_initmod_mp_e     Unknown  Unknown
ESMF_ConfigOvervi  0000000105AD27CC  MAIN__                Unknown  Unknown
ESMF_ConfigOvervi  0000000105AD261E  main                  Unknown  Unknown
forrtl: severe (174): SIGSEGV, segmentation fault occurred
Image              PC                Routine            Line        Source             
ESMF_ConfigOvervi  0000000103573BA4  for__signal_handl     Unknown  Unknown
libsystem_platfor  00007FFF6A61FB5D  _sigtramp             Unknown  Unknown
libmpi.40.dylib    0000000105DBA2A1  MPI_Comm_rank         Unknown  Unknown
libesmf.dylib      000000010411BCD3  _ZN5ESMCI3VMK4ini     Unknown  Unknown
libesmf.dylib      00000001040FA051  _ZN5ESMCI2VM10ini     Unknown  Unknown
libesmf.dylib      00000001041254D3  c_esmc_vminitiali     Unknown  Unknown
libesmf.dylib      0000000104904360  esmf_vmmod_mp_esm     Unknown  Unknown
libesmf.dylib      000000010479A1DB  esmf_initmod_mp_e     Unknown  Unknown
ESMF_ConfigOvervi  000000010354C7CC  MAIN__                Unknown  Unknown
ESMF_ConfigOvervi  000000010354C61E  main                  Unknown  Unknown
