forrtl: severe (174): SIGSEGV, segmentation fault occurred
Image              PC                Routine            Line        Source             
ESMF_FieldHaloEx   000000010F154EB4  for__signal_handl     Unknown  Unknown
libsystem_platfor  00007FFF6A61FB5D  _sigtramp             Unknown  Unknown
libmpi.40.dylib    000000011198E2A1  MPI_Comm_rank         Unknown  Unknown
libesmf.dylib      000000010FCF3CD3  _ZN5ESMCI3VMK4ini     Unknown  Unknown
libesmf.dylib      000000010FCD2051  _ZN5ESMCI2VM10ini     Unknown  Unknown
libesmf.dylib      000000010FCFD4D3  c_esmc_vminitiali     Unknown  Unknown
libesmf.dylib      00000001104DC360  esmf_vmmod_mp_esm     Unknown  Unknown
libesmf.dylib      00000001103721DB  esmf_initmod_mp_e     Unknown  Unknown
ESMF_FieldHaloEx   000000010F12DFC6  MAIN__                Unknown  Unknown
ESMF_FieldHaloEx   000000010F12DDBE  main                  Unknown  Unknown
forrtl: severe (174): SIGSEGV, segmentation fault occurred
Image              PC                Routine            Line        Source             
ESMF_FieldHaloEx   000000010F7C4EB4  for__signal_handl     Unknown  Unknown
libsystem_platfor  00007FFF6A61FB5D  _sigtramp             Unknown  Unknown
libmpi.40.dylib    00000001121102A1  MPI_Comm_rank         Unknown  Unknown
libesmf.dylib      0000000110368CD3  _ZN5ESMCI3VMK4ini     Unknown  Unknown
libesmf.dylib      0000000110347051  _ZN5ESMCI2VM10ini     Unknown  Unknown
libesmf.dylib      00000001103724D3  c_esmc_vminitiali     Unknown  Unknown
libesmf.dylib      0000000110B51360  esmf_vmmod_mp_esm     Unknown  Unknown
libesmf.dylib      00000001109E71DB  esmf_initmod_mp_e     Unknown  Unknown
ESMF_FieldHaloEx   000000010F79DFC6  MAIN__                Unknown  Unknown
ESMF_FieldHaloEx   000000010F79DDBE  main                  Unknown  Unknown
forrtl: severe (174): SIGSEGV, segmentation fault occurred
Image              PC                Routine            Line        Source             
ESMF_FieldHaloEx   00000001036B8EB4  for__signal_handl     Unknown  Unknown
libsystem_platfor  00007FFF6A61FB5D  _sigtramp             Unknown  Unknown
libmpi.40.dylib    0000000105EFC2A1  MPI_Comm_rank         Unknown  Unknown
libesmf.dylib      000000010425CCD3  _ZN5ESMCI3VMK4ini     Unknown  Unknown
libesmf.dylib      000000010423B051  _ZN5ESMCI2VM10ini     Unknown  Unknown
libesmf.dylib      00000001042664D3  c_esmc_vminitiali     Unknown  Unknown
libesmf.dylib      0000000104A45360  esmf_vmmod_mp_esm     Unknown  Unknown
libesmf.dylib      00000001048DB1DB  esmf_initmod_mp_e     Unknown  Unknown
ESMF_FieldHaloEx   0000000103691FC6  MAIN__                Unknown  Unknown
ESMF_FieldHaloEx   0000000103691DBE  main                  Unknown  Unknown
forrtl: severe (174): SIGSEGV, segmentation fault occurred
Image              PC                Routine            Line        Source             
ESMF_FieldHaloEx   000000010ACD1EB4  for__signal_handl     Unknown  Unknown
libsystem_platfor  00007FFF6A61FB5D  _sigtramp             Unknown  Unknown
libmpi.40.dylib    000000010D5162A1  MPI_Comm_rank         Unknown  Unknown
libesmf.dylib      000000010B877CD3  _ZN5ESMCI3VMK4ini     Unknown  Unknown
libesmf.dylib      000000010B856051  _ZN5ESMCI2VM10ini     Unknown  Unknown
libesmf.dylib      000000010B8814D3  c_esmc_vminitiali     Unknown  Unknown
libesmf.dylib      000000010C060360  esmf_vmmod_mp_esm     Unknown  Unknown
libesmf.dylib      000000010BEF61DB  esmf_initmod_mp_e     Unknown  Unknown
ESMF_FieldHaloEx   000000010ACAAFC6  MAIN__                Unknown  Unknown
ESMF_FieldHaloEx   000000010ACAADBE  main                  Unknown  Unknown
