forrtl: severe (174): SIGSEGV, segmentation fault occurred
Image              PC                Routine            Line        Source             
ESMF_TraceUserEx   0000000101BB3E54  for__signal_handl     Unknown  Unknown
libsystem_platfor  00007FFF6A61FB5D  _sigtramp             Unknown  Unknown
libmpi.40.dylib    00000001043F02A1  MPI_Comm_rank         Unknown  Unknown
libesmf.dylib      0000000102753CD3  _ZN5ESMCI3VMK4ini     Unknown  Unknown
libesmf.dylib      0000000102732051  _ZN5ESMCI2VM10ini     Unknown  Unknown
libesmf.dylib      000000010275D4D3  c_esmc_vminitiali     Unknown  Unknown
libesmf.dylib      0000000102F3C360  esmf_vmmod_mp_esm     Unknown  Unknown
libesmf.dylib      0000000102DD21DB  esmf_initmod_mp_e     Unknown  Unknown
ESMF_TraceUserEx   0000000101B8E04C  MAIN__                Unknown  Unknown
ESMF_TraceUserEx   0000000101B8DEBE  main                  Unknown  Unknown
forrtl: severe (174): SIGSEGV, segmentation fault occurred
Image              PC                Routine            Line        Source             
ESMF_TraceUserEx   0000000105DF6E54  for__signal_handl     Unknown  Unknown
libsystem_platfor  00007FFF6A61FB5D  _sigtramp             Unknown  Unknown
libmpi.40.dylib    000000010871E2A1  MPI_Comm_rank         Unknown  Unknown
libesmf.dylib      000000010699CCD3  _ZN5ESMCI3VMK4ini     Unknown  Unknown
libesmf.dylib      000000010697B051  _ZN5ESMCI2VM10ini     Unknown  Unknown
libesmf.dylib      00000001069A64D3  c_esmc_vminitiali     Unknown  Unknown
libesmf.dylib      0000000107185360  esmf_vmmod_mp_esm     Unknown  Unknown
libesmf.dylib      000000010701B1DB  esmf_initmod_mp_e     Unknown  Unknown
ESMF_TraceUserEx   0000000105DD104C  MAIN__                Unknown  Unknown
ESMF_TraceUserEx   0000000105DD0EBE  main                  Unknown  Unknown
forrtl: severe (174): SIGSEGV, segmentation fault occurred
Image              PC                Routine            Line        Source             
ESMF_TraceUserEx   0000000105FE0E54  for__signal_handl     Unknown  Unknown
libsystem_platfor  00007FFF6A61FB5D  _sigtramp             Unknown  Unknown
libmpi.40.dylib    00000001088222A1  MPI_Comm_rank         Unknown  Unknown
libesmf.dylib      0000000106B85CD3  _ZN5ESMCI3VMK4ini     Unknown  Unknown
libesmf.dylib      0000000106B64051  _ZN5ESMCI2VM10ini     Unknown  Unknown
libesmf.dylib      0000000106B8F4D3  c_esmc_vminitiali     Unknown  Unknown
libesmf.dylib      000000010736E360  esmf_vmmod_mp_esm     Unknown  Unknown
libesmf.dylib      00000001072041DB  esmf_initmod_mp_e     Unknown  Unknown
ESMF_TraceUserEx   0000000105FBB04C  MAIN__                Unknown  Unknown
ESMF_TraceUserEx   0000000105FBAEBE  main                  Unknown  Unknown
forrtl: severe (174): SIGSEGV, segmentation fault occurred
Image              PC                Routine            Line        Source             
ESMF_TraceUserEx   000000010FF50E54  for__signal_handl     Unknown  Unknown
libsystem_platfor  00007FFF6A61FB5D  _sigtramp             Unknown  Unknown
libmpi.40.dylib    00000001127992A1  MPI_Comm_rank         Unknown  Unknown
libesmf.dylib      0000000110AF5CD3  _ZN5ESMCI3VMK4ini     Unknown  Unknown
libesmf.dylib      0000000110AD4051  _ZN5ESMCI2VM10ini     Unknown  Unknown
libesmf.dylib      0000000110AFF4D3  c_esmc_vminitiali     Unknown  Unknown
libesmf.dylib      00000001112DE360  esmf_vmmod_mp_esm     Unknown  Unknown
libesmf.dylib      00000001111741DB  esmf_initmod_mp_e     Unknown  Unknown
ESMF_TraceUserEx   000000010FF2B04C  MAIN__                Unknown  Unknown
ESMF_TraceUserEx   000000010FF2AEBE  main                  Unknown  Unknown
