forrtl: severe (174): SIGSEGV, segmentation fault occurred
Image              PC                Routine            Line        Source             
ESMF_RHandleReusa  0000000104696834  for__signal_handl     Unknown  Unknown
libsystem_platfor  00007FFF6A61FB5D  _sigtramp             Unknown  Unknown
libmpi.40.dylib    0000000106FA52A1  MPI_Comm_rank         Unknown  Unknown
libesmf.dylib      00000001054C0CD3  _ZN5ESMCI3VMK4ini     Unknown  Unknown
libesmf.dylib      000000010549F051  _ZN5ESMCI2VM10ini     Unknown  Unknown
libesmf.dylib      00000001054CA4D3  c_esmc_vminitiali     Unknown  Unknown
libesmf.dylib      0000000105CA9360  esmf_vmmod_mp_esm     Unknown  Unknown
libesmf.dylib      0000000105B3F1DB  esmf_initmod_mp_e     Unknown  Unknown
ESMF_RHandleReusa  000000010466E222  MAIN__                Unknown  Unknown
ESMF_RHandleReusa  000000010466DE4E  main                  Unknown  Unknown
forrtl: severe (174): SIGSEGV, segmentation fault occurred
Image              PC                Routine            Line        Source             
ESMF_RHandleReusa  000000010A97C834  for__signal_handl     Unknown  Unknown
libsystem_platfor  00007FFF6A61FB5D  _sigtramp             Unknown  Unknown
libmpi.40.dylib    000000010D1BF2A1  MPI_Comm_rank         Unknown  Unknown
libesmf.dylib      000000010B521CD3  _ZN5ESMCI3VMK4ini     Unknown  Unknown
libesmf.dylib      000000010B500051  _ZN5ESMCI2VM10ini     Unknown  Unknown
libesmf.dylib      000000010B52B4D3  c_esmc_vminitiali     Unknown  Unknown
libesmf.dylib      000000010BD0A360  esmf_vmmod_mp_esm     Unknown  Unknown
libesmf.dylib      000000010BBA01DB  esmf_initmod_mp_e     Unknown  Unknown
ESMF_RHandleReusa  000000010A954222  MAIN__                Unknown  Unknown
ESMF_RHandleReusa  000000010A953E4E  main                  Unknown  Unknown
forrtl: severe (174): SIGSEGV, segmentation fault occurred
Image              PC                Routine            Line        Source             
ESMF_RHandleReusa  000000010E1C9834  for__signal_handl     Unknown  Unknown
libsystem_platfor  00007FFF6A61FB5D  _sigtramp             Unknown  Unknown
libmpi.40.dylib    0000000110A0C2A1  MPI_Comm_rank         Unknown  Unknown
libesmf.dylib      000000010ED6DCD3  _ZN5ESMCI3VMK4ini     Unknown  Unknown
libesmf.dylib      000000010ED4C051  _ZN5ESMCI2VM10ini     Unknown  Unknown
libesmf.dylib      000000010ED774D3  c_esmc_vminitiali     Unknown  Unknown
libesmf.dylib      000000010F556360  esmf_vmmod_mp_esm     Unknown  Unknown
libesmf.dylib      000000010F3EC1DB  esmf_initmod_mp_e     Unknown  Unknown
ESMF_RHandleReusa  000000010E1A1222  MAIN__                Unknown  Unknown
ESMF_RHandleReusa  000000010E1A0E4E  main                  Unknown  Unknown
forrtl: severe (174): SIGSEGV, segmentation fault occurred
Image              PC                Routine            Line        Source             
ESMF_RHandleReusa  000000010CEAC834  for__signal_handl     Unknown  Unknown
libsystem_platfor  00007FFF6A61FB5D  _sigtramp             Unknown  Unknown
libmpi.40.dylib    000000010F6F92A1  MPI_Comm_rank         Unknown  Unknown
libesmf.dylib      000000010DA53CD3  _ZN5ESMCI3VMK4ini     Unknown  Unknown
libesmf.dylib      000000010DA32051  _ZN5ESMCI2VM10ini     Unknown  Unknown
libesmf.dylib      000000010DA5D4D3  c_esmc_vminitiali     Unknown  Unknown
libesmf.dylib      000000010E23C360  esmf_vmmod_mp_esm     Unknown  Unknown
libesmf.dylib      000000010E0D21DB  esmf_initmod_mp_e     Unknown  Unknown
ESMF_RHandleReusa  000000010CE84222  MAIN__                Unknown  Unknown
ESMF_RHandleReusa  000000010CE83E4E  main                  Unknown  Unknown
