forrtl: severe (174): SIGSEGV, segmentation fault occurred
Image              PC                Routine            Line        Source             
ESMF_ArrayFarrayE  00000001088ECFD4  for__signal_handl     Unknown  Unknown
libsystem_platfor  00007FFF6A61FB5D  _sigtramp             Unknown  Unknown
libmpi.40.dylib    0000000108CD72A1  MPI_Comm_rank         Unknown  Unknown
libesmf.dylib      000000010AC4DCD3  _ZN5ESMCI3VMK4ini     Unknown  Unknown
libesmf.dylib      000000010AC2C051  _ZN5ESMCI2VM10ini     Unknown  Unknown
libesmf.dylib      000000010AC574D3  c_esmc_vminitiali     Unknown  Unknown
libesmf.dylib      000000010B436360  esmf_vmmod_mp_esm     Unknown  Unknown
libesmf.dylib      000000010B2CC1DB  esmf_initmod_mp_e     Unknown  Unknown
ESMF_ArrayFarrayE  00000001088C5730  MAIN__                Unknown  Unknown
ESMF_ArrayFarrayE  00000001088C556E  main                  Unknown  Unknown
forrtl: severe (174): SIGSEGV, segmentation fault occurred
Image              PC                Routine            Line        Source             
ESMF_ArrayFarrayE  00000001002CCFD4  for__signal_handl     Unknown  Unknown
libsystem_platfor  00007FFF6A61FB5D  _sigtramp             Unknown  Unknown
libmpi.40.dylib    0000000102B102A1  MPI_Comm_rank         Unknown  Unknown
libesmf.dylib      0000000100E72CD3  _ZN5ESMCI3VMK4ini     Unknown  Unknown
libesmf.dylib      0000000100E51051  _ZN5ESMCI2VM10ini     Unknown  Unknown
libesmf.dylib      0000000100E7C4D3  c_esmc_vminitiali     Unknown  Unknown
libesmf.dylib      000000010165B360  esmf_vmmod_mp_esm     Unknown  Unknown
libesmf.dylib      00000001014F11DB  esmf_initmod_mp_e     Unknown  Unknown
ESMF_ArrayFarrayE  00000001002A5730  MAIN__                Unknown  Unknown
ESMF_ArrayFarrayE  00000001002A556E  main                  Unknown  Unknown
forrtl: severe (174): SIGSEGV, segmentation fault occurred
Image              PC                Routine            Line        Source             
ESMF_ArrayFarrayE  000000010F6E4FD4  for__signal_handl     Unknown  Unknown
libsystem_platfor  00007FFF6A61FB5D  _sigtramp             Unknown  Unknown
libmpi.40.dylib    0000000111F2D2A1  MPI_Comm_rank         Unknown  Unknown
libesmf.dylib      000000011028ACD3  _ZN5ESMCI3VMK4ini     Unknown  Unknown
libesmf.dylib      0000000110269051  _ZN5ESMCI2VM10ini     Unknown  Unknown
libesmf.dylib      00000001102944D3  c_esmc_vminitiali     Unknown  Unknown
libesmf.dylib      0000000110A73360  esmf_vmmod_mp_esm     Unknown  Unknown
libesmf.dylib      00000001109091DB  esmf_initmod_mp_e     Unknown  Unknown
ESMF_ArrayFarrayE  000000010F6BD730  MAIN__                Unknown  Unknown
ESMF_ArrayFarrayE  000000010F6BD56E  main                  Unknown  Unknown
forrtl: severe (174): SIGSEGV, segmentation fault occurred
Image              PC                Routine            Line        Source             
ESMF_ArrayFarrayE  000000010F000FD4  for__signal_handl     Unknown  Unknown
libsystem_platfor  00007FFF6A61FB5D  _sigtramp             Unknown  Unknown
libmpi.40.dylib    000000011183E2A1  MPI_Comm_rank         Unknown  Unknown
libesmf.dylib      000000010FBA4CD3  _ZN5ESMCI3VMK4ini     Unknown  Unknown
libesmf.dylib      000000010FB83051  _ZN5ESMCI2VM10ini     Unknown  Unknown
libesmf.dylib      000000010FBAE4D3  c_esmc_vminitiali     Unknown  Unknown
libesmf.dylib      000000011038D360  esmf_vmmod_mp_esm     Unknown  Unknown
libesmf.dylib      00000001102231DB  esmf_initmod_mp_e     Unknown  Unknown
ESMF_ArrayFarrayE  000000010EFD9730  MAIN__                Unknown  Unknown
ESMF_ArrayFarrayE  000000010EFD956E  main                  Unknown  Unknown
