forrtl: severe (174): SIGSEGV, segmentation fault occurred
Image              PC                Routine            Line        Source             
ESMF_DistGridEx    000000010E848F34  for__signal_handl     Unknown  Unknown
libsystem_platfor  00007FFF6A61FB5D  _sigtramp             Unknown  Unknown
libmpi.40.dylib    00000001110882A1  MPI_Comm_rank         Unknown  Unknown
libesmf.dylib      000000010F3ECCD3  _ZN5ESMCI3VMK4ini     Unknown  Unknown
libesmf.dylib      000000010F3CB051  _ZN5ESMCI2VM10ini     Unknown  Unknown
libesmf.dylib      000000010F3F64D3  c_esmc_vminitiali     Unknown  Unknown
libesmf.dylib      000000010FBD5360  esmf_vmmod_mp_esm     Unknown  Unknown
libesmf.dylib      000000010FA6B1DB  esmf_initmod_mp_e     Unknown  Unknown
ESMF_DistGridEx    000000010E81C339  MAIN__                Unknown  Unknown
ESMF_DistGridEx    000000010E81C16E  main                  Unknown  Unknown
forrtl: severe (174): SIGSEGV, segmentation fault occurred
Image              PC                Routine            Line        Source             
ESMF_DistGridEx    00000001013F9F34  for__signal_handl     Unknown  Unknown
libsystem_platfor  00007FFF6A61FB5D  _sigtramp             Unknown  Unknown
libmpi.40.dylib    0000000103C432A1  MPI_Comm_rank         Unknown  Unknown
libesmf.dylib      0000000101F9CCD3  _ZN5ESMCI3VMK4ini     Unknown  Unknown
libesmf.dylib      0000000101F7B051  _ZN5ESMCI2VM10ini     Unknown  Unknown
libesmf.dylib      0000000101FA64D3  c_esmc_vminitiali     Unknown  Unknown
libesmf.dylib      0000000102785360  esmf_vmmod_mp_esm     Unknown  Unknown
libesmf.dylib      000000010261B1DB  esmf_initmod_mp_e     Unknown  Unknown
ESMF_DistGridEx    00000001013CD339  MAIN__                Unknown  Unknown
ESMF_DistGridEx    00000001013CD16E  main                  Unknown  Unknown
forrtl: severe (174): SIGSEGV, segmentation fault occurred
Image              PC                Routine            Line        Source             
ESMF_DistGridEx    000000010B84DF34  for__signal_handl     Unknown  Unknown
libsystem_platfor  00007FFF6A61FB5D  _sigtramp             Unknown  Unknown
libmpi.40.dylib    000000010E0922A1  MPI_Comm_rank         Unknown  Unknown
libesmf.dylib      000000010C3F0CD3  _ZN5ESMCI3VMK4ini     Unknown  Unknown
libesmf.dylib      000000010C3CF051  _ZN5ESMCI2VM10ini     Unknown  Unknown
libesmf.dylib      000000010C3FA4D3  c_esmc_vminitiali     Unknown  Unknown
libesmf.dylib      000000010CBD9360  esmf_vmmod_mp_esm     Unknown  Unknown
libesmf.dylib      000000010CA6F1DB  esmf_initmod_mp_e     Unknown  Unknown
ESMF_DistGridEx    000000010B821339  MAIN__                Unknown  Unknown
ESMF_DistGridEx    000000010B82116E  main                  Unknown  Unknown
forrtl: severe (174): SIGSEGV, segmentation fault occurred
Image              PC                Routine            Line        Source             
ESMF_DistGridEx    000000010A0D5F34  for__signal_handl     Unknown  Unknown
libsystem_platfor  00007FFF6A61FB5D  _sigtramp             Unknown  Unknown
libmpi.40.dylib    000000010C9182A1  MPI_Comm_rank         Unknown  Unknown
libesmf.dylib      000000010AC7BCD3  _ZN5ESMCI3VMK4ini     Unknown  Unknown
libesmf.dylib      000000010AC5A051  _ZN5ESMCI2VM10ini     Unknown  Unknown
libesmf.dylib      000000010AC854D3  c_esmc_vminitiali     Unknown  Unknown
libesmf.dylib      000000010B464360  esmf_vmmod_mp_esm     Unknown  Unknown
libesmf.dylib      000000010B2FA1DB  esmf_initmod_mp_e     Unknown  Unknown
ESMF_DistGridEx    000000010A0A9339  MAIN__                Unknown  Unknown
ESMF_DistGridEx    000000010A0A916E  main                  Unknown  Unknown
