forrtl: severe (174): SIGSEGV, segmentation fault occurred
Image              PC                Routine            Line        Source             
ESMF_InternalStat  00000001043AADD4  for__signal_handl     Unknown  Unknown
libsystem_platfor  00007FFF6A61FB5D  _sigtramp             Unknown  Unknown
libmpi.40.dylib    0000000106BE72A1  MPI_Comm_rank         Unknown  Unknown
libesmf.dylib      0000000104F4DCD3  _ZN5ESMCI3VMK4ini     Unknown  Unknown
libesmf.dylib      0000000104F2C051  _ZN5ESMCI2VM10ini     Unknown  Unknown
libesmf.dylib      0000000104F574D3  c_esmc_vminitiali     Unknown  Unknown
libesmf.dylib      0000000105736360  esmf_vmmod_mp_esm     Unknown  Unknown
libesmf.dylib      00000001055CC1DB  esmf_initmod_mp_e     Unknown  Unknown
ESMF_InternalStat  0000000104384B7A  MAIN__                Unknown  Unknown
ESMF_InternalStat  00000001043849EE  main                  Unknown  Unknown
forrtl: severe (174): SIGSEGV, segmentation fault occurred
Image              PC                Routine            Line        Source             
ESMF_InternalStat  00000001082D2DD4  for__signal_handl     Unknown  Unknown
libsystem_platfor  00007FFF6A61FB5D  _sigtramp             Unknown  Unknown
libmpi.40.dylib    00000001086BD2A1  MPI_Comm_rank         Unknown  Unknown
libesmf.dylib      000000010B019CD3  _ZN5ESMCI3VMK4ini     Unknown  Unknown
libesmf.dylib      000000010AFF8051  _ZN5ESMCI2VM10ini     Unknown  Unknown
libesmf.dylib      000000010B0234D3  c_esmc_vminitiali     Unknown  Unknown
libesmf.dylib      000000010B802360  esmf_vmmod_mp_esm     Unknown  Unknown
libesmf.dylib      000000010B6981DB  esmf_initmod_mp_e     Unknown  Unknown
ESMF_InternalStat  00000001082ACB7A  MAIN__                Unknown  Unknown
ESMF_InternalStat  00000001082AC9EE  main                  Unknown  Unknown
forrtl: severe (174): SIGSEGV, segmentation fault occurred
Image              PC                Routine            Line        Source             
ESMF_InternalStat  000000010D9CCDD4  for__signal_handl     Unknown  Unknown
libsystem_platfor  00007FFF6A61FB5D  _sigtramp             Unknown  Unknown
libmpi.40.dylib    000000011020F2A1  MPI_Comm_rank         Unknown  Unknown
libesmf.dylib      000000010E571CD3  _ZN5ESMCI3VMK4ini     Unknown  Unknown
libesmf.dylib      000000010E550051  _ZN5ESMCI2VM10ini     Unknown  Unknown
libesmf.dylib      000000010E57B4D3  c_esmc_vminitiali     Unknown  Unknown
libesmf.dylib      000000010ED5A360  esmf_vmmod_mp_esm     Unknown  Unknown
libesmf.dylib      000000010EBF01DB  esmf_initmod_mp_e     Unknown  Unknown
ESMF_InternalStat  000000010D9A6B7A  MAIN__                Unknown  Unknown
ESMF_InternalStat  000000010D9A69EE  main                  Unknown  Unknown
forrtl: severe (174): SIGSEGV, segmentation fault occurred
Image              PC                Routine            Line        Source             
ESMF_InternalStat  00000001075DDDD4  for__signal_handl     Unknown  Unknown
libsystem_platfor  00007FFF6A61FB5D  _sigtramp             Unknown  Unknown
libmpi.40.dylib    0000000109E1D2A1  MPI_Comm_rank         Unknown  Unknown
libesmf.dylib      000000010817DCD3  _ZN5ESMCI3VMK4ini     Unknown  Unknown
libesmf.dylib      000000010815C051  _ZN5ESMCI2VM10ini     Unknown  Unknown
libesmf.dylib      00000001081874D3  c_esmc_vminitiali     Unknown  Unknown
libesmf.dylib      0000000108966360  esmf_vmmod_mp_esm     Unknown  Unknown
libesmf.dylib      00000001087FC1DB  esmf_initmod_mp_e     Unknown  Unknown
ESMF_InternalStat  00000001075B7B7A  MAIN__                Unknown  Unknown
ESMF_InternalStat  00000001075B79EE  main                  Unknown  Unknown
