forrtl: severe (174): SIGSEGV, segmentation fault occurred
Image              PC                Routine            Line        Source             
ESMF_FieldRegridE  000000010403ED74  for__signal_handl     Unknown  Unknown
libsystem_platfor  00007FFF6A61FB5D  _sigtramp             Unknown  Unknown
libmpi.40.dylib    00000001068862A1  MPI_Comm_rank         Unknown  Unknown
libesmf.dylib      0000000104BE2CD3  _ZN5ESMCI3VMK4ini     Unknown  Unknown
libesmf.dylib      0000000104BC1051  _ZN5ESMCI2VM10ini     Unknown  Unknown
libesmf.dylib      0000000104BEC4D3  c_esmc_vminitiali     Unknown  Unknown
libesmf.dylib      00000001053CB360  esmf_vmmod_mp_esm     Unknown  Unknown
libesmf.dylib      00000001052611DB  esmf_initmod_mp_e     Unknown  Unknown
ESMF_FieldRegridE  000000010401757B  MAIN__                Unknown  Unknown
ESMF_FieldRegridE  00000001040172CE  main                  Unknown  Unknown
forrtl: severe (174): SIGSEGV, segmentation fault occurred
Image              PC                Routine            Line        Source             
ESMF_FieldRegridE  000000010B7D6D74  for__signal_handl     Unknown  Unknown
libsystem_platfor  00007FFF6A61FB5D  _sigtramp             Unknown  Unknown
libmpi.40.dylib    000000010E0142A1  MPI_Comm_rank         Unknown  Unknown
libesmf.dylib      000000010C378CD3  _ZN5ESMCI3VMK4ini     Unknown  Unknown
libesmf.dylib      000000010C357051  _ZN5ESMCI2VM10ini     Unknown  Unknown
libesmf.dylib      000000010C3824D3  c_esmc_vminitiali     Unknown  Unknown
libesmf.dylib      000000010CB61360  esmf_vmmod_mp_esm     Unknown  Unknown
libesmf.dylib      000000010C9F71DB  esmf_initmod_mp_e     Unknown  Unknown
ESMF_FieldRegridE  000000010B7AF57B  MAIN__                Unknown  Unknown
ESMF_FieldRegridE  000000010B7AF2CE  main                  Unknown  Unknown
forrtl: severe (174): SIGSEGV, segmentation fault occurred
Image              PC                Routine            Line        Source             
ESMF_FieldRegridE  0000000108D4AD74  for__signal_handl     Unknown  Unknown
libsystem_platfor  00007FFF6A61FB5D  _sigtramp             Unknown  Unknown
libmpi.40.dylib    000000010B5872A1  MPI_Comm_rank         Unknown  Unknown
libesmf.dylib      00000001098EACD3  _ZN5ESMCI3VMK4ini     Unknown  Unknown
libesmf.dylib      00000001098C9051  _ZN5ESMCI2VM10ini     Unknown  Unknown
libesmf.dylib      00000001098F44D3  c_esmc_vminitiali     Unknown  Unknown
libesmf.dylib      000000010A0D3360  esmf_vmmod_mp_esm     Unknown  Unknown
libesmf.dylib      0000000109F691DB  esmf_initmod_mp_e     Unknown  Unknown
ESMF_FieldRegridE  0000000108D2357B  MAIN__                Unknown  Unknown
ESMF_FieldRegridE  0000000108D232CE  main                  Unknown  Unknown
forrtl: severe (174): SIGSEGV, segmentation fault occurred
Image              PC                Routine            Line        Source             
ESMF_FieldRegridE  000000010BA38D74  for__signal_handl     Unknown  Unknown
libsystem_platfor  00007FFF6A61FB5D  _sigtramp             Unknown  Unknown
libmpi.40.dylib    000000010E2772A1  MPI_Comm_rank         Unknown  Unknown
libesmf.dylib      000000010C5DCCD3  _ZN5ESMCI3VMK4ini     Unknown  Unknown
libesmf.dylib      000000010C5BB051  _ZN5ESMCI2VM10ini     Unknown  Unknown
libesmf.dylib      000000010C5E64D3  c_esmc_vminitiali     Unknown  Unknown
libesmf.dylib      000000010CDC5360  esmf_vmmod_mp_esm     Unknown  Unknown
libesmf.dylib      000000010CC5B1DB  esmf_initmod_mp_e     Unknown  Unknown
ESMF_FieldRegridE  000000010BA1157B  MAIN__                Unknown  Unknown
ESMF_FieldRegridE  000000010BA112CE  main                  Unknown  Unknown
