forrtl: severe (174): SIGSEGV, segmentation fault occurred
Image              PC                Routine            Line        Source             
ESMF_ArrayBundleH  000000010E27BEF4  for__signal_handl     Unknown  Unknown
libsystem_platfor  00007FFF6A61FB5D  _sigtramp             Unknown  Unknown
libmpi.40.dylib    0000000110AB52A1  MPI_Comm_rank         Unknown  Unknown
libesmf.dylib      000000010EE1ACD3  _ZN5ESMCI3VMK4ini     Unknown  Unknown
libesmf.dylib      000000010EDF9051  _ZN5ESMCI2VM10ini     Unknown  Unknown
libesmf.dylib      000000010EE244D3  c_esmc_vminitiali     Unknown  Unknown
libesmf.dylib      000000010F603360  esmf_vmmod_mp_esm     Unknown  Unknown
libesmf.dylib      000000010F4991DB  esmf_initmod_mp_e     Unknown  Unknown
ESMF_ArrayBundleH  000000010E255617  MAIN__                Unknown  Unknown
ESMF_ArrayBundleH  000000010E2553BE  main                  Unknown  Unknown
forrtl: severe (174): SIGSEGV, segmentation fault occurred
Image              PC                Routine            Line        Source             
ESMF_ArrayBundleH  0000000109B01EF4  for__signal_handl     Unknown  Unknown
libsystem_platfor  00007FFF6A61FB5D  _sigtramp             Unknown  Unknown
libmpi.40.dylib    000000010C3452A1  MPI_Comm_rank         Unknown  Unknown
libesmf.dylib      000000010A6A2CD3  _ZN5ESMCI3VMK4ini     Unknown  Unknown
libesmf.dylib      000000010A681051  _ZN5ESMCI2VM10ini     Unknown  Unknown
libesmf.dylib      000000010A6AC4D3  c_esmc_vminitiali     Unknown  Unknown
libesmf.dylib      000000010AE8B360  esmf_vmmod_mp_esm     Unknown  Unknown
libesmf.dylib      000000010AD211DB  esmf_initmod_mp_e     Unknown  Unknown
ESMF_ArrayBundleH  0000000109ADB617  MAIN__                Unknown  Unknown
ESMF_ArrayBundleH  0000000109ADB3BE  main                  Unknown  Unknown
forrtl: severe (174): SIGSEGV, segmentation fault occurred
Image              PC                Routine            Line        Source             
ESMF_ArrayBundleH  000000010D90CEF4  for__signal_handl     Unknown  Unknown
libsystem_platfor  00007FFF6A61FB5D  _sigtramp             Unknown  Unknown
libmpi.40.dylib    00000001101502A1  MPI_Comm_rank         Unknown  Unknown
libesmf.dylib      000000010E4B1CD3  _ZN5ESMCI3VMK4ini     Unknown  Unknown
libesmf.dylib      000000010E490051  _ZN5ESMCI2VM10ini     Unknown  Unknown
libesmf.dylib      000000010E4BB4D3  c_esmc_vminitiali     Unknown  Unknown
libesmf.dylib      000000010EC9A360  esmf_vmmod_mp_esm     Unknown  Unknown
libesmf.dylib      000000010EB301DB  esmf_initmod_mp_e     Unknown  Unknown
ESMF_ArrayBundleH  000000010D8E6617  MAIN__                Unknown  Unknown
ESMF_ArrayBundleH  000000010D8E63BE  main                  Unknown  Unknown
forrtl: severe (174): SIGSEGV, segmentation fault occurred
Image              PC                Routine            Line        Source             
ESMF_ArrayBundleH  00000001020F1EF4  for__signal_handl     Unknown  Unknown
libsystem_platfor  00007FFF6A61FB5D  _sigtramp             Unknown  Unknown
libmpi.40.dylib    00000001049332A1  MPI_Comm_rank         Unknown  Unknown
libesmf.dylib      0000000102C92CD3  _ZN5ESMCI3VMK4ini     Unknown  Unknown
libesmf.dylib      0000000102C71051  _ZN5ESMCI2VM10ini     Unknown  Unknown
libesmf.dylib      0000000102C9C4D3  c_esmc_vminitiali     Unknown  Unknown
libesmf.dylib      000000010347B360  esmf_vmmod_mp_esm     Unknown  Unknown
libesmf.dylib      00000001033111DB  esmf_initmod_mp_e     Unknown  Unknown
ESMF_ArrayBundleH  00000001020CB617  MAIN__                Unknown  Unknown
ESMF_ArrayBundleH  00000001020CB3BE  main                  Unknown  Unknown
