forrtl: severe (174): SIGSEGV, segmentation fault occurred
Image              PC                Routine            Line        Source             
ESMF_FieldBundleS  000000010F289BC4  for__signal_handl     Unknown  Unknown
libsystem_platfor  00007FFF6A61FB5D  _sigtramp             Unknown  Unknown
libmpi.40.dylib    0000000111ACA2A1  MPI_Comm_rank         Unknown  Unknown
libesmf.dylib      000000010FE2CCD3  _ZN5ESMCI3VMK4ini     Unknown  Unknown
libesmf.dylib      000000010FE0B051  _ZN5ESMCI2VM10ini     Unknown  Unknown
libesmf.dylib      000000010FE364D3  c_esmc_vminitiali     Unknown  Unknown
libesmf.dylib      0000000110615360  esmf_vmmod_mp_esm     Unknown  Unknown
libesmf.dylib      00000001104AB1DB  esmf_initmod_mp_e     Unknown  Unknown
ESMF_FieldBundleS  000000010F262D62  MAIN__                Unknown  Unknown
ESMF_FieldBundleS  000000010F262A8E  main                  Unknown  Unknown
forrtl: severe (174): SIGSEGV, segmentation fault occurred
Image              PC                Routine            Line        Source             
ESMF_FieldBundleS  0000000104A13BC4  for__signal_handl     Unknown  Unknown
libsystem_platfor  00007FFF6A61FB5D  _sigtramp             Unknown  Unknown
libmpi.40.dylib    00000001072542A1  MPI_Comm_rank         Unknown  Unknown
libesmf.dylib      00000001055B9CD3  _ZN5ESMCI3VMK4ini     Unknown  Unknown
libesmf.dylib      0000000105598051  _ZN5ESMCI2VM10ini     Unknown  Unknown
libesmf.dylib      00000001055C34D3  c_esmc_vminitiali     Unknown  Unknown
libesmf.dylib      0000000105DA2360  esmf_vmmod_mp_esm     Unknown  Unknown
libesmf.dylib      0000000105C381DB  esmf_initmod_mp_e     Unknown  Unknown
ESMF_FieldBundleS  00000001049ECD62  MAIN__                Unknown  Unknown
ESMF_FieldBundleS  00000001049ECA8E  main                  Unknown  Unknown
forrtl: severe (174): SIGSEGV, segmentation fault occurred
Image              PC                Routine            Line        Source             
ESMF_FieldBundleS  0000000107E35BC4  for__signal_handl     Unknown  Unknown
libsystem_platfor  00007FFF6A61FB5D  _sigtramp             Unknown  Unknown
libmpi.40.dylib    000000010A6782A1  MPI_Comm_rank         Unknown  Unknown
libesmf.dylib      00000001089DACD3  _ZN5ESMCI3VMK4ini     Unknown  Unknown
libesmf.dylib      00000001089B9051  _ZN5ESMCI2VM10ini     Unknown  Unknown
libesmf.dylib      00000001089E44D3  c_esmc_vminitiali     Unknown  Unknown
libesmf.dylib      00000001091C3360  esmf_vmmod_mp_esm     Unknown  Unknown
libesmf.dylib      00000001090591DB  esmf_initmod_mp_e     Unknown  Unknown
ESMF_FieldBundleS  0000000107E0ED62  MAIN__                Unknown  Unknown
ESMF_FieldBundleS  0000000107E0EA8E  main                  Unknown  Unknown
forrtl: severe (174): SIGSEGV, segmentation fault occurred
Image              PC                Routine            Line        Source             
ESMF_FieldBundleS  000000010AFB5BC4  for__signal_handl     Unknown  Unknown
libsystem_platfor  00007FFF6A61FB5D  _sigtramp             Unknown  Unknown
libmpi.40.dylib    000000010D7F02A1  MPI_Comm_rank         Unknown  Unknown
libesmf.dylib      000000010BB5BCD3  _ZN5ESMCI3VMK4ini     Unknown  Unknown
libesmf.dylib      000000010BB3A051  _ZN5ESMCI2VM10ini     Unknown  Unknown
libesmf.dylib      000000010BB654D3  c_esmc_vminitiali     Unknown  Unknown
libesmf.dylib      000000010C344360  esmf_vmmod_mp_esm     Unknown  Unknown
libesmf.dylib      000000010C1DA1DB  esmf_initmod_mp_e     Unknown  Unknown
ESMF_FieldBundleS  000000010AF8ED62  MAIN__                Unknown  Unknown
ESMF_FieldBundleS  000000010AF8EA8E  main                  Unknown  Unknown
