forrtl: severe (174): SIGSEGV, segmentation fault occurred
Image              PC                Routine            Line        Source             
ESMF_VMHigherRank  00000001007ACF74  for__signal_handl     Unknown  Unknown
libsystem_platfor  00007FFF6A61FB5D  _sigtramp             Unknown  Unknown
libmpi.40.dylib    0000000102FE92A1  MPI_Comm_rank         Unknown  Unknown
libesmf.dylib      000000010134ECD3  _ZN5ESMCI3VMK4ini     Unknown  Unknown
libesmf.dylib      000000010132D051  _ZN5ESMCI2VM10ini     Unknown  Unknown
libesmf.dylib      00000001013584D3  c_esmc_vminitiali     Unknown  Unknown
libesmf.dylib      0000000101B37360  esmf_vmmod_mp_esm     Unknown  Unknown
libesmf.dylib      00000001019CD1DB  esmf_initmod_mp_e     Unknown  Unknown
ESMF_VMHigherRank  000000010078651B  MAIN__                Unknown  Unknown
ESMF_VMHigherRank  000000010078637E  main                  Unknown  Unknown
forrtl: severe (174): SIGSEGV, segmentation fault occurred
Image              PC                Routine            Line        Source             
ESMF_VMHigherRank  000000010BC33F74  for__signal_handl     Unknown  Unknown
libsystem_platfor  00007FFF6A61FB5D  _sigtramp             Unknown  Unknown
libmpi.40.dylib    000000010E4722A1  MPI_Comm_rank         Unknown  Unknown
libesmf.dylib      000000010C7D6CD3  _ZN5ESMCI3VMK4ini     Unknown  Unknown
libesmf.dylib      000000010C7B5051  _ZN5ESMCI2VM10ini     Unknown  Unknown
libesmf.dylib      000000010C7E04D3  c_esmc_vminitiali     Unknown  Unknown
libesmf.dylib      000000010CFBF360  esmf_vmmod_mp_esm     Unknown  Unknown
libesmf.dylib      000000010CE551DB  esmf_initmod_mp_e     Unknown  Unknown
ESMF_VMHigherRank  000000010BC0D51B  MAIN__                Unknown  Unknown
ESMF_VMHigherRank  000000010BC0D37E  main                  Unknown  Unknown
forrtl: severe (174): SIGSEGV, segmentation fault occurred
Image              PC                Routine            Line        Source             
ESMF_VMHigherRank  000000010AE7FF74  for__signal_handl     Unknown  Unknown
libsystem_platfor  00007FFF6A61FB5D  _sigtramp             Unknown  Unknown
libmpi.40.dylib    000000010D6BE2A1  MPI_Comm_rank         Unknown  Unknown
libesmf.dylib      000000010BA22CD3  _ZN5ESMCI3VMK4ini     Unknown  Unknown
libesmf.dylib      000000010BA01051  _ZN5ESMCI2VM10ini     Unknown  Unknown
libesmf.dylib      000000010BA2C4D3  c_esmc_vminitiali     Unknown  Unknown
libesmf.dylib      000000010C20B360  esmf_vmmod_mp_esm     Unknown  Unknown
libesmf.dylib      000000010C0A11DB  esmf_initmod_mp_e     Unknown  Unknown
ESMF_VMHigherRank  000000010AE5951B  MAIN__                Unknown  Unknown
ESMF_VMHigherRank  000000010AE5937E  main                  Unknown  Unknown
forrtl: severe (174): SIGSEGV, segmentation fault occurred
Image              PC                Routine            Line        Source             
ESMF_VMHigherRank  000000010EB31F74  for__signal_handl     Unknown  Unknown
libsystem_platfor  00007FFF6A61FB5D  _sigtramp             Unknown  Unknown
libmpi.40.dylib    00000001113762A1  MPI_Comm_rank         Unknown  Unknown
libesmf.dylib      000000010F6D7CD3  _ZN5ESMCI3VMK4ini     Unknown  Unknown
libesmf.dylib      000000010F6B6051  _ZN5ESMCI2VM10ini     Unknown  Unknown
libesmf.dylib      000000010F6E14D3  c_esmc_vminitiali     Unknown  Unknown
libesmf.dylib      000000010FEC0360  esmf_vmmod_mp_esm     Unknown  Unknown
libesmf.dylib      000000010FD561DB  esmf_initmod_mp_e     Unknown  Unknown
ESMF_VMHigherRank  000000010EB0B51B  MAIN__                Unknown  Unknown
ESMF_VMHigherRank  000000010EB0B37E  main                  Unknown  Unknown
