forrtl: severe (174): SIGSEGV, segmentation fault occurred
Image              PC                Routine            Line        Source             
ESMF_ArraySparseM  0000000109402BA4  for__signal_handl     Unknown  Unknown
libsystem_platfor  00007FFF6A61FB5D  _sigtramp             Unknown  Unknown
libmpi.40.dylib    000000010BC442A1  MPI_Comm_rank         Unknown  Unknown
libesmf.dylib      0000000109FA5CD3  _ZN5ESMCI3VMK4ini     Unknown  Unknown
libesmf.dylib      0000000109F84051  _ZN5ESMCI2VM10ini     Unknown  Unknown
libesmf.dylib      0000000109FAF4D3  c_esmc_vminitiali     Unknown  Unknown
libesmf.dylib      000000010A78E360  esmf_vmmod_mp_esm     Unknown  Unknown
libesmf.dylib      000000010A6241DB  esmf_initmod_mp_e     Unknown  Unknown
ESMF_ArraySparseM  00000001093D9D8A  MAIN__                Unknown  Unknown
ESMF_ArraySparseM  00000001093D9B2E  main                  Unknown  Unknown
forrtl: severe (174): SIGSEGV, segmentation fault occurred
Image              PC                Routine            Line        Source             
ESMF_ArraySparseM  000000010810DBA4  for__signal_handl     Unknown  Unknown
libsystem_platfor  00007FFF6A61FB5D  _sigtramp             Unknown  Unknown
libmpi.40.dylib    00000001084F82A1  MPI_Comm_rank         Unknown  Unknown
libesmf.dylib      000000010A02ECD3  _ZN5ESMCI3VMK4ini     Unknown  Unknown
libesmf.dylib      000000010A00D051  _ZN5ESMCI2VM10ini     Unknown  Unknown
libesmf.dylib      000000010A0384D3  c_esmc_vminitiali     Unknown  Unknown
libesmf.dylib      000000010A817360  esmf_vmmod_mp_esm     Unknown  Unknown
libesmf.dylib      000000010A6AD1DB  esmf_initmod_mp_e     Unknown  Unknown
ESMF_ArraySparseM  00000001080E4D8A  MAIN__                Unknown  Unknown
ESMF_ArraySparseM  00000001080E4B2E  main                  Unknown  Unknown
forrtl: severe (174): SIGSEGV, segmentation fault occurred
Image              PC                Routine            Line        Source             
ESMF_ArraySparseM  0000000106346BA4  for__signal_handl     Unknown  Unknown
libsystem_platfor  00007FFF6A61FB5D  _sigtramp             Unknown  Unknown
libmpi.40.dylib    0000000108B912A1  MPI_Comm_rank         Unknown  Unknown
libesmf.dylib      0000000106EEACD3  _ZN5ESMCI3VMK4ini     Unknown  Unknown
libesmf.dylib      0000000106EC9051  _ZN5ESMCI2VM10ini     Unknown  Unknown
libesmf.dylib      0000000106EF44D3  c_esmc_vminitiali     Unknown  Unknown
libesmf.dylib      00000001076D3360  esmf_vmmod_mp_esm     Unknown  Unknown
libesmf.dylib      00000001075691DB  esmf_initmod_mp_e     Unknown  Unknown
ESMF_ArraySparseM  000000010631DD8A  MAIN__                Unknown  Unknown
ESMF_ArraySparseM  000000010631DB2E  main                  Unknown  Unknown
forrtl: severe (174): SIGSEGV, segmentation fault occurred
Image              PC                Routine            Line        Source             
ESMF_ArraySparseM  0000000106E2BBA4  for__signal_handl     Unknown  Unknown
libsystem_platfor  00007FFF6A61FB5D  _sigtramp             Unknown  Unknown
libmpi.40.dylib    00000001096722A1  MPI_Comm_rank         Unknown  Unknown
libesmf.dylib      00000001079D1CD3  _ZN5ESMCI3VMK4ini     Unknown  Unknown
libesmf.dylib      00000001079B0051  _ZN5ESMCI2VM10ini     Unknown  Unknown
libesmf.dylib      00000001079DB4D3  c_esmc_vminitiali     Unknown  Unknown
libesmf.dylib      00000001081BA360  esmf_vmmod_mp_esm     Unknown  Unknown
libesmf.dylib      00000001080501DB  esmf_initmod_mp_e     Unknown  Unknown
ESMF_ArraySparseM  0000000106E02D8A  MAIN__                Unknown  Unknown
ESMF_ArraySparseM  0000000106E02B2E  main                  Unknown  Unknown
