forrtl: severe (174): SIGSEGV, segmentation fault occurred
Image              PC                Routine            Line        Source             
ESMF_StateReadWri  0000000108E46F34  for__signal_handl     Unknown  Unknown
libsystem_platfor  00007FFF6A61FB5D  _sigtramp             Unknown  Unknown
libmpi.40.dylib    000000010B6882A1  MPI_Comm_rank         Unknown  Unknown
libesmf.dylib      00000001099EBCD3  _ZN5ESMCI3VMK4ini     Unknown  Unknown
libesmf.dylib      00000001099CA051  _ZN5ESMCI2VM10ini     Unknown  Unknown
libesmf.dylib      00000001099F54D3  c_esmc_vminitiali     Unknown  Unknown
libesmf.dylib      000000010A1D4360  esmf_vmmod_mp_esm     Unknown  Unknown
libesmf.dylib      000000010A06A1DB  esmf_initmod_mp_e     Unknown  Unknown
ESMF_StateReadWri  0000000108E20FF1  MAIN__                Unknown  Unknown
ESMF_StateReadWri  0000000108E20D7E  main                  Unknown  Unknown
forrtl: severe (174): SIGSEGV, segmentation fault occurred
Image              PC                Routine            Line        Source             
ESMF_StateReadWri  000000010F962F34  for__signal_handl     Unknown  Unknown
libsystem_platfor  00007FFF6A61FB5D  _sigtramp             Unknown  Unknown
libmpi.40.dylib    00000001121A32A1  MPI_Comm_rank         Unknown  Unknown
libesmf.dylib      0000000110503CD3  _ZN5ESMCI3VMK4ini     Unknown  Unknown
libesmf.dylib      00000001104E2051  _ZN5ESMCI2VM10ini     Unknown  Unknown
libesmf.dylib      000000011050D4D3  c_esmc_vminitiali     Unknown  Unknown
libesmf.dylib      0000000110CEC360  esmf_vmmod_mp_esm     Unknown  Unknown
libesmf.dylib      0000000110B821DB  esmf_initmod_mp_e     Unknown  Unknown
ESMF_StateReadWri  000000010F93CFF1  MAIN__                Unknown  Unknown
ESMF_StateReadWri  000000010F93CD7E  main                  Unknown  Unknown
forrtl: severe (174): SIGSEGV, segmentation fault occurred
Image              PC                Routine            Line        Source             
ESMF_StateReadWri  0000000107086F34  for__signal_handl     Unknown  Unknown
libsystem_platfor  00007FFF6A61FB5D  _sigtramp             Unknown  Unknown
libmpi.40.dylib    00000001098C62A1  MPI_Comm_rank         Unknown  Unknown
libesmf.dylib      0000000107C28CD3  _ZN5ESMCI3VMK4ini     Unknown  Unknown
libesmf.dylib      0000000107C07051  _ZN5ESMCI2VM10ini     Unknown  Unknown
libesmf.dylib      0000000107C324D3  c_esmc_vminitiali     Unknown  Unknown
libesmf.dylib      0000000108411360  esmf_vmmod_mp_esm     Unknown  Unknown
libesmf.dylib      00000001082A71DB  esmf_initmod_mp_e     Unknown  Unknown
ESMF_StateReadWri  0000000107060FF1  MAIN__                Unknown  Unknown
ESMF_StateReadWri  0000000107060D7E  main                  Unknown  Unknown
forrtl: severe (174): SIGSEGV, segmentation fault occurred
Image              PC                Routine            Line        Source             
ESMF_StateReadWri  000000010759BF34  for__signal_handl     Unknown  Unknown
libsystem_platfor  00007FFF6A61FB5D  _sigtramp             Unknown  Unknown
libmpi.40.dylib    0000000109DD52A1  MPI_Comm_rank         Unknown  Unknown
libesmf.dylib      000000010813CCD3  _ZN5ESMCI3VMK4ini     Unknown  Unknown
libesmf.dylib      000000010811B051  _ZN5ESMCI2VM10ini     Unknown  Unknown
libesmf.dylib      00000001081464D3  c_esmc_vminitiali     Unknown  Unknown
libesmf.dylib      0000000108925360  esmf_vmmod_mp_esm     Unknown  Unknown
libesmf.dylib      00000001087BB1DB  esmf_initmod_mp_e     Unknown  Unknown
ESMF_StateReadWri  0000000107575FF1  MAIN__                Unknown  Unknown
ESMF_StateReadWri  0000000107575D7E  main                  Unknown  Unknown
