forrtl: severe (174): SIGSEGV, segmentation fault occurred
Image              PC                Routine            Line        Source             
ESMF_LogErrEx      0000000103518F54  for__signal_handl     Unknown  Unknown
libsystem_platfor  00007FFF6A61FB5D  _sigtramp             Unknown  Unknown
libmpi.40.dylib    0000000105D552A1  MPI_Comm_rank         Unknown  Unknown
libesmf.dylib      00000001040BACD3  _ZN5ESMCI3VMK4ini     Unknown  Unknown
libesmf.dylib      0000000104099051  _ZN5ESMCI2VM10ini     Unknown  Unknown
libesmf.dylib      00000001040C44D3  c_esmc_vminitiali     Unknown  Unknown
libesmf.dylib      00000001048A3360  esmf_vmmod_mp_esm     Unknown  Unknown
libesmf.dylib      00000001047391DB  esmf_initmod_mp_e     Unknown  Unknown
ESMF_LogErrEx      00000001034F2EE5  MAIN__                Unknown  Unknown
ESMF_LogErrEx      00000001034F2D1E  main                  Unknown  Unknown
forrtl: severe (174): SIGSEGV, segmentation fault occurred
Image              PC                Routine            Line        Source             
ESMF_LogErrEx      0000000100F85F54  for__signal_handl     Unknown  Unknown
libsystem_platfor  00007FFF6A61FB5D  _sigtramp             Unknown  Unknown
libmpi.40.dylib    00000001037C12A1  MPI_Comm_rank         Unknown  Unknown
libesmf.dylib      0000000101B28CD3  _ZN5ESMCI3VMK4ini     Unknown  Unknown
libesmf.dylib      0000000101B07051  _ZN5ESMCI2VM10ini     Unknown  Unknown
libesmf.dylib      0000000101B324D3  c_esmc_vminitiali     Unknown  Unknown
libesmf.dylib      0000000102311360  esmf_vmmod_mp_esm     Unknown  Unknown
libesmf.dylib      00000001021A71DB  esmf_initmod_mp_e     Unknown  Unknown
ESMF_LogErrEx      0000000100F5FEE5  MAIN__                Unknown  Unknown
ESMF_LogErrEx      0000000100F5FD1E  main                  Unknown  Unknown
forrtl: severe (174): SIGSEGV, segmentation fault occurred
Image              PC                Routine            Line        Source             
ESMF_LogErrEx      0000000108B33F54  for__signal_handl     Unknown  Unknown
libsystem_platfor  00007FFF6A61FB5D  _sigtramp             Unknown  Unknown
libmpi.40.dylib    0000000108F1E2A1  MPI_Comm_rank         Unknown  Unknown
libesmf.dylib      000000010B196CD3  _ZN5ESMCI3VMK4ini     Unknown  Unknown
libesmf.dylib      000000010B175051  _ZN5ESMCI2VM10ini     Unknown  Unknown
libesmf.dylib      000000010B1A04D3  c_esmc_vminitiali     Unknown  Unknown
libesmf.dylib      000000010B97F360  esmf_vmmod_mp_esm     Unknown  Unknown
libesmf.dylib      000000010B8151DB  esmf_initmod_mp_e     Unknown  Unknown
ESMF_LogErrEx      0000000108B0DEE5  MAIN__                Unknown  Unknown
ESMF_LogErrEx      0000000108B0DD1E  main                  Unknown  Unknown
forrtl: severe (174): SIGSEGV, segmentation fault occurred
Image              PC                Routine            Line        Source             
ESMF_LogErrEx      000000010D069F54  for__signal_handl     Unknown  Unknown
libsystem_platfor  00007FFF6A61FB5D  _sigtramp             Unknown  Unknown
libmpi.40.dylib    000000010F8A52A1  MPI_Comm_rank         Unknown  Unknown
libesmf.dylib      000000010DC0FCD3  _ZN5ESMCI3VMK4ini     Unknown  Unknown
libesmf.dylib      000000010DBEE051  _ZN5ESMCI2VM10ini     Unknown  Unknown
libesmf.dylib      000000010DC194D3  c_esmc_vminitiali     Unknown  Unknown
libesmf.dylib      000000010E3F8360  esmf_vmmod_mp_esm     Unknown  Unknown
libesmf.dylib      000000010E28E1DB  esmf_initmod_mp_e     Unknown  Unknown
ESMF_LogErrEx      000000010D043EE5  MAIN__                Unknown  Unknown
ESMF_LogErrEx      000000010D043D1E  main                  Unknown  Unknown
