forrtl: severe (174): SIGSEGV, segmentation fault occurred
Image              PC                Routine            Line        Source             
ESMF_FieldCreateE  00000001081DBA34  for__signal_handl     Unknown  Unknown
libsystem_platfor  00007FFF6A61FB5D  _sigtramp             Unknown  Unknown
libmpi.40.dylib    000000010AA1E2A1  MPI_Comm_rank         Unknown  Unknown
libesmf.dylib      0000000108D82CD3  _ZN5ESMCI3VMK4ini     Unknown  Unknown
libesmf.dylib      0000000108D61051  _ZN5ESMCI2VM10ini     Unknown  Unknown
libesmf.dylib      0000000108D8C4D3  c_esmc_vminitiali     Unknown  Unknown
libesmf.dylib      000000010956B360  esmf_vmmod_mp_esm     Unknown  Unknown
libesmf.dylib      00000001094011DB  esmf_initmod_mp_e     Unknown  Unknown
ESMF_FieldCreateE  00000001081B0A83  MAIN__                Unknown  Unknown
ESMF_FieldCreateE  00000001081B071E  main                  Unknown  Unknown
forrtl: severe (174): SIGSEGV, segmentation fault occurred
Image              PC                Routine            Line        Source             
ESMF_FieldCreateE  000000010301CA34  for__signal_handl     Unknown  Unknown
libsystem_platfor  00007FFF6A61FB5D  _sigtramp             Unknown  Unknown
libmpi.40.dylib    00000001058592A1  MPI_Comm_rank         Unknown  Unknown
libesmf.dylib      0000000103BBECD3  _ZN5ESMCI3VMK4ini     Unknown  Unknown
libesmf.dylib      0000000103B9D051  _ZN5ESMCI2VM10ini     Unknown  Unknown
libesmf.dylib      0000000103BC84D3  c_esmc_vminitiali     Unknown  Unknown
libesmf.dylib      00000001043A7360  esmf_vmmod_mp_esm     Unknown  Unknown
libesmf.dylib      000000010423D1DB  esmf_initmod_mp_e     Unknown  Unknown
ESMF_FieldCreateE  0000000102FF1A83  MAIN__                Unknown  Unknown
ESMF_FieldCreateE  0000000102FF171E  main                  Unknown  Unknown
forrtl: severe (174): SIGSEGV, segmentation fault occurred
Image              PC                Routine            Line        Source             
ESMF_FieldCreateE  000000010A337A34  for__signal_handl     Unknown  Unknown
libsystem_platfor  00007FFF6A61FB5D  _sigtramp             Unknown  Unknown
libmpi.40.dylib    000000010CB772A1  MPI_Comm_rank         Unknown  Unknown
libesmf.dylib      000000010AEDECD3  _ZN5ESMCI3VMK4ini     Unknown  Unknown
libesmf.dylib      000000010AEBD051  _ZN5ESMCI2VM10ini     Unknown  Unknown
libesmf.dylib      000000010AEE84D3  c_esmc_vminitiali     Unknown  Unknown
libesmf.dylib      000000010B6C7360  esmf_vmmod_mp_esm     Unknown  Unknown
libesmf.dylib      000000010B55D1DB  esmf_initmod_mp_e     Unknown  Unknown
ESMF_FieldCreateE  000000010A30CA83  MAIN__                Unknown  Unknown
ESMF_FieldCreateE  000000010A30C71E  main                  Unknown  Unknown
forrtl: severe (174): SIGSEGV, segmentation fault occurred
Image              PC                Routine            Line        Source             
ESMF_FieldCreateE  00000001005F6A34  for__signal_handl     Unknown  Unknown
libsystem_platfor  00007FFF6A61FB5D  _sigtramp             Unknown  Unknown
libmpi.40.dylib    0000000102E362A1  MPI_Comm_rank         Unknown  Unknown
libesmf.dylib      000000010119ACD3  _ZN5ESMCI3VMK4ini     Unknown  Unknown
libesmf.dylib      0000000101179051  _ZN5ESMCI2VM10ini     Unknown  Unknown
libesmf.dylib      00000001011A44D3  c_esmc_vminitiali     Unknown  Unknown
libesmf.dylib      0000000101983360  esmf_vmmod_mp_esm     Unknown  Unknown
libesmf.dylib      00000001018191DB  esmf_initmod_mp_e     Unknown  Unknown
ESMF_FieldCreateE  00000001005CBA83  MAIN__                Unknown  Unknown
ESMF_FieldCreateE  00000001005CB71E  main                  Unknown  Unknown
