forrtl: severe (174): SIGSEGV, segmentation fault occurred
Image              PC                Routine            Line        Source             
ESMF_CplEx         0000000106500584  for__signal_handl     Unknown  Unknown
libsystem_platfor  00007FFF6A61FB5D  _sigtramp             Unknown  Unknown
libmpi.40.dylib    0000000108D402A1  MPI_Comm_rank         Unknown  Unknown
libesmf.dylib      00000001070A5CD3  _ZN5ESMCI3VMK4ini     Unknown  Unknown
libesmf.dylib      0000000107084051  _ZN5ESMCI2VM10ini     Unknown  Unknown
libesmf.dylib      00000001070AF4D3  c_esmc_vminitiali     Unknown  Unknown
libesmf.dylib      000000010788E360  esmf_vmmod_mp_esm     Unknown  Unknown
libesmf.dylib      00000001077241DB  esmf_initmod_mp_e     Unknown  Unknown
ESMF_CplEx         00000001064D9D32  MAIN__                Unknown  Unknown
ESMF_CplEx         00000001064D9A4E  main                  Unknown  Unknown
forrtl: severe (174): SIGSEGV, segmentation fault occurred
Image              PC                Routine            Line        Source             
ESMF_CplEx         000000010B887584  for__signal_handl     Unknown  Unknown
libsystem_platfor  00007FFF6A61FB5D  _sigtramp             Unknown  Unknown
libmpi.40.dylib    000000010E0C72A1  MPI_Comm_rank         Unknown  Unknown
libesmf.dylib      000000010C42BCD3  _ZN5ESMCI3VMK4ini     Unknown  Unknown
libesmf.dylib      000000010C40A051  _ZN5ESMCI2VM10ini     Unknown  Unknown
libesmf.dylib      000000010C4354D3  c_esmc_vminitiali     Unknown  Unknown
libesmf.dylib      000000010CC14360  esmf_vmmod_mp_esm     Unknown  Unknown
libesmf.dylib      000000010CAAA1DB  esmf_initmod_mp_e     Unknown  Unknown
ESMF_CplEx         000000010B860D32  MAIN__                Unknown  Unknown
ESMF_CplEx         000000010B860A4E  main                  Unknown  Unknown
forrtl: severe (174): SIGSEGV, segmentation fault occurred
Image              PC                Routine            Line        Source             
ESMF_CplEx         0000000105FEE584  for__signal_handl     Unknown  Unknown
libsystem_platfor  00007FFF6A61FB5D  _sigtramp             Unknown  Unknown
libmpi.40.dylib    00000001088392A1  MPI_Comm_rank         Unknown  Unknown
libesmf.dylib      0000000106B96CD3  _ZN5ESMCI3VMK4ini     Unknown  Unknown
libesmf.dylib      0000000106B75051  _ZN5ESMCI2VM10ini     Unknown  Unknown
libesmf.dylib      0000000106BA04D3  c_esmc_vminitiali     Unknown  Unknown
libesmf.dylib      000000010737F360  esmf_vmmod_mp_esm     Unknown  Unknown
libesmf.dylib      00000001072151DB  esmf_initmod_mp_e     Unknown  Unknown
ESMF_CplEx         0000000105FC7D32  MAIN__                Unknown  Unknown
ESMF_CplEx         0000000105FC7A4E  main                  Unknown  Unknown
forrtl: severe (174): SIGSEGV, segmentation fault occurred
Image              PC                Routine            Line        Source             
ESMF_CplEx         00000001098F9584  for__signal_handl     Unknown  Unknown
libsystem_platfor  00007FFF6A61FB5D  _sigtramp             Unknown  Unknown
libmpi.40.dylib    000000010C1332A1  MPI_Comm_rank         Unknown  Unknown
libesmf.dylib      000000010A49BCD3  _ZN5ESMCI3VMK4ini     Unknown  Unknown
libesmf.dylib      000000010A47A051  _ZN5ESMCI2VM10ini     Unknown  Unknown
libesmf.dylib      000000010A4A54D3  c_esmc_vminitiali     Unknown  Unknown
libesmf.dylib      000000010AC84360  esmf_vmmod_mp_esm     Unknown  Unknown
libesmf.dylib      000000010AB1A1DB  esmf_initmod_mp_e     Unknown  Unknown
ESMF_CplEx         00000001098D2D32  MAIN__                Unknown  Unknown
ESMF_CplEx         00000001098D2A4E  main                  Unknown  Unknown
