forrtl: severe (174): SIGSEGV, segmentation fault occurred
Image              PC                Routine            Line        Source             
ESMF_GCompEx       000000010184F544  for__signal_handl     Unknown  Unknown
libsystem_platfor  00007FFF6A61FB5D  _sigtramp             Unknown  Unknown
libmpi.40.dylib    000000010408D2A1  MPI_Comm_rank         Unknown  Unknown
libesmf.dylib      00000001023F2CD3  _ZN5ESMCI3VMK4ini     Unknown  Unknown
libesmf.dylib      00000001023D1051  _ZN5ESMCI2VM10ini     Unknown  Unknown
libesmf.dylib      00000001023FC4D3  c_esmc_vminitiali     Unknown  Unknown
libesmf.dylib      0000000102BDB360  esmf_vmmod_mp_esm     Unknown  Unknown
libesmf.dylib      0000000102A711DB  esmf_initmod_mp_e     Unknown  Unknown
ESMF_GCompEx       0000000101828C92  MAIN__                Unknown  Unknown
ESMF_GCompEx       00000001018289AE  main                  Unknown  Unknown
forrtl: severe (174): SIGSEGV, segmentation fault occurred
Image              PC                Routine            Line        Source             
ESMF_GCompEx       000000010BA11544  for__signal_handl     Unknown  Unknown
libsystem_platfor  00007FFF6A61FB5D  _sigtramp             Unknown  Unknown
libmpi.40.dylib    000000010E2502A1  MPI_Comm_rank         Unknown  Unknown
libesmf.dylib      000000010C5B5CD3  _ZN5ESMCI3VMK4ini     Unknown  Unknown
libesmf.dylib      000000010C594051  _ZN5ESMCI2VM10ini     Unknown  Unknown
libesmf.dylib      000000010C5BF4D3  c_esmc_vminitiali     Unknown  Unknown
libesmf.dylib      000000010CD9E360  esmf_vmmod_mp_esm     Unknown  Unknown
libesmf.dylib      000000010CC341DB  esmf_initmod_mp_e     Unknown  Unknown
ESMF_GCompEx       000000010B9EAC92  MAIN__                Unknown  Unknown
ESMF_GCompEx       000000010B9EA9AE  main                  Unknown  Unknown
forrtl: severe (174): SIGSEGV, segmentation fault occurred
Image              PC                Routine            Line        Source             
ESMF_GCompEx       000000010915C544  for__signal_handl     Unknown  Unknown
libsystem_platfor  00007FFF6A61FB5D  _sigtramp             Unknown  Unknown
libmpi.40.dylib    000000010B9A42A1  MPI_Comm_rank         Unknown  Unknown
libesmf.dylib      0000000109D04CD3  _ZN5ESMCI3VMK4ini     Unknown  Unknown
libesmf.dylib      0000000109CE3051  _ZN5ESMCI2VM10ini     Unknown  Unknown
libesmf.dylib      0000000109D0E4D3  c_esmc_vminitiali     Unknown  Unknown
libesmf.dylib      000000010A4ED360  esmf_vmmod_mp_esm     Unknown  Unknown
libesmf.dylib      000000010A3831DB  esmf_initmod_mp_e     Unknown  Unknown
ESMF_GCompEx       0000000109135C92  MAIN__                Unknown  Unknown
ESMF_GCompEx       00000001091359AE  main                  Unknown  Unknown
forrtl: severe (174): SIGSEGV, segmentation fault occurred
Image              PC                Routine            Line        Source             
ESMF_GCompEx       0000000106D54544  for__signal_handl     Unknown  Unknown
libsystem_platfor  00007FFF6A61FB5D  _sigtramp             Unknown  Unknown
libmpi.40.dylib    00000001095992A1  MPI_Comm_rank         Unknown  Unknown
libesmf.dylib      00000001078FCCD3  _ZN5ESMCI3VMK4ini     Unknown  Unknown
libesmf.dylib      00000001078DB051  _ZN5ESMCI2VM10ini     Unknown  Unknown
libesmf.dylib      00000001079064D3  c_esmc_vminitiali     Unknown  Unknown
libesmf.dylib      00000001080E5360  esmf_vmmod_mp_esm     Unknown  Unknown
libesmf.dylib      0000000107F7B1DB  esmf_initmod_mp_e     Unknown  Unknown
ESMF_GCompEx       0000000106D2DC92  MAIN__                Unknown  Unknown
ESMF_GCompEx       0000000106D2D9AE  main                  Unknown  Unknown
