forrtl: severe (174): SIGSEGV, segmentation fault occurred
Image              PC                Routine            Line        Source             
ESMF_ArrayHaloEx   000000010E91E174  for__signal_handl     Unknown  Unknown
libsystem_platfor  00007FFF6A61FB5D  _sigtramp             Unknown  Unknown
libmpi.40.dylib    00000001111732A1  MPI_Comm_rank         Unknown  Unknown
libesmf.dylib      000000010F4D5CD3  _ZN5ESMCI3VMK4ini     Unknown  Unknown
libesmf.dylib      000000010F4B4051  _ZN5ESMCI2VM10ini     Unknown  Unknown
libesmf.dylib      000000010F4DF4D3  c_esmc_vminitiali     Unknown  Unknown
libesmf.dylib      000000010FCBE360  esmf_vmmod_mp_esm     Unknown  Unknown
libesmf.dylib      000000010FB541DB  esmf_initmod_mp_e     Unknown  Unknown
ESMF_ArrayHaloEx   000000010E8F3BE7  MAIN__                Unknown  Unknown
ESMF_ArrayHaloEx   000000010E8F39AE  main                  Unknown  Unknown
forrtl: severe (174): SIGSEGV, segmentation fault occurred
Image              PC                Routine            Line        Source             
ESMF_ArrayHaloEx   00000001091DC174  for__signal_handl     Unknown  Unknown
libsystem_platfor  00007FFF6A61FB5D  _sigtramp             Unknown  Unknown
libmpi.40.dylib    000000010BA2D2A1  MPI_Comm_rank         Unknown  Unknown
libesmf.dylib      0000000109D92CD3  _ZN5ESMCI3VMK4ini     Unknown  Unknown
libesmf.dylib      0000000109D71051  _ZN5ESMCI2VM10ini     Unknown  Unknown
libesmf.dylib      0000000109D9C4D3  c_esmc_vminitiali     Unknown  Unknown
libesmf.dylib      000000010A57B360  esmf_vmmod_mp_esm     Unknown  Unknown
libesmf.dylib      000000010A4111DB  esmf_initmod_mp_e     Unknown  Unknown
ESMF_ArrayHaloEx   00000001091B1BE7  MAIN__                Unknown  Unknown
ESMF_ArrayHaloEx   00000001091B19AE  main                  Unknown  Unknown
forrtl: severe (174): SIGSEGV, segmentation fault occurred
Image              PC                Routine            Line        Source             
ESMF_ArrayHaloEx   000000010CA7E174  for__signal_handl     Unknown  Unknown
libsystem_platfor  00007FFF6A61FB5D  _sigtramp             Unknown  Unknown
libmpi.40.dylib    000000010F2D22A1  MPI_Comm_rank         Unknown  Unknown
libesmf.dylib      000000010D637CD3  _ZN5ESMCI3VMK4ini     Unknown  Unknown
libesmf.dylib      000000010D616051  _ZN5ESMCI2VM10ini     Unknown  Unknown
libesmf.dylib      000000010D6414D3  c_esmc_vminitiali     Unknown  Unknown
libesmf.dylib      000000010DE20360  esmf_vmmod_mp_esm     Unknown  Unknown
libesmf.dylib      000000010DCB61DB  esmf_initmod_mp_e     Unknown  Unknown
ESMF_ArrayHaloEx   000000010CA53BE7  MAIN__                Unknown  Unknown
ESMF_ArrayHaloEx   000000010CA539AE  main                  Unknown  Unknown
forrtl: severe (174): SIGSEGV, segmentation fault occurred
Image              PC                Routine            Line        Source             
ESMF_ArrayHaloEx   0000000109D65174  for__signal_handl     Unknown  Unknown
libsystem_platfor  00007FFF6A61FB5D  _sigtramp             Unknown  Unknown
libmpi.40.dylib    000000010C5BC2A1  MPI_Comm_rank         Unknown  Unknown
libesmf.dylib      000000010A91ECD3  _ZN5ESMCI3VMK4ini     Unknown  Unknown
libesmf.dylib      000000010A8FD051  _ZN5ESMCI2VM10ini     Unknown  Unknown
libesmf.dylib      000000010A9284D3  c_esmc_vminitiali     Unknown  Unknown
libesmf.dylib      000000010B107360  esmf_vmmod_mp_esm     Unknown  Unknown
libesmf.dylib      000000010AF9D1DB  esmf_initmod_mp_e     Unknown  Unknown
ESMF_ArrayHaloEx   0000000109D3ABE7  MAIN__                Unknown  Unknown
ESMF_ArrayHaloEx   0000000109D3A9AE  main                  Unknown  Unknown
