forrtl: severe (174): SIGSEGV, segmentation fault occurred
Image              PC                Routine            Line        Source             
ESMF_GridCreateRe  000000010F2D9FB4  for__signal_handl     Unknown  Unknown
libsystem_platfor  00007FFF6A61FB5D  _sigtramp             Unknown  Unknown
libmpi.40.dylib    0000000111B1B2A1  MPI_Comm_rank         Unknown  Unknown
libesmf.dylib      000000010FE7ACD3  _ZN5ESMCI3VMK4ini     Unknown  Unknown
libesmf.dylib      000000010FE59051  _ZN5ESMCI2VM10ini     Unknown  Unknown
libesmf.dylib      000000010FE844D3  c_esmc_vminitiali     Unknown  Unknown
libesmf.dylib      0000000110663360  esmf_vmmod_mp_esm     Unknown  Unknown
libesmf.dylib      00000001104F91DB  esmf_initmod_mp_e     Unknown  Unknown
ESMF_GridCreateRe  000000010F2B41DC  MAIN__                Unknown  Unknown
ESMF_GridCreateRe  000000010F2B401E  main                  Unknown  Unknown
forrtl: severe (174): SIGSEGV, segmentation fault occurred
Image              PC                Routine            Line        Source             
ESMF_GridCreateRe  0000000104EA5FB4  for__signal_handl     Unknown  Unknown
libsystem_platfor  00007FFF6A61FB5D  _sigtramp             Unknown  Unknown
libmpi.40.dylib    00000001076E82A1  MPI_Comm_rank         Unknown  Unknown
libesmf.dylib      0000000105A45CD3  _ZN5ESMCI3VMK4ini     Unknown  Unknown
libesmf.dylib      0000000105A24051  _ZN5ESMCI2VM10ini     Unknown  Unknown
libesmf.dylib      0000000105A4F4D3  c_esmc_vminitiali     Unknown  Unknown
libesmf.dylib      000000010622E360  esmf_vmmod_mp_esm     Unknown  Unknown
libesmf.dylib      00000001060C41DB  esmf_initmod_mp_e     Unknown  Unknown
ESMF_GridCreateRe  0000000104E801DC  MAIN__                Unknown  Unknown
ESMF_GridCreateRe  0000000104E8001E  main                  Unknown  Unknown
forrtl: severe (174): SIGSEGV, segmentation fault occurred
Image              PC                Routine            Line        Source             
ESMF_GridCreateRe  000000010E8A5FB4  for__signal_handl     Unknown  Unknown
libsystem_platfor  00007FFF6A61FB5D  _sigtramp             Unknown  Unknown
libmpi.40.dylib    00000001110E42A1  MPI_Comm_rank         Unknown  Unknown
libesmf.dylib      000000010F448CD3  _ZN5ESMCI3VMK4ini     Unknown  Unknown
libesmf.dylib      000000010F427051  _ZN5ESMCI2VM10ini     Unknown  Unknown
libesmf.dylib      000000010F4524D3  c_esmc_vminitiali     Unknown  Unknown
libesmf.dylib      000000010FC31360  esmf_vmmod_mp_esm     Unknown  Unknown
libesmf.dylib      000000010FAC71DB  esmf_initmod_mp_e     Unknown  Unknown
ESMF_GridCreateRe  000000010E8801DC  MAIN__                Unknown  Unknown
ESMF_GridCreateRe  000000010E88001E  main                  Unknown  Unknown
forrtl: severe (174): SIGSEGV, segmentation fault occurred
Image              PC                Routine            Line        Source             
ESMF_GridCreateRe  000000010DB6AFB4  for__signal_handl     Unknown  Unknown
libsystem_platfor  00007FFF6A61FB5D  _sigtramp             Unknown  Unknown
libmpi.40.dylib    00000001103A02A1  MPI_Comm_rank         Unknown  Unknown
libesmf.dylib      000000010E709CD3  _ZN5ESMCI3VMK4ini     Unknown  Unknown
libesmf.dylib      000000010E6E8051  _ZN5ESMCI2VM10ini     Unknown  Unknown
libesmf.dylib      000000010E7134D3  c_esmc_vminitiali     Unknown  Unknown
libesmf.dylib      000000010EEF2360  esmf_vmmod_mp_esm     Unknown  Unknown
libesmf.dylib      000000010ED881DB  esmf_initmod_mp_e     Unknown  Unknown
ESMF_GridCreateRe  000000010DB451DC  MAIN__                Unknown  Unknown
ESMF_GridCreateRe  000000010DB4501E  main                  Unknown  Unknown
