forrtl: severe (174): SIGSEGV, segmentation fault occurred
Image              PC                Routine            Line        Source             
ESMF_SCompEx       00000001080365E4  for__signal_handl     Unknown  Unknown
libsystem_platfor  00007FFF6A61FB5D  _sigtramp             Unknown  Unknown
libmpi.40.dylib    000000010A8752A1  MPI_Comm_rank         Unknown  Unknown
libesmf.dylib      0000000108BDCCD3  _ZN5ESMCI3VMK4ini     Unknown  Unknown
libesmf.dylib      0000000108BBB051  _ZN5ESMCI2VM10ini     Unknown  Unknown
libesmf.dylib      0000000108BE64D3  c_esmc_vminitiali     Unknown  Unknown
libesmf.dylib      00000001093C5360  esmf_vmmod_mp_esm     Unknown  Unknown
libesmf.dylib      000000010925B1DB  esmf_initmod_mp_e     Unknown  Unknown
ESMF_SCompEx       000000010800FB82  MAIN__                Unknown  Unknown
ESMF_SCompEx       000000010800F8FE  main                  Unknown  Unknown
forrtl: severe (174): SIGSEGV, segmentation fault occurred
Image              PC                Routine            Line        Source             
ESMF_SCompEx       000000010059B5E4  for__signal_handl     Unknown  Unknown
libsystem_platfor  00007FFF6A61FB5D  _sigtramp             Unknown  Unknown
libmpi.40.dylib    0000000102DEA2A1  MPI_Comm_rank         Unknown  Unknown
libesmf.dylib      0000000101143CD3  _ZN5ESMCI3VMK4ini     Unknown  Unknown
libesmf.dylib      0000000101122051  _ZN5ESMCI2VM10ini     Unknown  Unknown
libesmf.dylib      000000010114D4D3  c_esmc_vminitiali     Unknown  Unknown
libesmf.dylib      000000010192C360  esmf_vmmod_mp_esm     Unknown  Unknown
libesmf.dylib      00000001017C21DB  esmf_initmod_mp_e     Unknown  Unknown
ESMF_SCompEx       0000000100574B82  MAIN__                Unknown  Unknown
ESMF_SCompEx       00000001005748FE  main                  Unknown  Unknown
forrtl: severe (174): SIGSEGV, segmentation fault occurred
Image              PC                Routine            Line        Source             
ESMF_SCompEx       000000010F1C55E4  for__signal_handl     Unknown  Unknown
libsystem_platfor  00007FFF6A61FB5D  _sigtramp             Unknown  Unknown
libmpi.40.dylib    0000000111A062A1  MPI_Comm_rank         Unknown  Unknown
libesmf.dylib      000000010FD69CD3  _ZN5ESMCI3VMK4ini     Unknown  Unknown
libesmf.dylib      000000010FD48051  _ZN5ESMCI2VM10ini     Unknown  Unknown
libesmf.dylib      000000010FD734D3  c_esmc_vminitiali     Unknown  Unknown
libesmf.dylib      0000000110552360  esmf_vmmod_mp_esm     Unknown  Unknown
libesmf.dylib      00000001103E81DB  esmf_initmod_mp_e     Unknown  Unknown
ESMF_SCompEx       000000010F19EB82  MAIN__                Unknown  Unknown
ESMF_SCompEx       000000010F19E8FE  main                  Unknown  Unknown
forrtl: severe (174): SIGSEGV, segmentation fault occurred
Image              PC                Routine            Line        Source             
ESMF_SCompEx       00000001065B65E4  for__signal_handl     Unknown  Unknown
libsystem_platfor  00007FFF6A61FB5D  _sigtramp             Unknown  Unknown
libmpi.40.dylib    00000001069A32A1  MPI_Comm_rank         Unknown  Unknown
libesmf.dylib      0000000107AB5CD3  _ZN5ESMCI3VMK4ini     Unknown  Unknown
libesmf.dylib      0000000107A94051  _ZN5ESMCI2VM10ini     Unknown  Unknown
libesmf.dylib      0000000107ABF4D3  c_esmc_vminitiali     Unknown  Unknown
libesmf.dylib      000000010829E360  esmf_vmmod_mp_esm     Unknown  Unknown
libesmf.dylib      00000001081341DB  esmf_initmod_mp_e     Unknown  Unknown
ESMF_SCompEx       000000010658FB82  MAIN__                Unknown  Unknown
ESMF_SCompEx       000000010658F8FE  main                  Unknown  Unknown
