forrtl: severe (174): SIGSEGV, segmentation fault occurred
Image              PC                Routine            Line        Source             
ESMF_CompTunnelEx  000000010577BC34  for__signal_handl     Unknown  Unknown
libsystem_platfor  00007FFF6A61FB5D  _sigtramp             Unknown  Unknown
libmpi.40.dylib    0000000107FBD2A1  MPI_Comm_rank         Unknown  Unknown
libesmf.dylib      000000010631FCD3  _ZN5ESMCI3VMK4ini     Unknown  Unknown
libesmf.dylib      00000001062FE051  _ZN5ESMCI2VM10ini     Unknown  Unknown
libesmf.dylib      00000001063294D3  c_esmc_vminitiali     Unknown  Unknown
libesmf.dylib      0000000106B08360  esmf_vmmod_mp_esm     Unknown  Unknown
libesmf.dylib      000000010699E1DB  esmf_initmod_mp_e     Unknown  Unknown
ESMF_CompTunnelEx  00000001057554CE  MAIN__                Unknown  Unknown
ESMF_CompTunnelEx  00000001057552EE  main                  Unknown  Unknown
forrtl: severe (174): SIGSEGV, segmentation fault occurred
Image              PC                Routine            Line        Source             
ESMF_CompTunnelEx  000000010A548C34  for__signal_handl     Unknown  Unknown
libsystem_platfor  00007FFF6A61FB5D  _sigtramp             Unknown  Unknown
libmpi.40.dylib    000000010CD8C2A1  MPI_Comm_rank         Unknown  Unknown
libesmf.dylib      000000010B0EACD3  _ZN5ESMCI3VMK4ini     Unknown  Unknown
libesmf.dylib      000000010B0C9051  _ZN5ESMCI2VM10ini     Unknown  Unknown
libesmf.dylib      000000010B0F44D3  c_esmc_vminitiali     Unknown  Unknown
libesmf.dylib      000000010B8D3360  esmf_vmmod_mp_esm     Unknown  Unknown
libesmf.dylib      000000010B7691DB  esmf_initmod_mp_e     Unknown  Unknown
ESMF_CompTunnelEx  000000010A5224CE  MAIN__                Unknown  Unknown
ESMF_CompTunnelEx  000000010A5222EE  main                  Unknown  Unknown
forrtl: severe (174): SIGSEGV, segmentation fault occurred
Image              PC                Routine            Line        Source             
ESMF_CompTunnelEx  000000010CB85C34  for__signal_handl     Unknown  Unknown
libsystem_platfor  00007FFF6A61FB5D  _sigtramp             Unknown  Unknown
libmpi.40.dylib    000000010CF702A1  MPI_Comm_rank         Unknown  Unknown
libesmf.dylib      000000010F928CD3  _ZN5ESMCI3VMK4ini     Unknown  Unknown
libesmf.dylib      000000010F907051  _ZN5ESMCI2VM10ini     Unknown  Unknown
libesmf.dylib      000000010F9324D3  c_esmc_vminitiali     Unknown  Unknown
libesmf.dylib      0000000110111360  esmf_vmmod_mp_esm     Unknown  Unknown
libesmf.dylib      000000010FFA71DB  esmf_initmod_mp_e     Unknown  Unknown
ESMF_CompTunnelEx  000000010CB5F4CE  MAIN__                Unknown  Unknown
ESMF_CompTunnelEx  000000010CB5F2EE  main                  Unknown  Unknown
forrtl: severe (174): SIGSEGV, segmentation fault occurred
Image              PC                Routine            Line        Source             
ESMF_CompTunnelEx  000000010CA79C34  for__signal_handl     Unknown  Unknown
libsystem_platfor  00007FFF6A61FB5D  _sigtramp             Unknown  Unknown
libmpi.40.dylib    000000010CE642A1  MPI_Comm_rank         Unknown  Unknown
libesmf.dylib      000000010DF68CD3  _ZN5ESMCI3VMK4ini     Unknown  Unknown
libesmf.dylib      000000010DF47051  _ZN5ESMCI2VM10ini     Unknown  Unknown
libesmf.dylib      000000010DF724D3  c_esmc_vminitiali     Unknown  Unknown
libesmf.dylib      000000010E751360  esmf_vmmod_mp_esm     Unknown  Unknown
libesmf.dylib      000000010E5E71DB  esmf_initmod_mp_e     Unknown  Unknown
ESMF_CompTunnelEx  000000010CA534CE  MAIN__                Unknown  Unknown
ESMF_CompTunnelEx  000000010CA532EE  main                  Unknown  Unknown
forrtl: severe (174): SIGSEGV, segmentation fault occurred
Image              PC                Routine            Line        Source             
ESMF_CompTunnelEx  0000000105C78C34  for__signal_handl     Unknown  Unknown
libsystem_platfor  00007FFF6A61FB5D  _sigtramp             Unknown  Unknown
libmpi.40.dylib    00000001084BC2A1  MPI_Comm_rank         Unknown  Unknown
libesmf.dylib      000000010681CCD3  _ZN5ESMCI3VMK4ini     Unknown  Unknown
libesmf.dylib      00000001067FB051  _ZN5ESMCI2VM10ini     Unknown  Unknown
libesmf.dylib      00000001068264D3  c_esmc_vminitiali     Unknown  Unknown
libesmf.dylib      0000000107005360  esmf_vmmod_mp_esm     Unknown  Unknown
libesmf.dylib      0000000106E9B1DB  esmf_initmod_mp_e     Unknown  Unknown
ESMF_CompTunnelEx  0000000105C524CE  MAIN__                Unknown  Unknown
ESMF_CompTunnelEx  0000000105C522EE  main                  Unknown  Unknown
forrtl: severe (174): SIGSEGV, segmentation fault occurred
Image              PC                Routine            Line        Source             
ESMF_CompTunnelEx  0000000100493C34  for__signal_handl     Unknown  Unknown
libsystem_platfor  00007FFF6A61FB5D  _sigtramp             Unknown  Unknown
libmpi.40.dylib    0000000102CD12A1  MPI_Comm_rank         Unknown  Unknown
libesmf.dylib      0000000101033CD3  _ZN5ESMCI3VMK4ini     Unknown  Unknown
libesmf.dylib      0000000101012051  _ZN5ESMCI2VM10ini     Unknown  Unknown
libesmf.dylib      000000010103D4D3  c_esmc_vminitiali     Unknown  Unknown
libesmf.dylib      000000010181C360  esmf_vmmod_mp_esm     Unknown  Unknown
libesmf.dylib      00000001016B21DB  esmf_initmod_mp_e     Unknown  Unknown
ESMF_CompTunnelEx  000000010046D4CE  MAIN__                Unknown  Unknown
ESMF_CompTunnelEx  000000010046D2EE  main                  Unknown  Unknown
