forrtl: severe (174): SIGSEGV, segmentation fault occurred
Image              PC                Routine            Line        Source             
ESMF_RHandleFromR  000000010FC18254  for__signal_handl     Unknown  Unknown
libsystem_platfor  00007FFF6A61FB5D  _sigtramp             Unknown  Unknown
libmpi.40.dylib    00000001125D12A1  MPI_Comm_rank         Unknown  Unknown
libesmf.dylib      0000000110971CD3  _ZN5ESMCI3VMK4ini     Unknown  Unknown
libesmf.dylib      0000000110950051  _ZN5ESMCI2VM10ini     Unknown  Unknown
libesmf.dylib      000000011097B4D3  c_esmc_vminitiali     Unknown  Unknown
libesmf.dylib      000000011115A360  esmf_vmmod_mp_esm     Unknown  Unknown
libesmf.dylib      0000000110FF01DB  esmf_initmod_mp_e     Unknown  Unknown
ESMF_RHandleFromR  000000010FBEED56  MAIN__                Unknown  Unknown
ESMF_RHandleFromR  000000010FBEEA9E  main                  Unknown  Unknown
forrtl: severe (174): SIGSEGV, segmentation fault occurred
Image              PC                Routine            Line        Source             
ESMF_RHandleFromR  0000000105860254  for__signal_handl     Unknown  Unknown
libsystem_platfor  00007FFF6A61FB5D  _sigtramp             Unknown  Unknown
libmpi.40.dylib    00000001080A42A1  MPI_Comm_rank         Unknown  Unknown
libesmf.dylib      0000000106405CD3  _ZN5ESMCI3VMK4ini     Unknown  Unknown
libesmf.dylib      00000001063E4051  _ZN5ESMCI2VM10ini     Unknown  Unknown
libesmf.dylib      000000010640F4D3  c_esmc_vminitiali     Unknown  Unknown
libesmf.dylib      0000000106BEE360  esmf_vmmod_mp_esm     Unknown  Unknown
libesmf.dylib      0000000106A841DB  esmf_initmod_mp_e     Unknown  Unknown
ESMF_RHandleFromR  0000000105836D56  MAIN__                Unknown  Unknown
ESMF_RHandleFromR  0000000105836A9E  main                  Unknown  Unknown
forrtl: severe (174): SIGSEGV, segmentation fault occurred
Image              PC                Routine            Line        Source             
ESMF_RHandleFromR  000000010DA9E254  for__signal_handl     Unknown  Unknown
libsystem_platfor  00007FFF6A61FB5D  _sigtramp             Unknown  Unknown
libmpi.40.dylib    000000010DE8C2A1  MPI_Comm_rank         Unknown  Unknown
libesmf.dylib      000000010F991CD3  _ZN5ESMCI3VMK4ini     Unknown  Unknown
libesmf.dylib      000000010F970051  _ZN5ESMCI2VM10ini     Unknown  Unknown
libesmf.dylib      000000010F99B4D3  c_esmc_vminitiali     Unknown  Unknown
libesmf.dylib      000000011017A360  esmf_vmmod_mp_esm     Unknown  Unknown
libesmf.dylib      00000001100101DB  esmf_initmod_mp_e     Unknown  Unknown
ESMF_RHandleFromR  000000010DA74D56  MAIN__                Unknown  Unknown
ESMF_RHandleFromR  000000010DA74A9E  main                  Unknown  Unknown
forrtl: severe (174): SIGSEGV, segmentation fault occurred
Image              PC                Routine            Line        Source             
ESMF_RHandleFromR  0000000100B7C254  for__signal_handl     Unknown  Unknown
libsystem_platfor  00007FFF6A61FB5D  _sigtramp             Unknown  Unknown
libmpi.40.dylib    00000001033C22A1  MPI_Comm_rank         Unknown  Unknown
libesmf.dylib      0000000101721CD3  _ZN5ESMCI3VMK4ini     Unknown  Unknown
libesmf.dylib      0000000101700051  _ZN5ESMCI2VM10ini     Unknown  Unknown
libesmf.dylib      000000010172B4D3  c_esmc_vminitiali     Unknown  Unknown
libesmf.dylib      0000000101F0A360  esmf_vmmod_mp_esm     Unknown  Unknown
libesmf.dylib      0000000101DA01DB  esmf_initmod_mp_e     Unknown  Unknown
ESMF_RHandleFromR  0000000100B52D56  MAIN__                Unknown  Unknown
ESMF_RHandleFromR  0000000100B52A9E  main                  Unknown  Unknown
