forrtl: severe (174): SIGSEGV, segmentation fault occurred
Image              PC                Routine            Line        Source             
ESMF_VMDefaultBas  000000010ADEFED4  for__signal_handl     Unknown  Unknown
libsystem_platfor  00007FFF6A61FB5D  _sigtramp             Unknown  Unknown
libmpi.40.dylib    000000010D62F2A1  MPI_Comm_rank         Unknown  Unknown
libesmf.dylib      000000010B992CD3  _ZN5ESMCI3VMK4ini     Unknown  Unknown
libesmf.dylib      000000010B971051  _ZN5ESMCI2VM10ini     Unknown  Unknown
libesmf.dylib      000000010B99C4D3  c_esmc_vminitiali     Unknown  Unknown
libesmf.dylib      000000010C17B360  esmf_vmmod_mp_esm     Unknown  Unknown
libesmf.dylib      000000010C0111DB  esmf_initmod_mp_e     Unknown  Unknown
ESMF_VMDefaultBas  000000010ADC9F20  MAIN__                Unknown  Unknown
ESMF_VMDefaultBas  000000010ADC9D8E  main                  Unknown  Unknown
forrtl: severe (174): SIGSEGV, segmentation fault occurred
Image              PC                Routine            Line        Source             
ESMF_VMDefaultBas  00000001071C6ED4  for__signal_handl     Unknown  Unknown
libsystem_platfor  00007FFF6A61FB5D  _sigtramp             Unknown  Unknown
libmpi.40.dylib    0000000109A022A1  MPI_Comm_rank         Unknown  Unknown
libesmf.dylib      0000000107D66CD3  _ZN5ESMCI3VMK4ini     Unknown  Unknown
libesmf.dylib      0000000107D45051  _ZN5ESMCI2VM10ini     Unknown  Unknown
libesmf.dylib      0000000107D704D3  c_esmc_vminitiali     Unknown  Unknown
libesmf.dylib      000000010854F360  esmf_vmmod_mp_esm     Unknown  Unknown
libesmf.dylib      00000001083E51DB  esmf_initmod_mp_e     Unknown  Unknown
ESMF_VMDefaultBas  00000001071A0F20  MAIN__                Unknown  Unknown
ESMF_VMDefaultBas  00000001071A0D8E  main                  Unknown  Unknown
forrtl: severe (174): SIGSEGV, segmentation fault occurred
Image              PC                Routine            Line        Source             
ESMF_VMDefaultBas  000000010C059ED4  for__signal_handl     Unknown  Unknown
libsystem_platfor  00007FFF6A61FB5D  _sigtramp             Unknown  Unknown
libmpi.40.dylib    000000010E8942A1  MPI_Comm_rank         Unknown  Unknown
libesmf.dylib      000000010CBF8CD3  _ZN5ESMCI3VMK4ini     Unknown  Unknown
libesmf.dylib      000000010CBD7051  _ZN5ESMCI2VM10ini     Unknown  Unknown
libesmf.dylib      000000010CC024D3  c_esmc_vminitiali     Unknown  Unknown
libesmf.dylib      000000010D3E1360  esmf_vmmod_mp_esm     Unknown  Unknown
libesmf.dylib      000000010D2771DB  esmf_initmod_mp_e     Unknown  Unknown
ESMF_VMDefaultBas  000000010C033F20  MAIN__                Unknown  Unknown
ESMF_VMDefaultBas  000000010C033D8E  main                  Unknown  Unknown
forrtl: severe (174): SIGSEGV, segmentation fault occurred
Image              PC                Routine            Line        Source             
ESMF_VMDefaultBas  000000010DD08ED4  for__signal_handl     Unknown  Unknown
libsystem_platfor  00007FFF6A61FB5D  _sigtramp             Unknown  Unknown
libmpi.40.dylib    000000010E0F32A1  MPI_Comm_rank         Unknown  Unknown
libesmf.dylib      0000000110327CD3  _ZN5ESMCI3VMK4ini     Unknown  Unknown
libesmf.dylib      0000000110306051  _ZN5ESMCI2VM10ini     Unknown  Unknown
libesmf.dylib      00000001103314D3  c_esmc_vminitiali     Unknown  Unknown
libesmf.dylib      0000000110B10360  esmf_vmmod_mp_esm     Unknown  Unknown
libesmf.dylib      00000001109A61DB  esmf_initmod_mp_e     Unknown  Unknown
ESMF_VMDefaultBas  000000010DCE2F20  MAIN__                Unknown  Unknown
ESMF_VMDefaultBas  000000010DCE2D8E  main                  Unknown  Unknown
