forrtl: severe (174): SIGSEGV, segmentation fault occurred
Image              PC                Routine            Line        Source             
ESMF_FieldMeshReg  0000000102EE8C54  for__signal_handl     Unknown  Unknown
libsystem_platfor  00007FFF6A61FB5D  _sigtramp             Unknown  Unknown
libmpi.40.dylib    000000010572F2A1  MPI_Comm_rank         Unknown  Unknown
libesmf.dylib      0000000103A8DCD3  _ZN5ESMCI3VMK4ini     Unknown  Unknown
libesmf.dylib      0000000103A6C051  _ZN5ESMCI2VM10ini     Unknown  Unknown
libesmf.dylib      0000000103A974D3  c_esmc_vminitiali     Unknown  Unknown
libesmf.dylib      0000000104276360  esmf_vmmod_mp_esm     Unknown  Unknown
libesmf.dylib      000000010410C1DB  esmf_initmod_mp_e     Unknown  Unknown
ESMF_FieldMeshReg  0000000102EBECDE  MAIN__                Unknown  Unknown
ESMF_FieldMeshReg  0000000102EBE8FE  main                  Unknown  Unknown
forrtl: severe (174): SIGSEGV, segmentation fault occurred
Image              PC                Routine            Line        Source             
ESMF_FieldMeshReg  0000000107209C54  for__signal_handl     Unknown  Unknown
libsystem_platfor  00007FFF6A61FB5D  _sigtramp             Unknown  Unknown
libmpi.40.dylib    00000001075F42A1  MPI_Comm_rank         Unknown  Unknown
libesmf.dylib      0000000109821CD3  _ZN5ESMCI3VMK4ini     Unknown  Unknown
libesmf.dylib      0000000109800051  _ZN5ESMCI2VM10ini     Unknown  Unknown
libesmf.dylib      000000010982B4D3  c_esmc_vminitiali     Unknown  Unknown
libesmf.dylib      000000010A00A360  esmf_vmmod_mp_esm     Unknown  Unknown
libesmf.dylib      0000000109EA01DB  esmf_initmod_mp_e     Unknown  Unknown
ESMF_FieldMeshReg  00000001071DFCDE  MAIN__                Unknown  Unknown
ESMF_FieldMeshReg  00000001071DF8FE  main                  Unknown  Unknown
forrtl: severe (174): SIGSEGV, segmentation fault occurred
Image              PC                Routine            Line        Source             
ESMF_FieldMeshReg  0000000107DD8C54  for__signal_handl     Unknown  Unknown
libsystem_platfor  00007FFF6A61FB5D  _sigtramp             Unknown  Unknown
libmpi.40.dylib    000000010A61B2A1  MPI_Comm_rank         Unknown  Unknown
libesmf.dylib      000000010897CCD3  _ZN5ESMCI3VMK4ini     Unknown  Unknown
libesmf.dylib      000000010895B051  _ZN5ESMCI2VM10ini     Unknown  Unknown
libesmf.dylib      00000001089864D3  c_esmc_vminitiali     Unknown  Unknown
libesmf.dylib      0000000109165360  esmf_vmmod_mp_esm     Unknown  Unknown
libesmf.dylib      0000000108FFB1DB  esmf_initmod_mp_e     Unknown  Unknown
ESMF_FieldMeshReg  0000000107DAECDE  MAIN__                Unknown  Unknown
ESMF_FieldMeshReg  0000000107DAE8FE  main                  Unknown  Unknown
forrtl: severe (174): SIGSEGV, segmentation fault occurred
Image              PC                Routine            Line        Source             
ESMF_FieldMeshReg  000000010ECA1C54  for__signal_handl     Unknown  Unknown
libsystem_platfor  00007FFF6A61FB5D  _sigtramp             Unknown  Unknown
libmpi.40.dylib    00000001114E62A1  MPI_Comm_rank         Unknown  Unknown
libesmf.dylib      000000010F846CD3  _ZN5ESMCI3VMK4ini     Unknown  Unknown
libesmf.dylib      000000010F825051  _ZN5ESMCI2VM10ini     Unknown  Unknown
libesmf.dylib      000000010F8504D3  c_esmc_vminitiali     Unknown  Unknown
libesmf.dylib      000000011002F360  esmf_vmmod_mp_esm     Unknown  Unknown
libesmf.dylib      000000010FEC51DB  esmf_initmod_mp_e     Unknown  Unknown
ESMF_FieldMeshReg  000000010EC77CDE  MAIN__                Unknown  Unknown
ESMF_FieldMeshReg  000000010EC778FE  main                  Unknown  Unknown
