forrtl: severe (174): SIGSEGV, segmentation fault occurred
Image              PC                Routine            Line        Source             
ESMF_FieldBundleR  000000010C131E54  for__signal_handl     Unknown  Unknown
libsystem_platfor  00007FFF6A61FB5D  _sigtramp             Unknown  Unknown
libmpi.40.dylib    000000010E9702A1  MPI_Comm_rank         Unknown  Unknown
libesmf.dylib      000000010CCD5CD3  _ZN5ESMCI3VMK4ini     Unknown  Unknown
libesmf.dylib      000000010CCB4051  _ZN5ESMCI2VM10ini     Unknown  Unknown
libesmf.dylib      000000010CCDF4D3  c_esmc_vminitiali     Unknown  Unknown
libesmf.dylib      000000010D4BE360  esmf_vmmod_mp_esm     Unknown  Unknown
libesmf.dylib      000000010D3541DB  esmf_initmod_mp_e     Unknown  Unknown
ESMF_FieldBundleR  000000010C109F6E  MAIN__                Unknown  Unknown
ESMF_FieldBundleR  000000010C109C9E  main                  Unknown  Unknown
forrtl: severe (174): SIGSEGV, segmentation fault occurred
Image              PC                Routine            Line        Source             
ESMF_FieldBundleR  0000000106CCDE54  for__signal_handl     Unknown  Unknown
libsystem_platfor  00007FFF6A61FB5D  _sigtramp             Unknown  Unknown
libmpi.40.dylib    00000001070B82A1  MPI_Comm_rank         Unknown  Unknown
libesmf.dylib      0000000108CB0CD3  _ZN5ESMCI3VMK4ini     Unknown  Unknown
libesmf.dylib      0000000108C8F051  _ZN5ESMCI2VM10ini     Unknown  Unknown
libesmf.dylib      0000000108CBA4D3  c_esmc_vminitiali     Unknown  Unknown
libesmf.dylib      0000000109499360  esmf_vmmod_mp_esm     Unknown  Unknown
libesmf.dylib      000000010932F1DB  esmf_initmod_mp_e     Unknown  Unknown
ESMF_FieldBundleR  0000000106CA5F6E  MAIN__                Unknown  Unknown
ESMF_FieldBundleR  0000000106CA5C9E  main                  Unknown  Unknown
forrtl: severe (174): SIGSEGV, segmentation fault occurred
Image              PC                Routine            Line        Source             
ESMF_FieldBundleR  000000010BB14E54  for__signal_handl     Unknown  Unknown
libsystem_platfor  00007FFF6A61FB5D  _sigtramp             Unknown  Unknown
libmpi.40.dylib    000000010E3542A1  MPI_Comm_rank         Unknown  Unknown
libesmf.dylib      000000010C6B5CD3  _ZN5ESMCI3VMK4ini     Unknown  Unknown
libesmf.dylib      000000010C694051  _ZN5ESMCI2VM10ini     Unknown  Unknown
libesmf.dylib      000000010C6BF4D3  c_esmc_vminitiali     Unknown  Unknown
libesmf.dylib      000000010CE9E360  esmf_vmmod_mp_esm     Unknown  Unknown
libesmf.dylib      000000010CD341DB  esmf_initmod_mp_e     Unknown  Unknown
ESMF_FieldBundleR  000000010BAECF6E  MAIN__                Unknown  Unknown
ESMF_FieldBundleR  000000010BAECC9E  main                  Unknown  Unknown
forrtl: severe (174): SIGSEGV, segmentation fault occurred
Image              PC                Routine            Line        Source             
ESMF_FieldBundleR  0000000109CC5E54  for__signal_handl     Unknown  Unknown
libsystem_platfor  00007FFF6A61FB5D  _sigtramp             Unknown  Unknown
libmpi.40.dylib    000000010A0B02A1  MPI_Comm_rank         Unknown  Unknown
libesmf.dylib      000000010AC5DCD3  _ZN5ESMCI3VMK4ini     Unknown  Unknown
libesmf.dylib      000000010AC3C051  _ZN5ESMCI2VM10ini     Unknown  Unknown
libesmf.dylib      000000010AC674D3  c_esmc_vminitiali     Unknown  Unknown
libesmf.dylib      000000010B446360  esmf_vmmod_mp_esm     Unknown  Unknown
libesmf.dylib      000000010B2DC1DB  esmf_initmod_mp_e     Unknown  Unknown
ESMF_FieldBundleR  0000000109C9DF6E  MAIN__                Unknown  Unknown
ESMF_FieldBundleR  0000000109C9DC9E  main                  Unknown  Unknown
