forrtl: severe (174): SIGSEGV, segmentation fault occurred
Image              PC                Routine            Line        Source             
ESMF_ArrayLarrayE  000000010522AF94  for__signal_handl     Unknown  Unknown
libsystem_platfor  00007FFF6A61FB5D  _sigtramp             Unknown  Unknown
libmpi.40.dylib    0000000107A762A1  MPI_Comm_rank         Unknown  Unknown
libesmf.dylib      0000000105DD0CD3  _ZN5ESMCI3VMK4ini     Unknown  Unknown
libesmf.dylib      0000000105DAF051  _ZN5ESMCI2VM10ini     Unknown  Unknown
libesmf.dylib      0000000105DDA4D3  c_esmc_vminitiali     Unknown  Unknown
libesmf.dylib      00000001065B9360  esmf_vmmod_mp_esm     Unknown  Unknown
libesmf.dylib      000000010644F1DB  esmf_initmod_mp_e     Unknown  Unknown
ESMF_ArrayLarrayE  0000000105203D0F  MAIN__                Unknown  Unknown
ESMF_ArrayLarrayE  0000000105203B1E  main                  Unknown  Unknown
forrtl: severe (174): SIGSEGV, segmentation fault occurred
Image              PC                Routine            Line        Source             
ESMF_ArrayLarrayE  000000010933DF94  for__signal_handl     Unknown  Unknown
libsystem_platfor  00007FFF6A61FB5D  _sigtramp             Unknown  Unknown
libmpi.40.dylib    000000010BB7C2A1  MPI_Comm_rank         Unknown  Unknown
libesmf.dylib      0000000109EDECD3  _ZN5ESMCI3VMK4ini     Unknown  Unknown
libesmf.dylib      0000000109EBD051  _ZN5ESMCI2VM10ini     Unknown  Unknown
libesmf.dylib      0000000109EE84D3  c_esmc_vminitiali     Unknown  Unknown
libesmf.dylib      000000010A6C7360  esmf_vmmod_mp_esm     Unknown  Unknown
libesmf.dylib      000000010A55D1DB  esmf_initmod_mp_e     Unknown  Unknown
ESMF_ArrayLarrayE  0000000109316D0F  MAIN__                Unknown  Unknown
ESMF_ArrayLarrayE  0000000109316B1E  main                  Unknown  Unknown
forrtl: severe (174): SIGSEGV, segmentation fault occurred
Image              PC                Routine            Line        Source             
ESMF_ArrayLarrayE  0000000101529F94  for__signal_handl     Unknown  Unknown
libsystem_platfor  00007FFF6A61FB5D  _sigtramp             Unknown  Unknown
libmpi.40.dylib    0000000103D682A1  MPI_Comm_rank         Unknown  Unknown
libesmf.dylib      00000001020CDCD3  _ZN5ESMCI3VMK4ini     Unknown  Unknown
libesmf.dylib      00000001020AC051  _ZN5ESMCI2VM10ini     Unknown  Unknown
libesmf.dylib      00000001020D74D3  c_esmc_vminitiali     Unknown  Unknown
libesmf.dylib      00000001028B6360  esmf_vmmod_mp_esm     Unknown  Unknown
libesmf.dylib      000000010274C1DB  esmf_initmod_mp_e     Unknown  Unknown
ESMF_ArrayLarrayE  0000000101502D0F  MAIN__                Unknown  Unknown
ESMF_ArrayLarrayE  0000000101502B1E  main                  Unknown  Unknown
forrtl: severe (174): SIGSEGV, segmentation fault occurred
Image              PC                Routine            Line        Source             
ESMF_ArrayLarrayE  00000001015F5F94  for__signal_handl     Unknown  Unknown
libsystem_platfor  00007FFF6A61FB5D  _sigtramp             Unknown  Unknown
libmpi.40.dylib    0000000103E312A1  MPI_Comm_rank         Unknown  Unknown
libesmf.dylib      0000000102199CD3  _ZN5ESMCI3VMK4ini     Unknown  Unknown
libesmf.dylib      0000000102178051  _ZN5ESMCI2VM10ini     Unknown  Unknown
libesmf.dylib      00000001021A34D3  c_esmc_vminitiali     Unknown  Unknown
libesmf.dylib      0000000102982360  esmf_vmmod_mp_esm     Unknown  Unknown
libesmf.dylib      00000001028181DB  esmf_initmod_mp_e     Unknown  Unknown
ESMF_ArrayLarrayE  00000001015CED0F  MAIN__                Unknown  Unknown
ESMF_ArrayLarrayE  00000001015CEB1E  main                  Unknown  Unknown
