forrtl: severe (174): SIGSEGV, segmentation fault occurred
Image              PC                Routine            Line        Source             
ESMF_VMSendVMRecv  0000000104056F94  for__signal_handl     Unknown  Unknown
libsystem_platfor  00007FFF6A61FB5D  _sigtramp             Unknown  Unknown
libmpi.40.dylib    00000001068912A1  MPI_Comm_rank         Unknown  Unknown
libesmf.dylib      0000000104BF7CD3  _ZN5ESMCI3VMK4ini     Unknown  Unknown
libesmf.dylib      0000000104BD6051  _ZN5ESMCI2VM10ini     Unknown  Unknown
libesmf.dylib      0000000104C014D3  c_esmc_vminitiali     Unknown  Unknown
libesmf.dylib      00000001053E0360  esmf_vmmod_mp_esm     Unknown  Unknown
libesmf.dylib      00000001052761DB  esmf_initmod_mp_e     Unknown  Unknown
ESMF_VMSendVMRecv  0000000104030E77  MAIN__                Unknown  Unknown
ESMF_VMSendVMRecv  0000000104030CDE  main                  Unknown  Unknown
forrtl: severe (174): SIGSEGV, segmentation fault occurred
Image              PC                Routine            Line        Source             
ESMF_VMSendVMRecv  000000010B68EF94  for__signal_handl     Unknown  Unknown
libsystem_platfor  00007FFF6A61FB5D  _sigtramp             Unknown  Unknown
libmpi.40.dylib    000000010DED22A1  MPI_Comm_rank         Unknown  Unknown
libesmf.dylib      000000010C230CD3  _ZN5ESMCI3VMK4ini     Unknown  Unknown
libesmf.dylib      000000010C20F051  _ZN5ESMCI2VM10ini     Unknown  Unknown
libesmf.dylib      000000010C23A4D3  c_esmc_vminitiali     Unknown  Unknown
libesmf.dylib      000000010CA19360  esmf_vmmod_mp_esm     Unknown  Unknown
libesmf.dylib      000000010C8AF1DB  esmf_initmod_mp_e     Unknown  Unknown
ESMF_VMSendVMRecv  000000010B668E77  MAIN__                Unknown  Unknown
ESMF_VMSendVMRecv  000000010B668CDE  main                  Unknown  Unknown
forrtl: severe (174): SIGSEGV, segmentation fault occurred
Image              PC                Routine            Line        Source             
ESMF_VMSendVMRecv  00000001031B9F94  for__signal_handl     Unknown  Unknown
libsystem_platfor  00007FFF6A61FB5D  _sigtramp             Unknown  Unknown
libmpi.40.dylib    00000001059FA2A1  MPI_Comm_rank         Unknown  Unknown
libesmf.dylib      0000000103D5BCD3  _ZN5ESMCI3VMK4ini     Unknown  Unknown
libesmf.dylib      0000000103D3A051  _ZN5ESMCI2VM10ini     Unknown  Unknown
libesmf.dylib      0000000103D654D3  c_esmc_vminitiali     Unknown  Unknown
libesmf.dylib      0000000104544360  esmf_vmmod_mp_esm     Unknown  Unknown
libesmf.dylib      00000001043DA1DB  esmf_initmod_mp_e     Unknown  Unknown
ESMF_VMSendVMRecv  0000000103193E77  MAIN__                Unknown  Unknown
ESMF_VMSendVMRecv  0000000103193CDE  main                  Unknown  Unknown
forrtl: severe (174): SIGSEGV, segmentation fault occurred
Image              PC                Routine            Line        Source             
ESMF_VMSendVMRecv  00000001018A1F94  for__signal_handl     Unknown  Unknown
libsystem_platfor  00007FFF6A61FB5D  _sigtramp             Unknown  Unknown
libmpi.40.dylib    00000001040E62A1  MPI_Comm_rank         Unknown  Unknown
libesmf.dylib      0000000102443CD3  _ZN5ESMCI3VMK4ini     Unknown  Unknown
libesmf.dylib      0000000102422051  _ZN5ESMCI2VM10ini     Unknown  Unknown
libesmf.dylib      000000010244D4D3  c_esmc_vminitiali     Unknown  Unknown
libesmf.dylib      0000000102C2C360  esmf_vmmod_mp_esm     Unknown  Unknown
libesmf.dylib      0000000102AC21DB  esmf_initmod_mp_e     Unknown  Unknown
ESMF_VMSendVMRecv  000000010187BE77  MAIN__                Unknown  Unknown
ESMF_VMSendVMRecv  000000010187BCDE  main                  Unknown  Unknown
