MPI startup(): Warning: I_MPI_PMI_LIBRARY will be ignored since the hydra process manager was found
MPI startup(): Warning: I_MPI_PMI_LIBRARY will be ignored since the hydra process manager was found
MPI startup(): Warning: I_MPI_PMI_LIBRARY will be ignored since the hydra process manager was found
MPI startup(): Warning: I_MPI_PMI_LIBRARY will be ignored since the hydra process manager was found
  PASS  Example ESMF_StateReadWriteEx, ESMF_StateReadWriteEx.F90, line 185
  PASS  Example ESMF_StateReadWriteEx, ESMF_StateReadWriteEx.F90, line 185
  PASS  Example ESMF_StateReadWriteEx, ESMF_StateReadWriteEx.F90, line 185

===================================================================================
=   BAD TERMINATION OF ONE OF YOUR APPLICATION PROCESSES
=   RANK 0 PID 22595 RUNNING AT h20c52
=   KILLED BY SIGNAL: 9 (Killed)
===================================================================================

===================================================================================
=   BAD TERMINATION OF ONE OF YOUR APPLICATION PROCESSES
=   RANK 1 PID 22596 RUNNING AT h20c52
=   KILLED BY SIGNAL: 9 (Killed)
===================================================================================

===================================================================================
=   BAD TERMINATION OF ONE OF YOUR APPLICATION PROCESSES
=   RANK 2 PID 22597 RUNNING AT h20c52
=   KILLED BY SIGNAL: 9 (Killed)
===================================================================================

===================================================================================
=   BAD TERMINATION OF ONE OF YOUR APPLICATION PROCESSES
=   RANK 3 PID 22598 RUNNING AT h20c52
=   KILLED BY SIGNAL: 9 (Killed)
===================================================================================
