build time -- 2021-04-22 12:22:31
[1619095591.016208] [h10c03:277983:0]         mxm.c:196  MXM  WARN  The 'ulimit -s' on the system is set to 'unlimited'. This may have negative performance implications. Please set the stack size to the default value (10240) 
[1619095591.020486] [h10c03:277983:0]         mxm.c:196  MXM  WARN  The 'ulimit -s' on the system is set to 'unlimited'. This may have negative performance implications. Please set the stack size to the default value (10240) 
[1619095591.030073] [h10c03:277980:0]         mxm.c:196  MXM  WARN  The 'ulimit -s' on the system is set to 'unlimited'. This may have negative performance implications. Please set the stack size to the default value (10240) 
[1619095591.034417] [h10c03:277980:0]         mxm.c:196  MXM  WARN  The 'ulimit -s' on the system is set to 'unlimited'. This may have negative performance implications. Please set the stack size to the default value (10240) 
[1619095591.016573] [h10c03:277981:0]         mxm.c:196  MXM  WARN  The 'ulimit -s' on the system is set to 'unlimited'. This may have negative performance implications. Please set the stack size to the default value (10240) 
[1619095591.020901] [h10c03:277981:0]         mxm.c:196  MXM  WARN  The 'ulimit -s' on the system is set to 'unlimited'. This may have negative performance implications. Please set the stack size to the default value (10240) 
[1619095591.030072] [h10c03:277982:0]         mxm.c:196  MXM  WARN  The 'ulimit -s' on the system is set to 'unlimited'. This may have negative performance implications. Please set the stack size to the default value (10240) 
[1619095591.034415] [h10c03:277982:0]         mxm.c:196  MXM  WARN  The 'ulimit -s' on the system is set to 'unlimited'. This may have negative performance implications. Please set the stack size to the default value (10240) 
 Returned values from ArraySpec:
 rank =           2
 Returned values from ArraySpec:
 rank =           2
 Returned values from ArraySpec:
 rank =           2
 Returned values from ArraySpec:
 rank =           2
  PASS  Example ESMF_ArraySpecEx, ESMF_ArraySpecEx.F90, line 96
  PASS  Example ESMF_ArraySpecEx, ESMF_ArraySpecEx.F90, line 96
  PASS  Example ESMF_ArraySpecEx, ESMF_ArraySpecEx.F90, line 96
  PASS  Example ESMF_ArraySpecEx, ESMF_ArraySpecEx.F90, line 96
 PASS: ESMF_ArraySpecEx.F90
 PASS: ESMF_ArraySpecEx.F90
 PASS: ESMF_ArraySpecEx.F90
 PASS: ESMF_ArraySpecEx.F90
