build time -- 2021-04-22 12:22:31
[1619095685.090814] [h10c03:298398:0]         mxm.c:196  MXM  WARN  The 'ulimit -s' on the system is set to 'unlimited'. This may have negative performance implications. Please set the stack size to the default value (10240) 
[1619095685.095149] [h10c03:298398:0]         mxm.c:196  MXM  WARN  The 'ulimit -s' on the system is set to 'unlimited'. This may have negative performance implications. Please set the stack size to the default value (10240) 
[1619095685.084308] [h10c03:298399:0]         mxm.c:196  MXM  WARN  The 'ulimit -s' on the system is set to 'unlimited'. This may have negative performance implications. Please set the stack size to the default value (10240) 
[1619095685.088685] [h10c03:298399:0]         mxm.c:196  MXM  WARN  The 'ulimit -s' on the system is set to 'unlimited'. This may have negative performance implications. Please set the stack size to the default value (10240) 
[1619095685.090796] [h10c03:298400:0]         mxm.c:196  MXM  WARN  The 'ulimit -s' on the system is set to 'unlimited'. This may have negative performance implications. Please set the stack size to the default value (10240) 
[1619095685.095127] [h10c03:298400:0]         mxm.c:196  MXM  WARN  The 'ulimit -s' on the system is set to 'unlimited'. This may have negative performance implications. Please set the stack size to the default value (10240) 
[1619095685.084307] [h10c03:298401:0]         mxm.c:196  MXM  WARN  The 'ulimit -s' on the system is set to 'unlimited'. This may have negative performance implications. Please set the stack size to the default value (10240) 
[1619095685.088687] [h10c03:298401:0]         mxm.c:196  MXM  WARN  The 'ulimit -s' on the system is set to 'unlimited'. This may have negative performance implications. Please set the stack size to the default value (10240) 
 --------------------------------------- 
 Start of ESMF_SCompEx Example
 --------------------------------------- 
 --------------------------------------- 
 End of ESMF_SCompEx Example
 --------------------------------------- 
  PASS  Example ESMF_SCompEx, ESMF_SCompEx.F90, line 385
  PASS  Example ESMF_SCompEx, ESMF_SCompEx.F90, line 385
  PASS  Example ESMF_SCompEx, ESMF_SCompEx.F90, line 385
  PASS  Example ESMF_SCompEx, ESMF_SCompEx.F90, line 385
 PASS: ESMF_SCompEx.F90
 PASS: ESMF_SCompEx.F90
 PASS: ESMF_SCompEx.F90
 PASS: ESMF_SCompEx.F90
