20210325 073118.680 INFO             PET0 !!!!!!!!!!!!!!!!!!!!!!!!!!!!!!!!!!!!!!!!!!!!!!!!!!!!!!
20210325 073118.680 INFO             PET0 !!! THE ESMF_LOG IS SET TO OUTPUT ALL LOG MESSAGES !!!
20210325 073118.680 INFO             PET0 !!!     THIS MAY CAUSE SLOWDOWN IN PERFORMANCE     !!!
20210325 073118.680 INFO             PET0 !!! FOR PRODUCTION RUNS, USE:                      !!!
20210325 073118.680 INFO             PET0 !!!                   ESMF_LOGKIND_Multi_On_Error  !!!
20210325 073118.680 INFO             PET0 !!!!!!!!!!!!!!!!!!!!!!!!!!!!!!!!!!!!!!!!!!!!!!!!!!!!!!
20210325 073118.680 INFO             PET0 Running with ESMF Version   : ESMF_8_1_0
20210325 073118.681 INFO             PET0 ESMF library build date/time: "Mar 25 2021" "07:07:49"
20210325 073118.681 INFO             PET0 ESMF library build location : /p/work1/mpotts/gfortran_10.1.0_mpt_O
20210325 073118.681 INFO             PET0 ESMF_COMM                   : mpt
20210325 073118.682 INFO             PET0 ESMF_MOAB                   : enabled
20210325 073118.682 INFO             PET0 ESMF_LAPACK                 : enabled
20210325 073118.682 INFO             PET0 ESMF_NETCDF                 : disabled
20210325 073118.682 INFO             PET0 ESMF_PNETCDF                : disabled
20210325 073118.682 INFO             PET0 ESMF_PIO                    : enabled
20210325 073118.682 INFO             PET0 ESMF_YAMLCPP                : enabled
20210325 073118.707 INFO             PET0  NUMBER_OF_PROCESSORS           4
20210325 073118.707 INFO             PET0  PASS  Example ESMF_VMUserMpiCommMultiEx, ESMF_VMUserMpiCommMultiEx.F90, line 126
20210325 073118.707 INFO             PET0 Finalizing ESMF
20210325 073118.681 INFO             PET0 !!!!!!!!!!!!!!!!!!!!!!!!!!!!!!!!!!!!!!!!!!!!!!!!!!!!!!
20210325 073118.681 INFO             PET0 !!! THE ESMF_LOG IS SET TO OUTPUT ALL LOG MESSAGES !!!
20210325 073118.681 INFO             PET0 !!!     THIS MAY CAUSE SLOWDOWN IN PERFORMANCE     !!!
20210325 073118.681 INFO             PET0 !!! FOR PRODUCTION RUNS, USE:                      !!!
20210325 073118.681 INFO             PET0 !!!                   ESMF_LOGKIND_Multi_On_Error  !!!
20210325 073118.681 INFO             PET0 !!!!!!!!!!!!!!!!!!!!!!!!!!!!!!!!!!!!!!!!!!!!!!!!!!!!!!
20210325 073118.681 INFO             PET0 Running with ESMF Version   : ESMF_8_1_0
20210325 073118.681 INFO             PET0 ESMF library build date/time: "Mar 25 2021" "07:07:49"
20210325 073118.681 INFO             PET0 ESMF library build location : /p/work1/mpotts/gfortran_10.1.0_mpt_O
20210325 073118.681 INFO             PET0 ESMF_COMM                   : mpt
20210325 073118.694 INFO             PET0 ESMF_MOAB                   : enabled
20210325 073118.694 INFO             PET0 ESMF_LAPACK                 : enabled
20210325 073118.694 INFO             PET0 ESMF_NETCDF                 : disabled
20210325 073118.694 INFO             PET0 ESMF_PNETCDF                : disabled
20210325 073118.694 INFO             PET0 ESMF_PIO                    : enabled
20210325 073118.694 INFO             PET0 ESMF_YAMLCPP                : enabled
20210325 073118.694 INFO             PET0  NUMBER_OF_PROCESSORS           4
20210325 073118.694 INFO             PET0  PASS  Example ESMF_VMUserMpiCommMultiEx, ESMF_VMUserMpiCommMultiEx.F90, line 154
20210325 073118.694 INFO             PET0 Finalizing ESMF
20210325 073118.694 INFO             PET1 !!!!!!!!!!!!!!!!!!!!!!!!!!!!!!!!!!!!!!!!!!!!!!!!!!!!!!
20210325 073118.694 INFO             PET1 !!! THE ESMF_LOG IS SET TO OUTPUT ALL LOG MESSAGES !!!
20210325 073118.694 INFO             PET1 !!!     THIS MAY CAUSE SLOWDOWN IN PERFORMANCE     !!!
20210325 073118.694 INFO             PET1 !!! FOR PRODUCTION RUNS, USE:                      !!!
20210325 073118.694 INFO             PET1 !!!                   ESMF_LOGKIND_Multi_On_Error  !!!
20210325 073118.694 INFO             PET1 !!!!!!!!!!!!!!!!!!!!!!!!!!!!!!!!!!!!!!!!!!!!!!!!!!!!!!
20210325 073118.694 INFO             PET1 Running with ESMF Version   : ESMF_8_1_0
20210325 073118.694 INFO             PET1 ESMF library build date/time: "Mar 25 2021" "07:07:49"
20210325 073118.694 INFO             PET1 ESMF library build location : /p/work1/mpotts/gfortran_10.1.0_mpt_O
20210325 073118.694 INFO             PET1 ESMF_COMM                   : mpt
20210325 073118.694 INFO             PET1 ESMF_MOAB                   : enabled
20210325 073118.694 INFO             PET1 ESMF_LAPACK                 : enabled
20210325 073118.694 INFO             PET1 ESMF_NETCDF                 : disabled
20210325 073118.694 INFO             PET1 ESMF_PNETCDF                : disabled
20210325 073118.694 INFO             PET1 ESMF_PIO                    : enabled
20210325 073118.694 INFO             PET1 ESMF_YAMLCPP                : enabled
20210325 073118.695 INFO             PET1  NUMBER_OF_PROCESSORS           4
20210325 073118.695 INFO             PET1  PASS  Example ESMF_VMUserMpiCommMultiEx, ESMF_VMUserMpiCommMultiEx.F90, line 126
20210325 073118.695 INFO             PET1 Finalizing ESMF
20210325 073118.681 INFO             PET1 !!!!!!!!!!!!!!!!!!!!!!!!!!!!!!!!!!!!!!!!!!!!!!!!!!!!!!
20210325 073118.681 INFO             PET1 !!! THE ESMF_LOG IS SET TO OUTPUT ALL LOG MESSAGES !!!
20210325 073118.681 INFO             PET1 !!!     THIS MAY CAUSE SLOWDOWN IN PERFORMANCE     !!!
20210325 073118.681 INFO             PET1 !!! FOR PRODUCTION RUNS, USE:                      !!!
20210325 073118.681 INFO             PET1 !!!                   ESMF_LOGKIND_Multi_On_Error  !!!
20210325 073118.681 INFO             PET1 !!!!!!!!!!!!!!!!!!!!!!!!!!!!!!!!!!!!!!!!!!!!!!!!!!!!!!
20210325 073118.681 INFO             PET1 Running with ESMF Version   : ESMF_8_1_0
20210325 073118.681 INFO             PET1 ESMF library build date/time: "Mar 25 2021" "07:07:49"
20210325 073118.681 INFO             PET1 ESMF library build location : /p/work1/mpotts/gfortran_10.1.0_mpt_O
20210325 073118.681 INFO             PET1 ESMF_COMM                   : mpt
20210325 073118.682 INFO             PET1 ESMF_MOAB                   : enabled
20210325 073118.682 INFO             PET1 ESMF_LAPACK                 : enabled
20210325 073118.682 INFO             PET1 ESMF_NETCDF                 : disabled
20210325 073118.682 INFO             PET1 ESMF_PNETCDF                : disabled
20210325 073118.682 INFO             PET1 ESMF_PIO                    : enabled
20210325 073118.682 INFO             PET1 ESMF_YAMLCPP                : enabled
20210325 073118.694 INFO             PET1  NUMBER_OF_PROCESSORS           4
20210325 073118.694 INFO             PET1  PASS  Example ESMF_VMUserMpiCommMultiEx, ESMF_VMUserMpiCommMultiEx.F90, line 154
20210325 073118.694 INFO             PET1 Finalizing ESMF
