20210319 023628.776 INFO             PET0 !!!!!!!!!!!!!!!!!!!!!!!!!!!!!!!!!!!!!!!!!!!!!!!!!!!!!!
20210319 023628.776 INFO             PET0 !!! THE ESMF_LOG IS SET TO OUTPUT ALL LOG MESSAGES !!!
20210319 023628.776 INFO             PET0 !!!     THIS MAY CAUSE SLOWDOWN IN PERFORMANCE     !!!
20210319 023628.776 INFO             PET0 !!! FOR PRODUCTION RUNS, USE:                      !!!
20210319 023628.776 INFO             PET0 !!!                   ESMF_LOGKIND_Multi_On_Error  !!!
20210319 023628.776 INFO             PET0 !!!!!!!!!!!!!!!!!!!!!!!!!!!!!!!!!!!!!!!!!!!!!!!!!!!!!!
20210319 023628.776 INFO             PET0 Running with ESMF Version   : ESMF_8_1_0_beta_snapshot_47-55-g845ba43dcd
20210319 023628.776 INFO             PET0 ESMF library build date/time: "Mar 19 2021" "01:31:00"
20210319 023628.776 INFO             PET0 ESMF library build location : /gpfsm/dnb04/projects/p98/mpotts/esmf/gfortran_8.3.0_mpiuni_O
20210319 023628.776 INFO             PET0 ESMF_COMM                   : mpiuni
20210319 023628.776 INFO             PET0 ESMF_MOAB                   : enabled
20210319 023628.776 INFO             PET0 ESMF_LAPACK                 : enabled
20210319 023628.776 INFO             PET0 ESMF_NETCDF                 : disabled
20210319 023628.776 INFO             PET0 ESMF_PNETCDF                : disabled
20210319 023628.776 INFO             PET0 ESMF_PIO                    : disabled
20210319 023628.776 INFO             PET0 ESMF_YAMLCPP                : enabled
20210319 023628.776 DEBUG            PET0 service: 0  PTHREAD_STACK_MIN: 16384 bytes  stack_size: 20971520 bytes
20210319 023628.777 INFO             PET0  NUMBER_OF_PROCESSORS           1
20210319 023628.777 INFO             PET0  PASS  Example ESMF_GCompEx, ESMF_GCompEx.F90, line 465
20210319 023628.777 INFO             PET0 Finalizing ESMF
