build time -- 2021-04-23 10:39:28.743811
20210423 105012.796 INFO             PET0 !!!!!!!!!!!!!!!!!!!!!!!!!!!!!!!!!!!!!!!!!!!!!!!!!!!!!!
20210423 105012.796 INFO             PET0 !!! THE ESMF_LOG IS SET TO OUTPUT ALL LOG MESSAGES !!!
20210423 105012.796 INFO             PET0 !!!     THIS MAY CAUSE SLOWDOWN IN PERFORMANCE     !!!
20210423 105012.796 INFO             PET0 !!! FOR PRODUCTION RUNS, USE:                      !!!
20210423 105012.796 INFO             PET0 !!!                   ESMF_LOGKIND_Multi_On_Error  !!!
20210423 105012.796 INFO             PET0 !!!!!!!!!!!!!!!!!!!!!!!!!!!!!!!!!!!!!!!!!!!!!!!!!!!!!!
20210423 105012.796 INFO             PET0 Running with ESMF Version   : ESMF_8_2_0_beta_snapshot_05-2-g3f3d15a0c7
20210423 105012.796 INFO             PET0 ESMF library build date/time: "Apr 23 2021" "10:38:55"
20210423 105012.796 INFO             PET0 ESMF library build location : /home/mpotts/gfortran_9.3.0_openmpi_O_develop
20210423 105012.796 INFO             PET0 ESMF_COMM                   : openmpi
20210423 105012.796 INFO             PET0 ESMF_MOAB                   : enabled
20210423 105012.796 INFO             PET0 ESMF_LAPACK                 : enabled
20210423 105012.796 INFO             PET0 ESMF_NETCDF                 : enabled
20210423 105012.796 INFO             PET0 ESMF_PNETCDF                : disabled
20210423 105012.796 INFO             PET0 ESMF_PIO                    : enabled
20210423 105012.796 INFO             PET0 ESMF_YAMLCPP                : enabled
20210423 105012.796 INFO             PET0  NUMBER_OF_PROCESSORS           1
20210423 105012.796 INFO             PET0  PASS  Example ESMF_TimeEx, ESMF_TimeEx.F90, line 141
20210423 105012.796 INFO             PET0 Finalizing ESMF
