 
Installing ESMF:
 
mkdir -p /Volumes/Four_TB_backup/mpotts/gfortran_9.3.0_mpich3_O/DEFAULTINSTALLDIR/include
cp -f /Volumes/Four_TB_backup/mpotts/gfortran_9.3.0_mpich3_O/src/include/ESMC.h /Volumes/Four_TB_backup/mpotts/gfortran_9.3.0_mpich3_O/DEFAULTINSTALLDIR/include
cp -f /Volumes/Four_TB_backup/mpotts/gfortran_9.3.0_mpich3_O/src/include/ESMC_*.h /Volumes/Four_TB_backup/mpotts/gfortran_9.3.0_mpich3_O/DEFAULTINSTALLDIR/include
cp -f /Volumes/Four_TB_backup/mpotts/gfortran_9.3.0_mpich3_O/build_config/Darwin.gfortran.default/ESMC_Conf.h /Volumes/Four_TB_backup/mpotts/gfortran_9.3.0_mpich3_O/DEFAULTINSTALLDIR/include
mkdir -p /Volumes/Four_TB_backup/mpotts/gfortran_9.3.0_mpich3_O/DEFAULTINSTALLDIR/mod/modO/Darwin.gfortran.64.mpich3.default
cp -f /Volumes/Four_TB_backup/mpotts/gfortran_9.3.0_mpich3_O/mod/modO/Darwin.gfortran.64.mpich3.default/*.mod /Volumes/Four_TB_backup/mpotts/gfortran_9.3.0_mpich3_O/DEFAULTINSTALLDIR/mod/modO/Darwin.gfortran.64.mpich3.default
mkdir -p /Volumes/Four_TB_backup/mpotts/gfortran_9.3.0_mpich3_O/DEFAULTINSTALLDIR/lib/libO/Darwin.gfortran.64.mpich3.default
cp -f /Volumes/Four_TB_backup/mpotts/gfortran_9.3.0_mpich3_O/lib/libO/Darwin.gfortran.64.mpich3.default/libesmf*.* /Volumes/Four_TB_backup/mpotts/gfortran_9.3.0_mpich3_O/DEFAULTINSTALLDIR/lib/libO/Darwin.gfortran.64.mpich3.default
/Library/Developer/CommandLineTools/usr/bin/make ESMF_PRELOADDIR=/Volumes/Four_TB_backup/mpotts/gfortran_9.3.0_mpich3_O/DEFAULTINSTALLDIR/lib/libO/Darwin.gfortran.64.mpich3.default build_preload_script
chmod 755 /Volumes/Four_TB_backup/mpotts/gfortran_9.3.0_mpich3_O/DEFAULTINSTALLDIR/lib/libO/Darwin.gfortran.64.mpich3.default/preload.sh
ranlib /Volumes/Four_TB_backup/mpotts/gfortran_9.3.0_mpich3_O/DEFAULTINSTALLDIR/lib/libO/Darwin.gfortran.64.mpich3.default/libesmf*.a
/Library/Developer/CommandLineTools/usr/bin/ranlib: file: /Volumes/Four_TB_backup/mpotts/gfortran_9.3.0_mpich3_O/DEFAULTINSTALLDIR/lib/libO/Darwin.gfortran.64.mpich3.default/libesmf.a(ESMF.o) has no symbols
/Library/Developer/CommandLineTools/usr/bin/ranlib: file: /Volumes/Four_TB_backup/mpotts/gfortran_9.3.0_mpich3_O/DEFAULTINSTALLDIR/lib/libO/Darwin.gfortran.64.mpich3.default/libesmf.a(ESMF_LocalArray.o) has no symbols
/Library/Developer/CommandLineTools/usr/bin/ranlib: file: /Volumes/Four_TB_backup/mpotts/gfortran_9.3.0_mpich3_O/DEFAULTINSTALLDIR/lib/libO/Darwin.gfortran.64.mpich3.default/libesmf.a(ESMF_LogPublic.o) has no symbols
/Library/Developer/CommandLineTools/usr/bin/ranlib: file: /Volumes/Four_TB_backup/mpotts/gfortran_9.3.0_mpich3_O/DEFAULTINSTALLDIR/lib/libO/Darwin.gfortran.64.mpich3.default/libesmf.a(ESMF_State.o) has no symbols
/Library/Developer/CommandLineTools/usr/bin/ranlib: file: /Volumes/Four_TB_backup/mpotts/gfortran_9.3.0_mpich3_O/DEFAULTINSTALLDIR/lib/libO/Darwin.gfortran.64.mpich3.default/libesmf.a(NUOPC.o) has no symbols
/Library/Developer/CommandLineTools/usr/bin/ranlib: file: /Volumes/Four_TB_backup/mpotts/gfortran_9.3.0_mpich3_O/DEFAULTINSTALLDIR/lib/libO/Darwin.gfortran.64.mpich3.default/libesmf.a(phg_comm.o) has no symbols
/Library/Developer/CommandLineTools/usr/bin/ranlib: file: /Volumes/Four_TB_backup/mpotts/gfortran_9.3.0_mpich3_O/DEFAULTINSTALLDIR/lib/libO/Darwin.gfortran.64.mpich3.default/libesmf.a(topology.o) has no symbols
/Library/Developer/CommandLineTools/usr/bin/make install_apps
mkdir -p /Volumes/Four_TB_backup/mpotts/gfortran_9.3.0_mpich3_O/DEFAULTINSTALLDIR/bin/binO/Darwin.gfortran.64.mpich3.default
/Library/Developer/CommandLineTools/usr/bin/make build_apps ESMF_APPSDIR=/Volumes/Four_TB_backup/mpotts/gfortran_9.3.0_mpich3_O/DEFAULTINSTALLDIR/bin/binO/Darwin.gfortran.64.mpich3.default ESMF_LDIR=/Volumes/Four_TB_backup/mpotts/gfortran_9.3.0_mpich3_O/DEFAULTINSTALLDIR/lib/libO/Darwin.gfortran.64.mpich3.default ESMF_LIBDIR=/Volumes/Four_TB_backup/mpotts/gfortran_9.3.0_mpich3_O/DEFAULTINSTALLDIR/lib/libO/Darwin.gfortran.64.mpich3.default ESMF_MODDIR=/Volumes/Four_TB_backup/mpotts/gfortran_9.3.0_mpich3_O/DEFAULTINSTALLDIR/mod/modO/Darwin.gfortran.64.mpich3.default
cd /Volumes/Four_TB_backup/mpotts/gfortran_9.3.0_mpich3_O/src/apps; /Library/Developer/CommandLineTools/usr/bin/make ACTION=tree_build_apps tree
tree_build_apps in: /Volumes/Four_TB_backup/mpotts/gfortran_9.3.0_mpich3_O/src/apps/ESMF_PrintInfo
/Library/Developer/CommandLineTools/usr/bin/make chkdir_locobj
Making directory /Volumes/Four_TB_backup/mpotts/gfortran_9.3.0_mpich3_O/obj/objO/Darwin.gfortran.64.mpich3.default/src/apps/ESMF_PrintInfo for apps output
/usr/local/bin/gfortran-9 -c -O   -m64 -mcmodel=small -ffree-line-length-none  -fopenmp -I/Volumes/Four_TB_backup/mpotts/gfortran_9.3.0_mpich3_O/src/apps/ESMF_PrintInfo -I/Volumes/Four_TB_backup/mpotts/gfortran_9.3.0_mpich3_O/build_config/Darwin.gfortran.default -I/Volumes/Four_TB_backup/mpotts/gfortran_9.3.0_mpich3_O/src/Infrastructure -I/Volumes/Four_TB_backup/mpotts/gfortran_9.3.0_mpich3_O/src/Superstructure -I/Volumes/Four_TB_backup/mpotts/gfortran_9.3.0_mpich3_O/DEFAULTINSTALLDIR/mod/modO/Darwin.gfortran.64.mpich3.default -I/Volumes/Four_TB_backup/mpotts/gfortran_9.3.0_mpich3_O/src/include -I/Users/mpotts/stack-mods-47/include  -DESMF_NO_INTEGER_1_BYTE -DESMF_NO_INTEGER_2_BYTE -DESMFVERSIONGIT='"ESMF_8_1_0_beta_snapshot_47-22-gffbbe5951e"' -DESMF_MOAB=1 -DESMF_LAPACK=1 -DESMF_LAPACK_INTERNAL=1 -DESMF_NO_ACC_SOFTWARE_STACK=1 -DESMF_NETCDF=1 -DESMF_YAMLCPP=1 -DESMF_YAML=1 -DESMF_PIO=1 -DESMF_MPIIO -DESMF_NO_PTHREADS -DESMF_NO_OPENACC -DESMF_TESTEXHAUSTIVE -DESMF_BOPT_O -DESMF_TESTCOMPTUNNEL -DESMF_TESTWITHTHREADS -DSx86_64_small=1 -DESMF_OS_Darwin=1 -DESMF_COMM=mpich3 -DESMF_DIR=/Volumes/Four_TB_backup/mpotts/gfortran_9.3.0_mpich3_O ESMF_PrintInfo.F90 -o /Volumes/Four_TB_backup/mpotts/gfortran_9.3.0_mpich3_O/obj/objO/Darwin.gfortran.64.mpich3.default/src/apps/ESMF_PrintInfo/ESMF_PrintInfo.o
/Library/Developer/CommandLineTools/usr/bin/make chkdir_apps
mpif90     -m64 -mcmodel=small  -fopenmp -L/Users/mpotts/stack-mods-47/lib  -lz -L/Volumes/Four_TB_backup/mpotts/gfortran_9.3.0_mpich3_O/DEFAULTINSTALLDIR/lib/libO/Darwin.gfortran.64.mpich3.default -L/Users/mpotts/stack-mods-47/lib -L/usr/local/Cellar/gcc@9/9.3.0_1/lib/gcc/9/gcc/x86_64-apple-darwin20/9.3.0/../../../  -o /Volumes/Four_TB_backup/mpotts/gfortran_9.3.0_mpich3_O/DEFAULTINSTALLDIR/bin/binO/Darwin.gfortran.64.mpich3.default/ESMF_PrintInfo /Volumes/Four_TB_backup/mpotts/gfortran_9.3.0_mpich3_O/obj/objO/Darwin.gfortran.64.mpich3.default/src/apps/ESMF_PrintInfo/ESMF_PrintInfo.o -lesmf  -lstdc++ -lnetcdff -lnetcdf -lhdf5_hl -lhdf5  -lz
ld: warning: object file (/Users/mpotts/stack-mods-47/lib/libz.a(compress.o)) was built for newer macOS version (11.0) than being linked (10.16)
ld: warning: object file (/Users/mpotts/stack-mods-47/lib/libz.a(inflate.o)) was built for newer macOS version (11.0) than being linked (10.16)
ld: warning: object file (/Users/mpotts/stack-mods-47/lib/libz.a(adler32.o)) was built for newer macOS version (11.0) than being linked (10.16)
ld: warning: object file (/Users/mpotts/stack-mods-47/lib/libz.a(crc32.o)) was built for newer macOS version (11.0) than being linked (10.16)
ld: warning: object file (/Users/mpotts/stack-mods-47/lib/libz.a(deflate.o)) was built for newer macOS version (11.0) than being linked (10.16)
ld: warning: object file (/Users/mpotts/stack-mods-47/lib/libz.a(inffast.o)) was built for newer macOS version (11.0) than being linked (10.16)
ld: warning: object file (/Users/mpotts/stack-mods-47/lib/libz.a(inftrees.o)) was built for newer macOS version (11.0) than being linked (10.16)
ld: warning: object file (/Users/mpotts/stack-mods-47/lib/libz.a(zutil.o)) was built for newer macOS version (11.0) than being linked (10.16)
ld: warning: object file (/Users/mpotts/stack-mods-47/lib/libz.a(trees.o)) was built for newer macOS version (11.0) than being linked (10.16)
tree_build_apps in: /Volumes/Four_TB_backup/mpotts/gfortran_9.3.0_mpich3_O/src/apps/ESMF_PrintInfoC
/Library/Developer/CommandLineTools/usr/bin/make chkdir_locobj
Making directory /Volumes/Four_TB_backup/mpotts/gfortran_9.3.0_mpich3_O/obj/objO/Darwin.gfortran.64.mpich3.default/src/apps/ESMF_PrintInfoC for apps output
mpicxx -c -std=c++11 -O -DNDEBUG  -DESMF_LOWERCASE_SINGLEUNDERSCORE -m64 -mcmodel=small  -fopenmp -I/Volumes/Four_TB_backup/mpotts/gfortran_9.3.0_mpich3_O/src/apps/ESMF_PrintInfoC -I/Volumes/Four_TB_backup/mpotts/gfortran_9.3.0_mpich3_O/src/apps/ESMF_PrintInfoC/../include -I/Volumes/Four_TB_backup/mpotts/gfortran_9.3.0_mpich3_O/build_config/Darwin.gfortran.default -I/Volumes/Four_TB_backup/mpotts/gfortran_9.3.0_mpich3_O/src/Infrastructure -I/Volumes/Four_TB_backup/mpotts/gfortran_9.3.0_mpich3_O/src/Superstructure -I/Volumes/Four_TB_backup/mpotts/gfortran_9.3.0_mpich3_O/src/Infrastructure/stubs/pthread  -I/Volumes/Four_TB_backup/mpotts/gfortran_9.3.0_mpich3_O/src/include  -I/Users/mpotts/stack-mods-47/include -I/Volumes/Four_TB_backup/mpotts/gfortran_9.3.0_mpich3_O/src/prologue/yaml-cpp/include -DESMF_NO_INTEGER_1_BYTE -DESMF_NO_INTEGER_2_BYTE -DESMFVERSIONGIT='"ESMF_8_1_0_beta_snapshot_47-22-gffbbe5951e"' -DESMF_MOAB=1 -DESMF_LAPACK=1 -DESMF_LAPACK_INTERNAL=1 -DESMF_NO_ACC_SOFTWARE_STACK=1 -DESMF_NETCDF=1 -DESMF_YAMLCPP=1 -DESMF_YAML=1 -DESMF_PIO=1 -DESMF_MPIIO -DESMF_NO_PTHREADS -DESMF_NO_OPENACC -DESMF_TESTEXHAUSTIVE -DESMF_BOPT_O -DESMF_TESTCOMPTUNNEL -DESMF_TESTWITHTHREADS -DSx86_64_small=1 -DESMF_OS_Darwin=1 -DESMF_COMM=mpich3 -DESMF_DIR=/Volumes/Four_TB_backup/mpotts/gfortran_9.3.0_mpich3_O -D__SDIR__='"src/apps/ESMF_PrintInfoC"' -DESMF_CXXSTD=11 ESMF_PrintInfoC.c -o /Volumes/Four_TB_backup/mpotts/gfortran_9.3.0_mpich3_O/obj/objO/Darwin.gfortran.64.mpich3.default/src/apps/ESMF_PrintInfoC/ESMF_PrintInfoC.o
/Library/Developer/CommandLineTools/usr/bin/make chkdir_apps
mpicxx    -m64 -mcmodel=small  -fopenmp -L/Users/mpotts/stack-mods-47/lib  -lz -L/Volumes/Four_TB_backup/mpotts/gfortran_9.3.0_mpich3_O/DEFAULTINSTALLDIR/lib/libO/Darwin.gfortran.64.mpich3.default -L/Users/mpotts/stack-mods-47/lib -L/usr/local/Cellar/gcc@9/9.3.0_1/lib/gcc/9/gcc/x86_64-apple-darwin20/9.3.0/../../../  -o /Volumes/Four_TB_backup/mpotts/gfortran_9.3.0_mpich3_O/DEFAULTINSTALLDIR/bin/binO/Darwin.gfortran.64.mpich3.default/ESMF_PrintInfoC /Volumes/Four_TB_backup/mpotts/gfortran_9.3.0_mpich3_O/obj/objO/Darwin.gfortran.64.mpich3.default/src/apps/ESMF_PrintInfoC/ESMF_PrintInfoC.o -lesmf  -lmpifort -lgfortran -lnetcdff -lnetcdf -lhdf5_hl -lhdf5  -lz
ld: warning: dylib (/Users/mpotts/stack-mods-47/lib/libmpicxx.dylib) was built for newer macOS version (11.0) than being linked (10.16)
ld: warning: object file (/Users/mpotts/stack-mods-47/lib/libz.a(compress.o)) was built for newer macOS version (11.0) than being linked (10.16)
ld: warning: object file (/Users/mpotts/stack-mods-47/lib/libz.a(inflate.o)) was built for newer macOS version (11.0) than being linked (10.16)
ld: warning: object file (/Users/mpotts/stack-mods-47/lib/libz.a(adler32.o)) was built for newer macOS version (11.0) than being linked (10.16)
ld: warning: object file (/Users/mpotts/stack-mods-47/lib/libz.a(crc32.o)) was built for newer macOS version (11.0) than being linked (10.16)
ld: warning: object file (/Users/mpotts/stack-mods-47/lib/libz.a(deflate.o)) was built for newer macOS version (11.0) than being linked (10.16)
ld: warning: object file (/Users/mpotts/stack-mods-47/lib/libz.a(inffast.o)) was built for newer macOS version (11.0) than being linked (10.16)
ld: warning: object file (/Users/mpotts/stack-mods-47/lib/libz.a(inftrees.o)) was built for newer macOS version (11.0) than being linked (10.16)
ld: warning: object file (/Users/mpotts/stack-mods-47/lib/libz.a(zutil.o)) was built for newer macOS version (11.0) than being linked (10.16)
ld: warning: object file (/Users/mpotts/stack-mods-47/lib/libz.a(trees.o)) was built for newer macOS version (11.0) than being linked (10.16)
tree_build_apps in: /Volumes/Four_TB_backup/mpotts/gfortran_9.3.0_mpich3_O/src/apps/ESMF_RegridWeightGen
/Library/Developer/CommandLineTools/usr/bin/make chkdir_locobj
Making directory /Volumes/Four_TB_backup/mpotts/gfortran_9.3.0_mpich3_O/obj/objO/Darwin.gfortran.64.mpich3.default/src/apps/ESMF_RegridWeightGen for apps output
/usr/local/bin/gfortran-9 -c -O   -m64 -mcmodel=small -ffree-line-length-none  -fopenmp -I/Volumes/Four_TB_backup/mpotts/gfortran_9.3.0_mpich3_O/src/apps/ESMF_RegridWeightGen -I/Volumes/Four_TB_backup/mpotts/gfortran_9.3.0_mpich3_O/build_config/Darwin.gfortran.default -I/Volumes/Four_TB_backup/mpotts/gfortran_9.3.0_mpich3_O/src/Infrastructure -I/Volumes/Four_TB_backup/mpotts/gfortran_9.3.0_mpich3_O/src/Superstructure -I/Volumes/Four_TB_backup/mpotts/gfortran_9.3.0_mpich3_O/DEFAULTINSTALLDIR/mod/modO/Darwin.gfortran.64.mpich3.default -I/Volumes/Four_TB_backup/mpotts/gfortran_9.3.0_mpich3_O/src/include -I/Users/mpotts/stack-mods-47/include  -DESMF_NO_INTEGER_1_BYTE -DESMF_NO_INTEGER_2_BYTE -DESMFVERSIONGIT='"ESMF_8_1_0_beta_snapshot_47-22-gffbbe5951e"' -DESMF_MOAB=1 -DESMF_LAPACK=1 -DESMF_LAPACK_INTERNAL=1 -DESMF_NO_ACC_SOFTWARE_STACK=1 -DESMF_NETCDF=1 -DESMF_YAMLCPP=1 -DESMF_YAML=1 -DESMF_PIO=1 -DESMF_MPIIO -DESMF_NO_PTHREADS -DESMF_NO_OPENACC -DESMF_TESTEXHAUSTIVE -DESMF_BOPT_O -DESMF_TESTCOMPTUNNEL -DESMF_TESTWITHTHREADS -DSx86_64_small=1 -DESMF_OS_Darwin=1 -DESMF_COMM=mpich3 -DESMF_DIR=/Volumes/Four_TB_backup/mpotts/gfortran_9.3.0_mpich3_O ESMF_RegridWeightGen.F90 -o /Volumes/Four_TB_backup/mpotts/gfortran_9.3.0_mpich3_O/obj/objO/Darwin.gfortran.64.mpich3.default/src/apps/ESMF_RegridWeightGen/ESMF_RegridWeightGen.o
/Library/Developer/CommandLineTools/usr/bin/make chkdir_apps
mpif90     -m64 -mcmodel=small  -fopenmp -L/Users/mpotts/stack-mods-47/lib  -lz -L/Volumes/Four_TB_backup/mpotts/gfortran_9.3.0_mpich3_O/DEFAULTINSTALLDIR/lib/libO/Darwin.gfortran.64.mpich3.default -L/Users/mpotts/stack-mods-47/lib -L/usr/local/Cellar/gcc@9/9.3.0_1/lib/gcc/9/gcc/x86_64-apple-darwin20/9.3.0/../../../  -o /Volumes/Four_TB_backup/mpotts/gfortran_9.3.0_mpich3_O/DEFAULTINSTALLDIR/bin/binO/Darwin.gfortran.64.mpich3.default/ESMF_RegridWeightGen /Volumes/Four_TB_backup/mpotts/gfortran_9.3.0_mpich3_O/obj/objO/Darwin.gfortran.64.mpich3.default/src/apps/ESMF_RegridWeightGen/ESMF_RegridWeightGen.o -lesmf  -lstdc++ -lnetcdff -lnetcdf -lhdf5_hl -lhdf5  -lz
ld: warning: object file (/Users/mpotts/stack-mods-47/lib/libz.a(compress.o)) was built for newer macOS version (11.0) than being linked (10.16)
ld: warning: object file (/Users/mpotts/stack-mods-47/lib/libz.a(inflate.o)) was built for newer macOS version (11.0) than being linked (10.16)
ld: warning: object file (/Users/mpotts/stack-mods-47/lib/libz.a(adler32.o)) was built for newer macOS version (11.0) than being linked (10.16)
ld: warning: object file (/Users/mpotts/stack-mods-47/lib/libz.a(crc32.o)) was built for newer macOS version (11.0) than being linked (10.16)
ld: warning: object file (/Users/mpotts/stack-mods-47/lib/libz.a(deflate.o)) was built for newer macOS version (11.0) than being linked (10.16)
ld: warning: object file (/Users/mpotts/stack-mods-47/lib/libz.a(inffast.o)) was built for newer macOS version (11.0) than being linked (10.16)
ld: warning: object file (/Users/mpotts/stack-mods-47/lib/libz.a(inftrees.o)) was built for newer macOS version (11.0) than being linked (10.16)
ld: warning: object file (/Users/mpotts/stack-mods-47/lib/libz.a(zutil.o)) was built for newer macOS version (11.0) than being linked (10.16)
ld: warning: object file (/Users/mpotts/stack-mods-47/lib/libz.a(trees.o)) was built for newer macOS version (11.0) than being linked (10.16)
tree_build_apps in: /Volumes/Four_TB_backup/mpotts/gfortran_9.3.0_mpich3_O/src/apps/ESMF_WebServController
/Library/Developer/CommandLineTools/usr/bin/make chkdir_locobj
Making directory /Volumes/Four_TB_backup/mpotts/gfortran_9.3.0_mpich3_O/obj/objO/Darwin.gfortran.64.mpich3.default/src/apps/ESMF_WebServController for apps output
mpicxx -c -std=c++11 -O -DNDEBUG  -DESMF_LOWERCASE_SINGLEUNDERSCORE -m64 -mcmodel=small  -fopenmp -I/Volumes/Four_TB_backup/mpotts/gfortran_9.3.0_mpich3_O/src/apps/ESMF_WebServController -I/Volumes/Four_TB_backup/mpotts/gfortran_9.3.0_mpich3_O/src/apps/ESMF_WebServController/../include -I/Volumes/Four_TB_backup/mpotts/gfortran_9.3.0_mpich3_O/build_config/Darwin.gfortran.default -I/Volumes/Four_TB_backup/mpotts/gfortran_9.3.0_mpich3_O/src/Infrastructure -I/Volumes/Four_TB_backup/mpotts/gfortran_9.3.0_mpich3_O/src/Superstructure -I/Volumes/Four_TB_backup/mpotts/gfortran_9.3.0_mpich3_O/src/Infrastructure/stubs/pthread  -I/Volumes/Four_TB_backup/mpotts/gfortran_9.3.0_mpich3_O/src/include  -I/Users/mpotts/stack-mods-47/include -I/Volumes/Four_TB_backup/mpotts/gfortran_9.3.0_mpich3_O/src/prologue/yaml-cpp/include -DESMF_NO_INTEGER_1_BYTE -DESMF_NO_INTEGER_2_BYTE -DESMFVERSIONGIT='"ESMF_8_1_0_beta_snapshot_47-22-gffbbe5951e"' -DESMF_MOAB=1 -DESMF_LAPACK=1 -DESMF_LAPACK_INTERNAL=1 -DESMF_NO_ACC_SOFTWARE_STACK=1 -DESMF_NETCDF=1 -DESMF_YAMLCPP=1 -DESMF_YAML=1 -DESMF_PIO=1 -DESMF_MPIIO -DESMF_NO_PTHREADS -DESMF_NO_OPENACC -DESMF_TESTEXHAUSTIVE -DESMF_BOPT_O -DESMF_TESTCOMPTUNNEL -DESMF_TESTWITHTHREADS -DSx86_64_small=1 -DESMF_OS_Darwin=1 -DESMF_COMM=mpich3 -DESMF_DIR=/Volumes/Four_TB_backup/mpotts/gfortran_9.3.0_mpich3_O -D__SDIR__='"src/apps/ESMF_WebServController"' -DESMF_CXXSTD=11 ESMF_WebServController.C -o /Volumes/Four_TB_backup/mpotts/gfortran_9.3.0_mpich3_O/obj/objO/Darwin.gfortran.64.mpich3.default/src/apps/ESMF_WebServController/ESMF_WebServController.o
/Library/Developer/CommandLineTools/usr/bin/make chkdir_apps
mpicxx    -m64 -mcmodel=small  -fopenmp -L/Users/mpotts/stack-mods-47/lib  -lz -L/Volumes/Four_TB_backup/mpotts/gfortran_9.3.0_mpich3_O/DEFAULTINSTALLDIR/lib/libO/Darwin.gfortran.64.mpich3.default -L/Users/mpotts/stack-mods-47/lib -L/usr/local/Cellar/gcc@9/9.3.0_1/lib/gcc/9/gcc/x86_64-apple-darwin20/9.3.0/../../../  -o /Volumes/Four_TB_backup/mpotts/gfortran_9.3.0_mpich3_O/DEFAULTINSTALLDIR/bin/binO/Darwin.gfortran.64.mpich3.default/ESMF_WebServController /Volumes/Four_TB_backup/mpotts/gfortran_9.3.0_mpich3_O/obj/objO/Darwin.gfortran.64.mpich3.default/src/apps/ESMF_WebServController/ESMF_WebServController.o -lesmf  -lmpifort -lgfortran -lnetcdff -lnetcdf -lhdf5_hl -lhdf5  -lz
ld: warning: dylib (/Users/mpotts/stack-mods-47/lib/libmpicxx.dylib) was built for newer macOS version (11.0) than being linked (10.16)
ld: warning: object file (/Users/mpotts/stack-mods-47/lib/libz.a(compress.o)) was built for newer macOS version (11.0) than being linked (10.16)
ld: warning: object file (/Users/mpotts/stack-mods-47/lib/libz.a(inflate.o)) was built for newer macOS version (11.0) than being linked (10.16)
ld: warning: object file (/Users/mpotts/stack-mods-47/lib/libz.a(adler32.o)) was built for newer macOS version (11.0) than being linked (10.16)
ld: warning: object file (/Users/mpotts/stack-mods-47/lib/libz.a(crc32.o)) was built for newer macOS version (11.0) than being linked (10.16)
ld: warning: object file (/Users/mpotts/stack-mods-47/lib/libz.a(deflate.o)) was built for newer macOS version (11.0) than being linked (10.16)
ld: warning: object file (/Users/mpotts/stack-mods-47/lib/libz.a(inffast.o)) was built for newer macOS version (11.0) than being linked (10.16)
ld: warning: object file (/Users/mpotts/stack-mods-47/lib/libz.a(inftrees.o)) was built for newer macOS version (11.0) than being linked (10.16)
ld: warning: object file (/Users/mpotts/stack-mods-47/lib/libz.a(zutil.o)) was built for newer macOS version (11.0) than being linked (10.16)
ld: warning: object file (/Users/mpotts/stack-mods-47/lib/libz.a(trees.o)) was built for newer macOS version (11.0) than being linked (10.16)
tree_build_apps in: /Volumes/Four_TB_backup/mpotts/gfortran_9.3.0_mpich3_O/src/apps/ESMF_Scrip2Unstruct
/Library/Developer/CommandLineTools/usr/bin/make chkdir_locobj
Making directory /Volumes/Four_TB_backup/mpotts/gfortran_9.3.0_mpich3_O/obj/objO/Darwin.gfortran.64.mpich3.default/src/apps/ESMF_Scrip2Unstruct for apps output
mpicxx -c -std=c++11 -O -DNDEBUG  -DESMF_LOWERCASE_SINGLEUNDERSCORE -m64 -mcmodel=small  -fopenmp -I/Volumes/Four_TB_backup/mpotts/gfortran_9.3.0_mpich3_O/src/apps/ESMF_Scrip2Unstruct -I/Volumes/Four_TB_backup/mpotts/gfortran_9.3.0_mpich3_O/src/apps/ESMF_Scrip2Unstruct/../include -I/Volumes/Four_TB_backup/mpotts/gfortran_9.3.0_mpich3_O/build_config/Darwin.gfortran.default -I/Volumes/Four_TB_backup/mpotts/gfortran_9.3.0_mpich3_O/src/Infrastructure -I/Volumes/Four_TB_backup/mpotts/gfortran_9.3.0_mpich3_O/src/Superstructure -I/Volumes/Four_TB_backup/mpotts/gfortran_9.3.0_mpich3_O/src/Infrastructure/stubs/pthread  -I/Volumes/Four_TB_backup/mpotts/gfortran_9.3.0_mpich3_O/src/include  -I/Users/mpotts/stack-mods-47/include -I/Volumes/Four_TB_backup/mpotts/gfortran_9.3.0_mpich3_O/src/prologue/yaml-cpp/include -DESMF_NO_INTEGER_1_BYTE -DESMF_NO_INTEGER_2_BYTE -DESMFVERSIONGIT='"ESMF_8_1_0_beta_snapshot_47-22-gffbbe5951e"' -DESMF_MOAB=1 -DESMF_LAPACK=1 -DESMF_LAPACK_INTERNAL=1 -DESMF_NO_ACC_SOFTWARE_STACK=1 -DESMF_NETCDF=1 -DESMF_YAMLCPP=1 -DESMF_YAML=1 -DESMF_PIO=1 -DESMF_MPIIO -DESMF_NO_PTHREADS -DESMF_NO_OPENACC -DESMF_TESTEXHAUSTIVE -DESMF_BOPT_O -DESMF_TESTCOMPTUNNEL -DESMF_TESTWITHTHREADS -DSx86_64_small=1 -DESMF_OS_Darwin=1 -DESMF_COMM=mpich3 -DESMF_DIR=/Volumes/Four_TB_backup/mpotts/gfortran_9.3.0_mpich3_O -D__SDIR__='"src/apps/ESMF_Scrip2Unstruct"' -DESMF_CXXSTD=11 ESMF_Scrip2Unstruct.C -o /Volumes/Four_TB_backup/mpotts/gfortran_9.3.0_mpich3_O/obj/objO/Darwin.gfortran.64.mpich3.default/src/apps/ESMF_Scrip2Unstruct/ESMF_Scrip2Unstruct.o
/Library/Developer/CommandLineTools/usr/bin/make chkdir_apps
mpicxx    -m64 -mcmodel=small  -fopenmp -L/Users/mpotts/stack-mods-47/lib  -lz -L/Volumes/Four_TB_backup/mpotts/gfortran_9.3.0_mpich3_O/DEFAULTINSTALLDIR/lib/libO/Darwin.gfortran.64.mpich3.default -L/Users/mpotts/stack-mods-47/lib -L/usr/local/Cellar/gcc@9/9.3.0_1/lib/gcc/9/gcc/x86_64-apple-darwin20/9.3.0/../../../  -o /Volumes/Four_TB_backup/mpotts/gfortran_9.3.0_mpich3_O/DEFAULTINSTALLDIR/bin/binO/Darwin.gfortran.64.mpich3.default/ESMF_Scrip2Unstruct /Volumes/Four_TB_backup/mpotts/gfortran_9.3.0_mpich3_O/obj/objO/Darwin.gfortran.64.mpich3.default/src/apps/ESMF_Scrip2Unstruct/ESMF_Scrip2Unstruct.o -lesmf  -lmpifort -lgfortran -lnetcdff -lnetcdf -lhdf5_hl -lhdf5  -lz
ld: warning: dylib (/Users/mpotts/stack-mods-47/lib/libmpicxx.dylib) was built for newer macOS version (11.0) than being linked (10.16)
ld: warning: object file (/Users/mpotts/stack-mods-47/lib/libz.a(compress.o)) was built for newer macOS version (11.0) than being linked (10.16)
ld: warning: object file (/Users/mpotts/stack-mods-47/lib/libz.a(inflate.o)) was built for newer macOS version (11.0) than being linked (10.16)
ld: warning: object file (/Users/mpotts/stack-mods-47/lib/libz.a(adler32.o)) was built for newer macOS version (11.0) than being linked (10.16)
ld: warning: object file (/Users/mpotts/stack-mods-47/lib/libz.a(crc32.o)) was built for newer macOS version (11.0) than being linked (10.16)
ld: warning: object file (/Users/mpotts/stack-mods-47/lib/libz.a(deflate.o)) was built for newer macOS version (11.0) than being linked (10.16)
ld: warning: object file (/Users/mpotts/stack-mods-47/lib/libz.a(inffast.o)) was built for newer macOS version (11.0) than being linked (10.16)
ld: warning: object file (/Users/mpotts/stack-mods-47/lib/libz.a(inftrees.o)) was built for newer macOS version (11.0) than being linked (10.16)
ld: warning: object file (/Users/mpotts/stack-mods-47/lib/libz.a(zutil.o)) was built for newer macOS version (11.0) than being linked (10.16)
ld: warning: object file (/Users/mpotts/stack-mods-47/lib/libz.a(trees.o)) was built for newer macOS version (11.0) than being linked (10.16)
tree_build_apps in: /Volumes/Four_TB_backup/mpotts/gfortran_9.3.0_mpich3_O/src/apps/ESMF_Regrid
/Library/Developer/CommandLineTools/usr/bin/make chkdir_locobj
Making directory /Volumes/Four_TB_backup/mpotts/gfortran_9.3.0_mpich3_O/obj/objO/Darwin.gfortran.64.mpich3.default/src/apps/ESMF_Regrid for apps output
/usr/local/bin/gfortran-9 -c -O   -m64 -mcmodel=small -ffree-line-length-none  -fopenmp -I/Volumes/Four_TB_backup/mpotts/gfortran_9.3.0_mpich3_O/src/apps/ESMF_Regrid -I/Volumes/Four_TB_backup/mpotts/gfortran_9.3.0_mpich3_O/build_config/Darwin.gfortran.default -I/Volumes/Four_TB_backup/mpotts/gfortran_9.3.0_mpich3_O/src/Infrastructure -I/Volumes/Four_TB_backup/mpotts/gfortran_9.3.0_mpich3_O/src/Superstructure -I/Volumes/Four_TB_backup/mpotts/gfortran_9.3.0_mpich3_O/DEFAULTINSTALLDIR/mod/modO/Darwin.gfortran.64.mpich3.default -I/Volumes/Four_TB_backup/mpotts/gfortran_9.3.0_mpich3_O/src/include -I/Users/mpotts/stack-mods-47/include  -DESMF_NO_INTEGER_1_BYTE -DESMF_NO_INTEGER_2_BYTE -DESMFVERSIONGIT='"ESMF_8_1_0_beta_snapshot_47-22-gffbbe5951e"' -DESMF_MOAB=1 -DESMF_LAPACK=1 -DESMF_LAPACK_INTERNAL=1 -DESMF_NO_ACC_SOFTWARE_STACK=1 -DESMF_NETCDF=1 -DESMF_YAMLCPP=1 -DESMF_YAML=1 -DESMF_PIO=1 -DESMF_MPIIO -DESMF_NO_PTHREADS -DESMF_NO_OPENACC -DESMF_TESTEXHAUSTIVE -DESMF_BOPT_O -DESMF_TESTCOMPTUNNEL -DESMF_TESTWITHTHREADS -DSx86_64_small=1 -DESMF_OS_Darwin=1 -DESMF_COMM=mpich3 -DESMF_DIR=/Volumes/Four_TB_backup/mpotts/gfortran_9.3.0_mpich3_O ESMF_Regrid.F90 -o /Volumes/Four_TB_backup/mpotts/gfortran_9.3.0_mpich3_O/obj/objO/Darwin.gfortran.64.mpich3.default/src/apps/ESMF_Regrid/ESMF_Regrid.o
/Library/Developer/CommandLineTools/usr/bin/make chkdir_apps
mpif90     -m64 -mcmodel=small  -fopenmp -L/Users/mpotts/stack-mods-47/lib  -lz -L/Volumes/Four_TB_backup/mpotts/gfortran_9.3.0_mpich3_O/DEFAULTINSTALLDIR/lib/libO/Darwin.gfortran.64.mpich3.default -L/Users/mpotts/stack-mods-47/lib -L/usr/local/Cellar/gcc@9/9.3.0_1/lib/gcc/9/gcc/x86_64-apple-darwin20/9.3.0/../../../  -o /Volumes/Four_TB_backup/mpotts/gfortran_9.3.0_mpich3_O/DEFAULTINSTALLDIR/bin/binO/Darwin.gfortran.64.mpich3.default/ESMF_Regrid /Volumes/Four_TB_backup/mpotts/gfortran_9.3.0_mpich3_O/obj/objO/Darwin.gfortran.64.mpich3.default/src/apps/ESMF_Regrid/ESMF_Regrid.o -lesmf  -lstdc++ -lnetcdff -lnetcdf -lhdf5_hl -lhdf5  -lz
ld: warning: object file (/Users/mpotts/stack-mods-47/lib/libz.a(compress.o)) was built for newer macOS version (11.0) than being linked (10.16)
ld: warning: object file (/Users/mpotts/stack-mods-47/lib/libz.a(inflate.o)) was built for newer macOS version (11.0) than being linked (10.16)
ld: warning: object file (/Users/mpotts/stack-mods-47/lib/libz.a(adler32.o)) was built for newer macOS version (11.0) than being linked (10.16)
ld: warning: object file (/Users/mpotts/stack-mods-47/lib/libz.a(crc32.o)) was built for newer macOS version (11.0) than being linked (10.16)
ld: warning: object file (/Users/mpotts/stack-mods-47/lib/libz.a(deflate.o)) was built for newer macOS version (11.0) than being linked (10.16)
ld: warning: object file (/Users/mpotts/stack-mods-47/lib/libz.a(inffast.o)) was built for newer macOS version (11.0) than being linked (10.16)
ld: warning: object file (/Users/mpotts/stack-mods-47/lib/libz.a(inftrees.o)) was built for newer macOS version (11.0) than being linked (10.16)
ld: warning: object file (/Users/mpotts/stack-mods-47/lib/libz.a(zutil.o)) was built for newer macOS version (11.0) than being linked (10.16)
ld: warning: object file (/Users/mpotts/stack-mods-47/lib/libz.a(trees.o)) was built for newer macOS version (11.0) than being linked (10.16)
ESMF apps built successfully.
mkdir -p /Volumes/Four_TB_backup/mpotts/gfortran_9.3.0_mpich3_O/DEFAULTINSTALLDIR/doc
/Library/Developer/CommandLineTools/usr/bin/make install_info_mk
/Library/Developer/CommandLineTools/usr/bin/make info_mk ESMF_APPSDIR=/Volumes/Four_TB_backup/mpotts/gfortran_9.3.0_mpich3_O/DEFAULTINSTALLDIR/bin/binO/Darwin.gfortran.64.mpich3.default ESMF_LDIR=/Volumes/Four_TB_backup/mpotts/gfortran_9.3.0_mpich3_O/DEFAULTINSTALLDIR/lib/libO/Darwin.gfortran.64.mpich3.default ESMF_LIBDIR=/Volumes/Four_TB_backup/mpotts/gfortran_9.3.0_mpich3_O/DEFAULTINSTALLDIR/lib/libO/Darwin.gfortran.64.mpich3.default ESMF_MODDIR=/Volumes/Four_TB_backup/mpotts/gfortran_9.3.0_mpich3_O/DEFAULTINSTALLDIR/mod/modO/Darwin.gfortran.64.mpich3.default ESMF_INCDIR=/Volumes/Four_TB_backup/mpotts/gfortran_9.3.0_mpich3_O/DEFAULTINSTALLDIR/include
 
ESMF installation complete.
 
