build time -- 2021-04-22 10:19:43.163239
20210422 103037.176 INFO             PET0 !!!!!!!!!!!!!!!!!!!!!!!!!!!!!!!!!!!!!!!!!!!!!!!!!!!!!!
20210422 103037.176 INFO             PET0 !!! THE ESMF_LOG IS SET TO OUTPUT ALL LOG MESSAGES !!!
20210422 103037.176 INFO             PET0 !!!     THIS MAY CAUSE SLOWDOWN IN PERFORMANCE     !!!
20210422 103037.176 INFO             PET0 !!! FOR PRODUCTION RUNS, USE:                      !!!
20210422 103037.176 INFO             PET0 !!!                   ESMF_LOGKIND_Multi_On_Error  !!!
20210422 103037.176 INFO             PET0 !!!!!!!!!!!!!!!!!!!!!!!!!!!!!!!!!!!!!!!!!!!!!!!!!!!!!!
20210422 103037.176 INFO             PET0 Running with ESMF Version   : ESMF_8_1_1_beta_snapshot_03
20210422 103037.176 INFO             PET0 ESMF library build date/time: "Apr 22 2021" "10:19:09"
20210422 103037.176 INFO             PET0 ESMF library build location : /home/mpotts/gfortran_9.3.0_openmpi_O_patch_8.1.1
20210422 103037.176 INFO             PET0 ESMF_COMM                   : openmpi
20210422 103037.176 INFO             PET0 ESMF_MOAB                   : enabled
20210422 103037.176 INFO             PET0 ESMF_LAPACK                 : enabled
20210422 103037.176 INFO             PET0 ESMF_NETCDF                 : enabled
20210422 103037.176 INFO             PET0 ESMF_PNETCDF                : disabled
20210422 103037.176 INFO             PET0 ESMF_PIO                    : enabled
20210422 103037.176 INFO             PET0 ESMF_YAMLCPP                : enabled
20210422 103037.176 INFO             PET0  NUMBER_OF_PROCESSORS           4
20210422 103037.176 INFO             PET0  PASS  Example ESMF_VMUserMpiCommMultiEx, ESMF_VMUserMpiCommMultiEx.F90, line 126
20210422 103037.176 INFO             PET0 Finalizing ESMF
20210422 103037.176 INFO             PET0 !!!!!!!!!!!!!!!!!!!!!!!!!!!!!!!!!!!!!!!!!!!!!!!!!!!!!!
20210422 103037.176 INFO             PET0 !!! THE ESMF_LOG IS SET TO OUTPUT ALL LOG MESSAGES !!!
20210422 103037.176 INFO             PET0 !!!     THIS MAY CAUSE SLOWDOWN IN PERFORMANCE     !!!
20210422 103037.176 INFO             PET0 !!! FOR PRODUCTION RUNS, USE:                      !!!
20210422 103037.176 INFO             PET0 !!!                   ESMF_LOGKIND_Multi_On_Error  !!!
20210422 103037.176 INFO             PET0 !!!!!!!!!!!!!!!!!!!!!!!!!!!!!!!!!!!!!!!!!!!!!!!!!!!!!!
20210422 103037.176 INFO             PET0 Running with ESMF Version   : ESMF_8_1_1_beta_snapshot_03
20210422 103037.176 INFO             PET0 ESMF library build date/time: "Apr 22 2021" "10:19:09"
20210422 103037.176 INFO             PET0 ESMF library build location : /home/mpotts/gfortran_9.3.0_openmpi_O_patch_8.1.1
20210422 103037.176 INFO             PET0 ESMF_COMM                   : openmpi
20210422 103037.176 INFO             PET0 ESMF_MOAB                   : enabled
20210422 103037.176 INFO             PET0 ESMF_LAPACK                 : enabled
20210422 103037.176 INFO             PET0 ESMF_NETCDF                 : enabled
20210422 103037.176 INFO             PET0 ESMF_PNETCDF                : disabled
20210422 103037.176 INFO             PET0 ESMF_PIO                    : enabled
20210422 103037.176 INFO             PET0 ESMF_YAMLCPP                : enabled
20210422 103037.176 INFO             PET0  NUMBER_OF_PROCESSORS           4
20210422 103037.176 INFO             PET0  PASS  Example ESMF_VMUserMpiCommMultiEx, ESMF_VMUserMpiCommMultiEx.F90, line 154
20210422 103037.176 INFO             PET0 Finalizing ESMF
20210422 103037.176 INFO             PET1 !!!!!!!!!!!!!!!!!!!!!!!!!!!!!!!!!!!!!!!!!!!!!!!!!!!!!!
20210422 103037.176 INFO             PET1 !!! THE ESMF_LOG IS SET TO OUTPUT ALL LOG MESSAGES !!!
20210422 103037.176 INFO             PET1 !!!     THIS MAY CAUSE SLOWDOWN IN PERFORMANCE     !!!
20210422 103037.176 INFO             PET1 !!! FOR PRODUCTION RUNS, USE:                      !!!
20210422 103037.176 INFO             PET1 !!!                   ESMF_LOGKIND_Multi_On_Error  !!!
20210422 103037.176 INFO             PET1 !!!!!!!!!!!!!!!!!!!!!!!!!!!!!!!!!!!!!!!!!!!!!!!!!!!!!!
20210422 103037.176 INFO             PET1 Running with ESMF Version   : ESMF_8_1_1_beta_snapshot_03
20210422 103037.176 INFO             PET1 ESMF library build date/time: "Apr 22 2021" "10:19:09"
20210422 103037.176 INFO             PET1 ESMF library build location : /home/mpotts/gfortran_9.3.0_openmpi_O_patch_8.1.1
20210422 103037.176 INFO             PET1 ESMF_COMM                   : openmpi
20210422 103037.176 INFO             PET1 ESMF_MOAB                   : enabled
20210422 103037.176 INFO             PET1 ESMF_LAPACK                 : enabled
20210422 103037.176 INFO             PET1 ESMF_NETCDF                 : enabled
20210422 103037.176 INFO             PET1 ESMF_PNETCDF                : disabled
20210422 103037.176 INFO             PET1 ESMF_PIO                    : enabled
20210422 103037.176 INFO             PET1 ESMF_YAMLCPP                : enabled
20210422 103037.176 INFO             PET1  NUMBER_OF_PROCESSORS           4
20210422 103037.176 INFO             PET1  PASS  Example ESMF_VMUserMpiCommMultiEx, ESMF_VMUserMpiCommMultiEx.F90, line 126
20210422 103037.176 INFO             PET1 Finalizing ESMF
20210422 103037.176 INFO             PET1 !!!!!!!!!!!!!!!!!!!!!!!!!!!!!!!!!!!!!!!!!!!!!!!!!!!!!!
20210422 103037.176 INFO             PET1 !!! THE ESMF_LOG IS SET TO OUTPUT ALL LOG MESSAGES !!!
20210422 103037.176 INFO             PET1 !!!     THIS MAY CAUSE SLOWDOWN IN PERFORMANCE     !!!
20210422 103037.176 INFO             PET1 !!! FOR PRODUCTION RUNS, USE:                      !!!
20210422 103037.176 INFO             PET1 !!!                   ESMF_LOGKIND_Multi_On_Error  !!!
20210422 103037.176 INFO             PET1 !!!!!!!!!!!!!!!!!!!!!!!!!!!!!!!!!!!!!!!!!!!!!!!!!!!!!!
20210422 103037.176 INFO             PET1 Running with ESMF Version   : ESMF_8_1_1_beta_snapshot_03
20210422 103037.176 INFO             PET1 ESMF library build date/time: "Apr 22 2021" "10:19:09"
20210422 103037.176 INFO             PET1 ESMF library build location : /home/mpotts/gfortran_9.3.0_openmpi_O_patch_8.1.1
20210422 103037.176 INFO             PET1 ESMF_COMM                   : openmpi
20210422 103037.176 INFO             PET1 ESMF_MOAB                   : enabled
20210422 103037.176 INFO             PET1 ESMF_LAPACK                 : enabled
20210422 103037.176 INFO             PET1 ESMF_NETCDF                 : enabled
20210422 103037.176 INFO             PET1 ESMF_PNETCDF                : disabled
20210422 103037.176 INFO             PET1 ESMF_PIO                    : enabled
20210422 103037.176 INFO             PET1 ESMF_YAMLCPP                : enabled
20210422 103037.176 INFO             PET1  NUMBER_OF_PROCESSORS           4
20210422 103037.176 INFO             PET1  PASS  Example ESMF_VMUserMpiCommMultiEx, ESMF_VMUserMpiCommMultiEx.F90, line 154
20210422 103037.176 INFO             PET1 Finalizing ESMF
