build time -- 2021-04-20 18:48:49
20210420 191800.716 INFO             PET0 !!!!!!!!!!!!!!!!!!!!!!!!!!!!!!!!!!!!!!!!!!!!!!!!!!!!!!
20210420 191800.716 INFO             PET0 !!! THE ESMF_LOG IS SET TO OUTPUT ALL LOG MESSAGES !!!
20210420 191800.716 INFO             PET0 !!!     THIS MAY CAUSE SLOWDOWN IN PERFORMANCE     !!!
20210420 191800.716 INFO             PET0 !!! FOR PRODUCTION RUNS, USE:                      !!!
20210420 191800.716 INFO             PET0 !!!                   ESMF_LOGKIND_Multi_On_Error  !!!
20210420 191800.716 INFO             PET0 !!!!!!!!!!!!!!!!!!!!!!!!!!!!!!!!!!!!!!!!!!!!!!!!!!!!!!
20210420 191800.716 INFO             PET0 Running with ESMF Version   : ESMF_8_2_0_beta_snapshot_04-7-g3098c96
20210420 191800.716 INFO             PET0 ESMF library build date/time: "Apr 20 2021" "18:47:03"
20210420 191800.716 INFO             PET0 ESMF library build location : /p/work1/mpotts/intel_2018.1_intelmpi_g_develop
20210420 191800.716 INFO             PET0 ESMF_COMM                   : intelmpi
20210420 191800.717 INFO             PET0 ESMF_MOAB                   : enabled
20210420 191800.717 INFO             PET0 ESMF_LAPACK                 : enabled
20210420 191800.717 INFO             PET0 ESMF_NETCDF                 : enabled
20210420 191800.717 INFO             PET0 ESMF_PNETCDF                : disabled
20210420 191800.717 INFO             PET0 ESMF_PIO                    : enabled
20210420 191800.717 INFO             PET0 ESMF_YAMLCPP                : enabled
20210420 191800.763 WARNING          PET0 ESMF_IOScrip.F90:4699 ESMF_EsmfGetElement Variable centerCoords in data/ne4np4-esmf.nc does not exist
20210420 191800.916 INFO             PET0  NUMBER_OF_PROCESSORS           4
20210420 191800.916 INFO             PET0  PASS  Example ESMF_MeshEx, ESMF_MeshEx.F90, line 1795
20210420 191800.916 INFO             PET0 Finalizing ESMF
20210420 191800.716 INFO             PET1 !!!!!!!!!!!!!!!!!!!!!!!!!!!!!!!!!!!!!!!!!!!!!!!!!!!!!!
20210420 191800.716 INFO             PET1 !!! THE ESMF_LOG IS SET TO OUTPUT ALL LOG MESSAGES !!!
20210420 191800.716 INFO             PET1 !!!     THIS MAY CAUSE SLOWDOWN IN PERFORMANCE     !!!
20210420 191800.716 INFO             PET1 !!! FOR PRODUCTION RUNS, USE:                      !!!
20210420 191800.716 INFO             PET1 !!!                   ESMF_LOGKIND_Multi_On_Error  !!!
20210420 191800.716 INFO             PET1 !!!!!!!!!!!!!!!!!!!!!!!!!!!!!!!!!!!!!!!!!!!!!!!!!!!!!!
20210420 191800.716 INFO             PET1 Running with ESMF Version   : ESMF_8_2_0_beta_snapshot_04-7-g3098c96
20210420 191800.716 INFO             PET1 ESMF library build date/time: "Apr 20 2021" "18:47:03"
20210420 191800.716 INFO             PET1 ESMF library build location : /p/work1/mpotts/intel_2018.1_intelmpi_g_develop
20210420 191800.716 INFO             PET1 ESMF_COMM                   : intelmpi
20210420 191800.717 INFO             PET1 ESMF_MOAB                   : enabled
20210420 191800.717 INFO             PET1 ESMF_LAPACK                 : enabled
20210420 191800.717 INFO             PET1 ESMF_NETCDF                 : enabled
20210420 191800.717 INFO             PET1 ESMF_PNETCDF                : disabled
20210420 191800.717 INFO             PET1 ESMF_PIO                    : enabled
20210420 191800.717 INFO             PET1 ESMF_YAMLCPP                : enabled
20210420 191800.765 WARNING          PET1 ESMF_IOScrip.F90:4699 ESMF_EsmfGetElement Variable centerCoords in data/ne4np4-esmf.nc does not exist
20210420 191800.916 INFO             PET1  NUMBER_OF_PROCESSORS           4
20210420 191800.916 INFO             PET1  PASS  Example ESMF_MeshEx, ESMF_MeshEx.F90, line 1795
20210420 191800.916 INFO             PET1 Finalizing ESMF
20210420 191800.716 INFO             PET2 !!!!!!!!!!!!!!!!!!!!!!!!!!!!!!!!!!!!!!!!!!!!!!!!!!!!!!
20210420 191800.716 INFO             PET2 !!! THE ESMF_LOG IS SET TO OUTPUT ALL LOG MESSAGES !!!
20210420 191800.716 INFO             PET2 !!!     THIS MAY CAUSE SLOWDOWN IN PERFORMANCE     !!!
20210420 191800.716 INFO             PET2 !!! FOR PRODUCTION RUNS, USE:                      !!!
20210420 191800.716 INFO             PET2 !!!                   ESMF_LOGKIND_Multi_On_Error  !!!
20210420 191800.716 INFO             PET2 !!!!!!!!!!!!!!!!!!!!!!!!!!!!!!!!!!!!!!!!!!!!!!!!!!!!!!
20210420 191800.716 INFO             PET2 Running with ESMF Version   : ESMF_8_2_0_beta_snapshot_04-7-g3098c96
20210420 191800.716 INFO             PET2 ESMF library build date/time: "Apr 20 2021" "18:47:03"
20210420 191800.716 INFO             PET2 ESMF library build location : /p/work1/mpotts/intel_2018.1_intelmpi_g_develop
20210420 191800.716 INFO             PET2 ESMF_COMM                   : intelmpi
20210420 191800.717 INFO             PET2 ESMF_MOAB                   : enabled
20210420 191800.717 INFO             PET2 ESMF_LAPACK                 : enabled
20210420 191800.717 INFO             PET2 ESMF_NETCDF                 : enabled
20210420 191800.717 INFO             PET2 ESMF_PNETCDF                : disabled
20210420 191800.717 INFO             PET2 ESMF_PIO                    : enabled
20210420 191800.717 INFO             PET2 ESMF_YAMLCPP                : enabled
20210420 191800.765 WARNING          PET2 ESMF_IOScrip.F90:4699 ESMF_EsmfGetElement Variable centerCoords in data/ne4np4-esmf.nc does not exist
20210420 191800.916 INFO             PET2  NUMBER_OF_PROCESSORS           4
20210420 191800.916 INFO             PET2  PASS  Example ESMF_MeshEx, ESMF_MeshEx.F90, line 1795
20210420 191800.916 INFO             PET2 Finalizing ESMF
20210420 191800.716 INFO             PET3 !!!!!!!!!!!!!!!!!!!!!!!!!!!!!!!!!!!!!!!!!!!!!!!!!!!!!!
20210420 191800.716 INFO             PET3 !!! THE ESMF_LOG IS SET TO OUTPUT ALL LOG MESSAGES !!!
20210420 191800.716 INFO             PET3 !!!     THIS MAY CAUSE SLOWDOWN IN PERFORMANCE     !!!
20210420 191800.716 INFO             PET3 !!! FOR PRODUCTION RUNS, USE:                      !!!
20210420 191800.716 INFO             PET3 !!!                   ESMF_LOGKIND_Multi_On_Error  !!!
20210420 191800.716 INFO             PET3 !!!!!!!!!!!!!!!!!!!!!!!!!!!!!!!!!!!!!!!!!!!!!!!!!!!!!!
20210420 191800.716 INFO             PET3 Running with ESMF Version   : ESMF_8_2_0_beta_snapshot_04-7-g3098c96
20210420 191800.716 INFO             PET3 ESMF library build date/time: "Apr 20 2021" "18:47:03"
20210420 191800.716 INFO             PET3 ESMF library build location : /p/work1/mpotts/intel_2018.1_intelmpi_g_develop
20210420 191800.716 INFO             PET3 ESMF_COMM                   : intelmpi
20210420 191800.717 INFO             PET3 ESMF_MOAB                   : enabled
20210420 191800.717 INFO             PET3 ESMF_LAPACK                 : enabled
20210420 191800.717 INFO             PET3 ESMF_NETCDF                 : enabled
20210420 191800.717 INFO             PET3 ESMF_PNETCDF                : disabled
20210420 191800.717 INFO             PET3 ESMF_PIO                    : enabled
20210420 191800.717 INFO             PET3 ESMF_YAMLCPP                : enabled
20210420 191800.765 WARNING          PET3 ESMF_IOScrip.F90:4699 ESMF_EsmfGetElement Variable centerCoords in data/ne4np4-esmf.nc does not exist
20210420 191800.916 INFO             PET3  NUMBER_OF_PROCESSORS           4
20210420 191800.916 INFO             PET3  PASS  Example ESMF_MeshEx, ESMF_MeshEx.F90, line 1795
20210420 191800.916 INFO             PET3 Finalizing ESMF
