 
Installing ESMF:
 
mkdir -p /project/esmf/bh_python/pgi_19.9_mpiuni_O/DEFAULTINSTALLDIR/include
cp -f /project/esmf/bh_python/pgi_19.9_mpiuni_O/src/include/ESMC.h /project/esmf/bh_python/pgi_19.9_mpiuni_O/DEFAULTINSTALLDIR/include
cp -f /project/esmf/bh_python/pgi_19.9_mpiuni_O/src/include/ESMC_*.h /project/esmf/bh_python/pgi_19.9_mpiuni_O/DEFAULTINSTALLDIR/include
cp -f /project/esmf/bh_python/pgi_19.9_mpiuni_O/build_config/Linux.pgi.default/ESMC_Conf.h /project/esmf/bh_python/pgi_19.9_mpiuni_O/DEFAULTINSTALLDIR/include
mkdir -p /project/esmf/bh_python/pgi_19.9_mpiuni_O/DEFAULTINSTALLDIR/mod/modO/Linux.pgi.64.mpiuni.default
cp -f /project/esmf/bh_python/pgi_19.9_mpiuni_O/mod/modO/Linux.pgi.64.mpiuni.default/*.mod /project/esmf/bh_python/pgi_19.9_mpiuni_O/DEFAULTINSTALLDIR/mod/modO/Linux.pgi.64.mpiuni.default
mkdir -p /project/esmf/bh_python/pgi_19.9_mpiuni_O/DEFAULTINSTALLDIR/lib/libO/Linux.pgi.64.mpiuni.default
cp -f /project/esmf/bh_python/pgi_19.9_mpiuni_O/lib/libO/Linux.pgi.64.mpiuni.default/libesmf*.* /project/esmf/bh_python/pgi_19.9_mpiuni_O/DEFAULTINSTALLDIR/lib/libO/Linux.pgi.64.mpiuni.default
make ESMF_PRELOADDIR=/project/esmf/bh_python/pgi_19.9_mpiuni_O/DEFAULTINSTALLDIR/lib/libO/Linux.pgi.64.mpiuni.default build_preload_script
make[1]: Entering directory `/project/esmf/bh_python/pgi_19.9_mpiuni_O'
chmod 755 /project/esmf/bh_python/pgi_19.9_mpiuni_O/DEFAULTINSTALLDIR/lib/libO/Linux.pgi.64.mpiuni.default/preload.sh
make[1]: Leaving directory `/project/esmf/bh_python/pgi_19.9_mpiuni_O'
ranlib /project/esmf/bh_python/pgi_19.9_mpiuni_O/DEFAULTINSTALLDIR/lib/libO/Linux.pgi.64.mpiuni.default/libesmf*.a
make install_apps
make[1]: Entering directory `/project/esmf/bh_python/pgi_19.9_mpiuni_O'
mkdir -p /project/esmf/bh_python/pgi_19.9_mpiuni_O/DEFAULTINSTALLDIR/bin/binO/Linux.pgi.64.mpiuni.default
make build_apps ESMF_APPSDIR=/project/esmf/bh_python/pgi_19.9_mpiuni_O/DEFAULTINSTALLDIR/bin/binO/Linux.pgi.64.mpiuni.default ESMF_LDIR=/project/esmf/bh_python/pgi_19.9_mpiuni_O/DEFAULTINSTALLDIR/lib/libO/Linux.pgi.64.mpiuni.default ESMF_LIBDIR=/project/esmf/bh_python/pgi_19.9_mpiuni_O/DEFAULTINSTALLDIR/lib/libO/Linux.pgi.64.mpiuni.default ESMF_MODDIR=/project/esmf/bh_python/pgi_19.9_mpiuni_O/DEFAULTINSTALLDIR/mod/modO/Linux.pgi.64.mpiuni.default
make[2]: Entering directory `/project/esmf/bh_python/pgi_19.9_mpiuni_O'
cd /project/esmf/bh_python/pgi_19.9_mpiuni_O/src/apps; make ACTION=tree_build_apps tree
make[3]: Entering directory `/project/esmf/bh_python/pgi_19.9_mpiuni_O/src/apps'
tree_build_apps in: /project/esmf/bh_python/pgi_19.9_mpiuni_O/src/apps/ESMF_PrintInfo
make[4]: Entering directory `/project/esmf/bh_python/pgi_19.9_mpiuni_O/src/apps/ESMF_PrintInfo'
make chkdir_locobj
make[5]: Entering directory `/project/esmf/bh_python/pgi_19.9_mpiuni_O/src/apps/ESMF_PrintInfo'
Making directory /project/esmf/bh_python/pgi_19.9_mpiuni_O/obj/objO/Linux.pgi.64.mpiuni.default/src/apps/ESMF_PrintInfo for apps output
make[5]: Leaving directory `/project/esmf/bh_python/pgi_19.9_mpiuni_O/src/apps/ESMF_PrintInfo'
pgf90 -c -O -fpic -Mallocatable=03 -lpthread -I/project/esmf/bh_python/pgi_19.9_mpiuni_O/src/apps/ESMF_PrintInfo -I/project/esmf/bh_python/pgi_19.9_mpiuni_O/build_config/Linux.pgi.default -I/project/esmf/bh_python/pgi_19.9_mpiuni_O/src/Infrastructure -I/project/esmf/bh_python/pgi_19.9_mpiuni_O/src/Superstructure -I/project/esmf/bh_python/pgi_19.9_mpiuni_O/DEFAULTINSTALLDIR/mod/modO/Linux.pgi.64.mpiuni.default -I/project/esmf/bh_python/pgi_19.9_mpiuni_O/src/include -I/usr/local/netcdf-c-4.6.1-f-4.4.4-pgi-pgcc-pgf-18.1/include -I/usr/local/netcdf-c-4.6.1-f-4.4.4-pgi-pgcc-pgf-18.1/include  -DESMF_NO_INTEGER_1_BYTE -DESMF_NO_INTEGER_2_BYTE -DESMFVERSIONGIT='"ESMF_8_1_0_beta_snapshot_47-22-gffbbe5951e"' -DESMF_MOAB=1 -DESMF_LAPACK=1 -DESMF_LAPACK_INTERNAL=1 -DESMF_NO_ACC_SOFTWARE_STACK=1 -DESMF_NETCDF=1 -DESMF_YAMLCPP=1 -DESMF_YAML=1 -DESMF_NO_OPENMP -DESMF_NO_OPENACC -DESMF_TESTEXHAUSTIVE -DESMF_BOPT_O -DESMF_TESTCOMPTUNNEL -DESMF_TESTWITHTHREADS -DSx86_64_small=1 -DESMF_OS_Linux=1 -DESMF_COMM=mpiuni -DESMF_DIR=/project/esmf/bh_python/pgi_19.9_mpiuni_O -DESMF_MPIUNI -DESMF_PGIVERSION_MAJOR=19 -DESMF_PGIVERSION_MINOR=9 -DESMF_PGIVERSION_PATCH=0 -DESMF_NO_F2018ASSUMEDTYPE ESMF_PrintInfo.F90 -o /project/esmf/bh_python/pgi_19.9_mpiuni_O/obj/objO/Linux.pgi.64.mpiuni.default/src/apps/ESMF_PrintInfo/ESMF_PrintInfo.o
make chkdir_apps
make[5]: Entering directory `/project/esmf/bh_python/pgi_19.9_mpiuni_O/src/apps/ESMF_PrintInfo'
make[5]: Leaving directory `/project/esmf/bh_python/pgi_19.9_mpiuni_O/src/apps/ESMF_PrintInfo'
pgf90    -lpthread -Wl,--no-as-needed -L/project/esmf/bh_python/pgi_19.9_mpiuni_O/DEFAULTINSTALLDIR/lib/libO/Linux.pgi.64.mpiuni.default -L/usr/local/netcdf-c-4.6.1-f-4.4.4-pgi-pgcc-pgf-18.1/lib -L/usr/local/netcdf-c-4.6.1-f-4.4.4-pgi-pgcc-pgf-18.1/lib -L/usr/local/lib -L/usr/local/netcdf-c-4.6.1-f-4.4.4-pgi-pgcc-pgf-18.1/lib -L/usr/local/pgi-pgcc-pgf-19.9/linux86-64-llvm/19.9/libso -Wl,-rpath,/project/esmf/bh_python/pgi_19.9_mpiuni_O/DEFAULTINSTALLDIR/lib/libO/Linux.pgi.64.mpiuni.default -Wl,-rpath,/usr/local/netcdf-c-4.6.1-f-4.4.4-pgi-pgcc-pgf-18.1/lib -Wl,-rpath,/usr/local/netcdf-c-4.6.1-f-4.4.4-pgi-pgcc-pgf-18.1/lib -Wl,-rpath,/usr/local/lib -Wl,-rpath,/usr/local/netcdf-c-4.6.1-f-4.4.4-pgi-pgcc-pgf-18.1/lib -Wl,-rpath,/usr/local/pgi-pgcc-pgf-19.9/linux86-64-llvm/19.9/libso -o /project/esmf/bh_python/pgi_19.9_mpiuni_O/DEFAULTINSTALLDIR/bin/binO/Linux.pgi.64.mpiuni.default/ESMF_PrintInfo /project/esmf/bh_python/pgi_19.9_mpiuni_O/obj/objO/Linux.pgi.64.mpiuni.default/src/apps/ESMF_PrintInfo/ESMF_PrintInfo.o -lesmf  -pgc++libs -ldl -lnetcdf -lnetcdff -lnetcdf -lnetcdf
make[4]: Leaving directory `/project/esmf/bh_python/pgi_19.9_mpiuni_O/src/apps/ESMF_PrintInfo'
tree_build_apps in: /project/esmf/bh_python/pgi_19.9_mpiuni_O/src/apps/ESMF_PrintInfoC
make[4]: Entering directory `/project/esmf/bh_python/pgi_19.9_mpiuni_O/src/apps/ESMF_PrintInfoC'
make chkdir_locobj
make[5]: Entering directory `/project/esmf/bh_python/pgi_19.9_mpiuni_O/src/apps/ESMF_PrintInfoC'
Making directory /project/esmf/bh_python/pgi_19.9_mpiuni_O/obj/objO/Linux.pgi.64.mpiuni.default/src/apps/ESMF_PrintInfoC for apps output
make[5]: Leaving directory `/project/esmf/bh_python/pgi_19.9_mpiuni_O/src/apps/ESMF_PrintInfoC'
pgc++ -c -std=c++11 -O -DNDEBUG -fpic -lpthread -I/project/esmf/bh_python/pgi_19.9_mpiuni_O/src/apps/ESMF_PrintInfoC -I/project/esmf/bh_python/pgi_19.9_mpiuni_O/src/apps/ESMF_PrintInfoC/../include -I/project/esmf/bh_python/pgi_19.9_mpiuni_O/build_config/Linux.pgi.default -I/project/esmf/bh_python/pgi_19.9_mpiuni_O/src/Infrastructure -I/project/esmf/bh_python/pgi_19.9_mpiuni_O/src/Superstructure -I/project/esmf/bh_python/pgi_19.9_mpiuni_O/src/Infrastructure/stubs/pthread  -I/project/esmf/bh_python/pgi_19.9_mpiuni_O/src/include  -I/usr/local/netcdf-c-4.6.1-f-4.4.4-pgi-pgcc-pgf-18.1/include -I/project/esmf/bh_python/pgi_19.9_mpiuni_O/src/Infrastructure/stubs/mpiuni -I/project/esmf/bh_python/pgi_19.9_mpiuni_O/src/prologue/yaml-cpp/include -DESMF_NO_INTEGER_1_BYTE -DESMF_NO_INTEGER_2_BYTE -DESMFVERSIONGIT='"ESMF_8_1_0_beta_snapshot_47-22-gffbbe5951e"' -DESMF_MOAB=1 -DESMF_LAPACK=1 -DESMF_LAPACK_INTERNAL=1 -DESMF_NO_ACC_SOFTWARE_STACK=1 -DESMF_NETCDF=1 -DESMF_YAMLCPP=1 -DESMF_YAML=1 -DESMF_NO_OPENMP -DESMF_NO_OPENACC -DESMF_TESTEXHAUSTIVE -DESMF_BOPT_O -DESMF_TESTCOMPTUNNEL -DESMF_TESTWITHTHREADS -DSx86_64_small=1 -DESMF_OS_Linux=1 -DESMF_COMM=mpiuni -DESMF_DIR=/project/esmf/bh_python/pgi_19.9_mpiuni_O -D__SDIR__='"src/apps/ESMF_PrintInfoC"' -DESMF_CXXSTD=11 -DESMF_MPIUNI -DESMF_PGIVERSION_MAJOR=19 -DESMF_PGIVERSION_MINOR=9 -DESMF_PGIVERSION_PATCH=0 -DESMF_NO_F2018ASSUMEDTYPE ESMF_PrintInfoC.c -o /project/esmf/bh_python/pgi_19.9_mpiuni_O/obj/objO/Linux.pgi.64.mpiuni.default/src/apps/ESMF_PrintInfoC/ESMF_PrintInfoC.o
make chkdir_apps
make[5]: Entering directory `/project/esmf/bh_python/pgi_19.9_mpiuni_O/src/apps/ESMF_PrintInfoC'
make[5]: Leaving directory `/project/esmf/bh_python/pgi_19.9_mpiuni_O/src/apps/ESMF_PrintInfoC'
pgc++    -lpthread -Wl,--no-as-needed -L/project/esmf/bh_python/pgi_19.9_mpiuni_O/DEFAULTINSTALLDIR/lib/libO/Linux.pgi.64.mpiuni.default -L/usr/local/netcdf-c-4.6.1-f-4.4.4-pgi-pgcc-pgf-18.1/lib -L/usr/local/netcdf-c-4.6.1-f-4.4.4-pgi-pgcc-pgf-18.1/lib -L/usr/local/lib -L/usr/local/netcdf-c-4.6.1-f-4.4.4-pgi-pgcc-pgf-18.1/lib -L/usr/local/pgi-pgcc-pgf-19.9/linux86-64-llvm/19.9/libso -Wl,-rpath,/project/esmf/bh_python/pgi_19.9_mpiuni_O/DEFAULTINSTALLDIR/lib/libO/Linux.pgi.64.mpiuni.default -Wl,-rpath,/usr/local/netcdf-c-4.6.1-f-4.4.4-pgi-pgcc-pgf-18.1/lib -Wl,-rpath,/usr/local/netcdf-c-4.6.1-f-4.4.4-pgi-pgcc-pgf-18.1/lib -Wl,-rpath,/usr/local/lib -Wl,-rpath,/usr/local/netcdf-c-4.6.1-f-4.4.4-pgi-pgcc-pgf-18.1/lib -Wl,-rpath,/usr/local/pgi-pgcc-pgf-19.9/linux86-64-llvm/19.9/libso -o /project/esmf/bh_python/pgi_19.9_mpiuni_O/DEFAULTINSTALLDIR/bin/binO/Linux.pgi.64.mpiuni.default/ESMF_PrintInfoC /project/esmf/bh_python/pgi_19.9_mpiuni_O/obj/objO/Linux.pgi.64.mpiuni.default/src/apps/ESMF_PrintInfoC/ESMF_PrintInfoC.o -lesmf  -pgf90libs -ldl -lnetcdf -lnetcdff -lnetcdf -lnetcdf
make[4]: Leaving directory `/project/esmf/bh_python/pgi_19.9_mpiuni_O/src/apps/ESMF_PrintInfoC'
tree_build_apps in: /project/esmf/bh_python/pgi_19.9_mpiuni_O/src/apps/ESMF_RegridWeightGen
make[4]: Entering directory `/project/esmf/bh_python/pgi_19.9_mpiuni_O/src/apps/ESMF_RegridWeightGen'
make chkdir_locobj
make[5]: Entering directory `/project/esmf/bh_python/pgi_19.9_mpiuni_O/src/apps/ESMF_RegridWeightGen'
Making directory /project/esmf/bh_python/pgi_19.9_mpiuni_O/obj/objO/Linux.pgi.64.mpiuni.default/src/apps/ESMF_RegridWeightGen for apps output
make[5]: Leaving directory `/project/esmf/bh_python/pgi_19.9_mpiuni_O/src/apps/ESMF_RegridWeightGen'
pgf90 -c -O -fpic -Mallocatable=03 -lpthread -I/project/esmf/bh_python/pgi_19.9_mpiuni_O/src/apps/ESMF_RegridWeightGen -I/project/esmf/bh_python/pgi_19.9_mpiuni_O/build_config/Linux.pgi.default -I/project/esmf/bh_python/pgi_19.9_mpiuni_O/src/Infrastructure -I/project/esmf/bh_python/pgi_19.9_mpiuni_O/src/Superstructure -I/project/esmf/bh_python/pgi_19.9_mpiuni_O/DEFAULTINSTALLDIR/mod/modO/Linux.pgi.64.mpiuni.default -I/project/esmf/bh_python/pgi_19.9_mpiuni_O/src/include -I/usr/local/netcdf-c-4.6.1-f-4.4.4-pgi-pgcc-pgf-18.1/include -I/usr/local/netcdf-c-4.6.1-f-4.4.4-pgi-pgcc-pgf-18.1/include  -DESMF_NO_INTEGER_1_BYTE -DESMF_NO_INTEGER_2_BYTE -DESMFVERSIONGIT='"ESMF_8_1_0_beta_snapshot_47-22-gffbbe5951e"' -DESMF_MOAB=1 -DESMF_LAPACK=1 -DESMF_LAPACK_INTERNAL=1 -DESMF_NO_ACC_SOFTWARE_STACK=1 -DESMF_NETCDF=1 -DESMF_YAMLCPP=1 -DESMF_YAML=1 -DESMF_NO_OPENMP -DESMF_NO_OPENACC -DESMF_TESTEXHAUSTIVE -DESMF_BOPT_O -DESMF_TESTCOMPTUNNEL -DESMF_TESTWITHTHREADS -DSx86_64_small=1 -DESMF_OS_Linux=1 -DESMF_COMM=mpiuni -DESMF_DIR=/project/esmf/bh_python/pgi_19.9_mpiuni_O -DESMF_MPIUNI -DESMF_PGIVERSION_MAJOR=19 -DESMF_PGIVERSION_MINOR=9 -DESMF_PGIVERSION_PATCH=0 -DESMF_NO_F2018ASSUMEDTYPE ESMF_RegridWeightGen.F90 -o /project/esmf/bh_python/pgi_19.9_mpiuni_O/obj/objO/Linux.pgi.64.mpiuni.default/src/apps/ESMF_RegridWeightGen/ESMF_RegridWeightGen.o
make chkdir_apps
make[5]: Entering directory `/project/esmf/bh_python/pgi_19.9_mpiuni_O/src/apps/ESMF_RegridWeightGen'
make[5]: Leaving directory `/project/esmf/bh_python/pgi_19.9_mpiuni_O/src/apps/ESMF_RegridWeightGen'
pgf90    -lpthread -Wl,--no-as-needed -L/project/esmf/bh_python/pgi_19.9_mpiuni_O/DEFAULTINSTALLDIR/lib/libO/Linux.pgi.64.mpiuni.default -L/usr/local/netcdf-c-4.6.1-f-4.4.4-pgi-pgcc-pgf-18.1/lib -L/usr/local/netcdf-c-4.6.1-f-4.4.4-pgi-pgcc-pgf-18.1/lib -L/usr/local/lib -L/usr/local/netcdf-c-4.6.1-f-4.4.4-pgi-pgcc-pgf-18.1/lib -L/usr/local/pgi-pgcc-pgf-19.9/linux86-64-llvm/19.9/libso -Wl,-rpath,/project/esmf/bh_python/pgi_19.9_mpiuni_O/DEFAULTINSTALLDIR/lib/libO/Linux.pgi.64.mpiuni.default -Wl,-rpath,/usr/local/netcdf-c-4.6.1-f-4.4.4-pgi-pgcc-pgf-18.1/lib -Wl,-rpath,/usr/local/netcdf-c-4.6.1-f-4.4.4-pgi-pgcc-pgf-18.1/lib -Wl,-rpath,/usr/local/lib -Wl,-rpath,/usr/local/netcdf-c-4.6.1-f-4.4.4-pgi-pgcc-pgf-18.1/lib -Wl,-rpath,/usr/local/pgi-pgcc-pgf-19.9/linux86-64-llvm/19.9/libso -o /project/esmf/bh_python/pgi_19.9_mpiuni_O/DEFAULTINSTALLDIR/bin/binO/Linux.pgi.64.mpiuni.default/ESMF_RegridWeightGen /project/esmf/bh_python/pgi_19.9_mpiuni_O/obj/objO/Linux.pgi.64.mpiuni.default/src/apps/ESMF_RegridWeightGen/ESMF_RegridWeightGen.o -lesmf  -pgc++libs -ldl -lnetcdf -lnetcdff -lnetcdf -lnetcdf
make[4]: Leaving directory `/project/esmf/bh_python/pgi_19.9_mpiuni_O/src/apps/ESMF_RegridWeightGen'
tree_build_apps in: /project/esmf/bh_python/pgi_19.9_mpiuni_O/src/apps/ESMF_WebServController
make[4]: Entering directory `/project/esmf/bh_python/pgi_19.9_mpiuni_O/src/apps/ESMF_WebServController'
make chkdir_locobj
make[5]: Entering directory `/project/esmf/bh_python/pgi_19.9_mpiuni_O/src/apps/ESMF_WebServController'
Making directory /project/esmf/bh_python/pgi_19.9_mpiuni_O/obj/objO/Linux.pgi.64.mpiuni.default/src/apps/ESMF_WebServController for apps output
make[5]: Leaving directory `/project/esmf/bh_python/pgi_19.9_mpiuni_O/src/apps/ESMF_WebServController'
pgc++ -c -std=c++11 -O -DNDEBUG -fpic -lpthread -I/project/esmf/bh_python/pgi_19.9_mpiuni_O/src/apps/ESMF_WebServController -I/project/esmf/bh_python/pgi_19.9_mpiuni_O/src/apps/ESMF_WebServController/../include -I/project/esmf/bh_python/pgi_19.9_mpiuni_O/build_config/Linux.pgi.default -I/project/esmf/bh_python/pgi_19.9_mpiuni_O/src/Infrastructure -I/project/esmf/bh_python/pgi_19.9_mpiuni_O/src/Superstructure -I/project/esmf/bh_python/pgi_19.9_mpiuni_O/src/Infrastructure/stubs/pthread  -I/project/esmf/bh_python/pgi_19.9_mpiuni_O/src/include  -I/usr/local/netcdf-c-4.6.1-f-4.4.4-pgi-pgcc-pgf-18.1/include -I/project/esmf/bh_python/pgi_19.9_mpiuni_O/src/Infrastructure/stubs/mpiuni -I/project/esmf/bh_python/pgi_19.9_mpiuni_O/src/prologue/yaml-cpp/include -DESMF_NO_INTEGER_1_BYTE -DESMF_NO_INTEGER_2_BYTE -DESMFVERSIONGIT='"ESMF_8_1_0_beta_snapshot_47-22-gffbbe5951e"' -DESMF_MOAB=1 -DESMF_LAPACK=1 -DESMF_LAPACK_INTERNAL=1 -DESMF_NO_ACC_SOFTWARE_STACK=1 -DESMF_NETCDF=1 -DESMF_YAMLCPP=1 -DESMF_YAML=1 -DESMF_NO_OPENMP -DESMF_NO_OPENACC -DESMF_TESTEXHAUSTIVE -DESMF_BOPT_O -DESMF_TESTCOMPTUNNEL -DESMF_TESTWITHTHREADS -DSx86_64_small=1 -DESMF_OS_Linux=1 -DESMF_COMM=mpiuni -DESMF_DIR=/project/esmf/bh_python/pgi_19.9_mpiuni_O -D__SDIR__='"src/apps/ESMF_WebServController"' -DESMF_CXXSTD=11 -DESMF_MPIUNI -DESMF_PGIVERSION_MAJOR=19 -DESMF_PGIVERSION_MINOR=9 -DESMF_PGIVERSION_PATCH=0 -DESMF_NO_F2018ASSUMEDTYPE ESMF_WebServController.C -o /project/esmf/bh_python/pgi_19.9_mpiuni_O/obj/objO/Linux.pgi.64.mpiuni.default/src/apps/ESMF_WebServController/ESMF_WebServController.o
make chkdir_apps
make[5]: Entering directory `/project/esmf/bh_python/pgi_19.9_mpiuni_O/src/apps/ESMF_WebServController'
make[5]: Leaving directory `/project/esmf/bh_python/pgi_19.9_mpiuni_O/src/apps/ESMF_WebServController'
pgc++    -lpthread -Wl,--no-as-needed -L/project/esmf/bh_python/pgi_19.9_mpiuni_O/DEFAULTINSTALLDIR/lib/libO/Linux.pgi.64.mpiuni.default -L/usr/local/netcdf-c-4.6.1-f-4.4.4-pgi-pgcc-pgf-18.1/lib -L/usr/local/netcdf-c-4.6.1-f-4.4.4-pgi-pgcc-pgf-18.1/lib -L/usr/local/lib -L/usr/local/netcdf-c-4.6.1-f-4.4.4-pgi-pgcc-pgf-18.1/lib -L/usr/local/pgi-pgcc-pgf-19.9/linux86-64-llvm/19.9/libso -Wl,-rpath,/project/esmf/bh_python/pgi_19.9_mpiuni_O/DEFAULTINSTALLDIR/lib/libO/Linux.pgi.64.mpiuni.default -Wl,-rpath,/usr/local/netcdf-c-4.6.1-f-4.4.4-pgi-pgcc-pgf-18.1/lib -Wl,-rpath,/usr/local/netcdf-c-4.6.1-f-4.4.4-pgi-pgcc-pgf-18.1/lib -Wl,-rpath,/usr/local/lib -Wl,-rpath,/usr/local/netcdf-c-4.6.1-f-4.4.4-pgi-pgcc-pgf-18.1/lib -Wl,-rpath,/usr/local/pgi-pgcc-pgf-19.9/linux86-64-llvm/19.9/libso -o /project/esmf/bh_python/pgi_19.9_mpiuni_O/DEFAULTINSTALLDIR/bin/binO/Linux.pgi.64.mpiuni.default/ESMF_WebServController /project/esmf/bh_python/pgi_19.9_mpiuni_O/obj/objO/Linux.pgi.64.mpiuni.default/src/apps/ESMF_WebServController/ESMF_WebServController.o -lesmf  -pgf90libs -ldl -lnetcdf -lnetcdff -lnetcdf -lnetcdf
make[4]: Leaving directory `/project/esmf/bh_python/pgi_19.9_mpiuni_O/src/apps/ESMF_WebServController'
tree_build_apps in: /project/esmf/bh_python/pgi_19.9_mpiuni_O/src/apps/ESMF_Scrip2Unstruct
make[4]: Entering directory `/project/esmf/bh_python/pgi_19.9_mpiuni_O/src/apps/ESMF_Scrip2Unstruct'
make chkdir_locobj
make[5]: Entering directory `/project/esmf/bh_python/pgi_19.9_mpiuni_O/src/apps/ESMF_Scrip2Unstruct'
Making directory /project/esmf/bh_python/pgi_19.9_mpiuni_O/obj/objO/Linux.pgi.64.mpiuni.default/src/apps/ESMF_Scrip2Unstruct for apps output
make[5]: Leaving directory `/project/esmf/bh_python/pgi_19.9_mpiuni_O/src/apps/ESMF_Scrip2Unstruct'
pgc++ -c -std=c++11 -O -DNDEBUG -fpic -lpthread -I/project/esmf/bh_python/pgi_19.9_mpiuni_O/src/apps/ESMF_Scrip2Unstruct -I/project/esmf/bh_python/pgi_19.9_mpiuni_O/src/apps/ESMF_Scrip2Unstruct/../include -I/project/esmf/bh_python/pgi_19.9_mpiuni_O/build_config/Linux.pgi.default -I/project/esmf/bh_python/pgi_19.9_mpiuni_O/src/Infrastructure -I/project/esmf/bh_python/pgi_19.9_mpiuni_O/src/Superstructure -I/project/esmf/bh_python/pgi_19.9_mpiuni_O/src/Infrastructure/stubs/pthread  -I/project/esmf/bh_python/pgi_19.9_mpiuni_O/src/include  -I/usr/local/netcdf-c-4.6.1-f-4.4.4-pgi-pgcc-pgf-18.1/include -I/project/esmf/bh_python/pgi_19.9_mpiuni_O/src/Infrastructure/stubs/mpiuni -I/project/esmf/bh_python/pgi_19.9_mpiuni_O/src/prologue/yaml-cpp/include -DESMF_NO_INTEGER_1_BYTE -DESMF_NO_INTEGER_2_BYTE -DESMFVERSIONGIT='"ESMF_8_1_0_beta_snapshot_47-22-gffbbe5951e"' -DESMF_MOAB=1 -DESMF_LAPACK=1 -DESMF_LAPACK_INTERNAL=1 -DESMF_NO_ACC_SOFTWARE_STACK=1 -DESMF_NETCDF=1 -DESMF_YAMLCPP=1 -DESMF_YAML=1 -DESMF_NO_OPENMP -DESMF_NO_OPENACC -DESMF_TESTEXHAUSTIVE -DESMF_BOPT_O -DESMF_TESTCOMPTUNNEL -DESMF_TESTWITHTHREADS -DSx86_64_small=1 -DESMF_OS_Linux=1 -DESMF_COMM=mpiuni -DESMF_DIR=/project/esmf/bh_python/pgi_19.9_mpiuni_O -D__SDIR__='"src/apps/ESMF_Scrip2Unstruct"' -DESMF_CXXSTD=11 -DESMF_MPIUNI -DESMF_PGIVERSION_MAJOR=19 -DESMF_PGIVERSION_MINOR=9 -DESMF_PGIVERSION_PATCH=0 -DESMF_NO_F2018ASSUMEDTYPE ESMF_Scrip2Unstruct.C -o /project/esmf/bh_python/pgi_19.9_mpiuni_O/obj/objO/Linux.pgi.64.mpiuni.default/src/apps/ESMF_Scrip2Unstruct/ESMF_Scrip2Unstruct.o
"ESMF_Scrip2Unstruct.C", line 403: warning: variable "startind" was set but
          never used
    int ind, startind;
             ^

"ESMF_Scrip2Unstruct.C", line 407: warning: variable "offset" was declared but
          never referenced
    int alltotal, mypart, left, offset, mystart, mystartelement;
                                ^

"ESMF_Scrip2Unstruct.C", line 420: warning: variable "ogr_dimid" was declared
          but never referenced
    int ogr_dimid, ogd_id;  
        ^

"ESMF_Scrip2Unstruct.C", line 692: warning: variable "mycount" was declared but
          never referenced
    int mycount = 0;
        ^

make chkdir_apps
make[5]: Entering directory `/project/esmf/bh_python/pgi_19.9_mpiuni_O/src/apps/ESMF_Scrip2Unstruct'
make[5]: Leaving directory `/project/esmf/bh_python/pgi_19.9_mpiuni_O/src/apps/ESMF_Scrip2Unstruct'
pgc++    -lpthread -Wl,--no-as-needed -L/project/esmf/bh_python/pgi_19.9_mpiuni_O/DEFAULTINSTALLDIR/lib/libO/Linux.pgi.64.mpiuni.default -L/usr/local/netcdf-c-4.6.1-f-4.4.4-pgi-pgcc-pgf-18.1/lib -L/usr/local/netcdf-c-4.6.1-f-4.4.4-pgi-pgcc-pgf-18.1/lib -L/usr/local/lib -L/usr/local/netcdf-c-4.6.1-f-4.4.4-pgi-pgcc-pgf-18.1/lib -L/usr/local/pgi-pgcc-pgf-19.9/linux86-64-llvm/19.9/libso -Wl,-rpath,/project/esmf/bh_python/pgi_19.9_mpiuni_O/DEFAULTINSTALLDIR/lib/libO/Linux.pgi.64.mpiuni.default -Wl,-rpath,/usr/local/netcdf-c-4.6.1-f-4.4.4-pgi-pgcc-pgf-18.1/lib -Wl,-rpath,/usr/local/netcdf-c-4.6.1-f-4.4.4-pgi-pgcc-pgf-18.1/lib -Wl,-rpath,/usr/local/lib -Wl,-rpath,/usr/local/netcdf-c-4.6.1-f-4.4.4-pgi-pgcc-pgf-18.1/lib -Wl,-rpath,/usr/local/pgi-pgcc-pgf-19.9/linux86-64-llvm/19.9/libso -o /project/esmf/bh_python/pgi_19.9_mpiuni_O/DEFAULTINSTALLDIR/bin/binO/Linux.pgi.64.mpiuni.default/ESMF_Scrip2Unstruct /project/esmf/bh_python/pgi_19.9_mpiuni_O/obj/objO/Linux.pgi.64.mpiuni.default/src/apps/ESMF_Scrip2Unstruct/ESMF_Scrip2Unstruct.o -lesmf  -pgf90libs -ldl -lnetcdf -lnetcdff -lnetcdf -lnetcdf
make[4]: Leaving directory `/project/esmf/bh_python/pgi_19.9_mpiuni_O/src/apps/ESMF_Scrip2Unstruct'
tree_build_apps in: /project/esmf/bh_python/pgi_19.9_mpiuni_O/src/apps/ESMF_Regrid
make[4]: Entering directory `/project/esmf/bh_python/pgi_19.9_mpiuni_O/src/apps/ESMF_Regrid'
make chkdir_locobj
make[5]: Entering directory `/project/esmf/bh_python/pgi_19.9_mpiuni_O/src/apps/ESMF_Regrid'
Making directory /project/esmf/bh_python/pgi_19.9_mpiuni_O/obj/objO/Linux.pgi.64.mpiuni.default/src/apps/ESMF_Regrid for apps output
make[5]: Leaving directory `/project/esmf/bh_python/pgi_19.9_mpiuni_O/src/apps/ESMF_Regrid'
pgf90 -c -O -fpic -Mallocatable=03 -lpthread -I/project/esmf/bh_python/pgi_19.9_mpiuni_O/src/apps/ESMF_Regrid -I/project/esmf/bh_python/pgi_19.9_mpiuni_O/build_config/Linux.pgi.default -I/project/esmf/bh_python/pgi_19.9_mpiuni_O/src/Infrastructure -I/project/esmf/bh_python/pgi_19.9_mpiuni_O/src/Superstructure -I/project/esmf/bh_python/pgi_19.9_mpiuni_O/DEFAULTINSTALLDIR/mod/modO/Linux.pgi.64.mpiuni.default -I/project/esmf/bh_python/pgi_19.9_mpiuni_O/src/include -I/usr/local/netcdf-c-4.6.1-f-4.4.4-pgi-pgcc-pgf-18.1/include -I/usr/local/netcdf-c-4.6.1-f-4.4.4-pgi-pgcc-pgf-18.1/include  -DESMF_NO_INTEGER_1_BYTE -DESMF_NO_INTEGER_2_BYTE -DESMFVERSIONGIT='"ESMF_8_1_0_beta_snapshot_47-22-gffbbe5951e"' -DESMF_MOAB=1 -DESMF_LAPACK=1 -DESMF_LAPACK_INTERNAL=1 -DESMF_NO_ACC_SOFTWARE_STACK=1 -DESMF_NETCDF=1 -DESMF_YAMLCPP=1 -DESMF_YAML=1 -DESMF_NO_OPENMP -DESMF_NO_OPENACC -DESMF_TESTEXHAUSTIVE -DESMF_BOPT_O -DESMF_TESTCOMPTUNNEL -DESMF_TESTWITHTHREADS -DSx86_64_small=1 -DESMF_OS_Linux=1 -DESMF_COMM=mpiuni -DESMF_DIR=/project/esmf/bh_python/pgi_19.9_mpiuni_O -DESMF_MPIUNI -DESMF_PGIVERSION_MAJOR=19 -DESMF_PGIVERSION_MINOR=9 -DESMF_PGIVERSION_PATCH=0 -DESMF_NO_F2018ASSUMEDTYPE ESMF_Regrid.F90 -o /project/esmf/bh_python/pgi_19.9_mpiuni_O/obj/objO/Linux.pgi.64.mpiuni.default/src/apps/ESMF_Regrid/ESMF_Regrid.o
make chkdir_apps
make[5]: Entering directory `/project/esmf/bh_python/pgi_19.9_mpiuni_O/src/apps/ESMF_Regrid'
make[5]: Leaving directory `/project/esmf/bh_python/pgi_19.9_mpiuni_O/src/apps/ESMF_Regrid'
pgf90    -lpthread -Wl,--no-as-needed -L/project/esmf/bh_python/pgi_19.9_mpiuni_O/DEFAULTINSTALLDIR/lib/libO/Linux.pgi.64.mpiuni.default -L/usr/local/netcdf-c-4.6.1-f-4.4.4-pgi-pgcc-pgf-18.1/lib -L/usr/local/netcdf-c-4.6.1-f-4.4.4-pgi-pgcc-pgf-18.1/lib -L/usr/local/lib -L/usr/local/netcdf-c-4.6.1-f-4.4.4-pgi-pgcc-pgf-18.1/lib -L/usr/local/pgi-pgcc-pgf-19.9/linux86-64-llvm/19.9/libso -Wl,-rpath,/project/esmf/bh_python/pgi_19.9_mpiuni_O/DEFAULTINSTALLDIR/lib/libO/Linux.pgi.64.mpiuni.default -Wl,-rpath,/usr/local/netcdf-c-4.6.1-f-4.4.4-pgi-pgcc-pgf-18.1/lib -Wl,-rpath,/usr/local/netcdf-c-4.6.1-f-4.4.4-pgi-pgcc-pgf-18.1/lib -Wl,-rpath,/usr/local/lib -Wl,-rpath,/usr/local/netcdf-c-4.6.1-f-4.4.4-pgi-pgcc-pgf-18.1/lib -Wl,-rpath,/usr/local/pgi-pgcc-pgf-19.9/linux86-64-llvm/19.9/libso -o /project/esmf/bh_python/pgi_19.9_mpiuni_O/DEFAULTINSTALLDIR/bin/binO/Linux.pgi.64.mpiuni.default/ESMF_Regrid /project/esmf/bh_python/pgi_19.9_mpiuni_O/obj/objO/Linux.pgi.64.mpiuni.default/src/apps/ESMF_Regrid/ESMF_Regrid.o -lesmf  -pgc++libs -ldl -lnetcdf -lnetcdff -lnetcdf -lnetcdf
make[4]: Leaving directory `/project/esmf/bh_python/pgi_19.9_mpiuni_O/src/apps/ESMF_Regrid'
make[3]: Leaving directory `/project/esmf/bh_python/pgi_19.9_mpiuni_O/src/apps'
ESMF apps built successfully.
make[2]: Leaving directory `/project/esmf/bh_python/pgi_19.9_mpiuni_O'
make[1]: Leaving directory `/project/esmf/bh_python/pgi_19.9_mpiuni_O'
mkdir -p /project/esmf/bh_python/pgi_19.9_mpiuni_O/DEFAULTINSTALLDIR/doc
make install_info_mk
make[1]: Entering directory `/project/esmf/bh_python/pgi_19.9_mpiuni_O'
make info_mk ESMF_APPSDIR=/project/esmf/bh_python/pgi_19.9_mpiuni_O/DEFAULTINSTALLDIR/bin/binO/Linux.pgi.64.mpiuni.default ESMF_LDIR=/project/esmf/bh_python/pgi_19.9_mpiuni_O/DEFAULTINSTALLDIR/lib/libO/Linux.pgi.64.mpiuni.default ESMF_LIBDIR=/project/esmf/bh_python/pgi_19.9_mpiuni_O/DEFAULTINSTALLDIR/lib/libO/Linux.pgi.64.mpiuni.default ESMF_MODDIR=/project/esmf/bh_python/pgi_19.9_mpiuni_O/DEFAULTINSTALLDIR/mod/modO/Linux.pgi.64.mpiuni.default ESMF_INCDIR=/project/esmf/bh_python/pgi_19.9_mpiuni_O/DEFAULTINSTALLDIR/include
make[2]: Entering directory `/project/esmf/bh_python/pgi_19.9_mpiuni_O'
make[2]: Leaving directory `/project/esmf/bh_python/pgi_19.9_mpiuni_O'
make[1]: Leaving directory `/project/esmf/bh_python/pgi_19.9_mpiuni_O'
 
ESMF installation complete.
 
