20210313 235825.871 INFO             PET0 !!!!!!!!!!!!!!!!!!!!!!!!!!!!!!!!!!!!!!!!!!!!!!!!!!!!!!
20210313 235825.871 INFO             PET0 !!! THE ESMF_LOG IS SET TO OUTPUT ALL LOG MESSAGES !!!
20210313 235825.871 INFO             PET0 !!!     THIS MAY CAUSE SLOWDOWN IN PERFORMANCE     !!!
20210313 235825.871 INFO             PET0 !!! FOR PRODUCTION RUNS, USE:                      !!!
20210313 235825.871 INFO             PET0 !!!                   ESMF_LOGKIND_Multi_On_Error  !!!
20210313 235825.871 INFO             PET0 !!!!!!!!!!!!!!!!!!!!!!!!!!!!!!!!!!!!!!!!!!!!!!!!!!!!!!
20210313 235825.871 INFO             PET0 Running with ESMF Version   : ESMF_8_1_0_beta_snapshot_47-35-g10f0a3f927
20210313 235825.871 INFO             PET0 ESMF library build date/time: "Mar 13 2021" "23:14:59"
20210313 235825.871 INFO             PET0 ESMF library build location : /scratch1/NCEPDEV/da/Mark.Potts/sandbox/intel_18.0.4_mpiuni_g
20210313 235825.871 INFO             PET0 ESMF_COMM                   : mpiuni
20210313 235825.872 INFO             PET0 ESMF_MOAB                   : enabled
20210313 235825.872 INFO             PET0 ESMF_LAPACK                 : enabled
20210313 235825.872 INFO             PET0 ESMF_NETCDF                 : enabled
20210313 235825.872 INFO             PET0 ESMF_PNETCDF                : disabled
20210313 235825.872 INFO             PET0 ESMF_PIO                    : disabled
20210313 235825.872 INFO             PET0 ESMF_YAMLCPP                : enabled
20210313 235825.875 ERROR            PET0 ESMCI_Info.C:1277 Info::set(<json>) Cannot set value  - Error/Return Code 540 (ESMC_RC_CANNOT_SET) - Key '/myIntegerKey' already in map and force=false.
20210313 235825.875 ERROR            PET0 ESMCI_Info.C:1280 Info::set(<json>) Cannot set value  - Internal subroutine call returned Error
20210313 235825.875 ERROR            PET0 ESMCI_Info.C:1322 Info::set(<json>) Cannot set value  - Internal subroutine call returned Error
20210313 235825.875 ERROR            PET0 ESMCI_Info.C:1325 Info::set(<json>) Cannot set value  - Internal subroutine call returned Error
20210313 235825.875 ERROR            PET0 ESMCI_Info.C:1373 Info::set(<scalar>) Cannot set value  - Internal subroutine call returned Error
20210313 235825.875 ERROR            PET0 ESMC_InfoCDefGeneric.C:387 ESMC_InfoSetI4() Cannot set value  - Internal subroutine call returned Error
20210313 235825.875 ERROR            PET0 ESMF_Info.F90:666 ESMF_InfoSetI4() Cannot set value  - Internal subroutine call returned Error
20210313 235825.877 INFO             PET0  NUMBER_OF_PROCESSORS           1
20210313 235825.877 INFO             PET0  PASS  Example ESMF_InfoTutorialEx, ESMF_InfoTutorialEx.F90, line 335
20210313 235825.877 INFO             PET0 Finalizing ESMF
