20210305 091746.893 INFO             PET0 !!!!!!!!!!!!!!!!!!!!!!!!!!!!!!!!!!!!!!!!!!!!!!!!!!!!!!
20210305 091746.893 INFO             PET0 !!! THE ESMF_LOG IS SET TO OUTPUT ALL LOG MESSAGES !!!
20210305 091746.893 INFO             PET0 !!!     THIS MAY CAUSE SLOWDOWN IN PERFORMANCE     !!!
20210305 091746.893 INFO             PET0 !!! FOR PRODUCTION RUNS, USE:                      !!!
20210305 091746.893 INFO             PET0 !!!                   ESMF_LOGKIND_Multi_On_Error  !!!
20210305 091746.894 INFO             PET0 !!!!!!!!!!!!!!!!!!!!!!!!!!!!!!!!!!!!!!!!!!!!!!!!!!!!!!
20210305 091746.894 INFO             PET0 Running with ESMF Version   : ESMF_8_1_0_beta_snapshot_47-22-gffbbe5951e
20210305 091746.894 INFO             PET0 ESMF library build date/time: "Mar  5 2021" "06:18:43"
20210305 091746.894 INFO             PET0 ESMF library build location : /scratch1/NCEPDEV/da/Mark.Potts/sandbox/intel_18.0.4_mpiuni_g
20210305 091746.894 INFO             PET0 ESMF_COMM                   : mpiuni
20210305 091746.894 INFO             PET0 ESMF_MOAB                   : enabled
20210305 091746.894 INFO             PET0 ESMF_LAPACK                 : enabled
20210305 091746.894 INFO             PET0 ESMF_NETCDF                 : enabled
20210305 091746.894 INFO             PET0 ESMF_PNETCDF                : disabled
20210305 091746.894 INFO             PET0 ESMF_PIO                    : disabled
20210305 091746.894 INFO             PET0 ESMF_YAMLCPP                : enabled
20210305 091747.041 INFO             PET0 Completing mirrored field: sea_surface_temperature
20210305 091747.042 INFO             PET0 Completing mirrored field: air_pressure_at_sea_level
20210305 091747.043 INFO             PET0 Completing mirrored field: surface_net_downward_shortwave_flux
20210305 091747.087 WARNING          PET0 ATM: Field 'sst' in the importState is not at the expected time. StandardName: sea_surface_temperature
20210305 091747.087 ERROR            PET0 ATM:src/addon/NUOPC/src/NUOPC_ModelBase.F90:3056 Invalid argument  - NUOPC INCOMPATIBILITY DETECTED: Import Fields not at current time
20210305 091747.088 ERROR            PET0 ATM:src/addon/NUOPC/src/NUOPC_ModelBase.F90:2756 Invalid argument  - Passing error in return code
20210305 091747.088 ERROR            PET0 Driver:src/addon/NUOPC/src/NUOPC_Driver.F90:3324 Invalid argument  - Phase 'RunPhase1' Run for modelComp 1 did not return ESMF_SUCCESS
20210305 091747.088 ERROR            PET0 Driver:src/addon/NUOPC/src/NUOPC_Driver.F90:3586 Invalid argument  - Passing error in return code
20210305 091747.088 ERROR            PET0 Driver:src/addon/NUOPC/src/NUOPC_Driver.F90:3239 Invalid argument  - Passing error in return code
20210305 091747.089 INFO             PET0  NUMBER_OF_PROCESSORS           1
20210305 091747.089 INFO             PET0  PASS  Example ESMF_NUOPCAtmModelEx, ESMF_NUOPCAtmModelEx.F90, line 1032
20210305 091747.089 INFO             PET0 Finalizing ESMF
