20210304 002156.276 INFO             PET0 !!!!!!!!!!!!!!!!!!!!!!!!!!!!!!!!!!!!!!!!!!!!!!!!!!!!!!
20210304 002156.276 INFO             PET0 !!! THE ESMF_LOG IS SET TO OUTPUT ALL LOG MESSAGES !!!
20210304 002156.276 INFO             PET0 !!!     THIS MAY CAUSE SLOWDOWN IN PERFORMANCE     !!!
20210304 002156.276 INFO             PET0 !!! FOR PRODUCTION RUNS, USE:                      !!!
20210304 002156.276 INFO             PET0 !!!                   ESMF_LOGKIND_Multi_On_Error  !!!
20210304 002156.276 INFO             PET0 !!!!!!!!!!!!!!!!!!!!!!!!!!!!!!!!!!!!!!!!!!!!!!!!!!!!!!
20210304 002156.276 INFO             PET0 Running with ESMF Version   : ESMF_8_1_0_beta_snapshot_47-21-gd58a3bea22
20210304 002156.276 INFO             PET0 ESMF library build date/time: "Mar  3 2021" "23:50:38"
20210304 002156.276 INFO             PET0 ESMF library build location : /scratch1/NCEPDEV/da/Mark.Potts/sandbox/intel_18.0.4_mpiuni_g
20210304 002156.276 INFO             PET0 ESMF_COMM                   : mpiuni
20210304 002156.277 INFO             PET0 ESMF_MOAB                   : enabled
20210304 002156.277 INFO             PET0 ESMF_LAPACK                 : enabled
20210304 002156.277 INFO             PET0 ESMF_NETCDF                 : enabled
20210304 002156.277 INFO             PET0 ESMF_PNETCDF                : disabled
20210304 002156.277 INFO             PET0 ESMF_PIO                    : disabled
20210304 002156.277 INFO             PET0 ESMF_YAMLCPP                : enabled
20210304 002156.287 INFO             PET0 ESMF_FieldRedistStoreNF(): Just entered routine.
20210304 002157.171 INFO             PET0 ESMF_FieldRedistStoreNF(): Leaving routine.
20210304 002157.188 INFO             PET0  NUMBER_OF_PROCESSORS           1
20210304 002157.190 INFO             PET0  PASS  Example ESMF_RHandleFromFileEx, ESMF_RHandleFromFileEx.F90, line 192
20210304 002157.190 INFO             PET0 Finalizing ESMF
