20210323 070753.266 INFO             PET0 !!!!!!!!!!!!!!!!!!!!!!!!!!!!!!!!!!!!!!!!!!!!!!!!!!!!!!
20210323 070753.266 INFO             PET0 !!! THE ESMF_LOG IS SET TO OUTPUT ALL LOG MESSAGES !!!
20210323 070753.266 INFO             PET0 !!!     THIS MAY CAUSE SLOWDOWN IN PERFORMANCE     !!!
20210323 070753.266 INFO             PET0 !!! FOR PRODUCTION RUNS, USE:                      !!!
20210323 070753.266 INFO             PET0 !!!                   ESMF_LOGKIND_Multi_On_Error  !!!
20210323 070753.266 INFO             PET0 !!!!!!!!!!!!!!!!!!!!!!!!!!!!!!!!!!!!!!!!!!!!!!!!!!!!!!
20210323 070753.266 INFO             PET0 Running with ESMF Version   : ESMF_8_1_0_beta_snapshot_48-1-g08abe1e0cf
20210323 070753.266 INFO             PET0 ESMF library build date/time: "Mar 23 2021" "06:37:59"
20210323 070753.266 INFO             PET0 ESMF library build location : /scratch1/NCEPDEV/da/Mark.Potts/sandbox/intel_18.0.4_mpiuni_g
20210323 070753.266 INFO             PET0 ESMF_COMM                   : mpiuni
20210323 070753.267 INFO             PET0 ESMF_MOAB                   : enabled
20210323 070753.267 INFO             PET0 ESMF_LAPACK                 : enabled
20210323 070753.267 INFO             PET0 ESMF_NETCDF                 : enabled
20210323 070753.267 INFO             PET0 ESMF_PNETCDF                : disabled
20210323 070753.267 INFO             PET0 ESMF_PIO                    : disabled
20210323 070753.267 INFO             PET0 ESMF_YAMLCPP                : enabled
20210323 070753.267 INFO             PET0 ESMF Tracing Enabled
20210323 070753.267 INFO             PET0 ESMF Profiling Enabled
20210323 070753.268 INFO             PET0 ESMF Trace/Profile clock: REALTIME
20210323 070753.271 INFO             PET0  NUMBER_OF_PROCESSORS           1
20210323 070753.271 INFO             PET0  PASS  Example ESMF_TraceEx, ESMF_TraceEx.F90, line 178
20210323 070753.271 INFO             PET0 Finalizing ESMF
20210323 070753.271 INFO             PET0 **************** Region Timings *******************
20210323 070753.271 INFO             PET0 Region              Count  Total (s)   Self (s)    Mean (s)    Min (s)     Max (s)
20210323 070753.272 INFO             PET0   [test] Run 1      5      0.0000      0.0000      0.0000      0.0000      0.0000
20210323 070753.272 INFO             PET0   [test] Init 1     1      0.0000      0.0000      0.0000      0.0000      0.0000
20210323 070753.272 INFO             PET0   [test] Final 1    1      0.0000      0.0000      0.0000      0.0000      0.0000
