20210322 060646.503 INFO             PET0 !!!!!!!!!!!!!!!!!!!!!!!!!!!!!!!!!!!!!!!!!!!!!!!!!!!!!!
20210322 060646.503 INFO             PET0 !!! THE ESMF_LOG IS SET TO OUTPUT ALL LOG MESSAGES !!!
20210322 060646.503 INFO             PET0 !!!     THIS MAY CAUSE SLOWDOWN IN PERFORMANCE     !!!
20210322 060646.503 INFO             PET0 !!! FOR PRODUCTION RUNS, USE:                      !!!
20210322 060646.503 INFO             PET0 !!!                   ESMF_LOGKIND_Multi_On_Error  !!!
20210322 060646.503 INFO             PET0 !!!!!!!!!!!!!!!!!!!!!!!!!!!!!!!!!!!!!!!!!!!!!!!!!!!!!!
20210322 060646.503 INFO             PET0 Running with ESMF Version   : ESMF_8_1_0_beta_snapshot_47-55-g845ba43
20210322 060646.503 INFO             PET0 ESMF library build date/time: "Mar 22 2021" "05:50:28"
20210322 060646.503 INFO             PET0 ESMF library build location : /p/work1/mpotts/gfortran_9.2.0_mpiuni_O
20210322 060646.504 INFO             PET0 ESMF_COMM                   : mpiuni
20210322 060646.504 INFO             PET0 ESMF_MOAB                   : enabled
20210322 060646.504 INFO             PET0 ESMF_LAPACK                 : enabled
20210322 060646.504 INFO             PET0 ESMF_NETCDF                 : disabled
20210322 060646.504 INFO             PET0 ESMF_PNETCDF                : disabled
20210322 060646.504 INFO             PET0 ESMF_PIO                    : disabled
20210322 060646.504 INFO             PET0 ESMF_YAMLCPP                : enabled
20210322 060646.506 INFO             PET0 ESMF_FieldRedistStoreNF(): Just entered routine.
20210322 060646.617 INFO             PET0 ESMF_FieldRedistStoreNF(): Leaving routine.
20210322 060646.630 INFO             PET0  NUMBER_OF_PROCESSORS           1
20210322 060646.630 INFO             PET0  PASS  Example ESMF_RHandleFromFileEx, ESMF_RHandleFromFileEx.F90, line 192
20210322 060646.630 INFO             PET0 Finalizing ESMF
