make: mpicxx: Command not found
make: mpicxx: Command not found
make: mpif90: Command not found
make: nc-config: Command not found
make: nc-config: Command not found
make: nc-config: Command not found
/Users/mpotts/gfortran_9.3.0_openmpi_g/scripts/nfconfigtest: line 3: nf-config: command not found
/Users/mpotts/gfortran_9.3.0_openmpi_g/scripts/nfconfigtest: line 4: [: =: unary operator expected
/Users/mpotts/gfortran_9.3.0_openmpi_g/scripts/nfconfigtest: line 3: nf-config: command not found
/Users/mpotts/gfortran_9.3.0_openmpi_g/scripts/nfconfigtest: line 4: [: =: unary operator expected
/Users/mpotts/gfortran_9.3.0_openmpi_g/scripts/nfconfigtest: line 3: nf-config: command not found
/Users/mpotts/gfortran_9.3.0_openmpi_g/scripts/nfconfigtest: line 4: [: =: unary operator expected
 
Installing ESMF:
 
mkdir -p /Users/mpotts/gfortran_9.3.0_openmpi_g/DEFAULTINSTALLDIR/include
cp -f /Users/mpotts/gfortran_9.3.0_openmpi_g/src/include/ESMC.h /Users/mpotts/gfortran_9.3.0_openmpi_g/DEFAULTINSTALLDIR/include
cp -f /Users/mpotts/gfortran_9.3.0_openmpi_g/src/include/ESMC_*.h /Users/mpotts/gfortran_9.3.0_openmpi_g/DEFAULTINSTALLDIR/include
cp -f /Users/mpotts/gfortran_9.3.0_openmpi_g/build_config/Darwin.gfortran.default/ESMC_Conf.h /Users/mpotts/gfortran_9.3.0_openmpi_g/DEFAULTINSTALLDIR/include
mkdir -p /Users/mpotts/gfortran_9.3.0_openmpi_g/DEFAULTINSTALLDIR/mod/modg/Darwin.gfortran.64.openmpi.default
cp -f /Users/mpotts/gfortran_9.3.0_openmpi_g/mod/modg/Darwin.gfortran.64.openmpi.default/*.mod /Users/mpotts/gfortran_9.3.0_openmpi_g/DEFAULTINSTALLDIR/mod/modg/Darwin.gfortran.64.openmpi.default
cp: /Users/mpotts/gfortran_9.3.0_openmpi_g/mod/modg/Darwin.gfortran.64.openmpi.default/*.mod: No such file or directory
make: *** [install] Error 1
