20210308 222457.796 INFO             PET0 !!!!!!!!!!!!!!!!!!!!!!!!!!!!!!!!!!!!!!!!!!!!!!!!!!!!!!
20210308 222457.796 INFO             PET0 !!! THE ESMF_LOG IS SET TO OUTPUT ALL LOG MESSAGES !!!
20210308 222457.796 INFO             PET0 !!!     THIS MAY CAUSE SLOWDOWN IN PERFORMANCE     !!!
20210308 222457.796 INFO             PET0 !!! FOR PRODUCTION RUNS, USE:                      !!!
20210308 222457.796 INFO             PET0 !!!                   ESMF_LOGKIND_Multi_On_Error  !!!
20210308 222457.796 INFO             PET0 !!!!!!!!!!!!!!!!!!!!!!!!!!!!!!!!!!!!!!!!!!!!!!!!!!!!!!
20210308 222457.796 INFO             PET0 Running with ESMF Version   : 8.1.0 beta snapshot
20210308 222457.796 INFO             PET0 ESMF library build date/time: "Mar  8 2021" "20:48:42"
20210308 222457.796 INFO             PET0 ESMF library build location : /lustre/f2/dev/ncep/Mark.Potts/gfortran_8.3.0_mpi_g
20210308 222457.796 INFO             PET0 ESMF_COMM                   : mpi
20210308 222457.796 INFO             PET0 ESMF_MOAB                   : enabled
20210308 222457.796 INFO             PET0 ESMF_LAPACK                 : enabled
20210308 222457.796 INFO             PET0 ESMF_NETCDF                 : enabled
20210308 222457.796 INFO             PET0 ESMF_PNETCDF                : disabled
20210308 222457.796 INFO             PET0 ESMF_PIO                    : enabled
20210308 222457.796 INFO             PET0 ESMF_YAMLCPP                : enabled
20210308 222457.805 DEBUG            PET0 service: 0  PTHREAD_STACK_MIN: 16384 bytes  stack_size: 1073741824 bytes
20210308 222457.805 INFO             PET0  NUMBER_OF_PROCESSORS           4
20210308 222457.805 INFO             PET0  PASS  Example ESMF_GCompEx, ESMF_GCompEx.F90, line 465
20210308 222457.805 INFO             PET0 Finalizing ESMF
20210308 222457.796 INFO             PET1 !!!!!!!!!!!!!!!!!!!!!!!!!!!!!!!!!!!!!!!!!!!!!!!!!!!!!!
20210308 222457.796 INFO             PET1 !!! THE ESMF_LOG IS SET TO OUTPUT ALL LOG MESSAGES !!!
20210308 222457.796 INFO             PET1 !!!     THIS MAY CAUSE SLOWDOWN IN PERFORMANCE     !!!
20210308 222457.796 INFO             PET1 !!! FOR PRODUCTION RUNS, USE:                      !!!
20210308 222457.796 INFO             PET1 !!!                   ESMF_LOGKIND_Multi_On_Error  !!!
20210308 222457.796 INFO             PET1 !!!!!!!!!!!!!!!!!!!!!!!!!!!!!!!!!!!!!!!!!!!!!!!!!!!!!!
20210308 222457.796 INFO             PET1 Running with ESMF Version   : 8.1.0 beta snapshot
20210308 222457.796 INFO             PET1 ESMF library build date/time: "Mar  8 2021" "20:48:42"
20210308 222457.796 INFO             PET1 ESMF library build location : /lustre/f2/dev/ncep/Mark.Potts/gfortran_8.3.0_mpi_g
20210308 222457.796 INFO             PET1 ESMF_COMM                   : mpi
20210308 222457.796 INFO             PET1 ESMF_MOAB                   : enabled
20210308 222457.796 INFO             PET1 ESMF_LAPACK                 : enabled
20210308 222457.796 INFO             PET1 ESMF_NETCDF                 : enabled
20210308 222457.796 INFO             PET1 ESMF_PNETCDF                : disabled
20210308 222457.796 INFO             PET1 ESMF_PIO                    : enabled
20210308 222457.796 INFO             PET1 ESMF_YAMLCPP                : enabled
20210308 222457.805 DEBUG            PET1 service: 0  PTHREAD_STACK_MIN: 16384 bytes  stack_size: 1073741824 bytes
20210308 222457.805 INFO             PET1  NUMBER_OF_PROCESSORS           4
20210308 222457.805 INFO             PET1  PASS  Example ESMF_GCompEx, ESMF_GCompEx.F90, line 465
20210308 222457.805 INFO             PET1 Finalizing ESMF
20210308 222457.792 INFO             PET2 !!!!!!!!!!!!!!!!!!!!!!!!!!!!!!!!!!!!!!!!!!!!!!!!!!!!!!
20210308 222457.792 INFO             PET2 !!! THE ESMF_LOG IS SET TO OUTPUT ALL LOG MESSAGES !!!
20210308 222457.792 INFO             PET2 !!!     THIS MAY CAUSE SLOWDOWN IN PERFORMANCE     !!!
20210308 222457.792 INFO             PET2 !!! FOR PRODUCTION RUNS, USE:                      !!!
20210308 222457.792 INFO             PET2 !!!                   ESMF_LOGKIND_Multi_On_Error  !!!
20210308 222457.792 INFO             PET2 !!!!!!!!!!!!!!!!!!!!!!!!!!!!!!!!!!!!!!!!!!!!!!!!!!!!!!
20210308 222457.792 INFO             PET2 Running with ESMF Version   : 8.1.0 beta snapshot
20210308 222457.792 INFO             PET2 ESMF library build date/time: "Mar  8 2021" "20:48:42"
20210308 222457.792 INFO             PET2 ESMF library build location : /lustre/f2/dev/ncep/Mark.Potts/gfortran_8.3.0_mpi_g
20210308 222457.792 INFO             PET2 ESMF_COMM                   : mpi
20210308 222457.793 INFO             PET2 ESMF_MOAB                   : enabled
20210308 222457.793 INFO             PET2 ESMF_LAPACK                 : enabled
20210308 222457.793 INFO             PET2 ESMF_NETCDF                 : enabled
20210308 222457.793 INFO             PET2 ESMF_PNETCDF                : disabled
20210308 222457.793 INFO             PET2 ESMF_PIO                    : enabled
20210308 222457.793 INFO             PET2 ESMF_YAMLCPP                : enabled
20210308 222457.805 DEBUG            PET2 service: 0  PTHREAD_STACK_MIN: 16384 bytes  stack_size: 1073741824 bytes
20210308 222457.805 INFO             PET2  NUMBER_OF_PROCESSORS           4
20210308 222457.805 INFO             PET2  PASS  Example ESMF_GCompEx, ESMF_GCompEx.F90, line 465
20210308 222457.805 INFO             PET2 Finalizing ESMF
20210308 222457.803 INFO             PET3 !!!!!!!!!!!!!!!!!!!!!!!!!!!!!!!!!!!!!!!!!!!!!!!!!!!!!!
20210308 222457.803 INFO             PET3 !!! THE ESMF_LOG IS SET TO OUTPUT ALL LOG MESSAGES !!!
20210308 222457.803 INFO             PET3 !!!     THIS MAY CAUSE SLOWDOWN IN PERFORMANCE     !!!
20210308 222457.803 INFO             PET3 !!! FOR PRODUCTION RUNS, USE:                      !!!
20210308 222457.803 INFO             PET3 !!!                   ESMF_LOGKIND_Multi_On_Error  !!!
20210308 222457.803 INFO             PET3 !!!!!!!!!!!!!!!!!!!!!!!!!!!!!!!!!!!!!!!!!!!!!!!!!!!!!!
20210308 222457.803 INFO             PET3 Running with ESMF Version   : 8.1.0 beta snapshot
20210308 222457.803 INFO             PET3 ESMF library build date/time: "Mar  8 2021" "20:48:42"
20210308 222457.803 INFO             PET3 ESMF library build location : /lustre/f2/dev/ncep/Mark.Potts/gfortran_8.3.0_mpi_g
20210308 222457.803 INFO             PET3 ESMF_COMM                   : mpi
20210308 222457.803 INFO             PET3 ESMF_MOAB                   : enabled
20210308 222457.803 INFO             PET3 ESMF_LAPACK                 : enabled
20210308 222457.803 INFO             PET3 ESMF_NETCDF                 : enabled
20210308 222457.803 INFO             PET3 ESMF_PNETCDF                : disabled
20210308 222457.803 INFO             PET3 ESMF_PIO                    : enabled
20210308 222457.803 INFO             PET3 ESMF_YAMLCPP                : enabled
20210308 222457.805 DEBUG            PET3 service: 0  PTHREAD_STACK_MIN: 16384 bytes  stack_size: 1073741824 bytes
20210308 222457.805 INFO             PET3  NUMBER_OF_PROCESSORS           4
20210308 222457.805 INFO             PET3  PASS  Example ESMF_GCompEx, ESMF_GCompEx.F90, line 465
20210308 222457.805 INFO             PET3 Finalizing ESMF
