build time -- 2021-04-21 13:20:20
/scratch1/NCEPDEV/da/Mark.Potts/sandbox/intel_18.0.4_intelmpi_g_develop/runpython.sh: line 5: cd: /scratch1/NCEPDEV/da/Mark.Potts/sandbox/intel_18.0.4_intelmpi_g_develop/src/addon/ESMPymodule: No such file or directory
+ export ESMF_NETCDF=nc-config
+ ESMF_NETCDF=nc-config
+ export ESMF_DIR=/scratch1/NCEPDEV/da/Mark.Potts/sandbox/intel_18.0.4_intelmpi_g_develop
+ ESMF_DIR=/scratch1/NCEPDEV/da/Mark.Potts/sandbox/intel_18.0.4_intelmpi_g_develop
+ export ESMF_COMPILER=intel
+ ESMF_COMPILER=intel
+ export ESMF_COMM=intelmpi
+ ESMF_COMM=intelmpi
+ export ESMF_BOPT=g
+ ESMF_BOPT=g
+ export ESMF_TESTEXHAUSTIVE=ON
+ ESMF_TESTEXHAUSTIVE=ON
+ export ESMF_TESTWITHTHREADS=ON
+ ESMF_TESTWITHTHREADS=ON
+ python3 setup.py test_examples_dryrun
python3: can't open file 'setup.py': [Errno 2] No such file or directory
+ python3 setup.py test_regrid_from_file_dryrun
python3: can't open file 'setup.py': [Errno 2] No such file or directory
+ python3 setup.py test_regrid_from_file_dryrun
python3: can't open file 'setup.py': [Errno 2] No such file or directory
