build time -- 2021-04-22 12:32:16
20210422 130749.842 INFO             PET0 !!!!!!!!!!!!!!!!!!!!!!!!!!!!!!!!!!!!!!!!!!!!!!!!!!!!!!
20210422 130749.842 INFO             PET0 !!! THE ESMF_LOG IS SET TO OUTPUT ALL LOG MESSAGES !!!
20210422 130749.842 INFO             PET0 !!!     THIS MAY CAUSE SLOWDOWN IN PERFORMANCE     !!!
20210422 130749.842 INFO             PET0 !!! FOR PRODUCTION RUNS, USE:                      !!!
20210422 130749.842 INFO             PET0 !!!                   ESMF_LOGKIND_Multi_On_Error  !!!
20210422 130749.842 INFO             PET0 !!!!!!!!!!!!!!!!!!!!!!!!!!!!!!!!!!!!!!!!!!!!!!!!!!!!!!
20210422 130749.842 INFO             PET0 Running with ESMF Version   : ESMF_8_2_0_beta_snapshot_05
20210422 130749.843 INFO             PET0 ESMF library build date/time: "Apr 22 2021" "12:30:57"
20210422 130749.843 INFO             PET0 ESMF library build location : /scratch1/NCEPDEV/stmp2/Mark.Potts/gfortran_9.2.0_openmpi_g_develop
20210422 130749.843 INFO             PET0 ESMF_COMM                   : openmpi
20210422 130749.843 INFO             PET0 ESMF_MOAB                   : enabled
20210422 130749.843 INFO             PET0 ESMF_LAPACK                 : enabled
20210422 130749.843 INFO             PET0 ESMF_NETCDF                 : enabled
20210422 130749.843 INFO             PET0 ESMF_PNETCDF                : disabled
20210422 130749.843 INFO             PET0 ESMF_PIO                    : enabled
20210422 130749.843 INFO             PET0 ESMF_YAMLCPP                : enabled
20210422 130749.843 INFO             PET0  NUMBER_OF_PROCESSORS           4
20210422 130749.843 INFO             PET0  PASS  Example ESMF_VMUserMpiCommMultiEx, ESMF_VMUserMpiCommMultiEx.F90, line 126
20210422 130749.843 INFO             PET0 Finalizing ESMF
20210422 130749.842 INFO             PET0 !!!!!!!!!!!!!!!!!!!!!!!!!!!!!!!!!!!!!!!!!!!!!!!!!!!!!!
20210422 130749.842 INFO             PET0 !!! THE ESMF_LOG IS SET TO OUTPUT ALL LOG MESSAGES !!!
20210422 130749.842 INFO             PET0 !!!     THIS MAY CAUSE SLOWDOWN IN PERFORMANCE     !!!
20210422 130749.842 INFO             PET0 !!! FOR PRODUCTION RUNS, USE:                      !!!
20210422 130749.842 INFO             PET0 !!!                   ESMF_LOGKIND_Multi_On_Error  !!!
20210422 130749.842 INFO             PET0 !!!!!!!!!!!!!!!!!!!!!!!!!!!!!!!!!!!!!!!!!!!!!!!!!!!!!!
20210422 130749.842 INFO             PET0 Running with ESMF Version   : ESMF_8_2_0_beta_snapshot_05
20210422 130749.842 INFO             PET0 ESMF library build date/time: "Apr 22 2021" "12:30:57"
20210422 130749.842 INFO             PET0 ESMF library build location : /scratch1/NCEPDEV/stmp2/Mark.Potts/gfortran_9.2.0_openmpi_g_develop
20210422 130749.842 INFO             PET0 ESMF_COMM                   : openmpi
20210422 130749.843 INFO             PET0 ESMF_MOAB                   : enabled
20210422 130749.843 INFO             PET0 ESMF_LAPACK                 : enabled
20210422 130749.843 INFO             PET0 ESMF_NETCDF                 : enabled
20210422 130749.843 INFO             PET0 ESMF_PNETCDF                : disabled
20210422 130749.843 INFO             PET0 ESMF_PIO                    : enabled
20210422 130749.843 INFO             PET0 ESMF_YAMLCPP                : enabled
20210422 130749.843 INFO             PET0  NUMBER_OF_PROCESSORS           4
20210422 130749.843 INFO             PET0  PASS  Example ESMF_VMUserMpiCommMultiEx, ESMF_VMUserMpiCommMultiEx.F90, line 154
20210422 130749.843 INFO             PET0 Finalizing ESMF
20210422 130749.842 INFO             PET1 !!!!!!!!!!!!!!!!!!!!!!!!!!!!!!!!!!!!!!!!!!!!!!!!!!!!!!
20210422 130749.842 INFO             PET1 !!! THE ESMF_LOG IS SET TO OUTPUT ALL LOG MESSAGES !!!
20210422 130749.842 INFO             PET1 !!!     THIS MAY CAUSE SLOWDOWN IN PERFORMANCE     !!!
20210422 130749.842 INFO             PET1 !!! FOR PRODUCTION RUNS, USE:                      !!!
20210422 130749.842 INFO             PET1 !!!                   ESMF_LOGKIND_Multi_On_Error  !!!
20210422 130749.842 INFO             PET1 !!!!!!!!!!!!!!!!!!!!!!!!!!!!!!!!!!!!!!!!!!!!!!!!!!!!!!
20210422 130749.842 INFO             PET1 Running with ESMF Version   : ESMF_8_2_0_beta_snapshot_05
20210422 130749.842 INFO             PET1 ESMF library build date/time: "Apr 22 2021" "12:30:57"
20210422 130749.842 INFO             PET1 ESMF library build location : /scratch1/NCEPDEV/stmp2/Mark.Potts/gfortran_9.2.0_openmpi_g_develop
20210422 130749.842 INFO             PET1 ESMF_COMM                   : openmpi
20210422 130749.843 INFO             PET1 ESMF_MOAB                   : enabled
20210422 130749.843 INFO             PET1 ESMF_LAPACK                 : enabled
20210422 130749.843 INFO             PET1 ESMF_NETCDF                 : enabled
20210422 130749.843 INFO             PET1 ESMF_PNETCDF                : disabled
20210422 130749.843 INFO             PET1 ESMF_PIO                    : enabled
20210422 130749.843 INFO             PET1 ESMF_YAMLCPP                : enabled
20210422 130749.843 INFO             PET1  NUMBER_OF_PROCESSORS           4
20210422 130749.843 INFO             PET1  PASS  Example ESMF_VMUserMpiCommMultiEx, ESMF_VMUserMpiCommMultiEx.F90, line 126
20210422 130749.843 INFO             PET1 Finalizing ESMF
20210422 130749.842 INFO             PET1 !!!!!!!!!!!!!!!!!!!!!!!!!!!!!!!!!!!!!!!!!!!!!!!!!!!!!!
20210422 130749.842 INFO             PET1 !!! THE ESMF_LOG IS SET TO OUTPUT ALL LOG MESSAGES !!!
20210422 130749.842 INFO             PET1 !!!     THIS MAY CAUSE SLOWDOWN IN PERFORMANCE     !!!
20210422 130749.842 INFO             PET1 !!! FOR PRODUCTION RUNS, USE:                      !!!
20210422 130749.842 INFO             PET1 !!!                   ESMF_LOGKIND_Multi_On_Error  !!!
20210422 130749.842 INFO             PET1 !!!!!!!!!!!!!!!!!!!!!!!!!!!!!!!!!!!!!!!!!!!!!!!!!!!!!!
20210422 130749.842 INFO             PET1 Running with ESMF Version   : ESMF_8_2_0_beta_snapshot_05
20210422 130749.842 INFO             PET1 ESMF library build date/time: "Apr 22 2021" "12:30:57"
20210422 130749.842 INFO             PET1 ESMF library build location : /scratch1/NCEPDEV/stmp2/Mark.Potts/gfortran_9.2.0_openmpi_g_develop
20210422 130749.842 INFO             PET1 ESMF_COMM                   : openmpi
20210422 130749.843 INFO             PET1 ESMF_MOAB                   : enabled
20210422 130749.843 INFO             PET1 ESMF_LAPACK                 : enabled
20210422 130749.843 INFO             PET1 ESMF_NETCDF                 : enabled
20210422 130749.843 INFO             PET1 ESMF_PNETCDF                : disabled
20210422 130749.843 INFO             PET1 ESMF_PIO                    : enabled
20210422 130749.843 INFO             PET1 ESMF_YAMLCPP                : enabled
20210422 130749.843 INFO             PET1  NUMBER_OF_PROCESSORS           4
20210422 130749.843 INFO             PET1  PASS  Example ESMF_VMUserMpiCommMultiEx, ESMF_VMUserMpiCommMultiEx.F90, line 154
20210422 130749.843 INFO             PET1 Finalizing ESMF
