build time -- 2021-04-22 12:32:16
[1619096967.571279] [h16c16:29082:0]         mxm.c:196  MXM  WARN  The 'ulimit -s' on the system is set to 'unlimited'. This may have negative performance implications. Please set the stack size to the default value (10240) 
[1619096967.575742] [h16c16:29082:0]         mxm.c:196  MXM  WARN  The 'ulimit -s' on the system is set to 'unlimited'. This may have negative performance implications. Please set the stack size to the default value (10240) 
[1619096967.571279] [h16c16:29084:0]         mxm.c:196  MXM  WARN  The 'ulimit -s' on the system is set to 'unlimited'. This may have negative performance implications. Please set the stack size to the default value (10240) 
[1619096967.575790] [h16c16:29084:0]         mxm.c:196  MXM  WARN  The 'ulimit -s' on the system is set to 'unlimited'. This may have negative performance implications. Please set the stack size to the default value (10240) 
[1619096967.571436] [h16c16:29081:0]         mxm.c:196  MXM  WARN  The 'ulimit -s' on the system is set to 'unlimited'. This may have negative performance implications. Please set the stack size to the default value (10240) 
[1619096967.575866] [h16c16:29081:0]         mxm.c:196  MXM  WARN  The 'ulimit -s' on the system is set to 'unlimited'. This may have negative performance implications. Please set the stack size to the default value (10240) 
[1619096967.571384] [h16c16:29083:0]         mxm.c:196  MXM  WARN  The 'ulimit -s' on the system is set to 'unlimited'. This may have negative performance implications. Please set the stack size to the default value (10240) 
[1619096967.575916] [h16c16:29083:0]         mxm.c:196  MXM  WARN  The 'ulimit -s' on the system is set to 'unlimited'. This may have negative performance implications. Please set the stack size to the default value (10240) 
 Regridding through XGrid example returned
  PASS  Example ESMF_XGridEx, ESMF_XGridEx.F90, line 525
 Regridding through XGrid example returned
  PASS  Example ESMF_XGridEx, ESMF_XGridEx.F90, line 525
 Regridding through XGrid example returned
  PASS  Example ESMF_XGridEx, ESMF_XGridEx.F90, line 525
 Regridding through XGrid example returned
  PASS  Example ESMF_XGridEx, ESMF_XGridEx.F90, line 525
 PASS: ESMF_XGridEx.F90
 PASS: ESMF_XGridEx.F90
 PASS: ESMF_XGridEx.F90
 PASS: ESMF_XGridEx.F90
