MPI startup(): Warning: I_MPI_PMI_LIBRARY will be ignored since the hydra process manager was found
MPI startup(): Warning: I_MPI_PMI_LIBRARY will be ignored since the hydra process manager was found
MPI startup(): Warning: I_MPI_PMI_LIBRARY will be ignored since the hydra process manager was found
MPI startup(): Warning: I_MPI_PMI_LIBRARY will be ignored since the hydra process manager was found
  PASS  Example ESMF_StateReadWriteEx, ESMF_StateReadWriteEx.F90, line 185
  PASS  Example ESMF_StateReadWriteEx, ESMF_StateReadWriteEx.F90, line 185
  PASS  Example ESMF_StateReadWriteEx, ESMF_StateReadWriteEx.F90, line 185

===================================================================================
=   BAD TERMINATION OF ONE OF YOUR APPLICATION PROCESSES
=   RANK 0 PID 157530 RUNNING AT h6c57
=   KILLED BY SIGNAL: 9 (Killed)
===================================================================================

===================================================================================
=   BAD TERMINATION OF ONE OF YOUR APPLICATION PROCESSES
=   RANK 1 PID 157531 RUNNING AT h6c57
=   KILLED BY SIGNAL: 9 (Killed)
===================================================================================

===================================================================================
=   BAD TERMINATION OF ONE OF YOUR APPLICATION PROCESSES
=   RANK 2 PID 157532 RUNNING AT h6c57
=   KILLED BY SIGNAL: 9 (Killed)
===================================================================================

===================================================================================
=   BAD TERMINATION OF ONE OF YOUR APPLICATION PROCESSES
=   RANK 3 PID 157533 RUNNING AT h6c57
=   KILLED BY SIGNAL: 9 (Killed)
===================================================================================
