build time -- 2021-04-21 13:17:43
20210421 142426.025 INFO             PET0 !!!!!!!!!!!!!!!!!!!!!!!!!!!!!!!!!!!!!!!!!!!!!!!!!!!!!!
20210421 142426.026 INFO             PET0 !!! THE ESMF_LOG IS SET TO OUTPUT ALL LOG MESSAGES !!!
20210421 142426.026 INFO             PET0 !!!     THIS MAY CAUSE SLOWDOWN IN PERFORMANCE     !!!
20210421 142426.026 INFO             PET0 !!! FOR PRODUCTION RUNS, USE:                      !!!
20210421 142426.026 INFO             PET0 !!!                   ESMF_LOGKIND_Multi_On_Error  !!!
20210421 142426.026 INFO             PET0 !!!!!!!!!!!!!!!!!!!!!!!!!!!!!!!!!!!!!!!!!!!!!!!!!!!!!!
20210421 142426.026 INFO             PET0 Running with ESMF Version   : ESMF_8_2_0_beta_snapshot_04-7-g3098c96bb1
20210421 142426.026 INFO             PET0 ESMF library build date/time: "Apr 21 2021" "13:16:23"
20210421 142426.026 INFO             PET0 ESMF library build location : /scratch1/NCEPDEV/da/Mark.Potts/sandbox/gfortran_9.2.0_intelmpi_g_develop
20210421 142426.026 INFO             PET0 ESMF_COMM                   : intelmpi
20210421 142426.039 INFO             PET0 ESMF_MOAB                   : enabled
20210421 142426.039 INFO             PET0 ESMF_LAPACK                 : enabled
20210421 142426.039 INFO             PET0 ESMF_NETCDF                 : enabled
20210421 142426.039 INFO             PET0 ESMF_PNETCDF                : disabled
20210421 142426.039 INFO             PET0 ESMF_PIO                    : enabled
20210421 142426.039 INFO             PET0 ESMF_YAMLCPP                : enabled
20210421 142426.040 INFO             PET0  NUMBER_OF_PROCESSORS           4
20210421 142426.040 INFO             PET0  PASS  Example ESMF_VMNonBlockingEx, ESMF_VMNonBlockingEx.F90, line 280
20210421 142426.040 INFO             PET0 Finalizing ESMF
20210421 142426.025 INFO             PET1 !!!!!!!!!!!!!!!!!!!!!!!!!!!!!!!!!!!!!!!!!!!!!!!!!!!!!!
20210421 142426.026 INFO             PET1 !!! THE ESMF_LOG IS SET TO OUTPUT ALL LOG MESSAGES !!!
20210421 142426.026 INFO             PET1 !!!     THIS MAY CAUSE SLOWDOWN IN PERFORMANCE     !!!
20210421 142426.026 INFO             PET1 !!! FOR PRODUCTION RUNS, USE:                      !!!
20210421 142426.026 INFO             PET1 !!!                   ESMF_LOGKIND_Multi_On_Error  !!!
20210421 142426.026 INFO             PET1 !!!!!!!!!!!!!!!!!!!!!!!!!!!!!!!!!!!!!!!!!!!!!!!!!!!!!!
20210421 142426.026 INFO             PET1 Running with ESMF Version   : ESMF_8_2_0_beta_snapshot_04-7-g3098c96bb1
20210421 142426.026 INFO             PET1 ESMF library build date/time: "Apr 21 2021" "13:16:23"
20210421 142426.026 INFO             PET1 ESMF library build location : /scratch1/NCEPDEV/da/Mark.Potts/sandbox/gfortran_9.2.0_intelmpi_g_develop
20210421 142426.026 INFO             PET1 ESMF_COMM                   : intelmpi
20210421 142426.038 INFO             PET1 ESMF_MOAB                   : enabled
20210421 142426.038 INFO             PET1 ESMF_LAPACK                 : enabled
20210421 142426.038 INFO             PET1 ESMF_NETCDF                 : enabled
20210421 142426.038 INFO             PET1 ESMF_PNETCDF                : disabled
20210421 142426.038 INFO             PET1 ESMF_PIO                    : enabled
20210421 142426.038 INFO             PET1 ESMF_YAMLCPP                : enabled
20210421 142426.039 INFO             PET1  NUMBER_OF_PROCESSORS           4
20210421 142426.040 INFO             PET1  PASS  Example ESMF_VMNonBlockingEx, ESMF_VMNonBlockingEx.F90, line 280
20210421 142426.040 INFO             PET1 Finalizing ESMF
20210421 142426.025 INFO             PET2 !!!!!!!!!!!!!!!!!!!!!!!!!!!!!!!!!!!!!!!!!!!!!!!!!!!!!!
20210421 142426.026 INFO             PET2 !!! THE ESMF_LOG IS SET TO OUTPUT ALL LOG MESSAGES !!!
20210421 142426.026 INFO             PET2 !!!     THIS MAY CAUSE SLOWDOWN IN PERFORMANCE     !!!
20210421 142426.026 INFO             PET2 !!! FOR PRODUCTION RUNS, USE:                      !!!
20210421 142426.026 INFO             PET2 !!!                   ESMF_LOGKIND_Multi_On_Error  !!!
20210421 142426.026 INFO             PET2 !!!!!!!!!!!!!!!!!!!!!!!!!!!!!!!!!!!!!!!!!!!!!!!!!!!!!!
20210421 142426.026 INFO             PET2 Running with ESMF Version   : ESMF_8_2_0_beta_snapshot_04-7-g3098c96bb1
20210421 142426.026 INFO             PET2 ESMF library build date/time: "Apr 21 2021" "13:16:23"
20210421 142426.026 INFO             PET2 ESMF library build location : /scratch1/NCEPDEV/da/Mark.Potts/sandbox/gfortran_9.2.0_intelmpi_g_develop
20210421 142426.026 INFO             PET2 ESMF_COMM                   : intelmpi
20210421 142426.038 INFO             PET2 ESMF_MOAB                   : enabled
20210421 142426.038 INFO             PET2 ESMF_LAPACK                 : enabled
20210421 142426.038 INFO             PET2 ESMF_NETCDF                 : enabled
20210421 142426.038 INFO             PET2 ESMF_PNETCDF                : disabled
20210421 142426.038 INFO             PET2 ESMF_PIO                    : enabled
20210421 142426.038 INFO             PET2 ESMF_YAMLCPP                : enabled
20210421 142426.039 INFO             PET2  NUMBER_OF_PROCESSORS           4
20210421 142426.040 INFO             PET2  PASS  Example ESMF_VMNonBlockingEx, ESMF_VMNonBlockingEx.F90, line 280
20210421 142426.040 INFO             PET2 Finalizing ESMF
20210421 142426.025 INFO             PET3 !!!!!!!!!!!!!!!!!!!!!!!!!!!!!!!!!!!!!!!!!!!!!!!!!!!!!!
20210421 142426.026 INFO             PET3 !!! THE ESMF_LOG IS SET TO OUTPUT ALL LOG MESSAGES !!!
20210421 142426.026 INFO             PET3 !!!     THIS MAY CAUSE SLOWDOWN IN PERFORMANCE     !!!
20210421 142426.026 INFO             PET3 !!! FOR PRODUCTION RUNS, USE:                      !!!
20210421 142426.026 INFO             PET3 !!!                   ESMF_LOGKIND_Multi_On_Error  !!!
20210421 142426.026 INFO             PET3 !!!!!!!!!!!!!!!!!!!!!!!!!!!!!!!!!!!!!!!!!!!!!!!!!!!!!!
20210421 142426.026 INFO             PET3 Running with ESMF Version   : ESMF_8_2_0_beta_snapshot_04-7-g3098c96bb1
20210421 142426.026 INFO             PET3 ESMF library build date/time: "Apr 21 2021" "13:16:23"
20210421 142426.026 INFO             PET3 ESMF library build location : /scratch1/NCEPDEV/da/Mark.Potts/sandbox/gfortran_9.2.0_intelmpi_g_develop
20210421 142426.026 INFO             PET3 ESMF_COMM                   : intelmpi
20210421 142426.038 INFO             PET3 ESMF_MOAB                   : enabled
20210421 142426.038 INFO             PET3 ESMF_LAPACK                 : enabled
20210421 142426.038 INFO             PET3 ESMF_NETCDF                 : enabled
20210421 142426.038 INFO             PET3 ESMF_PNETCDF                : disabled
20210421 142426.038 INFO             PET3 ESMF_PIO                    : enabled
20210421 142426.038 INFO             PET3 ESMF_YAMLCPP                : enabled
20210421 142426.039 INFO             PET3  NUMBER_OF_PROCESSORS           4
20210421 142426.040 INFO             PET3  PASS  Example ESMF_VMNonBlockingEx, ESMF_VMNonBlockingEx.F90, line 280
20210421 142426.040 INFO             PET3 Finalizing ESMF
