20210406 080127.220 INFO             PET0 !!!!!!!!!!!!!!!!!!!!!!!!!!!!!!!!!!!!!!!!!!!!!!!!!!!!!!
20210406 080127.221 INFO             PET0 !!! THE ESMF_LOG IS SET TO OUTPUT ALL LOG MESSAGES !!!
20210406 080127.221 INFO             PET0 !!!     THIS MAY CAUSE SLOWDOWN IN PERFORMANCE     !!!
20210406 080127.221 INFO             PET0 !!! FOR PRODUCTION RUNS, USE:                      !!!
20210406 080127.221 INFO             PET0 !!!                   ESMF_LOGKIND_Multi_On_Error  !!!
20210406 080127.221 INFO             PET0 !!!!!!!!!!!!!!!!!!!!!!!!!!!!!!!!!!!!!!!!!!!!!!!!!!!!!!
20210406 080127.221 INFO             PET0 Running with ESMF Version   : ESMF_8_2_0_beta_snapshot_04-4-g1f99987f5f
20210406 080127.221 INFO             PET0 ESMF library build date/time: "Apr  6 2021" "06:13:54"
20210406 080127.221 INFO             PET0 ESMF library build location : /scratch1/NCEPDEV/da/Mark.Potts/sandbox/gfortran_9.2.0_intelmpi_g
20210406 080127.221 INFO             PET0 ESMF_COMM                   : intelmpi
20210406 080127.222 INFO             PET0 ESMF_MOAB                   : enabled
20210406 080127.222 INFO             PET0 ESMF_LAPACK                 : enabled
20210406 080127.222 INFO             PET0 ESMF_NETCDF                 : enabled
20210406 080127.222 INFO             PET0 ESMF_PNETCDF                : disabled
20210406 080127.222 INFO             PET0 ESMF_PIO                    : enabled
20210406 080127.222 INFO             PET0 ESMF_YAMLCPP                : enabled
20210406 080127.241 INFO             PET0 ESMF_FieldRedistStoreNF(): Just entered routine.
20210406 080127.248 INFO             PET0 ESMF_FieldRedistStoreNF(): Leaving routine.
20210406 080127.258 INFO             PET0 ESMF_FieldRedistStoreNF(): Just entered routine.
20210406 080127.259 INFO             PET0 ESMF_FieldRedistStoreNF(): Leaving routine.
20210406 080127.259 INFO             PET0 ESMF_FieldRedistStoreNF(): Just entered routine.
20210406 080127.260 INFO             PET0 ESMF_FieldRedistStoreNF(): Leaving routine.
20210406 080127.261 INFO             PET0  NUMBER_OF_PROCESSORS           4
20210406 080127.261 INFO             PET0  PASS  Example ESMF_FieldRedistEx, ESMF_FieldRedistEx.F90, line 521
20210406 080127.261 INFO             PET0 Finalizing ESMF
20210406 080127.220 INFO             PET1 !!!!!!!!!!!!!!!!!!!!!!!!!!!!!!!!!!!!!!!!!!!!!!!!!!!!!!
20210406 080127.221 INFO             PET1 !!! THE ESMF_LOG IS SET TO OUTPUT ALL LOG MESSAGES !!!
20210406 080127.221 INFO             PET1 !!!     THIS MAY CAUSE SLOWDOWN IN PERFORMANCE     !!!
20210406 080127.221 INFO             PET1 !!! FOR PRODUCTION RUNS, USE:                      !!!
20210406 080127.221 INFO             PET1 !!!                   ESMF_LOGKIND_Multi_On_Error  !!!
20210406 080127.221 INFO             PET1 !!!!!!!!!!!!!!!!!!!!!!!!!!!!!!!!!!!!!!!!!!!!!!!!!!!!!!
20210406 080127.221 INFO             PET1 Running with ESMF Version   : ESMF_8_2_0_beta_snapshot_04-4-g1f99987f5f
20210406 080127.221 INFO             PET1 ESMF library build date/time: "Apr  6 2021" "06:13:54"
20210406 080127.221 INFO             PET1 ESMF library build location : /scratch1/NCEPDEV/da/Mark.Potts/sandbox/gfortran_9.2.0_intelmpi_g
20210406 080127.221 INFO             PET1 ESMF_COMM                   : intelmpi
20210406 080127.222 INFO             PET1 ESMF_MOAB                   : enabled
20210406 080127.222 INFO             PET1 ESMF_LAPACK                 : enabled
20210406 080127.222 INFO             PET1 ESMF_NETCDF                 : enabled
20210406 080127.222 INFO             PET1 ESMF_PNETCDF                : disabled
20210406 080127.222 INFO             PET1 ESMF_PIO                    : enabled
20210406 080127.222 INFO             PET1 ESMF_YAMLCPP                : enabled
20210406 080127.241 INFO             PET1 ESMF_FieldRedistStoreNF(): Just entered routine.
20210406 080127.248 INFO             PET1 ESMF_FieldRedistStoreNF(): Leaving routine.
20210406 080127.258 INFO             PET1 ESMF_FieldRedistStoreNF(): Just entered routine.
20210406 080127.259 INFO             PET1 ESMF_FieldRedistStoreNF(): Leaving routine.
20210406 080127.259 INFO             PET1 ESMF_FieldRedistStoreNF(): Just entered routine.
20210406 080127.260 INFO             PET1 ESMF_FieldRedistStoreNF(): Leaving routine.
20210406 080127.261 INFO             PET1  NUMBER_OF_PROCESSORS           4
20210406 080127.261 INFO             PET1  PASS  Example ESMF_FieldRedistEx, ESMF_FieldRedistEx.F90, line 521
20210406 080127.261 INFO             PET1 Finalizing ESMF
20210406 080127.220 INFO             PET2 !!!!!!!!!!!!!!!!!!!!!!!!!!!!!!!!!!!!!!!!!!!!!!!!!!!!!!
20210406 080127.221 INFO             PET2 !!! THE ESMF_LOG IS SET TO OUTPUT ALL LOG MESSAGES !!!
20210406 080127.221 INFO             PET2 !!!     THIS MAY CAUSE SLOWDOWN IN PERFORMANCE     !!!
20210406 080127.221 INFO             PET2 !!! FOR PRODUCTION RUNS, USE:                      !!!
20210406 080127.221 INFO             PET2 !!!                   ESMF_LOGKIND_Multi_On_Error  !!!
20210406 080127.221 INFO             PET2 !!!!!!!!!!!!!!!!!!!!!!!!!!!!!!!!!!!!!!!!!!!!!!!!!!!!!!
20210406 080127.221 INFO             PET2 Running with ESMF Version   : ESMF_8_2_0_beta_snapshot_04-4-g1f99987f5f
20210406 080127.221 INFO             PET2 ESMF library build date/time: "Apr  6 2021" "06:13:54"
20210406 080127.221 INFO             PET2 ESMF library build location : /scratch1/NCEPDEV/da/Mark.Potts/sandbox/gfortran_9.2.0_intelmpi_g
20210406 080127.221 INFO             PET2 ESMF_COMM                   : intelmpi
20210406 080127.222 INFO             PET2 ESMF_MOAB                   : enabled
20210406 080127.222 INFO             PET2 ESMF_LAPACK                 : enabled
20210406 080127.222 INFO             PET2 ESMF_NETCDF                 : enabled
20210406 080127.222 INFO             PET2 ESMF_PNETCDF                : disabled
20210406 080127.222 INFO             PET2 ESMF_PIO                    : enabled
20210406 080127.222 INFO             PET2 ESMF_YAMLCPP                : enabled
20210406 080127.241 INFO             PET2 ESMF_FieldRedistStoreNF(): Just entered routine.
20210406 080127.248 INFO             PET2 ESMF_FieldRedistStoreNF(): Leaving routine.
20210406 080127.258 INFO             PET2 ESMF_FieldRedistStoreNF(): Just entered routine.
20210406 080127.259 INFO             PET2 ESMF_FieldRedistStoreNF(): Leaving routine.
20210406 080127.259 INFO             PET2 ESMF_FieldRedistStoreNF(): Just entered routine.
20210406 080127.260 INFO             PET2 ESMF_FieldRedistStoreNF(): Leaving routine.
20210406 080127.261 INFO             PET2  NUMBER_OF_PROCESSORS           4
20210406 080127.261 INFO             PET2  PASS  Example ESMF_FieldRedistEx, ESMF_FieldRedistEx.F90, line 521
20210406 080127.261 INFO             PET2 Finalizing ESMF
20210406 080127.220 INFO             PET3 !!!!!!!!!!!!!!!!!!!!!!!!!!!!!!!!!!!!!!!!!!!!!!!!!!!!!!
20210406 080127.221 INFO             PET3 !!! THE ESMF_LOG IS SET TO OUTPUT ALL LOG MESSAGES !!!
20210406 080127.221 INFO             PET3 !!!     THIS MAY CAUSE SLOWDOWN IN PERFORMANCE     !!!
20210406 080127.221 INFO             PET3 !!! FOR PRODUCTION RUNS, USE:                      !!!
20210406 080127.221 INFO             PET3 !!!                   ESMF_LOGKIND_Multi_On_Error  !!!
20210406 080127.221 INFO             PET3 !!!!!!!!!!!!!!!!!!!!!!!!!!!!!!!!!!!!!!!!!!!!!!!!!!!!!!
20210406 080127.221 INFO             PET3 Running with ESMF Version   : ESMF_8_2_0_beta_snapshot_04-4-g1f99987f5f
20210406 080127.221 INFO             PET3 ESMF library build date/time: "Apr  6 2021" "06:13:54"
20210406 080127.221 INFO             PET3 ESMF library build location : /scratch1/NCEPDEV/da/Mark.Potts/sandbox/gfortran_9.2.0_intelmpi_g
20210406 080127.221 INFO             PET3 ESMF_COMM                   : intelmpi
20210406 080127.222 INFO             PET3 ESMF_MOAB                   : enabled
20210406 080127.222 INFO             PET3 ESMF_LAPACK                 : enabled
20210406 080127.222 INFO             PET3 ESMF_NETCDF                 : enabled
20210406 080127.222 INFO             PET3 ESMF_PNETCDF                : disabled
20210406 080127.222 INFO             PET3 ESMF_PIO                    : enabled
20210406 080127.222 INFO             PET3 ESMF_YAMLCPP                : enabled
20210406 080127.241 INFO             PET3 ESMF_FieldRedistStoreNF(): Just entered routine.
20210406 080127.248 INFO             PET3 ESMF_FieldRedistStoreNF(): Leaving routine.
20210406 080127.258 INFO             PET3 ESMF_FieldRedistStoreNF(): Just entered routine.
20210406 080127.259 INFO             PET3 ESMF_FieldRedistStoreNF(): Leaving routine.
20210406 080127.259 INFO             PET3 ESMF_FieldRedistStoreNF(): Just entered routine.
20210406 080127.260 INFO             PET3 ESMF_FieldRedistStoreNF(): Leaving routine.
20210406 080127.261 INFO             PET3  NUMBER_OF_PROCESSORS           4
20210406 080127.261 INFO             PET3  PASS  Example ESMF_FieldRedistEx, ESMF_FieldRedistEx.F90, line 521
20210406 080127.261 INFO             PET3 Finalizing ESMF
