forrtl: severe (174): SIGSEGV, segmentation fault occurred
Image              PC                Routine            Line        Source             
ESMF_FieldRedistE  00000001008E0D74  Unknown               Unknown  Unknown
libsystem_platfor  00007FFF6A61FB5D  Unknown               Unknown  Unknown
libmpi.40.dylib    0000000104FF72A1  Unknown               Unknown  Unknown
libesmf.dylib      00000001017000F8  Unknown               Unknown  Unknown
libesmf.dylib      00000001016DF6B9  Unknown               Unknown  Unknown
libesmf.dylib      000000010172A8CC  Unknown               Unknown  Unknown
libesmf.dylib      00000001028F53DC  Unknown               Unknown  Unknown
libesmf.dylib      00000001024FA91E  Unknown               Unknown  Unknown
libesmf.dylib      00000001024FA08F  Unknown               Unknown  Unknown
ESMF_FieldRedistE  00000001008B4722  _MAIN__                    81  ESMF_FieldRedistEx.F90
ESMF_FieldRedistE  00000001008B42FE  Unknown               Unknown  Unknown
forrtl: severe (174): SIGSEGV, segmentation fault occurred
Image              PC                Routine            Line        Source             
ESMF_FieldRedistE  000000010E6D4D74  Unknown               Unknown  Unknown
libsystem_platfor  00007FFF6A61FB5D  Unknown               Unknown  Unknown
libmpi.40.dylib    000000010EAC12A1  Unknown               Unknown  Unknown
libesmf.dylib      00000001125350F8  Unknown               Unknown  Unknown
libesmf.dylib      00000001125146B9  Unknown               Unknown  Unknown
libesmf.dylib      000000011255F8CC  Unknown               Unknown  Unknown
libesmf.dylib      000000011372A3DC  Unknown               Unknown  Unknown
libesmf.dylib      000000011332F91E  Unknown               Unknown  Unknown
libesmf.dylib      000000011332F08F  Unknown               Unknown  Unknown
ESMF_FieldRedistE  000000010E6A8722  _MAIN__                    81  ESMF_FieldRedistEx.F90
ESMF_FieldRedistE  000000010E6A82FE  Unknown               Unknown  Unknown
forrtl: severe (174): SIGSEGV, segmentation fault occurred
Image              PC                Routine            Line        Source             
ESMF_FieldRedistE  00000001018EAD74  Unknown               Unknown  Unknown
libsystem_platfor  00007FFF6A61FB5D  Unknown               Unknown  Unknown
libmpi.40.dylib    00000001060042A1  Unknown               Unknown  Unknown
libesmf.dylib      000000010270C0F8  Unknown               Unknown  Unknown
libesmf.dylib      00000001026EB6B9  Unknown               Unknown  Unknown
libesmf.dylib      00000001027368CC  Unknown               Unknown  Unknown
libesmf.dylib      00000001039013DC  Unknown               Unknown  Unknown
libesmf.dylib      000000010350691E  Unknown               Unknown  Unknown
libesmf.dylib      000000010350608F  Unknown               Unknown  Unknown
ESMF_FieldRedistE  00000001018BE722  _MAIN__                    81  ESMF_FieldRedistEx.F90
ESMF_FieldRedistE  00000001018BE2FE  Unknown               Unknown  Unknown
forrtl: severe (174): SIGSEGV, segmentation fault occurred
Image              PC                Routine            Line        Source             
ESMF_FieldRedistE  000000010EAE2D74  Unknown               Unknown  Unknown
libsystem_platfor  00007FFF6A61FB5D  Unknown               Unknown  Unknown
libmpi.40.dylib    00000001131FE2A1  Unknown               Unknown  Unknown
libesmf.dylib      000000010F9010F8  Unknown               Unknown  Unknown
libesmf.dylib      000000010F8E06B9  Unknown               Unknown  Unknown
libesmf.dylib      000000010F92B8CC  Unknown               Unknown  Unknown
libesmf.dylib      0000000110AF63DC  Unknown               Unknown  Unknown
libesmf.dylib      00000001106FB91E  Unknown               Unknown  Unknown
libesmf.dylib      00000001106FB08F  Unknown               Unknown  Unknown
ESMF_FieldRedistE  000000010EAB6722  _MAIN__                    81  ESMF_FieldRedistEx.F90
ESMF_FieldRedistE  000000010EAB62FE  Unknown               Unknown  Unknown
