forrtl: severe (174): SIGSEGV, segmentation fault occurred
Image              PC                Routine            Line        Source             
ESMF_TraceEx       000000010D862CF4  Unknown               Unknown  Unknown
libsystem_platfor  00007FFF6A61FB5D  Unknown               Unknown  Unknown
libmpi.40.dylib    0000000111F6B2A1  Unknown               Unknown  Unknown
libesmf.dylib      000000010E681550  Unknown               Unknown  Unknown
libesmf.dylib      000000010E660B11  Unknown               Unknown  Unknown
libesmf.dylib      000000010E6ABD24  Unknown               Unknown  Unknown
libesmf.dylib      000000010F86551C  Unknown               Unknown  Unknown
libesmf.dylib      000000010F46AA5E  Unknown               Unknown  Unknown
libesmf.dylib      000000010F46A1CF  Unknown               Unknown  Unknown
ESMF_TraceEx       000000010D83C9D4  _MAIN__                   132  ESMF_TraceEx.F90
ESMF_TraceEx       000000010D83C51E  Unknown               Unknown  Unknown
forrtl: severe (174): SIGSEGV, segmentation fault occurred
Image              PC                Routine            Line        Source             
ESMF_TraceEx       0000000107BE2CF4  Unknown               Unknown  Unknown
libsystem_platfor  00007FFF6A61FB5D  Unknown               Unknown  Unknown
libmpi.40.dylib    000000010C2F92A1  Unknown               Unknown  Unknown
libesmf.dylib      0000000108A06550  Unknown               Unknown  Unknown
libesmf.dylib      00000001089E5B11  Unknown               Unknown  Unknown
libesmf.dylib      0000000108A30D24  Unknown               Unknown  Unknown
libesmf.dylib      0000000109BEA51C  Unknown               Unknown  Unknown
libesmf.dylib      00000001097EFA5E  Unknown               Unknown  Unknown
libesmf.dylib      00000001097EF1CF  Unknown               Unknown  Unknown
ESMF_TraceEx       0000000107BBC9D4  _MAIN__                   132  ESMF_TraceEx.F90
ESMF_TraceEx       0000000107BBC51E  Unknown               Unknown  Unknown
forrtl: severe (174): SIGSEGV, segmentation fault occurred
Image              PC                Routine            Line        Source             
ESMF_TraceEx       00000001003D8CF4  Unknown               Unknown  Unknown
libsystem_platfor  00007FFF6A61FB5D  Unknown               Unknown  Unknown
libmpi.40.dylib    00000001007C42A1  Unknown               Unknown  Unknown
libesmf.dylib      0000000103499550  Unknown               Unknown  Unknown
libesmf.dylib      0000000103478B11  Unknown               Unknown  Unknown
libesmf.dylib      00000001034C3D24  Unknown               Unknown  Unknown
libesmf.dylib      000000010467D51C  Unknown               Unknown  Unknown
libesmf.dylib      0000000104282A5E  Unknown               Unknown  Unknown
libesmf.dylib      00000001042821CF  Unknown               Unknown  Unknown
ESMF_TraceEx       00000001003B29D4  _MAIN__                   132  ESMF_TraceEx.F90
ESMF_TraceEx       00000001003B251E  Unknown               Unknown  Unknown
forrtl: severe (174): SIGSEGV, segmentation fault occurred
Image              PC                Routine            Line        Source             
ESMF_TraceEx       0000000102250CF4  Unknown               Unknown  Unknown
libsystem_platfor  00007FFF6A61FB5D  Unknown               Unknown  Unknown
libmpi.40.dylib    000000010695D2A1  Unknown               Unknown  Unknown
libesmf.dylib      000000010306F550  Unknown               Unknown  Unknown
libesmf.dylib      000000010304EB11  Unknown               Unknown  Unknown
libesmf.dylib      0000000103099D24  Unknown               Unknown  Unknown
libesmf.dylib      000000010425351C  Unknown               Unknown  Unknown
libesmf.dylib      0000000103E58A5E  Unknown               Unknown  Unknown
libesmf.dylib      0000000103E581CF  Unknown               Unknown  Unknown
ESMF_TraceEx       000000010222A9D4  _MAIN__                   132  ESMF_TraceEx.F90
ESMF_TraceEx       000000010222A51E  Unknown               Unknown  Unknown
