forrtl: severe (174): SIGSEGV, segmentation fault occurred
Image              PC                Routine            Line        Source             
ESMF_RHandleBitFo  000000010B91BBD4  Unknown               Unknown  Unknown
libsystem_platfor  00007FFF6A61FB5D  Unknown               Unknown  Unknown
libmpi.40.dylib    00000001100372A1  Unknown               Unknown  Unknown
libesmf.dylib      000000010C74F550  Unknown               Unknown  Unknown
libesmf.dylib      000000010C72EB11  Unknown               Unknown  Unknown
libesmf.dylib      000000010C779D24  Unknown               Unknown  Unknown
libesmf.dylib      000000010D93351C  Unknown               Unknown  Unknown
libesmf.dylib      000000010D538A5E  Unknown               Unknown  Unknown
libesmf.dylib      000000010D5381CF  Unknown               Unknown  Unknown
ESMF_RHandleBitFo  000000010B8D9937  _MAIN__                    60  ESMF_RHandleBitForBitEx.F90
ESMF_RHandleBitFo  000000010B8D96AE  Unknown               Unknown  Unknown
forrtl: severe (174): SIGSEGV, segmentation fault occurred
Image              PC                Routine            Line        Source             
ESMF_RHandleBitFo  000000010EC89BD4  Unknown               Unknown  Unknown
libsystem_platfor  00007FFF6A61FB5D  Unknown               Unknown  Unknown
libmpi.40.dylib    00000001133B12A1  Unknown               Unknown  Unknown
libesmf.dylib      000000010FABE550  Unknown               Unknown  Unknown
libesmf.dylib      000000010FA9DB11  Unknown               Unknown  Unknown
libesmf.dylib      000000010FAE8D24  Unknown               Unknown  Unknown
libesmf.dylib      0000000110CA251C  Unknown               Unknown  Unknown
libesmf.dylib      00000001108A7A5E  Unknown               Unknown  Unknown
libesmf.dylib      00000001108A71CF  Unknown               Unknown  Unknown
ESMF_RHandleBitFo  000000010EC47937  _MAIN__                    60  ESMF_RHandleBitForBitEx.F90
ESMF_RHandleBitFo  000000010EC476AE  Unknown               Unknown  Unknown
forrtl: severe (174): SIGSEGV, segmentation fault occurred
Image              PC                Routine            Line        Source             
ESMF_RHandleBitFo  000000010AD5CBD4  Unknown               Unknown  Unknown
libsystem_platfor  00007FFF6A61FB5D  Unknown               Unknown  Unknown
libmpi.40.dylib    000000010F47D2A1  Unknown               Unknown  Unknown
libesmf.dylib      000000010BB8F550  Unknown               Unknown  Unknown
libesmf.dylib      000000010BB6EB11  Unknown               Unknown  Unknown
libesmf.dylib      000000010BBB9D24  Unknown               Unknown  Unknown
libesmf.dylib      000000010CD7351C  Unknown               Unknown  Unknown
libesmf.dylib      000000010C978A5E  Unknown               Unknown  Unknown
libesmf.dylib      000000010C9781CF  Unknown               Unknown  Unknown
ESMF_RHandleBitFo  000000010AD1A937  _MAIN__                    60  ESMF_RHandleBitForBitEx.F90
ESMF_RHandleBitFo  000000010AD1A6AE  Unknown               Unknown  Unknown
forrtl: severe (174): SIGSEGV, segmentation fault occurred
Image              PC                Routine            Line        Source             
ESMF_RHandleBitFo  0000000102943BD4  Unknown               Unknown  Unknown
libsystem_platfor  00007FFF6A61FB5D  Unknown               Unknown  Unknown
libmpi.40.dylib    0000000102D402A1  Unknown               Unknown  Unknown
libesmf.dylib      000000010572F550  Unknown               Unknown  Unknown
libesmf.dylib      000000010570EB11  Unknown               Unknown  Unknown
libesmf.dylib      0000000105759D24  Unknown               Unknown  Unknown
libesmf.dylib      000000010691351C  Unknown               Unknown  Unknown
libesmf.dylib      0000000106518A5E  Unknown               Unknown  Unknown
libesmf.dylib      00000001065181CF  Unknown               Unknown  Unknown
ESMF_RHandleBitFo  0000000102901937  _MAIN__                    60  ESMF_RHandleBitForBitEx.F90
ESMF_RHandleBitFo  00000001029016AE  Unknown               Unknown  Unknown
