forrtl: severe (174): SIGSEGV, segmentation fault occurred
Image              PC                Routine            Line        Source             
ESMF_ArrayFarrayH  000000010D97AE34  Unknown               Unknown  Unknown
libsystem_platfor  00007FFF6A61FB5D  Unknown               Unknown  Unknown
libmpi.40.dylib    000000010DD652A1  Unknown               Unknown  Unknown
libesmf.dylib      0000000111EA5550  Unknown               Unknown  Unknown
libesmf.dylib      0000000111E84B11  Unknown               Unknown  Unknown
libesmf.dylib      0000000111ECFD24  Unknown               Unknown  Unknown
libesmf.dylib      000000011308951C  Unknown               Unknown  Unknown
libesmf.dylib      0000000112C8EA5E  Unknown               Unknown  Unknown
libesmf.dylib      0000000112C8E1CF  Unknown               Unknown  Unknown
ESMF_ArrayFarrayH  000000010D95429C  _MAIN__                    73  ESMF_ArrayFarrayHaloEx.F90
ESMF_ArrayFarrayH  000000010D95404E  Unknown               Unknown  Unknown
forrtl: severe (174): SIGSEGV, segmentation fault occurred
Image              PC                Routine            Line        Source             
ESMF_ArrayFarrayH  000000010E2C6E34  Unknown               Unknown  Unknown
libsystem_platfor  00007FFF6A61FB5D  Unknown               Unknown  Unknown
libmpi.40.dylib    00000001129D22A1  Unknown               Unknown  Unknown
libesmf.dylib      000000010F0E6550  Unknown               Unknown  Unknown
libesmf.dylib      000000010F0C5B11  Unknown               Unknown  Unknown
libesmf.dylib      000000010F110D24  Unknown               Unknown  Unknown
libesmf.dylib      00000001102CA51C  Unknown               Unknown  Unknown
libesmf.dylib      000000010FECFA5E  Unknown               Unknown  Unknown
libesmf.dylib      000000010FECF1CF  Unknown               Unknown  Unknown
ESMF_ArrayFarrayH  000000010E2A029C  _MAIN__                    73  ESMF_ArrayFarrayHaloEx.F90
ESMF_ArrayFarrayH  000000010E2A004E  Unknown               Unknown  Unknown
forrtl: severe (174): SIGSEGV, segmentation fault occurred
Image              PC                Routine            Line        Source             
ESMF_ArrayFarrayH  000000010DF19E34  Unknown               Unknown  Unknown
libsystem_platfor  00007FFF6A61FB5D  Unknown               Unknown  Unknown
libmpi.40.dylib    00000001126212A1  Unknown               Unknown  Unknown
libesmf.dylib      000000010ED38550  Unknown               Unknown  Unknown
libesmf.dylib      000000010ED17B11  Unknown               Unknown  Unknown
libesmf.dylib      000000010ED62D24  Unknown               Unknown  Unknown
libesmf.dylib      000000010FF1C51C  Unknown               Unknown  Unknown
libesmf.dylib      000000010FB21A5E  Unknown               Unknown  Unknown
libesmf.dylib      000000010FB211CF  Unknown               Unknown  Unknown
ESMF_ArrayFarrayH  000000010DEF329C  _MAIN__                    73  ESMF_ArrayFarrayHaloEx.F90
ESMF_ArrayFarrayH  000000010DEF304E  Unknown               Unknown  Unknown
forrtl: severe (174): SIGSEGV, segmentation fault occurred
Image              PC                Routine            Line        Source             
ESMF_ArrayFarrayH  000000010603FE34  Unknown               Unknown  Unknown
libsystem_platfor  00007FFF6A61FB5D  Unknown               Unknown  Unknown
libmpi.40.dylib    000000010642A2A1  Unknown               Unknown  Unknown
libesmf.dylib      000000010AC6C550  Unknown               Unknown  Unknown
libesmf.dylib      000000010AC4BB11  Unknown               Unknown  Unknown
libesmf.dylib      000000010AC96D24  Unknown               Unknown  Unknown
libesmf.dylib      000000010BE5051C  Unknown               Unknown  Unknown
libesmf.dylib      000000010BA55A5E  Unknown               Unknown  Unknown
libesmf.dylib      000000010BA551CF  Unknown               Unknown  Unknown
ESMF_ArrayFarrayH  000000010601929C  _MAIN__                    73  ESMF_ArrayFarrayHaloEx.F90
ESMF_ArrayFarrayH  000000010601904E  Unknown               Unknown  Unknown
