forrtl: severe (174): SIGSEGV, segmentation fault occurred
Image              PC                Routine            Line        Source             
ESMF_ArrayBundleH  000000010BD36DB4  Unknown               Unknown  Unknown
libsystem_platfor  00007FFF6A61FB5D  Unknown               Unknown  Unknown
libmpi.40.dylib    000000011044E2A1  Unknown               Unknown  Unknown
libesmf.dylib      000000010CB560F8  Unknown               Unknown  Unknown
libesmf.dylib      000000010CB356B9  Unknown               Unknown  Unknown
libesmf.dylib      000000010CB808CC  Unknown               Unknown  Unknown
libesmf.dylib      000000010DD4B3DC  Unknown               Unknown  Unknown
libesmf.dylib      000000010D95091E  Unknown               Unknown  Unknown
libesmf.dylib      000000010D95008F  Unknown               Unknown  Unknown
ESMF_ArrayBundleH  000000010BD0F674  _MAIN__                    55  ESMF_ArrayBundleHaloEx.F90
ESMF_ArrayBundleH  000000010BD0F33E  Unknown               Unknown  Unknown
forrtl: severe (174): SIGSEGV, segmentation fault occurred
Image              PC                Routine            Line        Source             
ESMF_ArrayBundleH  0000000105DE7DB4  Unknown               Unknown  Unknown
libsystem_platfor  00007FFF6A61FB5D  Unknown               Unknown  Unknown
libmpi.40.dylib    00000001061D22A1  Unknown               Unknown  Unknown
libesmf.dylib      00000001076850F8  Unknown               Unknown  Unknown
libesmf.dylib      00000001076646B9  Unknown               Unknown  Unknown
libesmf.dylib      00000001076AF8CC  Unknown               Unknown  Unknown
libesmf.dylib      000000010887A3DC  Unknown               Unknown  Unknown
libesmf.dylib      000000010847F91E  Unknown               Unknown  Unknown
libesmf.dylib      000000010847F08F  Unknown               Unknown  Unknown
ESMF_ArrayBundleH  0000000105DC0674  _MAIN__                    55  ESMF_ArrayBundleHaloEx.F90
ESMF_ArrayBundleH  0000000105DC033E  Unknown               Unknown  Unknown
forrtl: severe (174): SIGSEGV, segmentation fault occurred
Image              PC                Routine            Line        Source             
ESMF_ArrayBundleH  000000010E7C8DB4  Unknown               Unknown  Unknown
libsystem_platfor  00007FFF6A61FB5D  Unknown               Unknown  Unknown
libmpi.40.dylib    0000000112EE02A1  Unknown               Unknown  Unknown
libesmf.dylib      000000010F5E50F8  Unknown               Unknown  Unknown
libesmf.dylib      000000010F5C46B9  Unknown               Unknown  Unknown
libesmf.dylib      000000010F60F8CC  Unknown               Unknown  Unknown
libesmf.dylib      00000001107DA3DC  Unknown               Unknown  Unknown
libesmf.dylib      00000001103DF91E  Unknown               Unknown  Unknown
libesmf.dylib      00000001103DF08F  Unknown               Unknown  Unknown
ESMF_ArrayBundleH  000000010E7A1674  _MAIN__                    55  ESMF_ArrayBundleHaloEx.F90
ESMF_ArrayBundleH  000000010E7A133E  Unknown               Unknown  Unknown
forrtl: severe (174): SIGSEGV, segmentation fault occurred
Image              PC                Routine            Line        Source             
ESMF_ArrayBundleH  000000010F533DB4  Unknown               Unknown  Unknown
libsystem_platfor  00007FFF6A61FB5D  Unknown               Unknown  Unknown
libmpi.40.dylib    000000010F91E2A1  Unknown               Unknown  Unknown
libesmf.dylib      0000000113C610F8  Unknown               Unknown  Unknown
libesmf.dylib      0000000113C406B9  Unknown               Unknown  Unknown
libesmf.dylib      0000000113C8B8CC  Unknown               Unknown  Unknown
libesmf.dylib      0000000114E563DC  Unknown               Unknown  Unknown
libesmf.dylib      0000000114A5B91E  Unknown               Unknown  Unknown
libesmf.dylib      0000000114A5B08F  Unknown               Unknown  Unknown
ESMF_ArrayBundleH  000000010F50C674  _MAIN__                    55  ESMF_ArrayBundleHaloEx.F90
ESMF_ArrayBundleH  000000010F50C33E  Unknown               Unknown  Unknown
