forrtl: severe (174): SIGSEGV, segmentation fault occurred
Image              PC                Routine            Line        Source             
ESMF_VMGetMPIComm  000000010851AFB4  Unknown               Unknown  Unknown
libsystem_platfor  00007FFF7C190B5D  Unknown               Unknown  Unknown
libmpi.40.dylib    00000001089052A1  Unknown               Unknown  Unknown
libesmf.dylib      000000010C890198  Unknown               Unknown  Unknown
libesmf.dylib      000000010C86F851  Unknown               Unknown  Unknown
libesmf.dylib      000000010C8BA1B4  Unknown               Unknown  Unknown
libesmf.dylib      000000010DA7518C  Unknown               Unknown  Unknown
libesmf.dylib      000000010D67A6CE  Unknown               Unknown  Unknown
libesmf.dylib      000000010D679E3F  Unknown               Unknown  Unknown
ESMF_VMGetMPIComm  00000001084F526F  _MAIN__                    74  ESMF_VMGetMPICommunicatorEx.F90
ESMF_VMGetMPIComm  00000001084F507E  Unknown               Unknown  Unknown
forrtl: severe (174): SIGSEGV, segmentation fault occurred
Image              PC                Routine            Line        Source             
ESMF_VMGetMPIComm  000000010D10EFB4  Unknown               Unknown  Unknown
libsystem_platfor  00007FFF7C190B5D  Unknown               Unknown  Unknown
libmpi.40.dylib    000000010D4F92A1  Unknown               Unknown  Unknown
libesmf.dylib      000000010EA5B198  Unknown               Unknown  Unknown
libesmf.dylib      000000010EA3A851  Unknown               Unknown  Unknown
libesmf.dylib      000000010EA851B4  Unknown               Unknown  Unknown
libesmf.dylib      000000010FC4018C  Unknown               Unknown  Unknown
libesmf.dylib      000000010F8456CE  Unknown               Unknown  Unknown
libesmf.dylib      000000010F844E3F  Unknown               Unknown  Unknown
ESMF_VMGetMPIComm  000000010D0E926F  _MAIN__                    74  ESMF_VMGetMPICommunicatorEx.F90
ESMF_VMGetMPIComm  000000010D0E907E  Unknown               Unknown  Unknown
forrtl: severe (174): SIGSEGV, segmentation fault occurred
Image              PC                Routine            Line        Source             
ESMF_VMGetMPIComm  000000010FF4BFB4  Unknown               Unknown  Unknown
libsystem_platfor  00007FFF7C190B5D  Unknown               Unknown  Unknown
libmpi.40.dylib    00000001156072A1  Unknown               Unknown  Unknown
libesmf.dylib      0000000111011198  Unknown               Unknown  Unknown
libesmf.dylib      0000000110FF0851  Unknown               Unknown  Unknown
libesmf.dylib      000000011103B1B4  Unknown               Unknown  Unknown
libesmf.dylib      00000001121F618C  Unknown               Unknown  Unknown
libesmf.dylib      0000000111DFB6CE  Unknown               Unknown  Unknown
libesmf.dylib      0000000111DFAE3F  Unknown               Unknown  Unknown
ESMF_VMGetMPIComm  000000010FF2626F  _MAIN__                    74  ESMF_VMGetMPICommunicatorEx.F90
ESMF_VMGetMPIComm  000000010FF2607E  Unknown               Unknown  Unknown
forrtl: severe (174): SIGSEGV, segmentation fault occurred
Image              PC                Routine            Line        Source             
ESMF_VMGetMPIComm  000000010476BFB4  Unknown               Unknown  Unknown
libsystem_platfor  00007FFF7C190B5D  Unknown               Unknown  Unknown
libmpi.40.dylib    0000000104B562A1  Unknown               Unknown  Unknown
libesmf.dylib      000000010A2F7198  Unknown               Unknown  Unknown
libesmf.dylib      000000010A2D6851  Unknown               Unknown  Unknown
libesmf.dylib      000000010A3211B4  Unknown               Unknown  Unknown
libesmf.dylib      000000010B4DC18C  Unknown               Unknown  Unknown
libesmf.dylib      000000010B0E16CE  Unknown               Unknown  Unknown
libesmf.dylib      000000010B0E0E3F  Unknown               Unknown  Unknown
ESMF_VMGetMPIComm  000000010474626F  _MAIN__                    74  ESMF_VMGetMPICommunicatorEx.F90
ESMF_VMGetMPIComm  000000010474607E  Unknown               Unknown  Unknown
