forrtl: severe (174): SIGSEGV, segmentation fault occurred
Image              PC                Routine            Line        Source             
ESMF_ArraySparseM  000000010EC3D564  Unknown               Unknown  Unknown
libsystem_platfor  00007FFF6A61FB5D  Unknown               Unknown  Unknown
libmpi.40.dylib    000000010F02B2A1  Unknown               Unknown  Unknown
libesmf.dylib      00000001105F60F8  Unknown               Unknown  Unknown
libesmf.dylib      00000001105D56B9  Unknown               Unknown  Unknown
libesmf.dylib      00000001106208CC  Unknown               Unknown  Unknown
libesmf.dylib      00000001117EB3DC  Unknown               Unknown  Unknown
libesmf.dylib      00000001113F091E  Unknown               Unknown  Unknown
libesmf.dylib      00000001113F008F  Unknown               Unknown  Unknown
ESMF_ArraySparseM  000000010EC0BE69  _MAIN__                    54  ESMF_ArraySparseMatMulEx.F90
ESMF_ArraySparseM  000000010EC0BB9E  Unknown               Unknown  Unknown
forrtl: severe (174): SIGSEGV, segmentation fault occurred
Image              PC                Routine            Line        Source             
ESMF_ArraySparseM  000000010C0C0564  Unknown               Unknown  Unknown
libsystem_platfor  00007FFF6A61FB5D  Unknown               Unknown  Unknown
libmpi.40.dylib    00000001107DD2A1  Unknown               Unknown  Unknown
libesmf.dylib      000000010CEE30F8  Unknown               Unknown  Unknown
libesmf.dylib      000000010CEC26B9  Unknown               Unknown  Unknown
libesmf.dylib      000000010CF0D8CC  Unknown               Unknown  Unknown
libesmf.dylib      000000010E0D83DC  Unknown               Unknown  Unknown
libesmf.dylib      000000010DCDD91E  Unknown               Unknown  Unknown
libesmf.dylib      000000010DCDD08F  Unknown               Unknown  Unknown
ESMF_ArraySparseM  000000010C08EE69  _MAIN__                    54  ESMF_ArraySparseMatMulEx.F90
ESMF_ArraySparseM  000000010C08EB9E  Unknown               Unknown  Unknown
forrtl: severe (174): SIGSEGV, segmentation fault occurred
Image              PC                Routine            Line        Source             
ESMF_ArraySparseM  000000010CCB5564  Unknown               Unknown  Unknown
libsystem_platfor  00007FFF6A61FB5D  Unknown               Unknown  Unknown
libmpi.40.dylib    00000001113CF2A1  Unknown               Unknown  Unknown
libesmf.dylib      000000010DAD80F8  Unknown               Unknown  Unknown
libesmf.dylib      000000010DAB76B9  Unknown               Unknown  Unknown
libesmf.dylib      000000010DB028CC  Unknown               Unknown  Unknown
libesmf.dylib      000000010ECCD3DC  Unknown               Unknown  Unknown
libesmf.dylib      000000010E8D291E  Unknown               Unknown  Unknown
libesmf.dylib      000000010E8D208F  Unknown               Unknown  Unknown
ESMF_ArraySparseM  000000010CC83E69  _MAIN__                    54  ESMF_ArraySparseMatMulEx.F90
ESMF_ArraySparseM  000000010CC83B9E  Unknown               Unknown  Unknown
forrtl: severe (174): SIGSEGV, segmentation fault occurred
Image              PC                Routine            Line        Source             
ESMF_ArraySparseM  0000000105F17564  Unknown               Unknown  Unknown
libsystem_platfor  00007FFF6A61FB5D  Unknown               Unknown  Unknown
libmpi.40.dylib    000000010A6342A1  Unknown               Unknown  Unknown
libesmf.dylib      0000000106D370F8  Unknown               Unknown  Unknown
libesmf.dylib      0000000106D166B9  Unknown               Unknown  Unknown
libesmf.dylib      0000000106D618CC  Unknown               Unknown  Unknown
libesmf.dylib      0000000107F2C3DC  Unknown               Unknown  Unknown
libesmf.dylib      0000000107B3191E  Unknown               Unknown  Unknown
libesmf.dylib      0000000107B3108F  Unknown               Unknown  Unknown
ESMF_ArraySparseM  0000000105EE5E69  _MAIN__                    54  ESMF_ArraySparseMatMulEx.F90
ESMF_ArraySparseM  0000000105EE5B9E  Unknown               Unknown  Unknown
