forrtl: severe (174): SIGSEGV, segmentation fault occurred
Image              PC                Routine            Line        Source             
ESMF_RHandleDynam  000000010785E554  Unknown               Unknown  Unknown
libsystem_platfor  00007FFF6A61FB5D  Unknown               Unknown  Unknown
libmpi.40.dylib    000000010BF702A1  Unknown               Unknown  Unknown
libesmf.dylib      0000000108684550  Unknown               Unknown  Unknown
libesmf.dylib      0000000108663B11  Unknown               Unknown  Unknown
libesmf.dylib      00000001086AED24  Unknown               Unknown  Unknown
libesmf.dylib      000000010986851C  Unknown               Unknown  Unknown
libesmf.dylib      000000010946DA5E  Unknown               Unknown  Unknown
libesmf.dylib      000000010946D1CF  Unknown               Unknown  Unknown
ESMF_RHandleDynam  00000001078323FE  _MAIN__                   265  ESMF_RHandleDynamicMaskingEx.F90
ESMF_RHandleDynam  0000000107823C1E  Unknown               Unknown  Unknown
forrtl: severe (174): SIGSEGV, segmentation fault occurred
Image              PC                Routine            Line        Source             
ESMF_RHandleDynam  0000000107242554  Unknown               Unknown  Unknown
libsystem_platfor  00007FFF6A61FB5D  Unknown               Unknown  Unknown
libmpi.40.dylib    00000001076342A1  Unknown               Unknown  Unknown
libesmf.dylib      000000010AB3D550  Unknown               Unknown  Unknown
libesmf.dylib      000000010AB1CB11  Unknown               Unknown  Unknown
libesmf.dylib      000000010AB67D24  Unknown               Unknown  Unknown
libesmf.dylib      000000010BD2151C  Unknown               Unknown  Unknown
libesmf.dylib      000000010B926A5E  Unknown               Unknown  Unknown
libesmf.dylib      000000010B9261CF  Unknown               Unknown  Unknown
ESMF_RHandleDynam  00000001072163FE  _MAIN__                   265  ESMF_RHandleDynamicMaskingEx.F90
ESMF_RHandleDynam  0000000107207C1E  Unknown               Unknown  Unknown
forrtl: severe (174): SIGSEGV, segmentation fault occurred
Image              PC                Routine            Line        Source             
ESMF_RHandleDynam  0000000106064554  Unknown               Unknown  Unknown
libsystem_platfor  00007FFF6A61FB5D  Unknown               Unknown  Unknown
libmpi.40.dylib    00000001064562A1  Unknown               Unknown  Unknown
libesmf.dylib      00000001085A0550  Unknown               Unknown  Unknown
libesmf.dylib      000000010857FB11  Unknown               Unknown  Unknown
libesmf.dylib      00000001085CAD24  Unknown               Unknown  Unknown
libesmf.dylib      000000010978451C  Unknown               Unknown  Unknown
libesmf.dylib      0000000109389A5E  Unknown               Unknown  Unknown
libesmf.dylib      00000001093891CF  Unknown               Unknown  Unknown
ESMF_RHandleDynam  00000001060383FE  _MAIN__                   265  ESMF_RHandleDynamicMaskingEx.F90
ESMF_RHandleDynam  0000000106029C1E  Unknown               Unknown  Unknown
forrtl: severe (174): SIGSEGV, segmentation fault occurred
Image              PC                Routine            Line        Source             
ESMF_RHandleDynam  000000010BF83554  Unknown               Unknown  Unknown
libsystem_platfor  00007FFF6A61FB5D  Unknown               Unknown  Unknown
libmpi.40.dylib    00000001106932A1  Unknown               Unknown  Unknown
libesmf.dylib      000000010CDAB550  Unknown               Unknown  Unknown
libesmf.dylib      000000010CD8AB11  Unknown               Unknown  Unknown
libesmf.dylib      000000010CDD5D24  Unknown               Unknown  Unknown
libesmf.dylib      000000010DF8F51C  Unknown               Unknown  Unknown
libesmf.dylib      000000010DB94A5E  Unknown               Unknown  Unknown
libesmf.dylib      000000010DB941CF  Unknown               Unknown  Unknown
ESMF_RHandleDynam  000000010BF573FE  _MAIN__                   265  ESMF_RHandleDynamicMaskingEx.F90
ESMF_RHandleDynam  000000010BF48C1E  Unknown               Unknown  Unknown
