forrtl: severe (174): SIGSEGV, segmentation fault occurred
Image              PC                Routine            Line        Source             
ESMF_LogErrEx      000000010F68BED4  Unknown               Unknown  Unknown
libsystem_platfor  00007FFF6A61FB5D  Unknown               Unknown  Unknown
libmpi.40.dylib    0000000113D912A1  Unknown               Unknown  Unknown
libesmf.dylib      00000001104AD550  Unknown               Unknown  Unknown
libesmf.dylib      000000011048CB11  Unknown               Unknown  Unknown
libesmf.dylib      00000001104D7D24  Unknown               Unknown  Unknown
libesmf.dylib      000000011169151C  Unknown               Unknown  Unknown
libesmf.dylib      0000000111296A5E  Unknown               Unknown  Unknown
libesmf.dylib      00000001112961CF  Unknown               Unknown  Unknown
ESMF_LogErrEx      000000010F6657B9  _MAIN__                    76  ESMF_LogErrEx.F90
ESMF_LogErrEx      000000010F66555E  Unknown               Unknown  Unknown
forrtl: severe (174): SIGSEGV, segmentation fault occurred
Image              PC                Routine            Line        Source             
ESMF_LogErrEx      0000000105F61ED4  Unknown               Unknown  Unknown
libsystem_platfor  00007FFF6A61FB5D  Unknown               Unknown  Unknown
libmpi.40.dylib    000000010A6682A1  Unknown               Unknown  Unknown
libesmf.dylib      0000000106D7E550  Unknown               Unknown  Unknown
libesmf.dylib      0000000106D5DB11  Unknown               Unknown  Unknown
libesmf.dylib      0000000106DA8D24  Unknown               Unknown  Unknown
libesmf.dylib      0000000107F6251C  Unknown               Unknown  Unknown
libesmf.dylib      0000000107B67A5E  Unknown               Unknown  Unknown
libesmf.dylib      0000000107B671CF  Unknown               Unknown  Unknown
ESMF_LogErrEx      0000000105F3B7B9  _MAIN__                    76  ESMF_LogErrEx.F90
ESMF_LogErrEx      0000000105F3B55E  Unknown               Unknown  Unknown
forrtl: severe (174): SIGSEGV, segmentation fault occurred
Image              PC                Routine            Line        Source             
ESMF_LogErrEx      000000010D28FED4  Unknown               Unknown  Unknown
libsystem_platfor  00007FFF6A61FB5D  Unknown               Unknown  Unknown
libmpi.40.dylib    00000001119982A1  Unknown               Unknown  Unknown
libesmf.dylib      000000010E0B1550  Unknown               Unknown  Unknown
libesmf.dylib      000000010E090B11  Unknown               Unknown  Unknown
libesmf.dylib      000000010E0DBD24  Unknown               Unknown  Unknown
libesmf.dylib      000000010F29551C  Unknown               Unknown  Unknown
libesmf.dylib      000000010EE9AA5E  Unknown               Unknown  Unknown
libesmf.dylib      000000010EE9A1CF  Unknown               Unknown  Unknown
ESMF_LogErrEx      000000010D2697B9  _MAIN__                    76  ESMF_LogErrEx.F90
ESMF_LogErrEx      000000010D26955E  Unknown               Unknown  Unknown
forrtl: severe (174): SIGSEGV, segmentation fault occurred
Image              PC                Routine            Line        Source             
ESMF_LogErrEx      00000001071C3ED4  Unknown               Unknown  Unknown
libsystem_platfor  00007FFF6A61FB5D  Unknown               Unknown  Unknown
libmpi.40.dylib    000000010B8CC2A1  Unknown               Unknown  Unknown
libesmf.dylib      0000000107FE1550  Unknown               Unknown  Unknown
libesmf.dylib      0000000107FC0B11  Unknown               Unknown  Unknown
libesmf.dylib      000000010800BD24  Unknown               Unknown  Unknown
libesmf.dylib      00000001091C551C  Unknown               Unknown  Unknown
libesmf.dylib      0000000108DCAA5E  Unknown               Unknown  Unknown
libesmf.dylib      0000000108DCA1CF  Unknown               Unknown  Unknown
ESMF_LogErrEx      000000010719D7B9  _MAIN__                    76  ESMF_LogErrEx.F90
ESMF_LogErrEx      000000010719D55E  Unknown               Unknown  Unknown
