forrtl: severe (174): SIGSEGV, segmentation fault occurred
Image              PC                Routine            Line        Source             
ESMF_FieldBundleR  0000000100D0EB34  Unknown               Unknown  Unknown
libsystem_platfor  00007FFF6A61FB5D  Unknown               Unknown  Unknown
libmpi.40.dylib    00000001054172A1  Unknown               Unknown  Unknown
libesmf.dylib      0000000101B2D550  Unknown               Unknown  Unknown
libesmf.dylib      0000000101B0CB11  Unknown               Unknown  Unknown
libesmf.dylib      0000000101B57D24  Unknown               Unknown  Unknown
libesmf.dylib      0000000102D1151C  Unknown               Unknown  Unknown
libesmf.dylib      0000000102916A5E  Unknown               Unknown  Unknown
libesmf.dylib      00000001029161CF  Unknown               Unknown  Unknown
ESMF_FieldBundleR  0000000100CE43CF  _MAIN__                    70  ESMF_FieldBundleRedistEx.F90
ESMF_FieldBundleR  0000000100CE3F9E  Unknown               Unknown  Unknown
forrtl: severe (174): SIGSEGV, segmentation fault occurred
Image              PC                Routine            Line        Source             
ESMF_FieldBundleR  0000000103103B34  Unknown               Unknown  Unknown
libsystem_platfor  00007FFF6A61FB5D  Unknown               Unknown  Unknown
libmpi.40.dylib    00000001034F02A1  Unknown               Unknown  Unknown
libesmf.dylib      00000001058D1550  Unknown               Unknown  Unknown
libesmf.dylib      00000001058B0B11  Unknown               Unknown  Unknown
libesmf.dylib      00000001058FBD24  Unknown               Unknown  Unknown
libesmf.dylib      0000000106AB551C  Unknown               Unknown  Unknown
libesmf.dylib      00000001066BAA5E  Unknown               Unknown  Unknown
libesmf.dylib      00000001066BA1CF  Unknown               Unknown  Unknown
ESMF_FieldBundleR  00000001030D93CF  _MAIN__                    70  ESMF_FieldBundleRedistEx.F90
ESMF_FieldBundleR  00000001030D8F9E  Unknown               Unknown  Unknown
forrtl: severe (174): SIGSEGV, segmentation fault occurred
Image              PC                Routine            Line        Source             
ESMF_FieldBundleR  0000000102581B34  Unknown               Unknown  Unknown
libsystem_platfor  00007FFF6A61FB5D  Unknown               Unknown  Unknown
libmpi.40.dylib    000000010296E2A1  Unknown               Unknown  Unknown
libesmf.dylib      0000000107484550  Unknown               Unknown  Unknown
libesmf.dylib      0000000107463B11  Unknown               Unknown  Unknown
libesmf.dylib      00000001074AED24  Unknown               Unknown  Unknown
libesmf.dylib      000000010866851C  Unknown               Unknown  Unknown
libesmf.dylib      000000010826DA5E  Unknown               Unknown  Unknown
libesmf.dylib      000000010826D1CF  Unknown               Unknown  Unknown
ESMF_FieldBundleR  00000001025573CF  _MAIN__                    70  ESMF_FieldBundleRedistEx.F90
ESMF_FieldBundleR  0000000102556F9E  Unknown               Unknown  Unknown
forrtl: severe (174): SIGSEGV, segmentation fault occurred
Image              PC                Routine            Line        Source             
ESMF_FieldBundleR  00000001089C5B34  Unknown               Unknown  Unknown
libsystem_platfor  00007FFF6A61FB5D  Unknown               Unknown  Unknown
libmpi.40.dylib    000000010D0D52A1  Unknown               Unknown  Unknown
libesmf.dylib      00000001097E3550  Unknown               Unknown  Unknown
libesmf.dylib      00000001097C2B11  Unknown               Unknown  Unknown
libesmf.dylib      000000010980DD24  Unknown               Unknown  Unknown
libesmf.dylib      000000010A9C751C  Unknown               Unknown  Unknown
libesmf.dylib      000000010A5CCA5E  Unknown               Unknown  Unknown
libesmf.dylib      000000010A5CC1CF  Unknown               Unknown  Unknown
ESMF_FieldBundleR  000000010899B3CF  _MAIN__                    70  ESMF_FieldBundleRedistEx.F90
ESMF_FieldBundleR  000000010899AF9E  Unknown               Unknown  Unknown
