forrtl: severe (174): SIGSEGV, segmentation fault occurred
Image              PC                Routine            Line        Source             
ESMF_InfoTutorial  000000010B181664  Unknown               Unknown  Unknown
libsystem_platfor  00007FFF7C190B5D  Unknown               Unknown  Unknown
libmpi.40.dylib    000000010B56F2A1  Unknown               Unknown  Unknown
libesmf.dylib      000000010D02A550  Unknown               Unknown  Unknown
libesmf.dylib      000000010D009B11  Unknown               Unknown  Unknown
libesmf.dylib      000000010D054D24  Unknown               Unknown  Unknown
libesmf.dylib      000000010E20E51C  Unknown               Unknown  Unknown
libesmf.dylib      000000010DE13A5E  Unknown               Unknown  Unknown
libesmf.dylib      000000010DE131CF  Unknown               Unknown  Unknown
ESMF_InfoTutorial  000000010B159F3F  _MAIN__                    79  ESMF_InfoTutorialEx.F90
ESMF_InfoTutorial  000000010B159CEE  Unknown               Unknown  Unknown
forrtl: severe (174): SIGSEGV, segmentation fault occurred
Image              PC                Routine            Line        Source             
ESMF_InfoTutorial  000000010BFDD664  Unknown               Unknown  Unknown
libsystem_platfor  00007FFF7C190B5D  Unknown               Unknown  Unknown
libmpi.40.dylib    00000001106E72A1  Unknown               Unknown  Unknown
libesmf.dylib      000000010CE01550  Unknown               Unknown  Unknown
libesmf.dylib      000000010CDE0B11  Unknown               Unknown  Unknown
libesmf.dylib      000000010CE2BD24  Unknown               Unknown  Unknown
libesmf.dylib      000000010DFE551C  Unknown               Unknown  Unknown
libesmf.dylib      000000010DBEAA5E  Unknown               Unknown  Unknown
libesmf.dylib      000000010DBEA1CF  Unknown               Unknown  Unknown
ESMF_InfoTutorial  000000010BFB5F3F  _MAIN__                    79  ESMF_InfoTutorialEx.F90
ESMF_InfoTutorial  000000010BFB5CEE  Unknown               Unknown  Unknown
forrtl: severe (174): SIGSEGV, segmentation fault occurred
Image              PC                Routine            Line        Source             
ESMF_InfoTutorial  0000000102728664  Unknown               Unknown  Unknown
libsystem_platfor  00007FFF7C190B5D  Unknown               Unknown  Unknown
libmpi.40.dylib    0000000106E372A1  Unknown               Unknown  Unknown
libesmf.dylib      000000010354E550  Unknown               Unknown  Unknown
libesmf.dylib      000000010352DB11  Unknown               Unknown  Unknown
libesmf.dylib      0000000103578D24  Unknown               Unknown  Unknown
libesmf.dylib      000000010473251C  Unknown               Unknown  Unknown
libesmf.dylib      0000000104337A5E  Unknown               Unknown  Unknown
libesmf.dylib      00000001043371CF  Unknown               Unknown  Unknown
ESMF_InfoTutorial  0000000102700F3F  _MAIN__                    79  ESMF_InfoTutorialEx.F90
ESMF_InfoTutorial  0000000102700CEE  Unknown               Unknown  Unknown
forrtl: severe (174): SIGSEGV, segmentation fault occurred
Image              PC                Routine            Line        Source             
ESMF_InfoTutorial  000000010393D664  Unknown               Unknown  Unknown
libsystem_platfor  00007FFF7C190B5D  Unknown               Unknown  Unknown
libmpi.40.dylib    00000001080492A1  Unknown               Unknown  Unknown
libesmf.dylib      0000000104761550  Unknown               Unknown  Unknown
libesmf.dylib      0000000104740B11  Unknown               Unknown  Unknown
libesmf.dylib      000000010478BD24  Unknown               Unknown  Unknown
libesmf.dylib      000000010594551C  Unknown               Unknown  Unknown
libesmf.dylib      000000010554AA5E  Unknown               Unknown  Unknown
libesmf.dylib      000000010554A1CF  Unknown               Unknown  Unknown
ESMF_InfoTutorial  0000000103915F3F  _MAIN__                    79  ESMF_InfoTutorialEx.F90
ESMF_InfoTutorial  0000000103915CEE  Unknown               Unknown  Unknown
