forrtl: severe (174): SIGSEGV, segmentation fault occurred
Image              PC                Routine            Line        Source             
ESMF_ArrayScatter  0000000102944D14  Unknown               Unknown  Unknown
libsystem_platfor  00007FFF6A61FB5D  Unknown               Unknown  Unknown
libmpi.40.dylib    0000000102D312A1  Unknown               Unknown  Unknown
libesmf.dylib      000000010545D550  Unknown               Unknown  Unknown
libesmf.dylib      000000010543CB11  Unknown               Unknown  Unknown
libesmf.dylib      0000000105487D24  Unknown               Unknown  Unknown
libesmf.dylib      000000010664151C  Unknown               Unknown  Unknown
libesmf.dylib      0000000106246A5E  Unknown               Unknown  Unknown
libesmf.dylib      00000001062461CF  Unknown               Unknown  Unknown
ESMF_ArrayScatter  000000010291A37B  _MAIN__                    47  ESMF_ArrayScatterGatherEx.F90
ESMF_ArrayScatter  000000010291A0EE  Unknown               Unknown  Unknown
forrtl: severe (174): SIGSEGV, segmentation fault occurred
Image              PC                Routine            Line        Source             
ESMF_ArrayScatter  000000010DEBFD14  Unknown               Unknown  Unknown
libsystem_platfor  00007FFF6A61FB5D  Unknown               Unknown  Unknown
libmpi.40.dylib    00000001125C92A1  Unknown               Unknown  Unknown
libesmf.dylib      000000010ECE1550  Unknown               Unknown  Unknown
libesmf.dylib      000000010ECC0B11  Unknown               Unknown  Unknown
libesmf.dylib      000000010ED0BD24  Unknown               Unknown  Unknown
libesmf.dylib      000000010FEC551C  Unknown               Unknown  Unknown
libesmf.dylib      000000010FACAA5E  Unknown               Unknown  Unknown
libesmf.dylib      000000010FACA1CF  Unknown               Unknown  Unknown
ESMF_ArrayScatter  000000010DE9537B  _MAIN__                    47  ESMF_ArrayScatterGatherEx.F90
ESMF_ArrayScatter  000000010DE950EE  Unknown               Unknown  Unknown
forrtl: severe (174): SIGSEGV, segmentation fault occurred
Image              PC                Routine            Line        Source             
ESMF_ArrayScatter  0000000106527D14  Unknown               Unknown  Unknown
libsystem_platfor  00007FFF6A61FB5D  Unknown               Unknown  Unknown
libmpi.40.dylib    000000010AC302A1  Unknown               Unknown  Unknown
libesmf.dylib      0000000107346550  Unknown               Unknown  Unknown
libesmf.dylib      0000000107325B11  Unknown               Unknown  Unknown
libesmf.dylib      0000000107370D24  Unknown               Unknown  Unknown
libesmf.dylib      000000010852A51C  Unknown               Unknown  Unknown
libesmf.dylib      000000010812FA5E  Unknown               Unknown  Unknown
libesmf.dylib      000000010812F1CF  Unknown               Unknown  Unknown
ESMF_ArrayScatter  00000001064FD37B  _MAIN__                    47  ESMF_ArrayScatterGatherEx.F90
ESMF_ArrayScatter  00000001064FD0EE  Unknown               Unknown  Unknown
forrtl: severe (174): SIGSEGV, segmentation fault occurred
Image              PC                Routine            Line        Source             
ESMF_ArrayScatter  000000010EA60D14  Unknown               Unknown  Unknown
libsystem_platfor  00007FFF6A61FB5D  Unknown               Unknown  Unknown
libmpi.40.dylib    00000001131632A1  Unknown               Unknown  Unknown
libesmf.dylib      000000010F87F550  Unknown               Unknown  Unknown
libesmf.dylib      000000010F85EB11  Unknown               Unknown  Unknown
libesmf.dylib      000000010F8A9D24  Unknown               Unknown  Unknown
libesmf.dylib      0000000110A6351C  Unknown               Unknown  Unknown
libesmf.dylib      0000000110668A5E  Unknown               Unknown  Unknown
libesmf.dylib      00000001106681CF  Unknown               Unknown  Unknown
ESMF_ArrayScatter  000000010EA3637B  _MAIN__                    47  ESMF_ArrayScatterGatherEx.F90
ESMF_ArrayScatter  000000010EA360EE  Unknown               Unknown  Unknown
