forrtl: severe (174): SIGSEGV, segmentation fault occurred
Image              PC                Routine            Line        Source             
ESMF_ArrayFarrayE  000000010BD2BF54  Unknown               Unknown  Unknown
libsystem_platfor  00007FFF6A61FB5D  Unknown               Unknown  Unknown
libmpi.40.dylib    00000001104442A1  Unknown               Unknown  Unknown
libesmf.dylib      000000010CB480F8  Unknown               Unknown  Unknown
libesmf.dylib      000000010CB276B9  Unknown               Unknown  Unknown
libesmf.dylib      000000010CB728CC  Unknown               Unknown  Unknown
libesmf.dylib      000000010DD3D3DC  Unknown               Unknown  Unknown
libesmf.dylib      000000010D94291E  Unknown               Unknown  Unknown
libesmf.dylib      000000010D94208F  Unknown               Unknown  Unknown
ESMF_ArrayFarrayE  000000010BD04145  _MAIN__                   129  ESMF_ArrayFarrayEx.F90
ESMF_ArrayFarrayE  000000010BD03EDE  Unknown               Unknown  Unknown
forrtl: severe (174): SIGSEGV, segmentation fault occurred
Image              PC                Routine            Line        Source             
ESMF_ArrayFarrayE  000000010F1EAF54  Unknown               Unknown  Unknown
libsystem_platfor  00007FFF6A61FB5D  Unknown               Unknown  Unknown
libmpi.40.dylib    00000001139082A1  Unknown               Unknown  Unknown
libesmf.dylib      000000011000B0F8  Unknown               Unknown  Unknown
libesmf.dylib      000000010FFEA6B9  Unknown               Unknown  Unknown
libesmf.dylib      00000001100358CC  Unknown               Unknown  Unknown
libesmf.dylib      00000001112003DC  Unknown               Unknown  Unknown
libesmf.dylib      0000000110E0591E  Unknown               Unknown  Unknown
libesmf.dylib      0000000110E0508F  Unknown               Unknown  Unknown
ESMF_ArrayFarrayE  000000010F1C3145  _MAIN__                   129  ESMF_ArrayFarrayEx.F90
ESMF_ArrayFarrayE  000000010F1C2EDE  Unknown               Unknown  Unknown
forrtl: severe (174): SIGSEGV, segmentation fault occurred
Image              PC                Routine            Line        Source             
ESMF_ArrayFarrayE  000000010EA68F54  Unknown               Unknown  Unknown
libsystem_platfor  00007FFF6A61FB5D  Unknown               Unknown  Unknown
libmpi.40.dylib    00000001131892A1  Unknown               Unknown  Unknown
libesmf.dylib      000000010F88C0F8  Unknown               Unknown  Unknown
libesmf.dylib      000000010F86B6B9  Unknown               Unknown  Unknown
libesmf.dylib      000000010F8B68CC  Unknown               Unknown  Unknown
libesmf.dylib      0000000110A813DC  Unknown               Unknown  Unknown
libesmf.dylib      000000011068691E  Unknown               Unknown  Unknown
libesmf.dylib      000000011068608F  Unknown               Unknown  Unknown
ESMF_ArrayFarrayE  000000010EA41145  _MAIN__                   129  ESMF_ArrayFarrayEx.F90
ESMF_ArrayFarrayE  000000010EA40EDE  Unknown               Unknown  Unknown
forrtl: severe (174): SIGSEGV, segmentation fault occurred
Image              PC                Routine            Line        Source             
ESMF_ArrayFarrayE  00000001014FDF54  Unknown               Unknown  Unknown
libsystem_platfor  00007FFF6A61FB5D  Unknown               Unknown  Unknown
libmpi.40.dylib    0000000105C132A1  Unknown               Unknown  Unknown
libesmf.dylib      00000001023200F8  Unknown               Unknown  Unknown
libesmf.dylib      00000001022FF6B9  Unknown               Unknown  Unknown
libesmf.dylib      000000010234A8CC  Unknown               Unknown  Unknown
libesmf.dylib      00000001035153DC  Unknown               Unknown  Unknown
libesmf.dylib      000000010311A91E  Unknown               Unknown  Unknown
libesmf.dylib      000000010311A08F  Unknown               Unknown  Unknown
ESMF_ArrayFarrayE  00000001014D6145  _MAIN__                   129  ESMF_ArrayFarrayEx.F90
ESMF_ArrayFarrayE  00000001014D5EDE  Unknown               Unknown  Unknown
