forrtl: severe (174): SIGSEGV, segmentation fault occurred
Image              PC                Routine            Line        Source             
ESMF_MeshEx        000000010D9B8514  Unknown               Unknown  Unknown
libsystem_platfor  00007FFF6A61FB5D  Unknown               Unknown  Unknown
libmpi.40.dylib    00000001120CE2A1  Unknown               Unknown  Unknown
libesmf.dylib      000000010E7DD550  Unknown               Unknown  Unknown
libesmf.dylib      000000010E7BCB11  Unknown               Unknown  Unknown
libesmf.dylib      000000010E807D24  Unknown               Unknown  Unknown
libesmf.dylib      000000010F9C151C  Unknown               Unknown  Unknown
libesmf.dylib      000000010F5C6A5E  Unknown               Unknown  Unknown
libesmf.dylib      000000010F5C61CF  Unknown               Unknown  Unknown
ESMF_MeshEx        000000010D96BA75  _MAIN__                    90  ESMF_MeshEx.F90
ESMF_MeshEx        000000010D96B74E  Unknown               Unknown  Unknown
forrtl: severe (174): SIGSEGV, segmentation fault occurred
Image              PC                Routine            Line        Source             
ESMF_MeshEx        00000001068B4514  Unknown               Unknown  Unknown
libsystem_platfor  00007FFF6A61FB5D  Unknown               Unknown  Unknown
libmpi.40.dylib    000000010AFC42A1  Unknown               Unknown  Unknown
libesmf.dylib      00000001076DB550  Unknown               Unknown  Unknown
libesmf.dylib      00000001076BAB11  Unknown               Unknown  Unknown
libesmf.dylib      0000000107705D24  Unknown               Unknown  Unknown
libesmf.dylib      00000001088BF51C  Unknown               Unknown  Unknown
libesmf.dylib      00000001084C4A5E  Unknown               Unknown  Unknown
libesmf.dylib      00000001084C41CF  Unknown               Unknown  Unknown
ESMF_MeshEx        0000000106867A75  _MAIN__                    90  ESMF_MeshEx.F90
ESMF_MeshEx        000000010686774E  Unknown               Unknown  Unknown
forrtl: severe (174): SIGSEGV, segmentation fault occurred
Image              PC                Routine            Line        Source             
ESMF_MeshEx        0000000104F43514  Unknown               Unknown  Unknown
libsystem_platfor  00007FFF6A61FB5D  Unknown               Unknown  Unknown
libmpi.40.dylib    000000010964D2A1  Unknown               Unknown  Unknown
libesmf.dylib      0000000105D65550  Unknown               Unknown  Unknown
libesmf.dylib      0000000105D44B11  Unknown               Unknown  Unknown
libesmf.dylib      0000000105D8FD24  Unknown               Unknown  Unknown
libesmf.dylib      0000000106F4951C  Unknown               Unknown  Unknown
libesmf.dylib      0000000106B4EA5E  Unknown               Unknown  Unknown
libesmf.dylib      0000000106B4E1CF  Unknown               Unknown  Unknown
ESMF_MeshEx        0000000104EF6A75  _MAIN__                    90  ESMF_MeshEx.F90
ESMF_MeshEx        0000000104EF674E  Unknown               Unknown  Unknown
forrtl: severe (174): SIGSEGV, segmentation fault occurred
Image              PC                Routine            Line        Source             
ESMF_MeshEx        000000010AAF9514  Unknown               Unknown  Unknown
libsystem_platfor  00007FFF6A61FB5D  Unknown               Unknown  Unknown
libmpi.40.dylib    000000010F2092A1  Unknown               Unknown  Unknown
libesmf.dylib      000000010B922550  Unknown               Unknown  Unknown
libesmf.dylib      000000010B901B11  Unknown               Unknown  Unknown
libesmf.dylib      000000010B94CD24  Unknown               Unknown  Unknown
libesmf.dylib      000000010CB0651C  Unknown               Unknown  Unknown
libesmf.dylib      000000010C70BA5E  Unknown               Unknown  Unknown
libesmf.dylib      000000010C70B1CF  Unknown               Unknown  Unknown
ESMF_MeshEx        000000010AAACA75  _MAIN__                    90  ESMF_MeshEx.F90
ESMF_MeshEx        000000010AAAC74E  Unknown               Unknown  Unknown
