forrtl: severe (174): SIGSEGV, segmentation fault occurred
Image              PC                Routine            Line        Source             
ESMF_VMNonBlockin  000000010A314C14  Unknown               Unknown  Unknown
libsystem_platfor  00007FFF7C190B5D  Unknown               Unknown  Unknown
libmpi.40.dylib    000000010A7002A1  Unknown               Unknown  Unknown
libesmf.dylib      000000010C1B3198  Unknown               Unknown  Unknown
libesmf.dylib      000000010C192851  Unknown               Unknown  Unknown
libesmf.dylib      000000010C1DD1B4  Unknown               Unknown  Unknown
libesmf.dylib      000000010D39818C  Unknown               Unknown  Unknown
libesmf.dylib      000000010CF9D6CE  Unknown               Unknown  Unknown
libesmf.dylib      000000010CF9CE3F  Unknown               Unknown  Unknown
ESMF_VMNonBlockin  000000010A2EB5C1  _MAIN__                    84  ESMF_VMNonBlockingEx.F90
ESMF_VMNonBlockin  000000010A2EB32E  Unknown               Unknown  Unknown
forrtl: severe (174): SIGSEGV, segmentation fault occurred
Image              PC                Routine            Line        Source             
ESMF_VMNonBlockin  000000010ACCAC14  Unknown               Unknown  Unknown
libsystem_platfor  00007FFF7C190B5D  Unknown               Unknown  Unknown
libmpi.40.dylib    000000010B0B62A1  Unknown               Unknown  Unknown
libesmf.dylib      0000000110A6F198  Unknown               Unknown  Unknown
libesmf.dylib      0000000110A4E851  Unknown               Unknown  Unknown
libesmf.dylib      0000000110A991B4  Unknown               Unknown  Unknown
libesmf.dylib      0000000111C5418C  Unknown               Unknown  Unknown
libesmf.dylib      00000001118596CE  Unknown               Unknown  Unknown
libesmf.dylib      0000000111858E3F  Unknown               Unknown  Unknown
ESMF_VMNonBlockin  000000010ACA15C1  _MAIN__                    84  ESMF_VMNonBlockingEx.F90
ESMF_VMNonBlockin  000000010ACA132E  Unknown               Unknown  Unknown
forrtl: severe (174): SIGSEGV, segmentation fault occurred
Image              PC                Routine            Line        Source             
ESMF_VMNonBlockin  00000001054A0C14  Unknown               Unknown  Unknown
libsystem_platfor  00007FFF7C190B5D  Unknown               Unknown  Unknown
libmpi.40.dylib    000000010AB692A1  Unknown               Unknown  Unknown
libesmf.dylib      000000010656D198  Unknown               Unknown  Unknown
libesmf.dylib      000000010654C851  Unknown               Unknown  Unknown
libesmf.dylib      00000001065971B4  Unknown               Unknown  Unknown
libesmf.dylib      000000010775218C  Unknown               Unknown  Unknown
libesmf.dylib      00000001073576CE  Unknown               Unknown  Unknown
libesmf.dylib      0000000107356E3F  Unknown               Unknown  Unknown
ESMF_VMNonBlockin  00000001054775C1  _MAIN__                    84  ESMF_VMNonBlockingEx.F90
ESMF_VMNonBlockin  000000010547732E  Unknown               Unknown  Unknown
forrtl: severe (174): SIGSEGV, segmentation fault occurred
Image              PC                Routine            Line        Source             
ESMF_VMNonBlockin  0000000100567C14  Unknown               Unknown  Unknown
libsystem_platfor  00007FFF7C190B5D  Unknown               Unknown  Unknown
libmpi.40.dylib    0000000105C2E2A1  Unknown               Unknown  Unknown
libesmf.dylib      0000000101632198  Unknown               Unknown  Unknown
libesmf.dylib      0000000101611851  Unknown               Unknown  Unknown
libesmf.dylib      000000010165C1B4  Unknown               Unknown  Unknown
libesmf.dylib      000000010281718C  Unknown               Unknown  Unknown
libesmf.dylib      000000010241C6CE  Unknown               Unknown  Unknown
libesmf.dylib      000000010241BE3F  Unknown               Unknown  Unknown
ESMF_VMNonBlockin  000000010053E5C1  _MAIN__                    84  ESMF_VMNonBlockingEx.F90
ESMF_VMNonBlockin  000000010053E32E  Unknown               Unknown  Unknown
