 seqIndexOffset=         1099511627776
 seqIndexOffset=         1099511627776
 seqIndexOffset=         1099511627776
 seqIndexOffset=         1099511627776
forrtl: severe (174): SIGSEGV, segmentation fault occurred
Image              PC                Routine            Line        Source             
ESMF_ArrayArbHalo  0000000109DFFBB4  Unknown               Unknown  Unknown
libsystem_platfor  00007FFF6A61FB5D  Unknown               Unknown  Unknown
libmpi.40.dylib    000000010E50B2A1  Unknown               Unknown  Unknown
libesmf.dylib      000000010AC22550  Unknown               Unknown  Unknown
libesmf.dylib      000000010AC01B11  Unknown               Unknown  Unknown
libesmf.dylib      000000010AC4CD24  Unknown               Unknown  Unknown
libesmf.dylib      000000010BE0651C  Unknown               Unknown  Unknown
libesmf.dylib      000000010BA0BA5E  Unknown               Unknown  Unknown
libesmf.dylib      000000010BA0B1CF  Unknown               Unknown  Unknown
ESMF_ArrayArbHalo  0000000109DD236C  _MAIN__                    58  ESMF_ArrayArbHaloEx.F90
ESMF_ArrayArbHalo  0000000109DD202E  Unknown               Unknown  Unknown
forrtl: severe (174): SIGSEGV, segmentation fault occurred
Image              PC                Routine            Line        Source             
ESMF_ArrayArbHalo  000000010D6A4BB4  Unknown               Unknown  Unknown
libsystem_platfor  00007FFF6A61FB5D  Unknown               Unknown  Unknown
libmpi.40.dylib    0000000111DAE2A1  Unknown               Unknown  Unknown
libesmf.dylib      000000010E4C2550  Unknown               Unknown  Unknown
libesmf.dylib      000000010E4A1B11  Unknown               Unknown  Unknown
libesmf.dylib      000000010E4ECD24  Unknown               Unknown  Unknown
libesmf.dylib      000000010F6A651C  Unknown               Unknown  Unknown
libesmf.dylib      000000010F2ABA5E  Unknown               Unknown  Unknown
libesmf.dylib      000000010F2AB1CF  Unknown               Unknown  Unknown
ESMF_ArrayArbHalo  000000010D67736C  _MAIN__                    58  ESMF_ArrayArbHaloEx.F90
ESMF_ArrayArbHalo  000000010D67702E  Unknown               Unknown  Unknown
forrtl: severe (174): SIGSEGV, segmentation fault occurred
Image              PC                Routine            Line        Source             
ESMF_ArrayArbHalo  000000010F32ABB4  Unknown               Unknown  Unknown
libsystem_platfor  00007FFF6A61FB5D  Unknown               Unknown  Unknown
libmpi.40.dylib    000000010F7172A1  Unknown               Unknown  Unknown
libesmf.dylib      00000001108E0550  Unknown               Unknown  Unknown
libesmf.dylib      00000001108BFB11  Unknown               Unknown  Unknown
libesmf.dylib      000000011090AD24  Unknown               Unknown  Unknown
libesmf.dylib      0000000111AC451C  Unknown               Unknown  Unknown
libesmf.dylib      00000001116C9A5E  Unknown               Unknown  Unknown
libesmf.dylib      00000001116C91CF  Unknown               Unknown  Unknown
ESMF_ArrayArbHalo  000000010F2FD36C  _MAIN__                    58  ESMF_ArrayArbHaloEx.F90
ESMF_ArrayArbHalo  000000010F2FD02E  Unknown               Unknown  Unknown
forrtl: severe (174): SIGSEGV, segmentation fault occurred
Image              PC                Routine            Line        Source             
ESMF_ArrayArbHalo  00000001028E5BB4  Unknown               Unknown  Unknown
libsystem_platfor  00007FFF6A61FB5D  Unknown               Unknown  Unknown
libmpi.40.dylib    0000000106FF02A1  Unknown               Unknown  Unknown
libesmf.dylib      0000000103709550  Unknown               Unknown  Unknown
libesmf.dylib      00000001036E8B11  Unknown               Unknown  Unknown
libesmf.dylib      0000000103733D24  Unknown               Unknown  Unknown
libesmf.dylib      00000001048ED51C  Unknown               Unknown  Unknown
libesmf.dylib      00000001044F2A5E  Unknown               Unknown  Unknown
libesmf.dylib      00000001044F21CF  Unknown               Unknown  Unknown
ESMF_ArrayArbHalo  00000001028B836C  _MAIN__                    58  ESMF_ArrayArbHaloEx.F90
ESMF_ArrayArbHalo  00000001028B802E  Unknown               Unknown  Unknown
