forrtl: severe (174): SIGSEGV, segmentation fault occurred
Image              PC                Routine            Line        Source             
ESMF_InternalStat  0000000107044F74  Unknown               Unknown  Unknown
libsystem_platfor  00007FFF7C190B5D  Unknown               Unknown  Unknown
libmpi.40.dylib    000000010742F2A1  Unknown               Unknown  Unknown
libesmf.dylib      000000010B90C198  Unknown               Unknown  Unknown
libesmf.dylib      000000010B8EB851  Unknown               Unknown  Unknown
libesmf.dylib      000000010B9361B4  Unknown               Unknown  Unknown
libesmf.dylib      000000010CAF118C  Unknown               Unknown  Unknown
libesmf.dylib      000000010C6F66CE  Unknown               Unknown  Unknown
libesmf.dylib      000000010C6F5E3F  Unknown               Unknown  Unknown
ESMF_InternalStat  000000010701F072  _MAIN__                    86  ESMF_InternalStateEx.F90
ESMF_InternalStat  000000010701EE7E  Unknown               Unknown  Unknown
forrtl: severe (174): SIGSEGV, segmentation fault occurred
Image              PC                Routine            Line        Source             
ESMF_InternalStat  0000000108284F74  Unknown               Unknown  Unknown
libsystem_platfor  00007FFF7C190B5D  Unknown               Unknown  Unknown
libmpi.40.dylib    000000010D94D2A1  Unknown               Unknown  Unknown
libesmf.dylib      000000010934F198  Unknown               Unknown  Unknown
libesmf.dylib      000000010932E851  Unknown               Unknown  Unknown
libesmf.dylib      00000001093791B4  Unknown               Unknown  Unknown
libesmf.dylib      000000010A53418C  Unknown               Unknown  Unknown
libesmf.dylib      000000010A1396CE  Unknown               Unknown  Unknown
libesmf.dylib      000000010A138E3F  Unknown               Unknown  Unknown
ESMF_InternalStat  000000010825F072  _MAIN__                    86  ESMF_InternalStateEx.F90
ESMF_InternalStat  000000010825EE7E  Unknown               Unknown  Unknown
forrtl: severe (174): SIGSEGV, segmentation fault occurred
Image              PC                Routine            Line        Source             
ESMF_InternalStat  000000010BCCCF74  Unknown               Unknown  Unknown
libsystem_platfor  00007FFF7C190B5D  Unknown               Unknown  Unknown
libmpi.40.dylib    000000010C0B72A1  Unknown               Unknown  Unknown
libesmf.dylib      000000010FAE8198  Unknown               Unknown  Unknown
libesmf.dylib      000000010FAC7851  Unknown               Unknown  Unknown
libesmf.dylib      000000010FB121B4  Unknown               Unknown  Unknown
libesmf.dylib      0000000110CCD18C  Unknown               Unknown  Unknown
libesmf.dylib      00000001108D26CE  Unknown               Unknown  Unknown
libesmf.dylib      00000001108D1E3F  Unknown               Unknown  Unknown
ESMF_InternalStat  000000010BCA7072  _MAIN__                    86  ESMF_InternalStateEx.F90
ESMF_InternalStat  000000010BCA6E7E  Unknown               Unknown  Unknown
forrtl: severe (174): SIGSEGV, segmentation fault occurred
Image              PC                Routine            Line        Source             
ESMF_InternalStat  0000000100BADF74  Unknown               Unknown  Unknown
libsystem_platfor  00007FFF7C190B5D  Unknown               Unknown  Unknown
libmpi.40.dylib    00000001062742A1  Unknown               Unknown  Unknown
libesmf.dylib      0000000101C77198  Unknown               Unknown  Unknown
libesmf.dylib      0000000101C56851  Unknown               Unknown  Unknown
libesmf.dylib      0000000101CA11B4  Unknown               Unknown  Unknown
libesmf.dylib      0000000102E5C18C  Unknown               Unknown  Unknown
libesmf.dylib      0000000102A616CE  Unknown               Unknown  Unknown
libesmf.dylib      0000000102A60E3F  Unknown               Unknown  Unknown
ESMF_InternalStat  0000000100B88072  _MAIN__                    86  ESMF_InternalStateEx.F90
ESMF_InternalStat  0000000100B87E7E  Unknown               Unknown  Unknown
