forrtl: severe (174): SIGSEGV, segmentation fault occurred
Image              PC                Routine            Line        Source             
ESMF_FieldArbGrid  00000001038E9B94  Unknown               Unknown  Unknown
libsystem_platfor  00007FFF7C190B5D  Unknown               Unknown  Unknown
libmpi.40.dylib    0000000103CD52A1  Unknown               Unknown  Unknown
libesmf.dylib      0000000105E3C198  Unknown               Unknown  Unknown
libesmf.dylib      0000000105E1B851  Unknown               Unknown  Unknown
libesmf.dylib      0000000105E661B4  Unknown               Unknown  Unknown
libesmf.dylib      000000010702118C  Unknown               Unknown  Unknown
libesmf.dylib      0000000106C266CE  Unknown               Unknown  Unknown
libesmf.dylib      0000000106C25E3F  Unknown               Unknown  Unknown
ESMF_FieldArbGrid  00000001038C00BF  _MAIN__                    59  ESMF_FieldArbGridEx.F90
ESMF_FieldArbGrid  00000001038BFE5E  Unknown               Unknown  Unknown
forrtl: severe (174): SIGSEGV, segmentation fault occurred
Image              PC                Routine            Line        Source             
ESMF_FieldArbGrid  000000010C80EB94  Unknown               Unknown  Unknown
libsystem_platfor  00007FFF7C190B5D  Unknown               Unknown  Unknown
libmpi.40.dylib    0000000111ED02A1  Unknown               Unknown  Unknown
libesmf.dylib      000000010D8D5198  Unknown               Unknown  Unknown
libesmf.dylib      000000010D8B4851  Unknown               Unknown  Unknown
libesmf.dylib      000000010D8FF1B4  Unknown               Unknown  Unknown
libesmf.dylib      000000010EABA18C  Unknown               Unknown  Unknown
libesmf.dylib      000000010E6BF6CE  Unknown               Unknown  Unknown
libesmf.dylib      000000010E6BEE3F  Unknown               Unknown  Unknown
ESMF_FieldArbGrid  000000010C7E50BF  _MAIN__                    59  ESMF_FieldArbGridEx.F90
ESMF_FieldArbGrid  000000010C7E4E5E  Unknown               Unknown  Unknown
forrtl: severe (174): SIGSEGV, segmentation fault occurred
Image              PC                Routine            Line        Source             
ESMF_FieldArbGrid  000000010F861B94  Unknown               Unknown  Unknown
libsystem_platfor  00007FFF7C190B5D  Unknown               Unknown  Unknown
libmpi.40.dylib    0000000114F292A1  Unknown               Unknown  Unknown
libesmf.dylib      000000011092B198  Unknown               Unknown  Unknown
libesmf.dylib      000000011090A851  Unknown               Unknown  Unknown
libesmf.dylib      00000001109551B4  Unknown               Unknown  Unknown
libesmf.dylib      0000000111B1018C  Unknown               Unknown  Unknown
libesmf.dylib      00000001117156CE  Unknown               Unknown  Unknown
libesmf.dylib      0000000111714E3F  Unknown               Unknown  Unknown
ESMF_FieldArbGrid  000000010F8380BF  _MAIN__                    59  ESMF_FieldArbGridEx.F90
ESMF_FieldArbGrid  000000010F837E5E  Unknown               Unknown  Unknown
forrtl: severe (174): SIGSEGV, segmentation fault occurred
Image              PC                Routine            Line        Source             
ESMF_FieldArbGrid  000000010E842B94  Unknown               Unknown  Unknown
libsystem_platfor  00007FFF7C190B5D  Unknown               Unknown  Unknown
libmpi.40.dylib    0000000113F092A1  Unknown               Unknown  Unknown
libesmf.dylib      000000010F90D198  Unknown               Unknown  Unknown
libesmf.dylib      000000010F8EC851  Unknown               Unknown  Unknown
libesmf.dylib      000000010F9371B4  Unknown               Unknown  Unknown
libesmf.dylib      0000000110AF218C  Unknown               Unknown  Unknown
libesmf.dylib      00000001106F76CE  Unknown               Unknown  Unknown
libesmf.dylib      00000001106F6E3F  Unknown               Unknown  Unknown
ESMF_FieldArbGrid  000000010E8190BF  _MAIN__                    59  ESMF_FieldArbGridEx.F90
ESMF_FieldArbGrid  000000010E818E5E  Unknown               Unknown  Unknown
