forrtl: severe (174): SIGSEGV, segmentation fault occurred
Image              PC                Routine            Line        Source             
ESMF_FieldBundleH  0000000103B818C4  Unknown               Unknown  Unknown
libsystem_platfor  00007FFF6A61FB5D  Unknown               Unknown  Unknown
libmpi.40.dylib    0000000103F6E2A1  Unknown               Unknown  Unknown
libesmf.dylib      00000001077EA0F8  Unknown               Unknown  Unknown
libesmf.dylib      00000001077C96B9  Unknown               Unknown  Unknown
libesmf.dylib      00000001078148CC  Unknown               Unknown  Unknown
libesmf.dylib      00000001089DF3DC  Unknown               Unknown  Unknown
libesmf.dylib      00000001085E491E  Unknown               Unknown  Unknown
libesmf.dylib      00000001085E408F  Unknown               Unknown  Unknown
ESMF_FieldBundleH  0000000103B58DC7  _MAIN__                    71  ESMF_FieldBundleHaloEx.F90
ESMF_FieldBundleH  0000000103B58A6E  Unknown               Unknown  Unknown
forrtl: severe (174): SIGSEGV, segmentation fault occurred
Image              PC                Routine            Line        Source             
ESMF_FieldBundleH  000000010B5B78C4  Unknown               Unknown  Unknown
libsystem_platfor  00007FFF6A61FB5D  Unknown               Unknown  Unknown
libmpi.40.dylib    000000010FDB32A1  Unknown               Unknown  Unknown
libesmf.dylib      000000010C3DA0F8  Unknown               Unknown  Unknown
libesmf.dylib      000000010C3B96B9  Unknown               Unknown  Unknown
libesmf.dylib      000000010C4048CC  Unknown               Unknown  Unknown
libesmf.dylib      000000010D5CF3DC  Unknown               Unknown  Unknown
libesmf.dylib      000000010D1D491E  Unknown               Unknown  Unknown
libesmf.dylib      000000010D1D408F  Unknown               Unknown  Unknown
ESMF_FieldBundleH  000000010B58EDC7  _MAIN__                    71  ESMF_FieldBundleHaloEx.F90
ESMF_FieldBundleH  000000010B58EA6E  Unknown               Unknown  Unknown
forrtl: severe (174): SIGSEGV, segmentation fault occurred
Image              PC                Routine            Line        Source             
ESMF_FieldBundleH  0000000108DEF8C4  Unknown               Unknown  Unknown
libsystem_platfor  00007FFF6A61FB5D  Unknown               Unknown  Unknown
libmpi.40.dylib    000000010D50C2A1  Unknown               Unknown  Unknown
libesmf.dylib      0000000109C140F8  Unknown               Unknown  Unknown
libesmf.dylib      0000000109BF36B9  Unknown               Unknown  Unknown
libesmf.dylib      0000000109C3E8CC  Unknown               Unknown  Unknown
libesmf.dylib      000000010AE093DC  Unknown               Unknown  Unknown
libesmf.dylib      000000010AA0E91E  Unknown               Unknown  Unknown
libesmf.dylib      000000010AA0E08F  Unknown               Unknown  Unknown
ESMF_FieldBundleH  0000000108DC6DC7  _MAIN__                    71  ESMF_FieldBundleHaloEx.F90
ESMF_FieldBundleH  0000000108DC6A6E  Unknown               Unknown  Unknown
forrtl: severe (174): SIGSEGV, segmentation fault occurred
Image              PC                Routine            Line        Source             
ESMF_FieldBundleH  000000010C77E8C4  Unknown               Unknown  Unknown
libsystem_platfor  00007FFF6A61FB5D  Unknown               Unknown  Unknown
libmpi.40.dylib    0000000110F9A2A1  Unknown               Unknown  Unknown
libesmf.dylib      000000010D88A0F8  Unknown               Unknown  Unknown
libesmf.dylib      000000010D8696B9  Unknown               Unknown  Unknown
libesmf.dylib      000000010D8B48CC  Unknown               Unknown  Unknown
libesmf.dylib      000000010EA7F3DC  Unknown               Unknown  Unknown
libesmf.dylib      000000010E68491E  Unknown               Unknown  Unknown
libesmf.dylib      000000010E68408F  Unknown               Unknown  Unknown
ESMF_FieldBundleH  000000010C755DC7  _MAIN__                    71  ESMF_FieldBundleHaloEx.F90
ESMF_FieldBundleH  000000010C755A6E  Unknown               Unknown  Unknown
