forrtl: severe (174): SIGSEGV, segmentation fault occurred
Image              PC                Routine            Line        Source             
ESMF_NUOPCAtmMode  000000010B88F0F4  Unknown               Unknown  Unknown
libsystem_platfor  00007FFF6A61FB5D  Unknown               Unknown  Unknown
libmpi.40.dylib    000000010FF9D2A1  Unknown               Unknown  Unknown
libesmf.dylib      000000010C6B2550  Unknown               Unknown  Unknown
libesmf.dylib      000000010C691B11  Unknown               Unknown  Unknown
libesmf.dylib      000000010C6DCD24  Unknown               Unknown  Unknown
libesmf.dylib      000000010D89651C  Unknown               Unknown  Unknown
libesmf.dylib      000000010D49BA5E  Unknown               Unknown  Unknown
libesmf.dylib      000000010D49B1CF  Unknown               Unknown  Unknown
ESMF_NUOPCAtmMode  000000010B868F03  _MAIN__                   761  ESMF_NUOPCAtmModelEx.F90
ESMF_NUOPCAtmMode  000000010B864CEE  Unknown               Unknown  Unknown
forrtl: severe (174): SIGSEGV, segmentation fault occurred
Image              PC                Routine            Line        Source             
ESMF_NUOPCAtmMode  0000000105C400F4  Unknown               Unknown  Unknown
libsystem_platfor  00007FFF6A61FB5D  Unknown               Unknown  Unknown
libmpi.40.dylib    00000001060302A1  Unknown               Unknown  Unknown
libesmf.dylib      0000000106FCA550  Unknown               Unknown  Unknown
libesmf.dylib      0000000106FA9B11  Unknown               Unknown  Unknown
libesmf.dylib      0000000106FF4D24  Unknown               Unknown  Unknown
libesmf.dylib      00000001081AE51C  Unknown               Unknown  Unknown
libesmf.dylib      0000000107DB3A5E  Unknown               Unknown  Unknown
libesmf.dylib      0000000107DB31CF  Unknown               Unknown  Unknown
ESMF_NUOPCAtmMode  0000000105C19F03  _MAIN__                   761  ESMF_NUOPCAtmModelEx.F90
ESMF_NUOPCAtmMode  0000000105C15CEE  Unknown               Unknown  Unknown
forrtl: severe (174): SIGSEGV, segmentation fault occurred
Image              PC                Routine            Line        Source             
ESMF_NUOPCAtmMode  0000000103E9D0F4  Unknown               Unknown  Unknown
libsystem_platfor  00007FFF6A61FB5D  Unknown               Unknown  Unknown
libmpi.40.dylib    00000001085AC2A1  Unknown               Unknown  Unknown
libesmf.dylib      0000000104CC5550  Unknown               Unknown  Unknown
libesmf.dylib      0000000104CA4B11  Unknown               Unknown  Unknown
libesmf.dylib      0000000104CEFD24  Unknown               Unknown  Unknown
libesmf.dylib      0000000105EA951C  Unknown               Unknown  Unknown
libesmf.dylib      0000000105AAEA5E  Unknown               Unknown  Unknown
libesmf.dylib      0000000105AAE1CF  Unknown               Unknown  Unknown
ESMF_NUOPCAtmMode  0000000103E76F03  _MAIN__                   761  ESMF_NUOPCAtmModelEx.F90
ESMF_NUOPCAtmMode  0000000103E72CEE  Unknown               Unknown  Unknown
forrtl: severe (174): SIGSEGV, segmentation fault occurred
Image              PC                Routine            Line        Source             
ESMF_NUOPCAtmMode  00000001089110F4  Unknown               Unknown  Unknown
libsystem_platfor  00007FFF6A61FB5D  Unknown               Unknown  Unknown
libmpi.40.dylib    000000010D0202A1  Unknown               Unknown  Unknown
libesmf.dylib      0000000109736550  Unknown               Unknown  Unknown
libesmf.dylib      0000000109715B11  Unknown               Unknown  Unknown
libesmf.dylib      0000000109760D24  Unknown               Unknown  Unknown
libesmf.dylib      000000010A91A51C  Unknown               Unknown  Unknown
libesmf.dylib      000000010A51FA5E  Unknown               Unknown  Unknown
libesmf.dylib      000000010A51F1CF  Unknown               Unknown  Unknown
ESMF_NUOPCAtmMode  00000001088EAF03  _MAIN__                   761  ESMF_NUOPCAtmModelEx.F90
ESMF_NUOPCAtmMode  00000001088E6CEE  Unknown               Unknown  Unknown
