forrtl: severe (174): SIGSEGV, segmentation fault occurred
Image              PC                Routine            Line        Source             
ESMF_FieldRepDimE  000000010739CCD4  Unknown               Unknown  Unknown
libsystem_platfor  00007FFF6A61FB5D  Unknown               Unknown  Unknown
libmpi.40.dylib    000000010BAB72A1  Unknown               Unknown  Unknown
libesmf.dylib      00000001081C00F8  Unknown               Unknown  Unknown
libesmf.dylib      000000010819F6B9  Unknown               Unknown  Unknown
libesmf.dylib      00000001081EA8CC  Unknown               Unknown  Unknown
libesmf.dylib      00000001093B53DC  Unknown               Unknown  Unknown
libesmf.dylib      0000000108FBA91E  Unknown               Unknown  Unknown
libesmf.dylib      0000000108FBA08F  Unknown               Unknown  Unknown
ESMF_FieldRepDimE  0000000107373842  _MAIN__                    79  ESMF_FieldRepDimEx.F90
ESMF_FieldRepDimE  000000010737355E  Unknown               Unknown  Unknown
forrtl: severe (174): SIGSEGV, segmentation fault occurred
Image              PC                Routine            Line        Source             
ESMF_FieldRepDimE  0000000102DF0CD4  Unknown               Unknown  Unknown
libsystem_platfor  00007FFF6A61FB5D  Unknown               Unknown  Unknown
libmpi.40.dylib    00000001031DD2A1  Unknown               Unknown  Unknown
libesmf.dylib      0000000106D1E0F8  Unknown               Unknown  Unknown
libesmf.dylib      0000000106CFD6B9  Unknown               Unknown  Unknown
libesmf.dylib      0000000106D488CC  Unknown               Unknown  Unknown
libesmf.dylib      0000000107F133DC  Unknown               Unknown  Unknown
libesmf.dylib      0000000107B1891E  Unknown               Unknown  Unknown
libesmf.dylib      0000000107B1808F  Unknown               Unknown  Unknown
ESMF_FieldRepDimE  0000000102DC7842  _MAIN__                    79  ESMF_FieldRepDimEx.F90
ESMF_FieldRepDimE  0000000102DC755E  Unknown               Unknown  Unknown
forrtl: severe (174): SIGSEGV, segmentation fault occurred
Image              PC                Routine            Line        Source             
ESMF_FieldRepDimE  000000010B562CD4  Unknown               Unknown  Unknown
libsystem_platfor  00007FFF6A61FB5D  Unknown               Unknown  Unknown
libmpi.40.dylib    000000010FC882A1  Unknown               Unknown  Unknown
libesmf.dylib      000000010C3880F8  Unknown               Unknown  Unknown
libesmf.dylib      000000010C3676B9  Unknown               Unknown  Unknown
libesmf.dylib      000000010C3B28CC  Unknown               Unknown  Unknown
libesmf.dylib      000000010D57D3DC  Unknown               Unknown  Unknown
libesmf.dylib      000000010D18291E  Unknown               Unknown  Unknown
libesmf.dylib      000000010D18208F  Unknown               Unknown  Unknown
ESMF_FieldRepDimE  000000010B539842  _MAIN__                    79  ESMF_FieldRepDimEx.F90
ESMF_FieldRepDimE  000000010B53955E  Unknown               Unknown  Unknown
forrtl: severe (174): SIGSEGV, segmentation fault occurred
Image              PC                Routine            Line        Source             
ESMF_FieldRepDimE  00000001092E6CD4  Unknown               Unknown  Unknown
libsystem_platfor  00007FFF6A61FB5D  Unknown               Unknown  Unknown
libmpi.40.dylib    00000001096D32A1  Unknown               Unknown  Unknown
libesmf.dylib      000000010E12D0F8  Unknown               Unknown  Unknown
libesmf.dylib      000000010E10C6B9  Unknown               Unknown  Unknown
libesmf.dylib      000000010E1578CC  Unknown               Unknown  Unknown
libesmf.dylib      000000010F3223DC  Unknown               Unknown  Unknown
libesmf.dylib      000000010EF2791E  Unknown               Unknown  Unknown
libesmf.dylib      000000010EF2708F  Unknown               Unknown  Unknown
ESMF_FieldRepDimE  00000001092BD842  _MAIN__                    79  ESMF_FieldRepDimEx.F90
ESMF_FieldRepDimE  00000001092BD55E  Unknown               Unknown  Unknown
