forrtl: severe (174): SIGSEGV, segmentation fault occurred
Image              PC                Routine            Line        Source             
ESMF_StateReconci  0000000101442564  Unknown               Unknown  Unknown
libsystem_platfor  00007FFF7C190B5D  Unknown               Unknown  Unknown
libmpi.40.dylib    0000000106B0D2A1  Unknown               Unknown  Unknown
libesmf.dylib      000000010250F198  Unknown               Unknown  Unknown
libesmf.dylib      00000001024EE851  Unknown               Unknown  Unknown
libesmf.dylib      00000001025391B4  Unknown               Unknown  Unknown
libesmf.dylib      00000001036F418C  Unknown               Unknown  Unknown
libesmf.dylib      00000001032F96CE  Unknown               Unknown  Unknown
libesmf.dylib      00000001032F8E3F  Unknown               Unknown  Unknown
ESMF_StateReconci  000000010141B715  _MAIN__                   130  ESMF_StateReconcileEx.F90
ESMF_StateReconci  000000010141AEBE  Unknown               Unknown  Unknown
forrtl: severe (174): SIGSEGV, segmentation fault occurred
Image              PC                Routine            Line        Source             
ESMF_StateReconci  0000000109A40564  Unknown               Unknown  Unknown
libsystem_platfor  00007FFF7C190B5D  Unknown               Unknown  Unknown
libmpi.40.dylib    0000000109E2D2A1  Unknown               Unknown  Unknown
libesmf.dylib      000000010CE2F198  Unknown               Unknown  Unknown
libesmf.dylib      000000010CE0E851  Unknown               Unknown  Unknown
libesmf.dylib      000000010CE591B4  Unknown               Unknown  Unknown
libesmf.dylib      000000010E01418C  Unknown               Unknown  Unknown
libesmf.dylib      000000010DC196CE  Unknown               Unknown  Unknown
libesmf.dylib      000000010DC18E3F  Unknown               Unknown  Unknown
ESMF_StateReconci  0000000109A19715  _MAIN__                   130  ESMF_StateReconcileEx.F90
ESMF_StateReconci  0000000109A18EBE  Unknown               Unknown  Unknown
forrtl: severe (174): SIGSEGV, segmentation fault occurred
Image              PC                Routine            Line        Source             
ESMF_StateReconci  000000010F742564  Unknown               Unknown  Unknown
libsystem_platfor  00007FFF7C190B5D  Unknown               Unknown  Unknown
libmpi.40.dylib    000000010FB2F2A1  Unknown               Unknown  Unknown
libesmf.dylib      0000000114DBA198  Unknown               Unknown  Unknown
libesmf.dylib      0000000114D99851  Unknown               Unknown  Unknown
libesmf.dylib      0000000114DE41B4  Unknown               Unknown  Unknown
libesmf.dylib      0000000115F9F18C  Unknown               Unknown  Unknown
libesmf.dylib      0000000115BA46CE  Unknown               Unknown  Unknown
libesmf.dylib      0000000115BA3E3F  Unknown               Unknown  Unknown
ESMF_StateReconci  000000010F71B715  _MAIN__                   130  ESMF_StateReconcileEx.F90
ESMF_StateReconci  000000010F71AEBE  Unknown               Unknown  Unknown
forrtl: severe (174): SIGSEGV, segmentation fault occurred
Image              PC                Routine            Line        Source             
ESMF_StateReconci  000000010F546564  Unknown               Unknown  Unknown
libsystem_platfor  00007FFF7C190B5D  Unknown               Unknown  Unknown
libmpi.40.dylib    0000000114C092A1  Unknown               Unknown  Unknown
libesmf.dylib      0000000110612198  Unknown               Unknown  Unknown
libesmf.dylib      00000001105F1851  Unknown               Unknown  Unknown
libesmf.dylib      000000011063C1B4  Unknown               Unknown  Unknown
libesmf.dylib      00000001117F718C  Unknown               Unknown  Unknown
libesmf.dylib      00000001113FC6CE  Unknown               Unknown  Unknown
libesmf.dylib      00000001113FBE3F  Unknown               Unknown  Unknown
ESMF_StateReconci  000000010F51F715  _MAIN__                   130  ESMF_StateReconcileEx.F90
ESMF_StateReconci  000000010F51EEBE  Unknown               Unknown  Unknown
