forrtl: severe (174): SIGSEGV, segmentation fault occurred
Image              PC                Routine            Line        Source             
ESMF_SCompEx       000000010F9114C4  Unknown               Unknown  Unknown
libsystem_platfor  00007FFF7C190B5D  Unknown               Unknown  Unknown
libmpi.40.dylib    0000000114FE32A1  Unknown               Unknown  Unknown
libesmf.dylib      00000001109E2198  Unknown               Unknown  Unknown
libesmf.dylib      00000001109C1851  Unknown               Unknown  Unknown
libesmf.dylib      0000000110A0C1B4  Unknown               Unknown  Unknown
libesmf.dylib      0000000111BC718C  Unknown               Unknown  Unknown
libesmf.dylib      00000001117CC6CE  Unknown               Unknown  Unknown
libesmf.dylib      00000001117CBE3F  Unknown               Unknown  Unknown
ESMF_SCompEx       000000010F8E96F1  _MAIN__                    82  ESMF_SCompEx.F90
ESMF_SCompEx       000000010F8E941E  Unknown               Unknown  Unknown
forrtl: severe (174): SIGSEGV, segmentation fault occurred
Image              PC                Routine            Line        Source             
ESMF_SCompEx       0000000107B4C4C4  Unknown               Unknown  Unknown
libsystem_platfor  00007FFF7C190B5D  Unknown               Unknown  Unknown
libmpi.40.dylib    0000000107F3B2A1  Unknown               Unknown  Unknown
libesmf.dylib      000000010D307198  Unknown               Unknown  Unknown
libesmf.dylib      000000010D2E6851  Unknown               Unknown  Unknown
libesmf.dylib      000000010D3311B4  Unknown               Unknown  Unknown
libesmf.dylib      000000010E4EC18C  Unknown               Unknown  Unknown
libesmf.dylib      000000010E0F16CE  Unknown               Unknown  Unknown
libesmf.dylib      000000010E0F0E3F  Unknown               Unknown  Unknown
ESMF_SCompEx       0000000107B246F1  _MAIN__                    82  ESMF_SCompEx.F90
ESMF_SCompEx       0000000107B2441E  Unknown               Unknown  Unknown
forrtl: severe (174): SIGSEGV, segmentation fault occurred
Image              PC                Routine            Line        Source             
ESMF_SCompEx       000000010E4004C4  Unknown               Unknown  Unknown
libsystem_platfor  00007FFF7C190B5D  Unknown               Unknown  Unknown
libmpi.40.dylib    0000000113AC52A1  Unknown               Unknown  Unknown
libesmf.dylib      000000010F4CA198  Unknown               Unknown  Unknown
libesmf.dylib      000000010F4A9851  Unknown               Unknown  Unknown
libesmf.dylib      000000010F4F41B4  Unknown               Unknown  Unknown
libesmf.dylib      00000001106AF18C  Unknown               Unknown  Unknown
libesmf.dylib      00000001102B46CE  Unknown               Unknown  Unknown
libesmf.dylib      00000001102B3E3F  Unknown               Unknown  Unknown
ESMF_SCompEx       000000010E3D86F1  _MAIN__                    82  ESMF_SCompEx.F90
ESMF_SCompEx       000000010E3D841E  Unknown               Unknown  Unknown
forrtl: severe (174): SIGSEGV, segmentation fault occurred
Image              PC                Routine            Line        Source             
ESMF_SCompEx       000000010B16B4C4  Unknown               Unknown  Unknown
libsystem_platfor  00007FFF7C190B5D  Unknown               Unknown  Unknown
libmpi.40.dylib    00000001108342A1  Unknown               Unknown  Unknown
libesmf.dylib      000000010C23B198  Unknown               Unknown  Unknown
libesmf.dylib      000000010C21A851  Unknown               Unknown  Unknown
libesmf.dylib      000000010C2651B4  Unknown               Unknown  Unknown
libesmf.dylib      000000010D42018C  Unknown               Unknown  Unknown
libesmf.dylib      000000010D0256CE  Unknown               Unknown  Unknown
libesmf.dylib      000000010D024E3F  Unknown               Unknown  Unknown
ESMF_SCompEx       000000010B1436F1  _MAIN__                    82  ESMF_SCompEx.F90
ESMF_SCompEx       000000010B14341E  Unknown               Unknown  Unknown
