forrtl: severe (174): SIGSEGV, segmentation fault occurred
Image              PC                Routine            Line        Source             
ESMF_DistGridEx    000000010FB0F814  Unknown               Unknown  Unknown
libsystem_platfor  00007FFF7C190B5D  Unknown               Unknown  Unknown
libmpi.40.dylib    00000001142222A1  Unknown               Unknown  Unknown
libesmf.dylib      000000011093A550  Unknown               Unknown  Unknown
libesmf.dylib      0000000110919B11  Unknown               Unknown  Unknown
libesmf.dylib      0000000110964D24  Unknown               Unknown  Unknown
libesmf.dylib      0000000111B1E51C  Unknown               Unknown  Unknown
libesmf.dylib      0000000111723A5E  Unknown               Unknown  Unknown
libesmf.dylib      00000001117231CF  Unknown               Unknown  Unknown
ESMF_DistGridEx    000000010FAB5449  _MAIN__                    57  ESMF_DistGridEx.F90
ESMF_DistGridEx    000000010FAB520E  Unknown               Unknown  Unknown
forrtl: severe (174): SIGSEGV, segmentation fault occurred
Image              PC                Routine            Line        Source             
ESMF_DistGridEx    000000010CA97814  Unknown               Unknown  Unknown
libsystem_platfor  00007FFF7C190B5D  Unknown               Unknown  Unknown
libmpi.40.dylib    000000010CE902A1  Unknown               Unknown  Unknown
libesmf.dylib      000000010F0B6550  Unknown               Unknown  Unknown
libesmf.dylib      000000010F095B11  Unknown               Unknown  Unknown
libesmf.dylib      000000010F0E0D24  Unknown               Unknown  Unknown
libesmf.dylib      000000011029A51C  Unknown               Unknown  Unknown
libesmf.dylib      000000010FE9FA5E  Unknown               Unknown  Unknown
libesmf.dylib      000000010FE9F1CF  Unknown               Unknown  Unknown
ESMF_DistGridEx    000000010CA3D449  _MAIN__                    57  ESMF_DistGridEx.F90
ESMF_DistGridEx    000000010CA3D20E  Unknown               Unknown  Unknown
forrtl: severe (174): SIGSEGV, segmentation fault occurred
Image              PC                Routine            Line        Source             
ESMF_DistGridEx    000000010FF5F814  Unknown               Unknown  Unknown
libsystem_platfor  00007FFF7C190B5D  Unknown               Unknown  Unknown
libmpi.40.dylib    00000001146752A1  Unknown               Unknown  Unknown
libesmf.dylib      0000000110D89550  Unknown               Unknown  Unknown
libesmf.dylib      0000000110D68B11  Unknown               Unknown  Unknown
libesmf.dylib      0000000110DB3D24  Unknown               Unknown  Unknown
libesmf.dylib      0000000111F6D51C  Unknown               Unknown  Unknown
libesmf.dylib      0000000111B72A5E  Unknown               Unknown  Unknown
libesmf.dylib      0000000111B721CF  Unknown               Unknown  Unknown
ESMF_DistGridEx    000000010FF05449  _MAIN__                    57  ESMF_DistGridEx.F90
ESMF_DistGridEx    000000010FF0520E  Unknown               Unknown  Unknown
forrtl: severe (174): SIGSEGV, segmentation fault occurred
Image              PC                Routine            Line        Source             
ESMF_DistGridEx    000000010BAE8814  Unknown               Unknown  Unknown
libsystem_platfor  00007FFF7C190B5D  Unknown               Unknown  Unknown
libmpi.40.dylib    000000010BEE12A1  Unknown               Unknown  Unknown
libesmf.dylib      000000010FF1E550  Unknown               Unknown  Unknown
libesmf.dylib      000000010FEFDB11  Unknown               Unknown  Unknown
libesmf.dylib      000000010FF48D24  Unknown               Unknown  Unknown
libesmf.dylib      000000011110251C  Unknown               Unknown  Unknown
libesmf.dylib      0000000110D07A5E  Unknown               Unknown  Unknown
libesmf.dylib      0000000110D071CF  Unknown               Unknown  Unknown
ESMF_DistGridEx    000000010BA8E449  _MAIN__                    57  ESMF_DistGridEx.F90
ESMF_DistGridEx    000000010BA8E20E  Unknown               Unknown  Unknown
