forrtl: severe (174): SIGSEGV, segmentation fault occurred
Image              PC                Routine            Line        Source             
ESMF_TraceUserEx   000000010AE18E74  Unknown               Unknown  Unknown
libsystem_platfor  00007FFF6A61FB5D  Unknown               Unknown  Unknown
libmpi.40.dylib    000000010B2032A1  Unknown               Unknown  Unknown
libesmf.dylib      000000010F641550  Unknown               Unknown  Unknown
libesmf.dylib      000000010F620B11  Unknown               Unknown  Unknown
libesmf.dylib      000000010F66BD24  Unknown               Unknown  Unknown
libesmf.dylib      000000011082551C  Unknown               Unknown  Unknown
libesmf.dylib      000000011042AA5E  Unknown               Unknown  Unknown
libesmf.dylib      000000011042A1CF  Unknown               Unknown  Unknown
ESMF_TraceUserEx   000000010ADF2D71  _MAIN__                    77  ESMF_TraceUserEx.F90
ESMF_TraceUserEx   000000010ADF2B5E  Unknown               Unknown  Unknown
forrtl: severe (174): SIGSEGV, segmentation fault occurred
Image              PC                Routine            Line        Source             
ESMF_TraceUserEx   00000001043F4E74  Unknown               Unknown  Unknown
libsystem_platfor  00007FFF6A61FB5D  Unknown               Unknown  Unknown
libmpi.40.dylib    00000001047DF2A1  Unknown               Unknown  Unknown
libesmf.dylib      000000010664A550  Unknown               Unknown  Unknown
libesmf.dylib      0000000106629B11  Unknown               Unknown  Unknown
libesmf.dylib      0000000106674D24  Unknown               Unknown  Unknown
libesmf.dylib      000000010782E51C  Unknown               Unknown  Unknown
libesmf.dylib      0000000107433A5E  Unknown               Unknown  Unknown
libesmf.dylib      00000001074331CF  Unknown               Unknown  Unknown
ESMF_TraceUserEx   00000001043CED71  _MAIN__                    77  ESMF_TraceUserEx.F90
ESMF_TraceUserEx   00000001043CEB5E  Unknown               Unknown  Unknown
forrtl: severe (174): SIGSEGV, segmentation fault occurred
Image              PC                Routine            Line        Source             
ESMF_TraceUserEx   00000001015E3E74  Unknown               Unknown  Unknown
libsystem_platfor  00007FFF6A61FB5D  Unknown               Unknown  Unknown
libmpi.40.dylib    0000000105CF02A1  Unknown               Unknown  Unknown
libesmf.dylib      0000000102403550  Unknown               Unknown  Unknown
libesmf.dylib      00000001023E2B11  Unknown               Unknown  Unknown
libesmf.dylib      000000010242DD24  Unknown               Unknown  Unknown
libesmf.dylib      00000001035E751C  Unknown               Unknown  Unknown
libesmf.dylib      00000001031ECA5E  Unknown               Unknown  Unknown
libesmf.dylib      00000001031EC1CF  Unknown               Unknown  Unknown
ESMF_TraceUserEx   00000001015BDD71  _MAIN__                    77  ESMF_TraceUserEx.F90
ESMF_TraceUserEx   00000001015BDB5E  Unknown               Unknown  Unknown
forrtl: severe (174): SIGSEGV, segmentation fault occurred
Image              PC                Routine            Line        Source             
ESMF_TraceUserEx   0000000106939E74  Unknown               Unknown  Unknown
libsystem_platfor  00007FFF6A61FB5D  Unknown               Unknown  Unknown
libmpi.40.dylib    000000010B0452A1  Unknown               Unknown  Unknown
libesmf.dylib      000000010775C550  Unknown               Unknown  Unknown
libesmf.dylib      000000010773BB11  Unknown               Unknown  Unknown
libesmf.dylib      0000000107786D24  Unknown               Unknown  Unknown
libesmf.dylib      000000010894051C  Unknown               Unknown  Unknown
libesmf.dylib      0000000108545A5E  Unknown               Unknown  Unknown
libesmf.dylib      00000001085451CF  Unknown               Unknown  Unknown
ESMF_TraceUserEx   0000000106913D71  _MAIN__                    77  ESMF_TraceUserEx.F90
ESMF_TraceUserEx   0000000106913B5E  Unknown               Unknown  Unknown
