forrtl: severe (174): SIGSEGV, segmentation fault occurred
Image              PC                Routine            Line        Source             
ESMF_ArrayRedistE  000000010A5E7E54  Unknown               Unknown  Unknown
libsystem_platfor  00007FFF6A61FB5D  Unknown               Unknown  Unknown
libmpi.40.dylib    000000010ECED2A1  Unknown               Unknown  Unknown
libesmf.dylib      000000010B408550  Unknown               Unknown  Unknown
libesmf.dylib      000000010B3E7B11  Unknown               Unknown  Unknown
libesmf.dylib      000000010B432D24  Unknown               Unknown  Unknown
libesmf.dylib      000000010C5EC51C  Unknown               Unknown  Unknown
libesmf.dylib      000000010C1F1A5E  Unknown               Unknown  Unknown
libesmf.dylib      000000010C1F11CF  Unknown               Unknown  Unknown
ESMF_ArrayRedistE  000000010A5BCDC9  _MAIN__                    53  ESMF_ArrayRedistEx.F90
ESMF_ArrayRedistE  000000010A5BCA5E  Unknown               Unknown  Unknown
forrtl: severe (174): SIGSEGV, segmentation fault occurred
Image              PC                Routine            Line        Source             
ESMF_ArrayRedistE  000000010B3B4E54  Unknown               Unknown  Unknown
libsystem_platfor  00007FFF6A61FB5D  Unknown               Unknown  Unknown
libmpi.40.dylib    000000010FABB2A1  Unknown               Unknown  Unknown
libesmf.dylib      000000010C1D2550  Unknown               Unknown  Unknown
libesmf.dylib      000000010C1B1B11  Unknown               Unknown  Unknown
libesmf.dylib      000000010C1FCD24  Unknown               Unknown  Unknown
libesmf.dylib      000000010D3B651C  Unknown               Unknown  Unknown
libesmf.dylib      000000010CFBBA5E  Unknown               Unknown  Unknown
libesmf.dylib      000000010CFBB1CF  Unknown               Unknown  Unknown
ESMF_ArrayRedistE  000000010B389DC9  _MAIN__                    53  ESMF_ArrayRedistEx.F90
ESMF_ArrayRedistE  000000010B389A5E  Unknown               Unknown  Unknown
forrtl: severe (174): SIGSEGV, segmentation fault occurred
Image              PC                Routine            Line        Source             
ESMF_ArrayRedistE  00000001010FDE54  Unknown               Unknown  Unknown
libsystem_platfor  00007FFF6A61FB5D  Unknown               Unknown  Unknown
libmpi.40.dylib    00000001058082A1  Unknown               Unknown  Unknown
libesmf.dylib      0000000101F1E550  Unknown               Unknown  Unknown
libesmf.dylib      0000000101EFDB11  Unknown               Unknown  Unknown
libesmf.dylib      0000000101F48D24  Unknown               Unknown  Unknown
libesmf.dylib      000000010310251C  Unknown               Unknown  Unknown
libesmf.dylib      0000000102D07A5E  Unknown               Unknown  Unknown
libesmf.dylib      0000000102D071CF  Unknown               Unknown  Unknown
ESMF_ArrayRedistE  00000001010D2DC9  _MAIN__                    53  ESMF_ArrayRedistEx.F90
ESMF_ArrayRedistE  00000001010D2A5E  Unknown               Unknown  Unknown
forrtl: severe (174): SIGSEGV, segmentation fault occurred
Image              PC                Routine            Line        Source             
ESMF_ArrayRedistE  000000010883FE54  Unknown               Unknown  Unknown
libsystem_platfor  00007FFF6A61FB5D  Unknown               Unknown  Unknown
libmpi.40.dylib    0000000108C2B2A1  Unknown               Unknown  Unknown
libesmf.dylib      000000010AA2D550  Unknown               Unknown  Unknown
libesmf.dylib      000000010AA0CB11  Unknown               Unknown  Unknown
libesmf.dylib      000000010AA57D24  Unknown               Unknown  Unknown
libesmf.dylib      000000010BC1151C  Unknown               Unknown  Unknown
libesmf.dylib      000000010B816A5E  Unknown               Unknown  Unknown
libesmf.dylib      000000010B8161CF  Unknown               Unknown  Unknown
ESMF_ArrayRedistE  0000000108814DC9  _MAIN__                    53  ESMF_ArrayRedistEx.F90
ESMF_ArrayRedistE  0000000108814A5E  Unknown               Unknown  Unknown
