forrtl: severe (174): SIGSEGV, segmentation fault occurred
Image              PC                Routine            Line        Source             
ESMF_FieldCommEx   000000010F1C6CB4  Unknown               Unknown  Unknown
libsystem_platfor  00007FFF6A61FB5D  Unknown               Unknown  Unknown
libmpi.40.dylib    000000010F5B22A1  Unknown               Unknown  Unknown
libesmf.dylib      000000011394A0F8  Unknown               Unknown  Unknown
libesmf.dylib      00000001139296B9  Unknown               Unknown  Unknown
libesmf.dylib      00000001139748CC  Unknown               Unknown  Unknown
libesmf.dylib      0000000114B3F3DC  Unknown               Unknown  Unknown
libesmf.dylib      000000011474491E  Unknown               Unknown  Unknown
libesmf.dylib      000000011474408F  Unknown               Unknown  Unknown
ESMF_FieldCommEx   000000010F19CC90  _MAIN__                    75  ESMF_FieldCommEx.F90
ESMF_FieldCommEx   000000010F19CA2E  Unknown               Unknown  Unknown
forrtl: severe (174): SIGSEGV, segmentation fault occurred
Image              PC                Routine            Line        Source             
ESMF_FieldCommEx   000000010A271CB4  Unknown               Unknown  Unknown
libsystem_platfor  00007FFF6A61FB5D  Unknown               Unknown  Unknown
libmpi.40.dylib    000000010E9902A1  Unknown               Unknown  Unknown
libesmf.dylib      000000010B08F0F8  Unknown               Unknown  Unknown
libesmf.dylib      000000010B06E6B9  Unknown               Unknown  Unknown
libesmf.dylib      000000010B0B98CC  Unknown               Unknown  Unknown
libesmf.dylib      000000010C2843DC  Unknown               Unknown  Unknown
libesmf.dylib      000000010BE8991E  Unknown               Unknown  Unknown
libesmf.dylib      000000010BE8908F  Unknown               Unknown  Unknown
ESMF_FieldCommEx   000000010A247C90  _MAIN__                    75  ESMF_FieldCommEx.F90
ESMF_FieldCommEx   000000010A247A2E  Unknown               Unknown  Unknown
forrtl: severe (174): SIGSEGV, segmentation fault occurred
Image              PC                Routine            Line        Source             
ESMF_FieldCommEx   0000000109B4CCB4  Unknown               Unknown  Unknown
libsystem_platfor  00007FFF6A61FB5D  Unknown               Unknown  Unknown
libmpi.40.dylib    000000010E2652A1  Unknown               Unknown  Unknown
libesmf.dylib      000000010A96D0F8  Unknown               Unknown  Unknown
libesmf.dylib      000000010A94C6B9  Unknown               Unknown  Unknown
libesmf.dylib      000000010A9978CC  Unknown               Unknown  Unknown
libesmf.dylib      000000010BB623DC  Unknown               Unknown  Unknown
libesmf.dylib      000000010B76791E  Unknown               Unknown  Unknown
libesmf.dylib      000000010B76708F  Unknown               Unknown  Unknown
ESMF_FieldCommEx   0000000109B22C90  _MAIN__                    75  ESMF_FieldCommEx.F90
ESMF_FieldCommEx   0000000109B22A2E  Unknown               Unknown  Unknown
forrtl: severe (174): SIGSEGV, segmentation fault occurred
Image              PC                Routine            Line        Source             
ESMF_FieldCommEx   000000010673ACB4  Unknown               Unknown  Unknown
libsystem_platfor  00007FFF6A61FB5D  Unknown               Unknown  Unknown
libmpi.40.dylib    000000010AE572A1  Unknown               Unknown  Unknown
libesmf.dylib      000000010755E0F8  Unknown               Unknown  Unknown
libesmf.dylib      000000010753D6B9  Unknown               Unknown  Unknown
libesmf.dylib      00000001075888CC  Unknown               Unknown  Unknown
libesmf.dylib      00000001087533DC  Unknown               Unknown  Unknown
libesmf.dylib      000000010835891E  Unknown               Unknown  Unknown
libesmf.dylib      000000010835808F  Unknown               Unknown  Unknown
ESMF_FieldCommEx   0000000106710C90  _MAIN__                    75  ESMF_FieldCommEx.F90
ESMF_FieldCommEx   0000000106710A2E  Unknown               Unknown  Unknown
