forrtl: severe (174): SIGSEGV, segmentation fault occurred
Image              PC                Routine            Line        Source             
ESMF_StateEx       0000000100DA8504  Unknown               Unknown  Unknown
libsystem_platfor  00007FFF6A61FB5D  Unknown               Unknown  Unknown
libmpi.40.dylib    00000001054B82A1  Unknown               Unknown  Unknown
libesmf.dylib      0000000101BCE550  Unknown               Unknown  Unknown
libesmf.dylib      0000000101BADB11  Unknown               Unknown  Unknown
libesmf.dylib      0000000101BF8D24  Unknown               Unknown  Unknown
libesmf.dylib      0000000102DB251C  Unknown               Unknown  Unknown
libesmf.dylib      00000001029B7A5E  Unknown               Unknown  Unknown
libesmf.dylib      00000001029B71CF  Unknown               Unknown  Unknown
ESMF_StateEx       0000000100D80BAE  _MAIN__                    52  ESMF_StateEx.F90
ESMF_StateEx       0000000100D8093E  Unknown               Unknown  Unknown
forrtl: severe (174): SIGSEGV, segmentation fault occurred
Image              PC                Routine            Line        Source             
ESMF_StateEx       000000010942F504  Unknown               Unknown  Unknown
libsystem_platfor  00007FFF6A61FB5D  Unknown               Unknown  Unknown
libmpi.40.dylib    000000010DB422A1  Unknown               Unknown  Unknown
libesmf.dylib      000000010A252550  Unknown               Unknown  Unknown
libesmf.dylib      000000010A231B11  Unknown               Unknown  Unknown
libesmf.dylib      000000010A27CD24  Unknown               Unknown  Unknown
libesmf.dylib      000000010B43651C  Unknown               Unknown  Unknown
libesmf.dylib      000000010B03BA5E  Unknown               Unknown  Unknown
libesmf.dylib      000000010B03B1CF  Unknown               Unknown  Unknown
ESMF_StateEx       0000000109407BAE  _MAIN__                    52  ESMF_StateEx.F90
ESMF_StateEx       000000010940793E  Unknown               Unknown  Unknown
forrtl: severe (174): SIGSEGV, segmentation fault occurred
Image              PC                Routine            Line        Source             
ESMF_StateEx       0000000103634504  Unknown               Unknown  Unknown
libsystem_platfor  00007FFF6A61FB5D  Unknown               Unknown  Unknown
libmpi.40.dylib    0000000103A222A1  Unknown               Unknown  Unknown
libesmf.dylib      0000000105832550  Unknown               Unknown  Unknown
libesmf.dylib      0000000105811B11  Unknown               Unknown  Unknown
libesmf.dylib      000000010585CD24  Unknown               Unknown  Unknown
libesmf.dylib      0000000106A1651C  Unknown               Unknown  Unknown
libesmf.dylib      000000010661BA5E  Unknown               Unknown  Unknown
libesmf.dylib      000000010661B1CF  Unknown               Unknown  Unknown
ESMF_StateEx       000000010360CBAE  _MAIN__                    52  ESMF_StateEx.F90
ESMF_StateEx       000000010360C93E  Unknown               Unknown  Unknown
forrtl: severe (174): SIGSEGV, segmentation fault occurred
Image              PC                Routine            Line        Source             
ESMF_StateEx       000000010AA4F504  Unknown               Unknown  Unknown
libsystem_platfor  00007FFF6A61FB5D  Unknown               Unknown  Unknown
libmpi.40.dylib    000000010F1642A1  Unknown               Unknown  Unknown
libesmf.dylib      000000010B873550  Unknown               Unknown  Unknown
libesmf.dylib      000000010B852B11  Unknown               Unknown  Unknown
libesmf.dylib      000000010B89DD24  Unknown               Unknown  Unknown
libesmf.dylib      000000010CA5751C  Unknown               Unknown  Unknown
libesmf.dylib      000000010C65CA5E  Unknown               Unknown  Unknown
libesmf.dylib      000000010C65C1CF  Unknown               Unknown  Unknown
ESMF_StateEx       000000010AA27BAE  _MAIN__                    52  ESMF_StateEx.F90
ESMF_StateEx       000000010AA2793E  Unknown               Unknown  Unknown
