forrtl: severe (174): SIGSEGV, segmentation fault occurred
Image              PC                Routine            Line        Source             
ESMF_FieldBundleS  000000010525B8E4  Unknown               Unknown  Unknown
libsystem_platfor  00007FFF6A61FB5D  Unknown               Unknown  Unknown
libmpi.40.dylib    00000001099782A1  Unknown               Unknown  Unknown
libesmf.dylib      000000010607D0F8  Unknown               Unknown  Unknown
libesmf.dylib      000000010605C6B9  Unknown               Unknown  Unknown
libesmf.dylib      00000001060A78CC  Unknown               Unknown  Unknown
libesmf.dylib      00000001072723DC  Unknown               Unknown  Unknown
libesmf.dylib      0000000106E7791E  Unknown               Unknown  Unknown
libesmf.dylib      0000000106E7708F  Unknown               Unknown  Unknown
ESMF_FieldBundleS  000000010523209F  _MAIN__                    75  ESMF_FieldBundleSMMEx.F90
ESMF_FieldBundleS  0000000105231C6E  Unknown               Unknown  Unknown
forrtl: severe (174): SIGSEGV, segmentation fault occurred
Image              PC                Routine            Line        Source             
ESMF_FieldBundleS  000000010B0DE8E4  Unknown               Unknown  Unknown
libsystem_platfor  00007FFF6A61FB5D  Unknown               Unknown  Unknown
libmpi.40.dylib    000000010F7F62A1  Unknown               Unknown  Unknown
libesmf.dylib      000000010BF000F8  Unknown               Unknown  Unknown
libesmf.dylib      000000010BEDF6B9  Unknown               Unknown  Unknown
libesmf.dylib      000000010BF2A8CC  Unknown               Unknown  Unknown
libesmf.dylib      000000010D0F53DC  Unknown               Unknown  Unknown
libesmf.dylib      000000010CCFA91E  Unknown               Unknown  Unknown
libesmf.dylib      000000010CCFA08F  Unknown               Unknown  Unknown
ESMF_FieldBundleS  000000010B0B509F  _MAIN__                    75  ESMF_FieldBundleSMMEx.F90
ESMF_FieldBundleS  000000010B0B4C6E  Unknown               Unknown  Unknown
forrtl: severe (174): SIGSEGV, segmentation fault occurred
Image              PC                Routine            Line        Source             
ESMF_FieldBundleS  00000001054A88E4  Unknown               Unknown  Unknown
libsystem_platfor  00007FFF6A61FB5D  Unknown               Unknown  Unknown
libmpi.40.dylib    0000000109BC82A1  Unknown               Unknown  Unknown
libesmf.dylib      00000001062C80F8  Unknown               Unknown  Unknown
libesmf.dylib      00000001062A76B9  Unknown               Unknown  Unknown
libesmf.dylib      00000001062F28CC  Unknown               Unknown  Unknown
libesmf.dylib      00000001074BD3DC  Unknown               Unknown  Unknown
libesmf.dylib      00000001070C291E  Unknown               Unknown  Unknown
libesmf.dylib      00000001070C208F  Unknown               Unknown  Unknown
ESMF_FieldBundleS  000000010547F09F  _MAIN__                    75  ESMF_FieldBundleSMMEx.F90
ESMF_FieldBundleS  000000010547EC6E  Unknown               Unknown  Unknown
forrtl: severe (174): SIGSEGV, segmentation fault occurred
Image              PC                Routine            Line        Source             
ESMF_FieldBundleS  000000010BA0A8E4  Unknown               Unknown  Unknown
libsystem_platfor  00007FFF6A61FB5D  Unknown               Unknown  Unknown
libmpi.40.dylib    00000001101292A1  Unknown               Unknown  Unknown
libesmf.dylib      000000010C8300F8  Unknown               Unknown  Unknown
libesmf.dylib      000000010C80F6B9  Unknown               Unknown  Unknown
libesmf.dylib      000000010C85A8CC  Unknown               Unknown  Unknown
libesmf.dylib      000000010DA253DC  Unknown               Unknown  Unknown
libesmf.dylib      000000010D62A91E  Unknown               Unknown  Unknown
libesmf.dylib      000000010D62A08F  Unknown               Unknown  Unknown
ESMF_FieldBundleS  000000010B9E109F  _MAIN__                    75  ESMF_FieldBundleSMMEx.F90
ESMF_FieldBundleS  000000010B9E0C6E  Unknown               Unknown  Unknown
