forrtl: severe (174): SIGSEGV, segmentation fault occurred
Image              PC                Routine            Line        Source             
ESMF_StateReadWri  000000010CA2EF14  Unknown               Unknown  Unknown
libsystem_platfor  00007FFF6A61FB5D  Unknown               Unknown  Unknown
libmpi.40.dylib    00000001111372A1  Unknown               Unknown  Unknown
libesmf.dylib      000000010D84A550  Unknown               Unknown  Unknown
libesmf.dylib      000000010D829B11  Unknown               Unknown  Unknown
libesmf.dylib      000000010D874D24  Unknown               Unknown  Unknown
libesmf.dylib      000000010EA2E51C  Unknown               Unknown  Unknown
libesmf.dylib      000000010E633A5E  Unknown               Unknown  Unknown
libesmf.dylib      000000010E6331CF  Unknown               Unknown  Unknown
ESMF_StateReadWri  000000010CA08B91  _MAIN__                    60  ESMF_StateReadWriteEx.F90
ESMF_StateReadWri  000000010CA088AE  Unknown               Unknown  Unknown
forrtl: severe (174): SIGSEGV, segmentation fault occurred
Image              PC                Routine            Line        Source             
ESMF_StateReadWri  000000010B76EF14  Unknown               Unknown  Unknown
libsystem_platfor  00007FFF6A61FB5D  Unknown               Unknown  Unknown
libmpi.40.dylib    000000010FE722A1  Unknown               Unknown  Unknown
libesmf.dylib      000000010C590550  Unknown               Unknown  Unknown
libesmf.dylib      000000010C56FB11  Unknown               Unknown  Unknown
libesmf.dylib      000000010C5BAD24  Unknown               Unknown  Unknown
libesmf.dylib      000000010D77451C  Unknown               Unknown  Unknown
libesmf.dylib      000000010D379A5E  Unknown               Unknown  Unknown
libesmf.dylib      000000010D3791CF  Unknown               Unknown  Unknown
ESMF_StateReadWri  000000010B748B91  _MAIN__                    60  ESMF_StateReadWriteEx.F90
ESMF_StateReadWri  000000010B7488AE  Unknown               Unknown  Unknown
forrtl: severe (174): SIGSEGV, segmentation fault occurred
Image              PC                Routine            Line        Source             
ESMF_StateReadWri  000000010067DF14  Unknown               Unknown  Unknown
libsystem_platfor  00007FFF6A61FB5D  Unknown               Unknown  Unknown
libmpi.40.dylib    0000000104D822A1  Unknown               Unknown  Unknown
libesmf.dylib      000000010149A550  Unknown               Unknown  Unknown
libesmf.dylib      0000000101479B11  Unknown               Unknown  Unknown
libesmf.dylib      00000001014C4D24  Unknown               Unknown  Unknown
libesmf.dylib      000000010267E51C  Unknown               Unknown  Unknown
libesmf.dylib      0000000102283A5E  Unknown               Unknown  Unknown
libesmf.dylib      00000001022831CF  Unknown               Unknown  Unknown
ESMF_StateReadWri  0000000100657B91  _MAIN__                    60  ESMF_StateReadWriteEx.F90
ESMF_StateReadWri  00000001006578AE  Unknown               Unknown  Unknown
forrtl: severe (174): SIGSEGV, segmentation fault occurred
Image              PC                Routine            Line        Source             
ESMF_StateReadWri  0000000108FB8F14  Unknown               Unknown  Unknown
libsystem_platfor  00007FFF6A61FB5D  Unknown               Unknown  Unknown
libmpi.40.dylib    00000001093A32A1  Unknown               Unknown  Unknown
libesmf.dylib      000000010CDEA550  Unknown               Unknown  Unknown
libesmf.dylib      000000010CDC9B11  Unknown               Unknown  Unknown
libesmf.dylib      000000010CE14D24  Unknown               Unknown  Unknown
libesmf.dylib      000000010DFCE51C  Unknown               Unknown  Unknown
libesmf.dylib      000000010DBD3A5E  Unknown               Unknown  Unknown
libesmf.dylib      000000010DBD31CF  Unknown               Unknown  Unknown
ESMF_StateReadWri  0000000108F92B91  _MAIN__                    60  ESMF_StateReadWriteEx.F90
ESMF_StateReadWri  0000000108F928AE  Unknown               Unknown  Unknown
