forrtl: severe (174): SIGSEGV, segmentation fault occurred
Image              PC                Routine            Line        Source             
ESMF_FieldRegridE  0000000100D8D934  Unknown               Unknown  Unknown
libsystem_platfor  00007FFF7C190B5D  Unknown               Unknown  Unknown
libmpi.40.dylib    00000001054912A1  Unknown               Unknown  Unknown
libesmf.dylib      0000000101BAC550  Unknown               Unknown  Unknown
libesmf.dylib      0000000101B8BB11  Unknown               Unknown  Unknown
libesmf.dylib      0000000101BD6D24  Unknown               Unknown  Unknown
libesmf.dylib      0000000102D9051C  Unknown               Unknown  Unknown
libesmf.dylib      0000000102995A5E  Unknown               Unknown  Unknown
libesmf.dylib      00000001029951CF  Unknown               Unknown  Unknown
ESMF_FieldRegridE  0000000100D62309  _MAIN__                    97  ESMF_FieldRegridEx.F90
ESMF_FieldRegridE  0000000100D61FAE  Unknown               Unknown  Unknown
forrtl: severe (174): SIGSEGV, segmentation fault occurred
Image              PC                Routine            Line        Source             
ESMF_FieldRegridE  0000000106B46934  Unknown               Unknown  Unknown
libsystem_platfor  00007FFF7C190B5D  Unknown               Unknown  Unknown
libmpi.40.dylib    000000010B2512A1  Unknown               Unknown  Unknown
libesmf.dylib      0000000107968550  Unknown               Unknown  Unknown
libesmf.dylib      0000000107947B11  Unknown               Unknown  Unknown
libesmf.dylib      0000000107992D24  Unknown               Unknown  Unknown
libesmf.dylib      0000000108B4C51C  Unknown               Unknown  Unknown
libesmf.dylib      0000000108751A5E  Unknown               Unknown  Unknown
libesmf.dylib      00000001087511CF  Unknown               Unknown  Unknown
ESMF_FieldRegridE  0000000106B1B309  _MAIN__                    97  ESMF_FieldRegridEx.F90
ESMF_FieldRegridE  0000000106B1AFAE  Unknown               Unknown  Unknown
forrtl: severe (174): SIGSEGV, segmentation fault occurred
Image              PC                Routine            Line        Source             
ESMF_FieldRegridE  0000000109749934  Unknown               Unknown  Unknown
libsystem_platfor  00007FFF7C190B5D  Unknown               Unknown  Unknown
libmpi.40.dylib    000000010DE562A1  Unknown               Unknown  Unknown
libesmf.dylib      000000010A56B550  Unknown               Unknown  Unknown
libesmf.dylib      000000010A54AB11  Unknown               Unknown  Unknown
libesmf.dylib      000000010A595D24  Unknown               Unknown  Unknown
libesmf.dylib      000000010B74F51C  Unknown               Unknown  Unknown
libesmf.dylib      000000010B354A5E  Unknown               Unknown  Unknown
libesmf.dylib      000000010B3541CF  Unknown               Unknown  Unknown
ESMF_FieldRegridE  000000010971E309  _MAIN__                    97  ESMF_FieldRegridEx.F90
ESMF_FieldRegridE  000000010971DFAE  Unknown               Unknown  Unknown
forrtl: severe (174): SIGSEGV, segmentation fault occurred
Image              PC                Routine            Line        Source             
ESMF_FieldRegridE  0000000104F85934  Unknown               Unknown  Unknown
libsystem_platfor  00007FFF7C190B5D  Unknown               Unknown  Unknown
libmpi.40.dylib    00000001096912A1  Unknown               Unknown  Unknown
libesmf.dylib      0000000105DA9550  Unknown               Unknown  Unknown
libesmf.dylib      0000000105D88B11  Unknown               Unknown  Unknown
libesmf.dylib      0000000105DD3D24  Unknown               Unknown  Unknown
libesmf.dylib      0000000106F8D51C  Unknown               Unknown  Unknown
libesmf.dylib      0000000106B92A5E  Unknown               Unknown  Unknown
libesmf.dylib      0000000106B921CF  Unknown               Unknown  Unknown
ESMF_FieldRegridE  0000000104F5A309  _MAIN__                    97  ESMF_FieldRegridEx.F90
ESMF_FieldRegridE  0000000104F59FAE  Unknown               Unknown  Unknown
