forrtl: severe (174): SIGSEGV, segmentation fault occurred
Image              PC                Routine            Line        Source             
ESMF_DELayoutEx    0000000109077D74  Unknown               Unknown  Unknown
libsystem_platfor  00007FFF7C190B5D  Unknown               Unknown  Unknown
libmpi.40.dylib    00000001094622A1  Unknown               Unknown  Unknown
libesmf.dylib      000000010A3BD550  Unknown               Unknown  Unknown
libesmf.dylib      000000010A39CB11  Unknown               Unknown  Unknown
libesmf.dylib      000000010A3E7D24  Unknown               Unknown  Unknown
libesmf.dylib      000000010B5A151C  Unknown               Unknown  Unknown
libesmf.dylib      000000010B1A6A5E  Unknown               Unknown  Unknown
libesmf.dylib      000000010B1A61CF  Unknown               Unknown  Unknown
ESMF_DELayoutEx    000000010904F06D  _MAIN__                    51  ESMF_DELayoutEx.F90
ESMF_DELayoutEx    000000010904EE4E  Unknown               Unknown  Unknown
forrtl: severe (174): SIGSEGV, segmentation fault occurred
Image              PC                Routine            Line        Source             
ESMF_DELayoutEx    00000001050CCD74  Unknown               Unknown  Unknown
libsystem_platfor  00007FFF7C190B5D  Unknown               Unknown  Unknown
libmpi.40.dylib    00000001097D62A1  Unknown               Unknown  Unknown
libesmf.dylib      0000000105EED550  Unknown               Unknown  Unknown
libesmf.dylib      0000000105ECCB11  Unknown               Unknown  Unknown
libesmf.dylib      0000000105F17D24  Unknown               Unknown  Unknown
libesmf.dylib      00000001070D151C  Unknown               Unknown  Unknown
libesmf.dylib      0000000106CD6A5E  Unknown               Unknown  Unknown
libesmf.dylib      0000000106CD61CF  Unknown               Unknown  Unknown
ESMF_DELayoutEx    00000001050A406D  _MAIN__                    51  ESMF_DELayoutEx.F90
ESMF_DELayoutEx    00000001050A3E4E  Unknown               Unknown  Unknown
forrtl: severe (174): SIGSEGV, segmentation fault occurred
Image              PC                Routine            Line        Source             
ESMF_DELayoutEx    000000010B442D74  Unknown               Unknown  Unknown
libsystem_platfor  00007FFF7C190B5D  Unknown               Unknown  Unknown
libmpi.40.dylib    000000010FB4B2A1  Unknown               Unknown  Unknown
libesmf.dylib      000000010C25F550  Unknown               Unknown  Unknown
libesmf.dylib      000000010C23EB11  Unknown               Unknown  Unknown
libesmf.dylib      000000010C289D24  Unknown               Unknown  Unknown
libesmf.dylib      000000010D44351C  Unknown               Unknown  Unknown
libesmf.dylib      000000010D048A5E  Unknown               Unknown  Unknown
libesmf.dylib      000000010D0481CF  Unknown               Unknown  Unknown
ESMF_DELayoutEx    000000010B41A06D  _MAIN__                    51  ESMF_DELayoutEx.F90
ESMF_DELayoutEx    000000010B419E4E  Unknown               Unknown  Unknown
forrtl: severe (174): SIGSEGV, segmentation fault occurred
Image              PC                Routine            Line        Source             
ESMF_DELayoutEx    00000001035E1D74  Unknown               Unknown  Unknown
libsystem_platfor  00007FFF7C190B5D  Unknown               Unknown  Unknown
libmpi.40.dylib    0000000107CED2A1  Unknown               Unknown  Unknown
libesmf.dylib      0000000104402550  Unknown               Unknown  Unknown
libesmf.dylib      00000001043E1B11  Unknown               Unknown  Unknown
libesmf.dylib      000000010442CD24  Unknown               Unknown  Unknown
libesmf.dylib      00000001055E651C  Unknown               Unknown  Unknown
libesmf.dylib      00000001051EBA5E  Unknown               Unknown  Unknown
libesmf.dylib      00000001051EB1CF  Unknown               Unknown  Unknown
ESMF_DELayoutEx    00000001035B906D  _MAIN__                    51  ESMF_DELayoutEx.F90
ESMF_DELayoutEx    00000001035B8E4E  Unknown               Unknown  Unknown
