forrtl: severe (174): SIGSEGV, segmentation fault occurred
Image              PC                Routine            Line        Source             
ESMF_GridUsageEx   000000010FB92734  Unknown               Unknown  Unknown
libsystem_platfor  00007FFF6A61FB5D  Unknown               Unknown  Unknown
libmpi.40.dylib    000000010FF812A1  Unknown               Unknown  Unknown
libesmf.dylib      0000000112881550  Unknown               Unknown  Unknown
libesmf.dylib      0000000112860B11  Unknown               Unknown  Unknown
libesmf.dylib      00000001128ABD24  Unknown               Unknown  Unknown
libesmf.dylib      0000000113A6551C  Unknown               Unknown  Unknown
libesmf.dylib      000000011366AA5E  Unknown               Unknown  Unknown
libesmf.dylib      000000011366A1CF  Unknown               Unknown  Unknown
ESMF_GridUsageEx   000000010FB53E96  _MAIN__                    86  ESMF_GridUsageEx.F90
ESMF_GridUsageEx   000000010FB53A1E  Unknown               Unknown  Unknown
forrtl: severe (174): SIGSEGV, segmentation fault occurred
Image              PC                Routine            Line        Source             
ESMF_GridUsageEx   000000010C88A734  Unknown               Unknown  Unknown
libsystem_platfor  00007FFF6A61FB5D  Unknown               Unknown  Unknown
libmpi.40.dylib    0000000110F972A1  Unknown               Unknown  Unknown
libesmf.dylib      000000010D6B1550  Unknown               Unknown  Unknown
libesmf.dylib      000000010D690B11  Unknown               Unknown  Unknown
libesmf.dylib      000000010D6DBD24  Unknown               Unknown  Unknown
libesmf.dylib      000000010E89551C  Unknown               Unknown  Unknown
libesmf.dylib      000000010E49AA5E  Unknown               Unknown  Unknown
libesmf.dylib      000000010E49A1CF  Unknown               Unknown  Unknown
ESMF_GridUsageEx   000000010C84BE96  _MAIN__                    86  ESMF_GridUsageEx.F90
ESMF_GridUsageEx   000000010C84BA1E  Unknown               Unknown  Unknown
forrtl: severe (174): SIGSEGV, segmentation fault occurred
Image              PC                Routine            Line        Source             
ESMF_GridUsageEx   000000010A552734  Unknown               Unknown  Unknown
libsystem_platfor  00007FFF6A61FB5D  Unknown               Unknown  Unknown
libmpi.40.dylib    000000010A9412A1  Unknown               Unknown  Unknown
libesmf.dylib      000000010F4FD550  Unknown               Unknown  Unknown
libesmf.dylib      000000010F4DCB11  Unknown               Unknown  Unknown
libesmf.dylib      000000010F527D24  Unknown               Unknown  Unknown
libesmf.dylib      00000001106E151C  Unknown               Unknown  Unknown
libesmf.dylib      00000001102E6A5E  Unknown               Unknown  Unknown
libesmf.dylib      00000001102E61CF  Unknown               Unknown  Unknown
ESMF_GridUsageEx   000000010A513E96  _MAIN__                    86  ESMF_GridUsageEx.F90
ESMF_GridUsageEx   000000010A513A1E  Unknown               Unknown  Unknown
forrtl: severe (174): SIGSEGV, segmentation fault occurred
Image              PC                Routine            Line        Source             
ESMF_GridUsageEx   0000000109EEB734  Unknown               Unknown  Unknown
libsystem_platfor  00007FFF6A61FB5D  Unknown               Unknown  Unknown
libmpi.40.dylib    000000010E5FA2A1  Unknown               Unknown  Unknown
libesmf.dylib      000000010AD0F550  Unknown               Unknown  Unknown
libesmf.dylib      000000010ACEEB11  Unknown               Unknown  Unknown
libesmf.dylib      000000010AD39D24  Unknown               Unknown  Unknown
libesmf.dylib      000000010BEF351C  Unknown               Unknown  Unknown
libesmf.dylib      000000010BAF8A5E  Unknown               Unknown  Unknown
libesmf.dylib      000000010BAF81CF  Unknown               Unknown  Unknown
ESMF_GridUsageEx   0000000109EACE96  _MAIN__                    86  ESMF_GridUsageEx.F90
ESMF_GridUsageEx   0000000109EACA1E  Unknown               Unknown  Unknown
