forrtl: severe (174): SIGSEGV, segmentation fault occurred
Image              PC                Routine            Line        Source             
ESMF_AttachMethod  000000010CE20C14  Unknown               Unknown  Unknown
libsystem_platfor  00007FFF7C190B5D  Unknown               Unknown  Unknown
libmpi.40.dylib    000000010D20C2A1  Unknown               Unknown  Unknown
libesmf.dylib      000000010F77B550  Unknown               Unknown  Unknown
libesmf.dylib      000000010F75AB11  Unknown               Unknown  Unknown
libesmf.dylib      000000010F7A5D24  Unknown               Unknown  Unknown
libesmf.dylib      000000011095F51C  Unknown               Unknown  Unknown
libesmf.dylib      0000000110564A5E  Unknown               Unknown  Unknown
libesmf.dylib      00000001105641CF  Unknown               Unknown  Unknown
ESMF_AttachMethod  000000010CDFA841  _MAIN__                   224  ESMF_AttachMethodsEx.F90
ESMF_AttachMethod  000000010CDFA18E  Unknown               Unknown  Unknown
forrtl: severe (174): SIGSEGV, segmentation fault occurred
Image              PC                Routine            Line        Source             
ESMF_AttachMethod  000000010B5AFC14  Unknown               Unknown  Unknown
libsystem_platfor  00007FFF7C190B5D  Unknown               Unknown  Unknown
libmpi.40.dylib    000000010B99B2A1  Unknown               Unknown  Unknown
libesmf.dylib      000000010DA43550  Unknown               Unknown  Unknown
libesmf.dylib      000000010DA22B11  Unknown               Unknown  Unknown
libesmf.dylib      000000010DA6DD24  Unknown               Unknown  Unknown
libesmf.dylib      000000010EC2751C  Unknown               Unknown  Unknown
libesmf.dylib      000000010E82CA5E  Unknown               Unknown  Unknown
libesmf.dylib      000000010E82C1CF  Unknown               Unknown  Unknown
ESMF_AttachMethod  000000010B589841  _MAIN__                   224  ESMF_AttachMethodsEx.F90
ESMF_AttachMethod  000000010B58918E  Unknown               Unknown  Unknown
forrtl: severe (174): SIGSEGV, segmentation fault occurred
Image              PC                Routine            Line        Source             
ESMF_AttachMethod  000000010FE6CC14  Unknown               Unknown  Unknown
libsystem_platfor  00007FFF7C190B5D  Unknown               Unknown  Unknown
libmpi.40.dylib    00000001102582A1  Unknown               Unknown  Unknown
libesmf.dylib      00000001133B6550  Unknown               Unknown  Unknown
libesmf.dylib      0000000113395B11  Unknown               Unknown  Unknown
libesmf.dylib      00000001133E0D24  Unknown               Unknown  Unknown
libesmf.dylib      000000011459A51C  Unknown               Unknown  Unknown
libesmf.dylib      000000011419FA5E  Unknown               Unknown  Unknown
libesmf.dylib      000000011419F1CF  Unknown               Unknown  Unknown
ESMF_AttachMethod  000000010FE46841  _MAIN__                   224  ESMF_AttachMethodsEx.F90
ESMF_AttachMethod  000000010FE4618E  Unknown               Unknown  Unknown
forrtl: severe (174): SIGSEGV, segmentation fault occurred
Image              PC                Routine            Line        Source             
ESMF_AttachMethod  000000010A30CC14  Unknown               Unknown  Unknown
libsystem_platfor  00007FFF7C190B5D  Unknown               Unknown  Unknown
libmpi.40.dylib    000000010EA182A1  Unknown               Unknown  Unknown
libesmf.dylib      000000010B129550  Unknown               Unknown  Unknown
libesmf.dylib      000000010B108B11  Unknown               Unknown  Unknown
libesmf.dylib      000000010B153D24  Unknown               Unknown  Unknown
libesmf.dylib      000000010C30D51C  Unknown               Unknown  Unknown
libesmf.dylib      000000010BF12A5E  Unknown               Unknown  Unknown
libesmf.dylib      000000010BF121CF  Unknown               Unknown  Unknown
ESMF_AttachMethod  000000010A2E6841  _MAIN__                   224  ESMF_AttachMethodsEx.F90
ESMF_AttachMethod  000000010A2E618E  Unknown               Unknown  Unknown
