forrtl: severe (174): SIGSEGV, segmentation fault occurred
Image              PC                Routine            Line        Source             
ESMF_FieldHaloEx   000000010140AD54  Unknown               Unknown  Unknown
libsystem_platfor  00007FFF7C190B5D  Unknown               Unknown  Unknown
libmpi.40.dylib    0000000105B122A1  Unknown               Unknown  Unknown
libesmf.dylib      000000010222A550  Unknown               Unknown  Unknown
libesmf.dylib      0000000102209B11  Unknown               Unknown  Unknown
libesmf.dylib      0000000102254D24  Unknown               Unknown  Unknown
libesmf.dylib      000000010340E51C  Unknown               Unknown  Unknown
libesmf.dylib      0000000103013A5E  Unknown               Unknown  Unknown
libesmf.dylib      00000001030131CF  Unknown               Unknown  Unknown
ESMF_FieldHaloEx   00000001013E263E  _MAIN__                    73  ESMF_FieldHaloEx.F90
ESMF_FieldHaloEx   00000001013E23AE  Unknown               Unknown  Unknown
forrtl: severe (174): SIGSEGV, segmentation fault occurred
Image              PC                Routine            Line        Source             
ESMF_FieldHaloEx   000000010C3D5D54  Unknown               Unknown  Unknown
libsystem_platfor  00007FFF7C190B5D  Unknown               Unknown  Unknown
libmpi.40.dylib    0000000110ADD2A1  Unknown               Unknown  Unknown
libesmf.dylib      000000010D1F6550  Unknown               Unknown  Unknown
libesmf.dylib      000000010D1D5B11  Unknown               Unknown  Unknown
libesmf.dylib      000000010D220D24  Unknown               Unknown  Unknown
libesmf.dylib      000000010E3DA51C  Unknown               Unknown  Unknown
libesmf.dylib      000000010DFDFA5E  Unknown               Unknown  Unknown
libesmf.dylib      000000010DFDF1CF  Unknown               Unknown  Unknown
ESMF_FieldHaloEx   000000010C3AD63E  _MAIN__                    73  ESMF_FieldHaloEx.F90
ESMF_FieldHaloEx   000000010C3AD3AE  Unknown               Unknown  Unknown
forrtl: severe (174): SIGSEGV, segmentation fault occurred
Image              PC                Routine            Line        Source             
ESMF_FieldHaloEx   0000000106F5CD54  Unknown               Unknown  Unknown
libsystem_platfor  00007FFF7C190B5D  Unknown               Unknown  Unknown
libmpi.40.dylib    000000010B6672A1  Unknown               Unknown  Unknown
libesmf.dylib      0000000107D7F550  Unknown               Unknown  Unknown
libesmf.dylib      0000000107D5EB11  Unknown               Unknown  Unknown
libesmf.dylib      0000000107DA9D24  Unknown               Unknown  Unknown
libesmf.dylib      0000000108F6351C  Unknown               Unknown  Unknown
libesmf.dylib      0000000108B68A5E  Unknown               Unknown  Unknown
libesmf.dylib      0000000108B681CF  Unknown               Unknown  Unknown
ESMF_FieldHaloEx   0000000106F3463E  _MAIN__                    73  ESMF_FieldHaloEx.F90
ESMF_FieldHaloEx   0000000106F343AE  Unknown               Unknown  Unknown
forrtl: severe (174): SIGSEGV, segmentation fault occurred
Image              PC                Routine            Line        Source             
ESMF_FieldHaloEx   000000010C470D54  Unknown               Unknown  Unknown
libsystem_platfor  00007FFF7C190B5D  Unknown               Unknown  Unknown
libmpi.40.dylib    0000000110CEC2A1  Unknown               Unknown  Unknown
libesmf.dylib      000000010D5ED550  Unknown               Unknown  Unknown
libesmf.dylib      000000010D5CCB11  Unknown               Unknown  Unknown
libesmf.dylib      000000010D617D24  Unknown               Unknown  Unknown
libesmf.dylib      000000010E7D151C  Unknown               Unknown  Unknown
libesmf.dylib      000000010E3D6A5E  Unknown               Unknown  Unknown
libesmf.dylib      000000010E3D61CF  Unknown               Unknown  Unknown
ESMF_FieldHaloEx   000000010C44863E  _MAIN__                    73  ESMF_FieldHaloEx.F90
ESMF_FieldHaloEx   000000010C4483AE  Unknown               Unknown  Unknown
