forrtl: severe (174): SIGSEGV, segmentation fault occurred
Image              PC                Routine            Line        Source             
ESMF_GCompEx       000000010CAE6524  Unknown               Unknown  Unknown
libsystem_platfor  00007FFF6A61FB5D  Unknown               Unknown  Unknown
libmpi.40.dylib    00000001111F62A1  Unknown               Unknown  Unknown
libesmf.dylib      000000010D90C550  Unknown               Unknown  Unknown
libesmf.dylib      000000010D8EBB11  Unknown               Unknown  Unknown
libesmf.dylib      000000010D936D24  Unknown               Unknown  Unknown
libesmf.dylib      000000010EAF051C  Unknown               Unknown  Unknown
libesmf.dylib      000000010E6F5A5E  Unknown               Unknown  Unknown
libesmf.dylib      000000010E6F51CF  Unknown               Unknown  Unknown
ESMF_GCompEx       000000010CABF805  _MAIN__                   297  ESMF_GCompEx.F90
ESMF_GCompEx       000000010CABEFCE  Unknown               Unknown  Unknown
forrtl: severe (174): SIGSEGV, segmentation fault occurred
Image              PC                Routine            Line        Source             
ESMF_GCompEx       00000001011E5524  Unknown               Unknown  Unknown
libsystem_platfor  00007FFF6A61FB5D  Unknown               Unknown  Unknown
libmpi.40.dylib    00000001058EF2A1  Unknown               Unknown  Unknown
libesmf.dylib      0000000102006550  Unknown               Unknown  Unknown
libesmf.dylib      0000000101FE5B11  Unknown               Unknown  Unknown
libesmf.dylib      0000000102030D24  Unknown               Unknown  Unknown
libesmf.dylib      00000001031EA51C  Unknown               Unknown  Unknown
libesmf.dylib      0000000102DEFA5E  Unknown               Unknown  Unknown
libesmf.dylib      0000000102DEF1CF  Unknown               Unknown  Unknown
ESMF_GCompEx       00000001011BE805  _MAIN__                   297  ESMF_GCompEx.F90
ESMF_GCompEx       00000001011BDFCE  Unknown               Unknown  Unknown
forrtl: severe (174): SIGSEGV, segmentation fault occurred
Image              PC                Routine            Line        Source             
ESMF_GCompEx       000000010D6C6524  Unknown               Unknown  Unknown
libsystem_platfor  00007FFF6A61FB5D  Unknown               Unknown  Unknown
libmpi.40.dylib    0000000111DD52A1  Unknown               Unknown  Unknown
libesmf.dylib      000000010E4E6550  Unknown               Unknown  Unknown
libesmf.dylib      000000010E4C5B11  Unknown               Unknown  Unknown
libesmf.dylib      000000010E510D24  Unknown               Unknown  Unknown
libesmf.dylib      000000010F6CA51C  Unknown               Unknown  Unknown
libesmf.dylib      000000010F2CFA5E  Unknown               Unknown  Unknown
libesmf.dylib      000000010F2CF1CF  Unknown               Unknown  Unknown
ESMF_GCompEx       000000010D69F805  _MAIN__                   297  ESMF_GCompEx.F90
ESMF_GCompEx       000000010D69EFCE  Unknown               Unknown  Unknown
forrtl: severe (174): SIGSEGV, segmentation fault occurred
Image              PC                Routine            Line        Source             
ESMF_GCompEx       0000000106D9D524  Unknown               Unknown  Unknown
libsystem_platfor  00007FFF6A61FB5D  Unknown               Unknown  Unknown
libmpi.40.dylib    000000010B4A62A1  Unknown               Unknown  Unknown
libesmf.dylib      0000000107BBE550  Unknown               Unknown  Unknown
libesmf.dylib      0000000107B9DB11  Unknown               Unknown  Unknown
libesmf.dylib      0000000107BE8D24  Unknown               Unknown  Unknown
libesmf.dylib      0000000108DA251C  Unknown               Unknown  Unknown
libesmf.dylib      00000001089A7A5E  Unknown               Unknown  Unknown
libesmf.dylib      00000001089A71CF  Unknown               Unknown  Unknown
ESMF_GCompEx       0000000106D76805  _MAIN__                   297  ESMF_GCompEx.F90
ESMF_GCompEx       0000000106D75FCE  Unknown               Unknown  Unknown
