forrtl: severe (174): SIGSEGV, segmentation fault occurred
Image              PC                Routine            Line        Source             
ESMF_RHandleReusa  0000000109DB87B4  Unknown               Unknown  Unknown
libsystem_platfor  00007FFF6A61FB5D  Unknown               Unknown  Unknown
libmpi.40.dylib    000000010E4C82A1  Unknown               Unknown  Unknown
libesmf.dylib      000000010ABDB550  Unknown               Unknown  Unknown
libesmf.dylib      000000010ABBAB11  Unknown               Unknown  Unknown
libesmf.dylib      000000010AC05D24  Unknown               Unknown  Unknown
libesmf.dylib      000000010BDBF51C  Unknown               Unknown  Unknown
libesmf.dylib      000000010B9C4A5E  Unknown               Unknown  Unknown
libesmf.dylib      000000010B9C41CF  Unknown               Unknown  Unknown
ESMF_RHandleReusa  0000000109D8C92D  _MAIN__                    58  ESMF_RHandleReusabilityEx.F90
ESMF_RHandleReusa  0000000109D8C4DE  Unknown               Unknown  Unknown
forrtl: severe (174): SIGSEGV, segmentation fault occurred
Image              PC                Routine            Line        Source             
ESMF_RHandleReusa  0000000107B2F7B4  Unknown               Unknown  Unknown
libsystem_platfor  00007FFF6A61FB5D  Unknown               Unknown  Unknown
libmpi.40.dylib    0000000107F1D2A1  Unknown               Unknown  Unknown
libesmf.dylib      000000010956B550  Unknown               Unknown  Unknown
libesmf.dylib      000000010954AB11  Unknown               Unknown  Unknown
libesmf.dylib      0000000109595D24  Unknown               Unknown  Unknown
libesmf.dylib      000000010A74F51C  Unknown               Unknown  Unknown
libesmf.dylib      000000010A354A5E  Unknown               Unknown  Unknown
libesmf.dylib      000000010A3541CF  Unknown               Unknown  Unknown
ESMF_RHandleReusa  0000000107B0392D  _MAIN__                    58  ESMF_RHandleReusabilityEx.F90
ESMF_RHandleReusa  0000000107B034DE  Unknown               Unknown  Unknown
forrtl: severe (174): SIGSEGV, segmentation fault occurred
Image              PC                Routine            Line        Source             
ESMF_RHandleReusa  00000001017A27B4  Unknown               Unknown  Unknown
libsystem_platfor  00007FFF6A61FB5D  Unknown               Unknown  Unknown
libmpi.40.dylib    0000000105EB12A1  Unknown               Unknown  Unknown
libesmf.dylib      00000001025C5550  Unknown               Unknown  Unknown
libesmf.dylib      00000001025A4B11  Unknown               Unknown  Unknown
libesmf.dylib      00000001025EFD24  Unknown               Unknown  Unknown
libesmf.dylib      00000001037A951C  Unknown               Unknown  Unknown
libesmf.dylib      00000001033AEA5E  Unknown               Unknown  Unknown
libesmf.dylib      00000001033AE1CF  Unknown               Unknown  Unknown
ESMF_RHandleReusa  000000010177692D  _MAIN__                    58  ESMF_RHandleReusabilityEx.F90
ESMF_RHandleReusa  00000001017764DE  Unknown               Unknown  Unknown
forrtl: severe (174): SIGSEGV, segmentation fault occurred
Image              PC                Routine            Line        Source             
ESMF_RHandleReusa  000000010FCC57B4  Unknown               Unknown  Unknown
libsystem_platfor  00007FFF6A61FB5D  Unknown               Unknown  Unknown
libmpi.40.dylib    00000001143CF2A1  Unknown               Unknown  Unknown
libesmf.dylib      0000000110AE6550  Unknown               Unknown  Unknown
libesmf.dylib      0000000110AC5B11  Unknown               Unknown  Unknown
libesmf.dylib      0000000110B10D24  Unknown               Unknown  Unknown
libesmf.dylib      0000000111CCA51C  Unknown               Unknown  Unknown
libesmf.dylib      00000001118CFA5E  Unknown               Unknown  Unknown
libesmf.dylib      00000001118CF1CF  Unknown               Unknown  Unknown
ESMF_RHandleReusa  000000010FC9992D  _MAIN__                    58  ESMF_RHandleReusabilityEx.F90
ESMF_RHandleReusa  000000010FC994DE  Unknown               Unknown  Unknown
