forrtl: severe (174): SIGSEGV, segmentation fault occurred
Image              PC                Routine            Line        Source             
ESMF_ArrayCommNBE  00000001067B4F94  Unknown               Unknown  Unknown
libsystem_platfor  00007FFF7C190B5D  Unknown               Unknown  Unknown
libmpi.40.dylib    0000000106B9F2A1  Unknown               Unknown  Unknown
libesmf.dylib      0000000108C95550  Unknown               Unknown  Unknown
libesmf.dylib      0000000108C74B11  Unknown               Unknown  Unknown
libesmf.dylib      0000000108CBFD24  Unknown               Unknown  Unknown
libesmf.dylib      0000000109E7951C  Unknown               Unknown  Unknown
libesmf.dylib      0000000109A7EA5E  Unknown               Unknown  Unknown
libesmf.dylib      0000000109A7E1CF  Unknown               Unknown  Unknown
ESMF_ArrayCommNBE  000000010678E563  _MAIN__                    52  ESMF_ArrayCommNBEx.F90
ESMF_ArrayCommNBE  000000010678E2AE  Unknown               Unknown  Unknown
forrtl: severe (174): SIGSEGV, segmentation fault occurred
Image              PC                Routine            Line        Source             
ESMF_ArrayCommNBE  000000010EA19F94  Unknown               Unknown  Unknown
libsystem_platfor  00007FFF7C190B5D  Unknown               Unknown  Unknown
libmpi.40.dylib    00000001131202A1  Unknown               Unknown  Unknown
libesmf.dylib      000000010F837550  Unknown               Unknown  Unknown
libesmf.dylib      000000010F816B11  Unknown               Unknown  Unknown
libesmf.dylib      000000010F861D24  Unknown               Unknown  Unknown
libesmf.dylib      0000000110A1B51C  Unknown               Unknown  Unknown
libesmf.dylib      0000000110620A5E  Unknown               Unknown  Unknown
libesmf.dylib      00000001106201CF  Unknown               Unknown  Unknown
ESMF_ArrayCommNBE  000000010E9F3563  _MAIN__                    52  ESMF_ArrayCommNBEx.F90
ESMF_ArrayCommNBE  000000010E9F32AE  Unknown               Unknown  Unknown
forrtl: severe (174): SIGSEGV, segmentation fault occurred
Image              PC                Routine            Line        Source             
ESMF_ArrayCommNBE  0000000105562F94  Unknown               Unknown  Unknown
libsystem_platfor  00007FFF7C190B5D  Unknown               Unknown  Unknown
libmpi.40.dylib    0000000109C6D2A1  Unknown               Unknown  Unknown
libesmf.dylib      0000000106380550  Unknown               Unknown  Unknown
libesmf.dylib      000000010635FB11  Unknown               Unknown  Unknown
libesmf.dylib      00000001063AAD24  Unknown               Unknown  Unknown
libesmf.dylib      000000010756451C  Unknown               Unknown  Unknown
libesmf.dylib      0000000107169A5E  Unknown               Unknown  Unknown
libesmf.dylib      00000001071691CF  Unknown               Unknown  Unknown
ESMF_ArrayCommNBE  000000010553C563  _MAIN__                    52  ESMF_ArrayCommNBEx.F90
ESMF_ArrayCommNBE  000000010553C2AE  Unknown               Unknown  Unknown
forrtl: severe (174): SIGSEGV, segmentation fault occurred
Image              PC                Routine            Line        Source             
ESMF_ArrayCommNBE  0000000109596F94  Unknown               Unknown  Unknown
libsystem_platfor  00007FFF7C190B5D  Unknown               Unknown  Unknown
libmpi.40.dylib    00000001099812A1  Unknown               Unknown  Unknown
libesmf.dylib      000000010D37C550  Unknown               Unknown  Unknown
libesmf.dylib      000000010D35BB11  Unknown               Unknown  Unknown
libesmf.dylib      000000010D3A6D24  Unknown               Unknown  Unknown
libesmf.dylib      000000010E56051C  Unknown               Unknown  Unknown
libesmf.dylib      000000010E165A5E  Unknown               Unknown  Unknown
libesmf.dylib      000000010E1651CF  Unknown               Unknown  Unknown
ESMF_ArrayCommNBE  0000000109570563  _MAIN__                    52  ESMF_ArrayCommNBEx.F90
ESMF_ArrayCommNBE  00000001095702AE  Unknown               Unknown  Unknown
