forrtl: severe (174): SIGSEGV, segmentation fault occurred
Image              PC                Routine            Line        Source             
ESMF_ConfigOvervi  0000000109C1EAA4  Unknown               Unknown  Unknown
libsystem_platfor  00007FFF6A61FB5D  Unknown               Unknown  Unknown
libmpi.40.dylib    000000010E3332A1  Unknown               Unknown  Unknown
libesmf.dylib      000000010AA42550  Unknown               Unknown  Unknown
libesmf.dylib      000000010AA21B11  Unknown               Unknown  Unknown
libesmf.dylib      000000010AA6CD24  Unknown               Unknown  Unknown
libesmf.dylib      000000010BC2651C  Unknown               Unknown  Unknown
libesmf.dylib      000000010B82BA5E  Unknown               Unknown  Unknown
libesmf.dylib      000000010B82B1CF  Unknown               Unknown  Unknown
ESMF_ConfigOvervi  0000000109BF64FA  _MAIN__                    81  ESMF_ConfigOverviewEx.F90
ESMF_ConfigOvervi  0000000109BF62DE  Unknown               Unknown  Unknown
forrtl: severe (174): SIGSEGV, segmentation fault occurred
Image              PC                Routine            Line        Source             
ESMF_ConfigOvervi  000000010FF78AA4  Unknown               Unknown  Unknown
libsystem_platfor  00007FFF6A61FB5D  Unknown               Unknown  Unknown
libmpi.40.dylib    00000001146852A1  Unknown               Unknown  Unknown
libesmf.dylib      0000000110D9C550  Unknown               Unknown  Unknown
libesmf.dylib      0000000110D7BB11  Unknown               Unknown  Unknown
libesmf.dylib      0000000110DC6D24  Unknown               Unknown  Unknown
libesmf.dylib      0000000111F8051C  Unknown               Unknown  Unknown
libesmf.dylib      0000000111B85A5E  Unknown               Unknown  Unknown
libesmf.dylib      0000000111B851CF  Unknown               Unknown  Unknown
ESMF_ConfigOvervi  000000010FF504FA  _MAIN__                    81  ESMF_ConfigOverviewEx.F90
ESMF_ConfigOvervi  000000010FF502DE  Unknown               Unknown  Unknown
forrtl: severe (174): SIGSEGV, segmentation fault occurred
Image              PC                Routine            Line        Source             
ESMF_ConfigOvervi  0000000103893AA4  Unknown               Unknown  Unknown
libsystem_platfor  00007FFF6A61FB5D  Unknown               Unknown  Unknown
libmpi.40.dylib    0000000107F9A2A1  Unknown               Unknown  Unknown
libesmf.dylib      00000001046B3550  Unknown               Unknown  Unknown
libesmf.dylib      0000000104692B11  Unknown               Unknown  Unknown
libesmf.dylib      00000001046DDD24  Unknown               Unknown  Unknown
libesmf.dylib      000000010589751C  Unknown               Unknown  Unknown
libesmf.dylib      000000010549CA5E  Unknown               Unknown  Unknown
libesmf.dylib      000000010549C1CF  Unknown               Unknown  Unknown
ESMF_ConfigOvervi  000000010386B4FA  _MAIN__                    81  ESMF_ConfigOverviewEx.F90
ESMF_ConfigOvervi  000000010386B2DE  Unknown               Unknown  Unknown
forrtl: severe (174): SIGSEGV, segmentation fault occurred
Image              PC                Routine            Line        Source             
ESMF_ConfigOvervi  0000000107BA4AA4  Unknown               Unknown  Unknown
libsystem_platfor  00007FFF6A61FB5D  Unknown               Unknown  Unknown
libmpi.40.dylib    000000010C2AA2A1  Unknown               Unknown  Unknown
libesmf.dylib      00000001089C5550  Unknown               Unknown  Unknown
libesmf.dylib      00000001089A4B11  Unknown               Unknown  Unknown
libesmf.dylib      00000001089EFD24  Unknown               Unknown  Unknown
libesmf.dylib      0000000109BA951C  Unknown               Unknown  Unknown
libesmf.dylib      00000001097AEA5E  Unknown               Unknown  Unknown
libesmf.dylib      00000001097AE1CF  Unknown               Unknown  Unknown
ESMF_ConfigOvervi  0000000107B7C4FA  _MAIN__                    81  ESMF_ConfigOverviewEx.F90
ESMF_ConfigOvervi  0000000107B7C2DE  Unknown               Unknown  Unknown
