forrtl: severe (174): SIGSEGV, segmentation fault occurred
Image              PC                Routine            Line        Source             
ESMF_FieldEx       000000010739D974  Unknown               Unknown  Unknown
libsystem_platfor  00007FFF6A61FB5D  Unknown               Unknown  Unknown
libmpi.40.dylib    000000010BABB2A1  Unknown               Unknown  Unknown
libesmf.dylib      00000001081BD0F8  Unknown               Unknown  Unknown
libesmf.dylib      000000010819C6B9  Unknown               Unknown  Unknown
libesmf.dylib      00000001081E78CC  Unknown               Unknown  Unknown
libesmf.dylib      00000001093B23DC  Unknown               Unknown  Unknown
libesmf.dylib      0000000108FB791E  Unknown               Unknown  Unknown
libesmf.dylib      0000000108FB708F  Unknown               Unknown  Unknown
ESMF_FieldEx       000000010736E22F  _MAIN__                   100  ESMF_FieldEx.F90
ESMF_FieldEx       000000010736DD6E  Unknown               Unknown  Unknown
forrtl: severe (174): SIGSEGV, segmentation fault occurred
Image              PC                Routine            Line        Source             
ESMF_FieldEx       0000000100C54974  Unknown               Unknown  Unknown
libsystem_platfor  00007FFF6A61FB5D  Unknown               Unknown  Unknown
libmpi.40.dylib    00000001053702A1  Unknown               Unknown  Unknown
libesmf.dylib      0000000101A760F8  Unknown               Unknown  Unknown
libesmf.dylib      0000000101A556B9  Unknown               Unknown  Unknown
libesmf.dylib      0000000101AA08CC  Unknown               Unknown  Unknown
libesmf.dylib      0000000102C6B3DC  Unknown               Unknown  Unknown
libesmf.dylib      000000010287091E  Unknown               Unknown  Unknown
libesmf.dylib      000000010287008F  Unknown               Unknown  Unknown
ESMF_FieldEx       0000000100C2522F  _MAIN__                   100  ESMF_FieldEx.F90
ESMF_FieldEx       0000000100C24D6E  Unknown               Unknown  Unknown
forrtl: severe (174): SIGSEGV, segmentation fault occurred
Image              PC                Routine            Line        Source             
ESMF_FieldEx       0000000102B02974  Unknown               Unknown  Unknown
libsystem_platfor  00007FFF6A61FB5D  Unknown               Unknown  Unknown
libmpi.40.dylib    0000000102EF02A1  Unknown               Unknown  Unknown
libesmf.dylib      0000000106EDB0F8  Unknown               Unknown  Unknown
libesmf.dylib      0000000106EBA6B9  Unknown               Unknown  Unknown
libesmf.dylib      0000000106F058CC  Unknown               Unknown  Unknown
libesmf.dylib      00000001080D03DC  Unknown               Unknown  Unknown
libesmf.dylib      0000000107CD591E  Unknown               Unknown  Unknown
libesmf.dylib      0000000107CD508F  Unknown               Unknown  Unknown
ESMF_FieldEx       0000000102AD322F  _MAIN__                   100  ESMF_FieldEx.F90
ESMF_FieldEx       0000000102AD2D6E  Unknown               Unknown  Unknown
forrtl: severe (174): SIGSEGV, segmentation fault occurred
Image              PC                Routine            Line        Source             
ESMF_FieldEx       0000000106A62974  Unknown               Unknown  Unknown
libsystem_platfor  00007FFF6A61FB5D  Unknown               Unknown  Unknown
libmpi.40.dylib    000000010B1852A1  Unknown               Unknown  Unknown
libesmf.dylib      00000001078870F8  Unknown               Unknown  Unknown
libesmf.dylib      00000001078666B9  Unknown               Unknown  Unknown
libesmf.dylib      00000001078B18CC  Unknown               Unknown  Unknown
libesmf.dylib      0000000108A7C3DC  Unknown               Unknown  Unknown
libesmf.dylib      000000010868191E  Unknown               Unknown  Unknown
libesmf.dylib      000000010868108F  Unknown               Unknown  Unknown
ESMF_FieldEx       0000000106A3322F  _MAIN__                   100  ESMF_FieldEx.F90
ESMF_FieldEx       0000000106A32D6E  Unknown               Unknown  Unknown
