forrtl: severe (174): SIGSEGV, segmentation fault occurred
Image              PC                Routine            Line        Source             
ESMF_FieldCreateE  000000010FFFA9B4  Unknown               Unknown  Unknown
libsystem_platfor  00007FFF6A61FB5D  Unknown               Unknown  Unknown
libmpi.40.dylib    000000011471B2A1  Unknown               Unknown  Unknown
libesmf.dylib      0000000110E1E0F8  Unknown               Unknown  Unknown
libesmf.dylib      0000000110DFD6B9  Unknown               Unknown  Unknown
libesmf.dylib      0000000110E488CC  Unknown               Unknown  Unknown
libesmf.dylib      00000001120133DC  Unknown               Unknown  Unknown
libesmf.dylib      0000000111C1891E  Unknown               Unknown  Unknown
libesmf.dylib      0000000111C1808F  Unknown               Unknown  Unknown
ESMF_FieldCreateE  000000010FFC82B6  _MAIN__                    73  ESMF_FieldCreateEx.F90
ESMF_FieldCreateE  000000010FFC7EFE  Unknown               Unknown  Unknown
forrtl: severe (174): SIGSEGV, segmentation fault occurred
Image              PC                Routine            Line        Source             
ESMF_FieldCreateE  0000000104A369B4  Unknown               Unknown  Unknown
libsystem_platfor  00007FFF6A61FB5D  Unknown               Unknown  Unknown
libmpi.40.dylib    0000000104E232A1  Unknown               Unknown  Unknown
libesmf.dylib      000000010727E0F8  Unknown               Unknown  Unknown
libesmf.dylib      000000010725D6B9  Unknown               Unknown  Unknown
libesmf.dylib      00000001072A88CC  Unknown               Unknown  Unknown
libesmf.dylib      00000001084733DC  Unknown               Unknown  Unknown
libesmf.dylib      000000010807891E  Unknown               Unknown  Unknown
libesmf.dylib      000000010807808F  Unknown               Unknown  Unknown
ESMF_FieldCreateE  0000000104A042B6  _MAIN__                    73  ESMF_FieldCreateEx.F90
ESMF_FieldCreateE  0000000104A03EFE  Unknown               Unknown  Unknown
forrtl: severe (174): SIGSEGV, segmentation fault occurred
Image              PC                Routine            Line        Source             
ESMF_FieldCreateE  00000001059F79B4  Unknown               Unknown  Unknown
libsystem_platfor  00007FFF6A61FB5D  Unknown               Unknown  Unknown
libmpi.40.dylib    000000010A11A2A1  Unknown               Unknown  Unknown
libesmf.dylib      000000010681D0F8  Unknown               Unknown  Unknown
libesmf.dylib      00000001067FC6B9  Unknown               Unknown  Unknown
libesmf.dylib      00000001068478CC  Unknown               Unknown  Unknown
libesmf.dylib      0000000107A123DC  Unknown               Unknown  Unknown
libesmf.dylib      000000010761791E  Unknown               Unknown  Unknown
libesmf.dylib      000000010761708F  Unknown               Unknown  Unknown
ESMF_FieldCreateE  00000001059C52B6  _MAIN__                    73  ESMF_FieldCreateEx.F90
ESMF_FieldCreateE  00000001059C4EFE  Unknown               Unknown  Unknown
forrtl: severe (174): SIGSEGV, segmentation fault occurred
Image              PC                Routine            Line        Source             
ESMF_FieldCreateE  000000010878A9B4  Unknown               Unknown  Unknown
libsystem_platfor  00007FFF6A61FB5D  Unknown               Unknown  Unknown
libmpi.40.dylib    000000010CEA72A1  Unknown               Unknown  Unknown
libesmf.dylib      00000001095AB0F8  Unknown               Unknown  Unknown
libesmf.dylib      000000010958A6B9  Unknown               Unknown  Unknown
libesmf.dylib      00000001095D58CC  Unknown               Unknown  Unknown
libesmf.dylib      000000010A7A03DC  Unknown               Unknown  Unknown
libesmf.dylib      000000010A3A591E  Unknown               Unknown  Unknown
libesmf.dylib      000000010A3A508F  Unknown               Unknown  Unknown
ESMF_FieldCreateE  00000001087582B6  _MAIN__                    73  ESMF_FieldCreateEx.F90
ESMF_FieldCreateE  0000000108757EFE  Unknown               Unknown  Unknown
