forrtl: severe (174): SIGSEGV, segmentation fault occurred
Image              PC                Routine            Line        Source             
ESMF_AppMainEx     000000010E6E1144  Unknown               Unknown  Unknown
libsystem_platfor  00007FFF6A61FB5D  Unknown               Unknown  Unknown
libmpi.40.dylib    0000000112DF42A1  Unknown               Unknown  Unknown
libesmf.dylib      000000010F509550  Unknown               Unknown  Unknown
libesmf.dylib      000000010F4E8B11  Unknown               Unknown  Unknown
libesmf.dylib      000000010F533D24  Unknown               Unknown  Unknown
libesmf.dylib      00000001106ED51C  Unknown               Unknown  Unknown
libesmf.dylib      00000001102F2A5E  Unknown               Unknown  Unknown
libesmf.dylib      00000001102F21CF  Unknown               Unknown  Unknown
ESMF_AppMainEx     000000010E6B9872  _MAIN__                   271  ESMF_AppMainEx.F90
ESMF_AppMainEx     000000010E6B8CBE  Unknown               Unknown  Unknown
forrtl: severe (174): SIGSEGV, segmentation fault occurred
Image              PC                Routine            Line        Source             
ESMF_AppMainEx     0000000101BDE144  Unknown               Unknown  Unknown
libsystem_platfor  00007FFF6A61FB5D  Unknown               Unknown  Unknown
libmpi.40.dylib    00000001062F12A1  Unknown               Unknown  Unknown
libesmf.dylib      0000000102A06550  Unknown               Unknown  Unknown
libesmf.dylib      00000001029E5B11  Unknown               Unknown  Unknown
libesmf.dylib      0000000102A30D24  Unknown               Unknown  Unknown
libesmf.dylib      0000000103BEA51C  Unknown               Unknown  Unknown
libesmf.dylib      00000001037EFA5E  Unknown               Unknown  Unknown
libesmf.dylib      00000001037EF1CF  Unknown               Unknown  Unknown
ESMF_AppMainEx     0000000101BB6872  _MAIN__                   271  ESMF_AppMainEx.F90
ESMF_AppMainEx     0000000101BB5CBE  Unknown               Unknown  Unknown
forrtl: severe (174): SIGSEGV, segmentation fault occurred
Image              PC                Routine            Line        Source             
ESMF_AppMainEx     000000010DDCE144  Unknown               Unknown  Unknown
libsystem_platfor  00007FFF6A61FB5D  Unknown               Unknown  Unknown
libmpi.40.dylib    00000001124DB2A1  Unknown               Unknown  Unknown
libesmf.dylib      000000010EBF3550  Unknown               Unknown  Unknown
libesmf.dylib      000000010EBD2B11  Unknown               Unknown  Unknown
libesmf.dylib      000000010EC1DD24  Unknown               Unknown  Unknown
libesmf.dylib      000000010FDD751C  Unknown               Unknown  Unknown
libesmf.dylib      000000010F9DCA5E  Unknown               Unknown  Unknown
libesmf.dylib      000000010F9DC1CF  Unknown               Unknown  Unknown
ESMF_AppMainEx     000000010DDA6872  _MAIN__                   271  ESMF_AppMainEx.F90
ESMF_AppMainEx     000000010DDA5CBE  Unknown               Unknown  Unknown
forrtl: severe (174): SIGSEGV, segmentation fault occurred
Image              PC                Routine            Line        Source             
ESMF_AppMainEx     000000010BB56144  Unknown               Unknown  Unknown
libsystem_platfor  00007FFF6A61FB5D  Unknown               Unknown  Unknown
libmpi.40.dylib    00000001102662A1  Unknown               Unknown  Unknown
libesmf.dylib      000000010C97A550  Unknown               Unknown  Unknown
libesmf.dylib      000000010C959B11  Unknown               Unknown  Unknown
libesmf.dylib      000000010C9A4D24  Unknown               Unknown  Unknown
libesmf.dylib      000000010DB5E51C  Unknown               Unknown  Unknown
libesmf.dylib      000000010D763A5E  Unknown               Unknown  Unknown
libesmf.dylib      000000010D7631CF  Unknown               Unknown  Unknown
ESMF_AppMainEx     000000010BB2E872  _MAIN__                   271  ESMF_AppMainEx.F90
ESMF_AppMainEx     000000010BB2DCBE  Unknown               Unknown  Unknown
