forrtl: severe (174): SIGSEGV, segmentation fault occurred
Image              PC                Routine            Line        Source             
ESMF_RHandleFromR  000000010EBF3014  Unknown               Unknown  Unknown
libsystem_platfor  00007FFF6A61FB5D  Unknown               Unknown  Unknown
libmpi.40.dylib    00000001133142A1  Unknown               Unknown  Unknown
libesmf.dylib      000000010FA1A0F8  Unknown               Unknown  Unknown
libesmf.dylib      000000010F9F96B9  Unknown               Unknown  Unknown
libesmf.dylib      000000010FA448CC  Unknown               Unknown  Unknown
libesmf.dylib      0000000110C0F3DC  Unknown               Unknown  Unknown
libesmf.dylib      000000011081491E  Unknown               Unknown  Unknown
libesmf.dylib      000000011081408F  Unknown               Unknown  Unknown
ESMF_RHandleFromR  000000010EBC7C24  _MAIN__                   284  ESMF_RHandleFromRHandleEx.F90
ESMF_RHandleFromR  000000010EBC507E  Unknown               Unknown  Unknown
forrtl: severe (174): SIGSEGV, segmentation fault occurred
Image              PC                Routine            Line        Source             
ESMF_RHandleFromR  0000000107A3F014  Unknown               Unknown  Unknown
libsystem_platfor  00007FFF6A61FB5D  Unknown               Unknown  Unknown
libmpi.40.dylib    000000010C1682A1  Unknown               Unknown  Unknown
libesmf.dylib      00000001088660F8  Unknown               Unknown  Unknown
libesmf.dylib      00000001088456B9  Unknown               Unknown  Unknown
libesmf.dylib      00000001088908CC  Unknown               Unknown  Unknown
libesmf.dylib      0000000109A5B3DC  Unknown               Unknown  Unknown
libesmf.dylib      000000010966091E  Unknown               Unknown  Unknown
libesmf.dylib      000000010966008F  Unknown               Unknown  Unknown
ESMF_RHandleFromR  0000000107A13C24  _MAIN__                   284  ESMF_RHandleFromRHandleEx.F90
ESMF_RHandleFromR  0000000107A1107E  Unknown               Unknown  Unknown
forrtl: severe (174): SIGSEGV, segmentation fault occurred
Image              PC                Routine            Line        Source             
ESMF_RHandleFromR  000000010D2EA014  Unknown               Unknown  Unknown
libsystem_platfor  00007FFF6A61FB5D  Unknown               Unknown  Unknown
libmpi.40.dylib    0000000111A082A1  Unknown               Unknown  Unknown
libesmf.dylib      000000010E10E0F8  Unknown               Unknown  Unknown
libesmf.dylib      000000010E0ED6B9  Unknown               Unknown  Unknown
libesmf.dylib      000000010E1388CC  Unknown               Unknown  Unknown
libesmf.dylib      000000010F3033DC  Unknown               Unknown  Unknown
libesmf.dylib      000000010EF0891E  Unknown               Unknown  Unknown
libesmf.dylib      000000010EF0808F  Unknown               Unknown  Unknown
ESMF_RHandleFromR  000000010D2BEC24  _MAIN__                   284  ESMF_RHandleFromRHandleEx.F90
ESMF_RHandleFromR  000000010D2BC07E  Unknown               Unknown  Unknown
forrtl: severe (174): SIGSEGV, segmentation fault occurred
Image              PC                Routine            Line        Source             
ESMF_RHandleFromR  0000000107C54014  Unknown               Unknown  Unknown
libsystem_platfor  00007FFF6A61FB5D  Unknown               Unknown  Unknown
libmpi.40.dylib    00000001080442A1  Unknown               Unknown  Unknown
libesmf.dylib      000000010A8160F8  Unknown               Unknown  Unknown
libesmf.dylib      000000010A7F56B9  Unknown               Unknown  Unknown
libesmf.dylib      000000010A8408CC  Unknown               Unknown  Unknown
libesmf.dylib      000000010BA0B3DC  Unknown               Unknown  Unknown
libesmf.dylib      000000010B61091E  Unknown               Unknown  Unknown
libesmf.dylib      000000010B61008F  Unknown               Unknown  Unknown
ESMF_RHandleFromR  0000000107C28C24  _MAIN__                   284  ESMF_RHandleFromRHandleEx.F90
ESMF_RHandleFromR  0000000107C2607E  Unknown               Unknown  Unknown
