20210322 023354.935 INFO             PET0 !!!!!!!!!!!!!!!!!!!!!!!!!!!!!!!!!!!!!!!!!!!!!!!!!!!!!!
20210322 023354.935 INFO             PET0 !!! THE ESMF_LOG IS SET TO OUTPUT ALL LOG MESSAGES !!!
20210322 023354.935 INFO             PET0 !!!     THIS MAY CAUSE SLOWDOWN IN PERFORMANCE     !!!
20210322 023354.935 INFO             PET0 !!! FOR PRODUCTION RUNS, USE:                      !!!
20210322 023354.935 INFO             PET0 !!!                   ESMF_LOGKIND_Multi_On_Error  !!!
20210322 023354.935 INFO             PET0 !!!!!!!!!!!!!!!!!!!!!!!!!!!!!!!!!!!!!!!!!!!!!!!!!!!!!!
20210322 023354.935 INFO             PET0 Running with ESMF Version   : ESMF_8_1_0_beta_snapshot_47-55-g845ba43dcd
20210322 023354.935 INFO             PET0 ESMF library build date/time: "Mar 22 2021" "01:32:08"
20210322 023354.935 INFO             PET0 ESMF library build location : /gpfsm/dnb04/projects/p98/mpotts/esmf/pgi_2020_mpiuni_O
20210322 023354.935 INFO             PET0 ESMF_COMM                   : mpiuni
20210322 023354.935 INFO             PET0 ESMF_MOAB                   : enabled
20210322 023354.935 INFO             PET0 ESMF_LAPACK                 : enabled
20210322 023354.935 INFO             PET0 ESMF_NETCDF                 : disabled
20210322 023354.935 INFO             PET0 ESMF_PNETCDF                : disabled
20210322 023354.935 INFO             PET0 ESMF_PIO                    : disabled
20210322 023354.935 INFO             PET0 ESMF_YAMLCPP                : enabled
20210322 023354.938 INFO             PET0 ESMF_FieldRedistStoreNF(): Just entered routine.
20210322 023355.023 INFO             PET0 ESMF_FieldRedistStoreNF(): Leaving routine.
20210322 023355.032 INFO             PET0  NUMBER_OF_PROCESSORS            1
20210322 023355.032 INFO             PET0  PASS  Example ESMF_RHandleFromFileEx, ESMF_RHandleFromFileEx.F90, line 192
20210322 023355.032 INFO             PET0 Finalizing ESMF
