20210324 053322.287 INFO             PET0 !!!!!!!!!!!!!!!!!!!!!!!!!!!!!!!!!!!!!!!!!!!!!!!!!!!!!!
20210324 053322.346 INFO             PET0 !!! THE ESMF_LOG IS SET TO OUTPUT ALL LOG MESSAGES !!!
20210324 053322.346 INFO             PET0 !!!     THIS MAY CAUSE SLOWDOWN IN PERFORMANCE     !!!
20210324 053322.346 INFO             PET0 !!! FOR PRODUCTION RUNS, USE:                      !!!
20210324 053322.346 INFO             PET0 !!!                   ESMF_LOGKIND_Multi_On_Error  !!!
20210324 053322.346 INFO             PET0 !!!!!!!!!!!!!!!!!!!!!!!!!!!!!!!!!!!!!!!!!!!!!!!!!!!!!!
20210324 053322.346 INFO             PET0 Running with ESMF Version   : ESMF_8_1_0
20210324 053322.365 INFO             PET0 ESMF library build date/time: "Mar 24 2021" "05:03:28"
20210324 053322.365 INFO             PET0 ESMF library build location : /gpfsm/dnb04/projects/p98/mpotts/esmf/gfortran_8.3.0_mpiuni_g
20210324 053322.365 INFO             PET0 ESMF_COMM                   : mpiuni
20210324 053322.366 INFO             PET0 ESMF_MOAB                   : enabled
20210324 053322.366 INFO             PET0 ESMF_LAPACK                 : enabled
20210324 053322.366 INFO             PET0 ESMF_NETCDF                 : disabled
20210324 053322.366 INFO             PET0 ESMF_PNETCDF                : disabled
20210324 053322.366 INFO             PET0 ESMF_PIO                    : disabled
20210324 053322.366 INFO             PET0 ESMF_YAMLCPP                : enabled
20210324 053322.380 INFO             PET0 Log Write 2
20210324 053322.386 ERROR            PET0 Invalid object  - Convergence failure
20210324 053322.404 ERROR            PET0 ESMCI_Fraction.C:1444 ESMCI::Fraction::validate() must have non-zero denominator.
20210324 053322.404 ERROR            PET0 ESMCI_Time.C:838 ESMCI::Time::syncToRealTime() Wrong argument specified  - ; calkindflag is JULIANDAY, MODJULIANDAY or NOCALENDAR.
20210324 053322.404 ERROR            PET0 ESMF_Time.F90:1485 ESMF_TimeSyncToRealTime() Wrong argument specified  - Internal subroutine call returned Error
20210324 053322.404 ERROR            PET0 Wrong argument specified  - getting wall clock time
20210324 053322.404 INFO             PET0  NUMBER_OF_PROCESSORS           1
20210324 053322.404 INFO             PET0  PASS  Example ESMF_LogErrEx, ESMF_LogErrEx.F90, line 186
20210324 053322.404 INFO             PET0 Finalizing ESMF
