20210312 073051.349 INFO             PET0 !!!!!!!!!!!!!!!!!!!!!!!!!!!!!!!!!!!!!!!!!!!!!!!!!!!!!!
20210312 073051.349 INFO             PET0 !!! THE ESMF_LOG IS SET TO OUTPUT ALL LOG MESSAGES !!!
20210312 073051.349 INFO             PET0 !!!     THIS MAY CAUSE SLOWDOWN IN PERFORMANCE     !!!
20210312 073051.349 INFO             PET0 !!! FOR PRODUCTION RUNS, USE:                      !!!
20210312 073051.349 INFO             PET0 !!!                   ESMF_LOGKIND_Multi_On_Error  !!!
20210312 073051.349 INFO             PET0 !!!!!!!!!!!!!!!!!!!!!!!!!!!!!!!!!!!!!!!!!!!!!!!!!!!!!!
20210312 073051.349 INFO             PET0 Running with ESMF Version   : ESMF_8_1_0_beta_snapshot_47-30-g1cba37d72a
20210312 073051.349 INFO             PET0 ESMF library build date/time: "Mar 12 2021" "06:46:51"
20210312 073051.349 INFO             PET0 ESMF library build location : /glade/scratch/mpotts/intel_18.0.5_mpt_O
20210312 073051.349 INFO             PET0 ESMF_COMM                   : mpt
20210312 073051.349 INFO             PET0 ESMF_MOAB                   : enabled
20210312 073051.349 INFO             PET0 ESMF_LAPACK                 : enabled
20210312 073051.349 INFO             PET0 ESMF_NETCDF                 : enabled
20210312 073051.349 INFO             PET0 ESMF_PNETCDF                : disabled
20210312 073051.349 INFO             PET0 ESMF_PIO                    : enabled
20210312 073051.349 INFO             PET0 ESMF_YAMLCPP                : enabled
20210312 073051.350 INFO             PET0  NUMBER_OF_PROCESSORS           4
20210312 073051.350 INFO             PET0  PASS  Example ESMF_VMUserMpiCommMultiEx, ESMF_VMUserMpiCommMultiEx.F90, line 126
20210312 073051.350 INFO             PET0 Finalizing ESMF
20210312 073051.322 INFO             PET0 !!!!!!!!!!!!!!!!!!!!!!!!!!!!!!!!!!!!!!!!!!!!!!!!!!!!!!
20210312 073051.322 INFO             PET0 !!! THE ESMF_LOG IS SET TO OUTPUT ALL LOG MESSAGES !!!
20210312 073051.322 INFO             PET0 !!!     THIS MAY CAUSE SLOWDOWN IN PERFORMANCE     !!!
20210312 073051.322 INFO             PET0 !!! FOR PRODUCTION RUNS, USE:                      !!!
20210312 073051.322 INFO             PET0 !!!                   ESMF_LOGKIND_Multi_On_Error  !!!
20210312 073051.322 INFO             PET0 !!!!!!!!!!!!!!!!!!!!!!!!!!!!!!!!!!!!!!!!!!!!!!!!!!!!!!
20210312 073051.322 INFO             PET0 Running with ESMF Version   : ESMF_8_1_0_beta_snapshot_47-30-g1cba37d72a
20210312 073051.322 INFO             PET0 ESMF library build date/time: "Mar 12 2021" "06:46:51"
20210312 073051.322 INFO             PET0 ESMF library build location : /glade/scratch/mpotts/intel_18.0.5_mpt_O
20210312 073051.322 INFO             PET0 ESMF_COMM                   : mpt
20210312 073051.322 INFO             PET0 ESMF_MOAB                   : enabled
20210312 073051.322 INFO             PET0 ESMF_LAPACK                 : enabled
20210312 073051.322 INFO             PET0 ESMF_NETCDF                 : enabled
20210312 073051.322 INFO             PET0 ESMF_PNETCDF                : disabled
20210312 073051.322 INFO             PET0 ESMF_PIO                    : enabled
20210312 073051.322 INFO             PET0 ESMF_YAMLCPP                : enabled
20210312 073051.349 INFO             PET0  NUMBER_OF_PROCESSORS           4
20210312 073051.349 INFO             PET0  PASS  Example ESMF_VMUserMpiCommMultiEx, ESMF_VMUserMpiCommMultiEx.F90, line 154
20210312 073051.349 INFO             PET0 Finalizing ESMF
20210312 073051.322 INFO             PET1 !!!!!!!!!!!!!!!!!!!!!!!!!!!!!!!!!!!!!!!!!!!!!!!!!!!!!!
20210312 073051.322 INFO             PET1 !!! THE ESMF_LOG IS SET TO OUTPUT ALL LOG MESSAGES !!!
20210312 073051.322 INFO             PET1 !!!     THIS MAY CAUSE SLOWDOWN IN PERFORMANCE     !!!
20210312 073051.322 INFO             PET1 !!! FOR PRODUCTION RUNS, USE:                      !!!
20210312 073051.322 INFO             PET1 !!!                   ESMF_LOGKIND_Multi_On_Error  !!!
20210312 073051.322 INFO             PET1 !!!!!!!!!!!!!!!!!!!!!!!!!!!!!!!!!!!!!!!!!!!!!!!!!!!!!!
20210312 073051.322 INFO             PET1 Running with ESMF Version   : ESMF_8_1_0_beta_snapshot_47-30-g1cba37d72a
20210312 073051.322 INFO             PET1 ESMF library build date/time: "Mar 12 2021" "06:46:51"
20210312 073051.322 INFO             PET1 ESMF library build location : /glade/scratch/mpotts/intel_18.0.5_mpt_O
20210312 073051.322 INFO             PET1 ESMF_COMM                   : mpt
20210312 073051.322 INFO             PET1 ESMF_MOAB                   : enabled
20210312 073051.322 INFO             PET1 ESMF_LAPACK                 : enabled
20210312 073051.322 INFO             PET1 ESMF_NETCDF                 : enabled
20210312 073051.322 INFO             PET1 ESMF_PNETCDF                : disabled
20210312 073051.322 INFO             PET1 ESMF_PIO                    : enabled
20210312 073051.322 INFO             PET1 ESMF_YAMLCPP                : enabled
20210312 073051.364 INFO             PET1  NUMBER_OF_PROCESSORS           4
20210312 073051.364 INFO             PET1  PASS  Example ESMF_VMUserMpiCommMultiEx, ESMF_VMUserMpiCommMultiEx.F90, line 126
20210312 073051.364 INFO             PET1 Finalizing ESMF
20210312 073051.337 INFO             PET1 !!!!!!!!!!!!!!!!!!!!!!!!!!!!!!!!!!!!!!!!!!!!!!!!!!!!!!
20210312 073051.337 INFO             PET1 !!! THE ESMF_LOG IS SET TO OUTPUT ALL LOG MESSAGES !!!
20210312 073051.337 INFO             PET1 !!!     THIS MAY CAUSE SLOWDOWN IN PERFORMANCE     !!!
20210312 073051.337 INFO             PET1 !!! FOR PRODUCTION RUNS, USE:                      !!!
20210312 073051.337 INFO             PET1 !!!                   ESMF_LOGKIND_Multi_On_Error  !!!
20210312 073051.337 INFO             PET1 !!!!!!!!!!!!!!!!!!!!!!!!!!!!!!!!!!!!!!!!!!!!!!!!!!!!!!
20210312 073051.337 INFO             PET1 Running with ESMF Version   : ESMF_8_1_0_beta_snapshot_47-30-g1cba37d72a
20210312 073051.337 INFO             PET1 ESMF library build date/time: "Mar 12 2021" "06:46:51"
20210312 073051.337 INFO             PET1 ESMF library build location : /glade/scratch/mpotts/intel_18.0.5_mpt_O
20210312 073051.337 INFO             PET1 ESMF_COMM                   : mpt
20210312 073051.348 INFO             PET1 ESMF_MOAB                   : enabled
20210312 073051.348 INFO             PET1 ESMF_LAPACK                 : enabled
20210312 073051.348 INFO             PET1 ESMF_NETCDF                 : enabled
20210312 073051.348 INFO             PET1 ESMF_PNETCDF                : disabled
20210312 073051.348 INFO             PET1 ESMF_PIO                    : enabled
20210312 073051.348 INFO             PET1 ESMF_YAMLCPP                : enabled
20210312 073051.349 INFO             PET1  NUMBER_OF_PROCESSORS           4
20210312 073051.349 INFO             PET1  PASS  Example ESMF_VMUserMpiCommMultiEx, ESMF_VMUserMpiCommMultiEx.F90, line 154
20210312 073051.349 INFO             PET1 Finalizing ESMF
