build time -- 2021-04-20 15:20:22.878788
20210420 170622.877 INFO             PET0 !!!!!!!!!!!!!!!!!!!!!!!!!!!!!!!!!!!!!!!!!!!!!!!!!!!!!!
20210420 170622.877 INFO             PET0 !!! THE ESMF_LOG IS SET TO OUTPUT ALL LOG MESSAGES !!!
20210420 170622.877 INFO             PET0 !!!     THIS MAY CAUSE SLOWDOWN IN PERFORMANCE     !!!
20210420 170622.877 INFO             PET0 !!! FOR PRODUCTION RUNS, USE:                      !!!
20210420 170622.877 INFO             PET0 !!!                   ESMF_LOGKIND_Multi_On_Error  !!!
20210420 170622.877 INFO             PET0 !!!!!!!!!!!!!!!!!!!!!!!!!!!!!!!!!!!!!!!!!!!!!!!!!!!!!!
20210420 170622.877 INFO             PET0 Running with ESMF Version   : ESMF_8_2_0_beta_snapshot_04-7-g3098c96bb1
20210420 170622.877 INFO             PET0 ESMF library build date/time: "Apr 20 2021" "15:18:16"
20210420 170622.877 INFO             PET0 ESMF library build location : /gpfsm/dnb04/projects/p98/mpotts/esmf/gfortran_8.3.0_mpt_O_develop
20210420 170622.877 INFO             PET0 ESMF_COMM                   : mpt
20210420 170622.877 INFO             PET0 ESMF_MOAB                   : enabled
20210420 170622.877 INFO             PET0 ESMF_LAPACK                 : enabled
20210420 170622.877 INFO             PET0 ESMF_NETCDF                 : disabled
20210420 170622.877 INFO             PET0 ESMF_PNETCDF                : disabled
20210420 170622.877 INFO             PET0 ESMF_PIO                    : enabled
20210420 170622.877 INFO             PET0 ESMF_YAMLCPP                : enabled
20210420 170622.879 ERROR            PET0 ESMCI_Info.C:1277 Info::set(<json>) Cannot set value  - Error/Return Code 540 (ESMC_RC_CANNOT_SET) - Key '/myIntegerKey' already in map and force=false.
20210420 170622.879 ERROR            PET0 ESMCI_Info.C:1280 Info::set(<json>) Cannot set value  - Internal subroutine call returned Error
20210420 170622.879 ERROR            PET0 ESMCI_Info.C:1322 Info::set(<json>) Cannot set value  - Internal subroutine call returned Error
20210420 170622.879 ERROR            PET0 ESMCI_Info.C:1325 Info::set(<json>) Cannot set value  - Internal subroutine call returned Error
20210420 170622.879 ERROR            PET0 ESMCI_Info.C:1373 Info::set(<scalar>) Cannot set value  - Internal subroutine call returned Error
20210420 170622.879 ERROR            PET0 ESMC_InfoCDefGeneric.C:387 ESMC_InfoSetI4() Cannot set value  - Internal subroutine call returned Error
20210420 170622.879 ERROR            PET0 ESMF_Info.F90:2866 ESMF_InfoSetI4() Cannot set value  - Internal subroutine call returned Error
20210420 170622.880 INFO             PET0  NUMBER_OF_PROCESSORS           4
20210420 170622.880 INFO             PET0  PASS  Example ESMF_InfoTutorialEx, ESMF_InfoTutorialEx.F90, line 335
20210420 170622.880 INFO             PET0 Finalizing ESMF
20210420 170622.877 INFO             PET1 !!!!!!!!!!!!!!!!!!!!!!!!!!!!!!!!!!!!!!!!!!!!!!!!!!!!!!
20210420 170622.877 INFO             PET1 !!! THE ESMF_LOG IS SET TO OUTPUT ALL LOG MESSAGES !!!
20210420 170622.877 INFO             PET1 !!!     THIS MAY CAUSE SLOWDOWN IN PERFORMANCE     !!!
20210420 170622.877 INFO             PET1 !!! FOR PRODUCTION RUNS, USE:                      !!!
20210420 170622.877 INFO             PET1 !!!                   ESMF_LOGKIND_Multi_On_Error  !!!
20210420 170622.877 INFO             PET1 !!!!!!!!!!!!!!!!!!!!!!!!!!!!!!!!!!!!!!!!!!!!!!!!!!!!!!
20210420 170622.877 INFO             PET1 Running with ESMF Version   : ESMF_8_2_0_beta_snapshot_04-7-g3098c96bb1
20210420 170622.877 INFO             PET1 ESMF library build date/time: "Apr 20 2021" "15:18:16"
20210420 170622.877 INFO             PET1 ESMF library build location : /gpfsm/dnb04/projects/p98/mpotts/esmf/gfortran_8.3.0_mpt_O_develop
20210420 170622.877 INFO             PET1 ESMF_COMM                   : mpt
20210420 170622.877 INFO             PET1 ESMF_MOAB                   : enabled
20210420 170622.877 INFO             PET1 ESMF_LAPACK                 : enabled
20210420 170622.877 INFO             PET1 ESMF_NETCDF                 : disabled
20210420 170622.877 INFO             PET1 ESMF_PNETCDF                : disabled
20210420 170622.877 INFO             PET1 ESMF_PIO                    : enabled
20210420 170622.877 INFO             PET1 ESMF_YAMLCPP                : enabled
20210420 170622.879 ERROR            PET1 ESMCI_Info.C:1277 Info::set(<json>) Cannot set value  - Error/Return Code 540 (ESMC_RC_CANNOT_SET) - Key '/myIntegerKey' already in map and force=false.
20210420 170622.879 ERROR            PET1 ESMCI_Info.C:1280 Info::set(<json>) Cannot set value  - Internal subroutine call returned Error
20210420 170622.879 ERROR            PET1 ESMCI_Info.C:1322 Info::set(<json>) Cannot set value  - Internal subroutine call returned Error
20210420 170622.879 ERROR            PET1 ESMCI_Info.C:1325 Info::set(<json>) Cannot set value  - Internal subroutine call returned Error
20210420 170622.879 ERROR            PET1 ESMCI_Info.C:1373 Info::set(<scalar>) Cannot set value  - Internal subroutine call returned Error
20210420 170622.879 ERROR            PET1 ESMC_InfoCDefGeneric.C:387 ESMC_InfoSetI4() Cannot set value  - Internal subroutine call returned Error
20210420 170622.879 ERROR            PET1 ESMF_Info.F90:2866 ESMF_InfoSetI4() Cannot set value  - Internal subroutine call returned Error
20210420 170622.880 INFO             PET1  NUMBER_OF_PROCESSORS           4
20210420 170622.880 INFO             PET1  PASS  Example ESMF_InfoTutorialEx, ESMF_InfoTutorialEx.F90, line 335
20210420 170622.880 INFO             PET1 Finalizing ESMF
20210420 170622.877 INFO             PET2 !!!!!!!!!!!!!!!!!!!!!!!!!!!!!!!!!!!!!!!!!!!!!!!!!!!!!!
20210420 170622.877 INFO             PET2 !!! THE ESMF_LOG IS SET TO OUTPUT ALL LOG MESSAGES !!!
20210420 170622.877 INFO             PET2 !!!     THIS MAY CAUSE SLOWDOWN IN PERFORMANCE     !!!
20210420 170622.877 INFO             PET2 !!! FOR PRODUCTION RUNS, USE:                      !!!
20210420 170622.877 INFO             PET2 !!!                   ESMF_LOGKIND_Multi_On_Error  !!!
20210420 170622.877 INFO             PET2 !!!!!!!!!!!!!!!!!!!!!!!!!!!!!!!!!!!!!!!!!!!!!!!!!!!!!!
20210420 170622.877 INFO             PET2 Running with ESMF Version   : ESMF_8_2_0_beta_snapshot_04-7-g3098c96bb1
20210420 170622.877 INFO             PET2 ESMF library build date/time: "Apr 20 2021" "15:18:16"
20210420 170622.877 INFO             PET2 ESMF library build location : /gpfsm/dnb04/projects/p98/mpotts/esmf/gfortran_8.3.0_mpt_O_develop
20210420 170622.877 INFO             PET2 ESMF_COMM                   : mpt
20210420 170622.877 INFO             PET2 ESMF_MOAB                   : enabled
20210420 170622.877 INFO             PET2 ESMF_LAPACK                 : enabled
20210420 170622.877 INFO             PET2 ESMF_NETCDF                 : disabled
20210420 170622.877 INFO             PET2 ESMF_PNETCDF                : disabled
20210420 170622.877 INFO             PET2 ESMF_PIO                    : enabled
20210420 170622.877 INFO             PET2 ESMF_YAMLCPP                : enabled
20210420 170622.879 ERROR            PET2 ESMCI_Info.C:1277 Info::set(<json>) Cannot set value  - Error/Return Code 540 (ESMC_RC_CANNOT_SET) - Key '/myIntegerKey' already in map and force=false.
20210420 170622.879 ERROR            PET2 ESMCI_Info.C:1280 Info::set(<json>) Cannot set value  - Internal subroutine call returned Error
20210420 170622.879 ERROR            PET2 ESMCI_Info.C:1322 Info::set(<json>) Cannot set value  - Internal subroutine call returned Error
20210420 170622.879 ERROR            PET2 ESMCI_Info.C:1325 Info::set(<json>) Cannot set value  - Internal subroutine call returned Error
20210420 170622.879 ERROR            PET2 ESMCI_Info.C:1373 Info::set(<scalar>) Cannot set value  - Internal subroutine call returned Error
20210420 170622.879 ERROR            PET2 ESMC_InfoCDefGeneric.C:387 ESMC_InfoSetI4() Cannot set value  - Internal subroutine call returned Error
20210420 170622.879 ERROR            PET2 ESMF_Info.F90:2866 ESMF_InfoSetI4() Cannot set value  - Internal subroutine call returned Error
20210420 170622.880 INFO             PET2  NUMBER_OF_PROCESSORS           4
20210420 170622.880 INFO             PET2  PASS  Example ESMF_InfoTutorialEx, ESMF_InfoTutorialEx.F90, line 335
20210420 170622.880 INFO             PET2 Finalizing ESMF
20210420 170622.877 INFO             PET3 !!!!!!!!!!!!!!!!!!!!!!!!!!!!!!!!!!!!!!!!!!!!!!!!!!!!!!
20210420 170622.877 INFO             PET3 !!! THE ESMF_LOG IS SET TO OUTPUT ALL LOG MESSAGES !!!
20210420 170622.877 INFO             PET3 !!!     THIS MAY CAUSE SLOWDOWN IN PERFORMANCE     !!!
20210420 170622.877 INFO             PET3 !!! FOR PRODUCTION RUNS, USE:                      !!!
20210420 170622.877 INFO             PET3 !!!                   ESMF_LOGKIND_Multi_On_Error  !!!
20210420 170622.877 INFO             PET3 !!!!!!!!!!!!!!!!!!!!!!!!!!!!!!!!!!!!!!!!!!!!!!!!!!!!!!
20210420 170622.877 INFO             PET3 Running with ESMF Version   : ESMF_8_2_0_beta_snapshot_04-7-g3098c96bb1
20210420 170622.877 INFO             PET3 ESMF library build date/time: "Apr 20 2021" "15:18:16"
20210420 170622.877 INFO             PET3 ESMF library build location : /gpfsm/dnb04/projects/p98/mpotts/esmf/gfortran_8.3.0_mpt_O_develop
20210420 170622.877 INFO             PET3 ESMF_COMM                   : mpt
20210420 170622.877 INFO             PET3 ESMF_MOAB                   : enabled
20210420 170622.877 INFO             PET3 ESMF_LAPACK                 : enabled
20210420 170622.877 INFO             PET3 ESMF_NETCDF                 : disabled
20210420 170622.877 INFO             PET3 ESMF_PNETCDF                : disabled
20210420 170622.877 INFO             PET3 ESMF_PIO                    : enabled
20210420 170622.877 INFO             PET3 ESMF_YAMLCPP                : enabled
20210420 170622.879 ERROR            PET3 ESMCI_Info.C:1277 Info::set(<json>) Cannot set value  - Error/Return Code 540 (ESMC_RC_CANNOT_SET) - Key '/myIntegerKey' already in map and force=false.
20210420 170622.879 ERROR            PET3 ESMCI_Info.C:1280 Info::set(<json>) Cannot set value  - Internal subroutine call returned Error
20210420 170622.879 ERROR            PET3 ESMCI_Info.C:1322 Info::set(<json>) Cannot set value  - Internal subroutine call returned Error
20210420 170622.879 ERROR            PET3 ESMCI_Info.C:1325 Info::set(<json>) Cannot set value  - Internal subroutine call returned Error
20210420 170622.879 ERROR            PET3 ESMCI_Info.C:1373 Info::set(<scalar>) Cannot set value  - Internal subroutine call returned Error
20210420 170622.879 ERROR            PET3 ESMC_InfoCDefGeneric.C:387 ESMC_InfoSetI4() Cannot set value  - Internal subroutine call returned Error
20210420 170622.879 ERROR            PET3 ESMF_Info.F90:2866 ESMF_InfoSetI4() Cannot set value  - Internal subroutine call returned Error
20210420 170622.880 INFO             PET3  NUMBER_OF_PROCESSORS           4
20210420 170622.880 INFO             PET3  PASS  Example ESMF_InfoTutorialEx, ESMF_InfoTutorialEx.F90, line 335
20210420 170622.880 INFO             PET3 Finalizing ESMF
