20210311 235148.826 INFO             PET0 !!!!!!!!!!!!!!!!!!!!!!!!!!!!!!!!!!!!!!!!!!!!!!!!!!!!!!
20210311 235148.826 INFO             PET0 !!! THE ESMF_LOG IS SET TO OUTPUT ALL LOG MESSAGES !!!
20210311 235148.826 INFO             PET0 !!!     THIS MAY CAUSE SLOWDOWN IN PERFORMANCE     !!!
20210311 235148.826 INFO             PET0 !!! FOR PRODUCTION RUNS, USE:                      !!!
20210311 235148.826 INFO             PET0 !!!                   ESMF_LOGKIND_Multi_On_Error  !!!
20210311 235148.826 INFO             PET0 !!!!!!!!!!!!!!!!!!!!!!!!!!!!!!!!!!!!!!!!!!!!!!!!!!!!!!
20210311 235148.826 INFO             PET0 Running with ESMF Version   : ESMF_8_1_0_beta_snapshot_47-30-g1cba37d72a
20210311 235148.826 INFO             PET0 ESMF library build date/time: "Mar 11 2021" "23:39:56"
20210311 235148.826 INFO             PET0 ESMF library build location : /home/mpotts/gfortran_9.3.0_openmpi_O
20210311 235148.826 INFO             PET0 ESMF_COMM                   : openmpi
20210311 235148.826 INFO             PET0 ESMF_MOAB                   : enabled
20210311 235148.826 INFO             PET0 ESMF_LAPACK                 : enabled
20210311 235148.826 INFO             PET0 ESMF_NETCDF                 : enabled
20210311 235148.826 INFO             PET0 ESMF_PNETCDF                : disabled
20210311 235148.826 INFO             PET0 ESMF_PIO                    : enabled
20210311 235148.826 INFO             PET0 ESMF_YAMLCPP                : enabled
20210311 235148.826 INFO             PET0  NUMBER_OF_PROCESSORS           4
20210311 235148.826 INFO             PET0  PASS  Example ESMF_VMUserMpiCommMultiEx, ESMF_VMUserMpiCommMultiEx.F90, line 126
20210311 235148.826 INFO             PET0 Finalizing ESMF
20210311 235148.825 INFO             PET0 !!!!!!!!!!!!!!!!!!!!!!!!!!!!!!!!!!!!!!!!!!!!!!!!!!!!!!
20210311 235148.826 INFO             PET0 !!! THE ESMF_LOG IS SET TO OUTPUT ALL LOG MESSAGES !!!
20210311 235148.826 INFO             PET0 !!!     THIS MAY CAUSE SLOWDOWN IN PERFORMANCE     !!!
20210311 235148.826 INFO             PET0 !!! FOR PRODUCTION RUNS, USE:                      !!!
20210311 235148.826 INFO             PET0 !!!                   ESMF_LOGKIND_Multi_On_Error  !!!
20210311 235148.826 INFO             PET0 !!!!!!!!!!!!!!!!!!!!!!!!!!!!!!!!!!!!!!!!!!!!!!!!!!!!!!
20210311 235148.826 INFO             PET0 Running with ESMF Version   : ESMF_8_1_0_beta_snapshot_47-30-g1cba37d72a
20210311 235148.826 INFO             PET0 ESMF library build date/time: "Mar 11 2021" "23:39:56"
20210311 235148.826 INFO             PET0 ESMF library build location : /home/mpotts/gfortran_9.3.0_openmpi_O
20210311 235148.826 INFO             PET0 ESMF_COMM                   : openmpi
20210311 235148.826 INFO             PET0 ESMF_MOAB                   : enabled
20210311 235148.826 INFO             PET0 ESMF_LAPACK                 : enabled
20210311 235148.826 INFO             PET0 ESMF_NETCDF                 : enabled
20210311 235148.826 INFO             PET0 ESMF_PNETCDF                : disabled
20210311 235148.826 INFO             PET0 ESMF_PIO                    : enabled
20210311 235148.826 INFO             PET0 ESMF_YAMLCPP                : enabled
20210311 235148.826 INFO             PET0  NUMBER_OF_PROCESSORS           4
20210311 235148.826 INFO             PET0  PASS  Example ESMF_VMUserMpiCommMultiEx, ESMF_VMUserMpiCommMultiEx.F90, line 154
20210311 235148.826 INFO             PET0 Finalizing ESMF
20210311 235148.826 INFO             PET1 !!!!!!!!!!!!!!!!!!!!!!!!!!!!!!!!!!!!!!!!!!!!!!!!!!!!!!
20210311 235148.826 INFO             PET1 !!! THE ESMF_LOG IS SET TO OUTPUT ALL LOG MESSAGES !!!
20210311 235148.826 INFO             PET1 !!!     THIS MAY CAUSE SLOWDOWN IN PERFORMANCE     !!!
20210311 235148.826 INFO             PET1 !!! FOR PRODUCTION RUNS, USE:                      !!!
20210311 235148.826 INFO             PET1 !!!                   ESMF_LOGKIND_Multi_On_Error  !!!
20210311 235148.826 INFO             PET1 !!!!!!!!!!!!!!!!!!!!!!!!!!!!!!!!!!!!!!!!!!!!!!!!!!!!!!
20210311 235148.826 INFO             PET1 Running with ESMF Version   : ESMF_8_1_0_beta_snapshot_47-30-g1cba37d72a
20210311 235148.826 INFO             PET1 ESMF library build date/time: "Mar 11 2021" "23:39:56"
20210311 235148.826 INFO             PET1 ESMF library build location : /home/mpotts/gfortran_9.3.0_openmpi_O
20210311 235148.826 INFO             PET1 ESMF_COMM                   : openmpi
20210311 235148.826 INFO             PET1 ESMF_MOAB                   : enabled
20210311 235148.826 INFO             PET1 ESMF_LAPACK                 : enabled
20210311 235148.826 INFO             PET1 ESMF_NETCDF                 : enabled
20210311 235148.826 INFO             PET1 ESMF_PNETCDF                : disabled
20210311 235148.826 INFO             PET1 ESMF_PIO                    : enabled
20210311 235148.826 INFO             PET1 ESMF_YAMLCPP                : enabled
20210311 235148.826 INFO             PET1  NUMBER_OF_PROCESSORS           4
20210311 235148.826 INFO             PET1  PASS  Example ESMF_VMUserMpiCommMultiEx, ESMF_VMUserMpiCommMultiEx.F90, line 126
20210311 235148.826 INFO             PET1 Finalizing ESMF
20210311 235148.825 INFO             PET1 !!!!!!!!!!!!!!!!!!!!!!!!!!!!!!!!!!!!!!!!!!!!!!!!!!!!!!
20210311 235148.826 INFO             PET1 !!! THE ESMF_LOG IS SET TO OUTPUT ALL LOG MESSAGES !!!
20210311 235148.826 INFO             PET1 !!!     THIS MAY CAUSE SLOWDOWN IN PERFORMANCE     !!!
20210311 235148.826 INFO             PET1 !!! FOR PRODUCTION RUNS, USE:                      !!!
20210311 235148.826 INFO             PET1 !!!                   ESMF_LOGKIND_Multi_On_Error  !!!
20210311 235148.826 INFO             PET1 !!!!!!!!!!!!!!!!!!!!!!!!!!!!!!!!!!!!!!!!!!!!!!!!!!!!!!
20210311 235148.826 INFO             PET1 Running with ESMF Version   : ESMF_8_1_0_beta_snapshot_47-30-g1cba37d72a
20210311 235148.826 INFO             PET1 ESMF library build date/time: "Mar 11 2021" "23:39:56"
20210311 235148.826 INFO             PET1 ESMF library build location : /home/mpotts/gfortran_9.3.0_openmpi_O
20210311 235148.826 INFO             PET1 ESMF_COMM                   : openmpi
20210311 235148.826 INFO             PET1 ESMF_MOAB                   : enabled
20210311 235148.826 INFO             PET1 ESMF_LAPACK                 : enabled
20210311 235148.826 INFO             PET1 ESMF_NETCDF                 : enabled
20210311 235148.826 INFO             PET1 ESMF_PNETCDF                : disabled
20210311 235148.826 INFO             PET1 ESMF_PIO                    : enabled
20210311 235148.826 INFO             PET1 ESMF_YAMLCPP                : enabled
20210311 235148.826 INFO             PET1  NUMBER_OF_PROCESSORS           4
20210311 235148.826 INFO             PET1  PASS  Example ESMF_VMUserMpiCommMultiEx, ESMF_VMUserMpiCommMultiEx.F90, line 154
20210311 235148.826 INFO             PET1 Finalizing ESMF
