---------------------------------------------------------------------------
STARTING: AsyncIOBlockingProto
rm -f PET*.ESMF_LogFile *.nc *.stdout
rm -f asyncIOApp *.o *.mod
c     model.F90
gmake: c: Command not found
Makefile:36: recipe for target 'model.o' failed
gmake: [model.o] Error 127 (ignored)
c     io.F90
gmake: c: Command not found
Makefile:36: recipe for target 'io.o' failed
gmake: [io.o] Error 127 (ignored)
c     asyncIODriver.F90
gmake: c: Command not found
Makefile:36: recipe for target 'asyncIODriver.o' failed
gmake: [asyncIODriver.o] Error 127 (ignored)
c     asyncIOApp.F90
gmake: c: Command not found
Makefile:36: recipe for target 'asyncIOApp.o' failed
gmake: [asyncIOApp.o] Error 127 (ignored)
o asyncIOApp asyncIOApp.o asyncIODriver.o model.o io.o 
gmake: o: Command not found
Makefile:47: recipe for target 'asyncIOApp' failed
gmake: [asyncIOApp] Error 127 (ignored)
+ mpirun -np 4 ./asyncIOApp
+ local result=255
+ set +x
FINISHED: AsyncIOBlockingProto
---------------------------------------------------------------------------

---------------------------------------------------------------------------
STARTING: AsyncIONonblockingProto
rm -f PET*.ESMF_LogFile *.nc *.stdout
rm -f asyncIOApp *.o *.mod
c     model.F90
gmake: c: Command not found
Makefile:36: recipe for target 'model.o' failed
gmake: [model.o] Error 127 (ignored)
c     io.F90
gmake: c: Command not found
Makefile:36: recipe for target 'io.o' failed
gmake: [io.o] Error 127 (ignored)
c     conn.F90
gmake: c: Command not found
Makefile:36: recipe for target 'conn.o' failed
gmake: [conn.o] Error 127 (ignored)
c     asyncIODriver.F90
gmake: c: Command not found
Makefile:36: recipe for target 'asyncIODriver.o' failed
gmake: [asyncIODriver.o] Error 127 (ignored)
c     asyncIOApp.F90
gmake: c: Command not found
Makefile:36: recipe for target 'asyncIOApp.o' failed
gmake: [asyncIOApp.o] Error 127 (ignored)
o asyncIOApp asyncIOApp.o asyncIODriver.o model.o io.o conn.o 
gmake: o: Command not found
Makefile:47: recipe for target 'asyncIOApp' failed
gmake: [asyncIOApp] Error 127 (ignored)
+ mpirun -np 4 ./asyncIOApp
+ local result=255
+ set +x
FINISHED: AsyncIONonblockingProto
---------------------------------------------------------------------------

---------------------------------------------------------------------------
STARTING: AtmOcnConOptsProto
rm -rf PET*.ESMF_LogFile traceout *.nc *.stdout
rm -f esmApp *.o *.mod
c     atm.F90
gmake: c: Command not found
Makefile:36: recipe for target 'atm.o' failed
gmake: [atm.o] Error 127 (ignored)
c     ocn.F90
gmake: c: Command not found
Makefile:36: recipe for target 'ocn.o' failed
gmake: [ocn.o] Error 127 (ignored)
c     esm.F90
gmake: c: Command not found
Makefile:36: recipe for target 'esm.o' failed
gmake: [esm.o] Error 127 (ignored)
c     esmApp.F90
gmake: c: Command not found
Makefile:36: recipe for target 'esmApp.o' failed
gmake: [esmApp.o] Error 127 (ignored)
o esmApp esmApp.o esm.o atm.o ocn.o 
gmake: o: Command not found
Makefile:47: recipe for target 'esmApp' failed
gmake: [esmApp] Error 127 (ignored)
+ mpirun -np 4 ./esmApp
+ local result=255
+ set +x
FINISHED: AtmOcnConOptsProto
---------------------------------------------------------------------------

---------------------------------------------------------------------------
STARTING: AtmOcnConProto
rm -f PET*.ESMF_LogFile *.nc *.stdout
rm -f esmApp *.o *.mod
c     atm.F90
gmake: c: Command not found
Makefile:36: recipe for target 'atm.o' failed
gmake: [atm.o] Error 127 (ignored)
c     ocn.F90
gmake: c: Command not found
Makefile:36: recipe for target 'ocn.o' failed
gmake: [ocn.o] Error 127 (ignored)
c     conn.F90
gmake: c: Command not found
Makefile:36: recipe for target 'conn.o' failed
gmake: [conn.o] Error 127 (ignored)
c     esm.F90
gmake: c: Command not found
Makefile:36: recipe for target 'esm.o' failed
gmake: [esm.o] Error 127 (ignored)
c     esmApp.F90
gmake: c: Command not found
Makefile:36: recipe for target 'esmApp.o' failed
gmake: [esmApp.o] Error 127 (ignored)
o esmApp esmApp.o esm.o atm.o ocn.o conn.o 
gmake: o: Command not found
Makefile:47: recipe for target 'esmApp' failed
gmake: [esmApp] Error 127 (ignored)
+ mpirun -np 4 ./esmApp
+ local result=255
+ set +x
FINISHED: AtmOcnConProto
---------------------------------------------------------------------------

---------------------------------------------------------------------------
STARTING: AtmOcnCplListProto
rm -f PET*.ESMF_LogFile *.nc *.stdout
rm -f esmApp *.o *.mod
c     atm.F90
gmake: c: Command not found
Makefile:36: recipe for target 'atm.o' failed
gmake: [atm.o] Error 127 (ignored)
c     ocn.F90
gmake: c: Command not found
Makefile:36: recipe for target 'ocn.o' failed
gmake: [ocn.o] Error 127 (ignored)
c     esm.F90
gmake: c: Command not found
Makefile:36: recipe for target 'esm.o' failed
gmake: [esm.o] Error 127 (ignored)
c     esmApp.F90
gmake: c: Command not found
Makefile:36: recipe for target 'esmApp.o' failed
gmake: [esmApp.o] Error 127 (ignored)
o esmApp esmApp.o esm.o atm.o ocn.o 
gmake: o: Command not found
Makefile:47: recipe for target 'esmApp' failed
gmake: [esmApp] Error 127 (ignored)
+ mpirun -np 4 ./esmApp
+ local result=255
+ set +x
FINISHED: AtmOcnCplListProto
---------------------------------------------------------------------------

---------------------------------------------------------------------------
STARTING: AtmOcnCplSetProto
rm -f PET*.ESMF_LogFile err out core* *.nc *.stdout
rm -f esmApp *.o *.mod
g -c     atm.F90
gmake: g: Command not found
Makefile:36: recipe for target 'atm.o' failed
gmake: [atm.o] Error 127 (ignored)
g -c     ocn.F90
gmake: g: Command not found
Makefile:36: recipe for target 'ocn.o' failed
gmake: [ocn.o] Error 127 (ignored)
g -c     esm.F90
gmake: g: Command not found
Makefile:36: recipe for target 'esm.o' failed
gmake: [esm.o] Error 127 (ignored)
g -c     esmApp.F90
gmake: g: Command not found
Makefile:36: recipe for target 'esmApp.o' failed
gmake: [esmApp.o] Error 127 (ignored)
o esmApp esmApp.o esm.o atm.o ocn.o 
gmake: o: Command not found
Makefile:47: recipe for target 'esmApp' failed
gmake: [esmApp] Error 127 (ignored)
+ mpirun -np 4 ./esmApp
+ local result=255
+ set +x
FINISHED: AtmOcnCplSetProto
---------------------------------------------------------------------------

---------------------------------------------------------------------------
STARTING: AtmOcnFDSynoProto
rm -f PET*.ESMF_LogFile *.nc *.stdout
rm -f esmApp *.o *.mod
c     atm.F90
gmake: c: Command not found
Makefile:36: recipe for target 'atm.o' failed
gmake: [atm.o] Error 127 (ignored)
c     ocn.F90
gmake: c: Command not found
Makefile:36: recipe for target 'ocn.o' failed
gmake: [ocn.o] Error 127 (ignored)
c     esm.F90
gmake: c: Command not found
Makefile:36: recipe for target 'esm.o' failed
gmake: [esm.o] Error 127 (ignored)
c     esmApp.F90
gmake: c: Command not found
Makefile:36: recipe for target 'esmApp.o' failed
gmake: [esmApp.o] Error 127 (ignored)
o esmApp esmApp.o esm.o atm.o ocn.o 
gmake: o: Command not found
Makefile:47: recipe for target 'esmApp' failed
gmake: [esmApp] Error 127 (ignored)
+ mpirun -np 4 ./esmApp
+ local result=255
+ set +x
FINISHED: AtmOcnFDSynoProto
---------------------------------------------------------------------------

---------------------------------------------------------------------------
STARTING: AtmOcnIceSimpleImplicitProto
rm -f PET*.ESMF_LogFile *.nc *.stdout
rm -f esmApp *.o *.mod
c     atm.F90
gmake: c: Command not found
Makefile:36: recipe for target 'atm.o' failed
gmake: [atm.o] Error 127 (ignored)
c     ocn.F90
gmake: c: Command not found
Makefile:36: recipe for target 'ocn.o' failed
gmake: [ocn.o] Error 127 (ignored)
c     ice.F90
gmake: c: Command not found
Makefile:36: recipe for target 'ice.o' failed
gmake: [ice.o] Error 127 (ignored)
c     esm.F90
gmake: c: Command not found
Makefile:36: recipe for target 'esm.o' failed
gmake: [esm.o] Error 127 (ignored)
c     esmApp.F90
gmake: c: Command not found
Makefile:36: recipe for target 'esmApp.o' failed
gmake: [esmApp.o] Error 127 (ignored)
o esmApp esmApp.o esm.o atm.o ocn.o ice.o 
gmake: o: Command not found
Makefile:47: recipe for target 'esmApp' failed
gmake: [esmApp] Error 127 (ignored)
+ mpirun -np 4 ./esmApp
+ local result=255
+ set +x
FINISHED: AtmOcnIceSimpleImplicitProto
---------------------------------------------------------------------------

---------------------------------------------------------------------------
STARTING: AtmOcnImplicitProto
rm -f PET*.ESMF_LogFile *.nc *.stdout
rm -f esmApp *.o *.mod
c     atm.F90
gmake: c: Command not found
Makefile:36: recipe for target 'atm.o' failed
gmake: [atm.o] Error 127 (ignored)
c     ocn.F90
gmake: c: Command not found
Makefile:36: recipe for target 'ocn.o' failed
gmake: [ocn.o] Error 127 (ignored)
c     esm.F90
gmake: c: Command not found
Makefile:36: recipe for target 'esm.o' failed
gmake: [esm.o] Error 127 (ignored)
c     esmApp.F90
gmake: c: Command not found
Makefile:36: recipe for target 'esmApp.o' failed
gmake: [esmApp.o] Error 127 (ignored)
o esmApp esmApp.o esm.o atm.o ocn.o 
gmake: o: Command not found
Makefile:47: recipe for target 'esmApp' failed
gmake: [esmApp] Error 127 (ignored)
+ mpirun -np 4 ./esmApp
+ local result=255
+ set +x
FINISHED: AtmOcnImplicitProto
---------------------------------------------------------------------------

---------------------------------------------------------------------------
STARTING: AtmOcnLndProto
rm -f PET*.ESMF_LogFile *.nc *.stdout
rm -f esmApp *.o *.mod
c     atm.F90
gmake: c: Command not found
Makefile:36: recipe for target 'atm.o' failed
gmake: [atm.o] Error 127 (ignored)
c     ocn.F90
gmake: c: Command not found
Makefile:36: recipe for target 'ocn.o' failed
gmake: [ocn.o] Error 127 (ignored)
c     lnd.F90
gmake: c: Command not found
Makefile:36: recipe for target 'lnd.o' failed
gmake: [lnd.o] Error 127 (ignored)
c     esm.F90
gmake: c: Command not found
Makefile:36: recipe for target 'esm.o' failed
gmake: [esm.o] Error 127 (ignored)
c     esmApp.F90
gmake: c: Command not found
Makefile:36: recipe for target 'esmApp.o' failed
gmake: [esmApp.o] Error 127 (ignored)
o esmApp esmApp.o esm.o atm.o ocn.o lnd.o 
gmake: o: Command not found
Makefile:47: recipe for target 'esmApp' failed
gmake: [esmApp] Error 127 (ignored)
+ mpirun -np 4 ./esmApp
+ local result=255
+ set +x
FINISHED: AtmOcnLndProto
---------------------------------------------------------------------------

---------------------------------------------------------------------------
STARTING: AtmOcnLogNoneProto
rm -rf PET*.ESMF_LogFile traceout *.nc *.stdout
rm -f esmApp *.o *.mod
c     atm.F90
gmake: c: Command not found
Makefile:36: recipe for target 'atm.o' failed
gmake: [atm.o] Error 127 (ignored)
c     ocn.F90
gmake: c: Command not found
Makefile:36: recipe for target 'ocn.o' failed
gmake: [ocn.o] Error 127 (ignored)
c     esm.F90
gmake: c: Command not found
Makefile:36: recipe for target 'esm.o' failed
gmake: [esm.o] Error 127 (ignored)
c     esmApp.F90
gmake: c: Command not found
Makefile:36: recipe for target 'esmApp.o' failed
gmake: [esmApp.o] Error 127 (ignored)
o esmApp esmApp.o esm.o atm.o ocn.o 
gmake: o: Command not found
Makefile:47: recipe for target 'esmApp' failed
gmake: [esmApp] Error 127 (ignored)
+ mpirun -np 4 ./esmApp
+ local result=255
+ set +x
FINISHED: AtmOcnLogNoneProto
---------------------------------------------------------------------------

---------------------------------------------------------------------------
STARTING: AtmOcnMedIngestFromConfigProto
rm -f PET*.ESMF_LogFile *.nc *.stdout
rm -f esmApp *.o *.mod
c     atm.F90
gmake: c: Command not found
Makefile:36: recipe for target 'atm.o' failed
gmake: [atm.o] Error 127 (ignored)
c     ocn.F90
gmake: c: Command not found
Makefile:36: recipe for target 'ocn.o' failed
gmake: [ocn.o] Error 127 (ignored)
c     med.F90
gmake: c: Command not found
Makefile:36: recipe for target 'med.o' failed
gmake: [med.o] Error 127 (ignored)
c     esm.F90
gmake: c: Command not found
Makefile:36: recipe for target 'esm.o' failed
gmake: [esm.o] Error 127 (ignored)
c     esmApp.F90
gmake: c: Command not found
Makefile:36: recipe for target 'esmApp.o' failed
gmake: [esmApp.o] Error 127 (ignored)
o esmApp esmApp.o esm.o atm.o ocn.o med.o 
gmake: o: Command not found
Makefile:47: recipe for target 'esmApp' failed
gmake: [esmApp] Error 127 (ignored)
+ mpirun -np 4 ./esmApp
+ local result=255
+ set +x
FINISHED: AtmOcnMedIngestFromConfigProto
---------------------------------------------------------------------------

---------------------------------------------------------------------------
STARTING: AtmOcnMedIngestFromInternalProto
rm -f PET*.ESMF_LogFile *.nc *.stdout
rm -f esmApp *.o *.mod
c     atm.F90
gmake: c: Command not found
Makefile:36: recipe for target 'atm.o' failed
gmake: [atm.o] Error 127 (ignored)
c     ocn.F90
gmake: c: Command not found
Makefile:36: recipe for target 'ocn.o' failed
gmake: [ocn.o] Error 127 (ignored)
c     med.F90
gmake: c: Command not found
Makefile:36: recipe for target 'med.o' failed
gmake: [med.o] Error 127 (ignored)
c     esm.F90
gmake: c: Command not found
Makefile:36: recipe for target 'esm.o' failed
gmake: [esm.o] Error 127 (ignored)
c     esmApp.F90
gmake: c: Command not found
Makefile:36: recipe for target 'esmApp.o' failed
gmake: [esmApp.o] Error 127 (ignored)
o esmApp esmApp.o esm.o atm.o ocn.o med.o 
gmake: o: Command not found
Makefile:47: recipe for target 'esmApp' failed
gmake: [esmApp] Error 127 (ignored)
+ mpirun -np 4 ./esmApp
+ local result=255
+ set +x
FINISHED: AtmOcnMedIngestFromInternalProto
---------------------------------------------------------------------------

---------------------------------------------------------------------------
STARTING: AtmOcnMedPetListProto
rm -f PET*.ESMF_LogFile *.nc *.stdout
rm -f esmApp *.o *.mod
c     atm.F90
gmake: c: Command not found
Makefile:36: recipe for target 'atm.o' failed
gmake: [atm.o] Error 127 (ignored)
c     ocn.F90
gmake: c: Command not found
Makefile:36: recipe for target 'ocn.o' failed
gmake: [ocn.o] Error 127 (ignored)
c     med.F90
gmake: c: Command not found
Makefile:36: recipe for target 'med.o' failed
gmake: [med.o] Error 127 (ignored)
c     esm.F90
gmake: c: Command not found
Makefile:36: recipe for target 'esm.o' failed
gmake: [esm.o] Error 127 (ignored)
c     esmApp.F90
gmake: c: Command not found
Makefile:36: recipe for target 'esmApp.o' failed
gmake: [esmApp.o] Error 127 (ignored)
o esmApp esmApp.o esm.o atm.o ocn.o med.o 
gmake: o: Command not found
Makefile:47: recipe for target 'esmApp' failed
gmake: [esmApp] Error 127 (ignored)
+ mpirun -np 4 ./esmApp
+ local result=255
+ set +x
FINISHED: AtmOcnMedPetListProto
---------------------------------------------------------------------------

---------------------------------------------------------------------------
STARTING: AtmOcnMedPetListTimescalesProto
rm -f PET*.ESMF_LogFile *.nc *.stdout
rm -f esmApp *.o *.mod
c     atm.F90
gmake: c: Command not found
Makefile:36: recipe for target 'atm.o' failed
gmake: [atm.o] Error 127 (ignored)
c     ocn.F90
gmake: c: Command not found
Makefile:36: recipe for target 'ocn.o' failed
gmake: [ocn.o] Error 127 (ignored)
c     med.F90
gmake: c: Command not found
Makefile:36: recipe for target 'med.o' failed
gmake: [med.o] Error 127 (ignored)
c     esm.F90
gmake: c: Command not found
Makefile:36: recipe for target 'esm.o' failed
gmake: [esm.o] Error 127 (ignored)
c     esmApp.F90
gmake: c: Command not found
Makefile:36: recipe for target 'esmApp.o' failed
gmake: [esmApp.o] Error 127 (ignored)
o esmApp esmApp.o esm.o atm.o ocn.o med.o 
gmake: o: Command not found
Makefile:47: recipe for target 'esmApp' failed
gmake: [esmApp] Error 127 (ignored)
+ mpirun -np 4 ./esmApp
+ local result=255
+ set +x
FINISHED: AtmOcnMedPetListTimescalesProto
---------------------------------------------------------------------------

---------------------------------------------------------------------------
STARTING: AtmOcnMedPetListTimescalesSplitFastProto
rm -f PET*.ESMF_LogFile *.nc *.stdout
rm -f esmApp *.o *.mod
c     atm.F90
gmake: c: Command not found
Makefile:36: recipe for target 'atm.o' failed
gmake: [atm.o] Error 127 (ignored)
c     ocn.F90
gmake: c: Command not found
Makefile:36: recipe for target 'ocn.o' failed
gmake: [ocn.o] Error 127 (ignored)
c     med.F90
gmake: c: Command not found
Makefile:36: recipe for target 'med.o' failed
gmake: [med.o] Error 127 (ignored)
c     esm.F90
gmake: c: Command not found
Makefile:36: recipe for target 'esm.o' failed
gmake: [esm.o] Error 127 (ignored)
c     esmApp.F90
gmake: c: Command not found
Makefile:36: recipe for target 'esmApp.o' failed
gmake: [esmApp.o] Error 127 (ignored)
o esmApp esmApp.o esm.o atm.o ocn.o med.o 
gmake: o: Command not found
Makefile:47: recipe for target 'esmApp' failed
gmake: [esmApp] Error 127 (ignored)
+ mpirun -np 4 ./esmApp
+ local result=255
+ set +x
FINISHED: AtmOcnMedPetListTimescalesSplitFastProto
---------------------------------------------------------------------------

---------------------------------------------------------------------------
STARTING: AtmOcnMedProto
rm -f PET*.ESMF_LogFile *.nc *.stdout
rm -f esmApp *.o *.mod
c     atm.F90
gmake: c: Command not found
Makefile:36: recipe for target 'atm.o' failed
gmake: [atm.o] Error 127 (ignored)
c     ocn.F90
gmake: c: Command not found
Makefile:36: recipe for target 'ocn.o' failed
gmake: [ocn.o] Error 127 (ignored)
c     med.F90
gmake: c: Command not found
Makefile:36: recipe for target 'med.o' failed
gmake: [med.o] Error 127 (ignored)
c     esm.F90
gmake: c: Command not found
Makefile:36: recipe for target 'esm.o' failed
gmake: [esm.o] Error 127 (ignored)
c     esmApp.F90
gmake: c: Command not found
Makefile:36: recipe for target 'esmApp.o' failed
gmake: [esmApp.o] Error 127 (ignored)
o esmApp esmApp.o esm.o atm.o ocn.o med.o 
gmake: o: Command not found
Makefile:47: recipe for target 'esmApp' failed
gmake: [esmApp] Error 127 (ignored)
+ mpirun -np 4 ./esmApp
+ local result=255
+ set +x
FINISHED: AtmOcnMedProto
---------------------------------------------------------------------------

---------------------------------------------------------------------------
STARTING: AtmOcnMirrorFieldsProto
rm -f PET*.ESMF_LogFile *.nc *.stdout
rm -f esmApp *.o *.mod
c     atm.F90
gmake: c: Command not found
Makefile:36: recipe for target 'atm.o' failed
gmake: [atm.o] Error 127 (ignored)
c     ocn.F90
gmake: c: Command not found
Makefile:36: recipe for target 'ocn.o' failed
gmake: [ocn.o] Error 127 (ignored)
c     esm.F90
gmake: c: Command not found
Makefile:36: recipe for target 'esm.o' failed
gmake: [esm.o] Error 127 (ignored)
c     esmApp.F90
gmake: c: Command not found
Makefile:36: recipe for target 'esmApp.o' failed
gmake: [esmApp.o] Error 127 (ignored)
o esmApp esmApp.o esm.o atm.o ocn.o 
gmake: o: Command not found
Makefile:47: recipe for target 'esmApp' failed
gmake: [esmApp] Error 127 (ignored)
+ mpirun -np 4 ./esmApp
+ local result=255
+ set +x
FINISHED: AtmOcnMirrorFieldsProto
---------------------------------------------------------------------------

---------------------------------------------------------------------------
STARTING: AtmOcnPetListProto
rm -f PET*.ESMF_LogFile *.nc *.stdout
rm -f esmApp *.o *.mod
c     atm.F90
gmake: c: Command not found
Makefile:36: recipe for target 'atm.o' failed
gmake: [atm.o] Error 127 (ignored)
c     ocn.F90
gmake: c: Command not found
Makefile:36: recipe for target 'ocn.o' failed
gmake: [ocn.o] Error 127 (ignored)
c     esm.F90
gmake: c: Command not found
Makefile:36: recipe for target 'esm.o' failed
gmake: [esm.o] Error 127 (ignored)
c     esmApp.F90
gmake: c: Command not found
Makefile:36: recipe for target 'esmApp.o' failed
gmake: [esmApp.o] Error 127 (ignored)
o esmApp esmApp.o esm.o atm.o ocn.o 
gmake: o: Command not found
Makefile:47: recipe for target 'esmApp' failed
gmake: [esmApp] Error 127 (ignored)
+ mpirun -np 4 ./esmApp
+ local result=255
+ set +x
FINISHED: AtmOcnPetListProto
---------------------------------------------------------------------------

---------------------------------------------------------------------------
STARTING: AtmOcnProto
rm -rf PET*.ESMF_LogFile traceout *.nc *.stdout
rm -f esmApp *.o *.mod
c     atm.F90
gmake: c: Command not found
Makefile:36: recipe for target 'atm.o' failed
gmake: [atm.o] Error 127 (ignored)
c     ocn.F90
gmake: c: Command not found
Makefile:36: recipe for target 'ocn.o' failed
gmake: [ocn.o] Error 127 (ignored)
c     esm.F90
gmake: c: Command not found
Makefile:36: recipe for target 'esm.o' failed
gmake: [esm.o] Error 127 (ignored)
c     esmApp.F90
gmake: c: Command not found
Makefile:36: recipe for target 'esmApp.o' failed
gmake: [esmApp.o] Error 127 (ignored)
o esmApp esmApp.o esm.o atm.o ocn.o 
gmake: o: Command not found
Makefile:47: recipe for target 'esmApp' failed
gmake: [esmApp] Error 127 (ignored)
+ mpirun -np 4 ./esmApp
+ local result=255
+ set +x
FINISHED: AtmOcnProto
---------------------------------------------------------------------------

---------------------------------------------------------------------------
STARTING: AtmOcnRtmTwoTimescalesProto
rm -f PET*.ESMF_LogFile *.nc *.stdout
rm -f esmApp *.o *.mod
c     atm.F90
gmake: c: Command not found
Makefile:36: recipe for target 'atm.o' failed
gmake: [atm.o] Error 127 (ignored)
c     ocn.F90
gmake: c: Command not found
Makefile:36: recipe for target 'ocn.o' failed
gmake: [ocn.o] Error 127 (ignored)
c     rtm.F90
gmake: c: Command not found
Makefile:36: recipe for target 'rtm.o' failed
gmake: [rtm.o] Error 127 (ignored)
c     esm.F90
gmake: c: Command not found
Makefile:36: recipe for target 'esm.o' failed
gmake: [esm.o] Error 127 (ignored)
c     esmApp.F90
gmake: c: Command not found
Makefile:36: recipe for target 'esmApp.o' failed
gmake: [esmApp.o] Error 127 (ignored)
o esmApp esmApp.o esm.o atm.o ocn.o rtm.o 
gmake: o: Command not found
Makefile:47: recipe for target 'esmApp' failed
gmake: [esmApp] Error 127 (ignored)
+ mpirun -np 4 ./esmApp
+ local result=255
+ set +x
FINISHED: AtmOcnRtmTwoTimescalesProto
---------------------------------------------------------------------------

---------------------------------------------------------------------------
STARTING: AtmOcnScalarProto
rm -f PET*.ESMF_LogFile *.nc *.stdout
rm -f esmApp *.o *.mod
c     atm.F90
gmake: c: Command not found
Makefile:36: recipe for target 'atm.o' failed
gmake: [atm.o] Error 127 (ignored)
c     ocn.F90
gmake: c: Command not found
Makefile:36: recipe for target 'ocn.o' failed
gmake: [ocn.o] Error 127 (ignored)
c     esm.F90
gmake: c: Command not found
Makefile:36: recipe for target 'esm.o' failed
gmake: [esm.o] Error 127 (ignored)
c     esmApp.F90
gmake: c: Command not found
Makefile:36: recipe for target 'esmApp.o' failed
gmake: [esmApp.o] Error 127 (ignored)
o esmApp esmApp.o esm.o atm.o ocn.o 
gmake: o: Command not found
Makefile:47: recipe for target 'esmApp' failed
gmake: [esmApp] Error 127 (ignored)
+ mpirun -np 4 ./esmApp
+ local result=255
+ set +x
FINISHED: AtmOcnScalarProto
---------------------------------------------------------------------------

---------------------------------------------------------------------------
STARTING: AtmOcnSelectExternalProto
rm -f PET*.ESMF_LogFile *.nc *.stdout
rm -f esmApp *.o *.mod
rm -f *.so
rm -f PET*.ESMF_LogFile
rm -f *.o *.mod *.mk
rm -f PET*.ESMF_LogFile
rm -f *.o *.mod *.mk
rm -f PET*.ESMF_LogFile
rm -f *.o *.mod *.a *.mk
rm -f PET*.ESMF_LogFile
rm -f *.o *.so *.mod *.mk
rm -f PET*.ESMF_LogFile
rm -f *.o *.so *.mod *.mk
rm -f PET*.ESMF_LogFile
rm -f *.o *.mod *.mk
Makefile:30: ../OcnCommon/ocnCommon.mk: No such file or directory
c  -DFRONT_OCNCOMMON=       ../OcnCommon/ocnCommon.F90
gmake: c: Command not found
Makefile:47: recipe for target '../OcnCommon/ocnCommon.o' failed
gmake: [../OcnCommon/ocnCommon.o] Error 127 (ignored)
rm -f PET*.ESMF_LogFile
rm -f *.o *.mod *.mk
Makefile:38: OcnSub/ocnSub.mk: No such file or directory
c  -DFRONT_OCNCOMMON=ocnA -DFRONT_OCNSUB=ocnA  -I/scratch/cluster/mpotts/gfortran_9.3.0_mpich_O/nuopc-app-prototypes/AtmOcnSelectExternalProto/OcnModelA -I/scratch/cluster/mpotts/gfortran_9.3.0_mpich_O/nuopc-app-prototypes/AtmOcnSelectExternalProto/OcnModelA     OcnSub/ocnSub.F90
gmake: c: Command not found
Makefile:55: recipe for target 'OcnSub/ocnSub.o' failed
gmake: [OcnSub/ocnSub.o] Error 127 (ignored)
rm -f PET*.ESMF_LogFile
rm -f *.o *.mod *.mk
rm -f PET*.ESMF_LogFile
rm -f *.o *.mod *.mk
Makefile:42: OcnSub/ocnSub.mk: No such file or directory
gmake: *** No rule to make target 'OcnSub/ocnSub.mk'.  Stop.
rm -f PET*.ESMF_LogFile
rm -f *.o *.mod *.mk
rm -f PET*.ESMF_LogFile
rm -f *.o *.mod *.mk
rm -f PET*.ESMF_LogFile
rm -f *.o *.mod *.mk
c     atmA.F90
gmake: c: Command not found
Makefile:36: recipe for target 'atmA.o' failed
gmake: [atmA.o] Error 127 (ignored)
rm -f PET*.ESMF_LogFile
rm -f *.o *.mod *.mk
c     atmB.F90
gmake: c: Command not found
Makefile:36: recipe for target 'atmB.o' failed
gmake: [atmB.o] Error 127 (ignored)
c     procedure.F90
gmake: c: Command not found
Makefile:36: recipe for target 'procedure.o' failed
gmake: [procedure.o] Error 127 (ignored)
rm -f PET*.ESMF_LogFile
rm -f *.o *.mod *.a *.mk
c     atmC.F90
gmake: c: Command not found
Makefile:36: recipe for target 'atmC.o' failed
gmake: [atmC.o] Error 127 (ignored)
c     procedure.F90
gmake: c: Command not found
Makefile:36: recipe for target 'procedure.o' failed
gmake: [procedure.o] Error 127 (ignored)
ar cr libatmC.a atmC.o procedure.o
ar: atmC.o: No such file or directory
Makefile:59: recipe for target 'libatmC.a' failed
gmake: *** [libatmC.a] Error 1
rm -f PET*.ESMF_LogFile
rm -f *.o *.so *.mod *.mk
c     atmD.F90
gmake: c: Command not found
Makefile:36: recipe for target 'atmD.o' failed
gmake: [atmD.o] Error 127 (ignored)
shared -o atmD.so atmD.o
gmake: shared: Command not found
Makefile:60: recipe for target 'atmD.so' failed
gmake: [atmD.so] Error 127 (ignored)
mv atmD.so libatmD.so
mv: cannot stat ‘atmD.so’: No such file or directory
Makefile:60: recipe for target 'atmD.so' failed
gmake: *** [atmD.so] Error 1
rm -f PET*.ESMF_LogFile
rm -f *.o *.so *.mod *.mk
c     atmE.F90
gmake: c: Command not found
Makefile:36: recipe for target 'atmE.o' failed
gmake: [atmE.o] Error 127 (ignored)
shared -o atmE.so atmE.o
gmake: shared: Command not found
Makefile:60: recipe for target 'atmE.so' failed
gmake: [atmE.so] Error 127 (ignored)
rm -f atmE.o
mv: cannot stat ‘atmE.so’: No such file or directory
rm -f PET*.ESMF_LogFile
rm -f *.o *.mod *.mk
c     atmF.C
gmake: c: Command not found
Makefile:42: recipe for target 'atmF.o' failed
gmake: [atmF.o] Error 127 (ignored)
rm -f PET*.ESMF_LogFile
rm -f *.o *.mod *.mk
c     subModule1.F90
gmake: c: Command not found
Makefile:36: recipe for target 'subModule1.o' failed
gmake: [subModule1.o] Error 127 (ignored)
c     subModule2.F90
gmake: c: Command not found
Makefile:36: recipe for target 'subModule2.o' failed
gmake: [subModule2.o] Error 127 (ignored)
c     ocnCommon.F90
gmake: c: Command not found
Makefile:36: recipe for target 'ocnCommon.o' failed
gmake: [ocnCommon.o] Error 127 (ignored)
rm -f PET*.ESMF_LogFile
rm -f *.o *.mod *.mk
c  -DFRONT_OCNCOMMON=OceanCommon  -I/scratch/cluster/mpotts/gfortran_9.3.0_mpich_O/nuopc-app-prototypes/AtmOcnSelectExternalProto/OcnCommon     /scratch/cluster/mpotts/gfortran_9.3.0_mpich_O/nuopc-app-prototypes/AtmOcnSelectExternalProto/OcnCommon/ocnCommon.F90
gmake: c: Command not found
Makefile:47: recipe for target '/scratch/cluster/mpotts/gfortran_9.3.0_mpich_O/nuopc-app-prototypes/AtmOcnSelectExternalProto/OcnCommon/ocnCommon.o' failed
gmake: [/scratch/cluster/mpotts/gfortran_9.3.0_mpich_O/nuopc-app-prototypes/AtmOcnSelectExternalProto/OcnCommon/ocnCommon.o] Error 127 (ignored)
c  -DFRONT_OCNCOMMON=OceanCommon  -I/scratch/cluster/mpotts/gfortran_9.3.0_mpich_O/nuopc-app-prototypes/AtmOcnSelectExternalProto/OcnCommon     ocn.F90
gmake: c: Command not found
Makefile:47: recipe for target 'ocn.o' failed
gmake: [ocn.o] Error 127 (ignored)
rm -f PET*.ESMF_LogFile
rm -f *.o *.mod *.mk
c     ocnSub.F90
gmake: c: Command not found
Makefile:36: recipe for target 'ocnSub.o' failed
gmake: [ocnSub.o] Error 127 (ignored)
rm -f PET*.ESMF_LogFile
rm -f *.o *.mod *.mk
c  -DFRONT_OCNCOMMON=OceanCommon -DFRONT_OCNSUB=ocnSub  -I/scratch/cluster/mpotts/gfortran_9.3.0_mpich_O/nuopc-app-prototypes/AtmOcnSelectExternalProto/OcnCommon -I/scratch/cluster/mpotts/gfortran_9.3.0_mpich_O/nuopc-app-prototypes/AtmOcnSelectExternalProto/OcnModelB/OcnSub     /scratch/cluster/mpotts/gfortran_9.3.0_mpich_O/nuopc-app-prototypes/AtmOcnSelectExternalProto/OcnCommon/ocnCommon.F90
gmake: c: Command not found
Makefile:55: recipe for target '/scratch/cluster/mpotts/gfortran_9.3.0_mpich_O/nuopc-app-prototypes/AtmOcnSelectExternalProto/OcnCommon/ocnCommon.o' failed
gmake: [/scratch/cluster/mpotts/gfortran_9.3.0_mpich_O/nuopc-app-prototypes/AtmOcnSelectExternalProto/OcnCommon/ocnCommon.o] Error 127 (ignored)
c  -DFRONT_OCNCOMMON=OceanCommon -DFRONT_OCNSUB=ocnSub  -I/scratch/cluster/mpotts/gfortran_9.3.0_mpich_O/nuopc-app-prototypes/AtmOcnSelectExternalProto/OcnCommon -I/scratch/cluster/mpotts/gfortran_9.3.0_mpich_O/nuopc-app-prototypes/AtmOcnSelectExternalProto/OcnModelB/OcnSub     /scratch/cluster/mpotts/gfortran_9.3.0_mpich_O/nuopc-app-prototypes/AtmOcnSelectExternalProto/OcnModelB/OcnSub/ocnSub.F90
gmake: c: Command not found
Makefile:55: recipe for target '/scratch/cluster/mpotts/gfortran_9.3.0_mpich_O/nuopc-app-prototypes/AtmOcnSelectExternalProto/OcnModelB/OcnSub/ocnSub.o' failed
gmake: [/scratch/cluster/mpotts/gfortran_9.3.0_mpich_O/nuopc-app-prototypes/AtmOcnSelectExternalProto/OcnModelB/OcnSub/ocnSub.o] Error 127 (ignored)
c  -DFRONT_OCNCOMMON=OceanCommon -DFRONT_OCNSUB=ocnSub  -I/scratch/cluster/mpotts/gfortran_9.3.0_mpich_O/nuopc-app-prototypes/AtmOcnSelectExternalProto/OcnCommon -I/scratch/cluster/mpotts/gfortran_9.3.0_mpich_O/nuopc-app-prototypes/AtmOcnSelectExternalProto/OcnModelB/OcnSub     ocn.F90
gmake: c: Command not found
Makefile:55: recipe for target 'ocn.o' failed
gmake: [ocn.o] Error 127 (ignored)
rm -f PET*.ESMF_LogFile
rm -f *.o *.mod *.mk
c     ocnSub.F90
gmake: c: Command not found
Makefile:36: recipe for target 'ocnSub.o' failed
gmake: [ocnSub.o] Error 127 (ignored)
rm -f PET*.ESMF_LogFile
rm -f *.o *.so *.mod *.mk
c  -DFRONT_OCNCOMMON=OceanCommon -DFRONT_OCNSUB=ocnSub  -I/scratch/cluster/mpotts/gfortran_9.3.0_mpich_O/nuopc-app-prototypes/AtmOcnSelectExternalProto/OcnCommon -I/scratch/cluster/mpotts/gfortran_9.3.0_mpich_O/nuopc-app-prototypes/AtmOcnSelectExternalProto/OcnModelC/OcnSub     ocn.F90
gmake: c: Command not found
Makefile:59: recipe for target 'ocn.o' failed
gmake: [ocn.o] Error 127 (ignored)
c  -DFRONT_OCNCOMMON=OceanCommon -DFRONT_OCNSUB=ocnSub  -I/scratch/cluster/mpotts/gfortran_9.3.0_mpich_O/nuopc-app-prototypes/AtmOcnSelectExternalProto/OcnCommon -I/scratch/cluster/mpotts/gfortran_9.3.0_mpich_O/nuopc-app-prototypes/AtmOcnSelectExternalProto/OcnModelC/OcnSub     /scratch/cluster/mpotts/gfortran_9.3.0_mpich_O/nuopc-app-prototypes/AtmOcnSelectExternalProto/OcnCommon/ocnCommon.F90
gmake: c: Command not found
Makefile:59: recipe for target '/scratch/cluster/mpotts/gfortran_9.3.0_mpich_O/nuopc-app-prototypes/AtmOcnSelectExternalProto/OcnCommon/ocnCommon.o' failed
gmake: [/scratch/cluster/mpotts/gfortran_9.3.0_mpich_O/nuopc-app-prototypes/AtmOcnSelectExternalProto/OcnCommon/ocnCommon.o] Error 127 (ignored)
c  -DFRONT_OCNCOMMON=OceanCommon -DFRONT_OCNSUB=ocnSub  -I/scratch/cluster/mpotts/gfortran_9.3.0_mpich_O/nuopc-app-prototypes/AtmOcnSelectExternalProto/OcnCommon -I/scratch/cluster/mpotts/gfortran_9.3.0_mpich_O/nuopc-app-prototypes/AtmOcnSelectExternalProto/OcnModelC/OcnSub     /scratch/cluster/mpotts/gfortran_9.3.0_mpich_O/nuopc-app-prototypes/AtmOcnSelectExternalProto/OcnModelC/OcnSub/ocnSub.F90
gmake: c: Command not found
Makefile:59: recipe for target '/scratch/cluster/mpotts/gfortran_9.3.0_mpich_O/nuopc-app-prototypes/AtmOcnSelectExternalProto/OcnModelC/OcnSub/ocnSub.o' failed
gmake: [/scratch/cluster/mpotts/gfortran_9.3.0_mpich_O/nuopc-app-prototypes/AtmOcnSelectExternalProto/OcnModelC/OcnSub/ocnSub.o] Error 127 (ignored)
shared -o ocn.so ocn.o  /scratch/cluster/mpotts/gfortran_9.3.0_mpich_O/nuopc-app-prototypes/AtmOcnSelectExternalProto/OcnCommon/ocnCommon.o /scratch/cluster/mpotts/gfortran_9.3.0_mpich_O/nuopc-app-prototypes/AtmOcnSelectExternalProto/OcnCommon/subModule1.o /scratch/cluster/mpotts/gfortran_9.3.0_mpich_O/nuopc-app-prototypes/AtmOcnSelectExternalProto/OcnCommon/subModule2.o /scratch/cluster/mpotts/gfortran_9.3.0_mpich_O/nuopc-app-prototypes/AtmOcnSelectExternalProto/OcnModelC/OcnSub/ocnSub.o        
gmake: shared: Command not found
Makefile:83: recipe for target 'ocn.so' failed
gmake: [ocn.so] Error 127 (ignored)
rm -f ocn.o
mv: cannot stat ‘ocn.so’: No such file or directory
c  -DFRONT_ATMA=atmA -DFRONT_OCNA=ocnA -DFRONT_OCNB=ocnB -DFRONT_SO_OCNC=\"ocn.so\"  -I/scratch/cluster/mpotts/gfortran_9.3.0_mpich_O/nuopc-app-prototypes/AtmOcnSelectExternalProto/ATM-A -I/scratch/cluster/mpotts/gfortran_9.3.0_mpich_O/nuopc-app-prototypes/AtmOcnSelectExternalProto/OcnModelA -I/scratch/cluster/mpotts/gfortran_9.3.0_mpich_O/nuopc-app-prototypes/AtmOcnSelectExternalProto/OcnModelB      /scratch/cluster/mpotts/gfortran_9.3.0_mpich_O/nuopc-app-prototypes/AtmOcnSelectExternalProto/ATM-A/atmA.F90
gmake: c: Command not found
Makefile:135: recipe for target '/scratch/cluster/mpotts/gfortran_9.3.0_mpich_O/nuopc-app-prototypes/AtmOcnSelectExternalProto/ATM-A/atmA.o' failed
gmake: [/scratch/cluster/mpotts/gfortran_9.3.0_mpich_O/nuopc-app-prototypes/AtmOcnSelectExternalProto/ATM-A/atmA.o] Error 127 (ignored)
c  -DFRONT_ATMA=atmA -DFRONT_OCNA=ocnA -DFRONT_OCNB=ocnB -DFRONT_SO_OCNC=\"ocn.so\"  -I/scratch/cluster/mpotts/gfortran_9.3.0_mpich_O/nuopc-app-prototypes/AtmOcnSelectExternalProto/ATM-A -I/scratch/cluster/mpotts/gfortran_9.3.0_mpich_O/nuopc-app-prototypes/AtmOcnSelectExternalProto/OcnModelA -I/scratch/cluster/mpotts/gfortran_9.3.0_mpich_O/nuopc-app-prototypes/AtmOcnSelectExternalProto/OcnModelB      /scratch/cluster/mpotts/gfortran_9.3.0_mpich_O/nuopc-app-prototypes/AtmOcnSelectExternalProto/OcnModelA/ocn.F90
gmake: c: Command not found
Makefile:135: recipe for target '/scratch/cluster/mpotts/gfortran_9.3.0_mpich_O/nuopc-app-prototypes/AtmOcnSelectExternalProto/OcnModelA/ocn.o' failed
gmake: [/scratch/cluster/mpotts/gfortran_9.3.0_mpich_O/nuopc-app-prototypes/AtmOcnSelectExternalProto/OcnModelA/ocn.o] Error 127 (ignored)
c  -DFRONT_ATMA=atmA -DFRONT_OCNA=ocnA -DFRONT_OCNB=ocnB -DFRONT_SO_OCNC=\"ocn.so\"  -I/scratch/cluster/mpotts/gfortran_9.3.0_mpich_O/nuopc-app-prototypes/AtmOcnSelectExternalProto/ATM-A -I/scratch/cluster/mpotts/gfortran_9.3.0_mpich_O/nuopc-app-prototypes/AtmOcnSelectExternalProto/OcnModelA -I/scratch/cluster/mpotts/gfortran_9.3.0_mpich_O/nuopc-app-prototypes/AtmOcnSelectExternalProto/OcnModelB      /scratch/cluster/mpotts/gfortran_9.3.0_mpich_O/nuopc-app-prototypes/AtmOcnSelectExternalProto/OcnModelB/ocn.F90
gmake: c: Command not found
Makefile:135: recipe for target '/scratch/cluster/mpotts/gfortran_9.3.0_mpich_O/nuopc-app-prototypes/AtmOcnSelectExternalProto/OcnModelB/ocn.o' failed
gmake: [/scratch/cluster/mpotts/gfortran_9.3.0_mpich_O/nuopc-app-prototypes/AtmOcnSelectExternalProto/OcnModelB/ocn.o] Error 127 (ignored)
c  -DFRONT_ATMA=atmA -DFRONT_OCNA=ocnA -DFRONT_OCNB=ocnB -DFRONT_SO_OCNC=\"ocn.so\"  -I/scratch/cluster/mpotts/gfortran_9.3.0_mpich_O/nuopc-app-prototypes/AtmOcnSelectExternalProto/ATM-A -I/scratch/cluster/mpotts/gfortran_9.3.0_mpich_O/nuopc-app-prototypes/AtmOcnSelectExternalProto/OcnModelA -I/scratch/cluster/mpotts/gfortran_9.3.0_mpich_O/nuopc-app-prototypes/AtmOcnSelectExternalProto/OcnModelB      esm.F90
gmake: c: Command not found
Makefile:135: recipe for target 'esm.o' failed
gmake: [esm.o] Error 127 (ignored)
c  -DFRONT_ATMA=atmA -DFRONT_OCNA=ocnA -DFRONT_OCNB=ocnB -DFRONT_SO_OCNC=\"ocn.so\"  -I/scratch/cluster/mpotts/gfortran_9.3.0_mpich_O/nuopc-app-prototypes/AtmOcnSelectExternalProto/ATM-A -I/scratch/cluster/mpotts/gfortran_9.3.0_mpich_O/nuopc-app-prototypes/AtmOcnSelectExternalProto/OcnModelA -I/scratch/cluster/mpotts/gfortran_9.3.0_mpich_O/nuopc-app-prototypes/AtmOcnSelectExternalProto/OcnModelB      esmApp.F90
gmake: c: Command not found
Makefile:135: recipe for target 'esmApp.o' failed
gmake: [esmApp.o] Error 127 (ignored)
c  -DFRONT_ATMA=atmA -DFRONT_OCNA=ocnA -DFRONT_OCNB=ocnB -DFRONT_SO_OCNC=\"ocn.so\"  -I/scratch/cluster/mpotts/gfortran_9.3.0_mpich_O/nuopc-app-prototypes/AtmOcnSelectExternalProto/ATM-A -I/scratch/cluster/mpotts/gfortran_9.3.0_mpich_O/nuopc-app-prototypes/AtmOcnSelectExternalProto/OcnModelA -I/scratch/cluster/mpotts/gfortran_9.3.0_mpich_O/nuopc-app-prototypes/AtmOcnSelectExternalProto/OcnModelB      /scratch/cluster/mpotts/gfortran_9.3.0_mpich_O/nuopc-app-prototypes/AtmOcnSelectExternalProto/OcnCommon/ocnCommon.F90
gmake: c: Command not found
Makefile:135: recipe for target '/scratch/cluster/mpotts/gfortran_9.3.0_mpich_O/nuopc-app-prototypes/AtmOcnSelectExternalProto/OcnCommon/ocnCommon.o' failed
gmake: [/scratch/cluster/mpotts/gfortran_9.3.0_mpich_O/nuopc-app-prototypes/AtmOcnSelectExternalProto/OcnCommon/ocnCommon.o] Error 127 (ignored)
c  -DFRONT_ATMA=atmA -DFRONT_OCNA=ocnA -DFRONT_OCNB=ocnB -DFRONT_SO_OCNC=\"ocn.so\"  -I/scratch/cluster/mpotts/gfortran_9.3.0_mpich_O/nuopc-app-prototypes/AtmOcnSelectExternalProto/ATM-A -I/scratch/cluster/mpotts/gfortran_9.3.0_mpich_O/nuopc-app-prototypes/AtmOcnSelectExternalProto/OcnModelA -I/scratch/cluster/mpotts/gfortran_9.3.0_mpich_O/nuopc-app-prototypes/AtmOcnSelectExternalProto/OcnModelB      /scratch/cluster/mpotts/gfortran_9.3.0_mpich_O/nuopc-app-prototypes/AtmOcnSelectExternalProto/OcnCommon/subModule1.F90
gmake: c: Command not found
Makefile:135: recipe for target '/scratch/cluster/mpotts/gfortran_9.3.0_mpich_O/nuopc-app-prototypes/AtmOcnSelectExternalProto/OcnCommon/subModule1.o' failed
gmake: [/scratch/cluster/mpotts/gfortran_9.3.0_mpich_O/nuopc-app-prototypes/AtmOcnSelectExternalProto/OcnCommon/subModule1.o] Error 127 (ignored)
c  -DFRONT_ATMA=atmA -DFRONT_OCNA=ocnA -DFRONT_OCNB=ocnB -DFRONT_SO_OCNC=\"ocn.so\"  -I/scratch/cluster/mpotts/gfortran_9.3.0_mpich_O/nuopc-app-prototypes/AtmOcnSelectExternalProto/ATM-A -I/scratch/cluster/mpotts/gfortran_9.3.0_mpich_O/nuopc-app-prototypes/AtmOcnSelectExternalProto/OcnModelA -I/scratch/cluster/mpotts/gfortran_9.3.0_mpich_O/nuopc-app-prototypes/AtmOcnSelectExternalProto/OcnModelB      /scratch/cluster/mpotts/gfortran_9.3.0_mpich_O/nuopc-app-prototypes/AtmOcnSelectExternalProto/OcnCommon/subModule2.F90
gmake: c: Command not found
Makefile:135: recipe for target '/scratch/cluster/mpotts/gfortran_9.3.0_mpich_O/nuopc-app-prototypes/AtmOcnSelectExternalProto/OcnCommon/subModule2.o' failed
gmake: [/scratch/cluster/mpotts/gfortran_9.3.0_mpich_O/nuopc-app-prototypes/AtmOcnSelectExternalProto/OcnCommon/subModule2.o] Error 127 (ignored)
c  -DFRONT_ATMA=atmA -DFRONT_OCNA=ocnA -DFRONT_OCNB=ocnB -DFRONT_SO_OCNC=\"ocn.so\"  -I/scratch/cluster/mpotts/gfortran_9.3.0_mpich_O/nuopc-app-prototypes/AtmOcnSelectExternalProto/ATM-A -I/scratch/cluster/mpotts/gfortran_9.3.0_mpich_O/nuopc-app-prototypes/AtmOcnSelectExternalProto/OcnModelA -I/scratch/cluster/mpotts/gfortran_9.3.0_mpich_O/nuopc-app-prototypes/AtmOcnSelectExternalProto/OcnModelB      /scratch/cluster/mpotts/gfortran_9.3.0_mpich_O/nuopc-app-prototypes/AtmOcnSelectExternalProto/OcnModelB/OcnSub/ocnSub.F90
gmake: c: Command not found
Makefile:135: recipe for target '/scratch/cluster/mpotts/gfortran_9.3.0_mpich_O/nuopc-app-prototypes/AtmOcnSelectExternalProto/OcnModelB/OcnSub/ocnSub.o' failed
gmake: [/scratch/cluster/mpotts/gfortran_9.3.0_mpich_O/nuopc-app-prototypes/AtmOcnSelectExternalProto/OcnModelB/OcnSub/ocnSub.o] Error 127 (ignored)
o esmApp esmApp.o esm.o /scratch/cluster/mpotts/gfortran_9.3.0_mpich_O/nuopc-app-prototypes/AtmOcnSelectExternalProto/ATM-A/atmA.o /scratch/cluster/mpotts/gfortran_9.3.0_mpich_O/nuopc-app-prototypes/AtmOcnSelectExternalProto/OcnModelA/ocn.o /scratch/cluster/mpotts/gfortran_9.3.0_mpich_O/nuopc-app-prototypes/AtmOcnSelectExternalProto/OcnCommon/ocnCommon.o /scratch/cluster/mpotts/gfortran_9.3.0_mpich_O/nuopc-app-prototypes/AtmOcnSelectExternalProto/OcnCommon/subModule1.o /scratch/cluster/mpotts/gfortran_9.3.0_mpich_O/nuopc-app-prototypes/AtmOcnSelectExternalProto/OcnCommon/subModule2.o /scratch/cluster/mpotts/gfortran_9.3.0_mpich_O/nuopc-app-prototypes/AtmOcnSelectExternalProto/OcnModelB/ocn.o /scratch/cluster/mpotts/gfortran_9.3.0_mpich_O/nuopc-app-prototypes/AtmOcnSelectExternalProto/OcnModelB/OcnSub/ocnSub.o               
gmake: o: Command not found
Makefile:146: recipe for target 'esmApp' failed
gmake: [esmApp] Error 127 (ignored)
+ mpirun -np 4 ./esmApp
+ local result=255
+ set +x

rm -f esmApp *.o *.mod
c  -DFRONT_ATMB=atmB -DFRONT_OCNA=ocnA -DFRONT_OCNB=ocnB -DFRONT_SO_OCNC=\"ocn.so\"  -I/scratch/cluster/mpotts/gfortran_9.3.0_mpich_O/nuopc-app-prototypes/AtmOcnSelectExternalProto/ATM-B -I/scratch/cluster/mpotts/gfortran_9.3.0_mpich_O/nuopc-app-prototypes/AtmOcnSelectExternalProto/OcnModelA -I/scratch/cluster/mpotts/gfortran_9.3.0_mpich_O/nuopc-app-prototypes/AtmOcnSelectExternalProto/OcnModelB      /scratch/cluster/mpotts/gfortran_9.3.0_mpich_O/nuopc-app-prototypes/AtmOcnSelectExternalProto/ATM-B/atmB.F90
gmake: c: Command not found
Makefile:135: recipe for target '/scratch/cluster/mpotts/gfortran_9.3.0_mpich_O/nuopc-app-prototypes/AtmOcnSelectExternalProto/ATM-B/atmB.o' failed
gmake: [/scratch/cluster/mpotts/gfortran_9.3.0_mpich_O/nuopc-app-prototypes/AtmOcnSelectExternalProto/ATM-B/atmB.o] Error 127 (ignored)
c  -DFRONT_ATMB=atmB -DFRONT_OCNA=ocnA -DFRONT_OCNB=ocnB -DFRONT_SO_OCNC=\"ocn.so\"  -I/scratch/cluster/mpotts/gfortran_9.3.0_mpich_O/nuopc-app-prototypes/AtmOcnSelectExternalProto/ATM-B -I/scratch/cluster/mpotts/gfortran_9.3.0_mpich_O/nuopc-app-prototypes/AtmOcnSelectExternalProto/OcnModelA -I/scratch/cluster/mpotts/gfortran_9.3.0_mpich_O/nuopc-app-prototypes/AtmOcnSelectExternalProto/OcnModelB      /scratch/cluster/mpotts/gfortran_9.3.0_mpich_O/nuopc-app-prototypes/AtmOcnSelectExternalProto/OcnModelA/ocn.F90
gmake: c: Command not found
Makefile:135: recipe for target '/scratch/cluster/mpotts/gfortran_9.3.0_mpich_O/nuopc-app-prototypes/AtmOcnSelectExternalProto/OcnModelA/ocn.o' failed
gmake: [/scratch/cluster/mpotts/gfortran_9.3.0_mpich_O/nuopc-app-prototypes/AtmOcnSelectExternalProto/OcnModelA/ocn.o] Error 127 (ignored)
c  -DFRONT_ATMB=atmB -DFRONT_OCNA=ocnA -DFRONT_OCNB=ocnB -DFRONT_SO_OCNC=\"ocn.so\"  -I/scratch/cluster/mpotts/gfortran_9.3.0_mpich_O/nuopc-app-prototypes/AtmOcnSelectExternalProto/ATM-B -I/scratch/cluster/mpotts/gfortran_9.3.0_mpich_O/nuopc-app-prototypes/AtmOcnSelectExternalProto/OcnModelA -I/scratch/cluster/mpotts/gfortran_9.3.0_mpich_O/nuopc-app-prototypes/AtmOcnSelectExternalProto/OcnModelB      /scratch/cluster/mpotts/gfortran_9.3.0_mpich_O/nuopc-app-prototypes/AtmOcnSelectExternalProto/OcnModelB/ocn.F90
gmake: c: Command not found
Makefile:135: recipe for target '/scratch/cluster/mpotts/gfortran_9.3.0_mpich_O/nuopc-app-prototypes/AtmOcnSelectExternalProto/OcnModelB/ocn.o' failed
gmake: [/scratch/cluster/mpotts/gfortran_9.3.0_mpich_O/nuopc-app-prototypes/AtmOcnSelectExternalProto/OcnModelB/ocn.o] Error 127 (ignored)
c  -DFRONT_ATMB=atmB -DFRONT_OCNA=ocnA -DFRONT_OCNB=ocnB -DFRONT_SO_OCNC=\"ocn.so\"  -I/scratch/cluster/mpotts/gfortran_9.3.0_mpich_O/nuopc-app-prototypes/AtmOcnSelectExternalProto/ATM-B -I/scratch/cluster/mpotts/gfortran_9.3.0_mpich_O/nuopc-app-prototypes/AtmOcnSelectExternalProto/OcnModelA -I/scratch/cluster/mpotts/gfortran_9.3.0_mpich_O/nuopc-app-prototypes/AtmOcnSelectExternalProto/OcnModelB      esm.F90
gmake: c: Command not found
Makefile:135: recipe for target 'esm.o' failed
gmake: [esm.o] Error 127 (ignored)
c  -DFRONT_ATMB=atmB -DFRONT_OCNA=ocnA -DFRONT_OCNB=ocnB -DFRONT_SO_OCNC=\"ocn.so\"  -I/scratch/cluster/mpotts/gfortran_9.3.0_mpich_O/nuopc-app-prototypes/AtmOcnSelectExternalProto/ATM-B -I/scratch/cluster/mpotts/gfortran_9.3.0_mpich_O/nuopc-app-prototypes/AtmOcnSelectExternalProto/OcnModelA -I/scratch/cluster/mpotts/gfortran_9.3.0_mpich_O/nuopc-app-prototypes/AtmOcnSelectExternalProto/OcnModelB      esmApp.F90
gmake: c: Command not found
Makefile:135: recipe for target 'esmApp.o' failed
gmake: [esmApp.o] Error 127 (ignored)
c  -DFRONT_ATMB=atmB -DFRONT_OCNA=ocnA -DFRONT_OCNB=ocnB -DFRONT_SO_OCNC=\"ocn.so\"  -I/scratch/cluster/mpotts/gfortran_9.3.0_mpich_O/nuopc-app-prototypes/AtmOcnSelectExternalProto/ATM-B -I/scratch/cluster/mpotts/gfortran_9.3.0_mpich_O/nuopc-app-prototypes/AtmOcnSelectExternalProto/OcnModelA -I/scratch/cluster/mpotts/gfortran_9.3.0_mpich_O/nuopc-app-prototypes/AtmOcnSelectExternalProto/OcnModelB      /scratch/cluster/mpotts/gfortran_9.3.0_mpich_O/nuopc-app-prototypes/AtmOcnSelectExternalProto/ATM-B/procedure.F90
gmake: c: Command not found
Makefile:135: recipe for target '/scratch/cluster/mpotts/gfortran_9.3.0_mpich_O/nuopc-app-prototypes/AtmOcnSelectExternalProto/ATM-B/procedure.o' failed
gmake: [/scratch/cluster/mpotts/gfortran_9.3.0_mpich_O/nuopc-app-prototypes/AtmOcnSelectExternalProto/ATM-B/procedure.o] Error 127 (ignored)
c  -DFRONT_ATMB=atmB -DFRONT_OCNA=ocnA -DFRONT_OCNB=ocnB -DFRONT_SO_OCNC=\"ocn.so\"  -I/scratch/cluster/mpotts/gfortran_9.3.0_mpich_O/nuopc-app-prototypes/AtmOcnSelectExternalProto/ATM-B -I/scratch/cluster/mpotts/gfortran_9.3.0_mpich_O/nuopc-app-prototypes/AtmOcnSelectExternalProto/OcnModelA -I/scratch/cluster/mpotts/gfortran_9.3.0_mpich_O/nuopc-app-prototypes/AtmOcnSelectExternalProto/OcnModelB      /scratch/cluster/mpotts/gfortran_9.3.0_mpich_O/nuopc-app-prototypes/AtmOcnSelectExternalProto/OcnCommon/ocnCommon.F90
gmake: c: Command not found
Makefile:135: recipe for target '/scratch/cluster/mpotts/gfortran_9.3.0_mpich_O/nuopc-app-prototypes/AtmOcnSelectExternalProto/OcnCommon/ocnCommon.o' failed
gmake: [/scratch/cluster/mpotts/gfortran_9.3.0_mpich_O/nuopc-app-prototypes/AtmOcnSelectExternalProto/OcnCommon/ocnCommon.o] Error 127 (ignored)
c  -DFRONT_ATMB=atmB -DFRONT_OCNA=ocnA -DFRONT_OCNB=ocnB -DFRONT_SO_OCNC=\"ocn.so\"  -I/scratch/cluster/mpotts/gfortran_9.3.0_mpich_O/nuopc-app-prototypes/AtmOcnSelectExternalProto/ATM-B -I/scratch/cluster/mpotts/gfortran_9.3.0_mpich_O/nuopc-app-prototypes/AtmOcnSelectExternalProto/OcnModelA -I/scratch/cluster/mpotts/gfortran_9.3.0_mpich_O/nuopc-app-prototypes/AtmOcnSelectExternalProto/OcnModelB      /scratch/cluster/mpotts/gfortran_9.3.0_mpich_O/nuopc-app-prototypes/AtmOcnSelectExternalProto/OcnCommon/subModule1.F90
gmake: c: Command not found
Makefile:135: recipe for target '/scratch/cluster/mpotts/gfortran_9.3.0_mpich_O/nuopc-app-prototypes/AtmOcnSelectExternalProto/OcnCommon/subModule1.o' failed
gmake: [/scratch/cluster/mpotts/gfortran_9.3.0_mpich_O/nuopc-app-prototypes/AtmOcnSelectExternalProto/OcnCommon/subModule1.o] Error 127 (ignored)
c  -DFRONT_ATMB=atmB -DFRONT_OCNA=ocnA -DFRONT_OCNB=ocnB -DFRONT_SO_OCNC=\"ocn.so\"  -I/scratch/cluster/mpotts/gfortran_9.3.0_mpich_O/nuopc-app-prototypes/AtmOcnSelectExternalProto/ATM-B -I/scratch/cluster/mpotts/gfortran_9.3.0_mpich_O/nuopc-app-prototypes/AtmOcnSelectExternalProto/OcnModelA -I/scratch/cluster/mpotts/gfortran_9.3.0_mpich_O/nuopc-app-prototypes/AtmOcnSelectExternalProto/OcnModelB      /scratch/cluster/mpotts/gfortran_9.3.0_mpich_O/nuopc-app-prototypes/AtmOcnSelectExternalProto/OcnCommon/subModule2.F90
gmake: c: Command not found
Makefile:135: recipe for target '/scratch/cluster/mpotts/gfortran_9.3.0_mpich_O/nuopc-app-prototypes/AtmOcnSelectExternalProto/OcnCommon/subModule2.o' failed
gmake: [/scratch/cluster/mpotts/gfortran_9.3.0_mpich_O/nuopc-app-prototypes/AtmOcnSelectExternalProto/OcnCommon/subModule2.o] Error 127 (ignored)
c  -DFRONT_ATMB=atmB -DFRONT_OCNA=ocnA -DFRONT_OCNB=ocnB -DFRONT_SO_OCNC=\"ocn.so\"  -I/scratch/cluster/mpotts/gfortran_9.3.0_mpich_O/nuopc-app-prototypes/AtmOcnSelectExternalProto/ATM-B -I/scratch/cluster/mpotts/gfortran_9.3.0_mpich_O/nuopc-app-prototypes/AtmOcnSelectExternalProto/OcnModelA -I/scratch/cluster/mpotts/gfortran_9.3.0_mpich_O/nuopc-app-prototypes/AtmOcnSelectExternalProto/OcnModelB      /scratch/cluster/mpotts/gfortran_9.3.0_mpich_O/nuopc-app-prototypes/AtmOcnSelectExternalProto/OcnModelB/OcnSub/ocnSub.F90
gmake: c: Command not found
Makefile:135: recipe for target '/scratch/cluster/mpotts/gfortran_9.3.0_mpich_O/nuopc-app-prototypes/AtmOcnSelectExternalProto/OcnModelB/OcnSub/ocnSub.o' failed
gmake: [/scratch/cluster/mpotts/gfortran_9.3.0_mpich_O/nuopc-app-prototypes/AtmOcnSelectExternalProto/OcnModelB/OcnSub/ocnSub.o] Error 127 (ignored)
o esmApp esmApp.o esm.o /scratch/cluster/mpotts/gfortran_9.3.0_mpich_O/nuopc-app-prototypes/AtmOcnSelectExternalProto/ATM-B/atmB.o /scratch/cluster/mpotts/gfortran_9.3.0_mpich_O/nuopc-app-prototypes/AtmOcnSelectExternalProto/ATM-B/procedure.o /scratch/cluster/mpotts/gfortran_9.3.0_mpich_O/nuopc-app-prototypes/AtmOcnSelectExternalProto/OcnModelA/ocn.o /scratch/cluster/mpotts/gfortran_9.3.0_mpich_O/nuopc-app-prototypes/AtmOcnSelectExternalProto/OcnCommon/ocnCommon.o /scratch/cluster/mpotts/gfortran_9.3.0_mpich_O/nuopc-app-prototypes/AtmOcnSelectExternalProto/OcnCommon/subModule1.o /scratch/cluster/mpotts/gfortran_9.3.0_mpich_O/nuopc-app-prototypes/AtmOcnSelectExternalProto/OcnCommon/subModule2.o /scratch/cluster/mpotts/gfortran_9.3.0_mpich_O/nuopc-app-prototypes/AtmOcnSelectExternalProto/OcnModelB/ocn.o /scratch/cluster/mpotts/gfortran_9.3.0_mpich_O/nuopc-app-prototypes/AtmOcnSelectExternalProto/OcnModelB/OcnSub/ocnSub.o               
gmake: o: Command not found
Makefile:146: recipe for target 'esmApp' failed
gmake: [esmApp] Error 127 (ignored)
+ mpirun -np 4 ./esmApp
+ local result=255
+ set +x

rm -f esmApp *.o *.mod
Makefile:53: ATM-C/atmC.mk: No such file or directory
gmake: *** No rule to make target 'ATM-C/atmC.mk'.  Stop.
+ mpirun -np 4 ./esmApp
+ local result=255
+ set +x

rm -f esmApp *.o *.mod
Makefile:62: ATM-D/atmD.mk: No such file or directory
gmake: *** No rule to make target 'ATM-D/atmD.mk'.  Stop.
+ mpirun -np 4 ./esmApp
+ local result=255
+ set +x
FINISHED: AtmOcnSelectExternalProto

rm -f esmApp *.o *.mod
c  -DFRONT_SO_ATME=\"atmE.so\" -DFRONT_OCNA=ocnA -DFRONT_OCNB=ocnB -DFRONT_SO_OCNC=\"ocn.so\"   -I/scratch/cluster/mpotts/gfortran_9.3.0_mpich_O/nuopc-app-prototypes/AtmOcnSelectExternalProto/OcnModelA -I/scratch/cluster/mpotts/gfortran_9.3.0_mpich_O/nuopc-app-prototypes/AtmOcnSelectExternalProto/OcnModelB      /scratch/cluster/mpotts/gfortran_9.3.0_mpich_O/nuopc-app-prototypes/AtmOcnSelectExternalProto/OcnModelA/ocn.F90
gmake: c: Command not found
Makefile:135: recipe for target '/scratch/cluster/mpotts/gfortran_9.3.0_mpich_O/nuopc-app-prototypes/AtmOcnSelectExternalProto/OcnModelA/ocn.o' failed
gmake: [/scratch/cluster/mpotts/gfortran_9.3.0_mpich_O/nuopc-app-prototypes/AtmOcnSelectExternalProto/OcnModelA/ocn.o] Error 127 (ignored)
c  -DFRONT_SO_ATME=\"atmE.so\" -DFRONT_OCNA=ocnA -DFRONT_OCNB=ocnB -DFRONT_SO_OCNC=\"ocn.so\"   -I/scratch/cluster/mpotts/gfortran_9.3.0_mpich_O/nuopc-app-prototypes/AtmOcnSelectExternalProto/OcnModelA -I/scratch/cluster/mpotts/gfortran_9.3.0_mpich_O/nuopc-app-prototypes/AtmOcnSelectExternalProto/OcnModelB      /scratch/cluster/mpotts/gfortran_9.3.0_mpich_O/nuopc-app-prototypes/AtmOcnSelectExternalProto/OcnModelB/ocn.F90
gmake: c: Command not found
Makefile:135: recipe for target '/scratch/cluster/mpotts/gfortran_9.3.0_mpich_O/nuopc-app-prototypes/AtmOcnSelectExternalProto/OcnModelB/ocn.o' failed
gmake: [/scratch/cluster/mpotts/gfortran_9.3.0_mpich_O/nuopc-app-prototypes/AtmOcnSelectExternalProto/OcnModelB/ocn.o] Error 127 (ignored)
c  -DFRONT_SO_ATME=\"atmE.so\" -DFRONT_OCNA=ocnA -DFRONT_OCNB=ocnB -DFRONT_SO_OCNC=\"ocn.so\"   -I/scratch/cluster/mpotts/gfortran_9.3.0_mpich_O/nuopc-app-prototypes/AtmOcnSelectExternalProto/OcnModelA -I/scratch/cluster/mpotts/gfortran_9.3.0_mpich_O/nuopc-app-prototypes/AtmOcnSelectExternalProto/OcnModelB      esm.F90
gmake: c: Command not found
Makefile:135: recipe for target 'esm.o' failed
gmake: [esm.o] Error 127 (ignored)
c  -DFRONT_SO_ATME=\"atmE.so\" -DFRONT_OCNA=ocnA -DFRONT_OCNB=ocnB -DFRONT_SO_OCNC=\"ocn.so\"   -I/scratch/cluster/mpotts/gfortran_9.3.0_mpich_O/nuopc-app-prototypes/AtmOcnSelectExternalProto/OcnModelA -I/scratch/cluster/mpotts/gfortran_9.3.0_mpich_O/nuopc-app-prototypes/AtmOcnSelectExternalProto/OcnModelB      esmApp.F90
gmake: c: Command not found
Makefile:135: recipe for target 'esmApp.o' failed
gmake: [esmApp.o] Error 127 (ignored)
c  -DFRONT_SO_ATME=\"atmE.so\" -DFRONT_OCNA=ocnA -DFRONT_OCNB=ocnB -DFRONT_SO_OCNC=\"ocn.so\"   -I/scratch/cluster/mpotts/gfortran_9.3.0_mpich_O/nuopc-app-prototypes/AtmOcnSelectExternalProto/OcnModelA -I/scratch/cluster/mpotts/gfortran_9.3.0_mpich_O/nuopc-app-prototypes/AtmOcnSelectExternalProto/OcnModelB      /scratch/cluster/mpotts/gfortran_9.3.0_mpich_O/nuopc-app-prototypes/AtmOcnSelectExternalProto/OcnCommon/ocnCommon.F90
gmake: c: Command not found
Makefile:135: recipe for target '/scratch/cluster/mpotts/gfortran_9.3.0_mpich_O/nuopc-app-prototypes/AtmOcnSelectExternalProto/OcnCommon/ocnCommon.o' failed
gmake: [/scratch/cluster/mpotts/gfortran_9.3.0_mpich_O/nuopc-app-prototypes/AtmOcnSelectExternalProto/OcnCommon/ocnCommon.o] Error 127 (ignored)
c  -DFRONT_SO_ATME=\"atmE.so\" -DFRONT_OCNA=ocnA -DFRONT_OCNB=ocnB -DFRONT_SO_OCNC=\"ocn.so\"   -I/scratch/cluster/mpotts/gfortran_9.3.0_mpich_O/nuopc-app-prototypes/AtmOcnSelectExternalProto/OcnModelA -I/scratch/cluster/mpotts/gfortran_9.3.0_mpich_O/nuopc-app-prototypes/AtmOcnSelectExternalProto/OcnModelB      /scratch/cluster/mpotts/gfortran_9.3.0_mpich_O/nuopc-app-prototypes/AtmOcnSelectExternalProto/OcnCommon/subModule1.F90
gmake: c: Command not found
Makefile:135: recipe for target '/scratch/cluster/mpotts/gfortran_9.3.0_mpich_O/nuopc-app-prototypes/AtmOcnSelectExternalProto/OcnCommon/subModule1.o' failed
gmake: [/scratch/cluster/mpotts/gfortran_9.3.0_mpich_O/nuopc-app-prototypes/AtmOcnSelectExternalProto/OcnCommon/subModule1.o] Error 127 (ignored)
c  -DFRONT_SO_ATME=\"atmE.so\" -DFRONT_OCNA=ocnA -DFRONT_OCNB=ocnB -DFRONT_SO_OCNC=\"ocn.so\"   -I/scratch/cluster/mpotts/gfortran_9.3.0_mpich_O/nuopc-app-prototypes/AtmOcnSelectExternalProto/OcnModelA -I/scratch/cluster/mpotts/gfortran_9.3.0_mpich_O/nuopc-app-prototypes/AtmOcnSelectExternalProto/OcnModelB      /scratch/cluster/mpotts/gfortran_9.3.0_mpich_O/nuopc-app-prototypes/AtmOcnSelectExternalProto/OcnCommon/subModule2.F90
gmake: c: Command not found
Makefile:135: recipe for target '/scratch/cluster/mpotts/gfortran_9.3.0_mpich_O/nuopc-app-prototypes/AtmOcnSelectExternalProto/OcnCommon/subModule2.o' failed
gmake: [/scratch/cluster/mpotts/gfortran_9.3.0_mpich_O/nuopc-app-prototypes/AtmOcnSelectExternalProto/OcnCommon/subModule2.o] Error 127 (ignored)
c  -DFRONT_SO_ATME=\"atmE.so\" -DFRONT_OCNA=ocnA -DFRONT_OCNB=ocnB -DFRONT_SO_OCNC=\"ocn.so\"   -I/scratch/cluster/mpotts/gfortran_9.3.0_mpich_O/nuopc-app-prototypes/AtmOcnSelectExternalProto/OcnModelA -I/scratch/cluster/mpotts/gfortran_9.3.0_mpich_O/nuopc-app-prototypes/AtmOcnSelectExternalProto/OcnModelB      /scratch/cluster/mpotts/gfortran_9.3.0_mpich_O/nuopc-app-prototypes/AtmOcnSelectExternalProto/OcnModelB/OcnSub/ocnSub.F90
gmake: c: Command not found
Makefile:135: recipe for target '/scratch/cluster/mpotts/gfortran_9.3.0_mpich_O/nuopc-app-prototypes/AtmOcnSelectExternalProto/OcnModelB/OcnSub/ocnSub.o' failed
gmake: [/scratch/cluster/mpotts/gfortran_9.3.0_mpich_O/nuopc-app-prototypes/AtmOcnSelectExternalProto/OcnModelB/OcnSub/ocnSub.o] Error 127 (ignored)
o esmApp esmApp.o esm.o /scratch/cluster/mpotts/gfortran_9.3.0_mpich_O/nuopc-app-prototypes/AtmOcnSelectExternalProto/OcnModelA/ocn.o /scratch/cluster/mpotts/gfortran_9.3.0_mpich_O/nuopc-app-prototypes/AtmOcnSelectExternalProto/OcnCommon/ocnCommon.o /scratch/cluster/mpotts/gfortran_9.3.0_mpich_O/nuopc-app-prototypes/AtmOcnSelectExternalProto/OcnCommon/subModule1.o /scratch/cluster/mpotts/gfortran_9.3.0_mpich_O/nuopc-app-prototypes/AtmOcnSelectExternalProto/OcnCommon/subModule2.o /scratch/cluster/mpotts/gfortran_9.3.0_mpich_O/nuopc-app-prototypes/AtmOcnSelectExternalProto/OcnModelB/ocn.o /scratch/cluster/mpotts/gfortran_9.3.0_mpich_O/nuopc-app-prototypes/AtmOcnSelectExternalProto/OcnModelB/OcnSub/ocnSub.o               
gmake: o: Command not found
Makefile:146: recipe for target 'esmApp' failed
gmake: [esmApp] Error 127 (ignored)
+ mpirun -np 4 ./esmApp
+ local result=255
+ set +x

rm -f esmApp *.o *.mod
c  -DFRONT_H_ATMF=\"atmF.h\" -DFRONT_H_ATMF_SS=SetServices_atmF -DFRONT_OCNA=ocnA -DFRONT_OCNB=ocnB -DFRONT_SO_OCNC=\"ocn.so\"  -I/scratch/cluster/mpotts/gfortran_9.3.0_mpich_O/nuopc-app-prototypes/AtmOcnSelectExternalProto/ATM-F -I/scratch/cluster/mpotts/gfortran_9.3.0_mpich_O/nuopc-app-prototypes/AtmOcnSelectExternalProto/OcnModelA -I/scratch/cluster/mpotts/gfortran_9.3.0_mpich_O/nuopc-app-prototypes/AtmOcnSelectExternalProto/OcnModelB      /scratch/cluster/mpotts/gfortran_9.3.0_mpich_O/nuopc-app-prototypes/AtmOcnSelectExternalProto/ATM-F/atmF.C
gmake: c: Command not found
Makefile:141: recipe for target '/scratch/cluster/mpotts/gfortran_9.3.0_mpich_O/nuopc-app-prototypes/AtmOcnSelectExternalProto/ATM-F/atmF.o' failed
gmake: [/scratch/cluster/mpotts/gfortran_9.3.0_mpich_O/nuopc-app-prototypes/AtmOcnSelectExternalProto/ATM-F/atmF.o] Error 127 (ignored)
c  -DFRONT_H_ATMF=\"atmF.h\" -DFRONT_H_ATMF_SS=SetServices_atmF -DFRONT_OCNA=ocnA -DFRONT_OCNB=ocnB -DFRONT_SO_OCNC=\"ocn.so\"  -I/scratch/cluster/mpotts/gfortran_9.3.0_mpich_O/nuopc-app-prototypes/AtmOcnSelectExternalProto/ATM-F -I/scratch/cluster/mpotts/gfortran_9.3.0_mpich_O/nuopc-app-prototypes/AtmOcnSelectExternalProto/OcnModelA -I/scratch/cluster/mpotts/gfortran_9.3.0_mpich_O/nuopc-app-prototypes/AtmOcnSelectExternalProto/OcnModelB      /scratch/cluster/mpotts/gfortran_9.3.0_mpich_O/nuopc-app-prototypes/AtmOcnSelectExternalProto/OcnModelA/ocn.F90
gmake: c: Command not found
Makefile:135: recipe for target '/scratch/cluster/mpotts/gfortran_9.3.0_mpich_O/nuopc-app-prototypes/AtmOcnSelectExternalProto/OcnModelA/ocn.o' failed
gmake: [/scratch/cluster/mpotts/gfortran_9.3.0_mpich_O/nuopc-app-prototypes/AtmOcnSelectExternalProto/OcnModelA/ocn.o] Error 127 (ignored)
c  -DFRONT_H_ATMF=\"atmF.h\" -DFRONT_H_ATMF_SS=SetServices_atmF -DFRONT_OCNA=ocnA -DFRONT_OCNB=ocnB -DFRONT_SO_OCNC=\"ocn.so\"  -I/scratch/cluster/mpotts/gfortran_9.3.0_mpich_O/nuopc-app-prototypes/AtmOcnSelectExternalProto/ATM-F -I/scratch/cluster/mpotts/gfortran_9.3.0_mpich_O/nuopc-app-prototypes/AtmOcnSelectExternalProto/OcnModelA -I/scratch/cluster/mpotts/gfortran_9.3.0_mpich_O/nuopc-app-prototypes/AtmOcnSelectExternalProto/OcnModelB      /scratch/cluster/mpotts/gfortran_9.3.0_mpich_O/nuopc-app-prototypes/AtmOcnSelectExternalProto/OcnModelB/ocn.F90
gmake: c: Command not found
Makefile:135: recipe for target '/scratch/cluster/mpotts/gfortran_9.3.0_mpich_O/nuopc-app-prototypes/AtmOcnSelectExternalProto/OcnModelB/ocn.o' failed
gmake: [/scratch/cluster/mpotts/gfortran_9.3.0_mpich_O/nuopc-app-prototypes/AtmOcnSelectExternalProto/OcnModelB/ocn.o] Error 127 (ignored)
c  -DFRONT_H_ATMF=\"atmF.h\" -DFRONT_H_ATMF_SS=SetServices_atmF -DFRONT_OCNA=ocnA -DFRONT_OCNB=ocnB -DFRONT_SO_OCNC=\"ocn.so\"  -I/scratch/cluster/mpotts/gfortran_9.3.0_mpich_O/nuopc-app-prototypes/AtmOcnSelectExternalProto/ATM-F -I/scratch/cluster/mpotts/gfortran_9.3.0_mpich_O/nuopc-app-prototypes/AtmOcnSelectExternalProto/OcnModelA -I/scratch/cluster/mpotts/gfortran_9.3.0_mpich_O/nuopc-app-prototypes/AtmOcnSelectExternalProto/OcnModelB      esm.F90
gmake: c: Command not found
Makefile:135: recipe for target 'esm.o' failed
gmake: [esm.o] Error 127 (ignored)
c  -DFRONT_H_ATMF=\"atmF.h\" -DFRONT_H_ATMF_SS=SetServices_atmF -DFRONT_OCNA=ocnA -DFRONT_OCNB=ocnB -DFRONT_SO_OCNC=\"ocn.so\"  -I/scratch/cluster/mpotts/gfortran_9.3.0_mpich_O/nuopc-app-prototypes/AtmOcnSelectExternalProto/ATM-F -I/scratch/cluster/mpotts/gfortran_9.3.0_mpich_O/nuopc-app-prototypes/AtmOcnSelectExternalProto/OcnModelA -I/scratch/cluster/mpotts/gfortran_9.3.0_mpich_O/nuopc-app-prototypes/AtmOcnSelectExternalProto/OcnModelB      esmApp.F90
gmake: c: Command not found
Makefile:135: recipe for target 'esmApp.o' failed
gmake: [esmApp.o] Error 127 (ignored)
c  -DFRONT_H_ATMF=\"atmF.h\" -DFRONT_H_ATMF_SS=SetServices_atmF -DFRONT_OCNA=ocnA -DFRONT_OCNB=ocnB -DFRONT_SO_OCNC=\"ocn.so\"  -I/scratch/cluster/mpotts/gfortran_9.3.0_mpich_O/nuopc-app-prototypes/AtmOcnSelectExternalProto/ATM-F -I/scratch/cluster/mpotts/gfortran_9.3.0_mpich_O/nuopc-app-prototypes/AtmOcnSelectExternalProto/OcnModelA -I/scratch/cluster/mpotts/gfortran_9.3.0_mpich_O/nuopc-app-prototypes/AtmOcnSelectExternalProto/OcnModelB      /scratch/cluster/mpotts/gfortran_9.3.0_mpich_O/nuopc-app-prototypes/AtmOcnSelectExternalProto/OcnCommon/ocnCommon.F90
gmake: c: Command not found
Makefile:135: recipe for target '/scratch/cluster/mpotts/gfortran_9.3.0_mpich_O/nuopc-app-prototypes/AtmOcnSelectExternalProto/OcnCommon/ocnCommon.o' failed
gmake: [/scratch/cluster/mpotts/gfortran_9.3.0_mpich_O/nuopc-app-prototypes/AtmOcnSelectExternalProto/OcnCommon/ocnCommon.o] Error 127 (ignored)
c  -DFRONT_H_ATMF=\"atmF.h\" -DFRONT_H_ATMF_SS=SetServices_atmF -DFRONT_OCNA=ocnA -DFRONT_OCNB=ocnB -DFRONT_SO_OCNC=\"ocn.so\"  -I/scratch/cluster/mpotts/gfortran_9.3.0_mpich_O/nuopc-app-prototypes/AtmOcnSelectExternalProto/ATM-F -I/scratch/cluster/mpotts/gfortran_9.3.0_mpich_O/nuopc-app-prototypes/AtmOcnSelectExternalProto/OcnModelA -I/scratch/cluster/mpotts/gfortran_9.3.0_mpich_O/nuopc-app-prototypes/AtmOcnSelectExternalProto/OcnModelB      /scratch/cluster/mpotts/gfortran_9.3.0_mpich_O/nuopc-app-prototypes/AtmOcnSelectExternalProto/OcnCommon/subModule1.F90
gmake: c: Command not found
Makefile:135: recipe for target '/scratch/cluster/mpotts/gfortran_9.3.0_mpich_O/nuopc-app-prototypes/AtmOcnSelectExternalProto/OcnCommon/subModule1.o' failed
gmake: [/scratch/cluster/mpotts/gfortran_9.3.0_mpich_O/nuopc-app-prototypes/AtmOcnSelectExternalProto/OcnCommon/subModule1.o] Error 127 (ignored)
c  -DFRONT_H_ATMF=\"atmF.h\" -DFRONT_H_ATMF_SS=SetServices_atmF -DFRONT_OCNA=ocnA -DFRONT_OCNB=ocnB -DFRONT_SO_OCNC=\"ocn.so\"  -I/scratch/cluster/mpotts/gfortran_9.3.0_mpich_O/nuopc-app-prototypes/AtmOcnSelectExternalProto/ATM-F -I/scratch/cluster/mpotts/gfortran_9.3.0_mpich_O/nuopc-app-prototypes/AtmOcnSelectExternalProto/OcnModelA -I/scratch/cluster/mpotts/gfortran_9.3.0_mpich_O/nuopc-app-prototypes/AtmOcnSelectExternalProto/OcnModelB      /scratch/cluster/mpotts/gfortran_9.3.0_mpich_O/nuopc-app-prototypes/AtmOcnSelectExternalProto/OcnCommon/subModule2.F90
gmake: c: Command not found
Makefile:135: recipe for target '/scratch/cluster/mpotts/gfortran_9.3.0_mpich_O/nuopc-app-prototypes/AtmOcnSelectExternalProto/OcnCommon/subModule2.o' failed
gmake: [/scratch/cluster/mpotts/gfortran_9.3.0_mpich_O/nuopc-app-prototypes/AtmOcnSelectExternalProto/OcnCommon/subModule2.o] Error 127 (ignored)
c  -DFRONT_H_ATMF=\"atmF.h\" -DFRONT_H_ATMF_SS=SetServices_atmF -DFRONT_OCNA=ocnA -DFRONT_OCNB=ocnB -DFRONT_SO_OCNC=\"ocn.so\"  -I/scratch/cluster/mpotts/gfortran_9.3.0_mpich_O/nuopc-app-prototypes/AtmOcnSelectExternalProto/ATM-F -I/scratch/cluster/mpotts/gfortran_9.3.0_mpich_O/nuopc-app-prototypes/AtmOcnSelectExternalProto/OcnModelA -I/scratch/cluster/mpotts/gfortran_9.3.0_mpich_O/nuopc-app-prototypes/AtmOcnSelectExternalProto/OcnModelB      /scratch/cluster/mpotts/gfortran_9.3.0_mpich_O/nuopc-app-prototypes/AtmOcnSelectExternalProto/OcnModelB/OcnSub/ocnSub.F90
gmake: c: Command not found
Makefile:135: recipe for target '/scratch/cluster/mpotts/gfortran_9.3.0_mpich_O/nuopc-app-prototypes/AtmOcnSelectExternalProto/OcnModelB/OcnSub/ocnSub.o' failed
gmake: [/scratch/cluster/mpotts/gfortran_9.3.0_mpich_O/nuopc-app-prototypes/AtmOcnSelectExternalProto/OcnModelB/OcnSub/ocnSub.o] Error 127 (ignored)
o esmApp esmApp.o esm.o /scratch/cluster/mpotts/gfortran_9.3.0_mpich_O/nuopc-app-prototypes/AtmOcnSelectExternalProto/ATM-F/atmF.o /scratch/cluster/mpotts/gfortran_9.3.0_mpich_O/nuopc-app-prototypes/AtmOcnSelectExternalProto/OcnModelA/ocn.o /scratch/cluster/mpotts/gfortran_9.3.0_mpich_O/nuopc-app-prototypes/AtmOcnSelectExternalProto/OcnCommon/ocnCommon.o /scratch/cluster/mpotts/gfortran_9.3.0_mpich_O/nuopc-app-prototypes/AtmOcnSelectExternalProto/OcnCommon/subModule1.o /scratch/cluster/mpotts/gfortran_9.3.0_mpich_O/nuopc-app-prototypes/AtmOcnSelectExternalProto/OcnCommon/subModule2.o /scratch/cluster/mpotts/gfortran_9.3.0_mpich_O/nuopc-app-prototypes/AtmOcnSelectExternalProto/OcnModelB/ocn.o /scratch/cluster/mpotts/gfortran_9.3.0_mpich_O/nuopc-app-prototypes/AtmOcnSelectExternalProto/OcnModelB/OcnSub/ocnSub.o               
gmake: o: Command not found
Makefile:146: recipe for target 'esmApp' failed
gmake: [esmApp] Error 127 (ignored)
FINISHED: AtmOcnSelectExternalProto
---------------------------------------------------------------------------

---------------------------------------------------------------------------
STARTING: AtmOcnSelectProto
rm -f PET*.ESMF_LogFile *.nc *.stdout
rm -f esmApp *.o *.mod
c -DWITH_ATM_A -DWITH_OCN_A -DWITH_OCN_B     atmA.F90
gmake: c: Command not found
Makefile:51: recipe for target 'atmA.o' failed
gmake: [atmA.o] Error 127 (ignored)
c -DWITH_ATM_A -DWITH_OCN_A -DWITH_OCN_B     atmB.F90
gmake: c: Command not found
Makefile:51: recipe for target 'atmB.o' failed
gmake: [atmB.o] Error 127 (ignored)
c -DWITH_ATM_A -DWITH_OCN_A -DWITH_OCN_B     ocnA.F90
gmake: c: Command not found
Makefile:51: recipe for target 'ocnA.o' failed
gmake: [ocnA.o] Error 127 (ignored)
c -DWITH_ATM_A -DWITH_OCN_A -DWITH_OCN_B     ocnB.F90
gmake: c: Command not found
Makefile:51: recipe for target 'ocnB.o' failed
gmake: [ocnB.o] Error 127 (ignored)
c -DWITH_ATM_A -DWITH_OCN_A -DWITH_OCN_B     esm.F90
gmake: c: Command not found
Makefile:51: recipe for target 'esm.o' failed
gmake: [esm.o] Error 127 (ignored)
c -DWITH_ATM_A -DWITH_OCN_A -DWITH_OCN_B     esmApp.F90
gmake: c: Command not found
Makefile:51: recipe for target 'esmApp.o' failed
gmake: [esmApp.o] Error 127 (ignored)
o esmApp esmApp.o esm.o atmA.o atmB.o ocnA.o ocnB.o 
gmake: o: Command not found
Makefile:62: recipe for target 'esmApp' failed
gmake: [esmApp] Error 127 (ignored)
+ mpirun -np 4 ./esmApp
+ local result=255
+ set +x

rm -f esmApp *.o *.mod
c -DWITH_ATM_B -DWITH_OCN_A -DWITH_OCN_B     atmA.F90
gmake: c: Command not found
Makefile:51: recipe for target 'atmA.o' failed
gmake: [atmA.o] Error 127 (ignored)
c -DWITH_ATM_B -DWITH_OCN_A -DWITH_OCN_B     atmB.F90
gmake: c: Command not found
Makefile:51: recipe for target 'atmB.o' failed
gmake: [atmB.o] Error 127 (ignored)
c -DWITH_ATM_B -DWITH_OCN_A -DWITH_OCN_B     ocnA.F90
gmake: c: Command not found
Makefile:51: recipe for target 'ocnA.o' failed
gmake: [ocnA.o] Error 127 (ignored)
c -DWITH_ATM_B -DWITH_OCN_A -DWITH_OCN_B     ocnB.F90
gmake: c: Command not found
Makefile:51: recipe for target 'ocnB.o' failed
gmake: [ocnB.o] Error 127 (ignored)
c -DWITH_ATM_B -DWITH_OCN_A -DWITH_OCN_B     esm.F90
gmake: c: Command not found
Makefile:51: recipe for target 'esm.o' failed
gmake: [esm.o] Error 127 (ignored)
c -DWITH_ATM_B -DWITH_OCN_A -DWITH_OCN_B     esmApp.F90
gmake: c: Command not found
Makefile:51: recipe for target 'esmApp.o' failed
gmake: [esmApp.o] Error 127 (ignored)
o esmApp esmApp.o esm.o atmA.o atmB.o ocnA.o ocnB.o 
gmake: o: Command not found
Makefile:62: recipe for target 'esmApp' failed
gmake: [esmApp] Error 127 (ignored)
+ mpirun -np 4 ./esmApp
+ local result=255
+ set +x

rm -f esmApp *.o *.mod
c -DWITH_ATM_A -DWITH_OCN_B     atmA.F90
gmake: c: Command not found
Makefile:51: recipe for target 'atmA.o' failed
gmake: [atmA.o] Error 127 (ignored)
c -DWITH_ATM_A -DWITH_OCN_B     atmB.F90
gmake: c: Command not found
Makefile:51: recipe for target 'atmB.o' failed
gmake: [atmB.o] Error 127 (ignored)
c -DWITH_ATM_A -DWITH_OCN_B     ocnA.F90
gmake: c: Command not found
Makefile:51: recipe for target 'ocnA.o' failed
gmake: [ocnA.o] Error 127 (ignored)
c -DWITH_ATM_A -DWITH_OCN_B     ocnB.F90
gmake: c: Command not found
Makefile:51: recipe for target 'ocnB.o' failed
gmake: [ocnB.o] Error 127 (ignored)
c -DWITH_ATM_A -DWITH_OCN_B     esm.F90
gmake: c: Command not found
Makefile:51: recipe for target 'esm.o' failed
gmake: [esm.o] Error 127 (ignored)
c -DWITH_ATM_A -DWITH_OCN_B     esmApp.F90
gmake: c: Command not found
Makefile:51: recipe for target 'esmApp.o' failed
gmake: [esmApp.o] Error 127 (ignored)
o esmApp esmApp.o esm.o atmA.o atmB.o ocnA.o ocnB.o 
gmake: o: Command not found
Makefile:62: recipe for target 'esmApp' failed
gmake: [esmApp] Error 127 (ignored)
+ mpirun -np 4 ./esmApp
+ local result=255
+ set +x
FINISHED: AtmOcnSelectProto
---------------------------------------------------------------------------

---------------------------------------------------------------------------
STARTING: AtmOcnSimpleImplicitProto
rm -f PET*.ESMF_LogFile *.nc *.stdout
rm -f esmApp *.o *.mod
c     atm.F90
gmake: c: Command not found
Makefile:36: recipe for target 'atm.o' failed
gmake: [atm.o] Error 127 (ignored)
c     ocn.F90
gmake: c: Command not found
Makefile:36: recipe for target 'ocn.o' failed
gmake: [ocn.o] Error 127 (ignored)
c     esm.F90
gmake: c: Command not found
Makefile:36: recipe for target 'esm.o' failed
gmake: [esm.o] Error 127 (ignored)
c     esmApp.F90
gmake: c: Command not found
Makefile:36: recipe for target 'esmApp.o' failed
gmake: [esmApp.o] Error 127 (ignored)
o esmApp esmApp.o esm.o atm.o ocn.o 
gmake: o: Command not found
Makefile:47: recipe for target 'esmApp' failed
gmake: [esmApp] Error 127 (ignored)
+ mpirun -np 4 ./esmApp
+ local result=255
+ set +x
FINISHED: AtmOcnSimpleImplicitProto
---------------------------------------------------------------------------

---------------------------------------------------------------------------
STARTING: AtmOcnTransferGridProto
rm -f PET*.ESMF_LogFile *.nc *.vtk *.stdout
rm -f esmApp *.o *.mod
c     atm.F90
gmake: c: Command not found
Makefile:36: recipe for target 'atm.o' failed
gmake: [atm.o] Error 127 (ignored)
c     ocn.F90
gmake: c: Command not found
Makefile:36: recipe for target 'ocn.o' failed
gmake: [ocn.o] Error 127 (ignored)
c     esm.F90
gmake: c: Command not found
Makefile:36: recipe for target 'esm.o' failed
gmake: [esm.o] Error 127 (ignored)
c     esmApp.F90
gmake: c: Command not found
Makefile:36: recipe for target 'esmApp.o' failed
gmake: [esmApp.o] Error 127 (ignored)
o esmApp esmApp.o esm.o atm.o ocn.o 
gmake: o: Command not found
Makefile:47: recipe for target 'esmApp' failed
gmake: [esmApp] Error 127 (ignored)
+ mpirun -np 4 ./esmApp
+ local result=255
+ set +x
FINISHED: AtmOcnTransferGridProto
---------------------------------------------------------------------------

---------------------------------------------------------------------------
STARTING: AtmOcnTransferLocStreamProto
rm -f PET*.ESMF_LogFile *.nc *.stdout
rm -f esmApp *.o *.mod
c     atm.F90
gmake: c: Command not found
Makefile:36: recipe for target 'atm.o' failed
gmake: [atm.o] Error 127 (ignored)
c     ocn.F90
gmake: c: Command not found
Makefile:36: recipe for target 'ocn.o' failed
gmake: [ocn.o] Error 127 (ignored)
c     esm.F90
gmake: c: Command not found
Makefile:36: recipe for target 'esm.o' failed
gmake: [esm.o] Error 127 (ignored)
c     esmApp.F90
gmake: c: Command not found
Makefile:36: recipe for target 'esmApp.o' failed
gmake: [esmApp.o] Error 127 (ignored)
o esmApp esmApp.o esm.o atm.o ocn.o 
gmake: o: Command not found
Makefile:47: recipe for target 'esmApp' failed
gmake: [esmApp] Error 127 (ignored)
+ mpirun -np 4 ./esmApp
+ local result=255
+ set +x
FINISHED: AtmOcnTransferLocStreamProto
---------------------------------------------------------------------------

---------------------------------------------------------------------------
STARTING: AtmOcnTransferMeshProto
rm -f PET*.ESMF_LogFile field*.nc *.vtk *.stdout
rm -f esmApp *.o *.mod
c     atm.F90
gmake: c: Command not found
Makefile:36: recipe for target 'atm.o' failed
gmake: [atm.o] Error 127 (ignored)
c     ocn.F90
gmake: c: Command not found
Makefile:36: recipe for target 'ocn.o' failed
gmake: [ocn.o] Error 127 (ignored)
c     esm.F90
gmake: c: Command not found
Makefile:36: recipe for target 'esm.o' failed
gmake: [esm.o] Error 127 (ignored)
c     esmApp.F90
gmake: c: Command not found
Makefile:36: recipe for target 'esmApp.o' failed
gmake: [esmApp.o] Error 127 (ignored)
o esmApp esmApp.o esm.o atm.o ocn.o 
gmake: o: Command not found
Makefile:47: recipe for target 'esmApp' failed
gmake: [esmApp] Error 127 (ignored)
+ mpirun -np 4 ./esmApp
+ local result=255
+ set +x
FINISHED: AtmOcnTransferMeshProto
---------------------------------------------------------------------------

---------------------------------------------------------------------------
STARTING: ComponentExplorer
rm -f PET*.ESMF_LogFile
rm -f nuopcExplorerApp *.o *.mod
+ ./nuopcExplorerScript ../AtmOcnSelectExternalProto/ATM-A/atmA.mk

NUOPC Component Explorer Script
-------------------------------
The ESMFMKFILE environment variable does not appear to be set!
Exiting with error.

+ mpirun -np 4 ./nuopcExplorerApp
+ local result=255
+ set +x
FINISHED: ComponentExplorer
---------------------------------------------------------------------------

---------------------------------------------------------------------------
STARTING: CustomFieldDictionaryProto
rm -f PET*.ESMF_LogFile *.nc *.stdout
rm -f mainApp *.o *.mod
c     -DESMF_VERSION_MAJOR= model.F90
gmake: c: Command not found
Makefile:36: recipe for target 'model.o' failed
gmake: [model.o] Error 127 (ignored)
c     -DESMF_VERSION_MAJOR= driver.F90
gmake: c: Command not found
Makefile:36: recipe for target 'driver.o' failed
gmake: [driver.o] Error 127 (ignored)
c     -DESMF_VERSION_MAJOR= util.F90
gmake: c: Command not found
Makefile:36: recipe for target 'util.o' failed
gmake: [util.o] Error 127 (ignored)
c     -DESMF_VERSION_MAJOR= mainApp.F90
gmake: c: Command not found
Makefile:36: recipe for target 'mainApp.o' failed
gmake: [mainApp.o] Error 127 (ignored)
o mainApp mainApp.o driver.o model.o util.o 
gmake: o: Command not found
Makefile:47: recipe for target 'mainApp' failed
gmake: [mainApp] Error 127 (ignored)
+ mpirun -np 4 ./mainApp
+ local result=255
+ set +x
FINISHED: CustomFieldDictionaryProto
---------------------------------------------------------------------------

---------------------------------------------------------------------------
STARTING: DriverInDriverDataDepProto
rm -f PET*.ESMF_LogFile *.nc *.stdout
rm -f mainApp *.o *.mod
c     -DESMF_VERSION_MAJOR= atm.F90
gmake: c: Command not found
Makefile:36: recipe for target 'atm.o' failed
gmake: [atm.o] Error 127 (ignored)
c     -DESMF_VERSION_MAJOR= driverChildComp.F90
gmake: c: Command not found
Makefile:36: recipe for target 'driverChildComp.o' failed
gmake: [driverChildComp.o] Error 127 (ignored)
c     -DESMF_VERSION_MAJOR= ocn.F90
gmake: c: Command not found
Makefile:36: recipe for target 'ocn.o' failed
gmake: [ocn.o] Error 127 (ignored)
c     -DESMF_VERSION_MAJOR= driverParentComp.F90
gmake: c: Command not found
Makefile:36: recipe for target 'driverParentComp.o' failed
gmake: [driverParentComp.o] Error 127 (ignored)
c     -DESMF_VERSION_MAJOR= mainApp.F90
gmake: c: Command not found
Makefile:36: recipe for target 'mainApp.o' failed
gmake: [mainApp.o] Error 127 (ignored)
o mainApp mainApp.o driverParentComp.o driverChildComp.o atm.o ocn.o 
gmake: o: Command not found
Makefile:47: recipe for target 'mainApp' failed
gmake: [mainApp] Error 127 (ignored)
+ mpirun -np 4 ./mainApp
+ local result=255
+ set +x
FINISHED: DriverInDriverDataDepProto
---------------------------------------------------------------------------

---------------------------------------------------------------------------
STARTING: DriverInDriverProto
rm -f PET*.ESMF_LogFile *.nc *.stdout
rm -f mainApp *.o *.mod
c     -DESMF_VERSION_MAJOR= atm.F90
gmake: c: Command not found
Makefile:36: recipe for target 'atm.o' failed
gmake: [atm.o] Error 127 (ignored)
c     -DESMF_VERSION_MAJOR= driverChildComp.F90
gmake: c: Command not found
Makefile:36: recipe for target 'driverChildComp.o' failed
gmake: [driverChildComp.o] Error 127 (ignored)
c     -DESMF_VERSION_MAJOR= ocn.F90
gmake: c: Command not found
Makefile:36: recipe for target 'ocn.o' failed
gmake: [ocn.o] Error 127 (ignored)
c     -DESMF_VERSION_MAJOR= driverParentComp.F90
gmake: c: Command not found
Makefile:36: recipe for target 'driverParentComp.o' failed
gmake: [driverParentComp.o] Error 127 (ignored)
c     -DESMF_VERSION_MAJOR= mainApp.F90
gmake: c: Command not found
Makefile:36: recipe for target 'mainApp.o' failed
gmake: [mainApp.o] Error 127 (ignored)
o mainApp mainApp.o driverParentComp.o driverChildComp.o atm.o ocn.o 
gmake: o: Command not found
Makefile:47: recipe for target 'mainApp' failed
gmake: [mainApp] Error 127 (ignored)
+ mpirun -np 4 ./mainApp
+ local result=255
+ set +x
FINISHED: DriverInDriverProto
---------------------------------------------------------------------------

---------------------------------------------------------------------------
STARTING: DynPhyProto
rm -f PET*.ESMF_LogFile *.nc *.stdout
rm -f esmApp *.o *.mod
c     dyn.F90
gmake: c: Command not found
Makefile:36: recipe for target 'dyn.o' failed
gmake: [dyn.o] Error 127 (ignored)
c     phy.F90
gmake: c: Command not found
Makefile:36: recipe for target 'phy.o' failed
gmake: [phy.o] Error 127 (ignored)
c     atm.F90
gmake: c: Command not found
Makefile:36: recipe for target 'atm.o' failed
gmake: [atm.o] Error 127 (ignored)
c     esmApp.F90
gmake: c: Command not found
Makefile:36: recipe for target 'esmApp.o' failed
gmake: [esmApp.o] Error 127 (ignored)
o esmApp esmApp.o atm.o dyn.o phy.o 
gmake: o: Command not found
Makefile:47: recipe for target 'esmApp' failed
gmake: [esmApp] Error 127 (ignored)
+ mpirun -np 4 ./esmApp
+ local result=255
+ set +x
FINISHED: DynPhyProto
---------------------------------------------------------------------------

---------------------------------------------------------------------------
STARTING: ExternalDriverAPIProto
rm -f PET*.ESMF_LogFile *.nc *.stdout
rm -f externalApp *.o *.mod
c     atm.F90
gmake: c: Command not found
Makefile:36: recipe for target 'atm.o' failed
gmake: [atm.o] Error 127 (ignored)
c     ocn.F90
gmake: c: Command not found
Makefile:36: recipe for target 'ocn.o' failed
gmake: [ocn.o] Error 127 (ignored)
c     esm.F90
gmake: c: Command not found
Makefile:36: recipe for target 'esm.o' failed
gmake: [esm.o] Error 127 (ignored)
c     externalApp.F90
gmake: c: Command not found
Makefile:36: recipe for target 'externalApp.o' failed
gmake: [externalApp.o] Error 127 (ignored)
o externalApp externalApp.o esm.o atm.o ocn.o 
gmake: o: Command not found
Makefile:47: recipe for target 'externalApp' failed
gmake: [externalApp] Error 127 (ignored)
+ mpirun -np 4 ./externalApp
+ local result=255
+ set +x
FINISHED: ExternalDriverAPIProto
---------------------------------------------------------------------------

---------------------------------------------------------------------------
STARTING: GenericMediatorProto
rm -f PET*.ESMF_LogFile *.nc *.stdout
rm -f app *.o *.mod
c     mediator.F90
gmake: c: Command not found
Makefile:36: recipe for target 'mediator.o' failed
gmake: [mediator.o] Error 127 (ignored)
c     modelA.F90
gmake: c: Command not found
Makefile:36: recipe for target 'modelA.o' failed
gmake: [modelA.o] Error 127 (ignored)
c     modelB.F90
gmake: c: Command not found
Makefile:36: recipe for target 'modelB.o' failed
gmake: [modelB.o] Error 127 (ignored)
c     driver.F90
gmake: c: Command not found
Makefile:36: recipe for target 'driver.o' failed
gmake: [driver.o] Error 127 (ignored)
c     app.F90
gmake: c: Command not found
Makefile:36: recipe for target 'app.o' failed
gmake: [app.o] Error 127 (ignored)
o app app.o driver.o mediator.o modelA.o modelB.o 
gmake: o: Command not found
Makefile:47: recipe for target 'app' failed
gmake: [app] Error 127 (ignored)
+ mpirun -np 4 ./app
+ local result=255
+ set +x
FINISHED: GenericMediatorProto
---------------------------------------------------------------------------

---------------------------------------------------------------------------
STARTING: HierarchyProto
rm -f PET*.ESMF_LogFile *.nc *.stdout
rm -f esmApp *.o *.mod
c     dyn.F90
gmake: c: Command not found
Makefile:36: recipe for target 'dyn.o' failed
gmake: [dyn.o] Error 127 (ignored)
c     phy.F90
gmake: c: Command not found
Makefile:36: recipe for target 'phy.o' failed
gmake: [phy.o] Error 127 (ignored)
c     atm.F90
gmake: c: Command not found
Makefile:36: recipe for target 'atm.o' failed
gmake: [atm.o] Error 127 (ignored)
c     ocn.F90
gmake: c: Command not found
Makefile:36: recipe for target 'ocn.o' failed
gmake: [ocn.o] Error 127 (ignored)
c     esm.F90
gmake: c: Command not found
Makefile:36: recipe for target 'esm.o' failed
gmake: [esm.o] Error 127 (ignored)
c     esmApp.F90
gmake: c: Command not found
Makefile:36: recipe for target 'esmApp.o' failed
gmake: [esmApp.o] Error 127 (ignored)
o esmApp esmApp.o esm.o atm.o dyn.o phy.o ocn.o 
gmake: o: Command not found
Makefile:47: recipe for target 'esmApp' failed
gmake: [esmApp] Error 127 (ignored)
+ mpirun -np 4 ./esmApp
+ local result=255
+ set +x
FINISHED: HierarchyProto
---------------------------------------------------------------------------

---------------------------------------------------------------------------
STARTING: NamespaceProto
rm -f PET*.ESMF_LogFile *.nc *.stdout
rm -f mainApp *.o *.mod
c     -DESMF_VERSION_MAJOR= atm.F90
gmake: c: Command not found
Makefile:36: recipe for target 'atm.o' failed
gmake: [atm.o] Error 127 (ignored)
c     -DESMF_VERSION_MAJOR= med.F90
gmake: c: Command not found
Makefile:36: recipe for target 'med.o' failed
gmake: [med.o] Error 127 (ignored)
c     -DESMF_VERSION_MAJOR= driver.F90
gmake: c: Command not found
Makefile:36: recipe for target 'driver.o' failed
gmake: [driver.o] Error 127 (ignored)
c     -DESMF_VERSION_MAJOR= mainApp.F90
gmake: c: Command not found
Makefile:36: recipe for target 'mainApp.o' failed
gmake: [mainApp.o] Error 127 (ignored)
o mainApp mainApp.o driver.o atm.o med.o 
gmake: o: Command not found
Makefile:47: recipe for target 'mainApp' failed
gmake: [mainApp] Error 127 (ignored)
+ mpirun -np 4 ./mainApp
+ local result=255
+ set +x
FINISHED: NamespaceProto
---------------------------------------------------------------------------

---------------------------------------------------------------------------
STARTING: NestingMultipleProto
rm -f PET*.ESMF_LogFile *.nc *.stdout
rm -f mainApp *.o *.mod
c     -DESMF_VERSION_MAJOR= advectDiffComp.F90
gmake: c: Command not found
Makefile:36: recipe for target 'advectDiffComp.o' failed
gmake: [advectDiffComp.o] Error 127 (ignored)
c     -DESMF_VERSION_MAJOR= driverComp.F90
gmake: c: Command not found
Makefile:36: recipe for target 'driverComp.o' failed
gmake: [driverComp.o] Error 127 (ignored)
c     -DESMF_VERSION_MAJOR= mainApp.F90
gmake: c: Command not found
Makefile:36: recipe for target 'mainApp.o' failed
gmake: [mainApp.o] Error 127 (ignored)
o mainApp mainApp.o driverComp.o advectDiffComp.o 
gmake: o: Command not found
Makefile:47: recipe for target 'mainApp' failed
gmake: [mainApp] Error 127 (ignored)
+ mpirun -np 4 ./mainApp
+ local result=255
+ set +x
FINISHED: NestingMultipleProto
---------------------------------------------------------------------------

---------------------------------------------------------------------------
STARTING: NestingSingleProto
rm -f PET*.ESMF_LogFile *.nc *.stdout
rm -f mainApp *.o *.mod
c     -DESMF_VERSION_MAJOR= advectDiffComp.F90
gmake: c: Command not found
Makefile:36: recipe for target 'advectDiffComp.o' failed
gmake: [advectDiffComp.o] Error 127 (ignored)
c     -DESMF_VERSION_MAJOR= driverComp.F90
gmake: c: Command not found
Makefile:36: recipe for target 'driverComp.o' failed
gmake: [driverComp.o] Error 127 (ignored)
c     -DESMF_VERSION_MAJOR= mainApp.F90
gmake: c: Command not found
Makefile:36: recipe for target 'mainApp.o' failed
gmake: [mainApp.o] Error 127 (ignored)
o mainApp mainApp.o driverComp.o advectDiffComp.o 
gmake: o: Command not found
Makefile:47: recipe for target 'mainApp' failed
gmake: [mainApp] Error 127 (ignored)
+ mpirun -np 4 ./mainApp
+ local result=255
+ set +x
FINISHED: NestingSingleProto
---------------------------------------------------------------------------

---------------------------------------------------------------------------
STARTING: NestingTelescopeMultipleProto
rm -f PET*.ESMF_LogFile *.nc *.stdout
rm -f mainApp *.o *.mod
c     -DESMF_VERSION_MAJOR= advectDiffComp.F90
gmake: c: Command not found
Makefile:36: recipe for target 'advectDiffComp.o' failed
gmake: [advectDiffComp.o] Error 127 (ignored)
c     -DESMF_VERSION_MAJOR= driverComp.F90
gmake: c: Command not found
Makefile:36: recipe for target 'driverComp.o' failed
gmake: [driverComp.o] Error 127 (ignored)
c     -DESMF_VERSION_MAJOR= mainApp.F90
gmake: c: Command not found
Makefile:36: recipe for target 'mainApp.o' failed
gmake: [mainApp.o] Error 127 (ignored)
o mainApp mainApp.o driverComp.o advectDiffComp.o 
gmake: o: Command not found
Makefile:47: recipe for target 'mainApp' failed
gmake: [mainApp] Error 127 (ignored)
+ mpirun -np 4 ./mainApp
+ local result=255
+ set +x
FINISHED: NestingTelescopeMultipleProto
---------------------------------------------------------------------------

---------------------------------------------------------------------------
STARTING: SingleModelProto
rm -f PET*.ESMF_LogFile *.nc *.stdout
rm -f mainApp *.o *.mod
c     -DESMF_VERSION_MAJOR= model.F90
gmake: c: Command not found
Makefile:36: recipe for target 'model.o' failed
gmake: [model.o] Error 127 (ignored)
c     -DESMF_VERSION_MAJOR= driver.F90
gmake: c: Command not found
Makefile:36: recipe for target 'driver.o' failed
gmake: [driver.o] Error 127 (ignored)
c     -DESMF_VERSION_MAJOR= mainApp.F90
gmake: c: Command not found
Makefile:36: recipe for target 'mainApp.o' failed
gmake: [mainApp.o] Error 127 (ignored)
o mainApp mainApp.o driver.o model.o 
gmake: o: Command not found
Makefile:47: recipe for target 'mainApp' failed
gmake: [mainApp] Error 127 (ignored)
+ mpirun -np 4 ./mainApp
+ local result=255
+ set +x
FINISHED: SingleModelProto
---------------------------------------------------------------------------

---------------------------------------------------------------------------
STARTING: SingleModelOpenMPProto
rm -f PET*.ESMF_LogFile *.nc *.stdout
rm -f mainApp *.o *.mod
c     -DESMF_VERSION_MAJOR= model.F90
gmake: c: Command not found
Makefile:36: recipe for target 'model.o' failed
gmake: [model.o] Error 127 (ignored)
c     -DESMF_VERSION_MAJOR= driver.F90
gmake: c: Command not found
Makefile:36: recipe for target 'driver.o' failed
gmake: [driver.o] Error 127 (ignored)
c     -DESMF_VERSION_MAJOR= mainApp.F90
gmake: c: Command not found
Makefile:36: recipe for target 'mainApp.o' failed
gmake: [mainApp.o] Error 127 (ignored)
o mainApp mainApp.o driver.o model.o 
gmake: o: Command not found
Makefile:47: recipe for target 'mainApp' failed
gmake: [mainApp] Error 127 (ignored)
+ mpirun -np 4 ./mainApp
+ local result=255
+ set +x
FINISHED: SingleModelOpenMPProto
---------------------------------------------------------------------------

== TEST SUMMARY START ==
FAIL: AsyncIOBlockingProto
FAIL: AsyncIONonblockingProto
FAIL: AtmOcnConOptsProto
FAIL: AtmOcnConProto
FAIL: AtmOcnCplListProto
FAIL: AtmOcnCplSetProto
FAIL: AtmOcnFDSynoProto
FAIL: AtmOcnIceSimpleImplicitProto
FAIL: AtmOcnImplicitProto
FAIL: AtmOcnLndProto
FAIL: AtmOcnLogNoneProto
FAIL: AtmOcnMedIngestFromConfigProto
FAIL: AtmOcnMedIngestFromInternalProto
FAIL: AtmOcnMedPetListProto
FAIL: AtmOcnMedPetListTimescalesProto
FAIL: AtmOcnMedPetListTimescalesSplitFastProto
FAIL: AtmOcnMedProto
FAIL: AtmOcnMirrorFieldsProto
FAIL: AtmOcnPetListProto
FAIL: AtmOcnProto
FAIL: AtmOcnRtmTwoTimescalesProto
FAIL: AtmOcnScalarProto
FAIL: AtmOcnSelectExternalProto
FAIL: AtmOcnSelectExternalProto
FAIL: AtmOcnSelectExternalProto
FAIL: AtmOcnSelectExternalProto
FAIL: AtmOcnSelectExternalProto
FAIL: AtmOcnSelectProto
FAIL: AtmOcnSelectProto
FAIL: AtmOcnSelectProto
FAIL: AtmOcnSimpleImplicitProto
FAIL: AtmOcnTransferGridProto
FAIL: AtmOcnTransferLocStreamProto
FAIL: AtmOcnTransferMeshProto
FAIL: ComponentExplorer
FAIL: CustomFieldDictionaryProto
FAIL: DriverInDriverDataDepProto
FAIL: DriverInDriverProto
FAIL: DynPhyProto
FAIL: ExternalDriverAPIProto
FAIL: GenericMediatorProto
FAIL: HierarchyProto
FAIL: NamespaceProto
FAIL: NestingMultipleProto
FAIL: NestingSingleProto
FAIL: NestingTelescopeMultipleProto
FAIL: SingleModelProto
FAIL: SingleModelOpenMPProto
== TEST SUMMARY STOP ==

---------------------------------------------------------------------------
grep: */PET*.ESMF_LogFile: No such file or directory
