build time -- 2021-04-21 03:00:03.262563
20210421 034211.844 INFO             PET0 !!!!!!!!!!!!!!!!!!!!!!!!!!!!!!!!!!!!!!!!!!!!!!!!!!!!!!
20210421 034211.899 INFO             PET0 !!! THE ESMF_LOG IS SET TO OUTPUT ALL LOG MESSAGES !!!
20210421 034211.899 INFO             PET0 !!!     THIS MAY CAUSE SLOWDOWN IN PERFORMANCE     !!!
20210421 034211.899 INFO             PET0 !!! FOR PRODUCTION RUNS, USE:                      !!!
20210421 034211.899 INFO             PET0 !!!                   ESMF_LOGKIND_Multi_On_Error  !!!
20210421 034211.899 INFO             PET0 !!!!!!!!!!!!!!!!!!!!!!!!!!!!!!!!!!!!!!!!!!!!!!!!!!!!!!
20210421 034211.899 INFO             PET0 Running with ESMF Version   : ESMF_8_2_0_beta_snapshot_04-7-g3098c96bb1
20210421 034211.920 INFO             PET0 ESMF library build date/time: "Apr 21 2021" "02:58:11"
20210421 034211.920 INFO             PET0 ESMF library build location : /gpfsm/dnb04/projects/p98/mpotts/esmf/gfortran_8.3.0_mpiuni_g_develop
20210421 034211.920 INFO             PET0 ESMF_COMM                   : mpiuni
20210421 034211.922 INFO             PET0 ESMF_MOAB                   : enabled
20210421 034211.922 INFO             PET0 ESMF_LAPACK                 : enabled
20210421 034211.922 INFO             PET0 ESMF_NETCDF                 : disabled
20210421 034211.922 INFO             PET0 ESMF_PNETCDF                : disabled
20210421 034211.922 INFO             PET0 ESMF_PIO                    : disabled
20210421 034211.922 INFO             PET0 ESMF_YAMLCPP                : enabled
20210421 034211.944 INFO             PET0 Log Write 2
20210421 034211.958 ERROR            PET0 Invalid object  - Convergence failure
20210421 034211.980 ERROR            PET0 ESMCI_Fraction.C:1444 ESMCI::Fraction::validate() must have non-zero denominator.
20210421 034211.981 ERROR            PET0 ESMCI_Time.C:838 ESMCI::Time::syncToRealTime() Wrong argument specified  - ; calkindflag is JULIANDAY, MODJULIANDAY or NOCALENDAR.
20210421 034211.981 ERROR            PET0 ESMF_Time.F90:1485 ESMF_TimeSyncToRealTime() Wrong argument specified  - Internal subroutine call returned Error
20210421 034211.981 ERROR            PET0 Wrong argument specified  - getting wall clock time
20210421 034211.981 INFO             PET0  NUMBER_OF_PROCESSORS           1
20210421 034211.981 INFO             PET0  PASS  Example ESMF_LogErrEx, ESMF_LogErrEx.F90, line 186
20210421 034211.981 INFO             PET0 Finalizing ESMF
