20210323 054913.101 INFO             PET0 !!!!!!!!!!!!!!!!!!!!!!!!!!!!!!!!!!!!!!!!!!!!!!!!!!!!!!
20210323 054913.101 INFO             PET0 !!! THE ESMF_LOG IS SET TO OUTPUT ALL LOG MESSAGES !!!
20210323 054913.101 INFO             PET0 !!!     THIS MAY CAUSE SLOWDOWN IN PERFORMANCE     !!!
20210323 054913.101 INFO             PET0 !!! FOR PRODUCTION RUNS, USE:                      !!!
20210323 054913.101 INFO             PET0 !!!                   ESMF_LOGKIND_Multi_On_Error  !!!
20210323 054913.101 INFO             PET0 !!!!!!!!!!!!!!!!!!!!!!!!!!!!!!!!!!!!!!!!!!!!!!!!!!!!!!
20210323 054913.101 INFO             PET0 Running with ESMF Version   : 8.1.0
20210323 054913.101 INFO             PET0 ESMF library build date/time: "Mar 23 2021" "04:25:59"
20210323 054913.101 INFO             PET0 ESMF library build location : /lustre/f2/dev/ncep/Mark.Potts/gfortran_8.3.0_mpi_g
20210323 054913.101 INFO             PET0 ESMF_COMM                   : mpi
20210323 054913.101 INFO             PET0 ESMF_MOAB                   : enabled
20210323 054913.101 INFO             PET0 ESMF_LAPACK                 : enabled
20210323 054913.101 INFO             PET0 ESMF_NETCDF                 : enabled
20210323 054913.101 INFO             PET0 ESMF_PNETCDF                : disabled
20210323 054913.101 INFO             PET0 ESMF_PIO                    : enabled
20210323 054913.101 INFO             PET0 ESMF_YAMLCPP                : enabled
20210323 054913.101 INFO             PET0  NUMBER_OF_PROCESSORS           4
20210323 054913.101 INFO             PET0  PASS  Example ESMF_VMUserMpiCommMultiEx, ESMF_VMUserMpiCommMultiEx.F90, line 126
20210323 054913.101 INFO             PET0 Finalizing ESMF
20210323 054913.091 INFO             PET0 !!!!!!!!!!!!!!!!!!!!!!!!!!!!!!!!!!!!!!!!!!!!!!!!!!!!!!
20210323 054913.091 INFO             PET0 !!! THE ESMF_LOG IS SET TO OUTPUT ALL LOG MESSAGES !!!
20210323 054913.091 INFO             PET0 !!!     THIS MAY CAUSE SLOWDOWN IN PERFORMANCE     !!!
20210323 054913.091 INFO             PET0 !!! FOR PRODUCTION RUNS, USE:                      !!!
20210323 054913.091 INFO             PET0 !!!                   ESMF_LOGKIND_Multi_On_Error  !!!
20210323 054913.091 INFO             PET0 !!!!!!!!!!!!!!!!!!!!!!!!!!!!!!!!!!!!!!!!!!!!!!!!!!!!!!
20210323 054913.091 INFO             PET0 Running with ESMF Version   : 8.1.0
20210323 054913.091 INFO             PET0 ESMF library build date/time: "Mar 23 2021" "04:25:59"
20210323 054913.091 INFO             PET0 ESMF library build location : /lustre/f2/dev/ncep/Mark.Potts/gfortran_8.3.0_mpi_g
20210323 054913.091 INFO             PET0 ESMF_COMM                   : mpi
20210323 054913.092 INFO             PET0 ESMF_MOAB                   : enabled
20210323 054913.092 INFO             PET0 ESMF_LAPACK                 : enabled
20210323 054913.092 INFO             PET0 ESMF_NETCDF                 : enabled
20210323 054913.092 INFO             PET0 ESMF_PNETCDF                : disabled
20210323 054913.092 INFO             PET0 ESMF_PIO                    : enabled
20210323 054913.092 INFO             PET0 ESMF_YAMLCPP                : enabled
20210323 054913.092 INFO             PET0  NUMBER_OF_PROCESSORS           4
20210323 054913.092 INFO             PET0  PASS  Example ESMF_VMUserMpiCommMultiEx, ESMF_VMUserMpiCommMultiEx.F90, line 154
20210323 054913.092 INFO             PET0 Finalizing ESMF
20210323 054913.092 INFO             PET1 !!!!!!!!!!!!!!!!!!!!!!!!!!!!!!!!!!!!!!!!!!!!!!!!!!!!!!
20210323 054913.092 INFO             PET1 !!! THE ESMF_LOG IS SET TO OUTPUT ALL LOG MESSAGES !!!
20210323 054913.092 INFO             PET1 !!!     THIS MAY CAUSE SLOWDOWN IN PERFORMANCE     !!!
20210323 054913.092 INFO             PET1 !!! FOR PRODUCTION RUNS, USE:                      !!!
20210323 054913.092 INFO             PET1 !!!                   ESMF_LOGKIND_Multi_On_Error  !!!
20210323 054913.092 INFO             PET1 !!!!!!!!!!!!!!!!!!!!!!!!!!!!!!!!!!!!!!!!!!!!!!!!!!!!!!
20210323 054913.092 INFO             PET1 Running with ESMF Version   : 8.1.0
20210323 054913.092 INFO             PET1 ESMF library build date/time: "Mar 23 2021" "04:25:59"
20210323 054913.092 INFO             PET1 ESMF library build location : /lustre/f2/dev/ncep/Mark.Potts/gfortran_8.3.0_mpi_g
20210323 054913.092 INFO             PET1 ESMF_COMM                   : mpi
20210323 054913.092 INFO             PET1 ESMF_MOAB                   : enabled
20210323 054913.092 INFO             PET1 ESMF_LAPACK                 : enabled
20210323 054913.092 INFO             PET1 ESMF_NETCDF                 : enabled
20210323 054913.092 INFO             PET1 ESMF_PNETCDF                : disabled
20210323 054913.092 INFO             PET1 ESMF_PIO                    : enabled
20210323 054913.092 INFO             PET1 ESMF_YAMLCPP                : enabled
20210323 054913.101 INFO             PET1  NUMBER_OF_PROCESSORS           4
20210323 054913.101 INFO             PET1  PASS  Example ESMF_VMUserMpiCommMultiEx, ESMF_VMUserMpiCommMultiEx.F90, line 126
20210323 054913.101 INFO             PET1 Finalizing ESMF
20210323 054913.091 INFO             PET1 !!!!!!!!!!!!!!!!!!!!!!!!!!!!!!!!!!!!!!!!!!!!!!!!!!!!!!
20210323 054913.091 INFO             PET1 !!! THE ESMF_LOG IS SET TO OUTPUT ALL LOG MESSAGES !!!
20210323 054913.091 INFO             PET1 !!!     THIS MAY CAUSE SLOWDOWN IN PERFORMANCE     !!!
20210323 054913.091 INFO             PET1 !!! FOR PRODUCTION RUNS, USE:                      !!!
20210323 054913.091 INFO             PET1 !!!                   ESMF_LOGKIND_Multi_On_Error  !!!
20210323 054913.091 INFO             PET1 !!!!!!!!!!!!!!!!!!!!!!!!!!!!!!!!!!!!!!!!!!!!!!!!!!!!!!
20210323 054913.091 INFO             PET1 Running with ESMF Version   : 8.1.0
20210323 054913.091 INFO             PET1 ESMF library build date/time: "Mar 23 2021" "04:25:59"
20210323 054913.091 INFO             PET1 ESMF library build location : /lustre/f2/dev/ncep/Mark.Potts/gfortran_8.3.0_mpi_g
20210323 054913.091 INFO             PET1 ESMF_COMM                   : mpi
20210323 054913.091 INFO             PET1 ESMF_MOAB                   : enabled
20210323 054913.091 INFO             PET1 ESMF_LAPACK                 : enabled
20210323 054913.091 INFO             PET1 ESMF_NETCDF                 : enabled
20210323 054913.091 INFO             PET1 ESMF_PNETCDF                : disabled
20210323 054913.091 INFO             PET1 ESMF_PIO                    : enabled
20210323 054913.091 INFO             PET1 ESMF_YAMLCPP                : enabled
20210323 054913.092 INFO             PET1  NUMBER_OF_PROCESSORS           4
20210323 054913.092 INFO             PET1  PASS  Example ESMF_VMUserMpiCommMultiEx, ESMF_VMUserMpiCommMultiEx.F90, line 154
20210323 054913.092 INFO             PET1 Finalizing ESMF
