20210304 184831.718 INFO             PET0 !!!!!!!!!!!!!!!!!!!!!!!!!!!!!!!!!!!!!!!!!!!!!!!!!!!!!!
20210304 184831.718 INFO             PET0 !!! THE ESMF_LOG IS SET TO OUTPUT ALL LOG MESSAGES !!!
20210304 184831.718 INFO             PET0 !!!     THIS MAY CAUSE SLOWDOWN IN PERFORMANCE     !!!
20210304 184831.718 INFO             PET0 !!! FOR PRODUCTION RUNS, USE:                      !!!
20210304 184831.718 INFO             PET0 !!!                   ESMF_LOGKIND_Multi_On_Error  !!!
20210304 184831.718 INFO             PET0 !!!!!!!!!!!!!!!!!!!!!!!!!!!!!!!!!!!!!!!!!!!!!!!!!!!!!!
20210304 184831.718 INFO             PET0 Running with ESMF Version   : 8.1.0 beta snapshot
20210304 184831.718 INFO             PET0 ESMF library build date/time: "Mar  4 2021" "17:22:21"
20210304 184831.718 INFO             PET0 ESMF library build location : /lustre/f2/dev/ncep/Mark.Potts/gfortran_8.3.0_mpi_g
20210304 184831.718 INFO             PET0 ESMF_COMM                   : mpi
20210304 184831.718 INFO             PET0 ESMF_MOAB                   : enabled
20210304 184831.718 INFO             PET0 ESMF_LAPACK                 : enabled
20210304 184831.718 INFO             PET0 ESMF_NETCDF                 : enabled
20210304 184831.718 INFO             PET0 ESMF_PNETCDF                : disabled
20210304 184831.718 INFO             PET0 ESMF_PIO                    : enabled
20210304 184831.718 INFO             PET0 ESMF_YAMLCPP                : enabled
20210304 184832.265 INFO             PET0  NUMBER_OF_PROCESSORS           4
20210304 184832.265 INFO             PET0  PASS  Example ESMF_FieldBundleHaloEx, ESMF_FieldBundleHaloEx.F90, line 319
20210304 184832.265 INFO             PET0 Finalizing ESMF
20210304 184831.712 INFO             PET1 !!!!!!!!!!!!!!!!!!!!!!!!!!!!!!!!!!!!!!!!!!!!!!!!!!!!!!
20210304 184831.713 INFO             PET1 !!! THE ESMF_LOG IS SET TO OUTPUT ALL LOG MESSAGES !!!
20210304 184831.713 INFO             PET1 !!!     THIS MAY CAUSE SLOWDOWN IN PERFORMANCE     !!!
20210304 184831.713 INFO             PET1 !!! FOR PRODUCTION RUNS, USE:                      !!!
20210304 184831.713 INFO             PET1 !!!                   ESMF_LOGKIND_Multi_On_Error  !!!
20210304 184831.713 INFO             PET1 !!!!!!!!!!!!!!!!!!!!!!!!!!!!!!!!!!!!!!!!!!!!!!!!!!!!!!
20210304 184831.713 INFO             PET1 Running with ESMF Version   : 8.1.0 beta snapshot
20210304 184831.714 INFO             PET1 ESMF library build date/time: "Mar  4 2021" "17:22:21"
20210304 184831.714 INFO             PET1 ESMF library build location : /lustre/f2/dev/ncep/Mark.Potts/gfortran_8.3.0_mpi_g
20210304 184831.714 INFO             PET1 ESMF_COMM                   : mpi
20210304 184831.714 INFO             PET1 ESMF_MOAB                   : enabled
20210304 184831.714 INFO             PET1 ESMF_LAPACK                 : enabled
20210304 184831.714 INFO             PET1 ESMF_NETCDF                 : enabled
20210304 184831.714 INFO             PET1 ESMF_PNETCDF                : disabled
20210304 184831.714 INFO             PET1 ESMF_PIO                    : enabled
20210304 184831.714 INFO             PET1 ESMF_YAMLCPP                : enabled
20210304 184832.265 INFO             PET1  NUMBER_OF_PROCESSORS           4
20210304 184832.265 INFO             PET1  PASS  Example ESMF_FieldBundleHaloEx, ESMF_FieldBundleHaloEx.F90, line 319
20210304 184832.265 INFO             PET1 Finalizing ESMF
20210304 184831.712 INFO             PET2 !!!!!!!!!!!!!!!!!!!!!!!!!!!!!!!!!!!!!!!!!!!!!!!!!!!!!!
20210304 184831.713 INFO             PET2 !!! THE ESMF_LOG IS SET TO OUTPUT ALL LOG MESSAGES !!!
20210304 184831.713 INFO             PET2 !!!     THIS MAY CAUSE SLOWDOWN IN PERFORMANCE     !!!
20210304 184831.713 INFO             PET2 !!! FOR PRODUCTION RUNS, USE:                      !!!
20210304 184831.713 INFO             PET2 !!!                   ESMF_LOGKIND_Multi_On_Error  !!!
20210304 184831.713 INFO             PET2 !!!!!!!!!!!!!!!!!!!!!!!!!!!!!!!!!!!!!!!!!!!!!!!!!!!!!!
20210304 184831.713 INFO             PET2 Running with ESMF Version   : 8.1.0 beta snapshot
20210304 184831.714 INFO             PET2 ESMF library build date/time: "Mar  4 2021" "17:22:21"
20210304 184831.714 INFO             PET2 ESMF library build location : /lustre/f2/dev/ncep/Mark.Potts/gfortran_8.3.0_mpi_g
20210304 184831.714 INFO             PET2 ESMF_COMM                   : mpi
20210304 184831.714 INFO             PET2 ESMF_MOAB                   : enabled
20210304 184831.714 INFO             PET2 ESMF_LAPACK                 : enabled
20210304 184831.714 INFO             PET2 ESMF_NETCDF                 : enabled
20210304 184831.714 INFO             PET2 ESMF_PNETCDF                : disabled
20210304 184831.714 INFO             PET2 ESMF_PIO                    : enabled
20210304 184831.714 INFO             PET2 ESMF_YAMLCPP                : enabled
20210304 184832.265 INFO             PET2  NUMBER_OF_PROCESSORS           4
20210304 184832.265 INFO             PET2  PASS  Example ESMF_FieldBundleHaloEx, ESMF_FieldBundleHaloEx.F90, line 319
20210304 184832.265 INFO             PET2 Finalizing ESMF
20210304 184831.720 INFO             PET3 !!!!!!!!!!!!!!!!!!!!!!!!!!!!!!!!!!!!!!!!!!!!!!!!!!!!!!
20210304 184831.720 INFO             PET3 !!! THE ESMF_LOG IS SET TO OUTPUT ALL LOG MESSAGES !!!
20210304 184831.720 INFO             PET3 !!!     THIS MAY CAUSE SLOWDOWN IN PERFORMANCE     !!!
20210304 184831.720 INFO             PET3 !!! FOR PRODUCTION RUNS, USE:                      !!!
20210304 184831.720 INFO             PET3 !!!                   ESMF_LOGKIND_Multi_On_Error  !!!
20210304 184831.720 INFO             PET3 !!!!!!!!!!!!!!!!!!!!!!!!!!!!!!!!!!!!!!!!!!!!!!!!!!!!!!
20210304 184831.720 INFO             PET3 Running with ESMF Version   : 8.1.0 beta snapshot
20210304 184831.720 INFO             PET3 ESMF library build date/time: "Mar  4 2021" "17:22:21"
20210304 184831.720 INFO             PET3 ESMF library build location : /lustre/f2/dev/ncep/Mark.Potts/gfortran_8.3.0_mpi_g
20210304 184831.720 INFO             PET3 ESMF_COMM                   : mpi
20210304 184831.721 INFO             PET3 ESMF_MOAB                   : enabled
20210304 184831.721 INFO             PET3 ESMF_LAPACK                 : enabled
20210304 184831.721 INFO             PET3 ESMF_NETCDF                 : enabled
20210304 184831.721 INFO             PET3 ESMF_PNETCDF                : disabled
20210304 184831.721 INFO             PET3 ESMF_PIO                    : enabled
20210304 184831.721 INFO             PET3 ESMF_YAMLCPP                : enabled
20210304 184832.265 INFO             PET3  NUMBER_OF_PROCESSORS           4
20210304 184832.265 INFO             PET3  PASS  Example ESMF_FieldBundleHaloEx, ESMF_FieldBundleHaloEx.F90, line 319
20210304 184832.265 INFO             PET3 Finalizing ESMF
