build time -- 2021-04-21 13:20:07
20210421 151957.349 INFO             PET0 !!!!!!!!!!!!!!!!!!!!!!!!!!!!!!!!!!!!!!!!!!!!!!!!!!!!!!
20210421 151957.350 INFO             PET0 !!! THE ESMF_LOG IS SET TO OUTPUT ALL LOG MESSAGES !!!
20210421 151957.350 INFO             PET0 !!!     THIS MAY CAUSE SLOWDOWN IN PERFORMANCE     !!!
20210421 151957.350 INFO             PET0 !!! FOR PRODUCTION RUNS, USE:                      !!!
20210421 151957.350 INFO             PET0 !!!                   ESMF_LOGKIND_Multi_On_Error  !!!
20210421 151957.350 INFO             PET0 !!!!!!!!!!!!!!!!!!!!!!!!!!!!!!!!!!!!!!!!!!!!!!!!!!!!!!
20210421 151957.350 INFO             PET0 Running with ESMF Version   : ESMF_8_1_1_beta_snapshot_03
20210421 151957.352 INFO             PET0 ESMF library build date/time: "Apr 21 2021" "13:18:20"
20210421 151957.352 INFO             PET0 ESMF library build location : /scratch1/NCEPDEV/da/Mark.Potts/sandbox/intel_18.0.4_intelmpi_g_patch_8.1.1
20210421 151957.352 INFO             PET0 ESMF_COMM                   : intelmpi
20210421 151957.354 INFO             PET0 ESMF_MOAB                   : enabled
20210421 151957.354 INFO             PET0 ESMF_LAPACK                 : enabled
20210421 151957.354 INFO             PET0 ESMF_NETCDF                 : enabled
20210421 151957.354 INFO             PET0 ESMF_PNETCDF                : disabled
20210421 151957.354 INFO             PET0 ESMF_PIO                    : enabled
20210421 151957.354 INFO             PET0 ESMF_YAMLCPP                : enabled
20210421 151957.417 INFO             PET0 ESMF_FieldRedistStoreNF(): Just entered routine.
20210421 152000.040 INFO             PET0 ESMF_FieldRedistStoreNF(): Leaving routine.
20210421 152000.875 INFO             PET0  NUMBER_OF_PROCESSORS           4
20210421 152000.875 INFO             PET0  PASS  Example ESMF_RHandleFromFileEx, ESMF_RHandleFromFileEx.F90, line 192
20210421 152000.875 INFO             PET0 Finalizing ESMF
20210421 151957.350 INFO             PET1 !!!!!!!!!!!!!!!!!!!!!!!!!!!!!!!!!!!!!!!!!!!!!!!!!!!!!!
20210421 151957.350 INFO             PET1 !!! THE ESMF_LOG IS SET TO OUTPUT ALL LOG MESSAGES !!!
20210421 151957.350 INFO             PET1 !!!     THIS MAY CAUSE SLOWDOWN IN PERFORMANCE     !!!
20210421 151957.350 INFO             PET1 !!! FOR PRODUCTION RUNS, USE:                      !!!
20210421 151957.350 INFO             PET1 !!!                   ESMF_LOGKIND_Multi_On_Error  !!!
20210421 151957.350 INFO             PET1 !!!!!!!!!!!!!!!!!!!!!!!!!!!!!!!!!!!!!!!!!!!!!!!!!!!!!!
20210421 151957.350 INFO             PET1 Running with ESMF Version   : ESMF_8_1_1_beta_snapshot_03
20210421 151957.352 INFO             PET1 ESMF library build date/time: "Apr 21 2021" "13:18:20"
20210421 151957.352 INFO             PET1 ESMF library build location : /scratch1/NCEPDEV/da/Mark.Potts/sandbox/intel_18.0.4_intelmpi_g_patch_8.1.1
20210421 151957.352 INFO             PET1 ESMF_COMM                   : intelmpi
20210421 151957.354 INFO             PET1 ESMF_MOAB                   : enabled
20210421 151957.354 INFO             PET1 ESMF_LAPACK                 : enabled
20210421 151957.354 INFO             PET1 ESMF_NETCDF                 : enabled
20210421 151957.354 INFO             PET1 ESMF_PNETCDF                : disabled
20210421 151957.354 INFO             PET1 ESMF_PIO                    : enabled
20210421 151957.354 INFO             PET1 ESMF_YAMLCPP                : enabled
20210421 151957.417 INFO             PET1 ESMF_FieldRedistStoreNF(): Just entered routine.
20210421 152000.040 INFO             PET1 ESMF_FieldRedistStoreNF(): Leaving routine.
20210421 152000.875 INFO             PET1  NUMBER_OF_PROCESSORS           4
20210421 152000.875 INFO             PET1  PASS  Example ESMF_RHandleFromFileEx, ESMF_RHandleFromFileEx.F90, line 192
20210421 152000.875 INFO             PET1 Finalizing ESMF
20210421 151957.351 INFO             PET2 !!!!!!!!!!!!!!!!!!!!!!!!!!!!!!!!!!!!!!!!!!!!!!!!!!!!!!
20210421 151957.351 INFO             PET2 !!! THE ESMF_LOG IS SET TO OUTPUT ALL LOG MESSAGES !!!
20210421 151957.351 INFO             PET2 !!!     THIS MAY CAUSE SLOWDOWN IN PERFORMANCE     !!!
20210421 151957.351 INFO             PET2 !!! FOR PRODUCTION RUNS, USE:                      !!!
20210421 151957.351 INFO             PET2 !!!                   ESMF_LOGKIND_Multi_On_Error  !!!
20210421 151957.351 INFO             PET2 !!!!!!!!!!!!!!!!!!!!!!!!!!!!!!!!!!!!!!!!!!!!!!!!!!!!!!
20210421 151957.351 INFO             PET2 Running with ESMF Version   : ESMF_8_1_1_beta_snapshot_03
20210421 151957.352 INFO             PET2 ESMF library build date/time: "Apr 21 2021" "13:18:20"
20210421 151957.352 INFO             PET2 ESMF library build location : /scratch1/NCEPDEV/da/Mark.Potts/sandbox/intel_18.0.4_intelmpi_g_patch_8.1.1
20210421 151957.352 INFO             PET2 ESMF_COMM                   : intelmpi
20210421 151957.366 INFO             PET2 ESMF_MOAB                   : enabled
20210421 151957.366 INFO             PET2 ESMF_LAPACK                 : enabled
20210421 151957.366 INFO             PET2 ESMF_NETCDF                 : enabled
20210421 151957.366 INFO             PET2 ESMF_PNETCDF                : disabled
20210421 151957.366 INFO             PET2 ESMF_PIO                    : enabled
20210421 151957.366 INFO             PET2 ESMF_YAMLCPP                : enabled
20210421 151957.417 INFO             PET2 ESMF_FieldRedistStoreNF(): Just entered routine.
20210421 152000.040 INFO             PET2 ESMF_FieldRedistStoreNF(): Leaving routine.
20210421 152000.875 INFO             PET2  NUMBER_OF_PROCESSORS           4
20210421 152000.875 INFO             PET2  PASS  Example ESMF_RHandleFromFileEx, ESMF_RHandleFromFileEx.F90, line 192
20210421 152000.875 INFO             PET2 Finalizing ESMF
20210421 151957.351 INFO             PET3 !!!!!!!!!!!!!!!!!!!!!!!!!!!!!!!!!!!!!!!!!!!!!!!!!!!!!!
20210421 151957.351 INFO             PET3 !!! THE ESMF_LOG IS SET TO OUTPUT ALL LOG MESSAGES !!!
20210421 151957.351 INFO             PET3 !!!     THIS MAY CAUSE SLOWDOWN IN PERFORMANCE     !!!
20210421 151957.351 INFO             PET3 !!! FOR PRODUCTION RUNS, USE:                      !!!
20210421 151957.351 INFO             PET3 !!!                   ESMF_LOGKIND_Multi_On_Error  !!!
20210421 151957.351 INFO             PET3 !!!!!!!!!!!!!!!!!!!!!!!!!!!!!!!!!!!!!!!!!!!!!!!!!!!!!!
20210421 151957.351 INFO             PET3 Running with ESMF Version   : ESMF_8_1_1_beta_snapshot_03
20210421 151957.352 INFO             PET3 ESMF library build date/time: "Apr 21 2021" "13:18:20"
20210421 151957.352 INFO             PET3 ESMF library build location : /scratch1/NCEPDEV/da/Mark.Potts/sandbox/intel_18.0.4_intelmpi_g_patch_8.1.1
20210421 151957.352 INFO             PET3 ESMF_COMM                   : intelmpi
20210421 151957.354 INFO             PET3 ESMF_MOAB                   : enabled
20210421 151957.354 INFO             PET3 ESMF_LAPACK                 : enabled
20210421 151957.354 INFO             PET3 ESMF_NETCDF                 : enabled
20210421 151957.354 INFO             PET3 ESMF_PNETCDF                : disabled
20210421 151957.354 INFO             PET3 ESMF_PIO                    : enabled
20210421 151957.354 INFO             PET3 ESMF_YAMLCPP                : enabled
20210421 151957.417 INFO             PET3 ESMF_FieldRedistStoreNF(): Just entered routine.
20210421 152000.040 INFO             PET3 ESMF_FieldRedistStoreNF(): Leaving routine.
20210421 152000.875 INFO             PET3  NUMBER_OF_PROCESSORS           4
20210421 152000.875 INFO             PET3  PASS  Example ESMF_RHandleFromFileEx, ESMF_RHandleFromFileEx.F90, line 192
20210421 152000.875 INFO             PET3 Finalizing ESMF
