20210410 064239.975 INFO             PET0 !!!!!!!!!!!!!!!!!!!!!!!!!!!!!!!!!!!!!!!!!!!!!!!!!!!!!!
20210410 064239.975 INFO             PET0 !!! THE ESMF_LOG IS SET TO OUTPUT ALL LOG MESSAGES !!!
20210410 064239.975 INFO             PET0 !!!     THIS MAY CAUSE SLOWDOWN IN PERFORMANCE     !!!
20210410 064239.975 INFO             PET0 !!! FOR PRODUCTION RUNS, USE:                      !!!
20210410 064239.975 INFO             PET0 !!!                   ESMF_LOGKIND_Multi_On_Error  !!!
20210410 064239.975 INFO             PET0 !!!!!!!!!!!!!!!!!!!!!!!!!!!!!!!!!!!!!!!!!!!!!!!!!!!!!!
20210410 064239.975 INFO             PET0 Running with ESMF Version   : ESMF_8_2_0_beta_snapshot_04-7-g3098c96bb1
20210410 064239.975 INFO             PET0 ESMF library build date/time: "Apr 10 2021" "05:57:10"
20210410 064239.975 INFO             PET0 ESMF library build location : /glade/scratch/mpotts/intel_18.0.5_intelmpi_g
20210410 064239.975 INFO             PET0 ESMF_COMM                   : intelmpi
20210410 064239.975 INFO             PET0 ESMF_MOAB                   : enabled
20210410 064239.975 INFO             PET0 ESMF_LAPACK                 : enabled
20210410 064239.975 INFO             PET0 ESMF_NETCDF                 : enabled
20210410 064239.975 INFO             PET0 ESMF_PNETCDF                : disabled
20210410 064239.975 INFO             PET0 ESMF_PIO                    : enabled
20210410 064239.975 INFO             PET0 ESMF_YAMLCPP                : enabled
20210410 064239.979 INFO             PET0  NUMBER_OF_PROCESSORS           4
20210410 064239.979 INFO             PET0  PASS  Example ESMF_DistGridEx, ESMF_DistGridEx.F90, line 1902
20210410 064239.979 INFO             PET0 Finalizing ESMF
20210410 064239.974 INFO             PET1 !!!!!!!!!!!!!!!!!!!!!!!!!!!!!!!!!!!!!!!!!!!!!!!!!!!!!!
20210410 064239.975 INFO             PET1 !!! THE ESMF_LOG IS SET TO OUTPUT ALL LOG MESSAGES !!!
20210410 064239.975 INFO             PET1 !!!     THIS MAY CAUSE SLOWDOWN IN PERFORMANCE     !!!
20210410 064239.975 INFO             PET1 !!! FOR PRODUCTION RUNS, USE:                      !!!
20210410 064239.975 INFO             PET1 !!!                   ESMF_LOGKIND_Multi_On_Error  !!!
20210410 064239.975 INFO             PET1 !!!!!!!!!!!!!!!!!!!!!!!!!!!!!!!!!!!!!!!!!!!!!!!!!!!!!!
20210410 064239.975 INFO             PET1 Running with ESMF Version   : ESMF_8_2_0_beta_snapshot_04-7-g3098c96bb1
20210410 064239.975 INFO             PET1 ESMF library build date/time: "Apr 10 2021" "05:57:10"
20210410 064239.975 INFO             PET1 ESMF library build location : /glade/scratch/mpotts/intel_18.0.5_intelmpi_g
20210410 064239.975 INFO             PET1 ESMF_COMM                   : intelmpi
20210410 064239.975 INFO             PET1 ESMF_MOAB                   : enabled
20210410 064239.975 INFO             PET1 ESMF_LAPACK                 : enabled
20210410 064239.975 INFO             PET1 ESMF_NETCDF                 : enabled
20210410 064239.975 INFO             PET1 ESMF_PNETCDF                : disabled
20210410 064239.975 INFO             PET1 ESMF_PIO                    : enabled
20210410 064239.975 INFO             PET1 ESMF_YAMLCPP                : enabled
20210410 064239.979 INFO             PET1  NUMBER_OF_PROCESSORS           4
20210410 064239.979 INFO             PET1  PASS  Example ESMF_DistGridEx, ESMF_DistGridEx.F90, line 1902
20210410 064239.979 INFO             PET1 Finalizing ESMF
20210410 064239.976 INFO             PET2 !!!!!!!!!!!!!!!!!!!!!!!!!!!!!!!!!!!!!!!!!!!!!!!!!!!!!!
20210410 064239.976 INFO             PET2 !!! THE ESMF_LOG IS SET TO OUTPUT ALL LOG MESSAGES !!!
20210410 064239.976 INFO             PET2 !!!     THIS MAY CAUSE SLOWDOWN IN PERFORMANCE     !!!
20210410 064239.976 INFO             PET2 !!! FOR PRODUCTION RUNS, USE:                      !!!
20210410 064239.976 INFO             PET2 !!!                   ESMF_LOGKIND_Multi_On_Error  !!!
20210410 064239.976 INFO             PET2 !!!!!!!!!!!!!!!!!!!!!!!!!!!!!!!!!!!!!!!!!!!!!!!!!!!!!!
20210410 064239.976 INFO             PET2 Running with ESMF Version   : ESMF_8_2_0_beta_snapshot_04-7-g3098c96bb1
20210410 064239.976 INFO             PET2 ESMF library build date/time: "Apr 10 2021" "05:57:10"
20210410 064239.976 INFO             PET2 ESMF library build location : /glade/scratch/mpotts/intel_18.0.5_intelmpi_g
20210410 064239.976 INFO             PET2 ESMF_COMM                   : intelmpi
20210410 064239.976 INFO             PET2 ESMF_MOAB                   : enabled
20210410 064239.976 INFO             PET2 ESMF_LAPACK                 : enabled
20210410 064239.976 INFO             PET2 ESMF_NETCDF                 : enabled
20210410 064239.976 INFO             PET2 ESMF_PNETCDF                : disabled
20210410 064239.976 INFO             PET2 ESMF_PIO                    : enabled
20210410 064239.976 INFO             PET2 ESMF_YAMLCPP                : enabled
20210410 064239.979 INFO             PET2  NUMBER_OF_PROCESSORS           4
20210410 064239.979 INFO             PET2  PASS  Example ESMF_DistGridEx, ESMF_DistGridEx.F90, line 1902
20210410 064239.979 INFO             PET2 Finalizing ESMF
20210410 064239.975 INFO             PET3 !!!!!!!!!!!!!!!!!!!!!!!!!!!!!!!!!!!!!!!!!!!!!!!!!!!!!!
20210410 064239.975 INFO             PET3 !!! THE ESMF_LOG IS SET TO OUTPUT ALL LOG MESSAGES !!!
20210410 064239.975 INFO             PET3 !!!     THIS MAY CAUSE SLOWDOWN IN PERFORMANCE     !!!
20210410 064239.975 INFO             PET3 !!! FOR PRODUCTION RUNS, USE:                      !!!
20210410 064239.975 INFO             PET3 !!!                   ESMF_LOGKIND_Multi_On_Error  !!!
20210410 064239.975 INFO             PET3 !!!!!!!!!!!!!!!!!!!!!!!!!!!!!!!!!!!!!!!!!!!!!!!!!!!!!!
20210410 064239.975 INFO             PET3 Running with ESMF Version   : ESMF_8_2_0_beta_snapshot_04-7-g3098c96bb1
20210410 064239.975 INFO             PET3 ESMF library build date/time: "Apr 10 2021" "05:57:10"
20210410 064239.975 INFO             PET3 ESMF library build location : /glade/scratch/mpotts/intel_18.0.5_intelmpi_g
20210410 064239.975 INFO             PET3 ESMF_COMM                   : intelmpi
20210410 064239.975 INFO             PET3 ESMF_MOAB                   : enabled
20210410 064239.975 INFO             PET3 ESMF_LAPACK                 : enabled
20210410 064239.975 INFO             PET3 ESMF_NETCDF                 : enabled
20210410 064239.975 INFO             PET3 ESMF_PNETCDF                : disabled
20210410 064239.976 INFO             PET3 ESMF_PIO                    : enabled
20210410 064239.976 INFO             PET3 ESMF_YAMLCPP                : enabled
20210410 064239.979 INFO             PET3  NUMBER_OF_PROCESSORS           4
20210410 064239.979 INFO             PET3  PASS  Example ESMF_DistGridEx, ESMF_DistGridEx.F90, line 1902
20210410 064239.979 INFO             PET3 Finalizing ESMF
