icpc: warning #10315: specifying -lm before files may supersede the Intel(R) math library and affect performance
ifort: command line warning #10157: ignoring option '-W'; argument is of wrong type
ifort: command line warning #10157: ignoring option '-W'; argument is of wrong type
ifort: command line warning #10157: ignoring option '-W'; argument is of wrong type
ifort: command line warning #10157: ignoring option '-W'; argument is of wrong type
ifort: command line warning #10157: ignoring option '-W'; argument is of wrong type
ifort: command line warning #10006: ignoring unknown option '-fbacktrace'
ifort: command line warning #10006: ignoring unknown option '-fimplicit-none'
ifort: command line warning #10006: ignoring unknown option '-fcheck=all,no-pointer'
ifort: command line warning #10006: ignoring unknown option '-ffree-line-length-none'
ifort: command line warning #10006: ignoring unknown option '-print-file-name=libgfortran.so'
ifort: warning #10315: specifying -lm before files may supersede the Intel(R) math library and affect performance
/glade/u/apps/opt/intel/2019u5/compilers_and_libraries_2019.5.281/linux/compiler/lib/intel64_lin/for_main.o: In function `main':
for_main.c:(.text+0x2e): undefined reference to `MAIN__'
 
Installing ESMF:
 
mkdir -p /glade/scratch/himanshu/relese_8.1.0/python_data/gfortran_7.2.0_mpich3_g/DEFAULTINSTALLDIR/include
cp -f /glade/scratch/himanshu/relese_8.1.0/python_data/gfortran_7.2.0_mpich3_g/src/include/ESMC.h /glade/scratch/himanshu/relese_8.1.0/python_data/gfortran_7.2.0_mpich3_g/DEFAULTINSTALLDIR/include
cp -f /glade/scratch/himanshu/relese_8.1.0/python_data/gfortran_7.2.0_mpich3_g/src/include/ESMC_*.h /glade/scratch/himanshu/relese_8.1.0/python_data/gfortran_7.2.0_mpich3_g/DEFAULTINSTALLDIR/include
cp -f /glade/scratch/himanshu/relese_8.1.0/python_data/gfortran_7.2.0_mpich3_g/build_config/Linux.gfortran.default/ESMC_Conf.h /glade/scratch/himanshu/relese_8.1.0/python_data/gfortran_7.2.0_mpich3_g/DEFAULTINSTALLDIR/include
mkdir -p /glade/scratch/himanshu/relese_8.1.0/python_data/gfortran_7.2.0_mpich3_g/DEFAULTINSTALLDIR/mod/modg/Linux.gfortran.64.mpich3.default
cp -f /glade/scratch/himanshu/relese_8.1.0/python_data/gfortran_7.2.0_mpich3_g/mod/modg/Linux.gfortran.64.mpich3.default/*.mod /glade/scratch/himanshu/relese_8.1.0/python_data/gfortran_7.2.0_mpich3_g/DEFAULTINSTALLDIR/mod/modg/Linux.gfortran.64.mpich3.default
mkdir -p /glade/scratch/himanshu/relese_8.1.0/python_data/gfortran_7.2.0_mpich3_g/DEFAULTINSTALLDIR/lib/libg/Linux.gfortran.64.mpich3.default
cp -f /glade/scratch/himanshu/relese_8.1.0/python_data/gfortran_7.2.0_mpich3_g/lib/libg/Linux.gfortran.64.mpich3.default/libesmf*.* /glade/scratch/himanshu/relese_8.1.0/python_data/gfortran_7.2.0_mpich3_g/DEFAULTINSTALLDIR/lib/libg/Linux.gfortran.64.mpich3.default
make ESMF_PRELOADDIR=/glade/scratch/himanshu/relese_8.1.0/python_data/gfortran_7.2.0_mpich3_g/DEFAULTINSTALLDIR/lib/libg/Linux.gfortran.64.mpich3.default build_preload_script
icpc: warning #10315: specifying -lm before files may supersede the Intel(R) math library and affect performance
ifort: command line warning #10157: ignoring option '-W'; argument is of wrong type
ifort: command line warning #10157: ignoring option '-W'; argument is of wrong type
ifort: command line warning #10157: ignoring option '-W'; argument is of wrong type
ifort: command line warning #10157: ignoring option '-W'; argument is of wrong type
ifort: command line warning #10157: ignoring option '-W'; argument is of wrong type
ifort: command line warning #10006: ignoring unknown option '-fbacktrace'
ifort: command line warning #10006: ignoring unknown option '-fimplicit-none'
ifort: command line warning #10006: ignoring unknown option '-fcheck=all,no-pointer'
ifort: command line warning #10006: ignoring unknown option '-ffree-line-length-none'
ifort: command line warning #10006: ignoring unknown option '-print-file-name=libgfortran.so'
ifort: warning #10315: specifying -lm before files may supersede the Intel(R) math library and affect performance
/glade/u/apps/opt/intel/2019u5/compilers_and_libraries_2019.5.281/linux/compiler/lib/intel64_lin/for_main.o: In function `main':
for_main.c:(.text+0x2e): undefined reference to `MAIN__'
make[1]: Entering directory `/glade/scratch/himanshu/relese_8.1.0/python_data/gfortran_7.2.0_mpich3_g'
chmod 755 /glade/scratch/himanshu/relese_8.1.0/python_data/gfortran_7.2.0_mpich3_g/DEFAULTINSTALLDIR/lib/libg/Linux.gfortran.64.mpich3.default/preload.sh
make[1]: Leaving directory `/glade/scratch/himanshu/relese_8.1.0/python_data/gfortran_7.2.0_mpich3_g'
ranlib /glade/scratch/himanshu/relese_8.1.0/python_data/gfortran_7.2.0_mpich3_g/DEFAULTINSTALLDIR/lib/libg/Linux.gfortran.64.mpich3.default/libesmf*.a
make install_apps
icpc: warning #10315: specifying -lm before files may supersede the Intel(R) math library and affect performance
ifort: command line warning #10157: ignoring option '-W'; argument is of wrong type
ifort: command line warning #10157: ignoring option '-W'; argument is of wrong type
ifort: command line warning #10157: ignoring option '-W'; argument is of wrong type
ifort: command line warning #10157: ignoring option '-W'; argument is of wrong type
ifort: command line warning #10157: ignoring option '-W'; argument is of wrong type
ifort: command line warning #10006: ignoring unknown option '-fbacktrace'
ifort: command line warning #10006: ignoring unknown option '-fimplicit-none'
ifort: command line warning #10006: ignoring unknown option '-fcheck=all,no-pointer'
ifort: command line warning #10006: ignoring unknown option '-ffree-line-length-none'
ifort: command line warning #10006: ignoring unknown option '-print-file-name=libgfortran.so'
ifort: warning #10315: specifying -lm before files may supersede the Intel(R) math library and affect performance
/glade/u/apps/opt/intel/2019u5/compilers_and_libraries_2019.5.281/linux/compiler/lib/intel64_lin/for_main.o: In function `main':
for_main.c:(.text+0x2e): undefined reference to `MAIN__'
make[1]: Entering directory `/glade/scratch/himanshu/relese_8.1.0/python_data/gfortran_7.2.0_mpich3_g'
mkdir -p /glade/scratch/himanshu/relese_8.1.0/python_data/gfortran_7.2.0_mpich3_g/DEFAULTINSTALLDIR/bin/bing/Linux.gfortran.64.mpich3.default
make build_apps ESMF_APPSDIR=/glade/scratch/himanshu/relese_8.1.0/python_data/gfortran_7.2.0_mpich3_g/DEFAULTINSTALLDIR/bin/bing/Linux.gfortran.64.mpich3.default ESMF_LDIR=/glade/scratch/himanshu/relese_8.1.0/python_data/gfortran_7.2.0_mpich3_g/DEFAULTINSTALLDIR/lib/libg/Linux.gfortran.64.mpich3.default ESMF_LIBDIR=/glade/scratch/himanshu/relese_8.1.0/python_data/gfortran_7.2.0_mpich3_g/DEFAULTINSTALLDIR/lib/libg/Linux.gfortran.64.mpich3.default ESMF_MODDIR=/glade/scratch/himanshu/relese_8.1.0/python_data/gfortran_7.2.0_mpich3_g/DEFAULTINSTALLDIR/mod/modg/Linux.gfortran.64.mpich3.default
icpc: warning #10315: specifying -lm before files may supersede the Intel(R) math library and affect performance
ifort: command line warning #10157: ignoring option '-W'; argument is of wrong type
ifort: command line warning #10157: ignoring option '-W'; argument is of wrong type
ifort: command line warning #10157: ignoring option '-W'; argument is of wrong type
ifort: command line warning #10157: ignoring option '-W'; argument is of wrong type
ifort: command line warning #10157: ignoring option '-W'; argument is of wrong type
ifort: command line warning #10006: ignoring unknown option '-fbacktrace'
ifort: command line warning #10006: ignoring unknown option '-fimplicit-none'
ifort: command line warning #10006: ignoring unknown option '-fcheck=all,no-pointer'
ifort: command line warning #10006: ignoring unknown option '-ffree-line-length-none'
ifort: command line warning #10006: ignoring unknown option '-print-file-name=libgfortran.so'
ifort: warning #10315: specifying -lm before files may supersede the Intel(R) math library and affect performance
/glade/u/apps/opt/intel/2019u5/compilers_and_libraries_2019.5.281/linux/compiler/lib/intel64_lin/for_main.o: In function `main':
for_main.c:(.text+0x2e): undefined reference to `MAIN__'
make[2]: Entering directory `/glade/scratch/himanshu/relese_8.1.0/python_data/gfortran_7.2.0_mpich3_g'
cd /glade/scratch/himanshu/relese_8.1.0/python_data/gfortran_7.2.0_mpich3_g/src/apps; make ACTION=tree_build_apps tree
icpc: warning #10315: specifying -lm before files may supersede the Intel(R) math library and affect performance
ifort: command line warning #10157: ignoring option '-W'; argument is of wrong type
ifort: command line warning #10157: ignoring option '-W'; argument is of wrong type
ifort: command line warning #10157: ignoring option '-W'; argument is of wrong type
ifort: command line warning #10157: ignoring option '-W'; argument is of wrong type
ifort: command line warning #10157: ignoring option '-W'; argument is of wrong type
ifort: command line warning #10006: ignoring unknown option '-fbacktrace'
ifort: command line warning #10006: ignoring unknown option '-fimplicit-none'
ifort: command line warning #10006: ignoring unknown option '-fcheck=all,no-pointer'
ifort: command line warning #10006: ignoring unknown option '-ffree-line-length-none'
ifort: command line warning #10006: ignoring unknown option '-print-file-name=libgfortran.so'
ifort: warning #10315: specifying -lm before files may supersede the Intel(R) math library and affect performance
/glade/u/apps/opt/intel/2019u5/compilers_and_libraries_2019.5.281/linux/compiler/lib/intel64_lin/for_main.o: In function `main':
for_main.c:(.text+0x2e): undefined reference to `MAIN__'
make[3]: Entering directory `/glade/scratch/himanshu/relese_8.1.0/python_data/gfortran_7.2.0_mpich3_g/src/apps'
tree_build_apps in: /glade/scratch/himanshu/relese_8.1.0/python_data/gfortran_7.2.0_mpich3_g/src/apps/ESMF_PrintInfo
icpc: warning #10315: specifying -lm before files may supersede the Intel(R) math library and affect performance
ifort: command line warning #10157: ignoring option '-W'; argument is of wrong type
ifort: command line warning #10157: ignoring option '-W'; argument is of wrong type
ifort: command line warning #10157: ignoring option '-W'; argument is of wrong type
ifort: command line warning #10157: ignoring option '-W'; argument is of wrong type
ifort: command line warning #10157: ignoring option '-W'; argument is of wrong type
ifort: command line warning #10006: ignoring unknown option '-fbacktrace'
ifort: command line warning #10006: ignoring unknown option '-fimplicit-none'
ifort: command line warning #10006: ignoring unknown option '-fcheck=all,no-pointer'
ifort: command line warning #10006: ignoring unknown option '-ffree-line-length-none'
ifort: command line warning #10006: ignoring unknown option '-print-file-name=libgfortran.so'
ifort: warning #10315: specifying -lm before files may supersede the Intel(R) math library and affect performance
/glade/u/apps/opt/intel/2019u5/compilers_and_libraries_2019.5.281/linux/compiler/lib/intel64_lin/for_main.o: In function `main':
for_main.c:(.text+0x2e): undefined reference to `MAIN__'
make[4]: Entering directory `/glade/scratch/himanshu/relese_8.1.0/python_data/gfortran_7.2.0_mpich3_g/src/apps/ESMF_PrintInfo'
make chkdir_locobj
icpc: warning #10315: specifying -lm before files may supersede the Intel(R) math library and affect performance
ifort: command line warning #10157: ignoring option '-W'; argument is of wrong type
ifort: command line warning #10157: ignoring option '-W'; argument is of wrong type
ifort: command line warning #10157: ignoring option '-W'; argument is of wrong type
ifort: command line warning #10157: ignoring option '-W'; argument is of wrong type
ifort: command line warning #10157: ignoring option '-W'; argument is of wrong type
ifort: command line warning #10006: ignoring unknown option '-fbacktrace'
ifort: command line warning #10006: ignoring unknown option '-fimplicit-none'
ifort: command line warning #10006: ignoring unknown option '-fcheck=all,no-pointer'
ifort: command line warning #10006: ignoring unknown option '-ffree-line-length-none'
ifort: command line warning #10006: ignoring unknown option '-print-file-name=libgfortran.so'
ifort: warning #10315: specifying -lm before files may supersede the Intel(R) math library and affect performance
/glade/u/apps/opt/intel/2019u5/compilers_and_libraries_2019.5.281/linux/compiler/lib/intel64_lin/for_main.o: In function `main':
for_main.c:(.text+0x2e): undefined reference to `MAIN__'
make[5]: Entering directory `/glade/scratch/himanshu/relese_8.1.0/python_data/gfortran_7.2.0_mpich3_g/src/apps/ESMF_PrintInfo'
Making directory /glade/scratch/himanshu/relese_8.1.0/python_data/gfortran_7.2.0_mpich3_g/obj/objg/Linux.gfortran.64.mpich3.default/src/apps/ESMF_PrintInfo for apps output
make[5]: Leaving directory `/glade/scratch/himanshu/relese_8.1.0/python_data/gfortran_7.2.0_mpich3_g/src/apps/ESMF_PrintInfo'
mpif90 -c -g -Wall -Wextra -Wconversion -Wno-unused -Wno-unused-dummy-argument -fbacktrace -fimplicit-none -fcheck=all,no-pointer -fPIC  -m64 -mcmodel=small -pthread -ffree-line-length-none  -fopenmp -I/glade/scratch/himanshu/relese_8.1.0/python_data/gfortran_7.2.0_mpich3_g/src/apps/ESMF_PrintInfo -I/glade/scratch/himanshu/relese_8.1.0/python_data/gfortran_7.2.0_mpich3_g/build_config/Linux.gfortran.default -I/glade/scratch/himanshu/relese_8.1.0/python_data/gfortran_7.2.0_mpich3_g/src/Infrastructure -I/glade/scratch/himanshu/relese_8.1.0/python_data/gfortran_7.2.0_mpich3_g/src/Superstructure -I/glade/scratch/himanshu/relese_8.1.0/python_data/gfortran_7.2.0_mpich3_g/DEFAULTINSTALLDIR/mod/modg/Linux.gfortran.64.mpich3.default -I/glade/scratch/himanshu/relese_8.1.0/python_data/gfortran_7.2.0_mpich3_g/src/include   -DESMF_NO_INTEGER_1_BYTE -DESMF_NO_INTEGER_2_BYTE -DESMFVERSIONGIT='"ESMF_8_1_0_beta_snapshot_47-22-gffbbe59"' -DESMF_MOAB=1 -DESMF_LAPACK=1 -DESMF_LAPACK_INTERNAL=1 -DESMF_NO_ACC_SOFTWARE_STACK=1 -DESMF_YAMLCPP=1 -DESMF_YAML=1 -DESMF_PIO=1 -DESMF_MPIIO -DESMF_NO_OPENACC -DESMF_TESTEXHAUSTIVE -DESMF_BOPT_g -DESMF_TESTCOMPTUNNEL -DESMF_TESTWITHTHREADS -DSx86_64_small=1 -DESMF_OS_Linux=1 -DESMF_COMM=mpich3 -DESMF_DIR=/glade/scratch/himanshu/relese_8.1.0/python_data/gfortran_7.2.0_mpich3_g ESMF_PrintInfo.F90 -o /glade/scratch/himanshu/relese_8.1.0/python_data/gfortran_7.2.0_mpich3_g/obj/objg/Linux.gfortran.64.mpich3.default/src/apps/ESMF_PrintInfo/ESMF_PrintInfo.o
ifort: command line warning #10157: ignoring option '-W'; argument is of wrong type
ifort: command line warning #10157: ignoring option '-W'; argument is of wrong type
ifort: command line warning #10157: ignoring option '-W'; argument is of wrong type
ifort: command line warning #10157: ignoring option '-W'; argument is of wrong type
ifort: command line warning #10157: ignoring option '-W'; argument is of wrong type
ifort: command line warning #10006: ignoring unknown option '-fbacktrace'
ifort: command line warning #10006: ignoring unknown option '-fimplicit-none'
ifort: command line warning #10006: ignoring unknown option '-fcheck=all,no-pointer'
ifort: command line warning #10006: ignoring unknown option '-ffree-line-length-none'
make chkdir_apps
icpc: warning #10315: specifying -lm before files may supersede the Intel(R) math library and affect performance
ifort: command line warning #10157: ignoring option '-W'; argument is of wrong type
ifort: command line warning #10157: ignoring option '-W'; argument is of wrong type
ifort: command line warning #10157: ignoring option '-W'; argument is of wrong type
ifort: command line warning #10157: ignoring option '-W'; argument is of wrong type
ifort: command line warning #10157: ignoring option '-W'; argument is of wrong type
ifort: command line warning #10006: ignoring unknown option '-fbacktrace'
ifort: command line warning #10006: ignoring unknown option '-fimplicit-none'
ifort: command line warning #10006: ignoring unknown option '-fcheck=all,no-pointer'
ifort: command line warning #10006: ignoring unknown option '-ffree-line-length-none'
ifort: command line warning #10006: ignoring unknown option '-print-file-name=libgfortran.so'
ifort: warning #10315: specifying -lm before files may supersede the Intel(R) math library and affect performance
/glade/u/apps/opt/intel/2019u5/compilers_and_libraries_2019.5.281/linux/compiler/lib/intel64_lin/for_main.o: In function `main':
for_main.c:(.text+0x2e): undefined reference to `MAIN__'
make[5]: Entering directory `/glade/scratch/himanshu/relese_8.1.0/python_data/gfortran_7.2.0_mpich3_g/src/apps/ESMF_PrintInfo'
make[5]: Leaving directory `/glade/scratch/himanshu/relese_8.1.0/python_data/gfortran_7.2.0_mpich3_g/src/apps/ESMF_PrintInfo'
mpif90     -m64 -mcmodel=small -pthread -Wl,--no-as-needed  -fopenmp -L/glade/scratch/himanshu/relese_8.1.0/python_data/gfortran_7.2.0_mpich3_g/DEFAULTINSTALLDIR/lib/libg/Linux.gfortran.64.mpich3.default  -L/usr/lib/gcc/x86_64-redhat-linux/4.8.5/ -Wl,-rpath,/glade/scratch/himanshu/relese_8.1.0/python_data/gfortran_7.2.0_mpich3_g/DEFAULTINSTALLDIR/lib/libg/Linux.gfortran.64.mpich3.default  -Wl,-rpath,/usr/lib/gcc/x86_64-redhat-linux/4.8.5/ -o /glade/scratch/himanshu/relese_8.1.0/python_data/gfortran_7.2.0_mpich3_g/DEFAULTINSTALLDIR/bin/bing/Linux.gfortran.64.mpich3.default/ESMF_PrintInfo /glade/scratch/himanshu/relese_8.1.0/python_data/gfortran_7.2.0_mpich3_g/obj/objg/Linux.gfortran.64.mpich3.default/src/apps/ESMF_PrintInfo/ESMF_PrintInfo.o -lesmf  -lrt -lstdc++ -ldl
make[4]: Leaving directory `/glade/scratch/himanshu/relese_8.1.0/python_data/gfortran_7.2.0_mpich3_g/src/apps/ESMF_PrintInfo'
tree_build_apps in: /glade/scratch/himanshu/relese_8.1.0/python_data/gfortran_7.2.0_mpich3_g/src/apps/ESMF_PrintInfoC
icpc: warning #10315: specifying -lm before files may supersede the Intel(R) math library and affect performance
ifort: command line warning #10157: ignoring option '-W'; argument is of wrong type
ifort: command line warning #10157: ignoring option '-W'; argument is of wrong type
ifort: command line warning #10157: ignoring option '-W'; argument is of wrong type
ifort: command line warning #10157: ignoring option '-W'; argument is of wrong type
ifort: command line warning #10157: ignoring option '-W'; argument is of wrong type
ifort: command line warning #10006: ignoring unknown option '-fbacktrace'
ifort: command line warning #10006: ignoring unknown option '-fimplicit-none'
ifort: command line warning #10006: ignoring unknown option '-fcheck=all,no-pointer'
ifort: command line warning #10006: ignoring unknown option '-ffree-line-length-none'
ifort: command line warning #10006: ignoring unknown option '-print-file-name=libgfortran.so'
ifort: warning #10315: specifying -lm before files may supersede the Intel(R) math library and affect performance
/glade/u/apps/opt/intel/2019u5/compilers_and_libraries_2019.5.281/linux/compiler/lib/intel64_lin/for_main.o: In function `main':
for_main.c:(.text+0x2e): undefined reference to `MAIN__'
make[4]: Entering directory `/glade/scratch/himanshu/relese_8.1.0/python_data/gfortran_7.2.0_mpich3_g/src/apps/ESMF_PrintInfoC'
make chkdir_locobj
icpc: warning #10315: specifying -lm before files may supersede the Intel(R) math library and affect performance
ifort: command line warning #10157: ignoring option '-W'; argument is of wrong type
ifort: command line warning #10157: ignoring option '-W'; argument is of wrong type
ifort: command line warning #10157: ignoring option '-W'; argument is of wrong type
ifort: command line warning #10157: ignoring option '-W'; argument is of wrong type
ifort: command line warning #10157: ignoring option '-W'; argument is of wrong type
ifort: command line warning #10006: ignoring unknown option '-fbacktrace'
ifort: command line warning #10006: ignoring unknown option '-fimplicit-none'
ifort: command line warning #10006: ignoring unknown option '-fcheck=all,no-pointer'
ifort: command line warning #10006: ignoring unknown option '-ffree-line-length-none'
ifort: command line warning #10006: ignoring unknown option '-print-file-name=libgfortran.so'
ifort: warning #10315: specifying -lm before files may supersede the Intel(R) math library and affect performance
/glade/u/apps/opt/intel/2019u5/compilers_and_libraries_2019.5.281/linux/compiler/lib/intel64_lin/for_main.o: In function `main':
for_main.c:(.text+0x2e): undefined reference to `MAIN__'
make[5]: Entering directory `/glade/scratch/himanshu/relese_8.1.0/python_data/gfortran_7.2.0_mpich3_g/src/apps/ESMF_PrintInfoC'
Making directory /glade/scratch/himanshu/relese_8.1.0/python_data/gfortran_7.2.0_mpich3_g/obj/objg/Linux.gfortran.64.mpich3.default/src/apps/ESMF_PrintInfoC for apps output
make[5]: Leaving directory `/glade/scratch/himanshu/relese_8.1.0/python_data/gfortran_7.2.0_mpich3_g/src/apps/ESMF_PrintInfoC'
mpicxx -c -std=c++11 -g -Wall -Wextra -Wno-unused  -fPIC -DESMF_LOWERCASE_SINGLEUNDERSCORE -m64 -mcmodel=small -pthread  -fopenmp -I/glade/scratch/himanshu/relese_8.1.0/python_data/gfortran_7.2.0_mpich3_g/src/apps/ESMF_PrintInfoC -I/glade/scratch/himanshu/relese_8.1.0/python_data/gfortran_7.2.0_mpich3_g/src/apps/ESMF_PrintInfoC/../include -I/glade/scratch/himanshu/relese_8.1.0/python_data/gfortran_7.2.0_mpich3_g/build_config/Linux.gfortran.default -I/glade/scratch/himanshu/relese_8.1.0/python_data/gfortran_7.2.0_mpich3_g/src/Infrastructure -I/glade/scratch/himanshu/relese_8.1.0/python_data/gfortran_7.2.0_mpich3_g/src/Superstructure -I/glade/scratch/himanshu/relese_8.1.0/python_data/gfortran_7.2.0_mpich3_g/src/Infrastructure/stubs/pthread  -I/glade/scratch/himanshu/relese_8.1.0/python_data/gfortran_7.2.0_mpich3_g/src/include   -I/glade/scratch/himanshu/relese_8.1.0/python_data/gfortran_7.2.0_mpich3_g/src/prologue/yaml-cpp/include -DESMF_NO_INTEGER_1_BYTE -DESMF_NO_INTEGER_2_BYTE -DESMFVERSIONGIT='"ESMF_8_1_0_beta_snapshot_47-22-gffbbe59"' -DESMF_MOAB=1 -DESMF_LAPACK=1 -DESMF_LAPACK_INTERNAL=1 -DESMF_NO_ACC_SOFTWARE_STACK=1 -DESMF_YAMLCPP=1 -DESMF_YAML=1 -DESMF_PIO=1 -DESMF_MPIIO -DESMF_NO_OPENACC -DESMF_TESTEXHAUSTIVE -DESMF_BOPT_g -DESMF_TESTCOMPTUNNEL -DESMF_TESTWITHTHREADS -DSx86_64_small=1 -DESMF_OS_Linux=1 -DESMF_COMM=mpich3 -DESMF_DIR=/glade/scratch/himanshu/relese_8.1.0/python_data/gfortran_7.2.0_mpich3_g -D__SDIR__='"src/apps/ESMF_PrintInfoC"' -DESMF_CXXSTD=11 ESMF_PrintInfoC.c -o /glade/scratch/himanshu/relese_8.1.0/python_data/gfortran_7.2.0_mpich3_g/obj/objg/Linux.gfortran.64.mpich3.default/src/apps/ESMF_PrintInfoC/ESMF_PrintInfoC.o
/glade/scratch/himanshu/relese_8.1.0/python_data/gfortran_7.2.0_mpich3_g/scripts/libs.mpich3f90: line 4: mpichversion: command not found
/glade/scratch/himanshu/relese_8.1.0/python_data/gfortran_7.2.0_mpich3_g/scripts/libs.mpich3f90: line 5: [: =: unary operator expected
/glade/scratch/himanshu/relese_8.1.0/python_data/gfortran_7.2.0_mpich3_g/scripts/libs.mpich3f90: line 5: [: =: unary operator expected
make chkdir_apps
icpc: warning #10315: specifying -lm before files may supersede the Intel(R) math library and affect performance
ifort: command line warning #10157: ignoring option '-W'; argument is of wrong type
ifort: command line warning #10157: ignoring option '-W'; argument is of wrong type
ifort: command line warning #10157: ignoring option '-W'; argument is of wrong type
ifort: command line warning #10157: ignoring option '-W'; argument is of wrong type
ifort: command line warning #10157: ignoring option '-W'; argument is of wrong type
ifort: command line warning #10006: ignoring unknown option '-fbacktrace'
ifort: command line warning #10006: ignoring unknown option '-fimplicit-none'
ifort: command line warning #10006: ignoring unknown option '-fcheck=all,no-pointer'
ifort: command line warning #10006: ignoring unknown option '-ffree-line-length-none'
ifort: command line warning #10006: ignoring unknown option '-print-file-name=libgfortran.so'
ifort: warning #10315: specifying -lm before files may supersede the Intel(R) math library and affect performance
/glade/u/apps/opt/intel/2019u5/compilers_and_libraries_2019.5.281/linux/compiler/lib/intel64_lin/for_main.o: In function `main':
for_main.c:(.text+0x2e): undefined reference to `MAIN__'
make[5]: Entering directory `/glade/scratch/himanshu/relese_8.1.0/python_data/gfortran_7.2.0_mpich3_g/src/apps/ESMF_PrintInfoC'
make[5]: Leaving directory `/glade/scratch/himanshu/relese_8.1.0/python_data/gfortran_7.2.0_mpich3_g/src/apps/ESMF_PrintInfoC'
mpicxx    -m64 -mcmodel=small -pthread -Wl,--no-as-needed  -fopenmp -L/glade/scratch/himanshu/relese_8.1.0/python_data/gfortran_7.2.0_mpich3_g/DEFAULTINSTALLDIR/lib/libg/Linux.gfortran.64.mpich3.default  -L -Wl,-rpath,/glade/scratch/himanshu/relese_8.1.0/python_data/gfortran_7.2.0_mpich3_g/DEFAULTINSTALLDIR/lib/libg/Linux.gfortran.64.mpich3.default  -Wl,-rpath, -o /glade/scratch/himanshu/relese_8.1.0/python_data/gfortran_7.2.0_mpich3_g/DEFAULTINSTALLDIR/bin/bing/Linux.gfortran.64.mpich3.default/ESMF_PrintInfoC /glade/scratch/himanshu/relese_8.1.0/python_data/gfortran_7.2.0_mpich3_g/obj/objg/Linux.gfortran.64.mpich3.default/src/apps/ESMF_PrintInfoC/ESMF_PrintInfoC.o -lesmf  -lmpifort -lrt -lgfortran -ldl
ld: cannot find -lmpifort
make[4]: *** [/glade/scratch/himanshu/relese_8.1.0/python_data/gfortran_7.2.0_mpich3_g/DEFAULTINSTALLDIR/bin/bing/Linux.gfortran.64.mpich3.default/ESMF_PrintInfoC] Error 1
make[4]: Leaving directory `/glade/scratch/himanshu/relese_8.1.0/python_data/gfortran_7.2.0_mpich3_g/src/apps/ESMF_PrintInfoC'
make[3]: *** [tree] Error 1
make[3]: Leaving directory `/glade/scratch/himanshu/relese_8.1.0/python_data/gfortran_7.2.0_mpich3_g/src/apps'
make[2]: *** [build_apps] Error 2
make[2]: Leaving directory `/glade/scratch/himanshu/relese_8.1.0/python_data/gfortran_7.2.0_mpich3_g'
make[1]: *** [install_apps] Error 2
make[1]: Leaving directory `/glade/scratch/himanshu/relese_8.1.0/python_data/gfortran_7.2.0_mpich3_g'
make: *** [install] Error 2
