 
Installing ESMF:
 
mkdir -p /project/esmf/bh_python/gfortran_8.2.0_mpiuni_O/DEFAULTINSTALLDIR/include
cp -f /project/esmf/bh_python/gfortran_8.2.0_mpiuni_O/src/include/ESMC.h /project/esmf/bh_python/gfortran_8.2.0_mpiuni_O/DEFAULTINSTALLDIR/include
cp -f /project/esmf/bh_python/gfortran_8.2.0_mpiuni_O/src/include/ESMC_*.h /project/esmf/bh_python/gfortran_8.2.0_mpiuni_O/DEFAULTINSTALLDIR/include
cp -f /project/esmf/bh_python/gfortran_8.2.0_mpiuni_O/build_config/Linux.gfortran.default/ESMC_Conf.h /project/esmf/bh_python/gfortran_8.2.0_mpiuni_O/DEFAULTINSTALLDIR/include
mkdir -p /project/esmf/bh_python/gfortran_8.2.0_mpiuni_O/DEFAULTINSTALLDIR/mod/modO/Linux.gfortran.64.mpiuni.default
cp -f /project/esmf/bh_python/gfortran_8.2.0_mpiuni_O/mod/modO/Linux.gfortran.64.mpiuni.default/*.mod /project/esmf/bh_python/gfortran_8.2.0_mpiuni_O/DEFAULTINSTALLDIR/mod/modO/Linux.gfortran.64.mpiuni.default
mkdir -p /project/esmf/bh_python/gfortran_8.2.0_mpiuni_O/DEFAULTINSTALLDIR/lib/libO/Linux.gfortran.64.mpiuni.default
cp -f /project/esmf/bh_python/gfortran_8.2.0_mpiuni_O/lib/libO/Linux.gfortran.64.mpiuni.default/libesmf*.* /project/esmf/bh_python/gfortran_8.2.0_mpiuni_O/DEFAULTINSTALLDIR/lib/libO/Linux.gfortran.64.mpiuni.default
make ESMF_PRELOADDIR=/project/esmf/bh_python/gfortran_8.2.0_mpiuni_O/DEFAULTINSTALLDIR/lib/libO/Linux.gfortran.64.mpiuni.default build_preload_script
make[1]: Entering directory `/project/esmf/bh_python/gfortran_8.2.0_mpiuni_O'
chmod 755 /project/esmf/bh_python/gfortran_8.2.0_mpiuni_O/DEFAULTINSTALLDIR/lib/libO/Linux.gfortran.64.mpiuni.default/preload.sh
make[1]: Leaving directory `/project/esmf/bh_python/gfortran_8.2.0_mpiuni_O'
ranlib /project/esmf/bh_python/gfortran_8.2.0_mpiuni_O/DEFAULTINSTALLDIR/lib/libO/Linux.gfortran.64.mpiuni.default/libesmf*.a
make install_apps
make[1]: Entering directory `/project/esmf/bh_python/gfortran_8.2.0_mpiuni_O'
mkdir -p /project/esmf/bh_python/gfortran_8.2.0_mpiuni_O/DEFAULTINSTALLDIR/bin/binO/Linux.gfortran.64.mpiuni.default
make build_apps ESMF_APPSDIR=/project/esmf/bh_python/gfortran_8.2.0_mpiuni_O/DEFAULTINSTALLDIR/bin/binO/Linux.gfortran.64.mpiuni.default ESMF_LDIR=/project/esmf/bh_python/gfortran_8.2.0_mpiuni_O/DEFAULTINSTALLDIR/lib/libO/Linux.gfortran.64.mpiuni.default ESMF_LIBDIR=/project/esmf/bh_python/gfortran_8.2.0_mpiuni_O/DEFAULTINSTALLDIR/lib/libO/Linux.gfortran.64.mpiuni.default ESMF_MODDIR=/project/esmf/bh_python/gfortran_8.2.0_mpiuni_O/DEFAULTINSTALLDIR/mod/modO/Linux.gfortran.64.mpiuni.default
make[2]: Entering directory `/project/esmf/bh_python/gfortran_8.2.0_mpiuni_O'
cd /project/esmf/bh_python/gfortran_8.2.0_mpiuni_O/src/apps; make ACTION=tree_build_apps tree
make[3]: Entering directory `/project/esmf/bh_python/gfortran_8.2.0_mpiuni_O/src/apps'
tree_build_apps in: /project/esmf/bh_python/gfortran_8.2.0_mpiuni_O/src/apps/ESMF_PrintInfo
make[4]: Entering directory `/project/esmf/bh_python/gfortran_8.2.0_mpiuni_O/src/apps/ESMF_PrintInfo'
make chkdir_locobj
make[5]: Entering directory `/project/esmf/bh_python/gfortran_8.2.0_mpiuni_O/src/apps/ESMF_PrintInfo'
Making directory /project/esmf/bh_python/gfortran_8.2.0_mpiuni_O/obj/objO/Linux.gfortran.64.mpiuni.default/src/apps/ESMF_PrintInfo for apps output
make[5]: Leaving directory `/project/esmf/bh_python/gfortran_8.2.0_mpiuni_O/src/apps/ESMF_PrintInfo'
gfortran -c -O -fPIC  -m64 -mcmodel=small -pthread -ffree-line-length-none  -fopenmp -I/project/esmf/bh_python/gfortran_8.2.0_mpiuni_O/src/apps/ESMF_PrintInfo -I/project/esmf/bh_python/gfortran_8.2.0_mpiuni_O/build_config/Linux.gfortran.default -I/project/esmf/bh_python/gfortran_8.2.0_mpiuni_O/src/Infrastructure -I/project/esmf/bh_python/gfortran_8.2.0_mpiuni_O/src/Superstructure -I/project/esmf/bh_python/gfortran_8.2.0_mpiuni_O/DEFAULTINSTALLDIR/mod/modO/Linux.gfortran.64.mpiuni.default -I/project/esmf/bh_python/gfortran_8.2.0_mpiuni_O/src/include -I/usr/local/netcdf-c-4.6.1-f-4.4.4-gcc-g++-gfortran-8.1.0/include -I/usr/local/netcdf-c-4.6.1-f-4.4.4-gcc-g++-gfortran-8.1.0/include  -DESMF_NO_INTEGER_1_BYTE -DESMF_NO_INTEGER_2_BYTE -DESMFVERSIONGIT='"ESMF_8_1_0_beta_snapshot_47-22-gffbbe5951e"' -DESMF_MOAB=1 -DESMF_LAPACK=1 -DESMF_LAPACK_INTERNAL=1 -DESMF_NO_ACC_SOFTWARE_STACK=1 -DESMF_NETCDF=1 -DESMF_YAMLCPP=1 -DESMF_YAML=1 -DESMF_NO_OPENACC -DESMF_TESTEXHAUSTIVE -DESMF_BOPT_O -DESMF_TESTCOMPTUNNEL -DESMF_TESTWITHTHREADS -DSx86_64_small=1 -DESMF_OS_Linux=1 -DESMF_COMM=mpiuni -DESMF_DIR=/project/esmf/bh_python/gfortran_8.2.0_mpiuni_O -DESMF_MPIUNI ESMF_PrintInfo.F90 -o /project/esmf/bh_python/gfortran_8.2.0_mpiuni_O/obj/objO/Linux.gfortran.64.mpiuni.default/src/apps/ESMF_PrintInfo/ESMF_PrintInfo.o
make chkdir_apps
make[5]: Entering directory `/project/esmf/bh_python/gfortran_8.2.0_mpiuni_O/src/apps/ESMF_PrintInfo'
make[5]: Leaving directory `/project/esmf/bh_python/gfortran_8.2.0_mpiuni_O/src/apps/ESMF_PrintInfo'
gfortran     -m64 -mcmodel=small -pthread -Wl,--no-as-needed  -fopenmp -L/project/esmf/bh_python/gfortran_8.2.0_mpiuni_O/DEFAULTINSTALLDIR/lib/libO/Linux.gfortran.64.mpiuni.default -L/usr/local/netcdf-c-4.6.1-f-4.4.4-gcc-g++-gfortran-8.1.0/lib -L/usr/local/netcdf-c-4.6.1-f-4.4.4-gcc-g++-gfortran-8.1.0/lib -L/usr/local/gcc-g++-gfortran-8.1.0/lib -L/usr/local/hdf5-1.8.7-gcc-g++-gfortran-8.1.0/lib -L/usr/local/netcdf-c-4.6.1-f-4.4.4-gcc-g++-gfortran-8.1.0/lib -L/usr/local/gcc-g++-gfortran-8.2.0/lib/gcc/x86_64-pc-linux-gnu/8.2.0/../../../../lib64/ -Wl,-rpath,/project/esmf/bh_python/gfortran_8.2.0_mpiuni_O/DEFAULTINSTALLDIR/lib/libO/Linux.gfortran.64.mpiuni.default -Wl,-rpath,/usr/local/netcdf-c-4.6.1-f-4.4.4-gcc-g++-gfortran-8.1.0/lib -Wl,-rpath,/usr/local/netcdf-c-4.6.1-f-4.4.4-gcc-g++-gfortran-8.1.0/lib -Wl,-rpath,/usr/local/gcc-g++-gfortran-8.1.0/lib -Wl,-rpath,/usr/local/hdf5-1.8.7-gcc-g++-gfortran-8.1.0/lib -Wl,-rpath,/usr/local/netcdf-c-4.6.1-f-4.4.4-gcc-g++-gfortran-8.1.0/lib -Wl,-rpath,/usr/local/gcc-g++-gfortran-8.2.0/lib/gcc/x86_64-pc-linux-gnu/8.2.0/../../../../lib64/ -o /project/esmf/bh_python/gfortran_8.2.0_mpiuni_O/DEFAULTINSTALLDIR/bin/binO/Linux.gfortran.64.mpiuni.default/ESMF_PrintInfo /project/esmf/bh_python/gfortran_8.2.0_mpiuni_O/obj/objO/Linux.gfortran.64.mpiuni.default/src/apps/ESMF_PrintInfo/ESMF_PrintInfo.o -lesmf  -lrt -lstdc++ -ldl -lnetcdf -lnetcdff -lnetcdf -lnetcdf
make[4]: Leaving directory `/project/esmf/bh_python/gfortran_8.2.0_mpiuni_O/src/apps/ESMF_PrintInfo'
tree_build_apps in: /project/esmf/bh_python/gfortran_8.2.0_mpiuni_O/src/apps/ESMF_PrintInfoC
make[4]: Entering directory `/project/esmf/bh_python/gfortran_8.2.0_mpiuni_O/src/apps/ESMF_PrintInfoC'
make chkdir_locobj
make[5]: Entering directory `/project/esmf/bh_python/gfortran_8.2.0_mpiuni_O/src/apps/ESMF_PrintInfoC'
Making directory /project/esmf/bh_python/gfortran_8.2.0_mpiuni_O/obj/objO/Linux.gfortran.64.mpiuni.default/src/apps/ESMF_PrintInfoC for apps output
make[5]: Leaving directory `/project/esmf/bh_python/gfortran_8.2.0_mpiuni_O/src/apps/ESMF_PrintInfoC'
g++ -c -std=c++11 -O -DNDEBUG -fPIC -DESMF_LOWERCASE_SINGLEUNDERSCORE -m64 -mcmodel=small -pthread  -fopenmp -I/project/esmf/bh_python/gfortran_8.2.0_mpiuni_O/src/apps/ESMF_PrintInfoC -I/project/esmf/bh_python/gfortran_8.2.0_mpiuni_O/src/apps/ESMF_PrintInfoC/../include -I/project/esmf/bh_python/gfortran_8.2.0_mpiuni_O/build_config/Linux.gfortran.default -I/project/esmf/bh_python/gfortran_8.2.0_mpiuni_O/src/Infrastructure -I/project/esmf/bh_python/gfortran_8.2.0_mpiuni_O/src/Superstructure -I/project/esmf/bh_python/gfortran_8.2.0_mpiuni_O/src/Infrastructure/stubs/pthread  -I/project/esmf/bh_python/gfortran_8.2.0_mpiuni_O/src/include  -I/usr/local/netcdf-c-4.6.1-f-4.4.4-gcc-g++-gfortran-8.1.0/include -I/project/esmf/bh_python/gfortran_8.2.0_mpiuni_O/src/Infrastructure/stubs/mpiuni -I/project/esmf/bh_python/gfortran_8.2.0_mpiuni_O/src/prologue/yaml-cpp/include -DESMF_NO_INTEGER_1_BYTE -DESMF_NO_INTEGER_2_BYTE -DESMFVERSIONGIT='"ESMF_8_1_0_beta_snapshot_47-22-gffbbe5951e"' -DESMF_MOAB=1 -DESMF_LAPACK=1 -DESMF_LAPACK_INTERNAL=1 -DESMF_NO_ACC_SOFTWARE_STACK=1 -DESMF_NETCDF=1 -DESMF_YAMLCPP=1 -DESMF_YAML=1 -DESMF_NO_OPENACC -DESMF_TESTEXHAUSTIVE -DESMF_BOPT_O -DESMF_TESTCOMPTUNNEL -DESMF_TESTWITHTHREADS -DSx86_64_small=1 -DESMF_OS_Linux=1 -DESMF_COMM=mpiuni -DESMF_DIR=/project/esmf/bh_python/gfortran_8.2.0_mpiuni_O -D__SDIR__='"src/apps/ESMF_PrintInfoC"' -DESMF_CXXSTD=11 -DESMF_MPIUNI ESMF_PrintInfoC.c -o /project/esmf/bh_python/gfortran_8.2.0_mpiuni_O/obj/objO/Linux.gfortran.64.mpiuni.default/src/apps/ESMF_PrintInfoC/ESMF_PrintInfoC.o
make chkdir_apps
make[5]: Entering directory `/project/esmf/bh_python/gfortran_8.2.0_mpiuni_O/src/apps/ESMF_PrintInfoC'
make[5]: Leaving directory `/project/esmf/bh_python/gfortran_8.2.0_mpiuni_O/src/apps/ESMF_PrintInfoC'
g++    -m64 -mcmodel=small -pthread -Wl,--no-as-needed  -fopenmp -L/project/esmf/bh_python/gfortran_8.2.0_mpiuni_O/DEFAULTINSTALLDIR/lib/libO/Linux.gfortran.64.mpiuni.default -L/usr/local/netcdf-c-4.6.1-f-4.4.4-gcc-g++-gfortran-8.1.0/lib -L/usr/local/netcdf-c-4.6.1-f-4.4.4-gcc-g++-gfortran-8.1.0/lib -L/usr/local/gcc-g++-gfortran-8.1.0/lib -L/usr/local/hdf5-1.8.7-gcc-g++-gfortran-8.1.0/lib -L/usr/local/netcdf-c-4.6.1-f-4.4.4-gcc-g++-gfortran-8.1.0/lib -L/usr/local/gcc-g++-gfortran-8.2.0/lib/gcc/x86_64-pc-linux-gnu/8.2.0/../../../../lib64/ -Wl,-rpath,/project/esmf/bh_python/gfortran_8.2.0_mpiuni_O/DEFAULTINSTALLDIR/lib/libO/Linux.gfortran.64.mpiuni.default -Wl,-rpath,/usr/local/netcdf-c-4.6.1-f-4.4.4-gcc-g++-gfortran-8.1.0/lib -Wl,-rpath,/usr/local/netcdf-c-4.6.1-f-4.4.4-gcc-g++-gfortran-8.1.0/lib -Wl,-rpath,/usr/local/gcc-g++-gfortran-8.1.0/lib -Wl,-rpath,/usr/local/hdf5-1.8.7-gcc-g++-gfortran-8.1.0/lib -Wl,-rpath,/usr/local/netcdf-c-4.6.1-f-4.4.4-gcc-g++-gfortran-8.1.0/lib -Wl,-rpath,/usr/local/gcc-g++-gfortran-8.2.0/lib/gcc/x86_64-pc-linux-gnu/8.2.0/../../../../lib64/ -o /project/esmf/bh_python/gfortran_8.2.0_mpiuni_O/DEFAULTINSTALLDIR/bin/binO/Linux.gfortran.64.mpiuni.default/ESMF_PrintInfoC /project/esmf/bh_python/gfortran_8.2.0_mpiuni_O/obj/objO/Linux.gfortran.64.mpiuni.default/src/apps/ESMF_PrintInfoC/ESMF_PrintInfoC.o -lesmf  -lrt -lgfortran -ldl -lnetcdf -lnetcdff -lnetcdf -lnetcdf
make[4]: Leaving directory `/project/esmf/bh_python/gfortran_8.2.0_mpiuni_O/src/apps/ESMF_PrintInfoC'
tree_build_apps in: /project/esmf/bh_python/gfortran_8.2.0_mpiuni_O/src/apps/ESMF_RegridWeightGen
make[4]: Entering directory `/project/esmf/bh_python/gfortran_8.2.0_mpiuni_O/src/apps/ESMF_RegridWeightGen'
make chkdir_locobj
make[5]: Entering directory `/project/esmf/bh_python/gfortran_8.2.0_mpiuni_O/src/apps/ESMF_RegridWeightGen'
Making directory /project/esmf/bh_python/gfortran_8.2.0_mpiuni_O/obj/objO/Linux.gfortran.64.mpiuni.default/src/apps/ESMF_RegridWeightGen for apps output
make[5]: Leaving directory `/project/esmf/bh_python/gfortran_8.2.0_mpiuni_O/src/apps/ESMF_RegridWeightGen'
gfortran -c -O -fPIC  -m64 -mcmodel=small -pthread -ffree-line-length-none  -fopenmp -I/project/esmf/bh_python/gfortran_8.2.0_mpiuni_O/src/apps/ESMF_RegridWeightGen -I/project/esmf/bh_python/gfortran_8.2.0_mpiuni_O/build_config/Linux.gfortran.default -I/project/esmf/bh_python/gfortran_8.2.0_mpiuni_O/src/Infrastructure -I/project/esmf/bh_python/gfortran_8.2.0_mpiuni_O/src/Superstructure -I/project/esmf/bh_python/gfortran_8.2.0_mpiuni_O/DEFAULTINSTALLDIR/mod/modO/Linux.gfortran.64.mpiuni.default -I/project/esmf/bh_python/gfortran_8.2.0_mpiuni_O/src/include -I/usr/local/netcdf-c-4.6.1-f-4.4.4-gcc-g++-gfortran-8.1.0/include -I/usr/local/netcdf-c-4.6.1-f-4.4.4-gcc-g++-gfortran-8.1.0/include  -DESMF_NO_INTEGER_1_BYTE -DESMF_NO_INTEGER_2_BYTE -DESMFVERSIONGIT='"ESMF_8_1_0_beta_snapshot_47-22-gffbbe5951e"' -DESMF_MOAB=1 -DESMF_LAPACK=1 -DESMF_LAPACK_INTERNAL=1 -DESMF_NO_ACC_SOFTWARE_STACK=1 -DESMF_NETCDF=1 -DESMF_YAMLCPP=1 -DESMF_YAML=1 -DESMF_NO_OPENACC -DESMF_TESTEXHAUSTIVE -DESMF_BOPT_O -DESMF_TESTCOMPTUNNEL -DESMF_TESTWITHTHREADS -DSx86_64_small=1 -DESMF_OS_Linux=1 -DESMF_COMM=mpiuni -DESMF_DIR=/project/esmf/bh_python/gfortran_8.2.0_mpiuni_O -DESMF_MPIUNI ESMF_RegridWeightGen.F90 -o /project/esmf/bh_python/gfortran_8.2.0_mpiuni_O/obj/objO/Linux.gfortran.64.mpiuni.default/src/apps/ESMF_RegridWeightGen/ESMF_RegridWeightGen.o
make chkdir_apps
make[5]: Entering directory `/project/esmf/bh_python/gfortran_8.2.0_mpiuni_O/src/apps/ESMF_RegridWeightGen'
make[5]: Leaving directory `/project/esmf/bh_python/gfortran_8.2.0_mpiuni_O/src/apps/ESMF_RegridWeightGen'
gfortran     -m64 -mcmodel=small -pthread -Wl,--no-as-needed  -fopenmp -L/project/esmf/bh_python/gfortran_8.2.0_mpiuni_O/DEFAULTINSTALLDIR/lib/libO/Linux.gfortran.64.mpiuni.default -L/usr/local/netcdf-c-4.6.1-f-4.4.4-gcc-g++-gfortran-8.1.0/lib -L/usr/local/netcdf-c-4.6.1-f-4.4.4-gcc-g++-gfortran-8.1.0/lib -L/usr/local/gcc-g++-gfortran-8.1.0/lib -L/usr/local/hdf5-1.8.7-gcc-g++-gfortran-8.1.0/lib -L/usr/local/netcdf-c-4.6.1-f-4.4.4-gcc-g++-gfortran-8.1.0/lib -L/usr/local/gcc-g++-gfortran-8.2.0/lib/gcc/x86_64-pc-linux-gnu/8.2.0/../../../../lib64/ -Wl,-rpath,/project/esmf/bh_python/gfortran_8.2.0_mpiuni_O/DEFAULTINSTALLDIR/lib/libO/Linux.gfortran.64.mpiuni.default -Wl,-rpath,/usr/local/netcdf-c-4.6.1-f-4.4.4-gcc-g++-gfortran-8.1.0/lib -Wl,-rpath,/usr/local/netcdf-c-4.6.1-f-4.4.4-gcc-g++-gfortran-8.1.0/lib -Wl,-rpath,/usr/local/gcc-g++-gfortran-8.1.0/lib -Wl,-rpath,/usr/local/hdf5-1.8.7-gcc-g++-gfortran-8.1.0/lib -Wl,-rpath,/usr/local/netcdf-c-4.6.1-f-4.4.4-gcc-g++-gfortran-8.1.0/lib -Wl,-rpath,/usr/local/gcc-g++-gfortran-8.2.0/lib/gcc/x86_64-pc-linux-gnu/8.2.0/../../../../lib64/ -o /project/esmf/bh_python/gfortran_8.2.0_mpiuni_O/DEFAULTINSTALLDIR/bin/binO/Linux.gfortran.64.mpiuni.default/ESMF_RegridWeightGen /project/esmf/bh_python/gfortran_8.2.0_mpiuni_O/obj/objO/Linux.gfortran.64.mpiuni.default/src/apps/ESMF_RegridWeightGen/ESMF_RegridWeightGen.o -lesmf  -lrt -lstdc++ -ldl -lnetcdf -lnetcdff -lnetcdf -lnetcdf
make[4]: Leaving directory `/project/esmf/bh_python/gfortran_8.2.0_mpiuni_O/src/apps/ESMF_RegridWeightGen'
tree_build_apps in: /project/esmf/bh_python/gfortran_8.2.0_mpiuni_O/src/apps/ESMF_WebServController
make[4]: Entering directory `/project/esmf/bh_python/gfortran_8.2.0_mpiuni_O/src/apps/ESMF_WebServController'
make chkdir_locobj
make[5]: Entering directory `/project/esmf/bh_python/gfortran_8.2.0_mpiuni_O/src/apps/ESMF_WebServController'
Making directory /project/esmf/bh_python/gfortran_8.2.0_mpiuni_O/obj/objO/Linux.gfortran.64.mpiuni.default/src/apps/ESMF_WebServController for apps output
make[5]: Leaving directory `/project/esmf/bh_python/gfortran_8.2.0_mpiuni_O/src/apps/ESMF_WebServController'
g++ -c -std=c++11 -O -DNDEBUG -fPIC -DESMF_LOWERCASE_SINGLEUNDERSCORE -m64 -mcmodel=small -pthread  -fopenmp -I/project/esmf/bh_python/gfortran_8.2.0_mpiuni_O/src/apps/ESMF_WebServController -I/project/esmf/bh_python/gfortran_8.2.0_mpiuni_O/src/apps/ESMF_WebServController/../include -I/project/esmf/bh_python/gfortran_8.2.0_mpiuni_O/build_config/Linux.gfortran.default -I/project/esmf/bh_python/gfortran_8.2.0_mpiuni_O/src/Infrastructure -I/project/esmf/bh_python/gfortran_8.2.0_mpiuni_O/src/Superstructure -I/project/esmf/bh_python/gfortran_8.2.0_mpiuni_O/src/Infrastructure/stubs/pthread  -I/project/esmf/bh_python/gfortran_8.2.0_mpiuni_O/src/include  -I/usr/local/netcdf-c-4.6.1-f-4.4.4-gcc-g++-gfortran-8.1.0/include -I/project/esmf/bh_python/gfortran_8.2.0_mpiuni_O/src/Infrastructure/stubs/mpiuni -I/project/esmf/bh_python/gfortran_8.2.0_mpiuni_O/src/prologue/yaml-cpp/include -DESMF_NO_INTEGER_1_BYTE -DESMF_NO_INTEGER_2_BYTE -DESMFVERSIONGIT='"ESMF_8_1_0_beta_snapshot_47-22-gffbbe5951e"' -DESMF_MOAB=1 -DESMF_LAPACK=1 -DESMF_LAPACK_INTERNAL=1 -DESMF_NO_ACC_SOFTWARE_STACK=1 -DESMF_NETCDF=1 -DESMF_YAMLCPP=1 -DESMF_YAML=1 -DESMF_NO_OPENACC -DESMF_TESTEXHAUSTIVE -DESMF_BOPT_O -DESMF_TESTCOMPTUNNEL -DESMF_TESTWITHTHREADS -DSx86_64_small=1 -DESMF_OS_Linux=1 -DESMF_COMM=mpiuni -DESMF_DIR=/project/esmf/bh_python/gfortran_8.2.0_mpiuni_O -D__SDIR__='"src/apps/ESMF_WebServController"' -DESMF_CXXSTD=11 -DESMF_MPIUNI ESMF_WebServController.C -o /project/esmf/bh_python/gfortran_8.2.0_mpiuni_O/obj/objO/Linux.gfortran.64.mpiuni.default/src/apps/ESMF_WebServController/ESMF_WebServController.o
make chkdir_apps
make[5]: Entering directory `/project/esmf/bh_python/gfortran_8.2.0_mpiuni_O/src/apps/ESMF_WebServController'
make[5]: Leaving directory `/project/esmf/bh_python/gfortran_8.2.0_mpiuni_O/src/apps/ESMF_WebServController'
g++    -m64 -mcmodel=small -pthread -Wl,--no-as-needed  -fopenmp -L/project/esmf/bh_python/gfortran_8.2.0_mpiuni_O/DEFAULTINSTALLDIR/lib/libO/Linux.gfortran.64.mpiuni.default -L/usr/local/netcdf-c-4.6.1-f-4.4.4-gcc-g++-gfortran-8.1.0/lib -L/usr/local/netcdf-c-4.6.1-f-4.4.4-gcc-g++-gfortran-8.1.0/lib -L/usr/local/gcc-g++-gfortran-8.1.0/lib -L/usr/local/hdf5-1.8.7-gcc-g++-gfortran-8.1.0/lib -L/usr/local/netcdf-c-4.6.1-f-4.4.4-gcc-g++-gfortran-8.1.0/lib -L/usr/local/gcc-g++-gfortran-8.2.0/lib/gcc/x86_64-pc-linux-gnu/8.2.0/../../../../lib64/ -Wl,-rpath,/project/esmf/bh_python/gfortran_8.2.0_mpiuni_O/DEFAULTINSTALLDIR/lib/libO/Linux.gfortran.64.mpiuni.default -Wl,-rpath,/usr/local/netcdf-c-4.6.1-f-4.4.4-gcc-g++-gfortran-8.1.0/lib -Wl,-rpath,/usr/local/netcdf-c-4.6.1-f-4.4.4-gcc-g++-gfortran-8.1.0/lib -Wl,-rpath,/usr/local/gcc-g++-gfortran-8.1.0/lib -Wl,-rpath,/usr/local/hdf5-1.8.7-gcc-g++-gfortran-8.1.0/lib -Wl,-rpath,/usr/local/netcdf-c-4.6.1-f-4.4.4-gcc-g++-gfortran-8.1.0/lib -Wl,-rpath,/usr/local/gcc-g++-gfortran-8.2.0/lib/gcc/x86_64-pc-linux-gnu/8.2.0/../../../../lib64/ -o /project/esmf/bh_python/gfortran_8.2.0_mpiuni_O/DEFAULTINSTALLDIR/bin/binO/Linux.gfortran.64.mpiuni.default/ESMF_WebServController /project/esmf/bh_python/gfortran_8.2.0_mpiuni_O/obj/objO/Linux.gfortran.64.mpiuni.default/src/apps/ESMF_WebServController/ESMF_WebServController.o -lesmf  -lrt -lgfortran -ldl -lnetcdf -lnetcdff -lnetcdf -lnetcdf
make[4]: Leaving directory `/project/esmf/bh_python/gfortran_8.2.0_mpiuni_O/src/apps/ESMF_WebServController'
tree_build_apps in: /project/esmf/bh_python/gfortran_8.2.0_mpiuni_O/src/apps/ESMF_Scrip2Unstruct
make[4]: Entering directory `/project/esmf/bh_python/gfortran_8.2.0_mpiuni_O/src/apps/ESMF_Scrip2Unstruct'
make chkdir_locobj
make[5]: Entering directory `/project/esmf/bh_python/gfortran_8.2.0_mpiuni_O/src/apps/ESMF_Scrip2Unstruct'
Making directory /project/esmf/bh_python/gfortran_8.2.0_mpiuni_O/obj/objO/Linux.gfortran.64.mpiuni.default/src/apps/ESMF_Scrip2Unstruct for apps output
make[5]: Leaving directory `/project/esmf/bh_python/gfortran_8.2.0_mpiuni_O/src/apps/ESMF_Scrip2Unstruct'
g++ -c -std=c++11 -O -DNDEBUG -fPIC -DESMF_LOWERCASE_SINGLEUNDERSCORE -m64 -mcmodel=small -pthread  -fopenmp -I/project/esmf/bh_python/gfortran_8.2.0_mpiuni_O/src/apps/ESMF_Scrip2Unstruct -I/project/esmf/bh_python/gfortran_8.2.0_mpiuni_O/src/apps/ESMF_Scrip2Unstruct/../include -I/project/esmf/bh_python/gfortran_8.2.0_mpiuni_O/build_config/Linux.gfortran.default -I/project/esmf/bh_python/gfortran_8.2.0_mpiuni_O/src/Infrastructure -I/project/esmf/bh_python/gfortran_8.2.0_mpiuni_O/src/Superstructure -I/project/esmf/bh_python/gfortran_8.2.0_mpiuni_O/src/Infrastructure/stubs/pthread  -I/project/esmf/bh_python/gfortran_8.2.0_mpiuni_O/src/include  -I/usr/local/netcdf-c-4.6.1-f-4.4.4-gcc-g++-gfortran-8.1.0/include -I/project/esmf/bh_python/gfortran_8.2.0_mpiuni_O/src/Infrastructure/stubs/mpiuni -I/project/esmf/bh_python/gfortran_8.2.0_mpiuni_O/src/prologue/yaml-cpp/include -DESMF_NO_INTEGER_1_BYTE -DESMF_NO_INTEGER_2_BYTE -DESMFVERSIONGIT='"ESMF_8_1_0_beta_snapshot_47-22-gffbbe5951e"' -DESMF_MOAB=1 -DESMF_LAPACK=1 -DESMF_LAPACK_INTERNAL=1 -DESMF_NO_ACC_SOFTWARE_STACK=1 -DESMF_NETCDF=1 -DESMF_YAMLCPP=1 -DESMF_YAML=1 -DESMF_NO_OPENACC -DESMF_TESTEXHAUSTIVE -DESMF_BOPT_O -DESMF_TESTCOMPTUNNEL -DESMF_TESTWITHTHREADS -DSx86_64_small=1 -DESMF_OS_Linux=1 -DESMF_COMM=mpiuni -DESMF_DIR=/project/esmf/bh_python/gfortran_8.2.0_mpiuni_O -D__SDIR__='"src/apps/ESMF_Scrip2Unstruct"' -DESMF_CXXSTD=11 -DESMF_MPIUNI ESMF_Scrip2Unstruct.C -o /project/esmf/bh_python/gfortran_8.2.0_mpiuni_O/obj/objO/Linux.gfortran.64.mpiuni.default/src/apps/ESMF_Scrip2Unstruct/ESMF_Scrip2Unstruct.o
make chkdir_apps
make[5]: Entering directory `/project/esmf/bh_python/gfortran_8.2.0_mpiuni_O/src/apps/ESMF_Scrip2Unstruct'
make[5]: Leaving directory `/project/esmf/bh_python/gfortran_8.2.0_mpiuni_O/src/apps/ESMF_Scrip2Unstruct'
g++    -m64 -mcmodel=small -pthread -Wl,--no-as-needed  -fopenmp -L/project/esmf/bh_python/gfortran_8.2.0_mpiuni_O/DEFAULTINSTALLDIR/lib/libO/Linux.gfortran.64.mpiuni.default -L/usr/local/netcdf-c-4.6.1-f-4.4.4-gcc-g++-gfortran-8.1.0/lib -L/usr/local/netcdf-c-4.6.1-f-4.4.4-gcc-g++-gfortran-8.1.0/lib -L/usr/local/gcc-g++-gfortran-8.1.0/lib -L/usr/local/hdf5-1.8.7-gcc-g++-gfortran-8.1.0/lib -L/usr/local/netcdf-c-4.6.1-f-4.4.4-gcc-g++-gfortran-8.1.0/lib -L/usr/local/gcc-g++-gfortran-8.2.0/lib/gcc/x86_64-pc-linux-gnu/8.2.0/../../../../lib64/ -Wl,-rpath,/project/esmf/bh_python/gfortran_8.2.0_mpiuni_O/DEFAULTINSTALLDIR/lib/libO/Linux.gfortran.64.mpiuni.default -Wl,-rpath,/usr/local/netcdf-c-4.6.1-f-4.4.4-gcc-g++-gfortran-8.1.0/lib -Wl,-rpath,/usr/local/netcdf-c-4.6.1-f-4.4.4-gcc-g++-gfortran-8.1.0/lib -Wl,-rpath,/usr/local/gcc-g++-gfortran-8.1.0/lib -Wl,-rpath,/usr/local/hdf5-1.8.7-gcc-g++-gfortran-8.1.0/lib -Wl,-rpath,/usr/local/netcdf-c-4.6.1-f-4.4.4-gcc-g++-gfortran-8.1.0/lib -Wl,-rpath,/usr/local/gcc-g++-gfortran-8.2.0/lib/gcc/x86_64-pc-linux-gnu/8.2.0/../../../../lib64/ -o /project/esmf/bh_python/gfortran_8.2.0_mpiuni_O/DEFAULTINSTALLDIR/bin/binO/Linux.gfortran.64.mpiuni.default/ESMF_Scrip2Unstruct /project/esmf/bh_python/gfortran_8.2.0_mpiuni_O/obj/objO/Linux.gfortran.64.mpiuni.default/src/apps/ESMF_Scrip2Unstruct/ESMF_Scrip2Unstruct.o -lesmf  -lrt -lgfortran -ldl -lnetcdf -lnetcdff -lnetcdf -lnetcdf
make[4]: Leaving directory `/project/esmf/bh_python/gfortran_8.2.0_mpiuni_O/src/apps/ESMF_Scrip2Unstruct'
tree_build_apps in: /project/esmf/bh_python/gfortran_8.2.0_mpiuni_O/src/apps/ESMF_Regrid
make[4]: Entering directory `/project/esmf/bh_python/gfortran_8.2.0_mpiuni_O/src/apps/ESMF_Regrid'
make chkdir_locobj
make[5]: Entering directory `/project/esmf/bh_python/gfortran_8.2.0_mpiuni_O/src/apps/ESMF_Regrid'
Making directory /project/esmf/bh_python/gfortran_8.2.0_mpiuni_O/obj/objO/Linux.gfortran.64.mpiuni.default/src/apps/ESMF_Regrid for apps output
make[5]: Leaving directory `/project/esmf/bh_python/gfortran_8.2.0_mpiuni_O/src/apps/ESMF_Regrid'
gfortran -c -O -fPIC  -m64 -mcmodel=small -pthread -ffree-line-length-none  -fopenmp -I/project/esmf/bh_python/gfortran_8.2.0_mpiuni_O/src/apps/ESMF_Regrid -I/project/esmf/bh_python/gfortran_8.2.0_mpiuni_O/build_config/Linux.gfortran.default -I/project/esmf/bh_python/gfortran_8.2.0_mpiuni_O/src/Infrastructure -I/project/esmf/bh_python/gfortran_8.2.0_mpiuni_O/src/Superstructure -I/project/esmf/bh_python/gfortran_8.2.0_mpiuni_O/DEFAULTINSTALLDIR/mod/modO/Linux.gfortran.64.mpiuni.default -I/project/esmf/bh_python/gfortran_8.2.0_mpiuni_O/src/include -I/usr/local/netcdf-c-4.6.1-f-4.4.4-gcc-g++-gfortran-8.1.0/include -I/usr/local/netcdf-c-4.6.1-f-4.4.4-gcc-g++-gfortran-8.1.0/include  -DESMF_NO_INTEGER_1_BYTE -DESMF_NO_INTEGER_2_BYTE -DESMFVERSIONGIT='"ESMF_8_1_0_beta_snapshot_47-22-gffbbe5951e"' -DESMF_MOAB=1 -DESMF_LAPACK=1 -DESMF_LAPACK_INTERNAL=1 -DESMF_NO_ACC_SOFTWARE_STACK=1 -DESMF_NETCDF=1 -DESMF_YAMLCPP=1 -DESMF_YAML=1 -DESMF_NO_OPENACC -DESMF_TESTEXHAUSTIVE -DESMF_BOPT_O -DESMF_TESTCOMPTUNNEL -DESMF_TESTWITHTHREADS -DSx86_64_small=1 -DESMF_OS_Linux=1 -DESMF_COMM=mpiuni -DESMF_DIR=/project/esmf/bh_python/gfortran_8.2.0_mpiuni_O -DESMF_MPIUNI ESMF_Regrid.F90 -o /project/esmf/bh_python/gfortran_8.2.0_mpiuni_O/obj/objO/Linux.gfortran.64.mpiuni.default/src/apps/ESMF_Regrid/ESMF_Regrid.o
make chkdir_apps
make[5]: Entering directory `/project/esmf/bh_python/gfortran_8.2.0_mpiuni_O/src/apps/ESMF_Regrid'
make[5]: Leaving directory `/project/esmf/bh_python/gfortran_8.2.0_mpiuni_O/src/apps/ESMF_Regrid'
gfortran     -m64 -mcmodel=small -pthread -Wl,--no-as-needed  -fopenmp -L/project/esmf/bh_python/gfortran_8.2.0_mpiuni_O/DEFAULTINSTALLDIR/lib/libO/Linux.gfortran.64.mpiuni.default -L/usr/local/netcdf-c-4.6.1-f-4.4.4-gcc-g++-gfortran-8.1.0/lib -L/usr/local/netcdf-c-4.6.1-f-4.4.4-gcc-g++-gfortran-8.1.0/lib -L/usr/local/gcc-g++-gfortran-8.1.0/lib -L/usr/local/hdf5-1.8.7-gcc-g++-gfortran-8.1.0/lib -L/usr/local/netcdf-c-4.6.1-f-4.4.4-gcc-g++-gfortran-8.1.0/lib -L/usr/local/gcc-g++-gfortran-8.2.0/lib/gcc/x86_64-pc-linux-gnu/8.2.0/../../../../lib64/ -Wl,-rpath,/project/esmf/bh_python/gfortran_8.2.0_mpiuni_O/DEFAULTINSTALLDIR/lib/libO/Linux.gfortran.64.mpiuni.default -Wl,-rpath,/usr/local/netcdf-c-4.6.1-f-4.4.4-gcc-g++-gfortran-8.1.0/lib -Wl,-rpath,/usr/local/netcdf-c-4.6.1-f-4.4.4-gcc-g++-gfortran-8.1.0/lib -Wl,-rpath,/usr/local/gcc-g++-gfortran-8.1.0/lib -Wl,-rpath,/usr/local/hdf5-1.8.7-gcc-g++-gfortran-8.1.0/lib -Wl,-rpath,/usr/local/netcdf-c-4.6.1-f-4.4.4-gcc-g++-gfortran-8.1.0/lib -Wl,-rpath,/usr/local/gcc-g++-gfortran-8.2.0/lib/gcc/x86_64-pc-linux-gnu/8.2.0/../../../../lib64/ -o /project/esmf/bh_python/gfortran_8.2.0_mpiuni_O/DEFAULTINSTALLDIR/bin/binO/Linux.gfortran.64.mpiuni.default/ESMF_Regrid /project/esmf/bh_python/gfortran_8.2.0_mpiuni_O/obj/objO/Linux.gfortran.64.mpiuni.default/src/apps/ESMF_Regrid/ESMF_Regrid.o -lesmf  -lrt -lstdc++ -ldl -lnetcdf -lnetcdff -lnetcdf -lnetcdf
make[4]: Leaving directory `/project/esmf/bh_python/gfortran_8.2.0_mpiuni_O/src/apps/ESMF_Regrid'
make[3]: Leaving directory `/project/esmf/bh_python/gfortran_8.2.0_mpiuni_O/src/apps'
ESMF apps built successfully.
make[2]: Leaving directory `/project/esmf/bh_python/gfortran_8.2.0_mpiuni_O'
make[1]: Leaving directory `/project/esmf/bh_python/gfortran_8.2.0_mpiuni_O'
mkdir -p /project/esmf/bh_python/gfortran_8.2.0_mpiuni_O/DEFAULTINSTALLDIR/doc
make install_info_mk
make[1]: Entering directory `/project/esmf/bh_python/gfortran_8.2.0_mpiuni_O'
make info_mk ESMF_APPSDIR=/project/esmf/bh_python/gfortran_8.2.0_mpiuni_O/DEFAULTINSTALLDIR/bin/binO/Linux.gfortran.64.mpiuni.default ESMF_LDIR=/project/esmf/bh_python/gfortran_8.2.0_mpiuni_O/DEFAULTINSTALLDIR/lib/libO/Linux.gfortran.64.mpiuni.default ESMF_LIBDIR=/project/esmf/bh_python/gfortran_8.2.0_mpiuni_O/DEFAULTINSTALLDIR/lib/libO/Linux.gfortran.64.mpiuni.default ESMF_MODDIR=/project/esmf/bh_python/gfortran_8.2.0_mpiuni_O/DEFAULTINSTALLDIR/mod/modO/Linux.gfortran.64.mpiuni.default ESMF_INCDIR=/project/esmf/bh_python/gfortran_8.2.0_mpiuni_O/DEFAULTINSTALLDIR/include
make[2]: Entering directory `/project/esmf/bh_python/gfortran_8.2.0_mpiuni_O'
make[2]: Leaving directory `/project/esmf/bh_python/gfortran_8.2.0_mpiuni_O'
make[1]: Leaving directory `/project/esmf/bh_python/gfortran_8.2.0_mpiuni_O'
 
ESMF installation complete.
 
