20210312 201849.075 INFO             PET0 !!!!!!!!!!!!!!!!!!!!!!!!!!!!!!!!!!!!!!!!!!!!!!!!!!!!!!
20210312 201849.075 INFO             PET0 !!! THE ESMF_LOG IS SET TO OUTPUT ALL LOG MESSAGES !!!
20210312 201849.075 INFO             PET0 !!!     THIS MAY CAUSE SLOWDOWN IN PERFORMANCE     !!!
20210312 201849.075 INFO             PET0 !!! FOR PRODUCTION RUNS, USE:                      !!!
20210312 201849.075 INFO             PET0 !!!                   ESMF_LOGKIND_Multi_On_Error  !!!
20210312 201849.075 INFO             PET0 !!!!!!!!!!!!!!!!!!!!!!!!!!!!!!!!!!!!!!!!!!!!!!!!!!!!!!
20210312 201849.075 INFO             PET0 Running with ESMF Version   : ESMF_8_1_0_beta_snapshot_47-35-g10f0a3f927
20210312 201849.075 INFO             PET0 ESMF library build date/time: "Mar 12 2021" "19:57:41"
20210312 201849.075 INFO             PET0 ESMF library build location : /Volumes/esmf/rocky/et/gfortran_9.3.0_mpich3_g
20210312 201849.075 INFO             PET0 ESMF_COMM                   : mpich3
20210312 201849.075 INFO             PET0 ESMF_MOAB                   : enabled
20210312 201849.075 INFO             PET0 ESMF_LAPACK                 : enabled
20210312 201849.075 INFO             PET0 ESMF_NETCDF                 : enabled
20210312 201849.075 INFO             PET0 ESMF_PNETCDF                : disabled
20210312 201849.075 INFO             PET0 ESMF_PIO                    : enabled
20210312 201849.075 INFO             PET0 ESMF_YAMLCPP                : enabled
20210312 201849.080 INFO             PET0  NUMBER_OF_PROCESSORS           4
20210312 201849.080 INFO             PET0  PASS  Example ESMF_ArrayArbHaloEx, ESMF_ArrayArbHaloEx.F90, line 650
20210312 201849.080 INFO             PET0 Finalizing ESMF
20210312 201849.075 INFO             PET1 !!!!!!!!!!!!!!!!!!!!!!!!!!!!!!!!!!!!!!!!!!!!!!!!!!!!!!
20210312 201849.076 INFO             PET1 !!! THE ESMF_LOG IS SET TO OUTPUT ALL LOG MESSAGES !!!
20210312 201849.076 INFO             PET1 !!!     THIS MAY CAUSE SLOWDOWN IN PERFORMANCE     !!!
20210312 201849.076 INFO             PET1 !!! FOR PRODUCTION RUNS, USE:                      !!!
20210312 201849.076 INFO             PET1 !!!                   ESMF_LOGKIND_Multi_On_Error  !!!
20210312 201849.076 INFO             PET1 !!!!!!!!!!!!!!!!!!!!!!!!!!!!!!!!!!!!!!!!!!!!!!!!!!!!!!
20210312 201849.076 INFO             PET1 Running with ESMF Version   : ESMF_8_1_0_beta_snapshot_47-35-g10f0a3f927
20210312 201849.076 INFO             PET1 ESMF library build date/time: "Mar 12 2021" "19:57:41"
20210312 201849.076 INFO             PET1 ESMF library build location : /Volumes/esmf/rocky/et/gfortran_9.3.0_mpich3_g
20210312 201849.076 INFO             PET1 ESMF_COMM                   : mpich3
20210312 201849.076 INFO             PET1 ESMF_MOAB                   : enabled
20210312 201849.076 INFO             PET1 ESMF_LAPACK                 : enabled
20210312 201849.076 INFO             PET1 ESMF_NETCDF                 : enabled
20210312 201849.076 INFO             PET1 ESMF_PNETCDF                : disabled
20210312 201849.076 INFO             PET1 ESMF_PIO                    : enabled
20210312 201849.076 INFO             PET1 ESMF_YAMLCPP                : enabled
20210312 201849.080 INFO             PET1  NUMBER_OF_PROCESSORS           4
20210312 201849.080 INFO             PET1  PASS  Example ESMF_ArrayArbHaloEx, ESMF_ArrayArbHaloEx.F90, line 650
20210312 201849.080 INFO             PET1 Finalizing ESMF
20210312 201849.075 INFO             PET2 !!!!!!!!!!!!!!!!!!!!!!!!!!!!!!!!!!!!!!!!!!!!!!!!!!!!!!
20210312 201849.076 INFO             PET2 !!! THE ESMF_LOG IS SET TO OUTPUT ALL LOG MESSAGES !!!
20210312 201849.076 INFO             PET2 !!!     THIS MAY CAUSE SLOWDOWN IN PERFORMANCE     !!!
20210312 201849.076 INFO             PET2 !!! FOR PRODUCTION RUNS, USE:                      !!!
20210312 201849.076 INFO             PET2 !!!                   ESMF_LOGKIND_Multi_On_Error  !!!
20210312 201849.076 INFO             PET2 !!!!!!!!!!!!!!!!!!!!!!!!!!!!!!!!!!!!!!!!!!!!!!!!!!!!!!
20210312 201849.076 INFO             PET2 Running with ESMF Version   : ESMF_8_1_0_beta_snapshot_47-35-g10f0a3f927
20210312 201849.076 INFO             PET2 ESMF library build date/time: "Mar 12 2021" "19:57:41"
20210312 201849.076 INFO             PET2 ESMF library build location : /Volumes/esmf/rocky/et/gfortran_9.3.0_mpich3_g
20210312 201849.076 INFO             PET2 ESMF_COMM                   : mpich3
20210312 201849.076 INFO             PET2 ESMF_MOAB                   : enabled
20210312 201849.076 INFO             PET2 ESMF_LAPACK                 : enabled
20210312 201849.076 INFO             PET2 ESMF_NETCDF                 : enabled
20210312 201849.076 INFO             PET2 ESMF_PNETCDF                : disabled
20210312 201849.076 INFO             PET2 ESMF_PIO                    : enabled
20210312 201849.076 INFO             PET2 ESMF_YAMLCPP                : enabled
20210312 201849.080 INFO             PET2  NUMBER_OF_PROCESSORS           4
20210312 201849.080 INFO             PET2  PASS  Example ESMF_ArrayArbHaloEx, ESMF_ArrayArbHaloEx.F90, line 650
20210312 201849.080 INFO             PET2 Finalizing ESMF
20210312 201849.075 INFO             PET3 !!!!!!!!!!!!!!!!!!!!!!!!!!!!!!!!!!!!!!!!!!!!!!!!!!!!!!
20210312 201849.075 INFO             PET3 !!! THE ESMF_LOG IS SET TO OUTPUT ALL LOG MESSAGES !!!
20210312 201849.075 INFO             PET3 !!!     THIS MAY CAUSE SLOWDOWN IN PERFORMANCE     !!!
20210312 201849.075 INFO             PET3 !!! FOR PRODUCTION RUNS, USE:                      !!!
20210312 201849.075 INFO             PET3 !!!                   ESMF_LOGKIND_Multi_On_Error  !!!
20210312 201849.075 INFO             PET3 !!!!!!!!!!!!!!!!!!!!!!!!!!!!!!!!!!!!!!!!!!!!!!!!!!!!!!
20210312 201849.075 INFO             PET3 Running with ESMF Version   : ESMF_8_1_0_beta_snapshot_47-35-g10f0a3f927
20210312 201849.075 INFO             PET3 ESMF library build date/time: "Mar 12 2021" "19:57:41"
20210312 201849.075 INFO             PET3 ESMF library build location : /Volumes/esmf/rocky/et/gfortran_9.3.0_mpich3_g
20210312 201849.075 INFO             PET3 ESMF_COMM                   : mpich3
20210312 201849.075 INFO             PET3 ESMF_MOAB                   : enabled
20210312 201849.075 INFO             PET3 ESMF_LAPACK                 : enabled
20210312 201849.075 INFO             PET3 ESMF_NETCDF                 : enabled
20210312 201849.075 INFO             PET3 ESMF_PNETCDF                : disabled
20210312 201849.075 INFO             PET3 ESMF_PIO                    : enabled
20210312 201849.075 INFO             PET3 ESMF_YAMLCPP                : enabled
20210312 201849.080 INFO             PET3  NUMBER_OF_PROCESSORS           4
20210312 201849.080 INFO             PET3  PASS  Example ESMF_ArrayArbHaloEx, ESMF_ArrayArbHaloEx.F90, line 650
20210312 201849.080 INFO             PET3 Finalizing ESMF
