 --------------------------------------- 
 Start of ESMF_Trace Example
 --------------------------------------- 

Program received signal SIGABRT: Process abort signal.

Backtrace for this error:

Program received signal SIGABRT: Process abort signal.

Backtrace for this error:

Program received signal SIGABRT: Process abort signal.

Backtrace for this error:

Program received signal SIGABRT: Process abort signal.

Backtrace for this error:
#0  0x10ce048cd
#1  0x10ce03cdd
#2  0x7fff7c190b5c
#0  0x1112658cd
#1  0x111264cdd
#2  0x7fff7c190b5c
#0  0x10e2be8cd
#1  0x10e2bdcdd
#2  0x7fff7c190b5c
#0  0x1136298cd
#1  0x113628cdd
#2  0x7fff7c190b5c

===================================================================================
=   BAD TERMINATION OF ONE OF YOUR APPLICATION PROCESSES
=   PID 48362 RUNNING AT cgdm-catania
=   EXIT CODE: 6
=   CLEANING UP REMAINING PROCESSES
=   YOU CAN IGNORE THE BELOW CLEANUP MESSAGES
===================================================================================
YOUR APPLICATION TERMINATED WITH THE EXIT STRING: Abort trap: 6 (signal 6)
This typically refers to a problem with your application.
Please see the FAQ page for debugging suggestions
