 --------------------------------------- 
 Start of ESMF_SCompEx Example
 --------------------------------------- 

Program received signal SIGABRT: Process abort signal.

Backtrace for this error:

Program received signal SIGABRT: Process abort signal.

Backtrace for this error:

Program received signal SIGABRT: Process abort signal.

Backtrace for this error:

Program received signal SIGABRT: Process abort signal.

Backtrace for this error:
#0  0x1088aa8cd
#1  0x1088a9cdd
#2  0x7fff7c190b5c
#0  0x10f9838cd
#1  0x10f982cdd
#2  0x7fff7c190b5c
#0  0x112aa08cd
#1  0x112a9fcdd
#2  0x7fff7c190b5c
#0  0x10650e8cd
#1  0x10650dcdd
#2  0x7fff7c190b5c

===================================================================================
=   BAD TERMINATION OF ONE OF YOUR APPLICATION PROCESSES
=   PID 72382 RUNNING AT cgdm-catania
=   EXIT CODE: 6
=   CLEANING UP REMAINING PROCESSES
=   YOU CAN IGNORE THE BELOW CLEANUP MESSAGES
===================================================================================
YOUR APPLICATION TERMINATED WITH THE EXIT STRING: Abort trap: 6 (signal 6)
This typically refers to a problem with your application.
Please see the FAQ page for debugging suggestions
