--- ESMCI::ArrayBundle::print start ---
ArrayBundle: MyArrayBundle
arrayCount = 3
Container::print() multipmap:item=0 key=AonFly value=--- ESMCI::ArrayBundle::print start ---
ArrayBundle: MyArrayBundle
arrayCount = 3
Container::print() multipmap:item=0 key=AonFly value=--- ESMCI::ArrayBundle::print start ---
ArrayBundle: MyArrayBundle
arrayCount = 3
Container::print() multipmap:item=0 key=AonFly value=0x7fe2a9011600
Container::print() multipmap:item=1 key=Array002 value=0x7fe2a9005800
Container::print() multipmap:item=2 key=Array003 value=0x7fe2a9005e00
Container::print()      list:item=0 key=Array002 value=0x7fe2a9005800
Container::print()      list:item=1 key=Array003 value=0x7fe2a9005e00
Container::print()      list:item=2 key=AonFly value=--- ESMCI::ArrayBundle::print start ---
ArrayBundle: MyArrayBundle
arrayCount = 3
Container::print() multipmap:item=0 key=AonFly value=0x7faaf2809400
Container::print() multipmap:item=1 key=Array002 value=0x7faaf2807c00
Container::print() multipmap:item=2 key=Array003 value=0x7faaf2808200
Container::print()      list:item=0 key=Array002 value=0x7faaf2807c00
Container::print()      list:item=1 key=Array003 value=0x7faaf2808200
Container::print()      list:item=2 key=AonFly value=0x7faaf2809400
--- ESMCI::ArrayBundle::print end ---
0x7f9870013000
Container::print() multipmap:item=1 key=Array002 value=0x7f987000b800
Container::print() multipmap:item=2 key=Array003 value=0x7f9870011e00
Container::print()      list:item=0 key=Array002 value=0x7f987000b800
Container::print()      list:item=1 key=0x7f86df84aa00
Container::print() multipmap:item=1 key=Array002 value=0x7f86df83e800
Container::print() multipmap:item=2 key=Array003 value=0x7f86df83ee00
Container::print()      list:item=0 key=Array002 value=0x7f86df83e800
Container::print()      list:item=1 key=Array003 value=0x7f86df83ee00
Container::print()      list:item=2 key=0x7fe2a9011600
--- ESMCI::ArrayBundle::print end ---
Array003 value=0x7f9870011e00
Container::print()      list:item=2 key=AonFly value=0x7f9870013000
--- ESMCI::ArrayBundle::print end ---
AonFly value=0x7f86df84aa00
--- ESMCI::ArrayBundle::print end ---
--- ESMCI::Array::print start ---
 Base name    = AonFly
 Status: Base = Ready,  object = Ready
 Proxy        = no
 Root Info (Attributes):
--- ESMCI::Array::print start ---
 Base name    = AonFly
--- ESMCI::Array::print start ---
 Base name    = AonFly Status: Base = Ready,  object = Ready
 Proxy        = 
 Status: Base = Ready,  object = Ready
 Proxy        = no
 Root Info (Attributes):
no
 Root Info (Attributes):
{}Array typekind/rank: Real*4 / 2 
~ lower class' values ~
DistGrid dimCount = 2
deCount = 6
localDeCount = 1
~ local data in LocalArray for DE 3 ~
LocalArrayPrint: Array at address 0x7faaf1d0b9e0:
            rank = 2, typekind = 5, base_addr = 0x7faaf1d0b3e0
            dim[0] = 2  dim[1] = 2  
  Real, *4, Dim 2, Data values:
--- ESMCI::Array::print start ---
 Base name    = AonFly
 Status: Base = ( 1, 1) =  0
( 2, 1) =  1.58456e+29
( 1, 2) =  0
( 2, 2) =  1.58456e+29
dim 1: [0]: [1 [1 [1, 2] 2] 2]
dim 2: [1]: [1 [1 [1, 2] 2] 2]
--- ESMCI::Array::print end ---
{}Array typekind/rank: Real*4 / 2 
~ lower class' values ~
DistGrid dimCount = 2
deCount = 6
localDeCount = 2
~ local data in LocalArray for DE 0 ~
Ready,  object = Ready
 Proxy        = no
 Root Info (Attributes):
{}Array typekind/rank: Real*4 / 2 
~ lower class' values ~
DistGrid dimCount = 2
deCount = 6
localDeCount = 1
~ local data in LocalArray for DE 2 ~
LocalArrayPrint: Array at address 0x7fe29fe09cb0:
            rank = 2, typekind = 5, --- ESMCI::Array::print start ---
 Base name    = Array002
 Status: Base = Ready,  object = Ready
 Proxy        = no
 Root Info (Attributes):
{}Array typekind/rank: Real*8 / 2 
~ lower class' values ~
LocalArrayPrint: Array at address 0x7f9867611950:
            rank = 2, typekind = 5, base_addr = 0x7f9867610f80
            dim[0] = 3  dim[1] = 2  
  Real, *4, Dim 2, Data values:
( 1, 1) =  0
( 2, 1) =  3.68935e+19
( 3, 1) =  0
( 1, 2) =  3.68935e+19
( 2, 2) =  1.06253e+24
( 3, 2) =  4.5772e-41
base_addr = 0x7fe29fe09640
            dim[0] = 3  dim[1] = 2  
  Real, *4, Dim 2, Data values:
( 1, 1) =  0
( 2, 1) =  2
( 3, 1) =  0
( 1, 2) =  2
( 2, 2) =  -9.48678e-20
( 3, 2) =  4.58757e-41
dim 1: [0]: [1 [1 [1, 3] 3] 3]
dim 2: [1]: [1 [1 [1, 2] 2] 2]
~ local data in LocalArray for DE 4 ~
LocalArrayPrint: Array at address 0x7f9867611c80:
            rank = 2, typekind = 5, base_addr = 0x7f9867610fa0
            dim[0] = 3  dim[1] = 1  
  Real, *4, Dim 2, Data values:
( 1, 1) =  0
dim 1: [0]: [1 [1 [1, 3] 3] 3]
dim 2: [1]: [1 [1 [1, 2] 2] 2]
--- ESMCI::Array::print end ---
--- ESMCI::Array::print start ---
 Base name    = Array002
 Status: Base = Ready,  object = Ready
 Proxy        = no
 Root Info (Attributes):
( 2, 1) =  3.68935e+19
( 3, 1) =  0
dim 1: [0]: [1 [1 [1, 3] 3] 3]
dim 2: [1]: [1 [1 [1, 1] 1] 1]
--- ESMCI::Array::print end ---
--- ESMCI::Array::print start ---
 Base name    = Array002
 Status: Base = Ready,  object = Ready
 Proxy        = no
 Root Info (Attributes):
{}Array typekind/rank: Real*4 / 2 
~ lower class' values ~
DistGrid dimCount = 2
deCount = 6
localDeCount = 2
~ local data in LocalArray for DE 1 ~
LocalArrayPrint: Array at address 0x7f86dee306c0:
            rank = 2, typekind = 5, base_addr = 0x7f86dee2fd00
            dim[0] = 2  dim[1] = 2  
  Real, *4, Dim 2, Data values:
( 1, 1) =  0
( 2, 1) =  -1.0842e-19
( 1, 2) =  0
( 2, 2) =  -1.0842e-19
dim 1: [0]: [1 [1 [1, 2] 2] 2]
dim 2: [1]: [1 [1 [1, 2] 2] 2]
~ local data in LocalArray for DE 5 ~
LocalArrayPrint: Array at address 0x7f86dee309f0:
            rank = 2, typekind = 5, base_addr = 0x7f86dee2fd10
            {}Array typekind/rank: Real*8 / 2 
~ lower class' values ~
DistGrid dimCount = 2
deCount = 6
localDeCount = 1
~ local data in LocalArray for DE 2 ~
LocalArrayPrint: Array at address 0x7fe29fe08170:
            rank = 2, typekind = 6, base_addr = 0x7fe29fe07e80
            dim[0] = 3  dim[1] = 2  
  Real, *8, Dim 2, Data values:
( 1, 1) =  2
( 2, 1) =  2
( 3, 1) =  2.122e-314
( 1, 2) =  4.17203e-309
( 2, 2) =  6.94712e-310
( 3, 2) =  6.94712e-310
dim 1: [0]: [1 [1 [1, 3] 3] 3]
dim 2: [1]: [1 [1 [1, 2] 2] 2]
--- ESMCI::Array::print end ---
--- ESMCI::Array::print start ---
 Base name    = Array003
 Status: Base = Ready,  object = Ready
 Proxy        = no
 Root Info (Attributes):DistGrid dimCount = 2
deCount = 6
localDeCount = 1
~ local data in LocalArray for DE 3 ~
LocalArrayPrint: Array at address 0x7faaf1d09ee0:
            rank = 2, typekind = 6, base_addr = 0x7faaf1d09bf0
            dim[0] = 2  dim[1] = 2  
  Real, *8, Dim 2, Data values:
( 1, 1) =  3.10504e+231
( 2, 1) =  3.10504e+231
( 1, 2) =  4.24399e-314
( 2, 2) =  4.24399e-314
dim 1: [0]: [1 [1 [1, 2] 2] 2]
dim 2: [1]: [1 [1 [1, 2] 2] 2]
--- ESMCI::Array::print end ---
--- ESMCI::Array::print start ---
 Base name    = Array003
 Status: Base = Ready,  object = Ready
 Proxy        = no
 Root Info (Attributes):
{}Array typekind/rank: Real*8 / 2 
~ lower class' values ~
DistGrid dimCount = 2
deCount = 6
localDeCount = 1
{}Array typekind/rank: Real*8 / 2 
~ lower class' values ~
DistGrid dimCount = 2
deCount = 6
localDeCount = 2
~ local data in LocalArray for DE 0 ~
LocalArrayPrint: Array at address 0x7f986760f090:
            rank = 2, typekind = 6, base_addr = 0x7f986760ed40
            dim[0] = 3  dim[1] = 2  
  Real, *8, Dim 2, Data values:
( 1, 1) =  2.68156e+154
( 2, 1) =  2.68156e+154
( 3, 1) =  2.122e-314
( 1, 2) =  4.17203e-309
( 2, 2) =  6.93137e-310
( 3, 2) =  6.93137e-310
dim 1: [0]: [1 [1 [1, 3] 3] 3]
dim 2: [1]: [1 [1 [1, 2] 2] 2]
~ local data in LocalArray for DE 4 ~
LocalArrayPrint: Array at address 0x7f986760f3c0:
            rank = 2, typekind = 6, base_addr = 0x7f986760ed70
            dim[0] = 3  dim[1] = 1  
  Real, *8, Dim 2, Data values:
dim[0] = 2  dim[1] = 1  
  Real, *4, Dim 2, Data values:
( 1, 1) =  0
( 2, 1) =  -1.0842e-19
dim 1: [0]: [1 [1 [1, 2] 2] 2]
dim 2: [1]: [1 [1 [1, 1] 1] 1]
--- ESMCI::Array::print end ---
--- ESMCI::Array::print start ---
 Base name    = Array002
 Status: Base = Ready
{}Array typekind/rank: Real*8 / 2 
~ lower class' values ~
DistGrid dimCount = 2
deCount = 6
localDeCount = 1
~ local data in LocalArray for DE 2 ~
LocalArrayPrint: Array at address 0x7fe29fe08650:
            rank = 2, typekind = 6, base_addr = 0x7fe29fe07e00
            dim[0] = 3  dim[1] = 2  
  Real, *8, Dim 2, Data values:
( 1, 1) =  2
( 2, 1) =  2
( 3, 1) =  2
( 1, 2) =  2
( 2, 2) =  2
( 3, 2) =  2
~ local data in LocalArray for DE 3 ~
LocalArrayPrint: Array at address 0x7faaf1d0a3b0:
            rank = 2, typekind = 6, base_addr = 0x7faaf1d0a370
            dim[0] = 2  dim[1] = 2  
  Real, *8, Dim 2, Data values:
( 1, 1) =  3.10504e+231
( 2, 1) =  3.10504e+231
( 1, 2) =  1.97626e-323
( 2, 2) =  0
dim 1: [0]: [1 [1 [1, 2] 2] 2]
dim 2: [1]: [1 [1 [1, 2] 2] 2]
--- ESMCI::Array::print end ---
( 1, 1) =  2.68156e+154
( 2, 1) =  2.68156e+154
( 3, 1) =  2.68156e+154
dim 1: [0]: [1 [1 [1, 3] 3] 3]
dim 2: [1]: [1 [1 [1, 1] 1] 1]
--- ESMCI::Array::print end ---
--- ESMCI::Array::print start ---
 Base name    = Array003
 Status: Base = Ready,  object = Ready
 Proxy        = no
 Root Info (Attributes):,  object = Ready
 Proxy        = no
 Root Info (Attributes):
{}Array typekind/rank: Real*8 / 2 
~ lower class' values ~
DistGrid dimCount = 2
deCount = 6
localDeCount = 2
~ local data in LocalArray for DE 1 ~
LocalArrayPrint: Array at address 0x7f86dee2de70:
            rank = 2, typekind = 6, dim 1: [0]: [1 [1 [1, 3] 3] 3]
dim 2: [1]: [1 [1 [1, 2] 2] 2]
--- ESMCI::Array::print end ---

{}Array typekind/rank: Real*8 / 2 
~ lower class' values ~
DistGrid dimCount = 2
deCount = 6
localDeCount = 2
~ local data in LocalArray for DE 0 ~
LocalArrayPrint: Array at address 0x7f986760f8b0:
            rank = 2, typekind = 6, base_addr = 0x7f986760ecc0
            base_addr = 0x7f86dee2d740
            dim[0] = 2  dim[1] = 2  
  Real, *8, Dim 2, Data values:
( 1, 1) =  -1.49167e-154
( 2, 1) =  -1.49167e-154
( 1, 2) =  2.122e-314
( 2, 2) =  4.17203e-309
dim 1: [0]: [1 [1 [1, 2] 2] 2]
dim 2: [1]: [1 [1 [1, 2] 2] 2]
~ local data in LocalArray for DE 5 ~
LocalArrayPrint: Array at address 0x7f86dee2e1a0:
            rank = 2, typekind = 6, base_addr = 0x7f86dee2d760
            dim[0] = 2  dim[1] = 1  
dim[0] = 3  dim[1] = 2  
  Real, *8, Dim 2, Data values:
( 1, 1) =  2.68156e+154
( 2, 1) =  2.68156e+154
( 3, 1) =  2.68156e+154
( 1, 2) =  2.68156e+154
( 2, 2) =  2.68156e+154
( 3, 2) =  2.68156e+154
dim 1: [0]: [1 [1 [1, 3] 3] 3]
dim 2: [1]: [1 [1 [1, 2] 2] 2]
~ local data in LocalArray for DE 4 ~
LocalArrayPrint: Array at address 0x7f986760fbe0:
            rank = 2, typekind = 6,   Real, *8, Dim 2, Data values:
( 1, 1) =  -1.49167e-154
( 2, 1) =  -1.49167e-154
dim 1: [0]: [1 [1 [1, 2] 2] 2]
dim 2: [1]: [1 [1 [1, 1] 1] 1]
--- ESMCI::Array::print end ---
--- ESMCI::Array::print start ---
 Base name    = Array003
 Status: Base = Ready,  object = base_addr = 0x7f986760ff10
            dim[0] = 3  dim[1] = 1  
  Real, *8, Dim 2, Data values:
( 1, 1) =  0
( 2, 1) =  0
( 3, 1) =  0
dim 1: [0]: [1 [1 [1, 3] 3] 3]
dim 2: [1]: [1 [1 [1, 1] 1] 1]
--- ESMCI::Array::print end ---
Ready
 Proxy        = no
 Root Info (Attributes):
{}Array typekind/rank: Real*8 / 2 
~ lower class' values ~
  PASS  Example ESMF_ArrayBundleEx, ESMF_ArrayBundleEx.F90, line 267
  PASS  Example ESMF_ArrayBundleEx, ESMF_ArrayBundleEx.F90, line 267
DistGrid dimCount = 2
deCount = 6
localDeCount = 2
~ local data in LocalArray for DE 1 ~
LocalArrayPrint: Array at address 0x7f86dee2e670:
            rank = 2, typekind = 6, base_addr = 0x7f86dee2d6c0
            dim[0] = 2  dim[1] = 2  
  Real, *8, Dim 2, Data values:
( 1, 1) =  -1.49167e-154
( 2, 1) =  -1.49167e-154
( 1, 2) =  -1.49167e-154
( 2, 2) =  -1.49167e-154
dim 1: [0]: [1 [1 [1, 2] 2] 2]
dim 2: [1]: [1 [1 [1, 2] 2] 2]
~ local data in LocalArray for DE 5 ~
LocalArrayPrint: Array at address 0x7f86dee2e9a0:
            rank = 2, typekind = 6, base_addr = 0x7f86dee2d6e0
            dim[0] = 2  dim[1] = 1  
  Real, *8, Dim 2, Data values:
( 1, 1) =  -1.49167e-154
( 2, 1) =  -1.49167e-154
dim 1: [0]: [1 [1 [1, 2] 2] 2]
dim 2: [1]: [1 [1 [1, 1] 1] 1]
--- ESMCI::Array::print end ---
  PASS  Example ESMF_ArrayBundleEx, ESMF_ArrayBundleEx.F90, line 267
  PASS  Example ESMF_ArrayBundleEx, ESMF_ArrayBundleEx.F90, line 267
 PASS: ESMF_ArrayBundleEx.F90
 PASS: ESMF_ArrayBundleEx.F90
 PASS: ESMF_ArrayBundleEx.F90
 PASS: ESMF_ArrayBundleEx.F90
