--- ESMCI::ArrayBundle::print start ---
ArrayBundle: MyArrayBundle
arrayCount = 3
--- ESMCI::ArrayBundle::print start ---
ArrayBundle: MyArrayBundle
arrayCount = 3
--- ESMCI::ArrayBundle::print start ---
ArrayBundle: MyArrayBundle
arrayCount = 3
--- ESMCI::ArrayBundle::print start ---
ArrayBundle: MyArrayBundle
arrayCount = 3
Container::print() multipmap:item=0 key=AonFly value=0x1553190
Container::print() multipmap:item=1 key=Array002 value=0x1550530
Container::print() multipmap:item=2 key=Array003 value=0x1550d30
Container::print()      list:item=0 key=Array002 value=0x1550530
Container::print() multipmap:item=0 key=AonFly value=0x229cc60
Container::print() multipmap:item=1 key=Array002 value=0x2298df0
Container::print() multipmap:item=2 key=Array003 value=0x22999a0
Container::print()      list:item=0 key=Array002 value=0x2298df0
Container::print()      list:item=1 key=Array003 value=0x22999a0
Container::print() multipmap:item=0 key=AonFly value=0x270a710
Container::print() multipmap:item=1 key=Array002 value=0x2706960
Container::print() multipmap:item=2 key=Array003 value=0x2707490
Container::print()      list:item=0 key=Array002 value=0x2706960
Container::print()      list:item=1 key=Array003 value=0x2707490
Container::print()      list:item=2 key=AonFly value=0x270a710
--- ESMCI::ArrayBundle::print end ---
Container::print() multipmap:item=0 key=AonFly value=0x1b8d670
Container::print() multipmap:item=1 key=Array002 value=0x1b8a950
Container::print() multipmap:item=2 key=Array003 value=0x1b8b190
Container::print()      list:item=0 key=Array002 value=0x1b8a950
Container::print()      list:item=1 key=Array003 value=0x1b8b190
Container::print()      list:item=1 key=Array003 value=0x1550d30
Container::print()      list:item=2 key=AonFly value=0x1553190
--- ESMCI::ArrayBundle::print end ---
Container::print()      list:item=2 key=AonFly value=0x1b8d670
--- ESMCI::ArrayBundle::print end ---
--- ESMCI::Array::print start ---
 Base name    = AonFly
 Status: Base = Ready,  object = Ready
Container::print()      list:item=2 key=AonFly value=0x229cc60
--- ESMCI::ArrayBundle::print end ---
--- ESMCI::Array::print start ---
 Base name    = AonFly
 Status: Base = Ready,  object = Ready
--- ESMCI::Array::print start ---
 Base name    = AonFly
 Status: Base = Ready,  object = Ready
 Proxy        = no
 Root Info (Attributes):
--- ESMCI::Array::print start ---
 Base name    = AonFly
 Status: Base = Ready,  object = Ready
 Proxy        = no
 Root Info (Attributes):
 Proxy        = no
 Root Info (Attributes):
 Proxy        = no
 Root Info (Attributes):
{}{}{}{}Array typekind/rank: Real*4 / 2 
~ lower class' values ~
DistGrid dimCount = 2
deCount = 6
localDeCount = 1
~ local data in LocalArray for DE 2 ~
Array typekind/rank: Real*4 / 2 
~ lower class' values ~
DistGrid dimCount = 2
deCount = 6
localDeCount = 2
~ local data in LocalArray for DE 1 ~
Array typekind/rank: Real*4 / 2 
~ lower class' values ~
DistGrid dimCount = 2
deCount = 6
localDeCount = 1
~ local data in LocalArray for DE 3 ~
LocalArrayPrint: Array at address 0x1552e60:
Array typekind/rank: Real*4 / 2 
~ lower class' values ~
DistGrid dimCount = 2
deCount = 6
localDeCount = 2
~ local data in LocalArray for DE 0 ~
LocalArrayPrint: Array at address 0x229c600:
            rank = 2, typekind = 5, base_addr = 0x2298d30
            rank = 2, typekind = 5, base_addr = 0x1550490
            dim[0] = 2  dim[1] = 2  
  Real, *4, Dim 2, Data values:
LocalArrayPrint: Array at address 0x1b8d340:
            rank = 2, typekind = 5, base_addr = 0x1b8a8b0
            dim[0] = 3  dim[1] = 2  
  Real, *4, Dim 2, Data values:
LocalArrayPrint: Array at address 0x270a0b0:
            rank = 2, typekind = 5, base_addr = 0x27068a0
            dim[0] = 2  dim[1] = 2  
  Real, *4, Dim 2, Data values:
            dim[0] = 3  dim[1] = 2  
  Real, *4, Dim 2, Data values:
( 1, 1) =  3.91367e-38
( 2, 1) =  0
( 1, 2) =  0
( 2, 2) =  0
( 1, 1) =  6.78567e-38
( 2, 1) =  0
( 3, 1) =  0
( 1, 2) =  0
( 1, 1) =  1.24626e-37
( 2, 1) =  0
( 3, 1) =  4.2039e-45
( 1, 2) =  1.4013e-45
( 2, 2) =  0
( 1, 1) =  1.76683e-37
( 2, 1) =  0
( 1, 2) =  2.8026e-45
( 2, 2) =  1.4013e-45
dim 1: [0]: [1 [1 [1, 2] 2] 2]
dim 2: [1]: [1 [1 [1, 2] 2] 2]
~ local data in LocalArray for DE 5 ~
LocalArrayPrint: Array at address 0x270a3e0:
            rank = 2, typekind = 5, base_addr = 0x2709ff0
            dim[0] = 2  dim[1] = 1  
  Real, *4, Dim 2, Data values:
( 2, 2) =  0
( 3, 2) =  0
dim 1: [0]: [1 [1 [1, 3] 3] 3]
dim 2: [1]: [1 [1 [1, 2] 2] 2]
--- ESMCI::Array::print end ---
--- ESMCI::Array::print start ---
 Base name    = Array002
dim 1: [0]: [1 [1 [1, 2] 2] 2]
dim 2: [1]: [1 [1 [1, 2] 2] 2]
--- ESMCI::Array::print end ---
--- ESMCI::Array::print start ---
 Base name    = Array002
 Status: Base = Ready,  object = Ready
 Proxy        = no
 Root Info (Attributes):
( 3, 2) =  0
dim 1: [0]: [1 [1 [1, 3] 3] 3]
dim 2: [1]: [1 [1 [1, 2] 2] 2]
~ local data in LocalArray for DE 4 ~
LocalArrayPrint: Array at address 0x229c930:
            rank = 2, typekind = 5, base_addr = 0x229c540
{}Array typekind/rank: Real*8 / 2 
~ lower class' values ~
DistGrid dimCount = 2
deCount = 6
localDeCount = 1
~ local data in LocalArray for DE 3 ~
( 1, 1) =  1.76783e-37
( 2, 1) =  0
dim 1: [0]: [1 [1 [1, 2] 2] 2]
dim 2: [1]: [1 [1 [1, 1] 1] 1]
--- ESMCI::Array::print end ---
 Status: Base = Ready,  object = Ready
 Proxy        = no
 Root Info (Attributes):
{}Array typekind/rank: Real*8 / 2 
~ lower class' values ~
            dim[0] = 3  dim[1] = 1  
  Real, *4, Dim 2, Data values:
( 1, 1) =  1.24727e-37
( 2, 1) =  0
( 3, 1) =  0
dim 1: [0]: [1 [1 [1, 3] 3] 3]
DistGrid dimCount = 2
deCount = 6
localDeCount = 1
~ local data in LocalArray for DE 2 ~
LocalArrayPrint: Array at address 0x1af4f00:
            rank = 2, typekind = 6, base_addr = 0x1b86f60
            dim[0] = 3  dim[1] = 2  
  Real, *8, Dim 2, Data values:
LocalArrayPrint: Array at address 0x14baf00:
            rank = 2, typekind = 6, base_addr = 0x154ccc0
            dim[0] = 2  dim[1] = 2  
  Real, *8, Dim 2, Data values:
( 1, 1) =  1.10348e-316
( 2, 1) =  4.24399e-314
( 1, 2) =  0
( 2, 2) =  0
--- ESMCI::Array::print start ---
 Base name    = Array002
 Status: Base = Ready,  object = Ready
 Proxy        = no
 Root Info (Attributes):
{}Array typekind/rank: Real*8 / 2 
~ lower class' values ~
DistGrid dimCount = 2
deCount = 6
dim 2: [1]: [1 [1 [1, 1] 1] 1]
--- ESMCI::Array::print end ---
--- ESMCI::Array::print start ---
 Base name    = Array002
 Status: Base = Ready,  object = Ready
 Proxy        = no
 Root Info (Attributes):
{}Array typekind/rank: Real*8 / 2 
~ lower class' values ~
localDeCount = 2
~ local data in LocalArray for DE 1 ~
LocalArrayPrint: Array at address 0x2670f00:
            rank = 2, typekind = 6, base_addr = 0x2703050
            dim[0] = 2  dim[1] = 2  
  Real, *8, Dim 2, Data values:
( 1, 1) =  1.42624e-316
( 2, 1) =  4.24399e-314
( 3, 1) =  4.24399e-314
( 1, 2) =  4.24399e-314
( 2, 2) =  2.122e-314
( 3, 2) =  2.122e-314
dim 1: [0]: [1 [1 [1, 2] 2] 2]
dim 2: [1]: [1 [1 [1, 2] 2] 2]
--- ESMCI::Array::print end ---
--- ESMCI::Array::print start ---
 Base name    = Array003
 Status: Base = Ready,  object = Ready
 Proxy        = no
DistGrid dimCount = 2
deCount = 6
localDeCount = 2
~ local data in LocalArray for DE 0 ~
LocalArrayPrint: Array at address 0x2202f00:
            rank = 2, typekind = 6, base_addr = 0x2295e20
 Root Info (Attributes):
{}Array typekind/rank: Real*8 / 2 
~ lower class' values ~
DistGrid dimCount = 2
deCount = 6
localDeCount = 1
( 1, 1) =  2.02107e-316
( 2, 1) =  4.24399e-314
( 1, 2) =  0
( 2, 2) =  0
dim 1: [0]: [1 [1 [1, 2] 2] 2]
dim 2: [1]: [1 [1 [1, 2] 2] 2]
dim 1: [0]: [1 [1 [1, 3] 3] 3]
dim 2: [1]: [1 [1 [1, 2] 2] 2]
--- ESMCI::Array::print end ---
--- ESMCI::Array::print start ---
 Base name    = Array003
            dim[0] = 3  dim[1] = 2  
  Real, *8, Dim 2, Data values:
( 1, 1) =  1.79177e-316
( 2, 1) =  4.24399e-314
( 3, 1) =  4.24399e-314
 Status: Base = Ready,  object = Ready
 Proxy        = no
 Root Info (Attributes):
{}Array typekind/rank: Real*8 / 2 
~ lower class' values ~
DistGrid dimCount = 2
deCount = 6
localDeCount = 1
~ local data in LocalArray for DE 2 ~
~ local data in LocalArray for DE 3 ~
LocalArrayPrint: Array at address 0x144f0f0:
            rank = 2, typekind = 6, base_addr = 0x154cc90
            dim[0] = 2  dim[1] = 2  
  Real, *8, Dim 2, Data values:
( 1, 1) =  1.10349e-316
~ local data in LocalArray for DE 5 ~
LocalArrayPrint: Array at address 0x26050f0:
            rank = 2, typekind = 6, base_addr = 0x2706940
            dim[0] = 2  dim[1] = 1  
  Real, *8, Dim 2, Data values:
( 1, 1) =  0
( 2, 1) =  0
dim 1: [0]: [1 [1 [1, 2] 2] 2]
( 1, 2) =  4.24399e-314
( 2, 2) =  2.122e-314
( 3, 2) =  2.122e-314
dim 1: [0]: [1 [1 [1, 3] 3] 3]
dim 2: [1]: [1 [1 [1, 2] 2] 2]
~ local data in LocalArray for DE 4 ~
LocalArrayPrint: Array at address 0x21970f0:
dim 2: [1]: [1 [1 [1, 1] 1] 1]
--- ESMCI::Array::print end ---
--- ESMCI::Array::print start ---
 Base name    = Array003
 Status: Base = Ready,  object = Ready
 Proxy        = no
 Root Info (Attributes):
LocalArrayPrint: Array at address 0x1a890f0:
            rank = 2, typekind = 6, base_addr = 0x1b8b150
            dim[0] = 3  dim[1] = 2  
  Real, *8, Dim 2, Data values:
( 1, 1) =  0
( 2, 1) =  0
( 3, 1) =  0
( 2, 1) =  1.2732e-313
( 1, 2) =  0
( 2, 2) =  0
dim 1: [0]: [1 [1 [1, 2] 2] 2]
dim 2: [1]: [1 [1 [1, 2] 2] 2]
--- ESMCI::Array::print end ---
            rank = 2, typekind = 6, base_addr = 0x2298dd0
            dim[0] = 3  dim[1] = 1  
  Real, *8, Dim 2, Data values:
( 1, 1) =  0
( 2, 1) =  0
( 3, 1) =  0
{}Array typekind/rank: Real*8 / 2 
~ lower class' values ~
DistGrid dimCount = 2
deCount = 6
localDeCount = 2
~ local data in LocalArray for DE 1 ~
LocalArrayPrint: Array at address 0x260c870:
            rank = 2, typekind = 6, base_addr = 0x2703080
( 1, 2) =  0
( 2, 2) =  0
( 3, 2) =  0
dim 1: [0]: [1 [1 [1, 3] 3] 3]
dim 2: [1]: [1 [1 [1, 2] 2] 2]
--- ESMCI::Array::print end ---
dim 1: [0]: [1 [1 [1, 3] 3] 3]
dim 2: [1]: [1 [1 [1, 1] 1] 1]
--- ESMCI::Array::print end ---
--- ESMCI::Array::print start ---
 Base name    = Array003
 Status: Base = Ready,  object = Ready
 Proxy        = no
 Root Info (Attributes):
{}Array typekind/rank: Real*8 / 2 
~ lower class' values ~
DistGrid dimCount = 2
            dim[0] = 2  dim[1] = 2  
  Real, *8, Dim 2, Data values:
( 1, 1) =  2.02119e-316
( 2, 1) =  1.2732e-313
( 1, 2) =  0
( 2, 2) =  0
deCount = 6
localDeCount = 2
~ local data in LocalArray for DE 0 ~
LocalArrayPrint: Array at address 0x219e870:
            rank = 2, typekind = 6, base_addr = 0x2299630
dim 1: [0]: [1 [1 [1, 2] 2] 2]
dim 2: [1]: [1 [1 [1, 2] 2] 2]
~ local data in LocalArray for DE 5 ~
LocalArrayPrint: Array at address 0x2707160:
            rank = 2, typekind = 6, base_addr = 0x2703940
            dim[0] = 3  dim[1] = 2  
  Real, *8, Dim 2, Data values:
( 1, 1) =  0
  PASS  Example ESMF_ArrayBundleEx, ESMF_ArrayBundleEx.F90, line 267
            dim[0] = 2  dim[1] = 1  
( 2, 1) =  0
( 3, 1) =  0
  Real, *8, Dim 2, Data values:
( 1, 1) =  2.02178e-316
( 2, 1) =  2.122e-314
  PASS  Example ESMF_ArrayBundleEx, ESMF_ArrayBundleEx.F90, line 267
( 1, 2) =  0
( 2, 2) =  0
( 3, 2) =  0
dim 1: [0]: [1 [1 [1, 2] 2] 2]
dim 2: [1]: [1 [1 [1, 1] 1] 1]
--- ESMCI::Array::print end ---
dim 1: [0]: [1 [1 [1, 3] 3] 3]
dim 2: [1]: [1 [1 [1, 2] 2] 2]
~ local data in LocalArray for DE 4 ~
LocalArrayPrint: Array at address 0x2299670:
            rank = 2, typekind = 6, base_addr = 0x2295dd0
            dim[0] = 3  dim[1] = 1  
  Real, *8, Dim 2, Data values:
( 1, 1) =  1.79235e-316
( 2, 1) =  2.122e-314
( 3, 1) =  8.20431e-304
dim 1: [0]: [1 [1 [1, 3] 3] 3]
dim 2: [1]: [1 [1 [1, 1] 1] 1]
--- ESMCI::Array::print end ---
  PASS  Example ESMF_ArrayBundleEx, ESMF_ArrayBundleEx.F90, line 267
  PASS  Example ESMF_ArrayBundleEx, ESMF_ArrayBundleEx.F90, line 267
 PASS: ESMF_ArrayBundleEx.F90
 PASS: ESMF_ArrayBundleEx.F90
 PASS: ESMF_ArrayBundleEx.F90
 PASS: ESMF_ArrayBundleEx.F90
