20210312 072631.600 INFO             PET0 !!!!!!!!!!!!!!!!!!!!!!!!!!!!!!!!!!!!!!!!!!!!!!!!!!!!!!
20210312 072631.600 INFO             PET0 !!! THE ESMF_LOG IS SET TO OUTPUT ALL LOG MESSAGES !!!
20210312 072631.600 INFO             PET0 !!!     THIS MAY CAUSE SLOWDOWN IN PERFORMANCE     !!!
20210312 072631.600 INFO             PET0 !!! FOR PRODUCTION RUNS, USE:                      !!!
20210312 072631.600 INFO             PET0 !!!                   ESMF_LOGKIND_Multi_On_Error  !!!
20210312 072631.600 INFO             PET0 !!!!!!!!!!!!!!!!!!!!!!!!!!!!!!!!!!!!!!!!!!!!!!!!!!!!!!
20210312 072631.600 INFO             PET0 Running with ESMF Version   : ESMF_8_1_0_beta_snapshot_47-30-g1cba37d
20210312 072631.600 INFO             PET0 ESMF library build date/time: "Mar 12 2021" "07:03:50"
20210312 072631.600 INFO             PET0 ESMF library build location : /p/work1/mpotts/intel_2019.4_mpt_O
20210312 072631.600 INFO             PET0 ESMF_COMM                   : mpt
20210312 072631.601 INFO             PET0 ESMF_MOAB                   : enabled
20210312 072631.601 INFO             PET0 ESMF_LAPACK                 : enabled
20210312 072631.601 INFO             PET0 ESMF_NETCDF                 : enabled
20210312 072631.601 INFO             PET0 ESMF_PNETCDF                : disabled
20210312 072631.601 INFO             PET0 ESMF_PIO                    : enabled
20210312 072631.601 INFO             PET0 ESMF_YAMLCPP                : enabled
20210312 072631.639 INFO             PET0  NUMBER_OF_PROCESSORS           4
20210312 072631.639 INFO             PET0  PASS  Example ESMF_VMUserMpiCommMultiEx, ESMF_VMUserMpiCommMultiEx.F90, line 126
20210312 072631.639 INFO             PET0 Finalizing ESMF
20210312 072631.615 INFO             PET0 !!!!!!!!!!!!!!!!!!!!!!!!!!!!!!!!!!!!!!!!!!!!!!!!!!!!!!
20210312 072631.615 INFO             PET0 !!! THE ESMF_LOG IS SET TO OUTPUT ALL LOG MESSAGES !!!
20210312 072631.615 INFO             PET0 !!!     THIS MAY CAUSE SLOWDOWN IN PERFORMANCE     !!!
20210312 072631.615 INFO             PET0 !!! FOR PRODUCTION RUNS, USE:                      !!!
20210312 072631.615 INFO             PET0 !!!                   ESMF_LOGKIND_Multi_On_Error  !!!
20210312 072631.615 INFO             PET0 !!!!!!!!!!!!!!!!!!!!!!!!!!!!!!!!!!!!!!!!!!!!!!!!!!!!!!
20210312 072631.615 INFO             PET0 Running with ESMF Version   : ESMF_8_1_0_beta_snapshot_47-30-g1cba37d
20210312 072631.615 INFO             PET0 ESMF library build date/time: "Mar 12 2021" "07:03:50"
20210312 072631.615 INFO             PET0 ESMF library build location : /p/work1/mpotts/intel_2019.4_mpt_O
20210312 072631.615 INFO             PET0 ESMF_COMM                   : mpt
20210312 072631.627 INFO             PET0 ESMF_MOAB                   : enabled
20210312 072631.627 INFO             PET0 ESMF_LAPACK                 : enabled
20210312 072631.627 INFO             PET0 ESMF_NETCDF                 : enabled
20210312 072631.627 INFO             PET0 ESMF_PNETCDF                : disabled
20210312 072631.627 INFO             PET0 ESMF_PIO                    : enabled
20210312 072631.627 INFO             PET0 ESMF_YAMLCPP                : enabled
20210312 072631.627 INFO             PET0  NUMBER_OF_PROCESSORS           4
20210312 072631.627 INFO             PET0  PASS  Example ESMF_VMUserMpiCommMultiEx, ESMF_VMUserMpiCommMultiEx.F90, line 154
20210312 072631.627 INFO             PET0 Finalizing ESMF
20210312 072631.614 INFO             PET1 !!!!!!!!!!!!!!!!!!!!!!!!!!!!!!!!!!!!!!!!!!!!!!!!!!!!!!
20210312 072631.615 INFO             PET1 !!! THE ESMF_LOG IS SET TO OUTPUT ALL LOG MESSAGES !!!
20210312 072631.615 INFO             PET1 !!!     THIS MAY CAUSE SLOWDOWN IN PERFORMANCE     !!!
20210312 072631.615 INFO             PET1 !!! FOR PRODUCTION RUNS, USE:                      !!!
20210312 072631.615 INFO             PET1 !!!                   ESMF_LOGKIND_Multi_On_Error  !!!
20210312 072631.615 INFO             PET1 !!!!!!!!!!!!!!!!!!!!!!!!!!!!!!!!!!!!!!!!!!!!!!!!!!!!!!
20210312 072631.615 INFO             PET1 Running with ESMF Version   : ESMF_8_1_0_beta_snapshot_47-30-g1cba37d
20210312 072631.615 INFO             PET1 ESMF library build date/time: "Mar 12 2021" "07:03:50"
20210312 072631.615 INFO             PET1 ESMF library build location : /p/work1/mpotts/intel_2019.4_mpt_O
20210312 072631.615 INFO             PET1 ESMF_COMM                   : mpt
20210312 072631.627 INFO             PET1 ESMF_MOAB                   : enabled
20210312 072631.627 INFO             PET1 ESMF_LAPACK                 : enabled
20210312 072631.627 INFO             PET1 ESMF_NETCDF                 : enabled
20210312 072631.627 INFO             PET1 ESMF_PNETCDF                : disabled
20210312 072631.627 INFO             PET1 ESMF_PIO                    : enabled
20210312 072631.627 INFO             PET1 ESMF_YAMLCPP                : enabled
20210312 072631.627 INFO             PET1  NUMBER_OF_PROCESSORS           4
20210312 072631.627 INFO             PET1  PASS  Example ESMF_VMUserMpiCommMultiEx, ESMF_VMUserMpiCommMultiEx.F90, line 126
20210312 072631.627 INFO             PET1 Finalizing ESMF
20210312 072631.600 INFO             PET1 !!!!!!!!!!!!!!!!!!!!!!!!!!!!!!!!!!!!!!!!!!!!!!!!!!!!!!
20210312 072631.600 INFO             PET1 !!! THE ESMF_LOG IS SET TO OUTPUT ALL LOG MESSAGES !!!
20210312 072631.600 INFO             PET1 !!!     THIS MAY CAUSE SLOWDOWN IN PERFORMANCE     !!!
20210312 072631.600 INFO             PET1 !!! FOR PRODUCTION RUNS, USE:                      !!!
20210312 072631.600 INFO             PET1 !!!                   ESMF_LOGKIND_Multi_On_Error  !!!
20210312 072631.600 INFO             PET1 !!!!!!!!!!!!!!!!!!!!!!!!!!!!!!!!!!!!!!!!!!!!!!!!!!!!!!
20210312 072631.600 INFO             PET1 Running with ESMF Version   : ESMF_8_1_0_beta_snapshot_47-30-g1cba37d
20210312 072631.600 INFO             PET1 ESMF library build date/time: "Mar 12 2021" "07:03:50"
20210312 072631.600 INFO             PET1 ESMF library build location : /p/work1/mpotts/intel_2019.4_mpt_O
20210312 072631.600 INFO             PET1 ESMF_COMM                   : mpt
20210312 072631.601 INFO             PET1 ESMF_MOAB                   : enabled
20210312 072631.601 INFO             PET1 ESMF_LAPACK                 : enabled
20210312 072631.601 INFO             PET1 ESMF_NETCDF                 : enabled
20210312 072631.601 INFO             PET1 ESMF_PNETCDF                : disabled
20210312 072631.601 INFO             PET1 ESMF_PIO                    : enabled
20210312 072631.601 INFO             PET1 ESMF_YAMLCPP                : enabled
20210312 072631.639 INFO             PET1  NUMBER_OF_PROCESSORS           4
20210312 072631.639 INFO             PET1  PASS  Example ESMF_VMUserMpiCommMultiEx, ESMF_VMUserMpiCommMultiEx.F90, line 154
20210312 072631.639 INFO             PET1 Finalizing ESMF
