20210311 112026.603 INFO             PET0 !!!!!!!!!!!!!!!!!!!!!!!!!!!!!!!!!!!!!!!!!!!!!!!!!!!!!!
20210311 112026.603 INFO             PET0 !!! THE ESMF_LOG IS SET TO OUTPUT ALL LOG MESSAGES !!!
20210311 112026.603 INFO             PET0 !!!     THIS MAY CAUSE SLOWDOWN IN PERFORMANCE     !!!
20210311 112026.603 INFO             PET0 !!! FOR PRODUCTION RUNS, USE:                      !!!
20210311 112026.603 INFO             PET0 !!!                   ESMF_LOGKIND_Multi_On_Error  !!!
20210311 112026.603 INFO             PET0 !!!!!!!!!!!!!!!!!!!!!!!!!!!!!!!!!!!!!!!!!!!!!!!!!!!!!!
20210311 112026.603 INFO             PET0 Running with ESMF Version   : ESMF_8_1_0_beta_snapshot_47-25-gf739bcbdd5
20210311 112026.603 INFO             PET0 ESMF library build date/time: "Mar 11 2021" "10:58:13"
20210311 112026.603 INFO             PET0 ESMF library build location : /gpfsm/dnb04/projects/p98/mpotts/esmf/gfortran_8.3.0_mpiuni_g
20210311 112026.603 INFO             PET0 ESMF_COMM                   : mpiuni
20210311 112026.604 INFO             PET0 ESMF_MOAB                   : enabled
20210311 112026.604 INFO             PET0 ESMF_LAPACK                 : enabled
20210311 112026.604 INFO             PET0 ESMF_NETCDF                 : disabled
20210311 112026.604 INFO             PET0 ESMF_PNETCDF                : disabled
20210311 112026.604 INFO             PET0 ESMF_PIO                    : disabled
20210311 112026.604 INFO             PET0 ESMF_YAMLCPP                : enabled
20210311 112026.609 INFO             PET0 ESMF_FieldRedistStoreNF(): Just entered routine.
20210311 112027.167 INFO             PET0 ESMF_FieldRedistStoreNF(): Leaving routine.
20210311 112027.179 INFO             PET0  NUMBER_OF_PROCESSORS           1
20210311 112027.179 INFO             PET0  PASS  Example ESMF_RHandleFromFileEx, ESMF_RHandleFromFileEx.F90, line 192
20210311 112027.179 INFO             PET0 Finalizing ESMF
