20210419 012824.034 INFO             PET0 !!!!!!!!!!!!!!!!!!!!!!!!!!!!!!!!!!!!!!!!!!!!!!!!!!!!!!
20210419 012824.034 INFO             PET0 !!! THE ESMF_LOG IS SET TO OUTPUT ALL LOG MESSAGES !!!
20210419 012824.034 INFO             PET0 !!!     THIS MAY CAUSE SLOWDOWN IN PERFORMANCE     !!!
20210419 012824.034 INFO             PET0 !!! FOR PRODUCTION RUNS, USE:                      !!!
20210419 012824.034 INFO             PET0 !!!                   ESMF_LOGKIND_Multi_On_Error  !!!
20210419 012824.034 INFO             PET0 !!!!!!!!!!!!!!!!!!!!!!!!!!!!!!!!!!!!!!!!!!!!!!!!!!!!!!
20210419 012824.034 INFO             PET0 Running with ESMF Version   : ESMF_8_2_0_beta_snapshot_04-7-g3098c96bb1
20210419 012824.034 INFO             PET0 ESMF library build date/time: "Apr 19 2021" "01:08:53"
20210419 012824.034 INFO             PET0 ESMF library build location : /gpfsm/dnb04/projects/p98/mpotts/esmf/gfortran_8.3.0_mpiuni_O_develop
20210419 012824.034 INFO             PET0 ESMF_COMM                   : mpiuni
20210419 012824.034 INFO             PET0 ESMF_MOAB                   : enabled
20210419 012824.034 INFO             PET0 ESMF_LAPACK                 : enabled
20210419 012824.034 INFO             PET0 ESMF_NETCDF                 : disabled
20210419 012824.034 INFO             PET0 ESMF_PNETCDF                : disabled
20210419 012824.034 INFO             PET0 ESMF_PIO                    : disabled
20210419 012824.034 INFO             PET0 ESMF_YAMLCPP                : enabled
20210419 012824.034 DEBUG            PET0 service: 0  PTHREAD_STACK_MIN: 16384 bytes  stack_size: 20971520 bytes
20210419 012824.035 INFO             PET0  NUMBER_OF_PROCESSORS           1
20210419 012824.035 INFO             PET0  PASS  Example ESMF_GCompEx, ESMF_GCompEx.F90, line 465
20210419 012824.035 INFO             PET0 Finalizing ESMF
