--- ESMCI::ArrayBundle::print start ---
ArrayBundle: MyArrayBundle
arrayCount = 3
Container::print() multipmap:item=0 key=AonFly value=0x7fac5c00de00
Container::print() multipmap:item=1 key=Array002 value=0x7fac5c007a00
Container::print() multipmap:item=2 key=Array003 value=0x7fac5c001600
Container::print()      list:item=0 key=Array002 value=0x7fac5c007a00
Container::print()      list:item=1 key=Array003 value=0x7fac5c001600
Container::print()      list:item=2 key=AonFly value=0x7fac5c00de00
--- ESMCI::ArrayBundle::print end ---
--- ESMCI::Array::print start ---
 Base name    = AonFly
--- ESMCI::ArrayBundle::print start ---
ArrayBundle: MyArrayBundle
arrayCount = 3
Container::print() multipmap:item=0 key=AonFly value=0x7fb58c80b000
Container::print() multipmap:item=1 key=Array002 value=0x7fb58c809800
Container::print() multipmap:item=2 key=Array003 value=0x7fb58c809e00
Container::print()      list:item=0 key=Array002 value=0x7fb58c809800
Container::print()      list:item=1 key=Array003 value=0x7fb58c809e00
Container::print()      list:item=2 key=AonFly value=0x7fb58c80b000
--- ESMCI::ArrayBundle::print end ---
--- ESMCI::Array::print start ---
 Base name    = AonFly
 Status: Base = Ready,  object = Ready
 Proxy        = no
 Root Info (Attributes):
--- ESMCI::ArrayBundle::print start ---
ArrayBundle: MyArrayBundle
arrayCount = 3
Container::print() multipmap:item=0 key=AonFly value=0x7feeb4018600
Container::print() multipmap:item=1 key=Array002 value=0x7feeb4016e00
Container::print() multipmap:item=2 key=Array003 value=0x7feeb4017400
Container::print()      list:item=0 key=Array002 value=0x7feeb4016e00
Container::print()      list:item=1 key=Array003 value=0x7feeb4017400
Container::print()      list:item=2 key=AonFly value=0x7feeb4018600
--- ESMCI::ArrayBundle::print end ---
--- ESMCI::Array::print start ---
 Base name    = AonFly
 Status: Base = Ready,  object = Ready
 Proxy        = no
 Root Info (Attributes):
--- ESMCI::ArrayBundle::print start ---
ArrayBundle: MyArrayBundle
arrayCount = 3
Container::print() multipmap:item=0 key=AonFly value=0x7f816e05c400
Container::print() multipmap:item=1 key=Array002 value=0x7f816e058200
Container::print() multipmap:item=2 key=Array003 value=0x7f816e05b200
Container::print()      list:item=0 key=Array002 value=0x7f816e058200
Container::print()      list:item=1 key=Array003 value=0x7f816e05b200
Container::print()      list:item=2 key=AonFly value=0x7f816e05c400
--- ESMCI::ArrayBundle::print end ---
--- ESMCI::Array::print start ---
 Base name    = AonFly
 Status: Base = Ready,  object = Ready
 Proxy        = no
 Root Info (Attributes):
{}Array typekind/rank: Real*4 / 2 
~ lower class' values ~
DistGrid dimCount = 2
deCount = 6
localDeCount = 1
~ local data in LocalArray for DE 2 ~
LocalArrayPrint: Array at address 0x7f816d525da0:
            rank = 2, typekind = 5, base_addr = 0x7f816d525730
{}Array typekind/rank: Real*4 / 2 
~ lower class' values ~
DistGrid dimCount = 2
deCount = 6
localDeCount = 2
            dim[0] = 3  dim[1] = 2  
  Real, *4, Dim 2, Data values:
( 1, 1) =  0
( 2, 1) =  3.68935e+19
( 3, 1) =  0
( 1, 2) =  3.68935e+19
( 2, 2) =  4.06199e+27
( 3, 2) =  4.57398e-41
dim 1: [0]: [1 [1 [1, 3] 3] 3]
 Status: Base = Ready,  object = Ready
 Proxy        = no
 Root Info (Attributes):
{}Array typekind/rank: Real*4 / 2 
~ lower class' values ~
DistGrid dimCount = 2
deCount = 6
localDeCount = 1
{}Array typekind/rank: Real*4 / 2 
~ lower class' values ~
DistGrid dimCount = 2
deCount = 6
localDeCount = 2
~ local data in LocalArray for DE 0 ~
LocalArrayPrint: Array at address 0x7fb59d91ec70:
            rank = 2, typekind = 5, base_addr = 0x7fb59d91e2a0
            dim[0] = 3  dim[1] = 2  
  Real, *4, Dim 2, Data values:
( 1, 1) =  0
( 2, 1) =  1.0842e-19
( 3, 1) =  0
( 1, 2) =  1.0842e-19
( 2, 2) =  -3.83812e-21
( 3, 2) =  4.58127e-41
dim 1: [0]: [1 [1 [1, 3] 3] 3]
dim 2: [1]: [1 [1 [1, 2] 2] 2]
~ local data in LocalArray for DE 4 ~
LocalArrayPrint: Array at address 0x7fb59d91efa0:
            rank = 2, typekind = 5, base_addr = 0x7fb59d91e2c0
            dim[0] = 3  dim[1] = 1  
  Real, *4, Dim 2, Data values:
( 1, 1) =  0
( 2, 1) =  1.0842e-19
( 3, 1) =  0
dim 1: [0]: [1 [1 [1, 3] 3] 3]
dim 2: [1]: [1 [1 [1, 1] 1] 1]
~ local data in LocalArray for DE 1 ~
LocalArrayPrint: Array at address 0x7feeb3f0d230:
            rank = 2, typekind = 5, base_addr = 0x7feeb3f0c870
            dim[0] = 2  dim[1] = 2  
  Real, *4, Dim 2, Data values:
( 1, 1) =  0
( 2, 1) =  1.0842e-19
( 1, 2) =  0
( 2, 2) =  1.0842e-19
dim 1: [0]: [1 [1 [1, 2] 2] 2]
dim 2: [1]: [1 [1 [1, 2] 2] 2]
~ local data in LocalArray for DE 5 ~
LocalArrayPrint: Array at address 0x7feeb3f0d560:
            rank = 2, typekind = 5, base_addr = 0x7feeb3f0c880
            dim[0] = 2  dim[1] = 1  
  Real, *4, Dim 2, Data values:
( 1, 1) =  0
( 2, 1) =  1.0842e-19
dim 1: [0]: [1 [1 [1, 2] 2] 2]
dim 2: [1]: [1 [1 [1, 1] 1] 1]
--- ESMCI::Array::print end ---
--- ESMCI::Array::print start ---
 Base name    = Array002
 Status: Base = Ready,  object = Ready
 Proxy        = no
 Root Info (Attributes):
{}Array typekind/rank: Real*8 / 2 
dim 2: [1]: [1 [1 [1, 2] 2] 2]
--- ESMCI::Array::print end ---
--- ESMCI::Array::print start ---
 Base name    = Array002
 Status: Base = Ready,  object = Ready
 Proxy        = no
 Root Info (Attributes):
{}Array typekind/rank: Real*8 / 2 
~ lower class' values ~
DistGrid dimCount = 2
deCount = 6
localDeCount = 1
~ local data in LocalArray for DE 2 ~
LocalArrayPrint: Array at address 0x7f816d524260:
            rank = 2, typekind = 6, base_addr = 0x7f816d523f70
            dim[0] = 3  dim[1] = 2  
  Real, *8, Dim 2, Data values:
( 1, 1) =  2.68156e+154
( 2, 1) =  2.68156e+154
( 3, 1) =  2.122e-314
( 1, 2) =  4.17203e-309
( 2, 2) =  6.9265e-310
( 3, 2) =  6.9265e-310
dim 1: [0]: [1 [1 [1, 3] 3] 3]
dim 2: [1]: [1 [1 [1, 2] 2] 2]
--- ESMCI::Array::print end ---
--- ESMCI::Array::print start ---
 Base name    = Array003
 Status: Base = Ready,  object = Ready
 Proxy        = no
~ local data in LocalArray for DE 3 ~
LocalArrayPrint: Array at address 0x7fac5a41d040:
            rank = 2, typekind = 5, base_addr = 0x7fac5a41c9e0
            dim[0] = 2  dim[1] = 2  
  Real, *4, Dim 2, Data values:
( 1, 1) =  0
( 2, 1) =  -2.52435e-29
( 1, 2) =  0
( 2, 2) =  -2.52435e-29
dim 1: [0]: [1 [1 [1, 2] 2] 2]
dim 2: [1]: [1 [1 [1, 2] 2] 2]
--- ESMCI::Array::print end ---
--- ESMCI::Array::print start ---
 Base name    = Array002
 Status: Base = Ready,  object = Ready
 Proxy        = no
 Root Info (Attributes):
{}Array typekind/rank: Real*8 / 2 
~ lower class' values ~
DistGrid dimCount = 2
deCount = 6
localDeCount = 1
~ local data in LocalArray for DE 3 ~
LocalArrayPrint: Array at address 0x7fac5a41b540:
            rank = 2, typekind = 6, base_addr = 0x7fac5a41b250
            dim[0] = 2  dim[1] = 2  
  Real, *8, Dim 2, Data values:
--- ESMCI::Array::print end ---
--- ESMCI::Array::print start ---
 Base name    = Array002
 Status: Base = Ready,  object = Ready
 Proxy        = no
 Root Info (Attributes):
{}Array typekind/rank: Real*8 / 2 
~ lower class' values ~
DistGrid dimCount = 2
deCount = 6
localDeCount = 2
~ local data in LocalArray for DE 0 ~
LocalArrayPrint: Array at address 0x7fb59d91c3b0:
            rank = 2, typekind = 6, base_addr = 0x7fb59d91c060
            dim[0] = 3  dim[1] = 2  
  Real, *8, Dim 2, Data values:
( 1, 1) =  1.49167e-154
( 2, 1) =  1.49167e-154
( 3, 1) =  2.122e-314
~ lower class' values ~
DistGrid dimCount = 2
deCount = 6
localDeCount = 2
~ local data in LocalArray for DE 1 ~
LocalArrayPrint: Array at address 0x7feeb3f0a9e0:
            rank = 2, typekind = 6, base_addr = 0x7feeb3f0a690
            dim[0] = 2  dim[1] = 2  
  Real, *8, Dim 2, Data values:
( 1, 1) =  1.49167e-154
( 2, 1) =  1.49167e-154
( 1, 2) =  2.122e-314
( 2, 2) =  4.17203e-309
dim 1: [0]: [1 [1 [1, 2] 2] 2]
dim 2: [1]: [1 [1 [1, 2] 2] 2]
~ local data in LocalArray for DE 5 ~
LocalArrayPrint: Array at address 0x7feeb3f0ad10:
            rank = 2, typekind = 6, base_addr = 0x7feeb3f0a6b0
            dim[0] = 2  dim[1] = 1  
  Real, *8, Dim 2, Data values:
 Root Info (Attributes):
{}Array typekind/rank: Real*8 / 2 
~ lower class' values ~
DistGrid dimCount = 2
deCount = 6
localDeCount = 1
~ local data in LocalArray for DE 2 ~
LocalArrayPrint: Array at address 0x7f816d524740:
            rank = 2, typekind = 6, base_addr = 0x7f816d524700
            dim[0] = 3  dim[1] = 2  
  Real, *8, Dim 2, Data values:
( 1, 1) =  2.68156e+154
( 2, 1) =  2.68156e+154
( 3, 1) =  1.97626e-323
( 1, 2) =  0
( 2, 2) =  2.68156e+154
( 1, 1) =  -1.28823e-231
( 2, 1) =  -1.28823e-231
( 1, 2) =  2.122e-314
( 2, 2) =  4.17203e-309
dim 1: [0]: [1 [1 [1, 2] 2] 2]
dim 2: [1]: [1 [1 [1, 2] 2] 2]
--- ESMCI::Array::print end ---
--- ESMCI::Array::print start ---
 Base name    = Array003
 Status: Base = Ready,  object = Ready
 Proxy        = no
 Root Info (Attributes):
{}Array typekind/rank: Real*8 / 2 
~ lower class' values ~
DistGrid dimCount = 2
deCount = 6
( 1, 2) =  4.17203e-309
( 2, 2) =  6.93757e-310
( 3, 2) =  6.93757e-310
dim 1: [0]: [1 [1 [1, 3] 3] 3]
dim 2: [1]: [1 [1 [1, 2] 2] 2]
~ local data in LocalArray for DE 4 ~
LocalArrayPrint: Array at address 0x7fb59d91c6e0:
            rank = 2, typekind = 6, base_addr = 0x7fb59d91c090
            dim[0] = 3  dim[1] = 1  
  Real, *8, Dim 2, Data values:
( 1, 1) =  1.49167e-154
( 2, 1) =  1.49167e-154
( 3, 1) =  1.49167e-154
dim 1: [0]: [1 [1 [1, 3] 3] 3]
dim 2: [1]: [1 [1 [1, 1] 1] 1]
--- ESMCI::Array::print end ---
--- ESMCI::Array::print start ---
 Base name    = Array003
 Status: Base = Ready,  object = Ready
 Proxy        = no
 Root Info (Attributes):
{}Array typekind/rank: Real*8 / 2 
~ lower class' values ~
DistGrid dimCount = 2
deCount = 6
( 1, 1) =  1.49167e-154
( 2, 1) =  1.49167e-154
dim 1: [0]: [1 [1 [1, 2] 2] 2]
dim 2: [1]: [1 [1 [1, 1] 1] 1]
--- ESMCI::Array::print end ---
--- ESMCI::Array::print start ---
 Base name    = Array003
 Status: Base = Ready,  object = Ready
 Proxy        = no
 Root Info (Attributes):
{}Array typekind/rank: Real*8 / 2 
~ lower class' values ~
DistGrid dimCount = 2
deCount = 6
localDeCount = 2
~ local data in LocalArray for DE 1 ~
LocalArrayPrint: Array at address 0x7feeb3f0b1e0:
            rank = 2, typekind = 6, base_addr = 0x7feeb3f0a610
            dim[0] = 2  dim[1] = 2  
  Real, *8, Dim 2, Data values:
( 1, 1) =  1.49167e-154
( 2, 1) =  1.49167e-154
( 1, 2) =  1.49167e-154
( 2, 2) =  1.49167e-154
dim 1: [0]: [1 [1 [1, 2] 2] 2]
( 3, 2) =  4.17201e-309
dim 1: [0]: [1 [1 [1, 3] 3] 3]
dim 2: [1]: [1 [1 [1, 2] 2] 2]
--- ESMCI::Array::print end ---
localDeCount = 1
~ local data in LocalArray for DE 3 ~
LocalArrayPrint: Array at address 0x7fac5a41ba10:
            rank = 2, typekind = 6, base_addr = 0x7fac5a41b1d0
            dim[0] = 2  dim[1] = 2  
  Real, *8, Dim 2, Data values:
( 1, 1) =  -1.28823e-231
( 2, 1) =  -1.28823e-231
( 1, 2) =  -1.28823e-231
( 2, 2) =  -1.28823e-231
dim 1: [0]: [1 [1 [1, 2] 2] 2]
dim 2: [1]: [1 [1 [1, 2] 2] 2]
--- ESMCI::Array::print end ---
localDeCount = 2
~ local data in LocalArray for DE 0 ~
LocalArrayPrint: Array at address 0x7fb59d91cbd0:
            rank = 2, typekind = 6, base_addr = 0x7fb59d91bfe0
            dim[0] = 3  dim[1] = 2  
  Real, *8, Dim 2, Data values:
( 1, 1) =  1.49167e-154
( 2, 1) =  1.49167e-154
( 3, 1) =  1.49167e-154
( 1, 2) =  1.49167e-154
( 2, 2) =  1.49167e-154
( 3, 2) =  1.49167e-154
dim 1: [0]: [1 [1 [1, 3] 3] 3]
dim 2: [1]: [1 [1 [1, 2] 2] 2]
~ local data in LocalArray for DE 4 ~
LocalArrayPrint: Array at address 0x7fb59d91cf00:
            rank = 2, typekind = 6, base_addr = 0x7fb59d91d230
dim 2: [1]: [1 [1 [1, 2] 2] 2]
~ local data in LocalArray for DE 5 ~
LocalArrayPrint: Array at address 0x7feeb3f0b510:
            rank = 2, typekind = 6, base_addr = 0x7feeb3f0a630
            dim[0] = 2  dim[1] = 1  
  Real, *8, Dim 2, Data values:
( 1, 1) =  1.49167e-154
( 2, 1) =  1.49167e-154
dim 1: [0]: [1 [1 [1, 2] 2] 2]
dim 2: [1]: [1 [1 [1, 1] 1] 1]
--- ESMCI::Array::print end ---
  PASS  Example ESMF_ArrayBundleEx, ESMF_ArrayBundleEx.F90, line 267
  PASS  Example ESMF_ArrayBundleEx, ESMF_ArrayBundleEx.F90, line 267
            dim[0] = 3  dim[1] = 1  
  Real, *8, Dim 2, Data values:
( 1, 1) =  0
( 2, 1) =  0
( 3, 1) =  0
dim 1: [0]: [1 [1 [1, 3] 3] 3]
dim 2: [1]: [1 [1 [1, 1] 1] 1]
--- ESMCI::Array::print end ---
  PASS  Example ESMF_ArrayBundleEx, ESMF_ArrayBundleEx.F90, line 267
  PASS  Example ESMF_ArrayBundleEx, ESMF_ArrayBundleEx.F90, line 267
 PASS: ESMF_ArrayBundleEx.F90
 PASS: ESMF_ArrayBundleEx.F90
 PASS: ESMF_ArrayBundleEx.F90
 PASS: ESMF_ArrayBundleEx.F90
