20210319 064930.566 INFO             PET0 !!!!!!!!!!!!!!!!!!!!!!!!!!!!!!!!!!!!!!!!!!!!!!!!!!!!!!
20210319 064930.566 INFO             PET0 !!! THE ESMF_LOG IS SET TO OUTPUT ALL LOG MESSAGES !!!
20210319 064930.566 INFO             PET0 !!!     THIS MAY CAUSE SLOWDOWN IN PERFORMANCE     !!!
20210319 064930.566 INFO             PET0 !!! FOR PRODUCTION RUNS, USE:                      !!!
20210319 064930.566 INFO             PET0 !!!                   ESMF_LOGKIND_Multi_On_Error  !!!
20210319 064930.566 INFO             PET0 !!!!!!!!!!!!!!!!!!!!!!!!!!!!!!!!!!!!!!!!!!!!!!!!!!!!!!
20210319 064930.566 INFO             PET0 Running with ESMF Version   : ESMF_8_1_0_beta_snapshot_47-55-g845ba43dcd
20210319 064930.566 INFO             PET0 ESMF library build date/time: "Mar 19 2021" "06:05:44"
20210319 064930.566 INFO             PET0 ESMF library build location : /scratch1/NCEPDEV/da/Mark.Potts/sandbox/intel_18.0.4_mpiuni_O
20210319 064930.566 INFO             PET0 ESMF_COMM                   : mpiuni
20210319 064930.567 INFO             PET0 ESMF_MOAB                   : enabled
20210319 064930.567 INFO             PET0 ESMF_LAPACK                 : enabled
20210319 064930.567 INFO             PET0 ESMF_NETCDF                 : enabled
20210319 064930.567 INFO             PET0 ESMF_PNETCDF                : disabled
20210319 064930.567 INFO             PET0 ESMF_PIO                    : disabled
20210319 064930.567 INFO             PET0 ESMF_YAMLCPP                : enabled
20210319 064930.567 INFO             PET0 ESMF Tracing Enabled
20210319 064930.567 INFO             PET0 ESMF Profiling Enabled
20210319 064930.567 INFO             PET0 ESMF Trace/Profile clock: REALTIME
20210319 064930.570 INFO             PET0  NUMBER_OF_PROCESSORS           1
20210319 064930.570 INFO             PET0  PASS  Example ESMF_TraceUserEx, ESMF_TraceUserEx.F90, line 125
20210319 064930.570 INFO             PET0 Finalizing ESMF
20210319 064930.570 INFO             PET0 **************** Region Timings *******************
20210319 064930.570 INFO             PET0 Region              Count  Total (s)   Self (s)    Mean (s)    Min (s)     Max (s)
20210319 064930.570 INFO             PET0   outer_region      1      0.0001      0.0000      0.0001      0.0001      0.0001
20210319 064930.570 INFO             PET0     inner_region_1  10     0.0000      0.0000      0.0000      0.0000      0.0000
20210319 064930.570 INFO             PET0     inner_region_2  10     0.0000      0.0000      0.0000      0.0000      0.0000
