 
Installing ESMF:
 
mkdir -p /project/esmf/bh_python/nag_6.2_mpiuni_g/DEFAULTINSTALLDIR/include
cp -f /project/esmf/bh_python/nag_6.2_mpiuni_g/src/include/ESMC.h /project/esmf/bh_python/nag_6.2_mpiuni_g/DEFAULTINSTALLDIR/include
cp -f /project/esmf/bh_python/nag_6.2_mpiuni_g/src/include/ESMC_*.h /project/esmf/bh_python/nag_6.2_mpiuni_g/DEFAULTINSTALLDIR/include
cp -f /project/esmf/bh_python/nag_6.2_mpiuni_g/build_config/Linux.nag.default/ESMC_Conf.h /project/esmf/bh_python/nag_6.2_mpiuni_g/DEFAULTINSTALLDIR/include
mkdir -p /project/esmf/bh_python/nag_6.2_mpiuni_g/DEFAULTINSTALLDIR/mod/modg/Linux.nag.64.mpiuni.default
cp -f /project/esmf/bh_python/nag_6.2_mpiuni_g/mod/modg/Linux.nag.64.mpiuni.default/*.mod /project/esmf/bh_python/nag_6.2_mpiuni_g/DEFAULTINSTALLDIR/mod/modg/Linux.nag.64.mpiuni.default
mkdir -p /project/esmf/bh_python/nag_6.2_mpiuni_g/DEFAULTINSTALLDIR/lib/libg/Linux.nag.64.mpiuni.default
cp -f /project/esmf/bh_python/nag_6.2_mpiuni_g/lib/libg/Linux.nag.64.mpiuni.default/libesmf*.* /project/esmf/bh_python/nag_6.2_mpiuni_g/DEFAULTINSTALLDIR/lib/libg/Linux.nag.64.mpiuni.default
make ESMF_PRELOADDIR=/project/esmf/bh_python/nag_6.2_mpiuni_g/DEFAULTINSTALLDIR/lib/libg/Linux.nag.64.mpiuni.default build_preload_script
make[1]: Entering directory `/project/esmf/bh_python/nag_6.2_mpiuni_g'
chmod 755 /project/esmf/bh_python/nag_6.2_mpiuni_g/DEFAULTINSTALLDIR/lib/libg/Linux.nag.64.mpiuni.default/preload.sh
make[1]: Leaving directory `/project/esmf/bh_python/nag_6.2_mpiuni_g'
ranlib /project/esmf/bh_python/nag_6.2_mpiuni_g/DEFAULTINSTALLDIR/lib/libg/Linux.nag.64.mpiuni.default/libesmf*.a
make install_apps
make[1]: Entering directory `/project/esmf/bh_python/nag_6.2_mpiuni_g'
mkdir -p /project/esmf/bh_python/nag_6.2_mpiuni_g/DEFAULTINSTALLDIR/bin/bing/Linux.nag.64.mpiuni.default
make build_apps ESMF_APPSDIR=/project/esmf/bh_python/nag_6.2_mpiuni_g/DEFAULTINSTALLDIR/bin/bing/Linux.nag.64.mpiuni.default ESMF_LDIR=/project/esmf/bh_python/nag_6.2_mpiuni_g/DEFAULTINSTALLDIR/lib/libg/Linux.nag.64.mpiuni.default ESMF_LIBDIR=/project/esmf/bh_python/nag_6.2_mpiuni_g/DEFAULTINSTALLDIR/lib/libg/Linux.nag.64.mpiuni.default ESMF_MODDIR=/project/esmf/bh_python/nag_6.2_mpiuni_g/DEFAULTINSTALLDIR/mod/modg/Linux.nag.64.mpiuni.default
make[2]: Entering directory `/project/esmf/bh_python/nag_6.2_mpiuni_g'
cd /project/esmf/bh_python/nag_6.2_mpiuni_g/src/apps; make ACTION=tree_build_apps tree
make[3]: Entering directory `/project/esmf/bh_python/nag_6.2_mpiuni_g/src/apps'
tree_build_apps in: /project/esmf/bh_python/nag_6.2_mpiuni_g/src/apps/ESMF_PrintInfo
make[4]: Entering directory `/project/esmf/bh_python/nag_6.2_mpiuni_g/src/apps/ESMF_PrintInfo'
make chkdir_locobj
make[5]: Entering directory `/project/esmf/bh_python/nag_6.2_mpiuni_g/src/apps/ESMF_PrintInfo'
Making directory /project/esmf/bh_python/nag_6.2_mpiuni_g/obj/objg/Linux.nag.64.mpiuni.default/src/apps/ESMF_PrintInfo for apps output
make[5]: Leaving directory `/project/esmf/bh_python/nag_6.2_mpiuni_g/src/apps/ESMF_PrintInfo'
nagfor -c -g -pic -DESMF_NAG_UNIX_MODULE -dusty -thread_safe  -openmp -I/project/esmf/bh_python/nag_6.2_mpiuni_g/src/apps/ESMF_PrintInfo -I/project/esmf/bh_python/nag_6.2_mpiuni_g/build_config/Linux.nag.default -I/project/esmf/bh_python/nag_6.2_mpiuni_g/src/Infrastructure -I/project/esmf/bh_python/nag_6.2_mpiuni_g/src/Superstructure -I/project/esmf/bh_python/nag_6.2_mpiuni_g/DEFAULTINSTALLDIR/mod/modg/Linux.nag.64.mpiuni.default -I/project/esmf/bh_python/nag_6.2_mpiuni_g/src/include -I/usr/local/netcdf-c-4.6.1-f-4.4.4-gcc-g++-8.1.0-nag-6.2/include -I/usr/local/netcdf-c-4.6.1-f-4.4.4-gcc-g++-8.1.0-nag-6.2/include  -DESMF_NO_INTEGER_1_BYTE -DESMF_NO_INTEGER_2_BYTE -DESMFVERSIONGIT='"ESMF_8_1_0_beta_snapshot_47-22-gffbbe5951e"' -DESMF_MOAB=1 -DESMF_LAPACK=1 -DESMF_LAPACK_INTERNAL=1 -DESMF_NO_ACC_SOFTWARE_STACK=1 -DESMF_NETCDF=1 -DESMF_YAMLCPP=1 -DESMF_YAML=1 -DESMF_NO_OPENACC -DESMF_TESTEXHAUSTIVE -DESMF_BOPT_g -DESMF_TESTCOMPTUNNEL -DESMF_TESTWITHTHREADS -DS64=1 -DESMF_OS_Linux=1 -DESMF_COMM=mpiuni -DESMF_DIR=/project/esmf/bh_python/nag_6.2_mpiuni_g -DESMF_MPIUNI -DESMF_NO_F2018ASSUMEDTYPE ESMF_PrintInfo.F90 -o /project/esmf/bh_python/nag_6.2_mpiuni_g/obj/objg/Linux.nag.64.mpiuni.default/src/apps/ESMF_PrintInfo/ESMF_PrintInfo.o
NAG Fortran Compiler Release 6.2(Chiyoda) Build 6207
Warning: ESMF_PrintInfo.F90, line 90: Unused local variable ARGFLAG
Warning: ESMF_PrintInfo.F90, line 90: Unused local variable ARGINDEX
[NAG Fortran Compiler normal termination, 2 warnings]
make chkdir_apps
make[5]: Entering directory `/project/esmf/bh_python/nag_6.2_mpiuni_g/src/apps/ESMF_PrintInfo'
make[5]: Leaving directory `/project/esmf/bh_python/nag_6.2_mpiuni_g/src/apps/ESMF_PrintInfo'
nagfor    -thread_safe -Wl,-Wl,,--no-as-needed  -openmp -L/project/esmf/bh_python/nag_6.2_mpiuni_g/DEFAULTINSTALLDIR/lib/libg/Linux.nag.64.mpiuni.default -L/usr/local/netcdf-c-4.6.1-f-4.4.4-gcc-g++-8.1.0-nag-6.2/lib -L/usr/local/netcdf-c-4.6.1-f-4.4.4-gcc-g++-8.1.0-nag-6.2/lib -L/usr/local/gcc-g++-gfortran-8.1.0/lib -L/usr/local/nag-6.2/lib -L/usr/local/netcdf-c-4.6.1-f-4.4.4-gcc-g++-gfortran-8.1.0/lib -L/usr/local/hdf5-1.8.7-gcc-g++-gfortran-8.1.0/lib -L/usr/local/gcc-g++-gfortran-8.1.0/lib/gcc/x86_64-pc-linux-gnu/8.1.0/../../../../lib64/ -Wl,-Wl,,-rpath,,/project/esmf/bh_python/nag_6.2_mpiuni_g/DEFAULTINSTALLDIR/lib/libg/Linux.nag.64.mpiuni.default -Wl,-Wl,,-rpath,,/usr/local/netcdf-c-4.6.1-f-4.4.4-gcc-g++-8.1.0-nag-6.2/lib -Wl,-Wl,,-rpath,,/usr/local/netcdf-c-4.6.1-f-4.4.4-gcc-g++-8.1.0-nag-6.2/lib -Wl,-Wl,,-rpath,,/usr/local/gcc-g++-gfortran-8.1.0/lib -Wl,-Wl,,-rpath,,/usr/local/nag-6.2/lib -Wl,-Wl,,-rpath,,/usr/local/netcdf-c-4.6.1-f-4.4.4-gcc-g++-gfortran-8.1.0/lib -Wl,-Wl,,-rpath,,/usr/local/hdf5-1.8.7-gcc-g++-gfortran-8.1.0/lib -Wl,-Wl,,-rpath,,/usr/local/gcc-g++-gfortran-8.1.0/lib/gcc/x86_64-pc-linux-gnu/8.1.0/../../../../lib64/ -o /project/esmf/bh_python/nag_6.2_mpiuni_g/DEFAULTINSTALLDIR/bin/bing/Linux.nag.64.mpiuni.default/ESMF_PrintInfo /project/esmf/bh_python/nag_6.2_mpiuni_g/obj/objg/Linux.nag.64.mpiuni.default/src/apps/ESMF_PrintInfo/ESMF_PrintInfo.o -lesmf  -lrt -lstdc++ -ldl -lnetcdf -lnetcdff -lnetcdf -lnetcdf
NAG Fortran Compiler Release 6.2(Chiyoda) Build 6207
make[4]: Leaving directory `/project/esmf/bh_python/nag_6.2_mpiuni_g/src/apps/ESMF_PrintInfo'
tree_build_apps in: /project/esmf/bh_python/nag_6.2_mpiuni_g/src/apps/ESMF_PrintInfoC
make[4]: Entering directory `/project/esmf/bh_python/nag_6.2_mpiuni_g/src/apps/ESMF_PrintInfoC'
make chkdir_locobj
make[5]: Entering directory `/project/esmf/bh_python/nag_6.2_mpiuni_g/src/apps/ESMF_PrintInfoC'
Making directory /project/esmf/bh_python/nag_6.2_mpiuni_g/obj/objg/Linux.nag.64.mpiuni.default/src/apps/ESMF_PrintInfoC for apps output
make[5]: Leaving directory `/project/esmf/bh_python/nag_6.2_mpiuni_g/src/apps/ESMF_PrintInfoC'
g++ -c -std=c++11 -g -fPIC -pthread  -fopenmp -I/project/esmf/bh_python/nag_6.2_mpiuni_g/src/apps/ESMF_PrintInfoC -I/project/esmf/bh_python/nag_6.2_mpiuni_g/src/apps/ESMF_PrintInfoC/../include -I/project/esmf/bh_python/nag_6.2_mpiuni_g/build_config/Linux.nag.default -I/project/esmf/bh_python/nag_6.2_mpiuni_g/src/Infrastructure -I/project/esmf/bh_python/nag_6.2_mpiuni_g/src/Superstructure -I/project/esmf/bh_python/nag_6.2_mpiuni_g/src/Infrastructure/stubs/pthread  -I/project/esmf/bh_python/nag_6.2_mpiuni_g/src/include  -I/usr/local/netcdf-c-4.6.1-f-4.4.4-gcc-g++-8.1.0-nag-6.2/include -I/project/esmf/bh_python/nag_6.2_mpiuni_g/src/Infrastructure/stubs/mpiuni -I/project/esmf/bh_python/nag_6.2_mpiuni_g/src/prologue/yaml-cpp/include -DESMF_NO_INTEGER_1_BYTE -DESMF_NO_INTEGER_2_BYTE -DESMFVERSIONGIT='"ESMF_8_1_0_beta_snapshot_47-22-gffbbe5951e"' -DESMF_MOAB=1 -DESMF_LAPACK=1 -DESMF_LAPACK_INTERNAL=1 -DESMF_NO_ACC_SOFTWARE_STACK=1 -DESMF_NETCDF=1 -DESMF_YAMLCPP=1 -DESMF_YAML=1 -DESMF_NO_OPENACC -DESMF_TESTEXHAUSTIVE -DESMF_BOPT_g -DESMF_TESTCOMPTUNNEL -DESMF_TESTWITHTHREADS -DS64=1 -DESMF_OS_Linux=1 -DESMF_COMM=mpiuni -DESMF_DIR=/project/esmf/bh_python/nag_6.2_mpiuni_g -D__SDIR__='"src/apps/ESMF_PrintInfoC"' -DESMF_CXXSTD=11 -DESMF_MPIUNI -DESMF_NO_F2018ASSUMEDTYPE ESMF_PrintInfoC.c -o /project/esmf/bh_python/nag_6.2_mpiuni_g/obj/objg/Linux.nag.64.mpiuni.default/src/apps/ESMF_PrintInfoC/ESMF_PrintInfoC.o
make chkdir_apps
make[5]: Entering directory `/project/esmf/bh_python/nag_6.2_mpiuni_g/src/apps/ESMF_PrintInfoC'
make[5]: Leaving directory `/project/esmf/bh_python/nag_6.2_mpiuni_g/src/apps/ESMF_PrintInfoC'
g++    -pthread -Wl,--no-as-needed  -fopenmp -L/project/esmf/bh_python/nag_6.2_mpiuni_g/DEFAULTINSTALLDIR/lib/libg/Linux.nag.64.mpiuni.default -L/usr/local/netcdf-c-4.6.1-f-4.4.4-gcc-g++-8.1.0-nag-6.2/lib -L/usr/local/netcdf-c-4.6.1-f-4.4.4-gcc-g++-8.1.0-nag-6.2/lib -L/usr/local/gcc-g++-gfortran-8.1.0/lib -L/usr/local/nag-6.2/lib -L/usr/local/netcdf-c-4.6.1-f-4.4.4-gcc-g++-gfortran-8.1.0/lib -L/usr/local/hdf5-1.8.7-gcc-g++-gfortran-8.1.0/lib -Wl,-rpath,/project/esmf/bh_python/nag_6.2_mpiuni_g/DEFAULTINSTALLDIR/lib/libg/Linux.nag.64.mpiuni.default -Wl,-rpath,/usr/local/netcdf-c-4.6.1-f-4.4.4-gcc-g++-8.1.0-nag-6.2/lib -Wl,-rpath,/usr/local/netcdf-c-4.6.1-f-4.4.4-gcc-g++-8.1.0-nag-6.2/lib -Wl,-rpath,/usr/local/gcc-g++-gfortran-8.1.0/lib -Wl,-rpath,/usr/local/nag-6.2/lib -Wl,-rpath,/usr/local/netcdf-c-4.6.1-f-4.4.4-gcc-g++-gfortran-8.1.0/lib -Wl,-rpath,/usr/local/hdf5-1.8.7-gcc-g++-gfortran-8.1.0/lib -o /project/esmf/bh_python/nag_6.2_mpiuni_g/DEFAULTINSTALLDIR/bin/bing/Linux.nag.64.mpiuni.default/ESMF_PrintInfoC /project/esmf/bh_python/nag_6.2_mpiuni_g/obj/objg/Linux.nag.64.mpiuni.default/src/apps/ESMF_PrintInfoC/ESMF_PrintInfoC.o -lesmf  -lrt -ldl -m64 /usr/local/nag-6.2/lib/NAG_Fortran/f62init.o /usr/local/nag-6.2/lib/NAG_Fortran/quickfit.o -Wl,-rpath,/usr/local/nag-6.2/lib/NAG_Fortran /usr/local/nag-6.2/lib/NAG_Fortran/libf62rts.so /usr/local/nag-6.2/lib/NAG_Fortran/libf62rts.a -lm -lnetcdf -lnetcdff -lnetcdf -lnetcdf
make[4]: Leaving directory `/project/esmf/bh_python/nag_6.2_mpiuni_g/src/apps/ESMF_PrintInfoC'
tree_build_apps in: /project/esmf/bh_python/nag_6.2_mpiuni_g/src/apps/ESMF_RegridWeightGen
make[4]: Entering directory `/project/esmf/bh_python/nag_6.2_mpiuni_g/src/apps/ESMF_RegridWeightGen'
make chkdir_locobj
make[5]: Entering directory `/project/esmf/bh_python/nag_6.2_mpiuni_g/src/apps/ESMF_RegridWeightGen'
Making directory /project/esmf/bh_python/nag_6.2_mpiuni_g/obj/objg/Linux.nag.64.mpiuni.default/src/apps/ESMF_RegridWeightGen for apps output
make[5]: Leaving directory `/project/esmf/bh_python/nag_6.2_mpiuni_g/src/apps/ESMF_RegridWeightGen'
nagfor -c -g -pic -DESMF_NAG_UNIX_MODULE -dusty -thread_safe  -openmp -I/project/esmf/bh_python/nag_6.2_mpiuni_g/src/apps/ESMF_RegridWeightGen -I/project/esmf/bh_python/nag_6.2_mpiuni_g/build_config/Linux.nag.default -I/project/esmf/bh_python/nag_6.2_mpiuni_g/src/Infrastructure -I/project/esmf/bh_python/nag_6.2_mpiuni_g/src/Superstructure -I/project/esmf/bh_python/nag_6.2_mpiuni_g/DEFAULTINSTALLDIR/mod/modg/Linux.nag.64.mpiuni.default -I/project/esmf/bh_python/nag_6.2_mpiuni_g/src/include -I/usr/local/netcdf-c-4.6.1-f-4.4.4-gcc-g++-8.1.0-nag-6.2/include -I/usr/local/netcdf-c-4.6.1-f-4.4.4-gcc-g++-8.1.0-nag-6.2/include  -DESMF_NO_INTEGER_1_BYTE -DESMF_NO_INTEGER_2_BYTE -DESMFVERSIONGIT='"ESMF_8_1_0_beta_snapshot_47-22-gffbbe5951e"' -DESMF_MOAB=1 -DESMF_LAPACK=1 -DESMF_LAPACK_INTERNAL=1 -DESMF_NO_ACC_SOFTWARE_STACK=1 -DESMF_NETCDF=1 -DESMF_YAMLCPP=1 -DESMF_YAML=1 -DESMF_NO_OPENACC -DESMF_TESTEXHAUSTIVE -DESMF_BOPT_g -DESMF_TESTCOMPTUNNEL -DESMF_TESTWITHTHREADS -DS64=1 -DESMF_OS_Linux=1 -DESMF_COMM=mpiuni -DESMF_DIR=/project/esmf/bh_python/nag_6.2_mpiuni_g -DESMF_MPIUNI -DESMF_NO_F2018ASSUMEDTYPE ESMF_RegridWeightGen.F90 -o /project/esmf/bh_python/nag_6.2_mpiuni_g/obj/objg/Linux.nag.64.mpiuni.default/src/apps/ESMF_RegridWeightGen/ESMF_RegridWeightGen.o
NAG Fortran Compiler Release 6.2(Chiyoda) Build 6207
Warning: ESMF_RegridWeightGen.F90, line 1402: Unused local variable ARGVALUE
Warning: ESMF_RegridWeightGen.F90, line 1402: Unused local variable COUNT
Warning: ESMF_RegridWeightGen.F90, line 1402: Unused local variable CWD
Warning: ESMF_RegridWeightGen.F90, line 1402: Unused local variable I
Questionable: ESMF_RegridWeightGen.F90, line 1402: Variable MSGBUF set but never referenced
Questionable: ESMF_RegridWeightGen.F90, line 1402: Variable TYPESETFLAG set but never referenced
[NAG Fortran Compiler normal termination, 6 warnings]
make chkdir_apps
make[5]: Entering directory `/project/esmf/bh_python/nag_6.2_mpiuni_g/src/apps/ESMF_RegridWeightGen'
make[5]: Leaving directory `/project/esmf/bh_python/nag_6.2_mpiuni_g/src/apps/ESMF_RegridWeightGen'
nagfor    -thread_safe -Wl,-Wl,,--no-as-needed  -openmp -L/project/esmf/bh_python/nag_6.2_mpiuni_g/DEFAULTINSTALLDIR/lib/libg/Linux.nag.64.mpiuni.default -L/usr/local/netcdf-c-4.6.1-f-4.4.4-gcc-g++-8.1.0-nag-6.2/lib -L/usr/local/netcdf-c-4.6.1-f-4.4.4-gcc-g++-8.1.0-nag-6.2/lib -L/usr/local/gcc-g++-gfortran-8.1.0/lib -L/usr/local/nag-6.2/lib -L/usr/local/netcdf-c-4.6.1-f-4.4.4-gcc-g++-gfortran-8.1.0/lib -L/usr/local/hdf5-1.8.7-gcc-g++-gfortran-8.1.0/lib -L/usr/local/gcc-g++-gfortran-8.1.0/lib/gcc/x86_64-pc-linux-gnu/8.1.0/../../../../lib64/ -Wl,-Wl,,-rpath,,/project/esmf/bh_python/nag_6.2_mpiuni_g/DEFAULTINSTALLDIR/lib/libg/Linux.nag.64.mpiuni.default -Wl,-Wl,,-rpath,,/usr/local/netcdf-c-4.6.1-f-4.4.4-gcc-g++-8.1.0-nag-6.2/lib -Wl,-Wl,,-rpath,,/usr/local/netcdf-c-4.6.1-f-4.4.4-gcc-g++-8.1.0-nag-6.2/lib -Wl,-Wl,,-rpath,,/usr/local/gcc-g++-gfortran-8.1.0/lib -Wl,-Wl,,-rpath,,/usr/local/nag-6.2/lib -Wl,-Wl,,-rpath,,/usr/local/netcdf-c-4.6.1-f-4.4.4-gcc-g++-gfortran-8.1.0/lib -Wl,-Wl,,-rpath,,/usr/local/hdf5-1.8.7-gcc-g++-gfortran-8.1.0/lib -Wl,-Wl,,-rpath,,/usr/local/gcc-g++-gfortran-8.1.0/lib/gcc/x86_64-pc-linux-gnu/8.1.0/../../../../lib64/ -o /project/esmf/bh_python/nag_6.2_mpiuni_g/DEFAULTINSTALLDIR/bin/bing/Linux.nag.64.mpiuni.default/ESMF_RegridWeightGen /project/esmf/bh_python/nag_6.2_mpiuni_g/obj/objg/Linux.nag.64.mpiuni.default/src/apps/ESMF_RegridWeightGen/ESMF_RegridWeightGen.o -lesmf  -lrt -lstdc++ -ldl -lnetcdf -lnetcdff -lnetcdf -lnetcdf
NAG Fortran Compiler Release 6.2(Chiyoda) Build 6207
make[4]: Leaving directory `/project/esmf/bh_python/nag_6.2_mpiuni_g/src/apps/ESMF_RegridWeightGen'
tree_build_apps in: /project/esmf/bh_python/nag_6.2_mpiuni_g/src/apps/ESMF_WebServController
make[4]: Entering directory `/project/esmf/bh_python/nag_6.2_mpiuni_g/src/apps/ESMF_WebServController'
make chkdir_locobj
make[5]: Entering directory `/project/esmf/bh_python/nag_6.2_mpiuni_g/src/apps/ESMF_WebServController'
Making directory /project/esmf/bh_python/nag_6.2_mpiuni_g/obj/objg/Linux.nag.64.mpiuni.default/src/apps/ESMF_WebServController for apps output
make[5]: Leaving directory `/project/esmf/bh_python/nag_6.2_mpiuni_g/src/apps/ESMF_WebServController'
g++ -c -std=c++11 -g -fPIC -pthread  -fopenmp -I/project/esmf/bh_python/nag_6.2_mpiuni_g/src/apps/ESMF_WebServController -I/project/esmf/bh_python/nag_6.2_mpiuni_g/src/apps/ESMF_WebServController/../include -I/project/esmf/bh_python/nag_6.2_mpiuni_g/build_config/Linux.nag.default -I/project/esmf/bh_python/nag_6.2_mpiuni_g/src/Infrastructure -I/project/esmf/bh_python/nag_6.2_mpiuni_g/src/Superstructure -I/project/esmf/bh_python/nag_6.2_mpiuni_g/src/Infrastructure/stubs/pthread  -I/project/esmf/bh_python/nag_6.2_mpiuni_g/src/include  -I/usr/local/netcdf-c-4.6.1-f-4.4.4-gcc-g++-8.1.0-nag-6.2/include -I/project/esmf/bh_python/nag_6.2_mpiuni_g/src/Infrastructure/stubs/mpiuni -I/project/esmf/bh_python/nag_6.2_mpiuni_g/src/prologue/yaml-cpp/include -DESMF_NO_INTEGER_1_BYTE -DESMF_NO_INTEGER_2_BYTE -DESMFVERSIONGIT='"ESMF_8_1_0_beta_snapshot_47-22-gffbbe5951e"' -DESMF_MOAB=1 -DESMF_LAPACK=1 -DESMF_LAPACK_INTERNAL=1 -DESMF_NO_ACC_SOFTWARE_STACK=1 -DESMF_NETCDF=1 -DESMF_YAMLCPP=1 -DESMF_YAML=1 -DESMF_NO_OPENACC -DESMF_TESTEXHAUSTIVE -DESMF_BOPT_g -DESMF_TESTCOMPTUNNEL -DESMF_TESTWITHTHREADS -DS64=1 -DESMF_OS_Linux=1 -DESMF_COMM=mpiuni -DESMF_DIR=/project/esmf/bh_python/nag_6.2_mpiuni_g -D__SDIR__='"src/apps/ESMF_WebServController"' -DESMF_CXXSTD=11 -DESMF_MPIUNI -DESMF_NO_F2018ASSUMEDTYPE ESMF_WebServController.C -o /project/esmf/bh_python/nag_6.2_mpiuni_g/obj/objg/Linux.nag.64.mpiuni.default/src/apps/ESMF_WebServController/ESMF_WebServController.o
make chkdir_apps
make[5]: Entering directory `/project/esmf/bh_python/nag_6.2_mpiuni_g/src/apps/ESMF_WebServController'
make[5]: Leaving directory `/project/esmf/bh_python/nag_6.2_mpiuni_g/src/apps/ESMF_WebServController'
g++    -pthread -Wl,--no-as-needed  -fopenmp -L/project/esmf/bh_python/nag_6.2_mpiuni_g/DEFAULTINSTALLDIR/lib/libg/Linux.nag.64.mpiuni.default -L/usr/local/netcdf-c-4.6.1-f-4.4.4-gcc-g++-8.1.0-nag-6.2/lib -L/usr/local/netcdf-c-4.6.1-f-4.4.4-gcc-g++-8.1.0-nag-6.2/lib -L/usr/local/gcc-g++-gfortran-8.1.0/lib -L/usr/local/nag-6.2/lib -L/usr/local/netcdf-c-4.6.1-f-4.4.4-gcc-g++-gfortran-8.1.0/lib -L/usr/local/hdf5-1.8.7-gcc-g++-gfortran-8.1.0/lib -Wl,-rpath,/project/esmf/bh_python/nag_6.2_mpiuni_g/DEFAULTINSTALLDIR/lib/libg/Linux.nag.64.mpiuni.default -Wl,-rpath,/usr/local/netcdf-c-4.6.1-f-4.4.4-gcc-g++-8.1.0-nag-6.2/lib -Wl,-rpath,/usr/local/netcdf-c-4.6.1-f-4.4.4-gcc-g++-8.1.0-nag-6.2/lib -Wl,-rpath,/usr/local/gcc-g++-gfortran-8.1.0/lib -Wl,-rpath,/usr/local/nag-6.2/lib -Wl,-rpath,/usr/local/netcdf-c-4.6.1-f-4.4.4-gcc-g++-gfortran-8.1.0/lib -Wl,-rpath,/usr/local/hdf5-1.8.7-gcc-g++-gfortran-8.1.0/lib -o /project/esmf/bh_python/nag_6.2_mpiuni_g/DEFAULTINSTALLDIR/bin/bing/Linux.nag.64.mpiuni.default/ESMF_WebServController /project/esmf/bh_python/nag_6.2_mpiuni_g/obj/objg/Linux.nag.64.mpiuni.default/src/apps/ESMF_WebServController/ESMF_WebServController.o -lesmf  -lrt -ldl -m64 /usr/local/nag-6.2/lib/NAG_Fortran/f62init.o /usr/local/nag-6.2/lib/NAG_Fortran/quickfit.o -Wl,-rpath,/usr/local/nag-6.2/lib/NAG_Fortran /usr/local/nag-6.2/lib/NAG_Fortran/libf62rts.so /usr/local/nag-6.2/lib/NAG_Fortran/libf62rts.a -lm -lnetcdf -lnetcdff -lnetcdf -lnetcdf
make[4]: Leaving directory `/project/esmf/bh_python/nag_6.2_mpiuni_g/src/apps/ESMF_WebServController'
tree_build_apps in: /project/esmf/bh_python/nag_6.2_mpiuni_g/src/apps/ESMF_Scrip2Unstruct
make[4]: Entering directory `/project/esmf/bh_python/nag_6.2_mpiuni_g/src/apps/ESMF_Scrip2Unstruct'
make chkdir_locobj
make[5]: Entering directory `/project/esmf/bh_python/nag_6.2_mpiuni_g/src/apps/ESMF_Scrip2Unstruct'
Making directory /project/esmf/bh_python/nag_6.2_mpiuni_g/obj/objg/Linux.nag.64.mpiuni.default/src/apps/ESMF_Scrip2Unstruct for apps output
make[5]: Leaving directory `/project/esmf/bh_python/nag_6.2_mpiuni_g/src/apps/ESMF_Scrip2Unstruct'
g++ -c -std=c++11 -g -fPIC -pthread  -fopenmp -I/project/esmf/bh_python/nag_6.2_mpiuni_g/src/apps/ESMF_Scrip2Unstruct -I/project/esmf/bh_python/nag_6.2_mpiuni_g/src/apps/ESMF_Scrip2Unstruct/../include -I/project/esmf/bh_python/nag_6.2_mpiuni_g/build_config/Linux.nag.default -I/project/esmf/bh_python/nag_6.2_mpiuni_g/src/Infrastructure -I/project/esmf/bh_python/nag_6.2_mpiuni_g/src/Superstructure -I/project/esmf/bh_python/nag_6.2_mpiuni_g/src/Infrastructure/stubs/pthread  -I/project/esmf/bh_python/nag_6.2_mpiuni_g/src/include  -I/usr/local/netcdf-c-4.6.1-f-4.4.4-gcc-g++-8.1.0-nag-6.2/include -I/project/esmf/bh_python/nag_6.2_mpiuni_g/src/Infrastructure/stubs/mpiuni -I/project/esmf/bh_python/nag_6.2_mpiuni_g/src/prologue/yaml-cpp/include -DESMF_NO_INTEGER_1_BYTE -DESMF_NO_INTEGER_2_BYTE -DESMFVERSIONGIT='"ESMF_8_1_0_beta_snapshot_47-22-gffbbe5951e"' -DESMF_MOAB=1 -DESMF_LAPACK=1 -DESMF_LAPACK_INTERNAL=1 -DESMF_NO_ACC_SOFTWARE_STACK=1 -DESMF_NETCDF=1 -DESMF_YAMLCPP=1 -DESMF_YAML=1 -DESMF_NO_OPENACC -DESMF_TESTEXHAUSTIVE -DESMF_BOPT_g -DESMF_TESTCOMPTUNNEL -DESMF_TESTWITHTHREADS -DS64=1 -DESMF_OS_Linux=1 -DESMF_COMM=mpiuni -DESMF_DIR=/project/esmf/bh_python/nag_6.2_mpiuni_g -D__SDIR__='"src/apps/ESMF_Scrip2Unstruct"' -DESMF_CXXSTD=11 -DESMF_MPIUNI -DESMF_NO_F2018ASSUMEDTYPE ESMF_Scrip2Unstruct.C -o /project/esmf/bh_python/nag_6.2_mpiuni_g/obj/objg/Linux.nag.64.mpiuni.default/src/apps/ESMF_Scrip2Unstruct/ESMF_Scrip2Unstruct.o
make chkdir_apps
make[5]: Entering directory `/project/esmf/bh_python/nag_6.2_mpiuni_g/src/apps/ESMF_Scrip2Unstruct'
make[5]: Leaving directory `/project/esmf/bh_python/nag_6.2_mpiuni_g/src/apps/ESMF_Scrip2Unstruct'
g++    -pthread -Wl,--no-as-needed  -fopenmp -L/project/esmf/bh_python/nag_6.2_mpiuni_g/DEFAULTINSTALLDIR/lib/libg/Linux.nag.64.mpiuni.default -L/usr/local/netcdf-c-4.6.1-f-4.4.4-gcc-g++-8.1.0-nag-6.2/lib -L/usr/local/netcdf-c-4.6.1-f-4.4.4-gcc-g++-8.1.0-nag-6.2/lib -L/usr/local/gcc-g++-gfortran-8.1.0/lib -L/usr/local/nag-6.2/lib -L/usr/local/netcdf-c-4.6.1-f-4.4.4-gcc-g++-gfortran-8.1.0/lib -L/usr/local/hdf5-1.8.7-gcc-g++-gfortran-8.1.0/lib -Wl,-rpath,/project/esmf/bh_python/nag_6.2_mpiuni_g/DEFAULTINSTALLDIR/lib/libg/Linux.nag.64.mpiuni.default -Wl,-rpath,/usr/local/netcdf-c-4.6.1-f-4.4.4-gcc-g++-8.1.0-nag-6.2/lib -Wl,-rpath,/usr/local/netcdf-c-4.6.1-f-4.4.4-gcc-g++-8.1.0-nag-6.2/lib -Wl,-rpath,/usr/local/gcc-g++-gfortran-8.1.0/lib -Wl,-rpath,/usr/local/nag-6.2/lib -Wl,-rpath,/usr/local/netcdf-c-4.6.1-f-4.4.4-gcc-g++-gfortran-8.1.0/lib -Wl,-rpath,/usr/local/hdf5-1.8.7-gcc-g++-gfortran-8.1.0/lib -o /project/esmf/bh_python/nag_6.2_mpiuni_g/DEFAULTINSTALLDIR/bin/bing/Linux.nag.64.mpiuni.default/ESMF_Scrip2Unstruct /project/esmf/bh_python/nag_6.2_mpiuni_g/obj/objg/Linux.nag.64.mpiuni.default/src/apps/ESMF_Scrip2Unstruct/ESMF_Scrip2Unstruct.o -lesmf  -lrt -ldl -m64 /usr/local/nag-6.2/lib/NAG_Fortran/f62init.o /usr/local/nag-6.2/lib/NAG_Fortran/quickfit.o -Wl,-rpath,/usr/local/nag-6.2/lib/NAG_Fortran /usr/local/nag-6.2/lib/NAG_Fortran/libf62rts.so /usr/local/nag-6.2/lib/NAG_Fortran/libf62rts.a -lm -lnetcdf -lnetcdff -lnetcdf -lnetcdf
make[4]: Leaving directory `/project/esmf/bh_python/nag_6.2_mpiuni_g/src/apps/ESMF_Scrip2Unstruct'
tree_build_apps in: /project/esmf/bh_python/nag_6.2_mpiuni_g/src/apps/ESMF_Regrid
make[4]: Entering directory `/project/esmf/bh_python/nag_6.2_mpiuni_g/src/apps/ESMF_Regrid'
make chkdir_locobj
make[5]: Entering directory `/project/esmf/bh_python/nag_6.2_mpiuni_g/src/apps/ESMF_Regrid'
Making directory /project/esmf/bh_python/nag_6.2_mpiuni_g/obj/objg/Linux.nag.64.mpiuni.default/src/apps/ESMF_Regrid for apps output
make[5]: Leaving directory `/project/esmf/bh_python/nag_6.2_mpiuni_g/src/apps/ESMF_Regrid'
nagfor -c -g -pic -DESMF_NAG_UNIX_MODULE -dusty -thread_safe  -openmp -I/project/esmf/bh_python/nag_6.2_mpiuni_g/src/apps/ESMF_Regrid -I/project/esmf/bh_python/nag_6.2_mpiuni_g/build_config/Linux.nag.default -I/project/esmf/bh_python/nag_6.2_mpiuni_g/src/Infrastructure -I/project/esmf/bh_python/nag_6.2_mpiuni_g/src/Superstructure -I/project/esmf/bh_python/nag_6.2_mpiuni_g/DEFAULTINSTALLDIR/mod/modg/Linux.nag.64.mpiuni.default -I/project/esmf/bh_python/nag_6.2_mpiuni_g/src/include -I/usr/local/netcdf-c-4.6.1-f-4.4.4-gcc-g++-8.1.0-nag-6.2/include -I/usr/local/netcdf-c-4.6.1-f-4.4.4-gcc-g++-8.1.0-nag-6.2/include  -DESMF_NO_INTEGER_1_BYTE -DESMF_NO_INTEGER_2_BYTE -DESMFVERSIONGIT='"ESMF_8_1_0_beta_snapshot_47-22-gffbbe5951e"' -DESMF_MOAB=1 -DESMF_LAPACK=1 -DESMF_LAPACK_INTERNAL=1 -DESMF_NO_ACC_SOFTWARE_STACK=1 -DESMF_NETCDF=1 -DESMF_YAMLCPP=1 -DESMF_YAML=1 -DESMF_NO_OPENACC -DESMF_TESTEXHAUSTIVE -DESMF_BOPT_g -DESMF_TESTCOMPTUNNEL -DESMF_TESTWITHTHREADS -DS64=1 -DESMF_OS_Linux=1 -DESMF_COMM=mpiuni -DESMF_DIR=/project/esmf/bh_python/nag_6.2_mpiuni_g -DESMF_MPIUNI -DESMF_NO_F2018ASSUMEDTYPE ESMF_Regrid.F90 -o /project/esmf/bh_python/nag_6.2_mpiuni_g/obj/objg/Linux.nag.64.mpiuni.default/src/apps/ESMF_Regrid/ESMF_Regrid.o
NAG Fortran Compiler Release 6.2(Chiyoda) Build 6207
Warning: ESMF_Regrid.F90, line 593: Unused local variable ARGVALUE
Warning: ESMF_Regrid.F90, line 593: Unused local variable COUNT
Warning: ESMF_Regrid.F90, line 593: Unused local variable CWD
Warning: ESMF_Regrid.F90, line 593: Unused local variable I
Questionable: ESMF_Regrid.F90, line 593: Variable MSGBUF set but never referenced
Warning: ESMF_Regrid.F90, line 593: Unused local variable POS
Warning: ESMF_Regrid.F90, line 593: Unused local variable TYPESETFLAG
[NAG Fortran Compiler normal termination, 7 warnings]
make chkdir_apps
make[5]: Entering directory `/project/esmf/bh_python/nag_6.2_mpiuni_g/src/apps/ESMF_Regrid'
make[5]: Leaving directory `/project/esmf/bh_python/nag_6.2_mpiuni_g/src/apps/ESMF_Regrid'
nagfor    -thread_safe -Wl,-Wl,,--no-as-needed  -openmp -L/project/esmf/bh_python/nag_6.2_mpiuni_g/DEFAULTINSTALLDIR/lib/libg/Linux.nag.64.mpiuni.default -L/usr/local/netcdf-c-4.6.1-f-4.4.4-gcc-g++-8.1.0-nag-6.2/lib -L/usr/local/netcdf-c-4.6.1-f-4.4.4-gcc-g++-8.1.0-nag-6.2/lib -L/usr/local/gcc-g++-gfortran-8.1.0/lib -L/usr/local/nag-6.2/lib -L/usr/local/netcdf-c-4.6.1-f-4.4.4-gcc-g++-gfortran-8.1.0/lib -L/usr/local/hdf5-1.8.7-gcc-g++-gfortran-8.1.0/lib -L/usr/local/gcc-g++-gfortran-8.1.0/lib/gcc/x86_64-pc-linux-gnu/8.1.0/../../../../lib64/ -Wl,-Wl,,-rpath,,/project/esmf/bh_python/nag_6.2_mpiuni_g/DEFAULTINSTALLDIR/lib/libg/Linux.nag.64.mpiuni.default -Wl,-Wl,,-rpath,,/usr/local/netcdf-c-4.6.1-f-4.4.4-gcc-g++-8.1.0-nag-6.2/lib -Wl,-Wl,,-rpath,,/usr/local/netcdf-c-4.6.1-f-4.4.4-gcc-g++-8.1.0-nag-6.2/lib -Wl,-Wl,,-rpath,,/usr/local/gcc-g++-gfortran-8.1.0/lib -Wl,-Wl,,-rpath,,/usr/local/nag-6.2/lib -Wl,-Wl,,-rpath,,/usr/local/netcdf-c-4.6.1-f-4.4.4-gcc-g++-gfortran-8.1.0/lib -Wl,-Wl,,-rpath,,/usr/local/hdf5-1.8.7-gcc-g++-gfortran-8.1.0/lib -Wl,-Wl,,-rpath,,/usr/local/gcc-g++-gfortran-8.1.0/lib/gcc/x86_64-pc-linux-gnu/8.1.0/../../../../lib64/ -o /project/esmf/bh_python/nag_6.2_mpiuni_g/DEFAULTINSTALLDIR/bin/bing/Linux.nag.64.mpiuni.default/ESMF_Regrid /project/esmf/bh_python/nag_6.2_mpiuni_g/obj/objg/Linux.nag.64.mpiuni.default/src/apps/ESMF_Regrid/ESMF_Regrid.o -lesmf  -lrt -lstdc++ -ldl -lnetcdf -lnetcdff -lnetcdf -lnetcdf
NAG Fortran Compiler Release 6.2(Chiyoda) Build 6207
make[4]: Leaving directory `/project/esmf/bh_python/nag_6.2_mpiuni_g/src/apps/ESMF_Regrid'
make[3]: Leaving directory `/project/esmf/bh_python/nag_6.2_mpiuni_g/src/apps'
ESMF apps built successfully.
make[2]: Leaving directory `/project/esmf/bh_python/nag_6.2_mpiuni_g'
make[1]: Leaving directory `/project/esmf/bh_python/nag_6.2_mpiuni_g'
mkdir -p /project/esmf/bh_python/nag_6.2_mpiuni_g/DEFAULTINSTALLDIR/doc
make install_info_mk
make[1]: Entering directory `/project/esmf/bh_python/nag_6.2_mpiuni_g'
make info_mk ESMF_APPSDIR=/project/esmf/bh_python/nag_6.2_mpiuni_g/DEFAULTINSTALLDIR/bin/bing/Linux.nag.64.mpiuni.default ESMF_LDIR=/project/esmf/bh_python/nag_6.2_mpiuni_g/DEFAULTINSTALLDIR/lib/libg/Linux.nag.64.mpiuni.default ESMF_LIBDIR=/project/esmf/bh_python/nag_6.2_mpiuni_g/DEFAULTINSTALLDIR/lib/libg/Linux.nag.64.mpiuni.default ESMF_MODDIR=/project/esmf/bh_python/nag_6.2_mpiuni_g/DEFAULTINSTALLDIR/mod/modg/Linux.nag.64.mpiuni.default ESMF_INCDIR=/project/esmf/bh_python/nag_6.2_mpiuni_g/DEFAULTINSTALLDIR/include
make[2]: Entering directory `/project/esmf/bh_python/nag_6.2_mpiuni_g'
make[2]: Leaving directory `/project/esmf/bh_python/nag_6.2_mpiuni_g'
make[1]: Leaving directory `/project/esmf/bh_python/nag_6.2_mpiuni_g'
 
ESMF installation complete.
 
