
Program received signal SIGABRT: Process abort signal.

Backtrace for this error:

Program received signal SIGABRT: Process abort signal.

Backtrace for this error:

Program received signal SIGABRT: Process abort signal.

Backtrace for this error:

Program received signal SIGABRT: Process abort signal.

Backtrace for this error:
#0  0x103cbb8cd
#1  0x103cbacdd
#2  0x7fff7c190b5c
#0  0x107aff8cd
#1  0x107afecdd
#2  0x7fff7c190b5c
#0  0x10cd108cd
#1  0x10cd0fcdd
#2  0x7fff7c190b5c
#0  0x106f0d8cd
#1  0x106f0ccdd
#2  0x7fff7c190b5c

===================================================================================
=   BAD TERMINATION OF ONE OF YOUR APPLICATION PROCESSES
=   PID 14839 RUNNING AT cgdm-catania
=   EXIT CODE: 6
=   CLEANING UP REMAINING PROCESSES
=   YOU CAN IGNORE THE BELOW CLEANUP MESSAGES
===================================================================================
YOUR APPLICATION TERMINATED WITH THE EXIT STRING: Abort trap: 6 (signal 6)
This typically refers to a problem with your application.
Please see the FAQ page for debugging suggestions
