
Program received signal SIGABRT: Process abort signal.

Backtrace for this error:

Program received signal SIGABRT: Process abort signal.

Backtrace for this error:

Program received signal SIGABRT: Process abort signal.

Backtrace for this error:

Program received signal SIGABRT: Process abort signal.

Backtrace for this error:
#0  0x102e658cd
#1  0x102e64cdd
#2  0x7fff7c190b5c
#0  0x1055a28cd
#1  0x1055a1cdd
#2  0x7fff7c190b5c
#0  0x103c878cd
#1  0x103c86cdd
#2  0x7fff7c190b5c
#0  0x1110af8cd
#1  0x1110aecdd
#2  0x7fff7c190b5c

===================================================================================
=   BAD TERMINATION OF ONE OF YOUR APPLICATION PROCESSES
=   PID 51425 RUNNING AT cgdm-catania
=   EXIT CODE: 6
=   CLEANING UP REMAINING PROCESSES
=   YOU CAN IGNORE THE BELOW CLEANUP MESSAGES
===================================================================================
YOUR APPLICATION TERMINATED WITH THE EXIT STRING: Abort trap: 6 (signal 6)
This typically refers to a problem with your application.
Please see the FAQ page for debugging suggestions
