20210317 184626.109 INFO             PET0 !!!!!!!!!!!!!!!!!!!!!!!!!!!!!!!!!!!!!!!!!!!!!!!!!!!!!!
20210317 184626.109 INFO             PET0 !!! THE ESMF_LOG IS SET TO OUTPUT ALL LOG MESSAGES !!!
20210317 184626.109 INFO             PET0 !!!     THIS MAY CAUSE SLOWDOWN IN PERFORMANCE     !!!
20210317 184626.109 INFO             PET0 !!! FOR PRODUCTION RUNS, USE:                      !!!
20210317 184626.109 INFO             PET0 !!!                   ESMF_LOGKIND_Multi_On_Error  !!!
20210317 184626.109 INFO             PET0 !!!!!!!!!!!!!!!!!!!!!!!!!!!!!!!!!!!!!!!!!!!!!!!!!!!!!!
20210317 184626.109 INFO             PET0 Running with ESMF Version   : ESMF_8_1_0_beta_snapshot_47-44-g6c9b0e87a1
20210317 184626.109 INFO             PET0 ESMF library build date/time: "Mar 17 2021" "18:27:49"
20210317 184626.109 INFO             PET0 ESMF library build location : /Volumes/esmf/rocky/et/gfortran_9.3.0_mpich3_O
20210317 184626.109 INFO             PET0 ESMF_COMM                   : mpich3
20210317 184626.109 INFO             PET0 ESMF_MOAB                   : enabled
20210317 184626.109 INFO             PET0 ESMF_LAPACK                 : enabled
20210317 184626.109 INFO             PET0 ESMF_NETCDF                 : enabled
20210317 184626.109 INFO             PET0 ESMF_PNETCDF                : disabled
20210317 184626.109 INFO             PET0 ESMF_PIO                    : enabled
20210317 184626.109 INFO             PET0 ESMF_YAMLCPP                : enabled
20210317 184626.395 INFO             PET0  NUMBER_OF_PROCESSORS           4
20210317 184626.395 INFO             PET0  PASS  Example ESMF_GridUsageEx, ESMF_GridUsageEx.F90, line 3470
20210317 184626.395 INFO             PET0 Finalizing ESMF
20210317 184626.109 INFO             PET1 !!!!!!!!!!!!!!!!!!!!!!!!!!!!!!!!!!!!!!!!!!!!!!!!!!!!!!
20210317 184626.109 INFO             PET1 !!! THE ESMF_LOG IS SET TO OUTPUT ALL LOG MESSAGES !!!
20210317 184626.109 INFO             PET1 !!!     THIS MAY CAUSE SLOWDOWN IN PERFORMANCE     !!!
20210317 184626.109 INFO             PET1 !!! FOR PRODUCTION RUNS, USE:                      !!!
20210317 184626.109 INFO             PET1 !!!                   ESMF_LOGKIND_Multi_On_Error  !!!
20210317 184626.109 INFO             PET1 !!!!!!!!!!!!!!!!!!!!!!!!!!!!!!!!!!!!!!!!!!!!!!!!!!!!!!
20210317 184626.109 INFO             PET1 Running with ESMF Version   : ESMF_8_1_0_beta_snapshot_47-44-g6c9b0e87a1
20210317 184626.109 INFO             PET1 ESMF library build date/time: "Mar 17 2021" "18:27:49"
20210317 184626.109 INFO             PET1 ESMF library build location : /Volumes/esmf/rocky/et/gfortran_9.3.0_mpich3_O
20210317 184626.109 INFO             PET1 ESMF_COMM                   : mpich3
20210317 184626.109 INFO             PET1 ESMF_MOAB                   : enabled
20210317 184626.109 INFO             PET1 ESMF_LAPACK                 : enabled
20210317 184626.109 INFO             PET1 ESMF_NETCDF                 : enabled
20210317 184626.109 INFO             PET1 ESMF_PNETCDF                : disabled
20210317 184626.109 INFO             PET1 ESMF_PIO                    : enabled
20210317 184626.109 INFO             PET1 ESMF_YAMLCPP                : enabled
20210317 184626.395 INFO             PET1  NUMBER_OF_PROCESSORS           4
20210317 184626.395 INFO             PET1  PASS  Example ESMF_GridUsageEx, ESMF_GridUsageEx.F90, line 3470
20210317 184626.395 INFO             PET1 Finalizing ESMF
20210317 184626.109 INFO             PET2 !!!!!!!!!!!!!!!!!!!!!!!!!!!!!!!!!!!!!!!!!!!!!!!!!!!!!!
20210317 184626.109 INFO             PET2 !!! THE ESMF_LOG IS SET TO OUTPUT ALL LOG MESSAGES !!!
20210317 184626.109 INFO             PET2 !!!     THIS MAY CAUSE SLOWDOWN IN PERFORMANCE     !!!
20210317 184626.109 INFO             PET2 !!! FOR PRODUCTION RUNS, USE:                      !!!
20210317 184626.109 INFO             PET2 !!!                   ESMF_LOGKIND_Multi_On_Error  !!!
20210317 184626.109 INFO             PET2 !!!!!!!!!!!!!!!!!!!!!!!!!!!!!!!!!!!!!!!!!!!!!!!!!!!!!!
20210317 184626.109 INFO             PET2 Running with ESMF Version   : ESMF_8_1_0_beta_snapshot_47-44-g6c9b0e87a1
20210317 184626.109 INFO             PET2 ESMF library build date/time: "Mar 17 2021" "18:27:49"
20210317 184626.109 INFO             PET2 ESMF library build location : /Volumes/esmf/rocky/et/gfortran_9.3.0_mpich3_O
20210317 184626.109 INFO             PET2 ESMF_COMM                   : mpich3
20210317 184626.109 INFO             PET2 ESMF_MOAB                   : enabled
20210317 184626.109 INFO             PET2 ESMF_LAPACK                 : enabled
20210317 184626.109 INFO             PET2 ESMF_NETCDF                 : enabled
20210317 184626.109 INFO             PET2 ESMF_PNETCDF                : disabled
20210317 184626.109 INFO             PET2 ESMF_PIO                    : enabled
20210317 184626.109 INFO             PET2 ESMF_YAMLCPP                : enabled
20210317 184626.394 INFO             PET2  NUMBER_OF_PROCESSORS           4
20210317 184626.394 INFO             PET2  PASS  Example ESMF_GridUsageEx, ESMF_GridUsageEx.F90, line 3470
20210317 184626.394 INFO             PET2 Finalizing ESMF
20210317 184626.109 INFO             PET3 !!!!!!!!!!!!!!!!!!!!!!!!!!!!!!!!!!!!!!!!!!!!!!!!!!!!!!
20210317 184626.109 INFO             PET3 !!! THE ESMF_LOG IS SET TO OUTPUT ALL LOG MESSAGES !!!
20210317 184626.109 INFO             PET3 !!!     THIS MAY CAUSE SLOWDOWN IN PERFORMANCE     !!!
20210317 184626.109 INFO             PET3 !!! FOR PRODUCTION RUNS, USE:                      !!!
20210317 184626.109 INFO             PET3 !!!                   ESMF_LOGKIND_Multi_On_Error  !!!
20210317 184626.109 INFO             PET3 !!!!!!!!!!!!!!!!!!!!!!!!!!!!!!!!!!!!!!!!!!!!!!!!!!!!!!
20210317 184626.109 INFO             PET3 Running with ESMF Version   : ESMF_8_1_0_beta_snapshot_47-44-g6c9b0e87a1
20210317 184626.109 INFO             PET3 ESMF library build date/time: "Mar 17 2021" "18:27:49"
20210317 184626.109 INFO             PET3 ESMF library build location : /Volumes/esmf/rocky/et/gfortran_9.3.0_mpich3_O
20210317 184626.109 INFO             PET3 ESMF_COMM                   : mpich3
20210317 184626.110 INFO             PET3 ESMF_MOAB                   : enabled
20210317 184626.110 INFO             PET3 ESMF_LAPACK                 : enabled
20210317 184626.110 INFO             PET3 ESMF_NETCDF                 : enabled
20210317 184626.110 INFO             PET3 ESMF_PNETCDF                : disabled
20210317 184626.110 INFO             PET3 ESMF_PIO                    : enabled
20210317 184626.110 INFO             PET3 ESMF_YAMLCPP                : enabled
20210317 184626.395 INFO             PET3  NUMBER_OF_PROCESSORS           4
20210317 184626.395 INFO             PET3  PASS  Example ESMF_GridUsageEx, ESMF_GridUsageEx.F90, line 3470
20210317 184626.395 INFO             PET3 Finalizing ESMF
