---------------------------------------------------------------------------
STARTING: AsyncIOBlockingProto
rm -f PET*.ESMF_LogFile *.nc *.stdout
rm -f asyncIOApp *.o *.mod
c     model.F90
gmake: c: Command not found
gmake: [model.o] Error 127 (ignored)
c     io.F90
gmake: c: Command not found
gmake: [io.o] Error 127 (ignored)
c     asyncIODriver.F90
gmake: c: Command not found
gmake: [asyncIODriver.o] Error 127 (ignored)
c     asyncIOApp.F90
gmake: c: Command not found
gmake: [asyncIOApp.o] Error 127 (ignored)
o asyncIOApp asyncIOApp.o asyncIODriver.o model.o io.o 
gmake: o: Command not found
gmake: [asyncIOApp] Error 127 (ignored)
+ mpirun -np 4 ./asyncIOApp
./testProtos.sh: line 20: 121717 Killed                  $MPIRUN 4 $TOOLRUN ./$2 > $2.stdout 2>&1
+ local result=137
+ set +x
FINISHED: AsyncIOBlockingProto
---------------------------------------------------------------------------

---------------------------------------------------------------------------
STARTING: AsyncIONonblockingProto
rm -f PET*.ESMF_LogFile *.nc *.stdout
rm -f asyncIOApp *.o *.mod
c     model.F90
gmake: c: Command not found
gmake: [model.o] Error 127 (ignored)
c     io.F90
gmake: c: Command not found
gmake: [io.o] Error 127 (ignored)
c     conn.F90
gmake: c: Command not found
gmake: [conn.o] Error 127 (ignored)
c     asyncIODriver.F90
gmake: c: Command not found
gmake: [asyncIODriver.o] Error 127 (ignored)
c     asyncIOApp.F90
gmake: c: Command not found
gmake: [asyncIOApp.o] Error 127 (ignored)
o asyncIOApp asyncIOApp.o asyncIODriver.o model.o io.o conn.o 
gmake: o: Command not found
gmake: [asyncIOApp] Error 127 (ignored)
+ mpirun -np 4 ./asyncIOApp
./testProtos.sh: line 20: 121751 Killed                  $MPIRUN 4 $TOOLRUN ./$2 > $2.stdout 2>&1
+ local result=137
+ set +x
FINISHED: AsyncIONonblockingProto
---------------------------------------------------------------------------

---------------------------------------------------------------------------
STARTING: AtmOcnConOptsProto
rm -rf PET*.ESMF_LogFile traceout *.nc *.stdout
rm -f esmApp *.o *.mod
c     atm.F90
gmake: c: Command not found
gmake: [atm.o] Error 127 (ignored)
c     ocn.F90
gmake: c: Command not found
gmake: [ocn.o] Error 127 (ignored)
c     esm.F90
gmake: c: Command not found
gmake: [esm.o] Error 127 (ignored)
c     esmApp.F90
gmake: c: Command not found
gmake: [esmApp.o] Error 127 (ignored)
o esmApp esmApp.o esm.o atm.o ocn.o 
gmake: o: Command not found
gmake: [esmApp] Error 127 (ignored)
+ mpirun -np 4 ./esmApp
./testProtos.sh: line 20: 121784 Killed                  $MPIRUN 4 $TOOLRUN ./$2 > $2.stdout 2>&1
+ local result=137
+ set +x
FINISHED: AtmOcnConOptsProto
---------------------------------------------------------------------------

---------------------------------------------------------------------------
STARTING: AtmOcnConProto
rm -f PET*.ESMF_LogFile *.nc *.stdout
rm -f esmApp *.o *.mod
c     atm.F90
gmake: c: Command not found
gmake: [atm.o] Error 127 (ignored)
c     ocn.F90
gmake: c: Command not found
gmake: [ocn.o] Error 127 (ignored)
c     conn.F90
gmake: c: Command not found
gmake: [conn.o] Error 127 (ignored)
c     esm.F90
gmake: c: Command not found
gmake: [esm.o] Error 127 (ignored)
c     esmApp.F90
gmake: c: Command not found
gmake: [esmApp.o] Error 127 (ignored)
o esmApp esmApp.o esm.o atm.o ocn.o conn.o 
gmake: o: Command not found
gmake: [esmApp] Error 127 (ignored)
+ mpirun -np 4 ./esmApp
./testProtos.sh: line 20: 121818 Killed                  $MPIRUN 4 $TOOLRUN ./$2 > $2.stdout 2>&1
+ local result=137
+ set +x
FINISHED: AtmOcnConProto
---------------------------------------------------------------------------

---------------------------------------------------------------------------
STARTING: AtmOcnCplListProto
rm -f PET*.ESMF_LogFile *.nc *.stdout
rm -f esmApp *.o *.mod
c     atm.F90
gmake: c: Command not found
gmake: [atm.o] Error 127 (ignored)
c     ocn.F90
gmake: c: Command not found
gmake: [ocn.o] Error 127 (ignored)
c     esm.F90
gmake: c: Command not found
gmake: [esm.o] Error 127 (ignored)
c     esmApp.F90
gmake: c: Command not found
gmake: [esmApp.o] Error 127 (ignored)
o esmApp esmApp.o esm.o atm.o ocn.o 
gmake: o: Command not found
gmake: [esmApp] Error 127 (ignored)
+ mpirun -np 4 ./esmApp
./testProtos.sh: line 20: 121851 Killed                  $MPIRUN 4 $TOOLRUN ./$2 > $2.stdout 2>&1
+ local result=137
+ set +x
FINISHED: AtmOcnCplListProto
---------------------------------------------------------------------------

---------------------------------------------------------------------------
STARTING: AtmOcnCplSetProto
rm -f PET*.ESMF_LogFile err out core* *.nc *.stdout
rm -f esmApp *.o *.mod
g -c     atm.F90
gmake: g: Command not found
gmake: [atm.o] Error 127 (ignored)
g -c     ocn.F90
gmake: g: Command not found
gmake: [ocn.o] Error 127 (ignored)
g -c     esm.F90
gmake: g: Command not found
gmake: [esm.o] Error 127 (ignored)
g -c     esmApp.F90
gmake: g: Command not found
gmake: [esmApp.o] Error 127 (ignored)
o esmApp esmApp.o esm.o atm.o ocn.o 
gmake: o: Command not found
gmake: [esmApp] Error 127 (ignored)
+ mpirun -np 4 ./esmApp
./testProtos.sh: line 20: 121883 Killed                  $MPIRUN 4 $TOOLRUN ./$2 > $2.stdout 2>&1
+ local result=137
+ set +x
FINISHED: AtmOcnCplSetProto
---------------------------------------------------------------------------

---------------------------------------------------------------------------
STARTING: AtmOcnFDSynoProto
rm -f PET*.ESMF_LogFile *.nc *.stdout
rm -f esmApp *.o *.mod
c     atm.F90
gmake: c: Command not found
gmake: [atm.o] Error 127 (ignored)
c     ocn.F90
gmake: c: Command not found
gmake: [ocn.o] Error 127 (ignored)
c     esm.F90
gmake: c: Command not found
gmake: [esm.o] Error 127 (ignored)
c     esmApp.F90
gmake: c: Command not found
gmake: [esmApp.o] Error 127 (ignored)
o esmApp esmApp.o esm.o atm.o ocn.o 
gmake: o: Command not found
gmake: [esmApp] Error 127 (ignored)
+ mpirun -np 4 ./esmApp
./testProtos.sh: line 20: 121916 Killed                  $MPIRUN 4 $TOOLRUN ./$2 > $2.stdout 2>&1
+ local result=137
+ set +x
FINISHED: AtmOcnFDSynoProto
---------------------------------------------------------------------------

---------------------------------------------------------------------------
STARTING: AtmOcnIceSimpleImplicitProto
rm -f PET*.ESMF_LogFile *.nc *.stdout
rm -f esmApp *.o *.mod
c     atm.F90
gmake: c: Command not found
gmake: [atm.o] Error 127 (ignored)
c     ocn.F90
gmake: c: Command not found
gmake: [ocn.o] Error 127 (ignored)
c     ice.F90
gmake: c: Command not found
gmake: [ice.o] Error 127 (ignored)
c     esm.F90
gmake: c: Command not found
gmake: [esm.o] Error 127 (ignored)
c     esmApp.F90
gmake: c: Command not found
gmake: [esmApp.o] Error 127 (ignored)
o esmApp esmApp.o esm.o atm.o ocn.o ice.o 
gmake: o: Command not found
gmake: [esmApp] Error 127 (ignored)
+ mpirun -np 4 ./esmApp
./testProtos.sh: line 20: 121949 Killed                  $MPIRUN 4 $TOOLRUN ./$2 > $2.stdout 2>&1
+ local result=137
+ set +x
FINISHED: AtmOcnIceSimpleImplicitProto
---------------------------------------------------------------------------

---------------------------------------------------------------------------
STARTING: AtmOcnImplicitProto
rm -f PET*.ESMF_LogFile *.nc *.stdout
rm -f esmApp *.o *.mod
c     atm.F90
gmake: c: Command not found
gmake: [atm.o] Error 127 (ignored)
c     ocn.F90
gmake: c: Command not found
gmake: [ocn.o] Error 127 (ignored)
c     esm.F90
gmake: c: Command not found
gmake: [esm.o] Error 127 (ignored)
c     esmApp.F90
gmake: c: Command not found
gmake: [esmApp.o] Error 127 (ignored)
o esmApp esmApp.o esm.o atm.o ocn.o 
gmake: o: Command not found
gmake: [esmApp] Error 127 (ignored)
+ mpirun -np 4 ./esmApp
./testProtos.sh: line 20: 121981 Killed                  $MPIRUN 4 $TOOLRUN ./$2 > $2.stdout 2>&1
+ local result=137
+ set +x
FINISHED: AtmOcnImplicitProto
---------------------------------------------------------------------------

---------------------------------------------------------------------------
STARTING: AtmOcnLndProto
rm -f PET*.ESMF_LogFile *.nc *.stdout
rm -f esmApp *.o *.mod
c     atm.F90
gmake: c: Command not found
gmake: [atm.o] Error 127 (ignored)
c     ocn.F90
gmake: c: Command not found
gmake: [ocn.o] Error 127 (ignored)
c     lnd.F90
gmake: c: Command not found
gmake: [lnd.o] Error 127 (ignored)
c     esm.F90
gmake: c: Command not found
gmake: [esm.o] Error 127 (ignored)
c     esmApp.F90
gmake: c: Command not found
gmake: [esmApp.o] Error 127 (ignored)
o esmApp esmApp.o esm.o atm.o ocn.o lnd.o 
gmake: o: Command not found
gmake: [esmApp] Error 127 (ignored)
+ mpirun -np 4 ./esmApp
./testProtos.sh: line 20: 122015 Killed                  $MPIRUN 4 $TOOLRUN ./$2 > $2.stdout 2>&1
+ local result=137
+ set +x
FINISHED: AtmOcnLndProto
---------------------------------------------------------------------------

---------------------------------------------------------------------------
STARTING: AtmOcnLogNoneProto
rm -rf PET*.ESMF_LogFile traceout *.nc *.stdout
rm -f esmApp *.o *.mod
c     atm.F90
gmake: c: Command not found
gmake: [atm.o] Error 127 (ignored)
c     ocn.F90
gmake: c: Command not found
gmake: [ocn.o] Error 127 (ignored)
c     esm.F90
gmake: c: Command not found
gmake: [esm.o] Error 127 (ignored)
c     esmApp.F90
gmake: c: Command not found
gmake: [esmApp.o] Error 127 (ignored)
o esmApp esmApp.o esm.o atm.o ocn.o 
gmake: o: Command not found
gmake: [esmApp] Error 127 (ignored)
+ mpirun -np 4 ./esmApp
./testProtos.sh: line 20: 122047 Killed                  $MPIRUN 4 $TOOLRUN ./$2 > $2.stdout 2>&1
+ local result=137
+ set +x
FINISHED: AtmOcnLogNoneProto
---------------------------------------------------------------------------

---------------------------------------------------------------------------
STARTING: AtmOcnMedIngestFromConfigProto
rm -f PET*.ESMF_LogFile *.nc *.stdout
rm -f esmApp *.o *.mod
c     atm.F90
gmake: c: Command not found
gmake: [atm.o] Error 127 (ignored)
c     ocn.F90
gmake: c: Command not found
gmake: [ocn.o] Error 127 (ignored)
c     med.F90
gmake: c: Command not found
gmake: [med.o] Error 127 (ignored)
c     esm.F90
gmake: c: Command not found
gmake: [esm.o] Error 127 (ignored)
c     esmApp.F90
gmake: c: Command not found
gmake: [esmApp.o] Error 127 (ignored)
o esmApp esmApp.o esm.o atm.o ocn.o med.o 
gmake: o: Command not found
gmake: [esmApp] Error 127 (ignored)
+ mpirun -np 4 ./esmApp
./testProtos.sh: line 20: 122081 Killed                  $MPIRUN 4 $TOOLRUN ./$2 > $2.stdout 2>&1
+ local result=137
+ set +x
FINISHED: AtmOcnMedIngestFromConfigProto
---------------------------------------------------------------------------

---------------------------------------------------------------------------
STARTING: AtmOcnMedIngestFromInternalProto
rm -f PET*.ESMF_LogFile *.nc *.stdout
rm -f esmApp *.o *.mod
c     atm.F90
gmake: c: Command not found
gmake: [atm.o] Error 127 (ignored)
c     ocn.F90
gmake: c: Command not found
gmake: [ocn.o] Error 127 (ignored)
c     med.F90
gmake: c: Command not found
gmake: [med.o] Error 127 (ignored)
c     esm.F90
gmake: c: Command not found
gmake: [esm.o] Error 127 (ignored)
c     esmApp.F90
gmake: c: Command not found
gmake: [esmApp.o] Error 127 (ignored)
o esmApp esmApp.o esm.o atm.o ocn.o med.o 
gmake: o: Command not found
gmake: [esmApp] Error 127 (ignored)
+ mpirun -np 4 ./esmApp
./testProtos.sh: line 20: 122115 Killed                  $MPIRUN 4 $TOOLRUN ./$2 > $2.stdout 2>&1
+ local result=137
+ set +x
FINISHED: AtmOcnMedIngestFromInternalProto
---------------------------------------------------------------------------

---------------------------------------------------------------------------
STARTING: AtmOcnMedPetListProto
rm -f PET*.ESMF_LogFile *.nc *.stdout
rm -f esmApp *.o *.mod
c     atm.F90
gmake: c: Command not found
gmake: [atm.o] Error 127 (ignored)
c     ocn.F90
gmake: c: Command not found
gmake: [ocn.o] Error 127 (ignored)
c     med.F90
gmake: c: Command not found
gmake: [med.o] Error 127 (ignored)
c     esm.F90
gmake: c: Command not found
gmake: [esm.o] Error 127 (ignored)
c     esmApp.F90
gmake: c: Command not found
gmake: [esmApp.o] Error 127 (ignored)
o esmApp esmApp.o esm.o atm.o ocn.o med.o 
gmake: o: Command not found
gmake: [esmApp] Error 127 (ignored)
+ mpirun -np 4 ./esmApp
./testProtos.sh: line 20: 122148 Killed                  $MPIRUN 4 $TOOLRUN ./$2 > $2.stdout 2>&1
+ local result=137
+ set +x
FINISHED: AtmOcnMedPetListProto
---------------------------------------------------------------------------

---------------------------------------------------------------------------
STARTING: AtmOcnMedPetListTimescalesProto
rm -f PET*.ESMF_LogFile *.nc *.stdout
rm -f esmApp *.o *.mod
c     atm.F90
gmake: c: Command not found
gmake: [atm.o] Error 127 (ignored)
c     ocn.F90
gmake: c: Command not found
gmake: [ocn.o] Error 127 (ignored)
c     med.F90
gmake: c: Command not found
gmake: [med.o] Error 127 (ignored)
c     esm.F90
gmake: c: Command not found
gmake: [esm.o] Error 127 (ignored)
c     esmApp.F90
gmake: c: Command not found
gmake: [esmApp.o] Error 127 (ignored)
o esmApp esmApp.o esm.o atm.o ocn.o med.o 
gmake: o: Command not found
gmake: [esmApp] Error 127 (ignored)
+ mpirun -np 4 ./esmApp
./testProtos.sh: line 20: 122182 Killed                  $MPIRUN 4 $TOOLRUN ./$2 > $2.stdout 2>&1
+ local result=137
+ set +x
FINISHED: AtmOcnMedPetListTimescalesProto
---------------------------------------------------------------------------

---------------------------------------------------------------------------
STARTING: AtmOcnMedPetListTimescalesSplitFastProto
rm -f PET*.ESMF_LogFile *.nc *.stdout
rm -f esmApp *.o *.mod
c     atm.F90
gmake: c: Command not found
gmake: [atm.o] Error 127 (ignored)
c     ocn.F90
gmake: c: Command not found
gmake: [ocn.o] Error 127 (ignored)
c     med.F90
gmake: c: Command not found
gmake: [med.o] Error 127 (ignored)
c     esm.F90
gmake: c: Command not found
gmake: [esm.o] Error 127 (ignored)
c     esmApp.F90
gmake: c: Command not found
gmake: [esmApp.o] Error 127 (ignored)
o esmApp esmApp.o esm.o atm.o ocn.o med.o 
gmake: o: Command not found
gmake: [esmApp] Error 127 (ignored)
+ mpirun -np 4 ./esmApp
./testProtos.sh: line 20: 122215 Killed                  $MPIRUN 4 $TOOLRUN ./$2 > $2.stdout 2>&1
+ local result=137
+ set +x
FINISHED: AtmOcnMedPetListTimescalesSplitFastProto
---------------------------------------------------------------------------

---------------------------------------------------------------------------
STARTING: AtmOcnMedProto
rm -f PET*.ESMF_LogFile *.nc *.stdout
rm -f esmApp *.o *.mod
c     atm.F90
gmake: c: Command not found
gmake: [atm.o] Error 127 (ignored)
c     ocn.F90
gmake: c: Command not found
gmake: [ocn.o] Error 127 (ignored)
c     med.F90
gmake: c: Command not found
gmake: [med.o] Error 127 (ignored)
c     esm.F90
gmake: c: Command not found
gmake: [esm.o] Error 127 (ignored)
c     esmApp.F90
gmake: c: Command not found
gmake: [esmApp.o] Error 127 (ignored)
o esmApp esmApp.o esm.o atm.o ocn.o med.o 
gmake: o: Command not found
gmake: [esmApp] Error 127 (ignored)
+ mpirun -np 4 ./esmApp
./testProtos.sh: line 20: 122249 Killed                  $MPIRUN 4 $TOOLRUN ./$2 > $2.stdout 2>&1
+ local result=137
+ set +x
FINISHED: AtmOcnMedProto
---------------------------------------------------------------------------

---------------------------------------------------------------------------
STARTING: AtmOcnMirrorFieldsProto
rm -f PET*.ESMF_LogFile *.nc *.stdout
rm -f esmApp *.o *.mod
c     atm.F90
gmake: c: Command not found
gmake: [atm.o] Error 127 (ignored)
c     ocn.F90
gmake: c: Command not found
gmake: [ocn.o] Error 127 (ignored)
c     esm.F90
gmake: c: Command not found
gmake: [esm.o] Error 127 (ignored)
c     esmApp.F90
gmake: c: Command not found
gmake: [esmApp.o] Error 127 (ignored)
o esmApp esmApp.o esm.o atm.o ocn.o 
gmake: o: Command not found
gmake: [esmApp] Error 127 (ignored)
+ mpirun -np 4 ./esmApp
./testProtos.sh: line 20: 122281 Killed                  $MPIRUN 4 $TOOLRUN ./$2 > $2.stdout 2>&1
+ local result=137
+ set +x
FINISHED: AtmOcnMirrorFieldsProto
---------------------------------------------------------------------------

---------------------------------------------------------------------------
STARTING: AtmOcnPetListProto
rm -f PET*.ESMF_LogFile *.nc *.stdout
rm -f esmApp *.o *.mod
c     atm.F90
gmake: c: Command not found
gmake: [atm.o] Error 127 (ignored)
c     ocn.F90
gmake: c: Command not found
gmake: [ocn.o] Error 127 (ignored)
c     esm.F90
gmake: c: Command not found
gmake: [esm.o] Error 127 (ignored)
c     esmApp.F90
gmake: c: Command not found
gmake: [esmApp.o] Error 127 (ignored)
o esmApp esmApp.o esm.o atm.o ocn.o 
gmake: o: Command not found
gmake: [esmApp] Error 127 (ignored)
+ mpirun -np 4 ./esmApp
./testProtos.sh: line 20: 122313 Killed                  $MPIRUN 4 $TOOLRUN ./$2 > $2.stdout 2>&1
+ local result=137
+ set +x
FINISHED: AtmOcnPetListProto
---------------------------------------------------------------------------

---------------------------------------------------------------------------
STARTING: AtmOcnProto
rm -rf PET*.ESMF_LogFile traceout *.nc *.stdout
rm -f esmApp *.o *.mod
c     atm.F90
gmake: c: Command not found
gmake: [atm.o] Error 127 (ignored)
c     ocn.F90
gmake: c: Command not found
gmake: [ocn.o] Error 127 (ignored)
c     esm.F90
gmake: c: Command not found
gmake: [esm.o] Error 127 (ignored)
c     esmApp.F90
gmake: c: Command not found
gmake: [esmApp.o] Error 127 (ignored)
o esmApp esmApp.o esm.o atm.o ocn.o 
gmake: o: Command not found
gmake: [esmApp] Error 127 (ignored)
+ mpirun -np 4 ./esmApp
./testProtos.sh: line 20: 122346 Killed                  $MPIRUN 4 $TOOLRUN ./$2 > $2.stdout 2>&1
+ local result=137
+ set +x
FINISHED: AtmOcnProto
---------------------------------------------------------------------------

---------------------------------------------------------------------------
STARTING: AtmOcnRtmTwoTimescalesProto
rm -f PET*.ESMF_LogFile *.nc *.stdout
rm -f esmApp *.o *.mod
c     atm.F90
gmake: c: Command not found
gmake: [atm.o] Error 127 (ignored)
c     ocn.F90
gmake: c: Command not found
gmake: [ocn.o] Error 127 (ignored)
c     rtm.F90
gmake: c: Command not found
gmake: [rtm.o] Error 127 (ignored)
c     esm.F90
gmake: c: Command not found
gmake: [esm.o] Error 127 (ignored)
c     esmApp.F90
gmake: c: Command not found
gmake: [esmApp.o] Error 127 (ignored)
o esmApp esmApp.o esm.o atm.o ocn.o rtm.o 
gmake: o: Command not found
gmake: [esmApp] Error 127 (ignored)
+ mpirun -np 4 ./esmApp
./testProtos.sh: line 20: 122379 Killed                  $MPIRUN 4 $TOOLRUN ./$2 > $2.stdout 2>&1
+ local result=137
+ set +x
FINISHED: AtmOcnRtmTwoTimescalesProto
---------------------------------------------------------------------------

---------------------------------------------------------------------------
STARTING: AtmOcnScalarProto
rm -f PET*.ESMF_LogFile *.nc *.stdout
rm -f esmApp *.o *.mod
c     atm.F90
gmake: c: Command not found
gmake: [atm.o] Error 127 (ignored)
c     ocn.F90
gmake: c: Command not found
gmake: [ocn.o] Error 127 (ignored)
c     esm.F90
gmake: c: Command not found
gmake: [esm.o] Error 127 (ignored)
c     esmApp.F90
gmake: c: Command not found
gmake: [esmApp.o] Error 127 (ignored)
o esmApp esmApp.o esm.o atm.o ocn.o 
gmake: o: Command not found
gmake: [esmApp] Error 127 (ignored)
+ mpirun -np 4 ./esmApp
./testProtos.sh: line 20: 122412 Killed                  $MPIRUN 4 $TOOLRUN ./$2 > $2.stdout 2>&1
+ local result=137
+ set +x
FINISHED: AtmOcnScalarProto
---------------------------------------------------------------------------

---------------------------------------------------------------------------
STARTING: AtmOcnSelectExternalProto
rm -f PET*.ESMF_LogFile *.nc *.stdout
rm -f esmApp *.o *.mod
rm -f *.so
rm -f PET*.ESMF_LogFile
rm -f *.o *.mod *.mk
rm -f PET*.ESMF_LogFile
rm -f *.o *.mod *.mk
rm -f PET*.ESMF_LogFile
rm -f *.o *.mod *.a *.mk
rm -f PET*.ESMF_LogFile
rm -f *.o *.so *.mod *.mk
rm -f PET*.ESMF_LogFile
rm -f *.o *.so *.mod *.mk
rm -f PET*.ESMF_LogFile
rm -f *.o *.mod *.mk
rm -f PET*.ESMF_LogFile
rm -f *.o *.mod *.mk
rm -f PET*.ESMF_LogFile
rm -f *.o *.mod *.mk
rm -f PET*.ESMF_LogFile
rm -f *.o *.mod *.mk
Makefile:42: OcnSub/ocnSub.mk: No such file or directory
gmake: *** No rule to make target `OcnSub/ocnSub.mk'.  Stop.
rm -f PET*.ESMF_LogFile
rm -f *.o *.mod *.mk
rm -f PET*.ESMF_LogFile
rm -f *.o *.mod *.mk
rm -f PET*.ESMF_LogFile
rm -f *.o *.mod *.mk
c     atmA.F90
gmake: c: Command not found
gmake: [atmA.o] Error 127 (ignored)
rm -f PET*.ESMF_LogFile
rm -f *.o *.mod *.mk
c     atmB.F90
gmake: c: Command not found
gmake: [atmB.o] Error 127 (ignored)
c     procedure.F90
gmake: c: Command not found
gmake: [procedure.o] Error 127 (ignored)
rm -f PET*.ESMF_LogFile
rm -f *.o *.mod *.a *.mk
c     atmC.F90
gmake: c: Command not found
gmake: [atmC.o] Error 127 (ignored)
c     procedure.F90
gmake: c: Command not found
gmake: [procedure.o] Error 127 (ignored)
ar cr libatmC.a atmC.o procedure.o
ar: atmC.o: No such file or directory
gmake: *** [libatmC.a] Error 1
rm -f PET*.ESMF_LogFile
rm -f *.o *.so *.mod *.mk
c     atmD.F90
gmake: c: Command not found
gmake: [atmD.o] Error 127 (ignored)
shared -o atmD.so atmD.o
gmake: shared: Command not found
gmake: [atmD.so] Error 127 (ignored)
mv atmD.so libatmD.so
mv: cannot stat ‘atmD.so’: No such file or directory
gmake: *** [atmD.so] Error 1
rm -f PET*.ESMF_LogFile
rm -f *.o *.so *.mod *.mk
c     atmE.F90
gmake: c: Command not found
gmake: [atmE.o] Error 127 (ignored)
shared -o atmE.so atmE.o
gmake: shared: Command not found
gmake: [atmE.so] Error 127 (ignored)
rm -f atmE.o
mv: cannot stat ‘atmE.so’: No such file or directory
rm -f PET*.ESMF_LogFile
rm -f *.o *.mod *.mk
c     atmF.C
gmake: c: Command not found
gmake: [atmF.o] Error 127 (ignored)
rm -f PET*.ESMF_LogFile
rm -f *.o *.mod *.mk
c     subModule1.F90
gmake: c: Command not found
gmake: [subModule1.o] Error 127 (ignored)
c     subModule2.F90
gmake: c: Command not found
gmake: [subModule2.o] Error 127 (ignored)
c     ocnCommon.F90
gmake: c: Command not found
gmake: [ocnCommon.o] Error 127 (ignored)
rm -f PET*.ESMF_LogFile
rm -f *.o *.mod *.mk
c  -DFRONT_OCNCOMMON=OceanCommon  -I/p/work1/mpotts/gfortran_7.3.0_mpt_g/nuopc-app-prototypes/AtmOcnSelectExternalProto/OcnCommon     /p/work1/mpotts/gfortran_7.3.0_mpt_g/nuopc-app-prototypes/AtmOcnSelectExternalProto/OcnCommon/ocnCommon.F90
gmake: c: Command not found
gmake: [/p/work1/mpotts/gfortran_7.3.0_mpt_g/nuopc-app-prototypes/AtmOcnSelectExternalProto/OcnCommon/ocnCommon.o] Error 127 (ignored)
c  -DFRONT_OCNCOMMON=OceanCommon  -I/p/work1/mpotts/gfortran_7.3.0_mpt_g/nuopc-app-prototypes/AtmOcnSelectExternalProto/OcnCommon     ocn.F90
gmake: c: Command not found
gmake: [ocn.o] Error 127 (ignored)
rm -f PET*.ESMF_LogFile
rm -f *.o *.mod *.mk
c     ocnSub.F90
gmake: c: Command not found
gmake: [ocnSub.o] Error 127 (ignored)
rm -f PET*.ESMF_LogFile
rm -f *.o *.mod *.mk
c  -DFRONT_OCNCOMMON=OceanCommon -DFRONT_OCNSUB=ocnSub  -I/p/work1/mpotts/gfortran_7.3.0_mpt_g/nuopc-app-prototypes/AtmOcnSelectExternalProto/OcnCommon -I/p/work1/mpotts/gfortran_7.3.0_mpt_g/nuopc-app-prototypes/AtmOcnSelectExternalProto/OcnModelB/OcnSub     /p/work1/mpotts/gfortran_7.3.0_mpt_g/nuopc-app-prototypes/AtmOcnSelectExternalProto/OcnCommon/ocnCommon.F90
gmake: c: Command not found
gmake: [/p/work1/mpotts/gfortran_7.3.0_mpt_g/nuopc-app-prototypes/AtmOcnSelectExternalProto/OcnCommon/ocnCommon.o] Error 127 (ignored)
c  -DFRONT_OCNCOMMON=OceanCommon -DFRONT_OCNSUB=ocnSub  -I/p/work1/mpotts/gfortran_7.3.0_mpt_g/nuopc-app-prototypes/AtmOcnSelectExternalProto/OcnCommon -I/p/work1/mpotts/gfortran_7.3.0_mpt_g/nuopc-app-prototypes/AtmOcnSelectExternalProto/OcnModelB/OcnSub     /p/work1/mpotts/gfortran_7.3.0_mpt_g/nuopc-app-prototypes/AtmOcnSelectExternalProto/OcnModelB/OcnSub/ocnSub.F90
gmake: c: Command not found
gmake: [/p/work1/mpotts/gfortran_7.3.0_mpt_g/nuopc-app-prototypes/AtmOcnSelectExternalProto/OcnModelB/OcnSub/ocnSub.o] Error 127 (ignored)
c  -DFRONT_OCNCOMMON=OceanCommon -DFRONT_OCNSUB=ocnSub  -I/p/work1/mpotts/gfortran_7.3.0_mpt_g/nuopc-app-prototypes/AtmOcnSelectExternalProto/OcnCommon -I/p/work1/mpotts/gfortran_7.3.0_mpt_g/nuopc-app-prototypes/AtmOcnSelectExternalProto/OcnModelB/OcnSub     ocn.F90
gmake: c: Command not found
gmake: [ocn.o] Error 127 (ignored)
rm -f PET*.ESMF_LogFile
rm -f *.o *.mod *.mk
c     ocnSub.F90
gmake: c: Command not found
gmake: [ocnSub.o] Error 127 (ignored)
rm -f PET*.ESMF_LogFile
rm -f *.o *.so *.mod *.mk
c  -DFRONT_OCNCOMMON=OceanCommon -DFRONT_OCNSUB=ocnSub  -I/p/work1/mpotts/gfortran_7.3.0_mpt_g/nuopc-app-prototypes/AtmOcnSelectExternalProto/OcnCommon -I/p/work1/mpotts/gfortran_7.3.0_mpt_g/nuopc-app-prototypes/AtmOcnSelectExternalProto/OcnModelC/OcnSub     ocn.F90
gmake: c: Command not found
gmake: [ocn.o] Error 127 (ignored)
c  -DFRONT_OCNCOMMON=OceanCommon -DFRONT_OCNSUB=ocnSub  -I/p/work1/mpotts/gfortran_7.3.0_mpt_g/nuopc-app-prototypes/AtmOcnSelectExternalProto/OcnCommon -I/p/work1/mpotts/gfortran_7.3.0_mpt_g/nuopc-app-prototypes/AtmOcnSelectExternalProto/OcnModelC/OcnSub     /p/work1/mpotts/gfortran_7.3.0_mpt_g/nuopc-app-prototypes/AtmOcnSelectExternalProto/OcnCommon/ocnCommon.F90
gmake: c: Command not found
gmake: [/p/work1/mpotts/gfortran_7.3.0_mpt_g/nuopc-app-prototypes/AtmOcnSelectExternalProto/OcnCommon/ocnCommon.o] Error 127 (ignored)
c  -DFRONT_OCNCOMMON=OceanCommon -DFRONT_OCNSUB=ocnSub  -I/p/work1/mpotts/gfortran_7.3.0_mpt_g/nuopc-app-prototypes/AtmOcnSelectExternalProto/OcnCommon -I/p/work1/mpotts/gfortran_7.3.0_mpt_g/nuopc-app-prototypes/AtmOcnSelectExternalProto/OcnModelC/OcnSub     /p/work1/mpotts/gfortran_7.3.0_mpt_g/nuopc-app-prototypes/AtmOcnSelectExternalProto/OcnModelC/OcnSub/ocnSub.F90
gmake: c: Command not found
gmake: [/p/work1/mpotts/gfortran_7.3.0_mpt_g/nuopc-app-prototypes/AtmOcnSelectExternalProto/OcnModelC/OcnSub/ocnSub.o] Error 127 (ignored)
shared -o ocn.so ocn.o  /p/work1/mpotts/gfortran_7.3.0_mpt_g/nuopc-app-prototypes/AtmOcnSelectExternalProto/OcnCommon/ocnCommon.o /p/work1/mpotts/gfortran_7.3.0_mpt_g/nuopc-app-prototypes/AtmOcnSelectExternalProto/OcnCommon/subModule1.o /p/work1/mpotts/gfortran_7.3.0_mpt_g/nuopc-app-prototypes/AtmOcnSelectExternalProto/OcnCommon/subModule2.o /p/work1/mpotts/gfortran_7.3.0_mpt_g/nuopc-app-prototypes/AtmOcnSelectExternalProto/OcnModelC/OcnSub/ocnSub.o        
gmake: shared: Command not found
gmake: [ocn.so] Error 127 (ignored)
rm -f ocn.o
mv: cannot stat ‘ocn.so’: No such file or directory
c  -DFRONT_ATMA=atmA -DFRONT_OCNA=ocnA -DFRONT_OCNB=ocnB -DFRONT_SO_OCNC=\"ocn.so\"  -I/p/work1/mpotts/gfortran_7.3.0_mpt_g/nuopc-app-prototypes/AtmOcnSelectExternalProto/ATM-A -I/p/work1/mpotts/gfortran_7.3.0_mpt_g/nuopc-app-prototypes/AtmOcnSelectExternalProto/OcnModelA -I/p/work1/mpotts/gfortran_7.3.0_mpt_g/nuopc-app-prototypes/AtmOcnSelectExternalProto/OcnModelB      /p/work1/mpotts/gfortran_7.3.0_mpt_g/nuopc-app-prototypes/AtmOcnSelectExternalProto/ATM-A/atmA.F90
gmake: c: Command not found
gmake: [/p/work1/mpotts/gfortran_7.3.0_mpt_g/nuopc-app-prototypes/AtmOcnSelectExternalProto/ATM-A/atmA.o] Error 127 (ignored)
c  -DFRONT_ATMA=atmA -DFRONT_OCNA=ocnA -DFRONT_OCNB=ocnB -DFRONT_SO_OCNC=\"ocn.so\"  -I/p/work1/mpotts/gfortran_7.3.0_mpt_g/nuopc-app-prototypes/AtmOcnSelectExternalProto/ATM-A -I/p/work1/mpotts/gfortran_7.3.0_mpt_g/nuopc-app-prototypes/AtmOcnSelectExternalProto/OcnModelA -I/p/work1/mpotts/gfortran_7.3.0_mpt_g/nuopc-app-prototypes/AtmOcnSelectExternalProto/OcnModelB      /p/work1/mpotts/gfortran_7.3.0_mpt_g/nuopc-app-prototypes/AtmOcnSelectExternalProto/OcnModelA/ocn.F90
gmake: c: Command not found
gmake: [/p/work1/mpotts/gfortran_7.3.0_mpt_g/nuopc-app-prototypes/AtmOcnSelectExternalProto/OcnModelA/ocn.o] Error 127 (ignored)
c  -DFRONT_ATMA=atmA -DFRONT_OCNA=ocnA -DFRONT_OCNB=ocnB -DFRONT_SO_OCNC=\"ocn.so\"  -I/p/work1/mpotts/gfortran_7.3.0_mpt_g/nuopc-app-prototypes/AtmOcnSelectExternalProto/ATM-A -I/p/work1/mpotts/gfortran_7.3.0_mpt_g/nuopc-app-prototypes/AtmOcnSelectExternalProto/OcnModelA -I/p/work1/mpotts/gfortran_7.3.0_mpt_g/nuopc-app-prototypes/AtmOcnSelectExternalProto/OcnModelB      /p/work1/mpotts/gfortran_7.3.0_mpt_g/nuopc-app-prototypes/AtmOcnSelectExternalProto/OcnModelB/ocn.F90
gmake: c: Command not found
gmake: [/p/work1/mpotts/gfortran_7.3.0_mpt_g/nuopc-app-prototypes/AtmOcnSelectExternalProto/OcnModelB/ocn.o] Error 127 (ignored)
c  -DFRONT_ATMA=atmA -DFRONT_OCNA=ocnA -DFRONT_OCNB=ocnB -DFRONT_SO_OCNC=\"ocn.so\"  -I/p/work1/mpotts/gfortran_7.3.0_mpt_g/nuopc-app-prototypes/AtmOcnSelectExternalProto/ATM-A -I/p/work1/mpotts/gfortran_7.3.0_mpt_g/nuopc-app-prototypes/AtmOcnSelectExternalProto/OcnModelA -I/p/work1/mpotts/gfortran_7.3.0_mpt_g/nuopc-app-prototypes/AtmOcnSelectExternalProto/OcnModelB      esm.F90
gmake: c: Command not found
gmake: [esm.o] Error 127 (ignored)
c  -DFRONT_ATMA=atmA -DFRONT_OCNA=ocnA -DFRONT_OCNB=ocnB -DFRONT_SO_OCNC=\"ocn.so\"  -I/p/work1/mpotts/gfortran_7.3.0_mpt_g/nuopc-app-prototypes/AtmOcnSelectExternalProto/ATM-A -I/p/work1/mpotts/gfortran_7.3.0_mpt_g/nuopc-app-prototypes/AtmOcnSelectExternalProto/OcnModelA -I/p/work1/mpotts/gfortran_7.3.0_mpt_g/nuopc-app-prototypes/AtmOcnSelectExternalProto/OcnModelB      esmApp.F90
gmake: c: Command not found
gmake: [esmApp.o] Error 127 (ignored)
c  -DFRONT_ATMA=atmA -DFRONT_OCNA=ocnA -DFRONT_OCNB=ocnB -DFRONT_SO_OCNC=\"ocn.so\"  -I/p/work1/mpotts/gfortran_7.3.0_mpt_g/nuopc-app-prototypes/AtmOcnSelectExternalProto/ATM-A -I/p/work1/mpotts/gfortran_7.3.0_mpt_g/nuopc-app-prototypes/AtmOcnSelectExternalProto/OcnModelA -I/p/work1/mpotts/gfortran_7.3.0_mpt_g/nuopc-app-prototypes/AtmOcnSelectExternalProto/OcnModelB      /p/work1/mpotts/gfortran_7.3.0_mpt_g/nuopc-app-prototypes/AtmOcnSelectExternalProto/OcnCommon/ocnCommon.F90
gmake: c: Command not found
gmake: [/p/work1/mpotts/gfortran_7.3.0_mpt_g/nuopc-app-prototypes/AtmOcnSelectExternalProto/OcnCommon/ocnCommon.o] Error 127 (ignored)
c  -DFRONT_ATMA=atmA -DFRONT_OCNA=ocnA -DFRONT_OCNB=ocnB -DFRONT_SO_OCNC=\"ocn.so\"  -I/p/work1/mpotts/gfortran_7.3.0_mpt_g/nuopc-app-prototypes/AtmOcnSelectExternalProto/ATM-A -I/p/work1/mpotts/gfortran_7.3.0_mpt_g/nuopc-app-prototypes/AtmOcnSelectExternalProto/OcnModelA -I/p/work1/mpotts/gfortran_7.3.0_mpt_g/nuopc-app-prototypes/AtmOcnSelectExternalProto/OcnModelB      /p/work1/mpotts/gfortran_7.3.0_mpt_g/nuopc-app-prototypes/AtmOcnSelectExternalProto/OcnCommon/subModule1.F90
gmake: c: Command not found
gmake: [/p/work1/mpotts/gfortran_7.3.0_mpt_g/nuopc-app-prototypes/AtmOcnSelectExternalProto/OcnCommon/subModule1.o] Error 127 (ignored)
c  -DFRONT_ATMA=atmA -DFRONT_OCNA=ocnA -DFRONT_OCNB=ocnB -DFRONT_SO_OCNC=\"ocn.so\"  -I/p/work1/mpotts/gfortran_7.3.0_mpt_g/nuopc-app-prototypes/AtmOcnSelectExternalProto/ATM-A -I/p/work1/mpotts/gfortran_7.3.0_mpt_g/nuopc-app-prototypes/AtmOcnSelectExternalProto/OcnModelA -I/p/work1/mpotts/gfortran_7.3.0_mpt_g/nuopc-app-prototypes/AtmOcnSelectExternalProto/OcnModelB      /p/work1/mpotts/gfortran_7.3.0_mpt_g/nuopc-app-prototypes/AtmOcnSelectExternalProto/OcnCommon/subModule2.F90
gmake: c: Command not found
gmake: [/p/work1/mpotts/gfortran_7.3.0_mpt_g/nuopc-app-prototypes/AtmOcnSelectExternalProto/OcnCommon/subModule2.o] Error 127 (ignored)
c  -DFRONT_ATMA=atmA -DFRONT_OCNA=ocnA -DFRONT_OCNB=ocnB -DFRONT_SO_OCNC=\"ocn.so\"  -I/p/work1/mpotts/gfortran_7.3.0_mpt_g/nuopc-app-prototypes/AtmOcnSelectExternalProto/ATM-A -I/p/work1/mpotts/gfortran_7.3.0_mpt_g/nuopc-app-prototypes/AtmOcnSelectExternalProto/OcnModelA -I/p/work1/mpotts/gfortran_7.3.0_mpt_g/nuopc-app-prototypes/AtmOcnSelectExternalProto/OcnModelB      /p/work1/mpotts/gfortran_7.3.0_mpt_g/nuopc-app-prototypes/AtmOcnSelectExternalProto/OcnModelB/OcnSub/ocnSub.F90
gmake: c: Command not found
gmake: [/p/work1/mpotts/gfortran_7.3.0_mpt_g/nuopc-app-prototypes/AtmOcnSelectExternalProto/OcnModelB/OcnSub/ocnSub.o] Error 127 (ignored)
o esmApp esmApp.o esm.o /p/work1/mpotts/gfortran_7.3.0_mpt_g/nuopc-app-prototypes/AtmOcnSelectExternalProto/ATM-A/atmA.o /p/work1/mpotts/gfortran_7.3.0_mpt_g/nuopc-app-prototypes/AtmOcnSelectExternalProto/OcnModelA/ocn.o /p/work1/mpotts/gfortran_7.3.0_mpt_g/nuopc-app-prototypes/AtmOcnSelectExternalProto/OcnCommon/ocnCommon.o /p/work1/mpotts/gfortran_7.3.0_mpt_g/nuopc-app-prototypes/AtmOcnSelectExternalProto/OcnCommon/subModule1.o /p/work1/mpotts/gfortran_7.3.0_mpt_g/nuopc-app-prototypes/AtmOcnSelectExternalProto/OcnCommon/subModule2.o /p/work1/mpotts/gfortran_7.3.0_mpt_g/nuopc-app-prototypes/AtmOcnSelectExternalProto/OcnModelB/ocn.o /p/work1/mpotts/gfortran_7.3.0_mpt_g/nuopc-app-prototypes/AtmOcnSelectExternalProto/OcnModelB/OcnSub/ocnSub.o               
gmake: o: Command not found
gmake: [esmApp] Error 127 (ignored)
+ mpirun -np 4 ./esmApp
./testProtos.sh: line 137: 122712 Killed                  $MPIRUN 4 $TOOLRUN ./$2 > $2.stdout 2>&1
+ local result=137
+ set +x

rm -f esmApp *.o *.mod
c  -DFRONT_ATMB=atmB -DFRONT_OCNA=ocnA -DFRONT_OCNB=ocnB -DFRONT_SO_OCNC=\"ocn.so\"  -I/p/work1/mpotts/gfortran_7.3.0_mpt_g/nuopc-app-prototypes/AtmOcnSelectExternalProto/ATM-B -I/p/work1/mpotts/gfortran_7.3.0_mpt_g/nuopc-app-prototypes/AtmOcnSelectExternalProto/OcnModelA -I/p/work1/mpotts/gfortran_7.3.0_mpt_g/nuopc-app-prototypes/AtmOcnSelectExternalProto/OcnModelB      /p/work1/mpotts/gfortran_7.3.0_mpt_g/nuopc-app-prototypes/AtmOcnSelectExternalProto/ATM-B/atmB.F90
gmake: c: Command not found
gmake: [/p/work1/mpotts/gfortran_7.3.0_mpt_g/nuopc-app-prototypes/AtmOcnSelectExternalProto/ATM-B/atmB.o] Error 127 (ignored)
c  -DFRONT_ATMB=atmB -DFRONT_OCNA=ocnA -DFRONT_OCNB=ocnB -DFRONT_SO_OCNC=\"ocn.so\"  -I/p/work1/mpotts/gfortran_7.3.0_mpt_g/nuopc-app-prototypes/AtmOcnSelectExternalProto/ATM-B -I/p/work1/mpotts/gfortran_7.3.0_mpt_g/nuopc-app-prototypes/AtmOcnSelectExternalProto/OcnModelA -I/p/work1/mpotts/gfortran_7.3.0_mpt_g/nuopc-app-prototypes/AtmOcnSelectExternalProto/OcnModelB      /p/work1/mpotts/gfortran_7.3.0_mpt_g/nuopc-app-prototypes/AtmOcnSelectExternalProto/OcnModelA/ocn.F90
gmake: c: Command not found
gmake: [/p/work1/mpotts/gfortran_7.3.0_mpt_g/nuopc-app-prototypes/AtmOcnSelectExternalProto/OcnModelA/ocn.o] Error 127 (ignored)
c  -DFRONT_ATMB=atmB -DFRONT_OCNA=ocnA -DFRONT_OCNB=ocnB -DFRONT_SO_OCNC=\"ocn.so\"  -I/p/work1/mpotts/gfortran_7.3.0_mpt_g/nuopc-app-prototypes/AtmOcnSelectExternalProto/ATM-B -I/p/work1/mpotts/gfortran_7.3.0_mpt_g/nuopc-app-prototypes/AtmOcnSelectExternalProto/OcnModelA -I/p/work1/mpotts/gfortran_7.3.0_mpt_g/nuopc-app-prototypes/AtmOcnSelectExternalProto/OcnModelB      /p/work1/mpotts/gfortran_7.3.0_mpt_g/nuopc-app-prototypes/AtmOcnSelectExternalProto/OcnModelB/ocn.F90
gmake: c: Command not found
gmake: [/p/work1/mpotts/gfortran_7.3.0_mpt_g/nuopc-app-prototypes/AtmOcnSelectExternalProto/OcnModelB/ocn.o] Error 127 (ignored)
c  -DFRONT_ATMB=atmB -DFRONT_OCNA=ocnA -DFRONT_OCNB=ocnB -DFRONT_SO_OCNC=\"ocn.so\"  -I/p/work1/mpotts/gfortran_7.3.0_mpt_g/nuopc-app-prototypes/AtmOcnSelectExternalProto/ATM-B -I/p/work1/mpotts/gfortran_7.3.0_mpt_g/nuopc-app-prototypes/AtmOcnSelectExternalProto/OcnModelA -I/p/work1/mpotts/gfortran_7.3.0_mpt_g/nuopc-app-prototypes/AtmOcnSelectExternalProto/OcnModelB      esm.F90
gmake: c: Command not found
gmake: [esm.o] Error 127 (ignored)
c  -DFRONT_ATMB=atmB -DFRONT_OCNA=ocnA -DFRONT_OCNB=ocnB -DFRONT_SO_OCNC=\"ocn.so\"  -I/p/work1/mpotts/gfortran_7.3.0_mpt_g/nuopc-app-prototypes/AtmOcnSelectExternalProto/ATM-B -I/p/work1/mpotts/gfortran_7.3.0_mpt_g/nuopc-app-prototypes/AtmOcnSelectExternalProto/OcnModelA -I/p/work1/mpotts/gfortran_7.3.0_mpt_g/nuopc-app-prototypes/AtmOcnSelectExternalProto/OcnModelB      esmApp.F90
gmake: c: Command not found
gmake: [esmApp.o] Error 127 (ignored)
c  -DFRONT_ATMB=atmB -DFRONT_OCNA=ocnA -DFRONT_OCNB=ocnB -DFRONT_SO_OCNC=\"ocn.so\"  -I/p/work1/mpotts/gfortran_7.3.0_mpt_g/nuopc-app-prototypes/AtmOcnSelectExternalProto/ATM-B -I/p/work1/mpotts/gfortran_7.3.0_mpt_g/nuopc-app-prototypes/AtmOcnSelectExternalProto/OcnModelA -I/p/work1/mpotts/gfortran_7.3.0_mpt_g/nuopc-app-prototypes/AtmOcnSelectExternalProto/OcnModelB      /p/work1/mpotts/gfortran_7.3.0_mpt_g/nuopc-app-prototypes/AtmOcnSelectExternalProto/ATM-B/procedure.F90
gmake: c: Command not found
gmake: [/p/work1/mpotts/gfortran_7.3.0_mpt_g/nuopc-app-prototypes/AtmOcnSelectExternalProto/ATM-B/procedure.o] Error 127 (ignored)
c  -DFRONT_ATMB=atmB -DFRONT_OCNA=ocnA -DFRONT_OCNB=ocnB -DFRONT_SO_OCNC=\"ocn.so\"  -I/p/work1/mpotts/gfortran_7.3.0_mpt_g/nuopc-app-prototypes/AtmOcnSelectExternalProto/ATM-B -I/p/work1/mpotts/gfortran_7.3.0_mpt_g/nuopc-app-prototypes/AtmOcnSelectExternalProto/OcnModelA -I/p/work1/mpotts/gfortran_7.3.0_mpt_g/nuopc-app-prototypes/AtmOcnSelectExternalProto/OcnModelB      /p/work1/mpotts/gfortran_7.3.0_mpt_g/nuopc-app-prototypes/AtmOcnSelectExternalProto/OcnCommon/ocnCommon.F90
gmake: c: Command not found
gmake: [/p/work1/mpotts/gfortran_7.3.0_mpt_g/nuopc-app-prototypes/AtmOcnSelectExternalProto/OcnCommon/ocnCommon.o] Error 127 (ignored)
c  -DFRONT_ATMB=atmB -DFRONT_OCNA=ocnA -DFRONT_OCNB=ocnB -DFRONT_SO_OCNC=\"ocn.so\"  -I/p/work1/mpotts/gfortran_7.3.0_mpt_g/nuopc-app-prototypes/AtmOcnSelectExternalProto/ATM-B -I/p/work1/mpotts/gfortran_7.3.0_mpt_g/nuopc-app-prototypes/AtmOcnSelectExternalProto/OcnModelA -I/p/work1/mpotts/gfortran_7.3.0_mpt_g/nuopc-app-prototypes/AtmOcnSelectExternalProto/OcnModelB      /p/work1/mpotts/gfortran_7.3.0_mpt_g/nuopc-app-prototypes/AtmOcnSelectExternalProto/OcnCommon/subModule1.F90
gmake: c: Command not found
gmake: [/p/work1/mpotts/gfortran_7.3.0_mpt_g/nuopc-app-prototypes/AtmOcnSelectExternalProto/OcnCommon/subModule1.o] Error 127 (ignored)
c  -DFRONT_ATMB=atmB -DFRONT_OCNA=ocnA -DFRONT_OCNB=ocnB -DFRONT_SO_OCNC=\"ocn.so\"  -I/p/work1/mpotts/gfortran_7.3.0_mpt_g/nuopc-app-prototypes/AtmOcnSelectExternalProto/ATM-B -I/p/work1/mpotts/gfortran_7.3.0_mpt_g/nuopc-app-prototypes/AtmOcnSelectExternalProto/OcnModelA -I/p/work1/mpotts/gfortran_7.3.0_mpt_g/nuopc-app-prototypes/AtmOcnSelectExternalProto/OcnModelB      /p/work1/mpotts/gfortran_7.3.0_mpt_g/nuopc-app-prototypes/AtmOcnSelectExternalProto/OcnCommon/subModule2.F90
gmake: c: Command not found
gmake: [/p/work1/mpotts/gfortran_7.3.0_mpt_g/nuopc-app-prototypes/AtmOcnSelectExternalProto/OcnCommon/subModule2.o] Error 127 (ignored)
c  -DFRONT_ATMB=atmB -DFRONT_OCNA=ocnA -DFRONT_OCNB=ocnB -DFRONT_SO_OCNC=\"ocn.so\"  -I/p/work1/mpotts/gfortran_7.3.0_mpt_g/nuopc-app-prototypes/AtmOcnSelectExternalProto/ATM-B -I/p/work1/mpotts/gfortran_7.3.0_mpt_g/nuopc-app-prototypes/AtmOcnSelectExternalProto/OcnModelA -I/p/work1/mpotts/gfortran_7.3.0_mpt_g/nuopc-app-prototypes/AtmOcnSelectExternalProto/OcnModelB      /p/work1/mpotts/gfortran_7.3.0_mpt_g/nuopc-app-prototypes/AtmOcnSelectExternalProto/OcnModelB/OcnSub/ocnSub.F90
gmake: c: Command not found
gmake: [/p/work1/mpotts/gfortran_7.3.0_mpt_g/nuopc-app-prototypes/AtmOcnSelectExternalProto/OcnModelB/OcnSub/ocnSub.o] Error 127 (ignored)
o esmApp esmApp.o esm.o /p/work1/mpotts/gfortran_7.3.0_mpt_g/nuopc-app-prototypes/AtmOcnSelectExternalProto/ATM-B/atmB.o /p/work1/mpotts/gfortran_7.3.0_mpt_g/nuopc-app-prototypes/AtmOcnSelectExternalProto/ATM-B/procedure.o /p/work1/mpotts/gfortran_7.3.0_mpt_g/nuopc-app-prototypes/AtmOcnSelectExternalProto/OcnModelA/ocn.o /p/work1/mpotts/gfortran_7.3.0_mpt_g/nuopc-app-prototypes/AtmOcnSelectExternalProto/OcnCommon/ocnCommon.o /p/work1/mpotts/gfortran_7.3.0_mpt_g/nuopc-app-prototypes/AtmOcnSelectExternalProto/OcnCommon/subModule1.o /p/work1/mpotts/gfortran_7.3.0_mpt_g/nuopc-app-prototypes/AtmOcnSelectExternalProto/OcnCommon/subModule2.o /p/work1/mpotts/gfortran_7.3.0_mpt_g/nuopc-app-prototypes/AtmOcnSelectExternalProto/OcnModelB/ocn.o /p/work1/mpotts/gfortran_7.3.0_mpt_g/nuopc-app-prototypes/AtmOcnSelectExternalProto/OcnModelB/OcnSub/ocnSub.o               
gmake: o: Command not found
gmake: [esmApp] Error 127 (ignored)
+ mpirun -np 4 ./esmApp
./testProtos.sh: line 137: 122750 Killed                  $MPIRUN 4 $TOOLRUN ./$2 > $2.stdout 2>&1
+ local result=137
+ set +x

rm -f esmApp *.o *.mod
Makefile:53: ATM-C/atmC.mk: No such file or directory
gmake: *** No rule to make target `ATM-C/atmC.mk'.  Stop.
+ mpirun -np 4 ./esmApp
./testProtos.sh: line 137: 122776 Killed                  $MPIRUN 4 $TOOLRUN ./$2 > $2.stdout 2>&1
+ local result=137
+ set +x

rm -f esmApp *.o *.mod
Makefile:62: ATM-D/atmD.mk: No such file or directory
gmake: *** No rule to make target `ATM-D/atmD.mk'.  Stop.
+ mpirun -np 4 ./esmApp
./testProtos.sh: line 137: 122802 Killed                  $MPIRUN 4 $TOOLRUN ./$2 > $2.stdout 2>&1
+ local result=137
+ set +x
FINISHED: AtmOcnSelectExternalProto

rm -f esmApp *.o *.mod
c  -DFRONT_SO_ATME=\"atmE.so\" -DFRONT_OCNA=ocnA -DFRONT_OCNB=ocnB -DFRONT_SO_OCNC=\"ocn.so\"   -I/p/work1/mpotts/gfortran_7.3.0_mpt_g/nuopc-app-prototypes/AtmOcnSelectExternalProto/OcnModelA -I/p/work1/mpotts/gfortran_7.3.0_mpt_g/nuopc-app-prototypes/AtmOcnSelectExternalProto/OcnModelB      /p/work1/mpotts/gfortran_7.3.0_mpt_g/nuopc-app-prototypes/AtmOcnSelectExternalProto/OcnModelA/ocn.F90
gmake: c: Command not found
gmake: [/p/work1/mpotts/gfortran_7.3.0_mpt_g/nuopc-app-prototypes/AtmOcnSelectExternalProto/OcnModelA/ocn.o] Error 127 (ignored)
c  -DFRONT_SO_ATME=\"atmE.so\" -DFRONT_OCNA=ocnA -DFRONT_OCNB=ocnB -DFRONT_SO_OCNC=\"ocn.so\"   -I/p/work1/mpotts/gfortran_7.3.0_mpt_g/nuopc-app-prototypes/AtmOcnSelectExternalProto/OcnModelA -I/p/work1/mpotts/gfortran_7.3.0_mpt_g/nuopc-app-prototypes/AtmOcnSelectExternalProto/OcnModelB      /p/work1/mpotts/gfortran_7.3.0_mpt_g/nuopc-app-prototypes/AtmOcnSelectExternalProto/OcnModelB/ocn.F90
gmake: c: Command not found
gmake: [/p/work1/mpotts/gfortran_7.3.0_mpt_g/nuopc-app-prototypes/AtmOcnSelectExternalProto/OcnModelB/ocn.o] Error 127 (ignored)
c  -DFRONT_SO_ATME=\"atmE.so\" -DFRONT_OCNA=ocnA -DFRONT_OCNB=ocnB -DFRONT_SO_OCNC=\"ocn.so\"   -I/p/work1/mpotts/gfortran_7.3.0_mpt_g/nuopc-app-prototypes/AtmOcnSelectExternalProto/OcnModelA -I/p/work1/mpotts/gfortran_7.3.0_mpt_g/nuopc-app-prototypes/AtmOcnSelectExternalProto/OcnModelB      esm.F90
gmake: c: Command not found
gmake: [esm.o] Error 127 (ignored)
c  -DFRONT_SO_ATME=\"atmE.so\" -DFRONT_OCNA=ocnA -DFRONT_OCNB=ocnB -DFRONT_SO_OCNC=\"ocn.so\"   -I/p/work1/mpotts/gfortran_7.3.0_mpt_g/nuopc-app-prototypes/AtmOcnSelectExternalProto/OcnModelA -I/p/work1/mpotts/gfortran_7.3.0_mpt_g/nuopc-app-prototypes/AtmOcnSelectExternalProto/OcnModelB      esmApp.F90
gmake: c: Command not found
gmake: [esmApp.o] Error 127 (ignored)
c  -DFRONT_SO_ATME=\"atmE.so\" -DFRONT_OCNA=ocnA -DFRONT_OCNB=ocnB -DFRONT_SO_OCNC=\"ocn.so\"   -I/p/work1/mpotts/gfortran_7.3.0_mpt_g/nuopc-app-prototypes/AtmOcnSelectExternalProto/OcnModelA -I/p/work1/mpotts/gfortran_7.3.0_mpt_g/nuopc-app-prototypes/AtmOcnSelectExternalProto/OcnModelB      /p/work1/mpotts/gfortran_7.3.0_mpt_g/nuopc-app-prototypes/AtmOcnSelectExternalProto/OcnCommon/ocnCommon.F90
gmake: c: Command not found
gmake: [/p/work1/mpotts/gfortran_7.3.0_mpt_g/nuopc-app-prototypes/AtmOcnSelectExternalProto/OcnCommon/ocnCommon.o] Error 127 (ignored)
c  -DFRONT_SO_ATME=\"atmE.so\" -DFRONT_OCNA=ocnA -DFRONT_OCNB=ocnB -DFRONT_SO_OCNC=\"ocn.so\"   -I/p/work1/mpotts/gfortran_7.3.0_mpt_g/nuopc-app-prototypes/AtmOcnSelectExternalProto/OcnModelA -I/p/work1/mpotts/gfortran_7.3.0_mpt_g/nuopc-app-prototypes/AtmOcnSelectExternalProto/OcnModelB      /p/work1/mpotts/gfortran_7.3.0_mpt_g/nuopc-app-prototypes/AtmOcnSelectExternalProto/OcnCommon/subModule1.F90
gmake: c: Command not found
gmake: [/p/work1/mpotts/gfortran_7.3.0_mpt_g/nuopc-app-prototypes/AtmOcnSelectExternalProto/OcnCommon/subModule1.o] Error 127 (ignored)
c  -DFRONT_SO_ATME=\"atmE.so\" -DFRONT_OCNA=ocnA -DFRONT_OCNB=ocnB -DFRONT_SO_OCNC=\"ocn.so\"   -I/p/work1/mpotts/gfortran_7.3.0_mpt_g/nuopc-app-prototypes/AtmOcnSelectExternalProto/OcnModelA -I/p/work1/mpotts/gfortran_7.3.0_mpt_g/nuopc-app-prototypes/AtmOcnSelectExternalProto/OcnModelB      /p/work1/mpotts/gfortran_7.3.0_mpt_g/nuopc-app-prototypes/AtmOcnSelectExternalProto/OcnCommon/subModule2.F90
gmake: c: Command not found
gmake: [/p/work1/mpotts/gfortran_7.3.0_mpt_g/nuopc-app-prototypes/AtmOcnSelectExternalProto/OcnCommon/subModule2.o] Error 127 (ignored)
c  -DFRONT_SO_ATME=\"atmE.so\" -DFRONT_OCNA=ocnA -DFRONT_OCNB=ocnB -DFRONT_SO_OCNC=\"ocn.so\"   -I/p/work1/mpotts/gfortran_7.3.0_mpt_g/nuopc-app-prototypes/AtmOcnSelectExternalProto/OcnModelA -I/p/work1/mpotts/gfortran_7.3.0_mpt_g/nuopc-app-prototypes/AtmOcnSelectExternalProto/OcnModelB      /p/work1/mpotts/gfortran_7.3.0_mpt_g/nuopc-app-prototypes/AtmOcnSelectExternalProto/OcnModelB/OcnSub/ocnSub.F90
gmake: c: Command not found
gmake: [/p/work1/mpotts/gfortran_7.3.0_mpt_g/nuopc-app-prototypes/AtmOcnSelectExternalProto/OcnModelB/OcnSub/ocnSub.o] Error 127 (ignored)
o esmApp esmApp.o esm.o /p/work1/mpotts/gfortran_7.3.0_mpt_g/nuopc-app-prototypes/AtmOcnSelectExternalProto/OcnModelA/ocn.o /p/work1/mpotts/gfortran_7.3.0_mpt_g/nuopc-app-prototypes/AtmOcnSelectExternalProto/OcnCommon/ocnCommon.o /p/work1/mpotts/gfortran_7.3.0_mpt_g/nuopc-app-prototypes/AtmOcnSelectExternalProto/OcnCommon/subModule1.o /p/work1/mpotts/gfortran_7.3.0_mpt_g/nuopc-app-prototypes/AtmOcnSelectExternalProto/OcnCommon/subModule2.o /p/work1/mpotts/gfortran_7.3.0_mpt_g/nuopc-app-prototypes/AtmOcnSelectExternalProto/OcnModelB/ocn.o /p/work1/mpotts/gfortran_7.3.0_mpt_g/nuopc-app-prototypes/AtmOcnSelectExternalProto/OcnModelB/OcnSub/ocnSub.o               
gmake: o: Command not found
gmake: [esmApp] Error 127 (ignored)
+ mpirun -np 4 ./esmApp
./testProtos.sh: line 137: 122838 Killed                  $MPIRUN 4 $TOOLRUN ./$2 > $2.stdout 2>&1
+ local result=137
+ set +x

rm -f esmApp *.o *.mod
c  -DFRONT_H_ATMF=\"atmF.h\" -DFRONT_H_ATMF_SS=SetServices_atmF -DFRONT_OCNA=ocnA -DFRONT_OCNB=ocnB -DFRONT_SO_OCNC=\"ocn.so\"  -I/p/work1/mpotts/gfortran_7.3.0_mpt_g/nuopc-app-prototypes/AtmOcnSelectExternalProto/ATM-F -I/p/work1/mpotts/gfortran_7.3.0_mpt_g/nuopc-app-prototypes/AtmOcnSelectExternalProto/OcnModelA -I/p/work1/mpotts/gfortran_7.3.0_mpt_g/nuopc-app-prototypes/AtmOcnSelectExternalProto/OcnModelB      /p/work1/mpotts/gfortran_7.3.0_mpt_g/nuopc-app-prototypes/AtmOcnSelectExternalProto/ATM-F/atmF.C
gmake: c: Command not found
gmake: [/p/work1/mpotts/gfortran_7.3.0_mpt_g/nuopc-app-prototypes/AtmOcnSelectExternalProto/ATM-F/atmF.o] Error 127 (ignored)
c  -DFRONT_H_ATMF=\"atmF.h\" -DFRONT_H_ATMF_SS=SetServices_atmF -DFRONT_OCNA=ocnA -DFRONT_OCNB=ocnB -DFRONT_SO_OCNC=\"ocn.so\"  -I/p/work1/mpotts/gfortran_7.3.0_mpt_g/nuopc-app-prototypes/AtmOcnSelectExternalProto/ATM-F -I/p/work1/mpotts/gfortran_7.3.0_mpt_g/nuopc-app-prototypes/AtmOcnSelectExternalProto/OcnModelA -I/p/work1/mpotts/gfortran_7.3.0_mpt_g/nuopc-app-prototypes/AtmOcnSelectExternalProto/OcnModelB      /p/work1/mpotts/gfortran_7.3.0_mpt_g/nuopc-app-prototypes/AtmOcnSelectExternalProto/OcnModelA/ocn.F90
gmake: c: Command not found
gmake: [/p/work1/mpotts/gfortran_7.3.0_mpt_g/nuopc-app-prototypes/AtmOcnSelectExternalProto/OcnModelA/ocn.o] Error 127 (ignored)
c  -DFRONT_H_ATMF=\"atmF.h\" -DFRONT_H_ATMF_SS=SetServices_atmF -DFRONT_OCNA=ocnA -DFRONT_OCNB=ocnB -DFRONT_SO_OCNC=\"ocn.so\"  -I/p/work1/mpotts/gfortran_7.3.0_mpt_g/nuopc-app-prototypes/AtmOcnSelectExternalProto/ATM-F -I/p/work1/mpotts/gfortran_7.3.0_mpt_g/nuopc-app-prototypes/AtmOcnSelectExternalProto/OcnModelA -I/p/work1/mpotts/gfortran_7.3.0_mpt_g/nuopc-app-prototypes/AtmOcnSelectExternalProto/OcnModelB      /p/work1/mpotts/gfortran_7.3.0_mpt_g/nuopc-app-prototypes/AtmOcnSelectExternalProto/OcnModelB/ocn.F90
gmake: c: Command not found
gmake: [/p/work1/mpotts/gfortran_7.3.0_mpt_g/nuopc-app-prototypes/AtmOcnSelectExternalProto/OcnModelB/ocn.o] Error 127 (ignored)
c  -DFRONT_H_ATMF=\"atmF.h\" -DFRONT_H_ATMF_SS=SetServices_atmF -DFRONT_OCNA=ocnA -DFRONT_OCNB=ocnB -DFRONT_SO_OCNC=\"ocn.so\"  -I/p/work1/mpotts/gfortran_7.3.0_mpt_g/nuopc-app-prototypes/AtmOcnSelectExternalProto/ATM-F -I/p/work1/mpotts/gfortran_7.3.0_mpt_g/nuopc-app-prototypes/AtmOcnSelectExternalProto/OcnModelA -I/p/work1/mpotts/gfortran_7.3.0_mpt_g/nuopc-app-prototypes/AtmOcnSelectExternalProto/OcnModelB      esm.F90
gmake: c: Command not found
gmake: [esm.o] Error 127 (ignored)
c  -DFRONT_H_ATMF=\"atmF.h\" -DFRONT_H_ATMF_SS=SetServices_atmF -DFRONT_OCNA=ocnA -DFRONT_OCNB=ocnB -DFRONT_SO_OCNC=\"ocn.so\"  -I/p/work1/mpotts/gfortran_7.3.0_mpt_g/nuopc-app-prototypes/AtmOcnSelectExternalProto/ATM-F -I/p/work1/mpotts/gfortran_7.3.0_mpt_g/nuopc-app-prototypes/AtmOcnSelectExternalProto/OcnModelA -I/p/work1/mpotts/gfortran_7.3.0_mpt_g/nuopc-app-prototypes/AtmOcnSelectExternalProto/OcnModelB      esmApp.F90
gmake: c: Command not found
gmake: [esmApp.o] Error 127 (ignored)
c  -DFRONT_H_ATMF=\"atmF.h\" -DFRONT_H_ATMF_SS=SetServices_atmF -DFRONT_OCNA=ocnA -DFRONT_OCNB=ocnB -DFRONT_SO_OCNC=\"ocn.so\"  -I/p/work1/mpotts/gfortran_7.3.0_mpt_g/nuopc-app-prototypes/AtmOcnSelectExternalProto/ATM-F -I/p/work1/mpotts/gfortran_7.3.0_mpt_g/nuopc-app-prototypes/AtmOcnSelectExternalProto/OcnModelA -I/p/work1/mpotts/gfortran_7.3.0_mpt_g/nuopc-app-prototypes/AtmOcnSelectExternalProto/OcnModelB      /p/work1/mpotts/gfortran_7.3.0_mpt_g/nuopc-app-prototypes/AtmOcnSelectExternalProto/OcnCommon/ocnCommon.F90
gmake: c: Command not found
gmake: [/p/work1/mpotts/gfortran_7.3.0_mpt_g/nuopc-app-prototypes/AtmOcnSelectExternalProto/OcnCommon/ocnCommon.o] Error 127 (ignored)
c  -DFRONT_H_ATMF=\"atmF.h\" -DFRONT_H_ATMF_SS=SetServices_atmF -DFRONT_OCNA=ocnA -DFRONT_OCNB=ocnB -DFRONT_SO_OCNC=\"ocn.so\"  -I/p/work1/mpotts/gfortran_7.3.0_mpt_g/nuopc-app-prototypes/AtmOcnSelectExternalProto/ATM-F -I/p/work1/mpotts/gfortran_7.3.0_mpt_g/nuopc-app-prototypes/AtmOcnSelectExternalProto/OcnModelA -I/p/work1/mpotts/gfortran_7.3.0_mpt_g/nuopc-app-prototypes/AtmOcnSelectExternalProto/OcnModelB      /p/work1/mpotts/gfortran_7.3.0_mpt_g/nuopc-app-prototypes/AtmOcnSelectExternalProto/OcnCommon/subModule1.F90
gmake: c: Command not found
gmake: [/p/work1/mpotts/gfortran_7.3.0_mpt_g/nuopc-app-prototypes/AtmOcnSelectExternalProto/OcnCommon/subModule1.o] Error 127 (ignored)
c  -DFRONT_H_ATMF=\"atmF.h\" -DFRONT_H_ATMF_SS=SetServices_atmF -DFRONT_OCNA=ocnA -DFRONT_OCNB=ocnB -DFRONT_SO_OCNC=\"ocn.so\"  -I/p/work1/mpotts/gfortran_7.3.0_mpt_g/nuopc-app-prototypes/AtmOcnSelectExternalProto/ATM-F -I/p/work1/mpotts/gfortran_7.3.0_mpt_g/nuopc-app-prototypes/AtmOcnSelectExternalProto/OcnModelA -I/p/work1/mpotts/gfortran_7.3.0_mpt_g/nuopc-app-prototypes/AtmOcnSelectExternalProto/OcnModelB      /p/work1/mpotts/gfortran_7.3.0_mpt_g/nuopc-app-prototypes/AtmOcnSelectExternalProto/OcnCommon/subModule2.F90
gmake: c: Command not found
gmake: [/p/work1/mpotts/gfortran_7.3.0_mpt_g/nuopc-app-prototypes/AtmOcnSelectExternalProto/OcnCommon/subModule2.o] Error 127 (ignored)
c  -DFRONT_H_ATMF=\"atmF.h\" -DFRONT_H_ATMF_SS=SetServices_atmF -DFRONT_OCNA=ocnA -DFRONT_OCNB=ocnB -DFRONT_SO_OCNC=\"ocn.so\"  -I/p/work1/mpotts/gfortran_7.3.0_mpt_g/nuopc-app-prototypes/AtmOcnSelectExternalProto/ATM-F -I/p/work1/mpotts/gfortran_7.3.0_mpt_g/nuopc-app-prototypes/AtmOcnSelectExternalProto/OcnModelA -I/p/work1/mpotts/gfortran_7.3.0_mpt_g/nuopc-app-prototypes/AtmOcnSelectExternalProto/OcnModelB      /p/work1/mpotts/gfortran_7.3.0_mpt_g/nuopc-app-prototypes/AtmOcnSelectExternalProto/OcnModelB/OcnSub/ocnSub.F90
gmake: c: Command not found
gmake: [/p/work1/mpotts/gfortran_7.3.0_mpt_g/nuopc-app-prototypes/AtmOcnSelectExternalProto/OcnModelB/OcnSub/ocnSub.o] Error 127 (ignored)
o esmApp esmApp.o esm.o /p/work1/mpotts/gfortran_7.3.0_mpt_g/nuopc-app-prototypes/AtmOcnSelectExternalProto/ATM-F/atmF.o /p/work1/mpotts/gfortran_7.3.0_mpt_g/nuopc-app-prototypes/AtmOcnSelectExternalProto/OcnModelA/ocn.o /p/work1/mpotts/gfortran_7.3.0_mpt_g/nuopc-app-prototypes/AtmOcnSelectExternalProto/OcnCommon/ocnCommon.o /p/work1/mpotts/gfortran_7.3.0_mpt_g/nuopc-app-prototypes/AtmOcnSelectExternalProto/OcnCommon/subModule1.o /p/work1/mpotts/gfortran_7.3.0_mpt_g/nuopc-app-prototypes/AtmOcnSelectExternalProto/OcnCommon/subModule2.o /p/work1/mpotts/gfortran_7.3.0_mpt_g/nuopc-app-prototypes/AtmOcnSelectExternalProto/OcnModelB/ocn.o /p/work1/mpotts/gfortran_7.3.0_mpt_g/nuopc-app-prototypes/AtmOcnSelectExternalProto/OcnModelB/OcnSub/ocnSub.o               
gmake: o: Command not found
gmake: [esmApp] Error 127 (ignored)
FINISHED: AtmOcnSelectExternalProto
---------------------------------------------------------------------------

---------------------------------------------------------------------------
STARTING: AtmOcnSelectProto
rm -f PET*.ESMF_LogFile *.nc *.stdout
rm -f esmApp *.o *.mod
c -DWITH_ATM_A -DWITH_OCN_A -DWITH_OCN_B     atmA.F90
gmake: c: Command not found
gmake: [atmA.o] Error 127 (ignored)
c -DWITH_ATM_A -DWITH_OCN_A -DWITH_OCN_B     atmB.F90
gmake: c: Command not found
gmake: [atmB.o] Error 127 (ignored)
c -DWITH_ATM_A -DWITH_OCN_A -DWITH_OCN_B     ocnA.F90
gmake: c: Command not found
gmake: [ocnA.o] Error 127 (ignored)
c -DWITH_ATM_A -DWITH_OCN_A -DWITH_OCN_B     ocnB.F90
gmake: c: Command not found
gmake: [ocnB.o] Error 127 (ignored)
c -DWITH_ATM_A -DWITH_OCN_A -DWITH_OCN_B     esm.F90
gmake: c: Command not found
gmake: [esm.o] Error 127 (ignored)
c -DWITH_ATM_A -DWITH_OCN_A -DWITH_OCN_B     esmApp.F90
gmake: c: Command not found
gmake: [esmApp.o] Error 127 (ignored)
o esmApp esmApp.o esm.o atmA.o atmB.o ocnA.o ocnB.o 
gmake: o: Command not found
gmake: [esmApp] Error 127 (ignored)
+ mpirun -np 4 ./esmApp
./testProtos.sh: line 80: 122885 Killed                  $MPIRUN 4 $TOOLRUN ./$2 > $2.stdout 2>&1
+ local result=137
+ set +x

rm -f esmApp *.o *.mod
c -DWITH_ATM_B -DWITH_OCN_A -DWITH_OCN_B     atmA.F90
gmake: c: Command not found
gmake: [atmA.o] Error 127 (ignored)
c -DWITH_ATM_B -DWITH_OCN_A -DWITH_OCN_B     atmB.F90
gmake: c: Command not found
gmake: [atmB.o] Error 127 (ignored)
c -DWITH_ATM_B -DWITH_OCN_A -DWITH_OCN_B     ocnA.F90
gmake: c: Command not found
gmake: [ocnA.o] Error 127 (ignored)
c -DWITH_ATM_B -DWITH_OCN_A -DWITH_OCN_B     ocnB.F90
gmake: c: Command not found
gmake: [ocnB.o] Error 127 (ignored)
c -DWITH_ATM_B -DWITH_OCN_A -DWITH_OCN_B     esm.F90
gmake: c: Command not found
gmake: [esm.o] Error 127 (ignored)
c -DWITH_ATM_B -DWITH_OCN_A -DWITH_OCN_B     esmApp.F90
gmake: c: Command not found
gmake: [esmApp.o] Error 127 (ignored)
o esmApp esmApp.o esm.o atmA.o atmB.o ocnA.o ocnB.o 
gmake: o: Command not found
gmake: [esmApp] Error 127 (ignored)
+ mpirun -np 4 ./esmApp
./testProtos.sh: line 80: 122919 Killed                  $MPIRUN 4 $TOOLRUN ./$2 > $2.stdout 2>&1
+ local result=137
+ set +x

rm -f esmApp *.o *.mod
c -DWITH_ATM_A -DWITH_OCN_B     atmA.F90
gmake: c: Command not found
gmake: [atmA.o] Error 127 (ignored)
c -DWITH_ATM_A -DWITH_OCN_B     atmB.F90
gmake: c: Command not found
gmake: [atmB.o] Error 127 (ignored)
c -DWITH_ATM_A -DWITH_OCN_B     ocnA.F90
gmake: c: Command not found
gmake: [ocnA.o] Error 127 (ignored)
c -DWITH_ATM_A -DWITH_OCN_B     ocnB.F90
gmake: c: Command not found
gmake: [ocnB.o] Error 127 (ignored)
c -DWITH_ATM_A -DWITH_OCN_B     esm.F90
gmake: c: Command not found
gmake: [esm.o] Error 127 (ignored)
c -DWITH_ATM_A -DWITH_OCN_B     esmApp.F90
gmake: c: Command not found
gmake: [esmApp.o] Error 127 (ignored)
o esmApp esmApp.o esm.o atmA.o atmB.o ocnA.o ocnB.o 
gmake: o: Command not found
gmake: [esmApp] Error 127 (ignored)
+ mpirun -np 4 ./esmApp
./testProtos.sh: line 80: 122952 Killed                  $MPIRUN 4 $TOOLRUN ./$2 > $2.stdout 2>&1
+ local result=137
+ set +x
FINISHED: AtmOcnSelectProto
---------------------------------------------------------------------------

---------------------------------------------------------------------------
STARTING: AtmOcnSimpleImplicitProto
rm -f PET*.ESMF_LogFile *.nc *.stdout
rm -f esmApp *.o *.mod
c     atm.F90
gmake: c: Command not found
gmake: [atm.o] Error 127 (ignored)
c     ocn.F90
gmake: c: Command not found
gmake: [ocn.o] Error 127 (ignored)
c     esm.F90
gmake: c: Command not found
gmake: [esm.o] Error 127 (ignored)
c     esmApp.F90
gmake: c: Command not found
gmake: [esmApp.o] Error 127 (ignored)
o esmApp esmApp.o esm.o atm.o ocn.o 
gmake: o: Command not found
gmake: [esmApp] Error 127 (ignored)
+ mpirun -np 4 ./esmApp
./testProtos.sh: line 20: 122984 Killed                  $MPIRUN 4 $TOOLRUN ./$2 > $2.stdout 2>&1
+ local result=137
+ set +x
FINISHED: AtmOcnSimpleImplicitProto
---------------------------------------------------------------------------

---------------------------------------------------------------------------
STARTING: AtmOcnTransferGridProto
rm -f PET*.ESMF_LogFile *.nc *.vtk *.stdout
rm -f esmApp *.o *.mod
c     atm.F90
gmake: c: Command not found
gmake: [atm.o] Error 127 (ignored)
c     ocn.F90
gmake: c: Command not found
gmake: [ocn.o] Error 127 (ignored)
c     esm.F90
gmake: c: Command not found
gmake: [esm.o] Error 127 (ignored)
c     esmApp.F90
gmake: c: Command not found
gmake: [esmApp.o] Error 127 (ignored)
o esmApp esmApp.o esm.o atm.o ocn.o 
gmake: o: Command not found
gmake: [esmApp] Error 127 (ignored)
+ mpirun -np 4 ./esmApp
./testProtos.sh: line 20: 123017 Killed                  $MPIRUN 4 $TOOLRUN ./$2 > $2.stdout 2>&1
+ local result=137
+ set +x
FINISHED: AtmOcnTransferGridProto
---------------------------------------------------------------------------

---------------------------------------------------------------------------
STARTING: AtmOcnTransferLocStreamProto
rm -f PET*.ESMF_LogFile *.nc *.stdout
rm -f esmApp *.o *.mod
c     atm.F90
gmake: c: Command not found
gmake: [atm.o] Error 127 (ignored)
c     ocn.F90
gmake: c: Command not found
gmake: [ocn.o] Error 127 (ignored)
c     esm.F90
gmake: c: Command not found
gmake: [esm.o] Error 127 (ignored)
c     esmApp.F90
gmake: c: Command not found
gmake: [esmApp.o] Error 127 (ignored)
o esmApp esmApp.o esm.o atm.o ocn.o 
gmake: o: Command not found
gmake: [esmApp] Error 127 (ignored)
+ mpirun -np 4 ./esmApp
./testProtos.sh: line 20: 123049 Killed                  $MPIRUN 4 $TOOLRUN ./$2 > $2.stdout 2>&1
+ local result=137
+ set +x
FINISHED: AtmOcnTransferLocStreamProto
---------------------------------------------------------------------------

---------------------------------------------------------------------------
STARTING: AtmOcnTransferMeshProto
rm -f PET*.ESMF_LogFile field*.nc *.vtk *.stdout
rm -f esmApp *.o *.mod
c     atm.F90
gmake: c: Command not found
gmake: [atm.o] Error 127 (ignored)
c     ocn.F90
gmake: c: Command not found
gmake: [ocn.o] Error 127 (ignored)
c     esm.F90
gmake: c: Command not found
gmake: [esm.o] Error 127 (ignored)
c     esmApp.F90
gmake: c: Command not found
gmake: [esmApp.o] Error 127 (ignored)
o esmApp esmApp.o esm.o atm.o ocn.o 
gmake: o: Command not found
gmake: [esmApp] Error 127 (ignored)
+ mpirun -np 4 ./esmApp
./testProtos.sh: line 20: 123082 Killed                  $MPIRUN 4 $TOOLRUN ./$2 > $2.stdout 2>&1
+ local result=137
+ set +x
FINISHED: AtmOcnTransferMeshProto
---------------------------------------------------------------------------

---------------------------------------------------------------------------
STARTING: ComponentExplorer
rm -f PET*.ESMF_LogFile
rm -f nuopcExplorerApp *.o *.mod
+ ./nuopcExplorerScript ../AtmOcnSelectExternalProto/ATM-A/atmA.mk

NUOPC Component Explorer Script
-------------------------------
The ESMFMKFILE environment variable does not appear to be set!
Exiting with error.

+ mpirun -np 4 ./nuopcExplorerApp
./testProtos.sh: line 234: 123109 Killed                  $MPIRUN 4 $TOOLRUN ./$2 > $2.stdout 2>&1
+ local result=137
+ set +x
FINISHED: ComponentExplorer
---------------------------------------------------------------------------

---------------------------------------------------------------------------
STARTING: CustomFieldDictionaryProto
rm -f PET*.ESMF_LogFile *.nc *.stdout
rm -f mainApp *.o *.mod
c     -DESMF_VERSION_MAJOR= model.F90
gmake: c: Command not found
gmake: [model.o] Error 127 (ignored)
c     -DESMF_VERSION_MAJOR= driver.F90
gmake: c: Command not found
gmake: [driver.o] Error 127 (ignored)
c     -DESMF_VERSION_MAJOR= util.F90
gmake: c: Command not found
gmake: [util.o] Error 127 (ignored)
c     -DESMF_VERSION_MAJOR= mainApp.F90
gmake: c: Command not found
gmake: [mainApp.o] Error 127 (ignored)
o mainApp mainApp.o driver.o model.o util.o 
gmake: o: Command not found
gmake: [mainApp] Error 127 (ignored)
+ mpirun -np 4 ./mainApp
./testProtos.sh: line 20: 123141 Killed                  $MPIRUN 4 $TOOLRUN ./$2 > $2.stdout 2>&1
+ local result=137
+ set +x
FINISHED: CustomFieldDictionaryProto
---------------------------------------------------------------------------

---------------------------------------------------------------------------
STARTING: DriverInDriverDataDepProto
rm -f PET*.ESMF_LogFile *.nc *.stdout
rm -f mainApp *.o *.mod
c     -DESMF_VERSION_MAJOR= atm.F90
gmake: c: Command not found
gmake: [atm.o] Error 127 (ignored)
c     -DESMF_VERSION_MAJOR= driverChildComp.F90
gmake: c: Command not found
gmake: [driverChildComp.o] Error 127 (ignored)
c     -DESMF_VERSION_MAJOR= ocn.F90
gmake: c: Command not found
gmake: [ocn.o] Error 127 (ignored)
c     -DESMF_VERSION_MAJOR= driverParentComp.F90
gmake: c: Command not found
gmake: [driverParentComp.o] Error 127 (ignored)
c     -DESMF_VERSION_MAJOR= mainApp.F90
gmake: c: Command not found
gmake: [mainApp.o] Error 127 (ignored)
o mainApp mainApp.o driverParentComp.o driverChildComp.o atm.o ocn.o 
gmake: o: Command not found
gmake: [mainApp] Error 127 (ignored)
+ mpirun -np 4 ./mainApp
./testProtos.sh: line 20: 123175 Killed                  $MPIRUN 4 $TOOLRUN ./$2 > $2.stdout 2>&1
+ local result=137
+ set +x
FINISHED: DriverInDriverDataDepProto
---------------------------------------------------------------------------

---------------------------------------------------------------------------
STARTING: DriverInDriverProto
rm -f PET*.ESMF_LogFile *.nc *.stdout
rm -f mainApp *.o *.mod
c     -DESMF_VERSION_MAJOR= atm.F90
gmake: c: Command not found
gmake: [atm.o] Error 127 (ignored)
c     -DESMF_VERSION_MAJOR= driverChildComp.F90
gmake: c: Command not found
gmake: [driverChildComp.o] Error 127 (ignored)
c     -DESMF_VERSION_MAJOR= ocn.F90
gmake: c: Command not found
gmake: [ocn.o] Error 127 (ignored)
c     -DESMF_VERSION_MAJOR= driverParentComp.F90
gmake: c: Command not found
gmake: [driverParentComp.o] Error 127 (ignored)
c     -DESMF_VERSION_MAJOR= mainApp.F90
gmake: c: Command not found
gmake: [mainApp.o] Error 127 (ignored)
o mainApp mainApp.o driverParentComp.o driverChildComp.o atm.o ocn.o 
gmake: o: Command not found
gmake: [mainApp] Error 127 (ignored)
+ mpirun -np 4 ./mainApp
./testProtos.sh: line 20: 123208 Killed                  $MPIRUN 4 $TOOLRUN ./$2 > $2.stdout 2>&1
+ local result=137
+ set +x
FINISHED: DriverInDriverProto
---------------------------------------------------------------------------

---------------------------------------------------------------------------
STARTING: DynPhyProto
rm -f PET*.ESMF_LogFile *.nc *.stdout
rm -f esmApp *.o *.mod
c     dyn.F90
gmake: c: Command not found
gmake: [dyn.o] Error 127 (ignored)
c     phy.F90
gmake: c: Command not found
gmake: [phy.o] Error 127 (ignored)
c     atm.F90
gmake: c: Command not found
gmake: [atm.o] Error 127 (ignored)
c     esmApp.F90
gmake: c: Command not found
gmake: [esmApp.o] Error 127 (ignored)
o esmApp esmApp.o atm.o dyn.o phy.o 
gmake: o: Command not found
gmake: [esmApp] Error 127 (ignored)
+ mpirun -np 4 ./esmApp
./testProtos.sh: line 20: 123241 Killed                  $MPIRUN 4 $TOOLRUN ./$2 > $2.stdout 2>&1
+ local result=137
+ set +x
FINISHED: DynPhyProto
---------------------------------------------------------------------------

---------------------------------------------------------------------------
STARTING: ExternalDriverAPIProto
rm -f PET*.ESMF_LogFile *.nc *.stdout
rm -f externalApp *.o *.mod
c     atm.F90
gmake: c: Command not found
gmake: [atm.o] Error 127 (ignored)
c     ocn.F90
gmake: c: Command not found
gmake: [ocn.o] Error 127 (ignored)
c     esm.F90
gmake: c: Command not found
gmake: [esm.o] Error 127 (ignored)
c     externalApp.F90
gmake: c: Command not found
gmake: [externalApp.o] Error 127 (ignored)
o externalApp externalApp.o esm.o atm.o ocn.o 
gmake: o: Command not found
gmake: [externalApp] Error 127 (ignored)
+ mpirun -np 4 ./externalApp
./testProtos.sh: line 20: 123273 Killed                  $MPIRUN 4 $TOOLRUN ./$2 > $2.stdout 2>&1
+ local result=137
+ set +x
FINISHED: ExternalDriverAPIProto
---------------------------------------------------------------------------

---------------------------------------------------------------------------
STARTING: GenericMediatorProto
rm -f PET*.ESMF_LogFile *.nc *.stdout
rm -f app *.o *.mod
c     mediator.F90
gmake: c: Command not found
gmake: [mediator.o] Error 127 (ignored)
c     modelA.F90
gmake: c: Command not found
gmake: [modelA.o] Error 127 (ignored)
c     modelB.F90
gmake: c: Command not found
gmake: [modelB.o] Error 127 (ignored)
c     driver.F90
gmake: c: Command not found
gmake: [driver.o] Error 127 (ignored)
c     app.F90
gmake: c: Command not found
gmake: [app.o] Error 127 (ignored)
o app app.o driver.o mediator.o modelA.o modelB.o 
gmake: o: Command not found
gmake: [app] Error 127 (ignored)
+ mpirun -np 4 ./app
./testProtos.sh: line 20: 123306 Killed                  $MPIRUN 4 $TOOLRUN ./$2 > $2.stdout 2>&1
+ local result=137
+ set +x
FINISHED: GenericMediatorProto
---------------------------------------------------------------------------

---------------------------------------------------------------------------
STARTING: HierarchyProto
rm -f PET*.ESMF_LogFile *.nc *.stdout
rm -f esmApp *.o *.mod
c     dyn.F90
gmake: c: Command not found
gmake: [dyn.o] Error 127 (ignored)
c     phy.F90
gmake: c: Command not found
gmake: [phy.o] Error 127 (ignored)
c     atm.F90
gmake: c: Command not found
gmake: [atm.o] Error 127 (ignored)
c     ocn.F90
gmake: c: Command not found
gmake: [ocn.o] Error 127 (ignored)
c     esm.F90
gmake: c: Command not found
gmake: [esm.o] Error 127 (ignored)
c     esmApp.F90
gmake: c: Command not found
gmake: [esmApp.o] Error 127 (ignored)
o esmApp esmApp.o esm.o atm.o dyn.o phy.o ocn.o 
gmake: o: Command not found
gmake: [esmApp] Error 127 (ignored)
+ mpirun -np 4 ./esmApp
./testProtos.sh: line 20: 123341 Killed                  $MPIRUN 4 $TOOLRUN ./$2 > $2.stdout 2>&1
+ local result=137
+ set +x
FINISHED: HierarchyProto
---------------------------------------------------------------------------

---------------------------------------------------------------------------
STARTING: NamespaceProto
rm -f PET*.ESMF_LogFile *.nc *.stdout
rm -f mainApp *.o *.mod
c     -DESMF_VERSION_MAJOR= atm.F90
gmake: c: Command not found
gmake: [atm.o] Error 127 (ignored)
c     -DESMF_VERSION_MAJOR= med.F90
gmake: c: Command not found
gmake: [med.o] Error 127 (ignored)
c     -DESMF_VERSION_MAJOR= driver.F90
gmake: c: Command not found
gmake: [driver.o] Error 127 (ignored)
c     -DESMF_VERSION_MAJOR= mainApp.F90
gmake: c: Command not found
gmake: [mainApp.o] Error 127 (ignored)
o mainApp mainApp.o driver.o atm.o med.o 
gmake: o: Command not found
gmake: [mainApp] Error 127 (ignored)
+ mpirun -np 4 ./mainApp
./testProtos.sh: line 20: 123373 Killed                  $MPIRUN 4 $TOOLRUN ./$2 > $2.stdout 2>&1
+ local result=137
+ set +x
FINISHED: NamespaceProto
---------------------------------------------------------------------------

---------------------------------------------------------------------------
STARTING: NestingMultipleProto
rm -f PET*.ESMF_LogFile *.nc *.stdout
rm -f mainApp *.o *.mod
c     -DESMF_VERSION_MAJOR= advectDiffComp.F90
gmake: c: Command not found
gmake: [advectDiffComp.o] Error 127 (ignored)
c     -DESMF_VERSION_MAJOR= driverComp.F90
gmake: c: Command not found
gmake: [driverComp.o] Error 127 (ignored)
c     -DESMF_VERSION_MAJOR= mainApp.F90
gmake: c: Command not found
gmake: [mainApp.o] Error 127 (ignored)
o mainApp mainApp.o driverComp.o advectDiffComp.o 
gmake: o: Command not found
gmake: [mainApp] Error 127 (ignored)
+ mpirun -np 4 ./mainApp
./testProtos.sh: line 20: 123405 Killed                  $MPIRUN 4 $TOOLRUN ./$2 > $2.stdout 2>&1
+ local result=137
+ set +x
FINISHED: NestingMultipleProto
---------------------------------------------------------------------------

---------------------------------------------------------------------------
STARTING: NestingSingleProto
rm -f PET*.ESMF_LogFile *.nc *.stdout
rm -f mainApp *.o *.mod
c     -DESMF_VERSION_MAJOR= advectDiffComp.F90
gmake: c: Command not found
gmake: [advectDiffComp.o] Error 127 (ignored)
c     -DESMF_VERSION_MAJOR= driverComp.F90
gmake: c: Command not found
gmake: [driverComp.o] Error 127 (ignored)
c     -DESMF_VERSION_MAJOR= mainApp.F90
gmake: c: Command not found
gmake: [mainApp.o] Error 127 (ignored)
o mainApp mainApp.o driverComp.o advectDiffComp.o 
gmake: o: Command not found
gmake: [mainApp] Error 127 (ignored)
+ mpirun -np 4 ./mainApp
./testProtos.sh: line 20: 123436 Killed                  $MPIRUN 4 $TOOLRUN ./$2 > $2.stdout 2>&1
+ local result=137
+ set +x
FINISHED: NestingSingleProto
---------------------------------------------------------------------------

---------------------------------------------------------------------------
STARTING: NestingTelescopeMultipleProto
rm -f PET*.ESMF_LogFile *.nc *.stdout
rm -f mainApp *.o *.mod
c     -DESMF_VERSION_MAJOR= advectDiffComp.F90
gmake: c: Command not found
gmake: [advectDiffComp.o] Error 127 (ignored)
c     -DESMF_VERSION_MAJOR= driverComp.F90
gmake: c: Command not found
gmake: [driverComp.o] Error 127 (ignored)
c     -DESMF_VERSION_MAJOR= mainApp.F90
gmake: c: Command not found
gmake: [mainApp.o] Error 127 (ignored)
o mainApp mainApp.o driverComp.o advectDiffComp.o 
gmake: o: Command not found
gmake: [mainApp] Error 127 (ignored)
+ mpirun -np 4 ./mainApp
./testProtos.sh: line 20: 123470 Killed                  $MPIRUN 4 $TOOLRUN ./$2 > $2.stdout 2>&1
+ local result=137
+ set +x
FINISHED: NestingTelescopeMultipleProto
---------------------------------------------------------------------------

---------------------------------------------------------------------------
STARTING: SingleModelProto
rm -f PET*.ESMF_LogFile *.nc *.stdout
rm -f mainApp *.o *.mod
c     -DESMF_VERSION_MAJOR= model.F90
gmake: c: Command not found
gmake: [model.o] Error 127 (ignored)
c     -DESMF_VERSION_MAJOR= driver.F90
gmake: c: Command not found
gmake: [driver.o] Error 127 (ignored)
c     -DESMF_VERSION_MAJOR= mainApp.F90
gmake: c: Command not found
gmake: [mainApp.o] Error 127 (ignored)
o mainApp mainApp.o driver.o model.o 
gmake: o: Command not found
gmake: [mainApp] Error 127 (ignored)
+ mpirun -np 4 ./mainApp
./testProtos.sh: line 20: 123501 Killed                  $MPIRUN 4 $TOOLRUN ./$2 > $2.stdout 2>&1
+ local result=137
+ set +x
FINISHED: SingleModelProto
---------------------------------------------------------------------------

---------------------------------------------------------------------------
STARTING: SingleModelOpenMPProto
rm -f PET*.ESMF_LogFile *.nc *.stdout
rm -f mainApp *.o *.mod
c     -DESMF_VERSION_MAJOR= model.F90
gmake: c: Command not found
gmake: [model.o] Error 127 (ignored)
c     -DESMF_VERSION_MAJOR= driver.F90
gmake: c: Command not found
gmake: [driver.o] Error 127 (ignored)
c     -DESMF_VERSION_MAJOR= mainApp.F90
gmake: c: Command not found
gmake: [mainApp.o] Error 127 (ignored)
o mainApp mainApp.o driver.o model.o 
gmake: o: Command not found
gmake: [mainApp] Error 127 (ignored)
+ mpirun -np 4 ./mainApp
./testProtos.sh: line 20: 123532 Killed                  $MPIRUN 4 $TOOLRUN ./$2 > $2.stdout 2>&1
+ local result=137
+ set +x
FINISHED: SingleModelOpenMPProto
---------------------------------------------------------------------------

== TEST SUMMARY START ==
FAIL: AsyncIOBlockingProto
FAIL: AsyncIONonblockingProto
FAIL: AtmOcnConOptsProto
FAIL: AtmOcnConProto
FAIL: AtmOcnCplListProto
FAIL: AtmOcnCplSetProto
FAIL: AtmOcnFDSynoProto
FAIL: AtmOcnIceSimpleImplicitProto
FAIL: AtmOcnImplicitProto
FAIL: AtmOcnLndProto
FAIL: AtmOcnLogNoneProto
FAIL: AtmOcnMedIngestFromConfigProto
FAIL: AtmOcnMedIngestFromInternalProto
FAIL: AtmOcnMedPetListProto
FAIL: AtmOcnMedPetListTimescalesProto
FAIL: AtmOcnMedPetListTimescalesSplitFastProto
FAIL: AtmOcnMedProto
FAIL: AtmOcnMirrorFieldsProto
FAIL: AtmOcnPetListProto
FAIL: AtmOcnProto
FAIL: AtmOcnRtmTwoTimescalesProto
FAIL: AtmOcnScalarProto
FAIL: AtmOcnSelectExternalProto
FAIL: AtmOcnSelectExternalProto
FAIL: AtmOcnSelectExternalProto
FAIL: AtmOcnSelectExternalProto
FAIL: AtmOcnSelectExternalProto
FAIL: AtmOcnSelectProto
FAIL: AtmOcnSelectProto
FAIL: AtmOcnSelectProto
FAIL: AtmOcnSimpleImplicitProto
FAIL: AtmOcnTransferGridProto
FAIL: AtmOcnTransferLocStreamProto
FAIL: AtmOcnTransferMeshProto
FAIL: ComponentExplorer
FAIL: CustomFieldDictionaryProto
FAIL: DriverInDriverDataDepProto
FAIL: DriverInDriverProto
FAIL: DynPhyProto
FAIL: ExternalDriverAPIProto
FAIL: GenericMediatorProto
FAIL: HierarchyProto
FAIL: NamespaceProto
FAIL: NestingMultipleProto
FAIL: NestingSingleProto
FAIL: NestingTelescopeMultipleProto
FAIL: SingleModelProto
FAIL: SingleModelOpenMPProto
== TEST SUMMARY STOP ==

---------------------------------------------------------------------------
grep: */PET*.ESMF_LogFile: No such file or directory
