20210414 015101.640 INFO             PET0 !!!!!!!!!!!!!!!!!!!!!!!!!!!!!!!!!!!!!!!!!!!!!!!!!!!!!!
20210414 015101.640 INFO             PET0 !!! THE ESMF_LOG IS SET TO OUTPUT ALL LOG MESSAGES !!!
20210414 015101.640 INFO             PET0 !!!     THIS MAY CAUSE SLOWDOWN IN PERFORMANCE     !!!
20210414 015101.640 INFO             PET0 !!! FOR PRODUCTION RUNS, USE:                      !!!
20210414 015101.640 INFO             PET0 !!!                   ESMF_LOGKIND_Multi_On_Error  !!!
20210414 015101.640 INFO             PET0 !!!!!!!!!!!!!!!!!!!!!!!!!!!!!!!!!!!!!!!!!!!!!!!!!!!!!!
20210414 015101.640 INFO             PET0 Running with ESMF Version   : ESMF_8_2_0_beta_snapshot_04-7-g3098c96bb1
20210414 015101.640 INFO             PET0 ESMF library build date/time: "Apr 14 2021" "01:27:51"
20210414 015101.640 INFO             PET0 ESMF library build location : /gpfsm/dnb04/projects/p98/mpotts/esmf/gfortran_10.1.0_intelmpi_O
20210414 015101.640 INFO             PET0 ESMF_COMM                   : intelmpi
20210414 015101.640 INFO             PET0 ESMF_MOAB                   : enabled
20210414 015101.640 INFO             PET0 ESMF_LAPACK                 : enabled
20210414 015101.640 INFO             PET0 ESMF_NETCDF                 : disabled
20210414 015101.640 INFO             PET0 ESMF_PNETCDF                : disabled
20210414 015101.640 INFO             PET0 ESMF_PIO                    : enabled
20210414 015101.640 INFO             PET0 ESMF_YAMLCPP                : enabled
20210414 015101.641 INFO             PET0  NUMBER_OF_PROCESSORS           4
20210414 015101.641 INFO             PET0  PASS  Example ESMF_DELayoutEx, ESMF_DELayoutEx.F90, line 394
20210414 015101.641 INFO             PET0 Finalizing ESMF
20210414 015101.640 INFO             PET1 !!!!!!!!!!!!!!!!!!!!!!!!!!!!!!!!!!!!!!!!!!!!!!!!!!!!!!
20210414 015101.640 INFO             PET1 !!! THE ESMF_LOG IS SET TO OUTPUT ALL LOG MESSAGES !!!
20210414 015101.640 INFO             PET1 !!!     THIS MAY CAUSE SLOWDOWN IN PERFORMANCE     !!!
20210414 015101.640 INFO             PET1 !!! FOR PRODUCTION RUNS, USE:                      !!!
20210414 015101.640 INFO             PET1 !!!                   ESMF_LOGKIND_Multi_On_Error  !!!
20210414 015101.640 INFO             PET1 !!!!!!!!!!!!!!!!!!!!!!!!!!!!!!!!!!!!!!!!!!!!!!!!!!!!!!
20210414 015101.640 INFO             PET1 Running with ESMF Version   : ESMF_8_2_0_beta_snapshot_04-7-g3098c96bb1
20210414 015101.640 INFO             PET1 ESMF library build date/time: "Apr 14 2021" "01:27:51"
20210414 015101.640 INFO             PET1 ESMF library build location : /gpfsm/dnb04/projects/p98/mpotts/esmf/gfortran_10.1.0_intelmpi_O
20210414 015101.640 INFO             PET1 ESMF_COMM                   : intelmpi
20210414 015101.640 INFO             PET1 ESMF_MOAB                   : enabled
20210414 015101.640 INFO             PET1 ESMF_LAPACK                 : enabled
20210414 015101.640 INFO             PET1 ESMF_NETCDF                 : disabled
20210414 015101.640 INFO             PET1 ESMF_PNETCDF                : disabled
20210414 015101.640 INFO             PET1 ESMF_PIO                    : enabled
20210414 015101.640 INFO             PET1 ESMF_YAMLCPP                : enabled
20210414 015101.641 INFO             PET1  NUMBER_OF_PROCESSORS           4
20210414 015101.641 INFO             PET1  PASS  Example ESMF_DELayoutEx, ESMF_DELayoutEx.F90, line 394
20210414 015101.641 INFO             PET1 Finalizing ESMF
20210414 015101.640 INFO             PET2 !!!!!!!!!!!!!!!!!!!!!!!!!!!!!!!!!!!!!!!!!!!!!!!!!!!!!!
20210414 015101.640 INFO             PET2 !!! THE ESMF_LOG IS SET TO OUTPUT ALL LOG MESSAGES !!!
20210414 015101.640 INFO             PET2 !!!     THIS MAY CAUSE SLOWDOWN IN PERFORMANCE     !!!
20210414 015101.640 INFO             PET2 !!! FOR PRODUCTION RUNS, USE:                      !!!
20210414 015101.640 INFO             PET2 !!!                   ESMF_LOGKIND_Multi_On_Error  !!!
20210414 015101.640 INFO             PET2 !!!!!!!!!!!!!!!!!!!!!!!!!!!!!!!!!!!!!!!!!!!!!!!!!!!!!!
20210414 015101.640 INFO             PET2 Running with ESMF Version   : ESMF_8_2_0_beta_snapshot_04-7-g3098c96bb1
20210414 015101.640 INFO             PET2 ESMF library build date/time: "Apr 14 2021" "01:27:51"
20210414 015101.640 INFO             PET2 ESMF library build location : /gpfsm/dnb04/projects/p98/mpotts/esmf/gfortran_10.1.0_intelmpi_O
20210414 015101.640 INFO             PET2 ESMF_COMM                   : intelmpi
20210414 015101.640 INFO             PET2 ESMF_MOAB                   : enabled
20210414 015101.640 INFO             PET2 ESMF_LAPACK                 : enabled
20210414 015101.640 INFO             PET2 ESMF_NETCDF                 : disabled
20210414 015101.640 INFO             PET2 ESMF_PNETCDF                : disabled
20210414 015101.640 INFO             PET2 ESMF_PIO                    : enabled
20210414 015101.640 INFO             PET2 ESMF_YAMLCPP                : enabled
20210414 015101.641 INFO             PET2  NUMBER_OF_PROCESSORS           4
20210414 015101.641 INFO             PET2  PASS  Example ESMF_DELayoutEx, ESMF_DELayoutEx.F90, line 394
20210414 015101.641 INFO             PET2 Finalizing ESMF
20210414 015101.640 INFO             PET3 !!!!!!!!!!!!!!!!!!!!!!!!!!!!!!!!!!!!!!!!!!!!!!!!!!!!!!
20210414 015101.640 INFO             PET3 !!! THE ESMF_LOG IS SET TO OUTPUT ALL LOG MESSAGES !!!
20210414 015101.640 INFO             PET3 !!!     THIS MAY CAUSE SLOWDOWN IN PERFORMANCE     !!!
20210414 015101.640 INFO             PET3 !!! FOR PRODUCTION RUNS, USE:                      !!!
20210414 015101.640 INFO             PET3 !!!                   ESMF_LOGKIND_Multi_On_Error  !!!
20210414 015101.640 INFO             PET3 !!!!!!!!!!!!!!!!!!!!!!!!!!!!!!!!!!!!!!!!!!!!!!!!!!!!!!
20210414 015101.640 INFO             PET3 Running with ESMF Version   : ESMF_8_2_0_beta_snapshot_04-7-g3098c96bb1
20210414 015101.640 INFO             PET3 ESMF library build date/time: "Apr 14 2021" "01:27:51"
20210414 015101.640 INFO             PET3 ESMF library build location : /gpfsm/dnb04/projects/p98/mpotts/esmf/gfortran_10.1.0_intelmpi_O
20210414 015101.640 INFO             PET3 ESMF_COMM                   : intelmpi
20210414 015101.641 INFO             PET3 ESMF_MOAB                   : enabled
20210414 015101.641 INFO             PET3 ESMF_LAPACK                 : enabled
20210414 015101.641 INFO             PET3 ESMF_NETCDF                 : disabled
20210414 015101.641 INFO             PET3 ESMF_PNETCDF                : disabled
20210414 015101.641 INFO             PET3 ESMF_PIO                    : enabled
20210414 015101.641 INFO             PET3 ESMF_YAMLCPP                : enabled
20210414 015101.641 INFO             PET3  NUMBER_OF_PROCESSORS           4
20210414 015101.641 INFO             PET3  PASS  Example ESMF_DELayoutEx, ESMF_DELayoutEx.F90, line 394
20210414 015101.641 INFO             PET3 Finalizing ESMF
