 
Installing ESMF:
 
mkdir -p /gpfsm/dnb04/projects/p98/mpotts/esmf/pgi_2020_mpt_g/DEFAULTINSTALLDIR/include
cp -f /gpfsm/dnb04/projects/p98/mpotts/esmf/pgi_2020_mpt_g/src/include/ESMC.h /gpfsm/dnb04/projects/p98/mpotts/esmf/pgi_2020_mpt_g/DEFAULTINSTALLDIR/include
cp -f /gpfsm/dnb04/projects/p98/mpotts/esmf/pgi_2020_mpt_g/src/include/ESMC_*.h /gpfsm/dnb04/projects/p98/mpotts/esmf/pgi_2020_mpt_g/DEFAULTINSTALLDIR/include
cp -f /gpfsm/dnb04/projects/p98/mpotts/esmf/pgi_2020_mpt_g/build_config/Linux.pgi.default/ESMC_Conf.h /gpfsm/dnb04/projects/p98/mpotts/esmf/pgi_2020_mpt_g/DEFAULTINSTALLDIR/include
mkdir -p /gpfsm/dnb04/projects/p98/mpotts/esmf/pgi_2020_mpt_g/DEFAULTINSTALLDIR/mod/modg/Linux.pgi.64.mpt.default
cp -f /gpfsm/dnb04/projects/p98/mpotts/esmf/pgi_2020_mpt_g/mod/modg/Linux.pgi.64.mpt.default/*.mod /gpfsm/dnb04/projects/p98/mpotts/esmf/pgi_2020_mpt_g/DEFAULTINSTALLDIR/mod/modg/Linux.pgi.64.mpt.default
mkdir -p /gpfsm/dnb04/projects/p98/mpotts/esmf/pgi_2020_mpt_g/DEFAULTINSTALLDIR/lib/libg/Linux.pgi.64.mpt.default
cp -f /gpfsm/dnb04/projects/p98/mpotts/esmf/pgi_2020_mpt_g/lib/libg/Linux.pgi.64.mpt.default/libesmf*.* /gpfsm/dnb04/projects/p98/mpotts/esmf/pgi_2020_mpt_g/DEFAULTINSTALLDIR/lib/libg/Linux.pgi.64.mpt.default
make ESMF_PRELOADDIR=/gpfsm/dnb04/projects/p98/mpotts/esmf/pgi_2020_mpt_g/DEFAULTINSTALLDIR/lib/libg/Linux.pgi.64.mpt.default build_preload_script
make[1]: Entering directory '/gpfsm/dnb04/projects/p98/mpotts/esmf/pgi_2020_mpt_g'
chmod 755 /gpfsm/dnb04/projects/p98/mpotts/esmf/pgi_2020_mpt_g/DEFAULTINSTALLDIR/lib/libg/Linux.pgi.64.mpt.default/preload.sh
make[1]: Leaving directory '/gpfsm/dnb04/projects/p98/mpotts/esmf/pgi_2020_mpt_g'
ranlib /gpfsm/dnb04/projects/p98/mpotts/esmf/pgi_2020_mpt_g/DEFAULTINSTALLDIR/lib/libg/Linux.pgi.64.mpt.default/libesmf*.a
make install_apps
make[1]: Entering directory '/gpfsm/dnb04/projects/p98/mpotts/esmf/pgi_2020_mpt_g'
mkdir -p /gpfsm/dnb04/projects/p98/mpotts/esmf/pgi_2020_mpt_g/DEFAULTINSTALLDIR/bin/bing/Linux.pgi.64.mpt.default
make build_apps ESMF_APPSDIR=/gpfsm/dnb04/projects/p98/mpotts/esmf/pgi_2020_mpt_g/DEFAULTINSTALLDIR/bin/bing/Linux.pgi.64.mpt.default ESMF_LDIR=/gpfsm/dnb04/projects/p98/mpotts/esmf/pgi_2020_mpt_g/DEFAULTINSTALLDIR/lib/libg/Linux.pgi.64.mpt.default ESMF_LIBDIR=/gpfsm/dnb04/projects/p98/mpotts/esmf/pgi_2020_mpt_g/DEFAULTINSTALLDIR/lib/libg/Linux.pgi.64.mpt.default ESMF_MODDIR=/gpfsm/dnb04/projects/p98/mpotts/esmf/pgi_2020_mpt_g/DEFAULTINSTALLDIR/mod/modg/Linux.pgi.64.mpt.default
make[2]: Entering directory '/gpfsm/dnb04/projects/p98/mpotts/esmf/pgi_2020_mpt_g'
cd /gpfsm/dnb04/projects/p98/mpotts/esmf/pgi_2020_mpt_g/src/apps; make ACTION=tree_build_apps tree
make[3]: Entering directory '/gpfsm/dnb04/projects/p98/mpotts/esmf/pgi_2020_mpt_g/src/apps'
tree_build_apps in: /gpfsm/dnb04/projects/p98/mpotts/esmf/pgi_2020_mpt_g/src/apps/ESMF_PrintInfo
make[4]: Entering directory '/gpfsm/dnb04/projects/p98/mpotts/esmf/pgi_2020_mpt_g/src/apps/ESMF_PrintInfo'
make chkdir_locobj
make[5]: Entering directory '/gpfsm/dnb04/projects/p98/mpotts/esmf/pgi_2020_mpt_g/src/apps/ESMF_PrintInfo'
Making directory /gpfsm/dnb04/projects/p98/mpotts/esmf/pgi_2020_mpt_g/obj/objg/Linux.pgi.64.mpt.default/src/apps/ESMF_PrintInfo for apps output
make[5]: Leaving directory '/gpfsm/dnb04/projects/p98/mpotts/esmf/pgi_2020_mpt_g/src/apps/ESMF_PrintInfo'
mpif90 -c -g -fpic -Mallocatable=03 -lpthread -I/gpfsm/dnb04/projects/p98/mpotts/esmf/pgi_2020_mpt_g/src/apps/ESMF_PrintInfo -I/gpfsm/dnb04/projects/p98/mpotts/esmf/pgi_2020_mpt_g/build_config/Linux.pgi.default -I/gpfsm/dnb04/projects/p98/mpotts/esmf/pgi_2020_mpt_g/src/Infrastructure -I/gpfsm/dnb04/projects/p98/mpotts/esmf/pgi_2020_mpt_g/src/Superstructure -I/gpfsm/dnb04/projects/p98/mpotts/esmf/pgi_2020_mpt_g/DEFAULTINSTALLDIR/mod/modg/Linux.pgi.64.mpt.default -I/gpfsm/dnb04/projects/p98/mpotts/esmf/pgi_2020_mpt_g/src/include   -DESMF_NO_INTEGER_1_BYTE -DESMF_NO_INTEGER_2_BYTE -DESMFVERSIONGIT='"ESMF_8_1_0_beta_snapshot_47-21-gd58a3bea22"' -DESMF_MOAB=1 -DESMF_LAPACK=1 -DESMF_LAPACK_INTERNAL=1 -DESMF_NO_ACC_SOFTWARE_STACK=1 -DESMF_YAMLCPP=1 -DESMF_YAML=1 -DESMF_PIO=1 -DESMF_MPIIO -DESMF_NO_OPENMP -DESMF_NO_OPENACC -DESMF_TESTEXHAUSTIVE -DESMF_BOPT_g -DESMF_TESTCOMPTUNNEL -DESMF_TESTWITHTHREADS -DSx86_64_small=1 -DESMF_OS_Linux=1 -DESMF_COMM=mpt -DESMF_DIR=/gpfsm/dnb04/projects/p98/mpotts/esmf/pgi_2020_mpt_g -DESMF_PGIVERSION_MAJOR=20 -DESMF_PGIVERSION_MINOR=4 -DESMF_PGIVERSION_PATCH=0 -DESMF_NO_F2018ASSUMEDTYPE ESMF_PrintInfo.F90 -o /gpfsm/dnb04/projects/p98/mpotts/esmf/pgi_2020_mpt_g/obj/objg/Linux.pgi.64.mpt.default/src/apps/ESMF_PrintInfo/ESMF_PrintInfo.o
make chkdir_apps
make[5]: Entering directory '/gpfsm/dnb04/projects/p98/mpotts/esmf/pgi_2020_mpt_g/src/apps/ESMF_PrintInfo'
make[5]: Leaving directory '/gpfsm/dnb04/projects/p98/mpotts/esmf/pgi_2020_mpt_g/src/apps/ESMF_PrintInfo'
mpif90    -lpthread -Wl,--no-as-needed -L/gpfsm/dnb04/projects/p98/mpotts/esmf/pgi_2020_mpt_g/DEFAULTINSTALLDIR/lib/libg/Linux.pgi.64.mpt.default  -LTermX -Wl,-rpath,/gpfsm/dnb04/projects/p98/mpotts/esmf/pgi_2020_mpt_g/DEFAULTINSTALLDIR/lib/libg/Linux.pgi.64.mpt.default  -Wl,-rpath,TermX -o /gpfsm/dnb04/projects/p98/mpotts/esmf/pgi_2020_mpt_g/DEFAULTINSTALLDIR/bin/bing/Linux.pgi.64.mpt.default/ESMF_PrintInfo /gpfsm/dnb04/projects/p98/mpotts/esmf/pgi_2020_mpt_g/obj/objg/Linux.pgi.64.mpt.default/src/apps/ESMF_PrintInfo/ESMF_PrintInfo.o -lesmf  -lmpi++ -pgcpplibs -ldl
pgf90-Warning--pgcpplibs is no longer supported: use -pgc++libs

make[4]: Leaving directory '/gpfsm/dnb04/projects/p98/mpotts/esmf/pgi_2020_mpt_g/src/apps/ESMF_PrintInfo'
tree_build_apps in: /gpfsm/dnb04/projects/p98/mpotts/esmf/pgi_2020_mpt_g/src/apps/ESMF_PrintInfoC
make[4]: Entering directory '/gpfsm/dnb04/projects/p98/mpotts/esmf/pgi_2020_mpt_g/src/apps/ESMF_PrintInfoC'
make chkdir_locobj
make[5]: Entering directory '/gpfsm/dnb04/projects/p98/mpotts/esmf/pgi_2020_mpt_g/src/apps/ESMF_PrintInfoC'
Making directory /gpfsm/dnb04/projects/p98/mpotts/esmf/pgi_2020_mpt_g/obj/objg/Linux.pgi.64.mpt.default/src/apps/ESMF_PrintInfoC for apps output
make[5]: Leaving directory '/gpfsm/dnb04/projects/p98/mpotts/esmf/pgi_2020_mpt_g/src/apps/ESMF_PrintInfoC'
mpicxx -c -std=c++11 -g -fpic -DMUST_NOTUSE_MALLOC_TRIM -lpthread -I/gpfsm/dnb04/projects/p98/mpotts/esmf/pgi_2020_mpt_g/src/apps/ESMF_PrintInfoC -I/gpfsm/dnb04/projects/p98/mpotts/esmf/pgi_2020_mpt_g/src/apps/ESMF_PrintInfoC/../include -I/gpfsm/dnb04/projects/p98/mpotts/esmf/pgi_2020_mpt_g/build_config/Linux.pgi.default -I/gpfsm/dnb04/projects/p98/mpotts/esmf/pgi_2020_mpt_g/src/Infrastructure -I/gpfsm/dnb04/projects/p98/mpotts/esmf/pgi_2020_mpt_g/src/Superstructure -I/gpfsm/dnb04/projects/p98/mpotts/esmf/pgi_2020_mpt_g/src/Infrastructure/stubs/pthread  -I/gpfsm/dnb04/projects/p98/mpotts/esmf/pgi_2020_mpt_g/src/include   -I/gpfsm/dnb04/projects/p98/mpotts/esmf/pgi_2020_mpt_g/src/prologue/yaml-cpp/include -DESMF_NO_INTEGER_1_BYTE -DESMF_NO_INTEGER_2_BYTE -DESMFVERSIONGIT='"ESMF_8_1_0_beta_snapshot_47-21-gd58a3bea22"' -DESMF_MOAB=1 -DESMF_LAPACK=1 -DESMF_LAPACK_INTERNAL=1 -DESMF_NO_ACC_SOFTWARE_STACK=1 -DESMF_YAMLCPP=1 -DESMF_YAML=1 -DESMF_PIO=1 -DESMF_MPIIO -DESMF_NO_OPENMP -DESMF_NO_OPENACC -DESMF_TESTEXHAUSTIVE -DESMF_BOPT_g -DESMF_TESTCOMPTUNNEL -DESMF_TESTWITHTHREADS -DSx86_64_small=1 -DESMF_OS_Linux=1 -DESMF_COMM=mpt -DESMF_DIR=/gpfsm/dnb04/projects/p98/mpotts/esmf/pgi_2020_mpt_g -D__SDIR__='"src/apps/ESMF_PrintInfoC"' -DESMF_CXXSTD=11 -DESMF_PGIVERSION_MAJOR=20 -DESMF_PGIVERSION_MINOR=4 -DESMF_PGIVERSION_PATCH=0 -DESMF_NO_F2018ASSUMEDTYPE ESMF_PrintInfoC.c -o /gpfsm/dnb04/projects/p98/mpotts/esmf/pgi_2020_mpt_g/obj/objg/Linux.pgi.64.mpt.default/src/apps/ESMF_PrintInfoC/ESMF_PrintInfoC.o
make chkdir_apps
make[5]: Entering directory '/gpfsm/dnb04/projects/p98/mpotts/esmf/pgi_2020_mpt_g/src/apps/ESMF_PrintInfoC'
make[5]: Leaving directory '/gpfsm/dnb04/projects/p98/mpotts/esmf/pgi_2020_mpt_g/src/apps/ESMF_PrintInfoC'
mpicxx    -lpthread -Wl,--no-as-needed -L/gpfsm/dnb04/projects/p98/mpotts/esmf/pgi_2020_mpt_g/DEFAULTINSTALLDIR/lib/libg/Linux.pgi.64.mpt.default  -L/gpfsm/dulocal/sles12/pgi/linux86-64-llvm/20.4/libso -Wl,-rpath,/gpfsm/dnb04/projects/p98/mpotts/esmf/pgi_2020_mpt_g/DEFAULTINSTALLDIR/lib/libg/Linux.pgi.64.mpt.default  -Wl,-rpath,/gpfsm/dulocal/sles12/pgi/linux86-64-llvm/20.4/libso -o /gpfsm/dnb04/projects/p98/mpotts/esmf/pgi_2020_mpt_g/DEFAULTINSTALLDIR/bin/bing/Linux.pgi.64.mpt.default/ESMF_PrintInfoC /gpfsm/dnb04/projects/p98/mpotts/esmf/pgi_2020_mpt_g/obj/objg/Linux.pgi.64.mpt.default/src/apps/ESMF_PrintInfoC/ESMF_PrintInfoC.o -lesmf  -pgf90libs -ldl
g++: error: unrecognized command line option ‘-pgf90libs’
/gpfsm/dnb04/projects/p98/mpotts/esmf/pgi_2020_mpt_g/build/common.mk:2433: recipe for target '/gpfsm/dnb04/projects/p98/mpotts/esmf/pgi_2020_mpt_g/DEFAULTINSTALLDIR/bin/bing/Linux.pgi.64.mpt.default/ESMF_PrintInfoC' failed
make[4]: *** [/gpfsm/dnb04/projects/p98/mpotts/esmf/pgi_2020_mpt_g/DEFAULTINSTALLDIR/bin/bing/Linux.pgi.64.mpt.default/ESMF_PrintInfoC] Error 1
make[4]: Leaving directory '/gpfsm/dnb04/projects/p98/mpotts/esmf/pgi_2020_mpt_g/src/apps/ESMF_PrintInfoC'
/gpfsm/dnb04/projects/p98/mpotts/esmf/pgi_2020_mpt_g/build/common.mk:3657: recipe for target 'tree' failed
make[3]: *** [tree] Error 1
make[3]: Leaving directory '/gpfsm/dnb04/projects/p98/mpotts/esmf/pgi_2020_mpt_g/src/apps'
/gpfsm/dnb04/projects/p98/mpotts/esmf/pgi_2020_mpt_g/build/common.mk:2421: recipe for target 'build_apps' failed
make[2]: *** [build_apps] Error 2
make[2]: Leaving directory '/gpfsm/dnb04/projects/p98/mpotts/esmf/pgi_2020_mpt_g'
makefile:642: recipe for target 'install_apps' failed
make[1]: *** [install_apps] Error 2
make[1]: Leaving directory '/gpfsm/dnb04/projects/p98/mpotts/esmf/pgi_2020_mpt_g'
makefile:668: recipe for target 'install' failed
make: *** [install] Error 2
