20210416 023330.626 INFO             PET0 !!!!!!!!!!!!!!!!!!!!!!!!!!!!!!!!!!!!!!!!!!!!!!!!!!!!!!
20210416 023330.666 INFO             PET0 !!! THE ESMF_LOG IS SET TO OUTPUT ALL LOG MESSAGES !!!
20210416 023330.666 INFO             PET0 !!!     THIS MAY CAUSE SLOWDOWN IN PERFORMANCE     !!!
20210416 023330.666 INFO             PET0 !!! FOR PRODUCTION RUNS, USE:                      !!!
20210416 023330.666 INFO             PET0 !!!                   ESMF_LOGKIND_Multi_On_Error  !!!
20210416 023330.666 INFO             PET0 !!!!!!!!!!!!!!!!!!!!!!!!!!!!!!!!!!!!!!!!!!!!!!!!!!!!!!
20210416 023330.666 INFO             PET0 Running with ESMF Version   : ESMF_8_2_0_beta_snapshot_04-7-g3098c96bb1
20210416 023330.674 INFO             PET0 ESMF library build date/time: "Apr 16 2021" "02:05:42"
20210416 023330.674 INFO             PET0 ESMF library build location : /gpfsm/dnb04/projects/p98/mpotts/esmf/intel_2020_mpt_g_develop
20210416 023330.674 INFO             PET0 ESMF_COMM                   : mpt
20210416 023330.686 INFO             PET0 ESMF_MOAB                   : enabled
20210416 023330.686 INFO             PET0 ESMF_LAPACK                 : enabled
20210416 023330.686 INFO             PET0 ESMF_NETCDF                 : enabled
20210416 023330.686 INFO             PET0 ESMF_PNETCDF                : disabled
20210416 023330.686 INFO             PET0 ESMF_PIO                    : enabled
20210416 023330.686 INFO             PET0 ESMF_YAMLCPP                : enabled
20210416 023330.700 INFO             PET0 Log Write 2
20210416 023330.715 ERROR            PET0 Invalid object  - Convergence failure
20210416 023330.735 ERROR            PET0 ESMCI_Fraction.C:1444 ESMCI::Fraction::validate() must have non-zero denominator.
20210416 023330.752 ERROR            PET0 ESMCI_Time.C:838 ESMCI::Time::syncToRealTime() Wrong argument specified  - ; calkindflag is JULIANDAY, MODJULIANDAY or NOCALENDAR.
20210416 023330.795 ERROR            PET0 ESMF_Time.F90:1485 ESMF_TimeSyncToRealTime() Wrong argument specified  - Internal subroutine call returned Error
20210416 023330.795 ERROR            PET0 Wrong argument specified  - getting wall clock time
20210416 023330.796 INFO             PET0  NUMBER_OF_PROCESSORS           4
20210416 023330.796 INFO             PET0  PASS  Example ESMF_LogErrEx, ESMF_LogErrEx.F90, line 186
20210416 023330.796 INFO             PET0 Finalizing ESMF
20210416 023330.626 INFO             PET1 !!!!!!!!!!!!!!!!!!!!!!!!!!!!!!!!!!!!!!!!!!!!!!!!!!!!!!
20210416 023330.666 INFO             PET1 !!! THE ESMF_LOG IS SET TO OUTPUT ALL LOG MESSAGES !!!
20210416 023330.666 INFO             PET1 !!!     THIS MAY CAUSE SLOWDOWN IN PERFORMANCE     !!!
20210416 023330.666 INFO             PET1 !!! FOR PRODUCTION RUNS, USE:                      !!!
20210416 023330.666 INFO             PET1 !!!                   ESMF_LOGKIND_Multi_On_Error  !!!
20210416 023330.666 INFO             PET1 !!!!!!!!!!!!!!!!!!!!!!!!!!!!!!!!!!!!!!!!!!!!!!!!!!!!!!
20210416 023330.666 INFO             PET1 Running with ESMF Version   : ESMF_8_2_0_beta_snapshot_04-7-g3098c96bb1
20210416 023330.674 INFO             PET1 ESMF library build date/time: "Apr 16 2021" "02:05:42"
20210416 023330.674 INFO             PET1 ESMF library build location : /gpfsm/dnb04/projects/p98/mpotts/esmf/intel_2020_mpt_g_develop
20210416 023330.674 INFO             PET1 ESMF_COMM                   : mpt
20210416 023330.686 INFO             PET1 ESMF_MOAB                   : enabled
20210416 023330.686 INFO             PET1 ESMF_LAPACK                 : enabled
20210416 023330.686 INFO             PET1 ESMF_NETCDF                 : enabled
20210416 023330.686 INFO             PET1 ESMF_PNETCDF                : disabled
20210416 023330.686 INFO             PET1 ESMF_PIO                    : enabled
20210416 023330.686 INFO             PET1 ESMF_YAMLCPP                : enabled
20210416 023330.700 INFO             PET1 Log Write 2
20210416 023330.715 ERROR            PET1 Invalid object  - Convergence failure
20210416 023330.735 ERROR            PET1 ESMCI_Fraction.C:1444 ESMCI::Fraction::validate() must have non-zero denominator.
20210416 023330.752 ERROR            PET1 ESMCI_Time.C:838 ESMCI::Time::syncToRealTime() Wrong argument specified  - ; calkindflag is JULIANDAY, MODJULIANDAY or NOCALENDAR.
20210416 023330.795 ERROR            PET1 ESMF_Time.F90:1485 ESMF_TimeSyncToRealTime() Wrong argument specified  - Internal subroutine call returned Error
20210416 023330.795 ERROR            PET1 Wrong argument specified  - getting wall clock time
20210416 023330.796 INFO             PET1  NUMBER_OF_PROCESSORS           4
20210416 023330.796 INFO             PET1  PASS  Example ESMF_LogErrEx, ESMF_LogErrEx.F90, line 186
20210416 023330.796 INFO             PET1 Finalizing ESMF
20210416 023330.626 INFO             PET2 !!!!!!!!!!!!!!!!!!!!!!!!!!!!!!!!!!!!!!!!!!!!!!!!!!!!!!
20210416 023330.666 INFO             PET2 !!! THE ESMF_LOG IS SET TO OUTPUT ALL LOG MESSAGES !!!
20210416 023330.666 INFO             PET2 !!!     THIS MAY CAUSE SLOWDOWN IN PERFORMANCE     !!!
20210416 023330.666 INFO             PET2 !!! FOR PRODUCTION RUNS, USE:                      !!!
20210416 023330.666 INFO             PET2 !!!                   ESMF_LOGKIND_Multi_On_Error  !!!
20210416 023330.666 INFO             PET2 !!!!!!!!!!!!!!!!!!!!!!!!!!!!!!!!!!!!!!!!!!!!!!!!!!!!!!
20210416 023330.666 INFO             PET2 Running with ESMF Version   : ESMF_8_2_0_beta_snapshot_04-7-g3098c96bb1
20210416 023330.674 INFO             PET2 ESMF library build date/time: "Apr 16 2021" "02:05:42"
20210416 023330.674 INFO             PET2 ESMF library build location : /gpfsm/dnb04/projects/p98/mpotts/esmf/intel_2020_mpt_g_develop
20210416 023330.674 INFO             PET2 ESMF_COMM                   : mpt
20210416 023330.686 INFO             PET2 ESMF_MOAB                   : enabled
20210416 023330.686 INFO             PET2 ESMF_LAPACK                 : enabled
20210416 023330.686 INFO             PET2 ESMF_NETCDF                 : enabled
20210416 023330.686 INFO             PET2 ESMF_PNETCDF                : disabled
20210416 023330.686 INFO             PET2 ESMF_PIO                    : enabled
20210416 023330.686 INFO             PET2 ESMF_YAMLCPP                : enabled
20210416 023330.700 INFO             PET2 Log Write 2
20210416 023330.715 ERROR            PET2 Invalid object  - Convergence failure
20210416 023330.735 ERROR            PET2 ESMCI_Fraction.C:1444 ESMCI::Fraction::validate() must have non-zero denominator.
20210416 023330.752 ERROR            PET2 ESMCI_Time.C:838 ESMCI::Time::syncToRealTime() Wrong argument specified  - ; calkindflag is JULIANDAY, MODJULIANDAY or NOCALENDAR.
20210416 023330.795 ERROR            PET2 ESMF_Time.F90:1485 ESMF_TimeSyncToRealTime() Wrong argument specified  - Internal subroutine call returned Error
20210416 023330.795 ERROR            PET2 Wrong argument specified  - getting wall clock time
20210416 023330.796 INFO             PET2  NUMBER_OF_PROCESSORS           4
20210416 023330.796 INFO             PET2  PASS  Example ESMF_LogErrEx, ESMF_LogErrEx.F90, line 186
20210416 023330.796 INFO             PET2 Finalizing ESMF
20210416 023330.626 INFO             PET3 !!!!!!!!!!!!!!!!!!!!!!!!!!!!!!!!!!!!!!!!!!!!!!!!!!!!!!
20210416 023330.666 INFO             PET3 !!! THE ESMF_LOG IS SET TO OUTPUT ALL LOG MESSAGES !!!
20210416 023330.666 INFO             PET3 !!!     THIS MAY CAUSE SLOWDOWN IN PERFORMANCE     !!!
20210416 023330.666 INFO             PET3 !!! FOR PRODUCTION RUNS, USE:                      !!!
20210416 023330.666 INFO             PET3 !!!                   ESMF_LOGKIND_Multi_On_Error  !!!
20210416 023330.666 INFO             PET3 !!!!!!!!!!!!!!!!!!!!!!!!!!!!!!!!!!!!!!!!!!!!!!!!!!!!!!
20210416 023330.666 INFO             PET3 Running with ESMF Version   : ESMF_8_2_0_beta_snapshot_04-7-g3098c96bb1
20210416 023330.674 INFO             PET3 ESMF library build date/time: "Apr 16 2021" "02:05:42"
20210416 023330.674 INFO             PET3 ESMF library build location : /gpfsm/dnb04/projects/p98/mpotts/esmf/intel_2020_mpt_g_develop
20210416 023330.674 INFO             PET3 ESMF_COMM                   : mpt
20210416 023330.686 INFO             PET3 ESMF_MOAB                   : enabled
20210416 023330.686 INFO             PET3 ESMF_LAPACK                 : enabled
20210416 023330.686 INFO             PET3 ESMF_NETCDF                 : enabled
20210416 023330.686 INFO             PET3 ESMF_PNETCDF                : disabled
20210416 023330.686 INFO             PET3 ESMF_PIO                    : enabled
20210416 023330.686 INFO             PET3 ESMF_YAMLCPP                : enabled
20210416 023330.700 INFO             PET3 Log Write 2
20210416 023330.715 ERROR            PET3 Invalid object  - Convergence failure
20210416 023330.735 ERROR            PET3 ESMCI_Fraction.C:1444 ESMCI::Fraction::validate() must have non-zero denominator.
20210416 023330.752 ERROR            PET3 ESMCI_Time.C:838 ESMCI::Time::syncToRealTime() Wrong argument specified  - ; calkindflag is JULIANDAY, MODJULIANDAY or NOCALENDAR.
20210416 023330.795 ERROR            PET3 ESMF_Time.F90:1485 ESMF_TimeSyncToRealTime() Wrong argument specified  - Internal subroutine call returned Error
20210416 023330.795 ERROR            PET3 Wrong argument specified  - getting wall clock time
20210416 023330.796 INFO             PET3  NUMBER_OF_PROCESSORS           4
20210416 023330.796 INFO             PET3  PASS  Example ESMF_LogErrEx, ESMF_LogErrEx.F90, line 186
20210416 023330.796 INFO             PET3 Finalizing ESMF
