20210324 142822.580 INFO             PET0 !!!!!!!!!!!!!!!!!!!!!!!!!!!!!!!!!!!!!!!!!!!!!!!!!!!!!!
20210324 142822.580 INFO             PET0 !!! THE ESMF_LOG IS SET TO OUTPUT ALL LOG MESSAGES !!!
20210324 142822.580 INFO             PET0 !!!     THIS MAY CAUSE SLOWDOWN IN PERFORMANCE     !!!
20210324 142822.580 INFO             PET0 !!! FOR PRODUCTION RUNS, USE:                      !!!
20210324 142822.580 INFO             PET0 !!!                   ESMF_LOGKIND_Multi_On_Error  !!!
20210324 142822.580 INFO             PET0 !!!!!!!!!!!!!!!!!!!!!!!!!!!!!!!!!!!!!!!!!!!!!!!!!!!!!!
20210324 142822.580 INFO             PET0 Running with ESMF Version   : 8.1.0
20210324 142822.580 INFO             PET0 ESMF library build date/time: "Mar 24 2021" "13:49:10"
20210324 142822.580 INFO             PET0 ESMF library build location : /lustre/f2/dev/ncep/Mark.Potts/intel_2019.5_mpi_g
20210324 142822.580 INFO             PET0 ESMF_COMM                   : mpi
20210324 142822.581 INFO             PET0 ESMF_MOAB                   : enabled
20210324 142822.581 INFO             PET0 ESMF_LAPACK                 : enabled
20210324 142822.581 INFO             PET0 ESMF_NETCDF                 : enabled
20210324 142822.581 INFO             PET0 ESMF_PNETCDF                : disabled
20210324 142822.581 INFO             PET0 ESMF_PIO                    : enabled
20210324 142822.581 INFO             PET0 ESMF_YAMLCPP                : enabled
20210324 142822.592 INFO             PET0  NUMBER_OF_PROCESSORS           4
20210324 142822.592 INFO             PET0  PASS  Example ESMF_FieldCreateEx, ESMF_FieldCreateEx.F90, line 1058
20210324 142822.592 INFO             PET0 Finalizing ESMF
20210324 142822.580 INFO             PET1 !!!!!!!!!!!!!!!!!!!!!!!!!!!!!!!!!!!!!!!!!!!!!!!!!!!!!!
20210324 142822.581 INFO             PET1 !!! THE ESMF_LOG IS SET TO OUTPUT ALL LOG MESSAGES !!!
20210324 142822.581 INFO             PET1 !!!     THIS MAY CAUSE SLOWDOWN IN PERFORMANCE     !!!
20210324 142822.581 INFO             PET1 !!! FOR PRODUCTION RUNS, USE:                      !!!
20210324 142822.581 INFO             PET1 !!!                   ESMF_LOGKIND_Multi_On_Error  !!!
20210324 142822.581 INFO             PET1 !!!!!!!!!!!!!!!!!!!!!!!!!!!!!!!!!!!!!!!!!!!!!!!!!!!!!!
20210324 142822.581 INFO             PET1 Running with ESMF Version   : 8.1.0
20210324 142822.581 INFO             PET1 ESMF library build date/time: "Mar 24 2021" "13:49:10"
20210324 142822.581 INFO             PET1 ESMF library build location : /lustre/f2/dev/ncep/Mark.Potts/intel_2019.5_mpi_g
20210324 142822.581 INFO             PET1 ESMF_COMM                   : mpi
20210324 142822.581 INFO             PET1 ESMF_MOAB                   : enabled
20210324 142822.581 INFO             PET1 ESMF_LAPACK                 : enabled
20210324 142822.581 INFO             PET1 ESMF_NETCDF                 : enabled
20210324 142822.581 INFO             PET1 ESMF_PNETCDF                : disabled
20210324 142822.581 INFO             PET1 ESMF_PIO                    : enabled
20210324 142822.582 INFO             PET1 ESMF_YAMLCPP                : enabled
20210324 142822.592 INFO             PET1  NUMBER_OF_PROCESSORS           4
20210324 142822.592 INFO             PET1  PASS  Example ESMF_FieldCreateEx, ESMF_FieldCreateEx.F90, line 1058
20210324 142822.592 INFO             PET1 Finalizing ESMF
20210324 142822.577 INFO             PET2 !!!!!!!!!!!!!!!!!!!!!!!!!!!!!!!!!!!!!!!!!!!!!!!!!!!!!!
20210324 142822.577 INFO             PET2 !!! THE ESMF_LOG IS SET TO OUTPUT ALL LOG MESSAGES !!!
20210324 142822.577 INFO             PET2 !!!     THIS MAY CAUSE SLOWDOWN IN PERFORMANCE     !!!
20210324 142822.577 INFO             PET2 !!! FOR PRODUCTION RUNS, USE:                      !!!
20210324 142822.577 INFO             PET2 !!!                   ESMF_LOGKIND_Multi_On_Error  !!!
20210324 142822.577 INFO             PET2 !!!!!!!!!!!!!!!!!!!!!!!!!!!!!!!!!!!!!!!!!!!!!!!!!!!!!!
20210324 142822.577 INFO             PET2 Running with ESMF Version   : 8.1.0
20210324 142822.577 INFO             PET2 ESMF library build date/time: "Mar 24 2021" "13:49:10"
20210324 142822.577 INFO             PET2 ESMF library build location : /lustre/f2/dev/ncep/Mark.Potts/intel_2019.5_mpi_g
20210324 142822.577 INFO             PET2 ESMF_COMM                   : mpi
20210324 142822.578 INFO             PET2 ESMF_MOAB                   : enabled
20210324 142822.578 INFO             PET2 ESMF_LAPACK                 : enabled
20210324 142822.578 INFO             PET2 ESMF_NETCDF                 : enabled
20210324 142822.578 INFO             PET2 ESMF_PNETCDF                : disabled
20210324 142822.578 INFO             PET2 ESMF_PIO                    : enabled
20210324 142822.578 INFO             PET2 ESMF_YAMLCPP                : enabled
20210324 142822.592 INFO             PET2  NUMBER_OF_PROCESSORS           4
20210324 142822.592 INFO             PET2  PASS  Example ESMF_FieldCreateEx, ESMF_FieldCreateEx.F90, line 1058
20210324 142822.592 INFO             PET2 Finalizing ESMF
20210324 142822.577 INFO             PET3 !!!!!!!!!!!!!!!!!!!!!!!!!!!!!!!!!!!!!!!!!!!!!!!!!!!!!!
20210324 142822.577 INFO             PET3 !!! THE ESMF_LOG IS SET TO OUTPUT ALL LOG MESSAGES !!!
20210324 142822.577 INFO             PET3 !!!     THIS MAY CAUSE SLOWDOWN IN PERFORMANCE     !!!
20210324 142822.577 INFO             PET3 !!! FOR PRODUCTION RUNS, USE:                      !!!
20210324 142822.577 INFO             PET3 !!!                   ESMF_LOGKIND_Multi_On_Error  !!!
20210324 142822.577 INFO             PET3 !!!!!!!!!!!!!!!!!!!!!!!!!!!!!!!!!!!!!!!!!!!!!!!!!!!!!!
20210324 142822.577 INFO             PET3 Running with ESMF Version   : 8.1.0
20210324 142822.577 INFO             PET3 ESMF library build date/time: "Mar 24 2021" "13:49:10"
20210324 142822.577 INFO             PET3 ESMF library build location : /lustre/f2/dev/ncep/Mark.Potts/intel_2019.5_mpi_g
20210324 142822.577 INFO             PET3 ESMF_COMM                   : mpi
20210324 142822.579 INFO             PET3 ESMF_MOAB                   : enabled
20210324 142822.579 INFO             PET3 ESMF_LAPACK                 : enabled
20210324 142822.579 INFO             PET3 ESMF_NETCDF                 : enabled
20210324 142822.579 INFO             PET3 ESMF_PNETCDF                : disabled
20210324 142822.579 INFO             PET3 ESMF_PIO                    : enabled
20210324 142822.579 INFO             PET3 ESMF_YAMLCPP                : enabled
20210324 142822.592 INFO             PET3  NUMBER_OF_PROCESSORS           4
20210324 142822.592 INFO             PET3  PASS  Example ESMF_FieldCreateEx, ESMF_FieldCreateEx.F90, line 1058
20210324 142822.592 INFO             PET3 Finalizing ESMF
