20210310 031833.091 INFO             PET0 !!!!!!!!!!!!!!!!!!!!!!!!!!!!!!!!!!!!!!!!!!!!!!!!!!!!!!
20210310 031833.091 INFO             PET0 !!! THE ESMF_LOG IS SET TO OUTPUT ALL LOG MESSAGES !!!
20210310 031833.091 INFO             PET0 !!!     THIS MAY CAUSE SLOWDOWN IN PERFORMANCE     !!!
20210310 031833.091 INFO             PET0 !!! FOR PRODUCTION RUNS, USE:                      !!!
20210310 031833.091 INFO             PET0 !!!                   ESMF_LOGKIND_Multi_On_Error  !!!
20210310 031833.091 INFO             PET0 !!!!!!!!!!!!!!!!!!!!!!!!!!!!!!!!!!!!!!!!!!!!!!!!!!!!!!
20210310 031833.091 INFO             PET0 Running with ESMF Version   : ESMF_8_1_0_beta_snapshot_47-24-g533f371
20210310 031833.091 INFO             PET0 ESMF library build date/time: "Mar 10 2021" "02:31:56"
20210310 031833.091 INFO             PET0 ESMF library build location : /work/noaa/da/mpotts/sandbox/intel_2020_intelmpi_g
20210310 031833.091 INFO             PET0 ESMF_COMM                   : intelmpi
20210310 031833.092 INFO             PET0 ESMF_MOAB                   : enabled
20210310 031833.092 INFO             PET0 ESMF_LAPACK                 : enabled
20210310 031833.092 INFO             PET0 ESMF_NETCDF                 : enabled
20210310 031833.092 INFO             PET0 ESMF_PNETCDF                : disabled
20210310 031833.092 INFO             PET0 ESMF_PIO                    : enabled
20210310 031833.092 INFO             PET0 ESMF_YAMLCPP                : enabled
20210310 031833.092 INFO             PET0  NUMBER_OF_PROCESSORS           2
20210310 031833.092 INFO             PET0  PASS  Example ESMF_VMUserMpiCommEx, ESMF_VMUserMpiCommEx.F90, line 113
20210310 031833.092 INFO             PET0 Finalizing ESMF
20210310 031833.090 INFO             PET1 !!!!!!!!!!!!!!!!!!!!!!!!!!!!!!!!!!!!!!!!!!!!!!!!!!!!!!
20210310 031833.090 INFO             PET1 !!! THE ESMF_LOG IS SET TO OUTPUT ALL LOG MESSAGES !!!
20210310 031833.090 INFO             PET1 !!!     THIS MAY CAUSE SLOWDOWN IN PERFORMANCE     !!!
20210310 031833.090 INFO             PET1 !!! FOR PRODUCTION RUNS, USE:                      !!!
20210310 031833.090 INFO             PET1 !!!                   ESMF_LOGKIND_Multi_On_Error  !!!
20210310 031833.090 INFO             PET1 !!!!!!!!!!!!!!!!!!!!!!!!!!!!!!!!!!!!!!!!!!!!!!!!!!!!!!
20210310 031833.090 INFO             PET1 Running with ESMF Version   : ESMF_8_1_0_beta_snapshot_47-24-g533f371
20210310 031833.090 INFO             PET1 ESMF library build date/time: "Mar 10 2021" "02:31:56"
20210310 031833.090 INFO             PET1 ESMF library build location : /work/noaa/da/mpotts/sandbox/intel_2020_intelmpi_g
20210310 031833.090 INFO             PET1 ESMF_COMM                   : intelmpi
20210310 031833.091 INFO             PET1 ESMF_MOAB                   : enabled
20210310 031833.092 INFO             PET1 ESMF_LAPACK                 : enabled
20210310 031833.092 INFO             PET1 ESMF_NETCDF                 : enabled
20210310 031833.092 INFO             PET1 ESMF_PNETCDF                : disabled
20210310 031833.092 INFO             PET1 ESMF_PIO                    : enabled
20210310 031833.092 INFO             PET1 ESMF_YAMLCPP                : enabled
20210310 031833.092 INFO             PET1  NUMBER_OF_PROCESSORS           2
20210310 031833.092 INFO             PET1  PASS  Example ESMF_VMUserMpiCommEx, ESMF_VMUserMpiCommEx.F90, line 113
20210310 031833.092 INFO             PET1 Finalizing ESMF
