20210312 031104.192 INFO             PET0 !!!!!!!!!!!!!!!!!!!!!!!!!!!!!!!!!!!!!!!!!!!!!!!!!!!!!!
20210312 031104.192 INFO             PET0 !!! THE ESMF_LOG IS SET TO OUTPUT ALL LOG MESSAGES !!!
20210312 031104.192 INFO             PET0 !!!     THIS MAY CAUSE SLOWDOWN IN PERFORMANCE     !!!
20210312 031104.192 INFO             PET0 !!! FOR PRODUCTION RUNS, USE:                      !!!
20210312 031104.192 INFO             PET0 !!!                   ESMF_LOGKIND_Multi_On_Error  !!!
20210312 031104.192 INFO             PET0 !!!!!!!!!!!!!!!!!!!!!!!!!!!!!!!!!!!!!!!!!!!!!!!!!!!!!!
20210312 031104.192 INFO             PET0 Running with ESMF Version   : ESMF_8_1_0_beta_snapshot_47-30-g1cba37d
20210312 031104.192 INFO             PET0 ESMF library build date/time: "Mar 12 2021" "02:38:13"
20210312 031104.192 INFO             PET0 ESMF library build location : /work/noaa/da/mpotts/sandbox/intel_2020_intelmpi_g
20210312 031104.192 INFO             PET0 ESMF_COMM                   : intelmpi
20210312 031104.193 INFO             PET0 ESMF_MOAB                   : enabled
20210312 031104.193 INFO             PET0 ESMF_LAPACK                 : enabled
20210312 031104.193 INFO             PET0 ESMF_NETCDF                 : enabled
20210312 031104.193 INFO             PET0 ESMF_PNETCDF                : disabled
20210312 031104.193 INFO             PET0 ESMF_PIO                    : enabled
20210312 031104.193 INFO             PET0 ESMF_YAMLCPP                : enabled
20210312 031104.195 INFO             PET0  NUMBER_OF_PROCESSORS           4
20210312 031104.195 INFO             PET0  PASS  Example ESMF_ArrayLarrayEx, ESMF_ArrayLarrayEx.F90, line 325
20210312 031104.195 INFO             PET0 Finalizing ESMF
20210312 031104.191 INFO             PET1 !!!!!!!!!!!!!!!!!!!!!!!!!!!!!!!!!!!!!!!!!!!!!!!!!!!!!!
20210312 031104.191 INFO             PET1 !!! THE ESMF_LOG IS SET TO OUTPUT ALL LOG MESSAGES !!!
20210312 031104.191 INFO             PET1 !!!     THIS MAY CAUSE SLOWDOWN IN PERFORMANCE     !!!
20210312 031104.191 INFO             PET1 !!! FOR PRODUCTION RUNS, USE:                      !!!
20210312 031104.191 INFO             PET1 !!!                   ESMF_LOGKIND_Multi_On_Error  !!!
20210312 031104.191 INFO             PET1 !!!!!!!!!!!!!!!!!!!!!!!!!!!!!!!!!!!!!!!!!!!!!!!!!!!!!!
20210312 031104.191 INFO             PET1 Running with ESMF Version   : ESMF_8_1_0_beta_snapshot_47-30-g1cba37d
20210312 031104.191 INFO             PET1 ESMF library build date/time: "Mar 12 2021" "02:38:13"
20210312 031104.191 INFO             PET1 ESMF library build location : /work/noaa/da/mpotts/sandbox/intel_2020_intelmpi_g
20210312 031104.191 INFO             PET1 ESMF_COMM                   : intelmpi
20210312 031104.192 INFO             PET1 ESMF_MOAB                   : enabled
20210312 031104.192 INFO             PET1 ESMF_LAPACK                 : enabled
20210312 031104.192 INFO             PET1 ESMF_NETCDF                 : enabled
20210312 031104.192 INFO             PET1 ESMF_PNETCDF                : disabled
20210312 031104.192 INFO             PET1 ESMF_PIO                    : enabled
20210312 031104.192 INFO             PET1 ESMF_YAMLCPP                : enabled
20210312 031104.195 INFO             PET1  NUMBER_OF_PROCESSORS           4
20210312 031104.195 INFO             PET1  PASS  Example ESMF_ArrayLarrayEx, ESMF_ArrayLarrayEx.F90, line 325
20210312 031104.195 INFO             PET1 Finalizing ESMF
20210312 031104.192 INFO             PET2 !!!!!!!!!!!!!!!!!!!!!!!!!!!!!!!!!!!!!!!!!!!!!!!!!!!!!!
20210312 031104.192 INFO             PET2 !!! THE ESMF_LOG IS SET TO OUTPUT ALL LOG MESSAGES !!!
20210312 031104.192 INFO             PET2 !!!     THIS MAY CAUSE SLOWDOWN IN PERFORMANCE     !!!
20210312 031104.192 INFO             PET2 !!! FOR PRODUCTION RUNS, USE:                      !!!
20210312 031104.192 INFO             PET2 !!!                   ESMF_LOGKIND_Multi_On_Error  !!!
20210312 031104.192 INFO             PET2 !!!!!!!!!!!!!!!!!!!!!!!!!!!!!!!!!!!!!!!!!!!!!!!!!!!!!!
20210312 031104.192 INFO             PET2 Running with ESMF Version   : ESMF_8_1_0_beta_snapshot_47-30-g1cba37d
20210312 031104.192 INFO             PET2 ESMF library build date/time: "Mar 12 2021" "02:38:13"
20210312 031104.192 INFO             PET2 ESMF library build location : /work/noaa/da/mpotts/sandbox/intel_2020_intelmpi_g
20210312 031104.192 INFO             PET2 ESMF_COMM                   : intelmpi
20210312 031104.193 INFO             PET2 ESMF_MOAB                   : enabled
20210312 031104.193 INFO             PET2 ESMF_LAPACK                 : enabled
20210312 031104.193 INFO             PET2 ESMF_NETCDF                 : enabled
20210312 031104.193 INFO             PET2 ESMF_PNETCDF                : disabled
20210312 031104.193 INFO             PET2 ESMF_PIO                    : enabled
20210312 031104.193 INFO             PET2 ESMF_YAMLCPP                : enabled
20210312 031104.195 INFO             PET2  NUMBER_OF_PROCESSORS           4
20210312 031104.195 INFO             PET2  PASS  Example ESMF_ArrayLarrayEx, ESMF_ArrayLarrayEx.F90, line 325
20210312 031104.195 INFO             PET2 Finalizing ESMF
20210312 031104.191 INFO             PET3 !!!!!!!!!!!!!!!!!!!!!!!!!!!!!!!!!!!!!!!!!!!!!!!!!!!!!!
20210312 031104.191 INFO             PET3 !!! THE ESMF_LOG IS SET TO OUTPUT ALL LOG MESSAGES !!!
20210312 031104.191 INFO             PET3 !!!     THIS MAY CAUSE SLOWDOWN IN PERFORMANCE     !!!
20210312 031104.191 INFO             PET3 !!! FOR PRODUCTION RUNS, USE:                      !!!
20210312 031104.191 INFO             PET3 !!!                   ESMF_LOGKIND_Multi_On_Error  !!!
20210312 031104.191 INFO             PET3 !!!!!!!!!!!!!!!!!!!!!!!!!!!!!!!!!!!!!!!!!!!!!!!!!!!!!!
20210312 031104.191 INFO             PET3 Running with ESMF Version   : ESMF_8_1_0_beta_snapshot_47-30-g1cba37d
20210312 031104.191 INFO             PET3 ESMF library build date/time: "Mar 12 2021" "02:38:13"
20210312 031104.191 INFO             PET3 ESMF library build location : /work/noaa/da/mpotts/sandbox/intel_2020_intelmpi_g
20210312 031104.191 INFO             PET3 ESMF_COMM                   : intelmpi
20210312 031104.192 INFO             PET3 ESMF_MOAB                   : enabled
20210312 031104.192 INFO             PET3 ESMF_LAPACK                 : enabled
20210312 031104.192 INFO             PET3 ESMF_NETCDF                 : enabled
20210312 031104.192 INFO             PET3 ESMF_PNETCDF                : disabled
20210312 031104.192 INFO             PET3 ESMF_PIO                    : enabled
20210312 031104.192 INFO             PET3 ESMF_YAMLCPP                : enabled
20210312 031104.195 INFO             PET3  NUMBER_OF_PROCESSORS           4
20210312 031104.195 INFO             PET3  PASS  Example ESMF_ArrayLarrayEx, ESMF_ArrayLarrayEx.F90, line 325
20210312 031104.195 INFO             PET3 Finalizing ESMF
