20210319 030808.159 INFO             PET0 !!!!!!!!!!!!!!!!!!!!!!!!!!!!!!!!!!!!!!!!!!!!!!!!!!!!!!
20210319 030808.159 INFO             PET0 !!! THE ESMF_LOG IS SET TO OUTPUT ALL LOG MESSAGES !!!
20210319 030808.159 INFO             PET0 !!!     THIS MAY CAUSE SLOWDOWN IN PERFORMANCE     !!!
20210319 030808.159 INFO             PET0 !!! FOR PRODUCTION RUNS, USE:                      !!!
20210319 030808.159 INFO             PET0 !!!                   ESMF_LOGKIND_Multi_On_Error  !!!
20210319 030808.159 INFO             PET0 !!!!!!!!!!!!!!!!!!!!!!!!!!!!!!!!!!!!!!!!!!!!!!!!!!!!!!
20210319 030808.159 INFO             PET0 Running with ESMF Version   : ESMF_8_1_0_beta_snapshot_47-55-g845ba43
20210319 030808.159 INFO             PET0 ESMF library build date/time: "Mar 19 2021" "02:33:36"
20210319 030808.159 INFO             PET0 ESMF library build location : /work/noaa/da/mpotts/sandbox/intel_2020_intelmpi_g
20210319 030808.159 INFO             PET0 ESMF_COMM                   : intelmpi
20210319 030808.160 INFO             PET0 ESMF_MOAB                   : enabled
20210319 030808.160 INFO             PET0 ESMF_LAPACK                 : enabled
20210319 030808.160 INFO             PET0 ESMF_NETCDF                 : enabled
20210319 030808.160 INFO             PET0 ESMF_PNETCDF                : disabled
20210319 030808.160 INFO             PET0 ESMF_PIO                    : enabled
20210319 030808.160 INFO             PET0 ESMF_YAMLCPP                : enabled
20210319 030808.336 INFO             PET0  NUMBER_OF_PROCESSORS           4
20210319 030808.336 INFO             PET0  PASS  Example ESMF_RHandleDynamicMaskingEx, ESMF_RHandleDynamicMaskingEx.F90, line 1116
20210319 030808.336 INFO             PET0 Finalizing ESMF
20210319 030808.159 INFO             PET1 !!!!!!!!!!!!!!!!!!!!!!!!!!!!!!!!!!!!!!!!!!!!!!!!!!!!!!
20210319 030808.159 INFO             PET1 !!! THE ESMF_LOG IS SET TO OUTPUT ALL LOG MESSAGES !!!
20210319 030808.159 INFO             PET1 !!!     THIS MAY CAUSE SLOWDOWN IN PERFORMANCE     !!!
20210319 030808.159 INFO             PET1 !!! FOR PRODUCTION RUNS, USE:                      !!!
20210319 030808.159 INFO             PET1 !!!                   ESMF_LOGKIND_Multi_On_Error  !!!
20210319 030808.159 INFO             PET1 !!!!!!!!!!!!!!!!!!!!!!!!!!!!!!!!!!!!!!!!!!!!!!!!!!!!!!
20210319 030808.159 INFO             PET1 Running with ESMF Version   : ESMF_8_1_0_beta_snapshot_47-55-g845ba43
20210319 030808.159 INFO             PET1 ESMF library build date/time: "Mar 19 2021" "02:33:36"
20210319 030808.159 INFO             PET1 ESMF library build location : /work/noaa/da/mpotts/sandbox/intel_2020_intelmpi_g
20210319 030808.159 INFO             PET1 ESMF_COMM                   : intelmpi
20210319 030808.160 INFO             PET1 ESMF_MOAB                   : enabled
20210319 030808.160 INFO             PET1 ESMF_LAPACK                 : enabled
20210319 030808.160 INFO             PET1 ESMF_NETCDF                 : enabled
20210319 030808.160 INFO             PET1 ESMF_PNETCDF                : disabled
20210319 030808.160 INFO             PET1 ESMF_PIO                    : enabled
20210319 030808.160 INFO             PET1 ESMF_YAMLCPP                : enabled
20210319 030808.336 INFO             PET1  NUMBER_OF_PROCESSORS           4
20210319 030808.336 INFO             PET1  PASS  Example ESMF_RHandleDynamicMaskingEx, ESMF_RHandleDynamicMaskingEx.F90, line 1116
20210319 030808.336 INFO             PET1 Finalizing ESMF
20210319 030808.159 INFO             PET2 !!!!!!!!!!!!!!!!!!!!!!!!!!!!!!!!!!!!!!!!!!!!!!!!!!!!!!
20210319 030808.159 INFO             PET2 !!! THE ESMF_LOG IS SET TO OUTPUT ALL LOG MESSAGES !!!
20210319 030808.159 INFO             PET2 !!!     THIS MAY CAUSE SLOWDOWN IN PERFORMANCE     !!!
20210319 030808.159 INFO             PET2 !!! FOR PRODUCTION RUNS, USE:                      !!!
20210319 030808.159 INFO             PET2 !!!                   ESMF_LOGKIND_Multi_On_Error  !!!
20210319 030808.159 INFO             PET2 !!!!!!!!!!!!!!!!!!!!!!!!!!!!!!!!!!!!!!!!!!!!!!!!!!!!!!
20210319 030808.159 INFO             PET2 Running with ESMF Version   : ESMF_8_1_0_beta_snapshot_47-55-g845ba43
20210319 030808.159 INFO             PET2 ESMF library build date/time: "Mar 19 2021" "02:33:36"
20210319 030808.159 INFO             PET2 ESMF library build location : /work/noaa/da/mpotts/sandbox/intel_2020_intelmpi_g
20210319 030808.159 INFO             PET2 ESMF_COMM                   : intelmpi
20210319 030808.160 INFO             PET2 ESMF_MOAB                   : enabled
20210319 030808.160 INFO             PET2 ESMF_LAPACK                 : enabled
20210319 030808.160 INFO             PET2 ESMF_NETCDF                 : enabled
20210319 030808.160 INFO             PET2 ESMF_PNETCDF                : disabled
20210319 030808.160 INFO             PET2 ESMF_PIO                    : enabled
20210319 030808.160 INFO             PET2 ESMF_YAMLCPP                : enabled
20210319 030808.336 INFO             PET2  NUMBER_OF_PROCESSORS           4
20210319 030808.336 INFO             PET2  PASS  Example ESMF_RHandleDynamicMaskingEx, ESMF_RHandleDynamicMaskingEx.F90, line 1116
20210319 030808.336 INFO             PET2 Finalizing ESMF
20210319 030808.159 INFO             PET3 !!!!!!!!!!!!!!!!!!!!!!!!!!!!!!!!!!!!!!!!!!!!!!!!!!!!!!
20210319 030808.159 INFO             PET3 !!! THE ESMF_LOG IS SET TO OUTPUT ALL LOG MESSAGES !!!
20210319 030808.159 INFO             PET3 !!!     THIS MAY CAUSE SLOWDOWN IN PERFORMANCE     !!!
20210319 030808.159 INFO             PET3 !!! FOR PRODUCTION RUNS, USE:                      !!!
20210319 030808.159 INFO             PET3 !!!                   ESMF_LOGKIND_Multi_On_Error  !!!
20210319 030808.159 INFO             PET3 !!!!!!!!!!!!!!!!!!!!!!!!!!!!!!!!!!!!!!!!!!!!!!!!!!!!!!
20210319 030808.159 INFO             PET3 Running with ESMF Version   : ESMF_8_1_0_beta_snapshot_47-55-g845ba43
20210319 030808.159 INFO             PET3 ESMF library build date/time: "Mar 19 2021" "02:33:36"
20210319 030808.159 INFO             PET3 ESMF library build location : /work/noaa/da/mpotts/sandbox/intel_2020_intelmpi_g
20210319 030808.159 INFO             PET3 ESMF_COMM                   : intelmpi
20210319 030808.160 INFO             PET3 ESMF_MOAB                   : enabled
20210319 030808.160 INFO             PET3 ESMF_LAPACK                 : enabled
20210319 030808.160 INFO             PET3 ESMF_NETCDF                 : enabled
20210319 030808.160 INFO             PET3 ESMF_PNETCDF                : disabled
20210319 030808.160 INFO             PET3 ESMF_PIO                    : enabled
20210319 030808.160 INFO             PET3 ESMF_YAMLCPP                : enabled
20210319 030808.336 INFO             PET3  NUMBER_OF_PROCESSORS           4
20210319 030808.336 INFO             PET3  PASS  Example ESMF_RHandleDynamicMaskingEx, ESMF_RHandleDynamicMaskingEx.F90, line 1116
20210319 030808.336 INFO             PET3 Finalizing ESMF
